[2025-04-02T19:03:09.898+0000] {processor.py:186} INFO - Started process (PID=104) to work on /home/airflow/.local/lib/python3.12/site-packages/airflow/example_dags/example_time_delta_sensor_async.py
[2025-04-02T19:03:09.900+0000] {processor.py:914} INFO - Processing file /home/airflow/.local/lib/python3.12/site-packages/airflow/example_dags/example_time_delta_sensor_async.py for tasks to queue
[2025-04-02T19:03:09.918+0000] {logging_mixin.py:190} INFO - [2025-04-02T19:03:09.917+0000] {dagbag.py:588} INFO - Filling up the DagBag from /home/airflow/.local/lib/python3.12/site-packages/airflow/example_dags/example_time_delta_sensor_async.py
[2025-04-02T19:03:09.957+0000] {processor.py:925} INFO - DAG(s) 'example_time_delta_sensor_async' retrieved from /home/airflow/.local/lib/python3.12/site-packages/airflow/example_dags/example_time_delta_sensor_async.py
[2025-04-02T19:03:10.897+0000] {logging_mixin.py:190} INFO - [2025-04-02T19:03:10.896+0000] {override.py:1912} INFO - Created Permission View: can delete on DAG:example_time_delta_sensor_async
[2025-04-02T19:03:11.041+0000] {logging_mixin.py:190} INFO - [2025-04-02T19:03:11.041+0000] {override.py:1912} INFO - Created Permission View: can edit on DAG:example_time_delta_sensor_async
[2025-04-02T19:03:11.092+0000] {logging_mixin.py:190} INFO - [2025-04-02T19:03:11.091+0000] {override.py:1912} INFO - Created Permission View: can read on DAG:example_time_delta_sensor_async
[2025-04-02T19:03:11.146+0000] {logging_mixin.py:190} INFO - [2025-04-02T19:03:11.145+0000] {override.py:1912} INFO - Created Permission View: can delete on DAG Run:example_time_delta_sensor_async
[2025-04-02T19:03:11.203+0000] {logging_mixin.py:190} INFO - [2025-04-02T19:03:11.202+0000] {override.py:1912} INFO - Created Permission View: can read on DAG Run:example_time_delta_sensor_async
[2025-04-02T19:03:11.297+0000] {logging_mixin.py:190} INFO - [2025-04-02T19:03:11.295+0000] {override.py:1912} INFO - Created Permission View: can create on DAG Run:example_time_delta_sensor_async
[2025-04-02T19:03:11.390+0000] {logging_mixin.py:190} INFO - [2025-04-02T19:03:11.389+0000] {override.py:1912} INFO - Created Permission View: menu access on DAG Run:example_time_delta_sensor_async
[2025-04-02T19:03:11.392+0000] {logging_mixin.py:190} INFO - [2025-04-02T19:03:11.391+0000] {dag.py:3239} INFO - Sync 1 DAGs
[2025-04-02T19:03:11.509+0000] {logging_mixin.py:190} INFO - [2025-04-02T19:03:11.509+0000] {dag.py:3262} INFO - Creating ORM DAG for example_time_delta_sensor_async
[2025-04-02T19:03:11.521+0000] {logging_mixin.py:190} INFO - [2025-04-02T19:03:11.521+0000] {dag.py:4180} INFO - Setting next_dagrun for example_time_delta_sensor_async to None, run_after=None
[2025-04-02T19:03:11.661+0000] {processor.py:208} INFO - Processing /home/airflow/.local/lib/python3.12/site-packages/airflow/example_dags/example_time_delta_sensor_async.py took 1.827 seconds
[2025-04-02T19:04:28.402+0000] {processor.py:186} INFO - Started process (PID=179) to work on /home/airflow/.local/lib/python3.12/site-packages/airflow/example_dags/example_time_delta_sensor_async.py
[2025-04-02T19:04:28.416+0000] {processor.py:914} INFO - Processing file /home/airflow/.local/lib/python3.12/site-packages/airflow/example_dags/example_time_delta_sensor_async.py for tasks to queue
[2025-04-02T19:04:28.439+0000] {logging_mixin.py:190} INFO - [2025-04-02T19:04:28.438+0000] {dagbag.py:588} INFO - Filling up the DagBag from /home/airflow/.local/lib/python3.12/site-packages/airflow/example_dags/example_time_delta_sensor_async.py
[2025-04-02T19:04:28.506+0000] {processor.py:925} INFO - DAG(s) 'example_time_delta_sensor_async' retrieved from /home/airflow/.local/lib/python3.12/site-packages/airflow/example_dags/example_time_delta_sensor_async.py
[2025-04-02T19:04:28.757+0000] {logging_mixin.py:190} INFO - [2025-04-02T19:04:28.756+0000] {dag.py:3239} INFO - Sync 1 DAGs
[2025-04-02T19:04:28.970+0000] {logging_mixin.py:190} INFO - [2025-04-02T19:04:28.970+0000] {dag.py:4180} INFO - Setting next_dagrun for example_time_delta_sensor_async to None, run_after=None
[2025-04-02T19:04:29.380+0000] {processor.py:208} INFO - Processing /home/airflow/.local/lib/python3.12/site-packages/airflow/example_dags/example_time_delta_sensor_async.py took 1.008 seconds
[2025-04-02T19:04:59.868+0000] {processor.py:186} INFO - Started process (PID=241) to work on /home/airflow/.local/lib/python3.12/site-packages/airflow/example_dags/example_time_delta_sensor_async.py
[2025-04-02T19:04:59.870+0000] {processor.py:914} INFO - Processing file /home/airflow/.local/lib/python3.12/site-packages/airflow/example_dags/example_time_delta_sensor_async.py for tasks to queue
[2025-04-02T19:04:59.875+0000] {logging_mixin.py:190} INFO - [2025-04-02T19:04:59.874+0000] {dagbag.py:588} INFO - Filling up the DagBag from /home/airflow/.local/lib/python3.12/site-packages/airflow/example_dags/example_time_delta_sensor_async.py
[2025-04-02T19:04:59.894+0000] {processor.py:925} INFO - DAG(s) 'example_time_delta_sensor_async' retrieved from /home/airflow/.local/lib/python3.12/site-packages/airflow/example_dags/example_time_delta_sensor_async.py
[2025-04-02T19:04:59.946+0000] {logging_mixin.py:190} INFO - [2025-04-02T19:04:59.945+0000] {dag.py:3239} INFO - Sync 1 DAGs
[2025-04-02T19:05:00.089+0000] {logging_mixin.py:190} INFO - [2025-04-02T19:05:00.088+0000] {dag.py:4180} INFO - Setting next_dagrun for example_time_delta_sensor_async to None, run_after=None
[2025-04-02T19:05:00.162+0000] {processor.py:208} INFO - Processing /home/airflow/.local/lib/python3.12/site-packages/airflow/example_dags/example_time_delta_sensor_async.py took 0.311 seconds
[2025-04-02T19:05:34.901+0000] {processor.py:186} INFO - Started process (PID=303) to work on /home/airflow/.local/lib/python3.12/site-packages/airflow/example_dags/example_time_delta_sensor_async.py
[2025-04-02T19:05:34.906+0000] {processor.py:914} INFO - Processing file /home/airflow/.local/lib/python3.12/site-packages/airflow/example_dags/example_time_delta_sensor_async.py for tasks to queue
[2025-04-02T19:05:34.914+0000] {logging_mixin.py:190} INFO - [2025-04-02T19:05:34.913+0000] {dagbag.py:588} INFO - Filling up the DagBag from /home/airflow/.local/lib/python3.12/site-packages/airflow/example_dags/example_time_delta_sensor_async.py
[2025-04-02T19:05:34.939+0000] {processor.py:925} INFO - DAG(s) 'example_time_delta_sensor_async' retrieved from /home/airflow/.local/lib/python3.12/site-packages/airflow/example_dags/example_time_delta_sensor_async.py
[2025-04-02T19:05:35.000+0000] {logging_mixin.py:190} INFO - [2025-04-02T19:05:34.999+0000] {dag.py:3239} INFO - Sync 1 DAGs
[2025-04-02T19:05:35.053+0000] {logging_mixin.py:190} INFO - [2025-04-02T19:05:35.053+0000] {dag.py:4180} INFO - Setting next_dagrun for example_time_delta_sensor_async to None, run_after=None
[2025-04-02T19:05:35.167+0000] {processor.py:208} INFO - Processing /home/airflow/.local/lib/python3.12/site-packages/airflow/example_dags/example_time_delta_sensor_async.py took 0.302 seconds
[2025-04-02T19:06:05.461+0000] {processor.py:186} INFO - Started process (PID=367) to work on /home/airflow/.local/lib/python3.12/site-packages/airflow/example_dags/example_time_delta_sensor_async.py
[2025-04-02T19:06:05.464+0000] {processor.py:914} INFO - Processing file /home/airflow/.local/lib/python3.12/site-packages/airflow/example_dags/example_time_delta_sensor_async.py for tasks to queue
[2025-04-02T19:06:05.475+0000] {logging_mixin.py:190} INFO - [2025-04-02T19:06:05.474+0000] {dagbag.py:588} INFO - Filling up the DagBag from /home/airflow/.local/lib/python3.12/site-packages/airflow/example_dags/example_time_delta_sensor_async.py
[2025-04-02T19:06:05.498+0000] {processor.py:925} INFO - DAG(s) 'example_time_delta_sensor_async' retrieved from /home/airflow/.local/lib/python3.12/site-packages/airflow/example_dags/example_time_delta_sensor_async.py
[2025-04-02T19:06:05.555+0000] {logging_mixin.py:190} INFO - [2025-04-02T19:06:05.554+0000] {dag.py:3239} INFO - Sync 1 DAGs
[2025-04-02T19:06:05.585+0000] {logging_mixin.py:190} INFO - [2025-04-02T19:06:05.585+0000] {dag.py:4180} INFO - Setting next_dagrun for example_time_delta_sensor_async to None, run_after=None
[2025-04-02T19:06:05.625+0000] {processor.py:208} INFO - Processing /home/airflow/.local/lib/python3.12/site-packages/airflow/example_dags/example_time_delta_sensor_async.py took 0.186 seconds
[2025-04-02T19:06:41.679+0000] {processor.py:186} INFO - Started process (PID=415) to work on /home/airflow/.local/lib/python3.12/site-packages/airflow/example_dags/example_time_delta_sensor_async.py
[2025-04-02T19:06:41.681+0000] {processor.py:914} INFO - Processing file /home/airflow/.local/lib/python3.12/site-packages/airflow/example_dags/example_time_delta_sensor_async.py for tasks to queue
[2025-04-02T19:06:41.686+0000] {logging_mixin.py:190} INFO - [2025-04-02T19:06:41.685+0000] {dagbag.py:588} INFO - Filling up the DagBag from /home/airflow/.local/lib/python3.12/site-packages/airflow/example_dags/example_time_delta_sensor_async.py
[2025-04-02T19:06:41.704+0000] {processor.py:925} INFO - DAG(s) 'example_time_delta_sensor_async' retrieved from /home/airflow/.local/lib/python3.12/site-packages/airflow/example_dags/example_time_delta_sensor_async.py
[2025-04-02T19:06:41.771+0000] {logging_mixin.py:190} INFO - [2025-04-02T19:06:41.771+0000] {dag.py:3239} INFO - Sync 1 DAGs
[2025-04-02T19:06:41.842+0000] {logging_mixin.py:190} INFO - [2025-04-02T19:06:41.841+0000] {dag.py:4180} INFO - Setting next_dagrun for example_time_delta_sensor_async to None, run_after=None
[2025-04-02T19:06:41.889+0000] {processor.py:208} INFO - Processing /home/airflow/.local/lib/python3.12/site-packages/airflow/example_dags/example_time_delta_sensor_async.py took 0.238 seconds
[2025-04-02T19:07:18.433+0000] {processor.py:186} INFO - Started process (PID=472) to work on /home/airflow/.local/lib/python3.12/site-packages/airflow/example_dags/example_time_delta_sensor_async.py
[2025-04-02T19:07:18.449+0000] {processor.py:914} INFO - Processing file /home/airflow/.local/lib/python3.12/site-packages/airflow/example_dags/example_time_delta_sensor_async.py for tasks to queue
[2025-04-02T19:07:18.466+0000] {logging_mixin.py:190} INFO - [2025-04-02T19:07:18.465+0000] {dagbag.py:588} INFO - Filling up the DagBag from /home/airflow/.local/lib/python3.12/site-packages/airflow/example_dags/example_time_delta_sensor_async.py
[2025-04-02T19:07:18.496+0000] {processor.py:925} INFO - DAG(s) 'example_time_delta_sensor_async' retrieved from /home/airflow/.local/lib/python3.12/site-packages/airflow/example_dags/example_time_delta_sensor_async.py
[2025-04-02T19:07:18.606+0000] {logging_mixin.py:190} INFO - [2025-04-02T19:07:18.605+0000] {dag.py:3239} INFO - Sync 1 DAGs
[2025-04-02T19:07:18.785+0000] {logging_mixin.py:190} INFO - [2025-04-02T19:07:18.785+0000] {dag.py:4180} INFO - Setting next_dagrun for example_time_delta_sensor_async to None, run_after=None
[2025-04-02T19:07:19.054+0000] {processor.py:208} INFO - Processing /home/airflow/.local/lib/python3.12/site-packages/airflow/example_dags/example_time_delta_sensor_async.py took 0.723 seconds
[2025-04-02T19:07:53.091+0000] {processor.py:186} INFO - Started process (PID=535) to work on /home/airflow/.local/lib/python3.12/site-packages/airflow/example_dags/example_time_delta_sensor_async.py
[2025-04-02T19:07:53.093+0000] {processor.py:914} INFO - Processing file /home/airflow/.local/lib/python3.12/site-packages/airflow/example_dags/example_time_delta_sensor_async.py for tasks to queue
[2025-04-02T19:07:53.099+0000] {logging_mixin.py:190} INFO - [2025-04-02T19:07:53.098+0000] {dagbag.py:588} INFO - Filling up the DagBag from /home/airflow/.local/lib/python3.12/site-packages/airflow/example_dags/example_time_delta_sensor_async.py
[2025-04-02T19:07:53.116+0000] {processor.py:925} INFO - DAG(s) 'example_time_delta_sensor_async' retrieved from /home/airflow/.local/lib/python3.12/site-packages/airflow/example_dags/example_time_delta_sensor_async.py
[2025-04-02T19:07:53.223+0000] {logging_mixin.py:190} INFO - [2025-04-02T19:07:53.223+0000] {dag.py:3239} INFO - Sync 1 DAGs
[2025-04-02T19:07:53.318+0000] {logging_mixin.py:190} INFO - [2025-04-02T19:07:53.318+0000] {dag.py:4180} INFO - Setting next_dagrun for example_time_delta_sensor_async to None, run_after=None
[2025-04-02T19:07:53.368+0000] {processor.py:208} INFO - Processing /home/airflow/.local/lib/python3.12/site-packages/airflow/example_dags/example_time_delta_sensor_async.py took 0.294 seconds
[2025-04-02T19:08:35.680+0000] {processor.py:186} INFO - Started process (PID=604) to work on /home/airflow/.local/lib/python3.12/site-packages/airflow/example_dags/example_time_delta_sensor_async.py
[2025-04-02T19:08:35.690+0000] {processor.py:914} INFO - Processing file /home/airflow/.local/lib/python3.12/site-packages/airflow/example_dags/example_time_delta_sensor_async.py for tasks to queue
[2025-04-02T19:08:35.719+0000] {logging_mixin.py:190} INFO - [2025-04-02T19:08:35.718+0000] {dagbag.py:588} INFO - Filling up the DagBag from /home/airflow/.local/lib/python3.12/site-packages/airflow/example_dags/example_time_delta_sensor_async.py
[2025-04-02T19:08:35.794+0000] {processor.py:925} INFO - DAG(s) 'example_time_delta_sensor_async' retrieved from /home/airflow/.local/lib/python3.12/site-packages/airflow/example_dags/example_time_delta_sensor_async.py
[2025-04-02T19:08:35.976+0000] {logging_mixin.py:190} INFO - [2025-04-02T19:08:35.967+0000] {dag.py:3239} INFO - Sync 1 DAGs
[2025-04-02T19:08:36.166+0000] {logging_mixin.py:190} INFO - [2025-04-02T19:08:36.166+0000] {dag.py:4180} INFO - Setting next_dagrun for example_time_delta_sensor_async to None, run_after=None
[2025-04-02T19:08:36.366+0000] {processor.py:208} INFO - Processing /home/airflow/.local/lib/python3.12/site-packages/airflow/example_dags/example_time_delta_sensor_async.py took 0.742 seconds
[2025-04-02T19:09:28.449+0000] {processor.py:186} INFO - Started process (PID=669) to work on /home/airflow/.local/lib/python3.12/site-packages/airflow/example_dags/example_time_delta_sensor_async.py
[2025-04-02T19:09:28.477+0000] {processor.py:914} INFO - Processing file /home/airflow/.local/lib/python3.12/site-packages/airflow/example_dags/example_time_delta_sensor_async.py for tasks to queue
[2025-04-02T19:09:28.497+0000] {logging_mixin.py:190} INFO - [2025-04-02T19:09:28.496+0000] {dagbag.py:588} INFO - Filling up the DagBag from /home/airflow/.local/lib/python3.12/site-packages/airflow/example_dags/example_time_delta_sensor_async.py
[2025-04-02T19:09:28.656+0000] {processor.py:925} INFO - DAG(s) 'example_time_delta_sensor_async' retrieved from /home/airflow/.local/lib/python3.12/site-packages/airflow/example_dags/example_time_delta_sensor_async.py
[2025-04-02T19:09:28.929+0000] {logging_mixin.py:190} INFO - [2025-04-02T19:09:28.928+0000] {dag.py:3239} INFO - Sync 1 DAGs
[2025-04-02T19:09:29.184+0000] {logging_mixin.py:190} INFO - [2025-04-02T19:09:29.183+0000] {dag.py:4180} INFO - Setting next_dagrun for example_time_delta_sensor_async to None, run_after=None
[2025-04-02T19:09:29.665+0000] {processor.py:208} INFO - Processing /home/airflow/.local/lib/python3.12/site-packages/airflow/example_dags/example_time_delta_sensor_async.py took 1.298 seconds
[2025-04-02T19:10:36.910+0000] {processor.py:186} INFO - Started process (PID=741) to work on /home/airflow/.local/lib/python3.12/site-packages/airflow/example_dags/example_time_delta_sensor_async.py
[2025-04-02T19:10:36.918+0000] {processor.py:914} INFO - Processing file /home/airflow/.local/lib/python3.12/site-packages/airflow/example_dags/example_time_delta_sensor_async.py for tasks to queue
[2025-04-02T19:10:36.925+0000] {logging_mixin.py:190} INFO - [2025-04-02T19:10:36.924+0000] {dagbag.py:588} INFO - Filling up the DagBag from /home/airflow/.local/lib/python3.12/site-packages/airflow/example_dags/example_time_delta_sensor_async.py
[2025-04-02T19:10:36.959+0000] {processor.py:925} INFO - DAG(s) 'example_time_delta_sensor_async' retrieved from /home/airflow/.local/lib/python3.12/site-packages/airflow/example_dags/example_time_delta_sensor_async.py
[2025-04-02T19:10:37.052+0000] {logging_mixin.py:190} INFO - [2025-04-02T19:10:37.045+0000] {dag.py:3239} INFO - Sync 1 DAGs
[2025-04-02T19:10:37.106+0000] {logging_mixin.py:190} INFO - [2025-04-02T19:10:37.105+0000] {dag.py:4180} INFO - Setting next_dagrun for example_time_delta_sensor_async to None, run_after=None
[2025-04-02T19:10:37.172+0000] {processor.py:208} INFO - Processing /home/airflow/.local/lib/python3.12/site-packages/airflow/example_dags/example_time_delta_sensor_async.py took 0.282 seconds
[2025-04-02T19:11:12.923+0000] {processor.py:186} INFO - Started process (PID=797) to work on /home/airflow/.local/lib/python3.12/site-packages/airflow/example_dags/example_time_delta_sensor_async.py
[2025-04-02T19:11:12.929+0000] {processor.py:914} INFO - Processing file /home/airflow/.local/lib/python3.12/site-packages/airflow/example_dags/example_time_delta_sensor_async.py for tasks to queue
[2025-04-02T19:11:12.959+0000] {logging_mixin.py:190} INFO - [2025-04-02T19:11:12.958+0000] {dagbag.py:588} INFO - Filling up the DagBag from /home/airflow/.local/lib/python3.12/site-packages/airflow/example_dags/example_time_delta_sensor_async.py
[2025-04-02T19:11:12.993+0000] {processor.py:925} INFO - DAG(s) 'example_time_delta_sensor_async' retrieved from /home/airflow/.local/lib/python3.12/site-packages/airflow/example_dags/example_time_delta_sensor_async.py
[2025-04-02T19:11:13.062+0000] {logging_mixin.py:190} INFO - [2025-04-02T19:11:13.060+0000] {dag.py:3239} INFO - Sync 1 DAGs
[2025-04-02T19:11:13.207+0000] {logging_mixin.py:190} INFO - [2025-04-02T19:11:13.206+0000] {dag.py:4180} INFO - Setting next_dagrun for example_time_delta_sensor_async to None, run_after=None
[2025-04-02T19:11:13.424+0000] {processor.py:208} INFO - Processing /home/airflow/.local/lib/python3.12/site-packages/airflow/example_dags/example_time_delta_sensor_async.py took 0.644 seconds
[2025-04-02T19:11:43.645+0000] {processor.py:186} INFO - Started process (PID=858) to work on /home/airflow/.local/lib/python3.12/site-packages/airflow/example_dags/example_time_delta_sensor_async.py
[2025-04-02T19:11:43.651+0000] {processor.py:914} INFO - Processing file /home/airflow/.local/lib/python3.12/site-packages/airflow/example_dags/example_time_delta_sensor_async.py for tasks to queue
[2025-04-02T19:11:43.657+0000] {logging_mixin.py:190} INFO - [2025-04-02T19:11:43.656+0000] {dagbag.py:588} INFO - Filling up the DagBag from /home/airflow/.local/lib/python3.12/site-packages/airflow/example_dags/example_time_delta_sensor_async.py
[2025-04-02T19:11:43.688+0000] {processor.py:925} INFO - DAG(s) 'example_time_delta_sensor_async' retrieved from /home/airflow/.local/lib/python3.12/site-packages/airflow/example_dags/example_time_delta_sensor_async.py
[2025-04-02T19:11:43.749+0000] {logging_mixin.py:190} INFO - [2025-04-02T19:11:43.749+0000] {dag.py:3239} INFO - Sync 1 DAGs
[2025-04-02T19:11:43.812+0000] {logging_mixin.py:190} INFO - [2025-04-02T19:11:43.811+0000] {dag.py:4180} INFO - Setting next_dagrun for example_time_delta_sensor_async to None, run_after=None
[2025-04-02T19:11:43.956+0000] {processor.py:208} INFO - Processing /home/airflow/.local/lib/python3.12/site-packages/airflow/example_dags/example_time_delta_sensor_async.py took 0.332 seconds
[2025-04-02T19:12:17.520+0000] {processor.py:186} INFO - Started process (PID=918) to work on /home/airflow/.local/lib/python3.12/site-packages/airflow/example_dags/example_time_delta_sensor_async.py
[2025-04-02T19:12:17.522+0000] {processor.py:914} INFO - Processing file /home/airflow/.local/lib/python3.12/site-packages/airflow/example_dags/example_time_delta_sensor_async.py for tasks to queue
[2025-04-02T19:12:17.529+0000] {logging_mixin.py:190} INFO - [2025-04-02T19:12:17.528+0000] {dagbag.py:588} INFO - Filling up the DagBag from /home/airflow/.local/lib/python3.12/site-packages/airflow/example_dags/example_time_delta_sensor_async.py
[2025-04-02T19:12:17.543+0000] {processor.py:925} INFO - DAG(s) 'example_time_delta_sensor_async' retrieved from /home/airflow/.local/lib/python3.12/site-packages/airflow/example_dags/example_time_delta_sensor_async.py
[2025-04-02T19:12:17.602+0000] {logging_mixin.py:190} INFO - [2025-04-02T19:12:17.602+0000] {dag.py:3239} INFO - Sync 1 DAGs
[2025-04-02T19:12:17.659+0000] {logging_mixin.py:190} INFO - [2025-04-02T19:12:17.659+0000] {dag.py:4180} INFO - Setting next_dagrun for example_time_delta_sensor_async to None, run_after=None
[2025-04-02T19:12:17.744+0000] {processor.py:208} INFO - Processing /home/airflow/.local/lib/python3.12/site-packages/airflow/example_dags/example_time_delta_sensor_async.py took 0.240 seconds
[2025-04-02T19:12:51.581+0000] {processor.py:186} INFO - Started process (PID=971) to work on /home/airflow/.local/lib/python3.12/site-packages/airflow/example_dags/example_time_delta_sensor_async.py
[2025-04-02T19:12:51.612+0000] {processor.py:914} INFO - Processing file /home/airflow/.local/lib/python3.12/site-packages/airflow/example_dags/example_time_delta_sensor_async.py for tasks to queue
[2025-04-02T19:12:51.684+0000] {logging_mixin.py:190} INFO - [2025-04-02T19:12:51.681+0000] {dagbag.py:588} INFO - Filling up the DagBag from /home/airflow/.local/lib/python3.12/site-packages/airflow/example_dags/example_time_delta_sensor_async.py
[2025-04-02T19:12:51.864+0000] {processor.py:925} INFO - DAG(s) 'example_time_delta_sensor_async' retrieved from /home/airflow/.local/lib/python3.12/site-packages/airflow/example_dags/example_time_delta_sensor_async.py
[2025-04-02T19:12:52.171+0000] {logging_mixin.py:190} INFO - [2025-04-02T19:12:52.170+0000] {dag.py:3239} INFO - Sync 1 DAGs
[2025-04-02T19:12:52.424+0000] {logging_mixin.py:190} INFO - [2025-04-02T19:12:52.422+0000] {dag.py:4180} INFO - Setting next_dagrun for example_time_delta_sensor_async to None, run_after=None
[2025-04-02T19:12:52.654+0000] {processor.py:208} INFO - Processing /home/airflow/.local/lib/python3.12/site-packages/airflow/example_dags/example_time_delta_sensor_async.py took 1.223 seconds
[2025-04-02T19:13:41.330+0000] {processor.py:186} INFO - Started process (PID=1047) to work on /home/airflow/.local/lib/python3.12/site-packages/airflow/example_dags/example_time_delta_sensor_async.py
[2025-04-02T19:13:41.333+0000] {processor.py:914} INFO - Processing file /home/airflow/.local/lib/python3.12/site-packages/airflow/example_dags/example_time_delta_sensor_async.py for tasks to queue
[2025-04-02T19:13:41.342+0000] {logging_mixin.py:190} INFO - [2025-04-02T19:13:41.341+0000] {dagbag.py:588} INFO - Filling up the DagBag from /home/airflow/.local/lib/python3.12/site-packages/airflow/example_dags/example_time_delta_sensor_async.py
[2025-04-02T19:13:41.366+0000] {processor.py:925} INFO - DAG(s) 'example_time_delta_sensor_async' retrieved from /home/airflow/.local/lib/python3.12/site-packages/airflow/example_dags/example_time_delta_sensor_async.py
[2025-04-02T19:13:41.449+0000] {logging_mixin.py:190} INFO - [2025-04-02T19:13:41.448+0000] {dag.py:3239} INFO - Sync 1 DAGs
[2025-04-02T19:13:41.528+0000] {logging_mixin.py:190} INFO - [2025-04-02T19:13:41.527+0000] {dag.py:4180} INFO - Setting next_dagrun for example_time_delta_sensor_async to None, run_after=None
[2025-04-02T19:13:41.580+0000] {processor.py:208} INFO - Processing /home/airflow/.local/lib/python3.12/site-packages/airflow/example_dags/example_time_delta_sensor_async.py took 0.271 seconds
[2025-04-02T19:14:18.455+0000] {processor.py:186} INFO - Started process (PID=1110) to work on /home/airflow/.local/lib/python3.12/site-packages/airflow/example_dags/example_time_delta_sensor_async.py
[2025-04-02T19:14:18.470+0000] {processor.py:914} INFO - Processing file /home/airflow/.local/lib/python3.12/site-packages/airflow/example_dags/example_time_delta_sensor_async.py for tasks to queue
[2025-04-02T19:14:18.488+0000] {logging_mixin.py:190} INFO - [2025-04-02T19:14:18.485+0000] {dagbag.py:588} INFO - Filling up the DagBag from /home/airflow/.local/lib/python3.12/site-packages/airflow/example_dags/example_time_delta_sensor_async.py
[2025-04-02T19:14:18.519+0000] {processor.py:925} INFO - DAG(s) 'example_time_delta_sensor_async' retrieved from /home/airflow/.local/lib/python3.12/site-packages/airflow/example_dags/example_time_delta_sensor_async.py
[2025-04-02T19:14:18.616+0000] {logging_mixin.py:190} INFO - [2025-04-02T19:14:18.615+0000] {dag.py:3239} INFO - Sync 1 DAGs
[2025-04-02T19:14:18.706+0000] {logging_mixin.py:190} INFO - [2025-04-02T19:14:18.703+0000] {dag.py:4180} INFO - Setting next_dagrun for example_time_delta_sensor_async to None, run_after=None
[2025-04-02T19:14:18.786+0000] {processor.py:208} INFO - Processing /home/airflow/.local/lib/python3.12/site-packages/airflow/example_dags/example_time_delta_sensor_async.py took 0.372 seconds
[2025-04-02T19:15:01.335+0000] {processor.py:186} INFO - Started process (PID=1162) to work on /home/airflow/.local/lib/python3.12/site-packages/airflow/example_dags/example_time_delta_sensor_async.py
[2025-04-02T19:15:01.399+0000] {processor.py:914} INFO - Processing file /home/airflow/.local/lib/python3.12/site-packages/airflow/example_dags/example_time_delta_sensor_async.py for tasks to queue
[2025-04-02T19:15:01.448+0000] {logging_mixin.py:190} INFO - [2025-04-02T19:15:01.436+0000] {dagbag.py:588} INFO - Filling up the DagBag from /home/airflow/.local/lib/python3.12/site-packages/airflow/example_dags/example_time_delta_sensor_async.py
[2025-04-02T19:15:01.513+0000] {processor.py:925} INFO - DAG(s) 'example_time_delta_sensor_async' retrieved from /home/airflow/.local/lib/python3.12/site-packages/airflow/example_dags/example_time_delta_sensor_async.py
[2025-04-02T19:15:01.689+0000] {logging_mixin.py:190} INFO - [2025-04-02T19:15:01.688+0000] {dag.py:3239} INFO - Sync 1 DAGs
[2025-04-02T19:15:01.858+0000] {logging_mixin.py:190} INFO - [2025-04-02T19:15:01.857+0000] {dag.py:4180} INFO - Setting next_dagrun for example_time_delta_sensor_async to None, run_after=None
[2025-04-02T19:15:02.042+0000] {processor.py:208} INFO - Processing /home/airflow/.local/lib/python3.12/site-packages/airflow/example_dags/example_time_delta_sensor_async.py took 0.747 seconds
[2025-04-02T19:15:42.485+0000] {processor.py:186} INFO - Started process (PID=1219) to work on /home/airflow/.local/lib/python3.12/site-packages/airflow/example_dags/example_time_delta_sensor_async.py
[2025-04-02T19:15:42.487+0000] {processor.py:914} INFO - Processing file /home/airflow/.local/lib/python3.12/site-packages/airflow/example_dags/example_time_delta_sensor_async.py for tasks to queue
[2025-04-02T19:15:42.501+0000] {logging_mixin.py:190} INFO - [2025-04-02T19:15:42.500+0000] {dagbag.py:588} INFO - Filling up the DagBag from /home/airflow/.local/lib/python3.12/site-packages/airflow/example_dags/example_time_delta_sensor_async.py
[2025-04-02T19:15:42.529+0000] {processor.py:925} INFO - DAG(s) 'example_time_delta_sensor_async' retrieved from /home/airflow/.local/lib/python3.12/site-packages/airflow/example_dags/example_time_delta_sensor_async.py
[2025-04-02T19:15:42.594+0000] {logging_mixin.py:190} INFO - [2025-04-02T19:15:42.593+0000] {dag.py:3239} INFO - Sync 1 DAGs
[2025-04-02T19:15:42.638+0000] {logging_mixin.py:190} INFO - [2025-04-02T19:15:42.638+0000] {dag.py:4180} INFO - Setting next_dagrun for example_time_delta_sensor_async to None, run_after=None
[2025-04-02T19:15:42.781+0000] {processor.py:208} INFO - Processing /home/airflow/.local/lib/python3.12/site-packages/airflow/example_dags/example_time_delta_sensor_async.py took 0.331 seconds
[2025-04-02T19:16:16.505+0000] {processor.py:186} INFO - Started process (PID=1278) to work on /home/airflow/.local/lib/python3.12/site-packages/airflow/example_dags/example_time_delta_sensor_async.py
[2025-04-02T19:16:16.506+0000] {processor.py:914} INFO - Processing file /home/airflow/.local/lib/python3.12/site-packages/airflow/example_dags/example_time_delta_sensor_async.py for tasks to queue
[2025-04-02T19:16:16.511+0000] {logging_mixin.py:190} INFO - [2025-04-02T19:16:16.510+0000] {dagbag.py:588} INFO - Filling up the DagBag from /home/airflow/.local/lib/python3.12/site-packages/airflow/example_dags/example_time_delta_sensor_async.py
[2025-04-02T19:16:16.525+0000] {processor.py:925} INFO - DAG(s) 'example_time_delta_sensor_async' retrieved from /home/airflow/.local/lib/python3.12/site-packages/airflow/example_dags/example_time_delta_sensor_async.py
[2025-04-02T19:16:16.572+0000] {logging_mixin.py:190} INFO - [2025-04-02T19:16:16.571+0000] {dag.py:3239} INFO - Sync 1 DAGs
[2025-04-02T19:16:16.643+0000] {logging_mixin.py:190} INFO - [2025-04-02T19:16:16.640+0000] {dag.py:4180} INFO - Setting next_dagrun for example_time_delta_sensor_async to None, run_after=None
[2025-04-02T19:16:16.761+0000] {processor.py:208} INFO - Processing /home/airflow/.local/lib/python3.12/site-packages/airflow/example_dags/example_time_delta_sensor_async.py took 0.269 seconds
[2025-04-02T19:16:59.121+0000] {processor.py:186} INFO - Started process (PID=1338) to work on /home/airflow/.local/lib/python3.12/site-packages/airflow/example_dags/example_time_delta_sensor_async.py
[2025-04-02T19:16:59.132+0000] {processor.py:914} INFO - Processing file /home/airflow/.local/lib/python3.12/site-packages/airflow/example_dags/example_time_delta_sensor_async.py for tasks to queue
[2025-04-02T19:16:59.139+0000] {logging_mixin.py:190} INFO - [2025-04-02T19:16:59.138+0000] {dagbag.py:588} INFO - Filling up the DagBag from /home/airflow/.local/lib/python3.12/site-packages/airflow/example_dags/example_time_delta_sensor_async.py
[2025-04-02T19:16:59.188+0000] {processor.py:925} INFO - DAG(s) 'example_time_delta_sensor_async' retrieved from /home/airflow/.local/lib/python3.12/site-packages/airflow/example_dags/example_time_delta_sensor_async.py
[2025-04-02T19:16:59.312+0000] {logging_mixin.py:190} INFO - [2025-04-02T19:16:59.312+0000] {dag.py:3239} INFO - Sync 1 DAGs
[2025-04-02T19:16:59.372+0000] {logging_mixin.py:190} INFO - [2025-04-02T19:16:59.370+0000] {dag.py:4180} INFO - Setting next_dagrun for example_time_delta_sensor_async to None, run_after=None
[2025-04-02T19:16:59.483+0000] {processor.py:208} INFO - Processing /home/airflow/.local/lib/python3.12/site-packages/airflow/example_dags/example_time_delta_sensor_async.py took 0.400 seconds
[2025-04-02T19:17:31.707+0000] {processor.py:186} INFO - Started process (PID=1401) to work on /home/airflow/.local/lib/python3.12/site-packages/airflow/example_dags/example_time_delta_sensor_async.py
[2025-04-02T19:17:31.710+0000] {processor.py:914} INFO - Processing file /home/airflow/.local/lib/python3.12/site-packages/airflow/example_dags/example_time_delta_sensor_async.py for tasks to queue
[2025-04-02T19:17:31.729+0000] {logging_mixin.py:190} INFO - [2025-04-02T19:17:31.718+0000] {dagbag.py:588} INFO - Filling up the DagBag from /home/airflow/.local/lib/python3.12/site-packages/airflow/example_dags/example_time_delta_sensor_async.py
[2025-04-02T19:17:31.764+0000] {processor.py:925} INFO - DAG(s) 'example_time_delta_sensor_async' retrieved from /home/airflow/.local/lib/python3.12/site-packages/airflow/example_dags/example_time_delta_sensor_async.py
[2025-04-02T19:17:31.879+0000] {logging_mixin.py:190} INFO - [2025-04-02T19:17:31.878+0000] {dag.py:3239} INFO - Sync 1 DAGs
[2025-04-02T19:17:31.931+0000] {logging_mixin.py:190} INFO - [2025-04-02T19:17:31.930+0000] {dag.py:4180} INFO - Setting next_dagrun for example_time_delta_sensor_async to None, run_after=None
[2025-04-02T19:17:32.067+0000] {processor.py:208} INFO - Processing /home/airflow/.local/lib/python3.12/site-packages/airflow/example_dags/example_time_delta_sensor_async.py took 0.390 seconds
[2025-04-02T19:18:04.859+0000] {processor.py:186} INFO - Started process (PID=1464) to work on /home/airflow/.local/lib/python3.12/site-packages/airflow/example_dags/example_time_delta_sensor_async.py
[2025-04-02T19:18:04.861+0000] {processor.py:914} INFO - Processing file /home/airflow/.local/lib/python3.12/site-packages/airflow/example_dags/example_time_delta_sensor_async.py for tasks to queue
[2025-04-02T19:18:04.868+0000] {logging_mixin.py:190} INFO - [2025-04-02T19:18:04.866+0000] {dagbag.py:588} INFO - Filling up the DagBag from /home/airflow/.local/lib/python3.12/site-packages/airflow/example_dags/example_time_delta_sensor_async.py
[2025-04-02T19:18:04.895+0000] {processor.py:925} INFO - DAG(s) 'example_time_delta_sensor_async' retrieved from /home/airflow/.local/lib/python3.12/site-packages/airflow/example_dags/example_time_delta_sensor_async.py
[2025-04-02T19:18:05.010+0000] {logging_mixin.py:190} INFO - [2025-04-02T19:18:05.010+0000] {dag.py:3239} INFO - Sync 1 DAGs
[2025-04-02T19:18:05.088+0000] {logging_mixin.py:190} INFO - [2025-04-02T19:18:05.087+0000] {dag.py:4180} INFO - Setting next_dagrun for example_time_delta_sensor_async to None, run_after=None
[2025-04-02T19:18:05.194+0000] {processor.py:208} INFO - Processing /home/airflow/.local/lib/python3.12/site-packages/airflow/example_dags/example_time_delta_sensor_async.py took 0.356 seconds
[2025-04-02T19:18:35.761+0000] {processor.py:186} INFO - Started process (PID=1526) to work on /home/airflow/.local/lib/python3.12/site-packages/airflow/example_dags/example_time_delta_sensor_async.py
[2025-04-02T19:18:35.787+0000] {processor.py:914} INFO - Processing file /home/airflow/.local/lib/python3.12/site-packages/airflow/example_dags/example_time_delta_sensor_async.py for tasks to queue
[2025-04-02T19:18:35.821+0000] {logging_mixin.py:190} INFO - [2025-04-02T19:18:35.805+0000] {dagbag.py:588} INFO - Filling up the DagBag from /home/airflow/.local/lib/python3.12/site-packages/airflow/example_dags/example_time_delta_sensor_async.py
[2025-04-02T19:18:35.963+0000] {processor.py:925} INFO - DAG(s) 'example_time_delta_sensor_async' retrieved from /home/airflow/.local/lib/python3.12/site-packages/airflow/example_dags/example_time_delta_sensor_async.py
[2025-04-02T19:18:36.103+0000] {logging_mixin.py:190} INFO - [2025-04-02T19:18:36.099+0000] {dag.py:3239} INFO - Sync 1 DAGs
[2025-04-02T19:18:36.192+0000] {logging_mixin.py:190} INFO - [2025-04-02T19:18:36.192+0000] {dag.py:4180} INFO - Setting next_dagrun for example_time_delta_sensor_async to None, run_after=None
[2025-04-02T19:18:36.307+0000] {processor.py:208} INFO - Processing /home/airflow/.local/lib/python3.12/site-packages/airflow/example_dags/example_time_delta_sensor_async.py took 0.592 seconds
[2025-04-02T19:19:09.641+0000] {processor.py:186} INFO - Started process (PID=1591) to work on /home/airflow/.local/lib/python3.12/site-packages/airflow/example_dags/example_time_delta_sensor_async.py
[2025-04-02T19:19:09.644+0000] {processor.py:914} INFO - Processing file /home/airflow/.local/lib/python3.12/site-packages/airflow/example_dags/example_time_delta_sensor_async.py for tasks to queue
[2025-04-02T19:19:09.650+0000] {logging_mixin.py:190} INFO - [2025-04-02T19:19:09.649+0000] {dagbag.py:588} INFO - Filling up the DagBag from /home/airflow/.local/lib/python3.12/site-packages/airflow/example_dags/example_time_delta_sensor_async.py
[2025-04-02T19:19:09.704+0000] {processor.py:925} INFO - DAG(s) 'example_time_delta_sensor_async' retrieved from /home/airflow/.local/lib/python3.12/site-packages/airflow/example_dags/example_time_delta_sensor_async.py
[2025-04-02T19:19:09.890+0000] {logging_mixin.py:190} INFO - [2025-04-02T19:19:09.889+0000] {dag.py:3239} INFO - Sync 1 DAGs
[2025-04-02T19:19:10.024+0000] {logging_mixin.py:190} INFO - [2025-04-02T19:19:10.016+0000] {dag.py:4180} INFO - Setting next_dagrun for example_time_delta_sensor_async to None, run_after=None
[2025-04-02T19:19:10.181+0000] {processor.py:208} INFO - Processing /home/airflow/.local/lib/python3.12/site-packages/airflow/example_dags/example_time_delta_sensor_async.py took 0.568 seconds
[2025-04-02T19:19:49.545+0000] {processor.py:186} INFO - Started process (PID=1644) to work on /home/airflow/.local/lib/python3.12/site-packages/airflow/example_dags/example_time_delta_sensor_async.py
[2025-04-02T19:19:49.557+0000] {processor.py:914} INFO - Processing file /home/airflow/.local/lib/python3.12/site-packages/airflow/example_dags/example_time_delta_sensor_async.py for tasks to queue
[2025-04-02T19:19:49.602+0000] {logging_mixin.py:190} INFO - [2025-04-02T19:19:49.601+0000] {dagbag.py:588} INFO - Filling up the DagBag from /home/airflow/.local/lib/python3.12/site-packages/airflow/example_dags/example_time_delta_sensor_async.py
[2025-04-02T19:19:49.683+0000] {processor.py:925} INFO - DAG(s) 'example_time_delta_sensor_async' retrieved from /home/airflow/.local/lib/python3.12/site-packages/airflow/example_dags/example_time_delta_sensor_async.py
[2025-04-02T19:19:49.833+0000] {logging_mixin.py:190} INFO - [2025-04-02T19:19:49.832+0000] {dag.py:3239} INFO - Sync 1 DAGs
[2025-04-02T19:19:50.002+0000] {logging_mixin.py:190} INFO - [2025-04-02T19:19:50.001+0000] {dag.py:4180} INFO - Setting next_dagrun for example_time_delta_sensor_async to None, run_after=None
[2025-04-02T19:19:50.189+0000] {processor.py:208} INFO - Processing /home/airflow/.local/lib/python3.12/site-packages/airflow/example_dags/example_time_delta_sensor_async.py took 0.706 seconds
[2025-04-02T19:20:29.326+0000] {processor.py:186} INFO - Started process (PID=1700) to work on /home/airflow/.local/lib/python3.12/site-packages/airflow/example_dags/example_time_delta_sensor_async.py
[2025-04-02T19:20:29.342+0000] {processor.py:914} INFO - Processing file /home/airflow/.local/lib/python3.12/site-packages/airflow/example_dags/example_time_delta_sensor_async.py for tasks to queue
[2025-04-02T19:20:29.367+0000] {logging_mixin.py:190} INFO - [2025-04-02T19:20:29.366+0000] {dagbag.py:588} INFO - Filling up the DagBag from /home/airflow/.local/lib/python3.12/site-packages/airflow/example_dags/example_time_delta_sensor_async.py
[2025-04-02T19:20:29.393+0000] {processor.py:925} INFO - DAG(s) 'example_time_delta_sensor_async' retrieved from /home/airflow/.local/lib/python3.12/site-packages/airflow/example_dags/example_time_delta_sensor_async.py
[2025-04-02T19:20:29.462+0000] {logging_mixin.py:190} INFO - [2025-04-02T19:20:29.461+0000] {dag.py:3239} INFO - Sync 1 DAGs
[2025-04-02T19:20:29.543+0000] {logging_mixin.py:190} INFO - [2025-04-02T19:20:29.543+0000] {dag.py:4180} INFO - Setting next_dagrun for example_time_delta_sensor_async to None, run_after=None
[2025-04-02T19:20:29.671+0000] {processor.py:208} INFO - Processing /home/airflow/.local/lib/python3.12/site-packages/airflow/example_dags/example_time_delta_sensor_async.py took 0.379 seconds
[2025-04-02T19:21:01.768+0000] {processor.py:186} INFO - Started process (PID=1756) to work on /home/airflow/.local/lib/python3.12/site-packages/airflow/example_dags/example_time_delta_sensor_async.py
[2025-04-02T19:21:01.770+0000] {processor.py:914} INFO - Processing file /home/airflow/.local/lib/python3.12/site-packages/airflow/example_dags/example_time_delta_sensor_async.py for tasks to queue
[2025-04-02T19:21:01.780+0000] {logging_mixin.py:190} INFO - [2025-04-02T19:21:01.780+0000] {dagbag.py:588} INFO - Filling up the DagBag from /home/airflow/.local/lib/python3.12/site-packages/airflow/example_dags/example_time_delta_sensor_async.py
[2025-04-02T19:21:01.803+0000] {processor.py:925} INFO - DAG(s) 'example_time_delta_sensor_async' retrieved from /home/airflow/.local/lib/python3.12/site-packages/airflow/example_dags/example_time_delta_sensor_async.py
[2025-04-02T19:21:01.911+0000] {logging_mixin.py:190} INFO - [2025-04-02T19:21:01.910+0000] {dag.py:3239} INFO - Sync 1 DAGs
[2025-04-02T19:21:02.016+0000] {logging_mixin.py:190} INFO - [2025-04-02T19:21:02.015+0000] {dag.py:4180} INFO - Setting next_dagrun for example_time_delta_sensor_async to None, run_after=None
[2025-04-02T19:21:02.164+0000] {processor.py:208} INFO - Processing /home/airflow/.local/lib/python3.12/site-packages/airflow/example_dags/example_time_delta_sensor_async.py took 0.417 seconds
[2025-04-02T19:21:37.254+0000] {processor.py:186} INFO - Started process (PID=1816) to work on /home/airflow/.local/lib/python3.12/site-packages/airflow/example_dags/example_time_delta_sensor_async.py
[2025-04-02T19:21:37.265+0000] {processor.py:914} INFO - Processing file /home/airflow/.local/lib/python3.12/site-packages/airflow/example_dags/example_time_delta_sensor_async.py for tasks to queue
[2025-04-02T19:21:37.281+0000] {logging_mixin.py:190} INFO - [2025-04-02T19:21:37.280+0000] {dagbag.py:588} INFO - Filling up the DagBag from /home/airflow/.local/lib/python3.12/site-packages/airflow/example_dags/example_time_delta_sensor_async.py
[2025-04-02T19:21:37.332+0000] {processor.py:925} INFO - DAG(s) 'example_time_delta_sensor_async' retrieved from /home/airflow/.local/lib/python3.12/site-packages/airflow/example_dags/example_time_delta_sensor_async.py
[2025-04-02T19:21:37.440+0000] {logging_mixin.py:190} INFO - [2025-04-02T19:21:37.430+0000] {dag.py:3239} INFO - Sync 1 DAGs
[2025-04-02T19:21:37.551+0000] {logging_mixin.py:190} INFO - [2025-04-02T19:21:37.551+0000] {dag.py:4180} INFO - Setting next_dagrun for example_time_delta_sensor_async to None, run_after=None
[2025-04-02T19:21:37.738+0000] {processor.py:208} INFO - Processing /home/airflow/.local/lib/python3.12/site-packages/airflow/example_dags/example_time_delta_sensor_async.py took 0.518 seconds
[2025-04-02T19:22:14.944+0000] {processor.py:186} INFO - Started process (PID=1884) to work on /home/airflow/.local/lib/python3.12/site-packages/airflow/example_dags/example_time_delta_sensor_async.py
[2025-04-02T19:22:14.954+0000] {processor.py:914} INFO - Processing file /home/airflow/.local/lib/python3.12/site-packages/airflow/example_dags/example_time_delta_sensor_async.py for tasks to queue
[2025-04-02T19:22:14.970+0000] {logging_mixin.py:190} INFO - [2025-04-02T19:22:14.966+0000] {dagbag.py:588} INFO - Filling up the DagBag from /home/airflow/.local/lib/python3.12/site-packages/airflow/example_dags/example_time_delta_sensor_async.py
[2025-04-02T19:22:15.005+0000] {processor.py:925} INFO - DAG(s) 'example_time_delta_sensor_async' retrieved from /home/airflow/.local/lib/python3.12/site-packages/airflow/example_dags/example_time_delta_sensor_async.py
[2025-04-02T19:22:15.120+0000] {logging_mixin.py:190} INFO - [2025-04-02T19:22:15.120+0000] {dag.py:3239} INFO - Sync 1 DAGs
[2025-04-02T19:22:15.221+0000] {logging_mixin.py:190} INFO - [2025-04-02T19:22:15.220+0000] {dag.py:4180} INFO - Setting next_dagrun for example_time_delta_sensor_async to None, run_after=None
[2025-04-02T19:22:15.312+0000] {processor.py:208} INFO - Processing /home/airflow/.local/lib/python3.12/site-packages/airflow/example_dags/example_time_delta_sensor_async.py took 0.401 seconds
[2025-04-02T19:23:00.897+0000] {processor.py:186} INFO - Started process (PID=1942) to work on /home/airflow/.local/lib/python3.12/site-packages/airflow/example_dags/example_time_delta_sensor_async.py
[2025-04-02T19:23:00.899+0000] {processor.py:914} INFO - Processing file /home/airflow/.local/lib/python3.12/site-packages/airflow/example_dags/example_time_delta_sensor_async.py for tasks to queue
[2025-04-02T19:23:00.927+0000] {logging_mixin.py:190} INFO - [2025-04-02T19:23:00.916+0000] {dagbag.py:588} INFO - Filling up the DagBag from /home/airflow/.local/lib/python3.12/site-packages/airflow/example_dags/example_time_delta_sensor_async.py
[2025-04-02T19:23:00.978+0000] {processor.py:925} INFO - DAG(s) 'example_time_delta_sensor_async' retrieved from /home/airflow/.local/lib/python3.12/site-packages/airflow/example_dags/example_time_delta_sensor_async.py
[2025-04-02T19:23:01.095+0000] {logging_mixin.py:190} INFO - [2025-04-02T19:23:01.094+0000] {dag.py:3239} INFO - Sync 1 DAGs
[2025-04-02T19:23:01.169+0000] {logging_mixin.py:190} INFO - [2025-04-02T19:23:01.168+0000] {dag.py:4180} INFO - Setting next_dagrun for example_time_delta_sensor_async to None, run_after=None
[2025-04-02T19:23:01.307+0000] {processor.py:208} INFO - Processing /home/airflow/.local/lib/python3.12/site-packages/airflow/example_dags/example_time_delta_sensor_async.py took 0.447 seconds
[2025-04-02T19:23:31.808+0000] {processor.py:186} INFO - Started process (PID=2004) to work on /home/airflow/.local/lib/python3.12/site-packages/airflow/example_dags/example_time_delta_sensor_async.py
[2025-04-02T19:23:31.812+0000] {processor.py:914} INFO - Processing file /home/airflow/.local/lib/python3.12/site-packages/airflow/example_dags/example_time_delta_sensor_async.py for tasks to queue
[2025-04-02T19:23:31.820+0000] {logging_mixin.py:190} INFO - [2025-04-02T19:23:31.819+0000] {dagbag.py:588} INFO - Filling up the DagBag from /home/airflow/.local/lib/python3.12/site-packages/airflow/example_dags/example_time_delta_sensor_async.py
[2025-04-02T19:23:31.837+0000] {processor.py:925} INFO - DAG(s) 'example_time_delta_sensor_async' retrieved from /home/airflow/.local/lib/python3.12/site-packages/airflow/example_dags/example_time_delta_sensor_async.py
[2025-04-02T19:23:31.888+0000] {logging_mixin.py:190} INFO - [2025-04-02T19:23:31.888+0000] {dag.py:3239} INFO - Sync 1 DAGs
[2025-04-02T19:23:31.918+0000] {logging_mixin.py:190} INFO - [2025-04-02T19:23:31.917+0000] {dag.py:4180} INFO - Setting next_dagrun for example_time_delta_sensor_async to None, run_after=None
[2025-04-02T19:23:31.961+0000] {processor.py:208} INFO - Processing /home/airflow/.local/lib/python3.12/site-packages/airflow/example_dags/example_time_delta_sensor_async.py took 0.169 seconds
[2025-04-02T19:24:10.173+0000] {processor.py:186} INFO - Started process (PID=2067) to work on /home/airflow/.local/lib/python3.12/site-packages/airflow/example_dags/example_time_delta_sensor_async.py
[2025-04-02T19:24:10.181+0000] {processor.py:914} INFO - Processing file /home/airflow/.local/lib/python3.12/site-packages/airflow/example_dags/example_time_delta_sensor_async.py for tasks to queue
[2025-04-02T19:24:10.189+0000] {logging_mixin.py:190} INFO - [2025-04-02T19:24:10.188+0000] {dagbag.py:588} INFO - Filling up the DagBag from /home/airflow/.local/lib/python3.12/site-packages/airflow/example_dags/example_time_delta_sensor_async.py
[2025-04-02T19:24:10.224+0000] {processor.py:925} INFO - DAG(s) 'example_time_delta_sensor_async' retrieved from /home/airflow/.local/lib/python3.12/site-packages/airflow/example_dags/example_time_delta_sensor_async.py
[2025-04-02T19:24:10.307+0000] {logging_mixin.py:190} INFO - [2025-04-02T19:24:10.307+0000] {dag.py:3239} INFO - Sync 1 DAGs
[2025-04-02T19:24:10.367+0000] {logging_mixin.py:190} INFO - [2025-04-02T19:24:10.366+0000] {dag.py:4180} INFO - Setting next_dagrun for example_time_delta_sensor_async to None, run_after=None
[2025-04-02T19:24:10.429+0000] {processor.py:208} INFO - Processing /home/airflow/.local/lib/python3.12/site-packages/airflow/example_dags/example_time_delta_sensor_async.py took 0.288 seconds
