[2025-04-02T19:04:17.258+0000] {processor.py:186} INFO - Started process (PID=152) to work on /home/airflow/.local/lib/python3.12/site-packages/airflow/example_dags/example_branch_python_dop_operator_3.py
[2025-04-02T19:04:17.260+0000] {processor.py:914} INFO - Processing file /home/airflow/.local/lib/python3.12/site-packages/airflow/example_dags/example_branch_python_dop_operator_3.py for tasks to queue
[2025-04-02T19:04:17.271+0000] {logging_mixin.py:190} INFO - [2025-04-02T19:04:17.265+0000] {dagbag.py:588} INFO - Filling up the DagBag from /home/airflow/.local/lib/python3.12/site-packages/airflow/example_dags/example_branch_python_dop_operator_3.py
[2025-04-02T19:04:17.298+0000] {processor.py:925} INFO - DAG(s) 'example_branch_dop_operator_v3' retrieved from /home/airflow/.local/lib/python3.12/site-packages/airflow/example_dags/example_branch_python_dop_operator_3.py
[2025-04-02T19:04:17.818+0000] {logging_mixin.py:190} INFO - [2025-04-02T19:04:17.816+0000] {override.py:1912} INFO - Created Permission View: can delete on DAG:example_branch_dop_operator_v3
[2025-04-02T19:04:17.868+0000] {logging_mixin.py:190} INFO - [2025-04-02T19:04:17.867+0000] {override.py:1912} INFO - Created Permission View: can edit on DAG:example_branch_dop_operator_v3
[2025-04-02T19:04:17.928+0000] {logging_mixin.py:190} INFO - [2025-04-02T19:04:17.927+0000] {override.py:1912} INFO - Created Permission View: can read on DAG:example_branch_dop_operator_v3
[2025-04-02T19:04:18.033+0000] {logging_mixin.py:190} INFO - [2025-04-02T19:04:18.031+0000] {override.py:1912} INFO - Created Permission View: can delete on DAG Run:example_branch_dop_operator_v3
[2025-04-02T19:04:18.073+0000] {logging_mixin.py:190} INFO - [2025-04-02T19:04:18.072+0000] {override.py:1912} INFO - Created Permission View: can read on DAG Run:example_branch_dop_operator_v3
[2025-04-02T19:04:18.108+0000] {logging_mixin.py:190} INFO - [2025-04-02T19:04:18.103+0000] {override.py:1912} INFO - Created Permission View: can create on DAG Run:example_branch_dop_operator_v3
[2025-04-02T19:04:18.158+0000] {logging_mixin.py:190} INFO - [2025-04-02T19:04:18.157+0000] {override.py:1912} INFO - Created Permission View: menu access on DAG Run:example_branch_dop_operator_v3
[2025-04-02T19:04:18.176+0000] {logging_mixin.py:190} INFO - [2025-04-02T19:04:18.162+0000] {dag.py:3239} INFO - Sync 1 DAGs
[2025-04-02T19:04:18.284+0000] {logging_mixin.py:190} INFO - [2025-04-02T19:04:18.283+0000] {dag.py:3262} INFO - Creating ORM DAG for example_branch_dop_operator_v3
[2025-04-02T19:04:18.350+0000] {logging_mixin.py:190} INFO - [2025-04-02T19:04:18.349+0000] {dag.py:4180} INFO - Setting next_dagrun for example_branch_dop_operator_v3 to 2025-04-02 19:03:00+00:00, run_after=2025-04-02 19:04:00+00:00
[2025-04-02T19:04:18.546+0000] {processor.py:208} INFO - Processing /home/airflow/.local/lib/python3.12/site-packages/airflow/example_dags/example_branch_python_dop_operator_3.py took 1.302 seconds
[2025-04-02T19:04:48.918+0000] {processor.py:186} INFO - Started process (PID=215) to work on /home/airflow/.local/lib/python3.12/site-packages/airflow/example_dags/example_branch_python_dop_operator_3.py
[2025-04-02T19:04:48.921+0000] {processor.py:914} INFO - Processing file /home/airflow/.local/lib/python3.12/site-packages/airflow/example_dags/example_branch_python_dop_operator_3.py for tasks to queue
[2025-04-02T19:04:48.927+0000] {logging_mixin.py:190} INFO - [2025-04-02T19:04:48.926+0000] {dagbag.py:588} INFO - Filling up the DagBag from /home/airflow/.local/lib/python3.12/site-packages/airflow/example_dags/example_branch_python_dop_operator_3.py
[2025-04-02T19:04:48.965+0000] {processor.py:925} INFO - DAG(s) 'example_branch_dop_operator_v3' retrieved from /home/airflow/.local/lib/python3.12/site-packages/airflow/example_dags/example_branch_python_dop_operator_3.py
[2025-04-02T19:04:49.063+0000] {logging_mixin.py:190} INFO - [2025-04-02T19:04:49.062+0000] {dag.py:3239} INFO - Sync 1 DAGs
[2025-04-02T19:04:49.314+0000] {logging_mixin.py:190} INFO - [2025-04-02T19:04:49.313+0000] {dag.py:4180} INFO - Setting next_dagrun for example_branch_dop_operator_v3 to 2025-04-02 19:03:00+00:00, run_after=2025-04-02 19:04:00+00:00
[2025-04-02T19:04:49.397+0000] {processor.py:208} INFO - Processing /home/airflow/.local/lib/python3.12/site-packages/airflow/example_dags/example_branch_python_dop_operator_3.py took 0.511 seconds
[2025-04-02T19:05:32.130+0000] {processor.py:186} INFO - Started process (PID=290) to work on /home/airflow/.local/lib/python3.12/site-packages/airflow/example_dags/example_branch_python_dop_operator_3.py
[2025-04-02T19:05:32.133+0000] {processor.py:914} INFO - Processing file /home/airflow/.local/lib/python3.12/site-packages/airflow/example_dags/example_branch_python_dop_operator_3.py for tasks to queue
[2025-04-02T19:05:32.141+0000] {logging_mixin.py:190} INFO - [2025-04-02T19:05:32.140+0000] {dagbag.py:588} INFO - Filling up the DagBag from /home/airflow/.local/lib/python3.12/site-packages/airflow/example_dags/example_branch_python_dop_operator_3.py
[2025-04-02T19:05:32.174+0000] {processor.py:925} INFO - DAG(s) 'example_branch_dop_operator_v3' retrieved from /home/airflow/.local/lib/python3.12/site-packages/airflow/example_dags/example_branch_python_dop_operator_3.py
[2025-04-02T19:05:32.307+0000] {logging_mixin.py:190} INFO - [2025-04-02T19:05:32.307+0000] {dag.py:3239} INFO - Sync 1 DAGs
[2025-04-02T19:05:32.432+0000] {logging_mixin.py:190} INFO - [2025-04-02T19:05:32.432+0000] {dag.py:4180} INFO - Setting next_dagrun for example_branch_dop_operator_v3 to 2025-04-02 19:04:00+00:00, run_after=2025-04-02 19:05:00+00:00
[2025-04-02T19:05:32.512+0000] {processor.py:208} INFO - Processing /home/airflow/.local/lib/python3.12/site-packages/airflow/example_dags/example_branch_python_dop_operator_3.py took 0.399 seconds
[2025-04-02T19:06:02.688+0000] {processor.py:186} INFO - Started process (PID=354) to work on /home/airflow/.local/lib/python3.12/site-packages/airflow/example_dags/example_branch_python_dop_operator_3.py
[2025-04-02T19:06:02.690+0000] {processor.py:914} INFO - Processing file /home/airflow/.local/lib/python3.12/site-packages/airflow/example_dags/example_branch_python_dop_operator_3.py for tasks to queue
[2025-04-02T19:06:02.695+0000] {logging_mixin.py:190} INFO - [2025-04-02T19:06:02.694+0000] {dagbag.py:588} INFO - Filling up the DagBag from /home/airflow/.local/lib/python3.12/site-packages/airflow/example_dags/example_branch_python_dop_operator_3.py
[2025-04-02T19:06:02.721+0000] {processor.py:925} INFO - DAG(s) 'example_branch_dop_operator_v3' retrieved from /home/airflow/.local/lib/python3.12/site-packages/airflow/example_dags/example_branch_python_dop_operator_3.py
[2025-04-02T19:06:02.772+0000] {logging_mixin.py:190} INFO - [2025-04-02T19:06:02.771+0000] {dag.py:3239} INFO - Sync 1 DAGs
[2025-04-02T19:06:02.854+0000] {logging_mixin.py:190} INFO - [2025-04-02T19:06:02.853+0000] {dag.py:4180} INFO - Setting next_dagrun for example_branch_dop_operator_v3 to 2025-04-02 19:05:00+00:00, run_after=2025-04-02 19:06:00+00:00
[2025-04-02T19:06:02.894+0000] {processor.py:208} INFO - Processing /home/airflow/.local/lib/python3.12/site-packages/airflow/example_dags/example_branch_python_dop_operator_3.py took 0.218 seconds
[2025-04-02T19:06:45.908+0000] {processor.py:186} INFO - Started process (PID=427) to work on /home/airflow/.local/lib/python3.12/site-packages/airflow/example_dags/example_branch_python_dop_operator_3.py
[2025-04-02T19:06:45.954+0000] {processor.py:914} INFO - Processing file /home/airflow/.local/lib/python3.12/site-packages/airflow/example_dags/example_branch_python_dop_operator_3.py for tasks to queue
[2025-04-02T19:06:45.973+0000] {logging_mixin.py:190} INFO - [2025-04-02T19:06:45.972+0000] {dagbag.py:588} INFO - Filling up the DagBag from /home/airflow/.local/lib/python3.12/site-packages/airflow/example_dags/example_branch_python_dop_operator_3.py
[2025-04-02T19:06:46.092+0000] {processor.py:925} INFO - DAG(s) 'example_branch_dop_operator_v3' retrieved from /home/airflow/.local/lib/python3.12/site-packages/airflow/example_dags/example_branch_python_dop_operator_3.py
[2025-04-02T19:06:46.226+0000] {logging_mixin.py:190} INFO - [2025-04-02T19:06:46.225+0000] {dag.py:3239} INFO - Sync 1 DAGs
[2025-04-02T19:06:46.484+0000] {logging_mixin.py:190} INFO - [2025-04-02T19:06:46.483+0000] {dag.py:4180} INFO - Setting next_dagrun for example_branch_dop_operator_v3 to 2025-04-02 19:05:00+00:00, run_after=2025-04-02 19:06:00+00:00
[2025-04-02T19:06:46.614+0000] {processor.py:208} INFO - Processing /home/airflow/.local/lib/python3.12/site-packages/airflow/example_dags/example_branch_python_dop_operator_3.py took 0.770 seconds
[2025-04-02T19:07:26.804+0000] {processor.py:186} INFO - Started process (PID=491) to work on /home/airflow/.local/lib/python3.12/site-packages/airflow/example_dags/example_branch_python_dop_operator_3.py
[2025-04-02T19:07:26.808+0000] {processor.py:914} INFO - Processing file /home/airflow/.local/lib/python3.12/site-packages/airflow/example_dags/example_branch_python_dop_operator_3.py for tasks to queue
[2025-04-02T19:07:26.819+0000] {logging_mixin.py:190} INFO - [2025-04-02T19:07:26.818+0000] {dagbag.py:588} INFO - Filling up the DagBag from /home/airflow/.local/lib/python3.12/site-packages/airflow/example_dags/example_branch_python_dop_operator_3.py
[2025-04-02T19:07:26.840+0000] {processor.py:925} INFO - DAG(s) 'example_branch_dop_operator_v3' retrieved from /home/airflow/.local/lib/python3.12/site-packages/airflow/example_dags/example_branch_python_dop_operator_3.py
[2025-04-02T19:07:26.876+0000] {logging_mixin.py:190} INFO - [2025-04-02T19:07:26.876+0000] {dag.py:3239} INFO - Sync 1 DAGs
[2025-04-02T19:07:26.946+0000] {logging_mixin.py:190} INFO - [2025-04-02T19:07:26.945+0000] {dag.py:4180} INFO - Setting next_dagrun for example_branch_dop_operator_v3 to 2025-04-02 19:06:00+00:00, run_after=2025-04-02 19:07:00+00:00
[2025-04-02T19:07:27.015+0000] {processor.py:208} INFO - Processing /home/airflow/.local/lib/python3.12/site-packages/airflow/example_dags/example_branch_python_dop_operator_3.py took 0.232 seconds
[2025-04-02T19:08:05.968+0000] {processor.py:186} INFO - Started process (PID=563) to work on /home/airflow/.local/lib/python3.12/site-packages/airflow/example_dags/example_branch_python_dop_operator_3.py
[2025-04-02T19:08:05.979+0000] {processor.py:914} INFO - Processing file /home/airflow/.local/lib/python3.12/site-packages/airflow/example_dags/example_branch_python_dop_operator_3.py for tasks to queue
[2025-04-02T19:08:06.023+0000] {logging_mixin.py:190} INFO - [2025-04-02T19:08:06.022+0000] {dagbag.py:588} INFO - Filling up the DagBag from /home/airflow/.local/lib/python3.12/site-packages/airflow/example_dags/example_branch_python_dop_operator_3.py
[2025-04-02T19:08:06.131+0000] {processor.py:925} INFO - DAG(s) 'example_branch_dop_operator_v3' retrieved from /home/airflow/.local/lib/python3.12/site-packages/airflow/example_dags/example_branch_python_dop_operator_3.py
[2025-04-02T19:08:06.358+0000] {logging_mixin.py:190} INFO - [2025-04-02T19:08:06.356+0000] {dag.py:3239} INFO - Sync 1 DAGs
[2025-04-02T19:08:06.755+0000] {logging_mixin.py:190} INFO - [2025-04-02T19:08:06.754+0000] {dag.py:4180} INFO - Setting next_dagrun for example_branch_dop_operator_v3 to 2025-04-02 19:07:00+00:00, run_after=2025-04-02 19:08:00+00:00
[2025-04-02T19:08:07.095+0000] {processor.py:208} INFO - Processing /home/airflow/.local/lib/python3.12/site-packages/airflow/example_dags/example_branch_python_dop_operator_3.py took 1.165 seconds
[2025-04-02T19:09:04.096+0000] {processor.py:186} INFO - Started process (PID=642) to work on /home/airflow/.local/lib/python3.12/site-packages/airflow/example_dags/example_branch_python_dop_operator_3.py
[2025-04-02T19:09:04.103+0000] {processor.py:914} INFO - Processing file /home/airflow/.local/lib/python3.12/site-packages/airflow/example_dags/example_branch_python_dop_operator_3.py for tasks to queue
[2025-04-02T19:09:04.113+0000] {logging_mixin.py:190} INFO - [2025-04-02T19:09:04.112+0000] {dagbag.py:588} INFO - Filling up the DagBag from /home/airflow/.local/lib/python3.12/site-packages/airflow/example_dags/example_branch_python_dop_operator_3.py
[2025-04-02T19:09:04.193+0000] {processor.py:925} INFO - DAG(s) 'example_branch_dop_operator_v3' retrieved from /home/airflow/.local/lib/python3.12/site-packages/airflow/example_dags/example_branch_python_dop_operator_3.py
[2025-04-02T19:09:04.297+0000] {logging_mixin.py:190} INFO - [2025-04-02T19:09:04.296+0000] {dag.py:3239} INFO - Sync 1 DAGs
[2025-04-02T19:09:04.470+0000] {logging_mixin.py:190} INFO - [2025-04-02T19:09:04.469+0000] {dag.py:4180} INFO - Setting next_dagrun for example_branch_dop_operator_v3 to 2025-04-02 19:08:00+00:00, run_after=2025-04-02 19:09:00+00:00
[2025-04-02T19:09:04.574+0000] {processor.py:208} INFO - Processing /home/airflow/.local/lib/python3.12/site-packages/airflow/example_dags/example_branch_python_dop_operator_3.py took 0.503 seconds
[2025-04-02T19:10:35.338+0000] {processor.py:186} INFO - Started process (PID=732) to work on /home/airflow/.local/lib/python3.12/site-packages/airflow/example_dags/example_branch_python_dop_operator_3.py
[2025-04-02T19:10:35.340+0000] {processor.py:914} INFO - Processing file /home/airflow/.local/lib/python3.12/site-packages/airflow/example_dags/example_branch_python_dop_operator_3.py for tasks to queue
[2025-04-02T19:10:35.346+0000] {logging_mixin.py:190} INFO - [2025-04-02T19:10:35.345+0000] {dagbag.py:588} INFO - Filling up the DagBag from /home/airflow/.local/lib/python3.12/site-packages/airflow/example_dags/example_branch_python_dop_operator_3.py
[2025-04-02T19:10:35.385+0000] {processor.py:925} INFO - DAG(s) 'example_branch_dop_operator_v3' retrieved from /home/airflow/.local/lib/python3.12/site-packages/airflow/example_dags/example_branch_python_dop_operator_3.py
[2025-04-02T19:10:35.457+0000] {logging_mixin.py:190} INFO - [2025-04-02T19:10:35.455+0000] {dag.py:3239} INFO - Sync 1 DAGs
[2025-04-02T19:10:35.578+0000] {logging_mixin.py:190} INFO - [2025-04-02T19:10:35.577+0000] {dag.py:4180} INFO - Setting next_dagrun for example_branch_dop_operator_v3 to 2025-04-02 19:09:00+00:00, run_after=2025-04-02 19:10:00+00:00
[2025-04-02T19:10:35.627+0000] {processor.py:208} INFO - Processing /home/airflow/.local/lib/python3.12/site-packages/airflow/example_dags/example_branch_python_dop_operator_3.py took 0.304 seconds
[2025-04-02T19:11:11.474+0000] {processor.py:186} INFO - Started process (PID=794) to work on /home/airflow/.local/lib/python3.12/site-packages/airflow/example_dags/example_branch_python_dop_operator_3.py
[2025-04-02T19:11:11.478+0000] {processor.py:914} INFO - Processing file /home/airflow/.local/lib/python3.12/site-packages/airflow/example_dags/example_branch_python_dop_operator_3.py for tasks to queue
[2025-04-02T19:11:11.492+0000] {logging_mixin.py:190} INFO - [2025-04-02T19:11:11.492+0000] {dagbag.py:588} INFO - Filling up the DagBag from /home/airflow/.local/lib/python3.12/site-packages/airflow/example_dags/example_branch_python_dop_operator_3.py
[2025-04-02T19:11:11.601+0000] {processor.py:925} INFO - DAG(s) 'example_branch_dop_operator_v3' retrieved from /home/airflow/.local/lib/python3.12/site-packages/airflow/example_dags/example_branch_python_dop_operator_3.py
[2025-04-02T19:11:11.707+0000] {logging_mixin.py:190} INFO - [2025-04-02T19:11:11.706+0000] {dag.py:3239} INFO - Sync 1 DAGs
[2025-04-02T19:11:11.973+0000] {logging_mixin.py:190} INFO - [2025-04-02T19:11:11.973+0000] {dag.py:4180} INFO - Setting next_dagrun for example_branch_dop_operator_v3 to 2025-04-02 19:10:00+00:00, run_after=2025-04-02 19:11:00+00:00
[2025-04-02T19:11:12.150+0000] {processor.py:208} INFO - Processing /home/airflow/.local/lib/python3.12/site-packages/airflow/example_dags/example_branch_python_dop_operator_3.py took 0.704 seconds
[2025-04-02T19:11:43.141+0000] {processor.py:186} INFO - Started process (PID=857) to work on /home/airflow/.local/lib/python3.12/site-packages/airflow/example_dags/example_branch_python_dop_operator_3.py
[2025-04-02T19:11:43.143+0000] {processor.py:914} INFO - Processing file /home/airflow/.local/lib/python3.12/site-packages/airflow/example_dags/example_branch_python_dop_operator_3.py for tasks to queue
[2025-04-02T19:11:43.148+0000] {logging_mixin.py:190} INFO - [2025-04-02T19:11:43.147+0000] {dagbag.py:588} INFO - Filling up the DagBag from /home/airflow/.local/lib/python3.12/site-packages/airflow/example_dags/example_branch_python_dop_operator_3.py
[2025-04-02T19:11:43.175+0000] {processor.py:925} INFO - DAG(s) 'example_branch_dop_operator_v3' retrieved from /home/airflow/.local/lib/python3.12/site-packages/airflow/example_dags/example_branch_python_dop_operator_3.py
[2025-04-02T19:11:43.243+0000] {logging_mixin.py:190} INFO - [2025-04-02T19:11:43.242+0000] {dag.py:3239} INFO - Sync 1 DAGs
[2025-04-02T19:11:43.406+0000] {logging_mixin.py:190} INFO - [2025-04-02T19:11:43.405+0000] {dag.py:4180} INFO - Setting next_dagrun for example_branch_dop_operator_v3 to 2025-04-02 19:10:00+00:00, run_after=2025-04-02 19:11:00+00:00
[2025-04-02T19:11:43.487+0000] {processor.py:208} INFO - Processing /home/airflow/.local/lib/python3.12/site-packages/airflow/example_dags/example_branch_python_dop_operator_3.py took 0.360 seconds
[2025-04-02T19:12:19.055+0000] {processor.py:186} INFO - Started process (PID=924) to work on /home/airflow/.local/lib/python3.12/site-packages/airflow/example_dags/example_branch_python_dop_operator_3.py
[2025-04-02T19:12:19.063+0000] {processor.py:914} INFO - Processing file /home/airflow/.local/lib/python3.12/site-packages/airflow/example_dags/example_branch_python_dop_operator_3.py for tasks to queue
[2025-04-02T19:12:19.083+0000] {logging_mixin.py:190} INFO - [2025-04-02T19:12:19.081+0000] {dagbag.py:588} INFO - Filling up the DagBag from /home/airflow/.local/lib/python3.12/site-packages/airflow/example_dags/example_branch_python_dop_operator_3.py
[2025-04-02T19:12:19.155+0000] {processor.py:925} INFO - DAG(s) 'example_branch_dop_operator_v3' retrieved from /home/airflow/.local/lib/python3.12/site-packages/airflow/example_dags/example_branch_python_dop_operator_3.py
[2025-04-02T19:12:19.236+0000] {logging_mixin.py:190} INFO - [2025-04-02T19:12:19.235+0000] {dag.py:3239} INFO - Sync 1 DAGs
[2025-04-02T19:12:19.375+0000] {logging_mixin.py:190} INFO - [2025-04-02T19:12:19.375+0000] {dag.py:4180} INFO - Setting next_dagrun for example_branch_dop_operator_v3 to 2025-04-02 19:11:00+00:00, run_after=2025-04-02 19:12:00+00:00
[2025-04-02T19:12:19.464+0000] {processor.py:208} INFO - Processing /home/airflow/.local/lib/python3.12/site-packages/airflow/example_dags/example_branch_python_dop_operator_3.py took 0.442 seconds
[2025-04-02T19:12:57.189+0000] {processor.py:186} INFO - Started process (PID=988) to work on /home/airflow/.local/lib/python3.12/site-packages/airflow/example_dags/example_branch_python_dop_operator_3.py
[2025-04-02T19:12:57.191+0000] {processor.py:914} INFO - Processing file /home/airflow/.local/lib/python3.12/site-packages/airflow/example_dags/example_branch_python_dop_operator_3.py for tasks to queue
[2025-04-02T19:12:57.196+0000] {logging_mixin.py:190} INFO - [2025-04-02T19:12:57.195+0000] {dagbag.py:588} INFO - Filling up the DagBag from /home/airflow/.local/lib/python3.12/site-packages/airflow/example_dags/example_branch_python_dop_operator_3.py
[2025-04-02T19:12:57.215+0000] {processor.py:925} INFO - DAG(s) 'example_branch_dop_operator_v3' retrieved from /home/airflow/.local/lib/python3.12/site-packages/airflow/example_dags/example_branch_python_dop_operator_3.py
[2025-04-02T19:12:57.261+0000] {logging_mixin.py:190} INFO - [2025-04-02T19:12:57.261+0000] {dag.py:3239} INFO - Sync 1 DAGs
[2025-04-02T19:12:57.339+0000] {logging_mixin.py:190} INFO - [2025-04-02T19:12:57.339+0000] {dag.py:4180} INFO - Setting next_dagrun for example_branch_dop_operator_v3 to 2025-04-02 19:11:00+00:00, run_after=2025-04-02 19:12:00+00:00
[2025-04-02T19:12:57.393+0000] {processor.py:208} INFO - Processing /home/airflow/.local/lib/python3.12/site-packages/airflow/example_dags/example_branch_python_dop_operator_3.py took 0.218 seconds
[2025-04-02T19:13:47.590+0000] {processor.py:186} INFO - Started process (PID=1068) to work on /home/airflow/.local/lib/python3.12/site-packages/airflow/example_dags/example_branch_python_dop_operator_3.py
[2025-04-02T19:13:47.593+0000] {processor.py:914} INFO - Processing file /home/airflow/.local/lib/python3.12/site-packages/airflow/example_dags/example_branch_python_dop_operator_3.py for tasks to queue
[2025-04-02T19:13:47.601+0000] {logging_mixin.py:190} INFO - [2025-04-02T19:13:47.600+0000] {dagbag.py:588} INFO - Filling up the DagBag from /home/airflow/.local/lib/python3.12/site-packages/airflow/example_dags/example_branch_python_dop_operator_3.py
[2025-04-02T19:13:47.646+0000] {processor.py:925} INFO - DAG(s) 'example_branch_dop_operator_v3' retrieved from /home/airflow/.local/lib/python3.12/site-packages/airflow/example_dags/example_branch_python_dop_operator_3.py
[2025-04-02T19:13:47.834+0000] {logging_mixin.py:190} INFO - [2025-04-02T19:13:47.833+0000] {dag.py:3239} INFO - Sync 1 DAGs
[2025-04-02T19:13:47.980+0000] {logging_mixin.py:190} INFO - [2025-04-02T19:13:47.979+0000] {dag.py:4180} INFO - Setting next_dagrun for example_branch_dop_operator_v3 to 2025-04-02 19:12:00+00:00, run_after=2025-04-02 19:13:00+00:00
[2025-04-02T19:13:48.077+0000] {processor.py:208} INFO - Processing /home/airflow/.local/lib/python3.12/site-packages/airflow/example_dags/example_branch_python_dop_operator_3.py took 0.519 seconds
[2025-04-02T19:14:53.303+0000] {processor.py:186} INFO - Started process (PID=1147) to work on /home/airflow/.local/lib/python3.12/site-packages/airflow/example_dags/example_branch_python_dop_operator_3.py
[2025-04-02T19:14:53.306+0000] {processor.py:914} INFO - Processing file /home/airflow/.local/lib/python3.12/site-packages/airflow/example_dags/example_branch_python_dop_operator_3.py for tasks to queue
[2025-04-02T19:14:53.312+0000] {logging_mixin.py:190} INFO - [2025-04-02T19:14:53.311+0000] {dagbag.py:588} INFO - Filling up the DagBag from /home/airflow/.local/lib/python3.12/site-packages/airflow/example_dags/example_branch_python_dop_operator_3.py
[2025-04-02T19:14:53.374+0000] {processor.py:925} INFO - DAG(s) 'example_branch_dop_operator_v3' retrieved from /home/airflow/.local/lib/python3.12/site-packages/airflow/example_dags/example_branch_python_dop_operator_3.py
[2025-04-02T19:14:53.477+0000] {logging_mixin.py:190} INFO - [2025-04-02T19:14:53.476+0000] {dag.py:3239} INFO - Sync 1 DAGs
[2025-04-02T19:14:53.578+0000] {logging_mixin.py:190} INFO - [2025-04-02T19:14:53.578+0000] {dag.py:4180} INFO - Setting next_dagrun for example_branch_dop_operator_v3 to 2025-04-02 19:13:00+00:00, run_after=2025-04-02 19:14:00+00:00
[2025-04-02T19:14:53.656+0000] {processor.py:208} INFO - Processing /home/airflow/.local/lib/python3.12/site-packages/airflow/example_dags/example_branch_python_dop_operator_3.py took 0.372 seconds
[2025-04-02T19:15:48.960+0000] {processor.py:186} INFO - Started process (PID=1227) to work on /home/airflow/.local/lib/python3.12/site-packages/airflow/example_dags/example_branch_python_dop_operator_3.py
[2025-04-02T19:15:48.964+0000] {processor.py:914} INFO - Processing file /home/airflow/.local/lib/python3.12/site-packages/airflow/example_dags/example_branch_python_dop_operator_3.py for tasks to queue
[2025-04-02T19:15:48.977+0000] {logging_mixin.py:190} INFO - [2025-04-02T19:15:48.976+0000] {dagbag.py:588} INFO - Filling up the DagBag from /home/airflow/.local/lib/python3.12/site-packages/airflow/example_dags/example_branch_python_dop_operator_3.py
[2025-04-02T19:15:49.060+0000] {processor.py:925} INFO - DAG(s) 'example_branch_dop_operator_v3' retrieved from /home/airflow/.local/lib/python3.12/site-packages/airflow/example_dags/example_branch_python_dop_operator_3.py
[2025-04-02T19:15:49.207+0000] {logging_mixin.py:190} INFO - [2025-04-02T19:15:49.206+0000] {dag.py:3239} INFO - Sync 1 DAGs
[2025-04-02T19:15:49.380+0000] {logging_mixin.py:190} INFO - [2025-04-02T19:15:49.380+0000] {dag.py:4180} INFO - Setting next_dagrun for example_branch_dop_operator_v3 to 2025-04-02 19:14:00+00:00, run_after=2025-04-02 19:15:00+00:00
[2025-04-02T19:15:49.483+0000] {processor.py:208} INFO - Processing /home/airflow/.local/lib/python3.12/site-packages/airflow/example_dags/example_branch_python_dop_operator_3.py took 0.553 seconds
[2025-04-02T19:16:20.108+0000] {processor.py:186} INFO - Started process (PID=1289) to work on /home/airflow/.local/lib/python3.12/site-packages/airflow/example_dags/example_branch_python_dop_operator_3.py
[2025-04-02T19:16:20.110+0000] {processor.py:914} INFO - Processing file /home/airflow/.local/lib/python3.12/site-packages/airflow/example_dags/example_branch_python_dop_operator_3.py for tasks to queue
[2025-04-02T19:16:20.122+0000] {logging_mixin.py:190} INFO - [2025-04-02T19:16:20.121+0000] {dagbag.py:588} INFO - Filling up the DagBag from /home/airflow/.local/lib/python3.12/site-packages/airflow/example_dags/example_branch_python_dop_operator_3.py
[2025-04-02T19:16:20.156+0000] {processor.py:925} INFO - DAG(s) 'example_branch_dop_operator_v3' retrieved from /home/airflow/.local/lib/python3.12/site-packages/airflow/example_dags/example_branch_python_dop_operator_3.py
[2025-04-02T19:16:20.238+0000] {logging_mixin.py:190} INFO - [2025-04-02T19:16:20.238+0000] {dag.py:3239} INFO - Sync 1 DAGs
[2025-04-02T19:16:20.340+0000] {logging_mixin.py:190} INFO - [2025-04-02T19:16:20.340+0000] {dag.py:4180} INFO - Setting next_dagrun for example_branch_dop_operator_v3 to 2025-04-02 19:15:00+00:00, run_after=2025-04-02 19:16:00+00:00
[2025-04-02T19:16:20.386+0000] {processor.py:208} INFO - Processing /home/airflow/.local/lib/python3.12/site-packages/airflow/example_dags/example_branch_python_dop_operator_3.py took 0.296 seconds
[2025-04-02T19:17:08.112+0000] {processor.py:186} INFO - Started process (PID=1359) to work on /home/airflow/.local/lib/python3.12/site-packages/airflow/example_dags/example_branch_python_dop_operator_3.py
[2025-04-02T19:17:08.115+0000] {processor.py:914} INFO - Processing file /home/airflow/.local/lib/python3.12/site-packages/airflow/example_dags/example_branch_python_dop_operator_3.py for tasks to queue
[2025-04-02T19:17:08.134+0000] {logging_mixin.py:190} INFO - [2025-04-02T19:17:08.133+0000] {dagbag.py:588} INFO - Filling up the DagBag from /home/airflow/.local/lib/python3.12/site-packages/airflow/example_dags/example_branch_python_dop_operator_3.py
[2025-04-02T19:17:08.183+0000] {processor.py:925} INFO - DAG(s) 'example_branch_dop_operator_v3' retrieved from /home/airflow/.local/lib/python3.12/site-packages/airflow/example_dags/example_branch_python_dop_operator_3.py
[2025-04-02T19:17:08.302+0000] {logging_mixin.py:190} INFO - [2025-04-02T19:17:08.302+0000] {dag.py:3239} INFO - Sync 1 DAGs
[2025-04-02T19:17:08.618+0000] {logging_mixin.py:190} INFO - [2025-04-02T19:17:08.618+0000] {dag.py:4180} INFO - Setting next_dagrun for example_branch_dop_operator_v3 to 2025-04-02 19:16:00+00:00, run_after=2025-04-02 19:17:00+00:00
[2025-04-02T19:17:08.868+0000] {processor.py:208} INFO - Processing /home/airflow/.local/lib/python3.12/site-packages/airflow/example_dags/example_branch_python_dop_operator_3.py took 0.800 seconds
[2025-04-02T19:17:39.898+0000] {processor.py:186} INFO - Started process (PID=1422) to work on /home/airflow/.local/lib/python3.12/site-packages/airflow/example_dags/example_branch_python_dop_operator_3.py
[2025-04-02T19:17:39.901+0000] {processor.py:914} INFO - Processing file /home/airflow/.local/lib/python3.12/site-packages/airflow/example_dags/example_branch_python_dop_operator_3.py for tasks to queue
[2025-04-02T19:17:39.910+0000] {logging_mixin.py:190} INFO - [2025-04-02T19:17:39.909+0000] {dagbag.py:588} INFO - Filling up the DagBag from /home/airflow/.local/lib/python3.12/site-packages/airflow/example_dags/example_branch_python_dop_operator_3.py
[2025-04-02T19:17:39.958+0000] {processor.py:925} INFO - DAG(s) 'example_branch_dop_operator_v3' retrieved from /home/airflow/.local/lib/python3.12/site-packages/airflow/example_dags/example_branch_python_dop_operator_3.py
[2025-04-02T19:17:40.071+0000] {logging_mixin.py:190} INFO - [2025-04-02T19:17:40.070+0000] {dag.py:3239} INFO - Sync 1 DAGs
[2025-04-02T19:17:40.148+0000] {logging_mixin.py:190} INFO - [2025-04-02T19:17:40.147+0000] {dag.py:4180} INFO - Setting next_dagrun for example_branch_dop_operator_v3 to 2025-04-02 19:16:00+00:00, run_after=2025-04-02 19:17:00+00:00
[2025-04-02T19:17:40.219+0000] {processor.py:208} INFO - Processing /home/airflow/.local/lib/python3.12/site-packages/airflow/example_dags/example_branch_python_dop_operator_3.py took 0.341 seconds
[2025-04-02T19:18:12.433+0000] {processor.py:186} INFO - Started process (PID=1485) to work on /home/airflow/.local/lib/python3.12/site-packages/airflow/example_dags/example_branch_python_dop_operator_3.py
[2025-04-02T19:18:12.436+0000] {processor.py:914} INFO - Processing file /home/airflow/.local/lib/python3.12/site-packages/airflow/example_dags/example_branch_python_dop_operator_3.py for tasks to queue
[2025-04-02T19:18:12.451+0000] {logging_mixin.py:190} INFO - [2025-04-02T19:18:12.450+0000] {dagbag.py:588} INFO - Filling up the DagBag from /home/airflow/.local/lib/python3.12/site-packages/airflow/example_dags/example_branch_python_dop_operator_3.py
[2025-04-02T19:18:12.519+0000] {processor.py:925} INFO - DAG(s) 'example_branch_dop_operator_v3' retrieved from /home/airflow/.local/lib/python3.12/site-packages/airflow/example_dags/example_branch_python_dop_operator_3.py
[2025-04-02T19:18:12.612+0000] {logging_mixin.py:190} INFO - [2025-04-02T19:18:12.611+0000] {dag.py:3239} INFO - Sync 1 DAGs
[2025-04-02T19:18:12.813+0000] {logging_mixin.py:190} INFO - [2025-04-02T19:18:12.813+0000] {dag.py:4180} INFO - Setting next_dagrun for example_branch_dop_operator_v3 to 2025-04-02 19:17:00+00:00, run_after=2025-04-02 19:18:00+00:00
[2025-04-02T19:18:12.935+0000] {processor.py:208} INFO - Processing /home/airflow/.local/lib/python3.12/site-packages/airflow/example_dags/example_branch_python_dop_operator_3.py took 0.530 seconds
[2025-04-02T19:18:47.853+0000] {processor.py:186} INFO - Started process (PID=1547) to work on /home/airflow/.local/lib/python3.12/site-packages/airflow/example_dags/example_branch_python_dop_operator_3.py
[2025-04-02T19:18:47.867+0000] {processor.py:914} INFO - Processing file /home/airflow/.local/lib/python3.12/site-packages/airflow/example_dags/example_branch_python_dop_operator_3.py for tasks to queue
[2025-04-02T19:18:47.913+0000] {logging_mixin.py:190} INFO - [2025-04-02T19:18:47.912+0000] {dagbag.py:588} INFO - Filling up the DagBag from /home/airflow/.local/lib/python3.12/site-packages/airflow/example_dags/example_branch_python_dop_operator_3.py
[2025-04-02T19:18:48.056+0000] {processor.py:925} INFO - DAG(s) 'example_branch_dop_operator_v3' retrieved from /home/airflow/.local/lib/python3.12/site-packages/airflow/example_dags/example_branch_python_dop_operator_3.py
[2025-04-02T19:18:48.263+0000] {logging_mixin.py:190} INFO - [2025-04-02T19:18:48.263+0000] {dag.py:3239} INFO - Sync 1 DAGs
[2025-04-02T19:18:48.765+0000] {logging_mixin.py:190} INFO - [2025-04-02T19:18:48.765+0000] {dag.py:4180} INFO - Setting next_dagrun for example_branch_dop_operator_v3 to 2025-04-02 19:17:00+00:00, run_after=2025-04-02 19:18:00+00:00
[2025-04-02T19:18:49.031+0000] {processor.py:208} INFO - Processing /home/airflow/.local/lib/python3.12/site-packages/airflow/example_dags/example_branch_python_dop_operator_3.py took 1.234 seconds
[2025-04-02T19:19:21.621+0000] {processor.py:186} INFO - Started process (PID=1609) to work on /home/airflow/.local/lib/python3.12/site-packages/airflow/example_dags/example_branch_python_dop_operator_3.py
[2025-04-02T19:19:21.638+0000] {processor.py:914} INFO - Processing file /home/airflow/.local/lib/python3.12/site-packages/airflow/example_dags/example_branch_python_dop_operator_3.py for tasks to queue
[2025-04-02T19:19:21.702+0000] {logging_mixin.py:190} INFO - [2025-04-02T19:19:21.700+0000] {dagbag.py:588} INFO - Filling up the DagBag from /home/airflow/.local/lib/python3.12/site-packages/airflow/example_dags/example_branch_python_dop_operator_3.py
[2025-04-02T19:19:21.798+0000] {processor.py:925} INFO - DAG(s) 'example_branch_dop_operator_v3' retrieved from /home/airflow/.local/lib/python3.12/site-packages/airflow/example_dags/example_branch_python_dop_operator_3.py
[2025-04-02T19:19:21.954+0000] {logging_mixin.py:190} INFO - [2025-04-02T19:19:21.953+0000] {dag.py:3239} INFO - Sync 1 DAGs
[2025-04-02T19:19:22.225+0000] {logging_mixin.py:190} INFO - [2025-04-02T19:19:22.224+0000] {dag.py:4180} INFO - Setting next_dagrun for example_branch_dop_operator_v3 to 2025-04-02 19:18:00+00:00, run_after=2025-04-02 19:19:00+00:00
[2025-04-02T19:19:22.453+0000] {processor.py:208} INFO - Processing /home/airflow/.local/lib/python3.12/site-packages/airflow/example_dags/example_branch_python_dop_operator_3.py took 0.887 seconds
[2025-04-02T19:20:27.078+0000] {processor.py:186} INFO - Started process (PID=1692) to work on /home/airflow/.local/lib/python3.12/site-packages/airflow/example_dags/example_branch_python_dop_operator_3.py
[2025-04-02T19:20:27.081+0000] {processor.py:914} INFO - Processing file /home/airflow/.local/lib/python3.12/site-packages/airflow/example_dags/example_branch_python_dop_operator_3.py for tasks to queue
[2025-04-02T19:20:27.091+0000] {logging_mixin.py:190} INFO - [2025-04-02T19:20:27.088+0000] {dagbag.py:588} INFO - Filling up the DagBag from /home/airflow/.local/lib/python3.12/site-packages/airflow/example_dags/example_branch_python_dop_operator_3.py
[2025-04-02T19:20:27.148+0000] {processor.py:925} INFO - DAG(s) 'example_branch_dop_operator_v3' retrieved from /home/airflow/.local/lib/python3.12/site-packages/airflow/example_dags/example_branch_python_dop_operator_3.py
[2025-04-02T19:20:27.191+0000] {logging_mixin.py:190} INFO - [2025-04-02T19:20:27.190+0000] {dag.py:3239} INFO - Sync 1 DAGs
[2025-04-02T19:20:27.269+0000] {logging_mixin.py:190} INFO - [2025-04-02T19:20:27.269+0000] {dag.py:4180} INFO - Setting next_dagrun for example_branch_dop_operator_v3 to 2025-04-02 19:19:00+00:00, run_after=2025-04-02 19:20:00+00:00
[2025-04-02T19:20:27.340+0000] {processor.py:208} INFO - Processing /home/airflow/.local/lib/python3.12/site-packages/airflow/example_dags/example_branch_python_dop_operator_3.py took 0.282 seconds
[2025-04-02T19:21:04.635+0000] {processor.py:186} INFO - Started process (PID=1763) to work on /home/airflow/.local/lib/python3.12/site-packages/airflow/example_dags/example_branch_python_dop_operator_3.py
[2025-04-02T19:21:04.638+0000] {processor.py:914} INFO - Processing file /home/airflow/.local/lib/python3.12/site-packages/airflow/example_dags/example_branch_python_dop_operator_3.py for tasks to queue
[2025-04-02T19:21:04.647+0000] {logging_mixin.py:190} INFO - [2025-04-02T19:21:04.645+0000] {dagbag.py:588} INFO - Filling up the DagBag from /home/airflow/.local/lib/python3.12/site-packages/airflow/example_dags/example_branch_python_dop_operator_3.py
[2025-04-02T19:21:04.698+0000] {processor.py:925} INFO - DAG(s) 'example_branch_dop_operator_v3' retrieved from /home/airflow/.local/lib/python3.12/site-packages/airflow/example_dags/example_branch_python_dop_operator_3.py
[2025-04-02T19:21:04.817+0000] {logging_mixin.py:190} INFO - [2025-04-02T19:21:04.816+0000] {dag.py:3239} INFO - Sync 1 DAGs
[2025-04-02T19:21:04.956+0000] {logging_mixin.py:190} INFO - [2025-04-02T19:21:04.956+0000] {dag.py:4180} INFO - Setting next_dagrun for example_branch_dop_operator_v3 to 2025-04-02 19:20:00+00:00, run_after=2025-04-02 19:21:00+00:00
[2025-04-02T19:21:05.078+0000] {processor.py:208} INFO - Processing /home/airflow/.local/lib/python3.12/site-packages/airflow/example_dags/example_branch_python_dop_operator_3.py took 0.491 seconds
[2025-04-02T19:21:46.649+0000] {processor.py:186} INFO - Started process (PID=1837) to work on /home/airflow/.local/lib/python3.12/site-packages/airflow/example_dags/example_branch_python_dop_operator_3.py
[2025-04-02T19:21:46.652+0000] {processor.py:914} INFO - Processing file /home/airflow/.local/lib/python3.12/site-packages/airflow/example_dags/example_branch_python_dop_operator_3.py for tasks to queue
[2025-04-02T19:21:46.660+0000] {logging_mixin.py:190} INFO - [2025-04-02T19:21:46.659+0000] {dagbag.py:588} INFO - Filling up the DagBag from /home/airflow/.local/lib/python3.12/site-packages/airflow/example_dags/example_branch_python_dop_operator_3.py
[2025-04-02T19:21:46.705+0000] {processor.py:925} INFO - DAG(s) 'example_branch_dop_operator_v3' retrieved from /home/airflow/.local/lib/python3.12/site-packages/airflow/example_dags/example_branch_python_dop_operator_3.py
[2025-04-02T19:21:46.802+0000] {logging_mixin.py:190} INFO - [2025-04-02T19:21:46.801+0000] {dag.py:3239} INFO - Sync 1 DAGs
[2025-04-02T19:21:46.877+0000] {logging_mixin.py:190} INFO - [2025-04-02T19:21:46.876+0000] {dag.py:4180} INFO - Setting next_dagrun for example_branch_dop_operator_v3 to 2025-04-02 19:20:00+00:00, run_after=2025-04-02 19:21:00+00:00
[2025-04-02T19:21:46.972+0000] {processor.py:208} INFO - Processing /home/airflow/.local/lib/python3.12/site-packages/airflow/example_dags/example_branch_python_dop_operator_3.py took 0.345 seconds
[2025-04-02T19:22:30.560+0000] {processor.py:186} INFO - Started process (PID=1900) to work on /home/airflow/.local/lib/python3.12/site-packages/airflow/example_dags/example_branch_python_dop_operator_3.py
[2025-04-02T19:22:30.570+0000] {processor.py:914} INFO - Processing file /home/airflow/.local/lib/python3.12/site-packages/airflow/example_dags/example_branch_python_dop_operator_3.py for tasks to queue
[2025-04-02T19:22:30.587+0000] {logging_mixin.py:190} INFO - [2025-04-02T19:22:30.586+0000] {dagbag.py:588} INFO - Filling up the DagBag from /home/airflow/.local/lib/python3.12/site-packages/airflow/example_dags/example_branch_python_dop_operator_3.py
[2025-04-02T19:22:30.660+0000] {processor.py:925} INFO - DAG(s) 'example_branch_dop_operator_v3' retrieved from /home/airflow/.local/lib/python3.12/site-packages/airflow/example_dags/example_branch_python_dop_operator_3.py
[2025-04-02T19:22:30.824+0000] {logging_mixin.py:190} INFO - [2025-04-02T19:22:30.823+0000] {dag.py:3239} INFO - Sync 1 DAGs
[2025-04-02T19:22:31.063+0000] {logging_mixin.py:190} INFO - [2025-04-02T19:22:31.062+0000] {dag.py:4180} INFO - Setting next_dagrun for example_branch_dop_operator_v3 to 2025-04-02 19:21:00+00:00, run_after=2025-04-02 19:22:00+00:00
[2025-04-02T19:22:31.460+0000] {processor.py:208} INFO - Processing /home/airflow/.local/lib/python3.12/site-packages/airflow/example_dags/example_branch_python_dop_operator_3.py took 0.949 seconds
[2025-04-02T19:23:12.449+0000] {processor.py:186} INFO - Started process (PID=1976) to work on /home/airflow/.local/lib/python3.12/site-packages/airflow/example_dags/example_branch_python_dop_operator_3.py
[2025-04-02T19:23:12.454+0000] {processor.py:914} INFO - Processing file /home/airflow/.local/lib/python3.12/site-packages/airflow/example_dags/example_branch_python_dop_operator_3.py for tasks to queue
[2025-04-02T19:23:12.470+0000] {logging_mixin.py:190} INFO - [2025-04-02T19:23:12.469+0000] {dagbag.py:588} INFO - Filling up the DagBag from /home/airflow/.local/lib/python3.12/site-packages/airflow/example_dags/example_branch_python_dop_operator_3.py
[2025-04-02T19:23:12.509+0000] {processor.py:925} INFO - DAG(s) 'example_branch_dop_operator_v3' retrieved from /home/airflow/.local/lib/python3.12/site-packages/airflow/example_dags/example_branch_python_dop_operator_3.py
[2025-04-02T19:23:12.567+0000] {logging_mixin.py:190} INFO - [2025-04-02T19:23:12.566+0000] {dag.py:3239} INFO - Sync 1 DAGs
[2025-04-02T19:23:12.713+0000] {logging_mixin.py:190} INFO - [2025-04-02T19:23:12.713+0000] {dag.py:4180} INFO - Setting next_dagrun for example_branch_dop_operator_v3 to 2025-04-02 19:22:00+00:00, run_after=2025-04-02 19:23:00+00:00
[2025-04-02T19:23:12.793+0000] {processor.py:208} INFO - Processing /home/airflow/.local/lib/python3.12/site-packages/airflow/example_dags/example_branch_python_dop_operator_3.py took 0.368 seconds
[2025-04-02T19:23:59.000+0000] {processor.py:186} INFO - Started process (PID=2041) to work on /home/airflow/.local/lib/python3.12/site-packages/airflow/example_dags/example_branch_python_dop_operator_3.py
[2025-04-02T19:23:59.011+0000] {processor.py:914} INFO - Processing file /home/airflow/.local/lib/python3.12/site-packages/airflow/example_dags/example_branch_python_dop_operator_3.py for tasks to queue
[2025-04-02T19:23:59.022+0000] {logging_mixin.py:190} INFO - [2025-04-02T19:23:59.018+0000] {dagbag.py:588} INFO - Filling up the DagBag from /home/airflow/.local/lib/python3.12/site-packages/airflow/example_dags/example_branch_python_dop_operator_3.py
[2025-04-02T19:23:59.062+0000] {processor.py:925} INFO - DAG(s) 'example_branch_dop_operator_v3' retrieved from /home/airflow/.local/lib/python3.12/site-packages/airflow/example_dags/example_branch_python_dop_operator_3.py
[2025-04-02T19:23:59.135+0000] {logging_mixin.py:190} INFO - [2025-04-02T19:23:59.134+0000] {dag.py:3239} INFO - Sync 1 DAGs
[2025-04-02T19:23:59.258+0000] {logging_mixin.py:190} INFO - [2025-04-02T19:23:59.257+0000] {dag.py:4180} INFO - Setting next_dagrun for example_branch_dop_operator_v3 to 2025-04-02 19:22:00+00:00, run_after=2025-04-02 19:23:00+00:00
[2025-04-02T19:23:59.367+0000] {processor.py:208} INFO - Processing /home/airflow/.local/lib/python3.12/site-packages/airflow/example_dags/example_branch_python_dop_operator_3.py took 0.388 seconds
[2025-04-02T19:24:30.108+0000] {processor.py:186} INFO - Started process (PID=2104) to work on /home/airflow/.local/lib/python3.12/site-packages/airflow/example_dags/example_branch_python_dop_operator_3.py
[2025-04-02T19:24:30.110+0000] {processor.py:914} INFO - Processing file /home/airflow/.local/lib/python3.12/site-packages/airflow/example_dags/example_branch_python_dop_operator_3.py for tasks to queue
[2025-04-02T19:24:30.116+0000] {logging_mixin.py:190} INFO - [2025-04-02T19:24:30.116+0000] {dagbag.py:588} INFO - Filling up the DagBag from /home/airflow/.local/lib/python3.12/site-packages/airflow/example_dags/example_branch_python_dop_operator_3.py
[2025-04-02T19:24:30.146+0000] {processor.py:925} INFO - DAG(s) 'example_branch_dop_operator_v3' retrieved from /home/airflow/.local/lib/python3.12/site-packages/airflow/example_dags/example_branch_python_dop_operator_3.py
[2025-04-02T19:24:30.190+0000] {logging_mixin.py:190} INFO - [2025-04-02T19:24:30.189+0000] {dag.py:3239} INFO - Sync 1 DAGs
[2025-04-02T19:24:30.256+0000] {logging_mixin.py:190} INFO - [2025-04-02T19:24:30.255+0000] {dag.py:4180} INFO - Setting next_dagrun for example_branch_dop_operator_v3 to 2025-04-02 19:23:00+00:00, run_after=2025-04-02 19:24:00+00:00
[2025-04-02T19:24:30.291+0000] {processor.py:208} INFO - Processing /home/airflow/.local/lib/python3.12/site-packages/airflow/example_dags/example_branch_python_dop_operator_3.py took 0.193 seconds
