[2025-04-02T19:03:17.511+0000] {processor.py:186} INFO - Started process (PID=107) to work on /home/airflow/.local/lib/python3.12/site-packages/airflow/example_dags/example_inlet_event_extra.py
[2025-04-02T19:03:17.521+0000] {processor.py:914} INFO - Processing file /home/airflow/.local/lib/python3.12/site-packages/airflow/example_dags/example_inlet_event_extra.py for tasks to queue
[2025-04-02T19:03:17.526+0000] {logging_mixin.py:190} INFO - [2025-04-02T19:03:17.525+0000] {dagbag.py:588} INFO - Filling up the DagBag from /home/airflow/.local/lib/python3.12/site-packages/airflow/example_dags/example_inlet_event_extra.py
[2025-04-02T19:03:25.667+0000] {processor.py:925} INFO - DAG(s) 'read_dataset_event_from_classic', 'read_dataset_event' retrieved from /home/airflow/.local/lib/python3.12/site-packages/airflow/example_dags/example_inlet_event_extra.py
[2025-04-02T19:03:28.022+0000] {logging_mixin.py:190} INFO - [2025-04-02T19:03:28.009+0000] {override.py:1912} INFO - Created Permission View: can delete on DAG:read_dataset_event_from_classic
[2025-04-02T19:03:28.188+0000] {logging_mixin.py:190} INFO - [2025-04-02T19:03:28.187+0000] {override.py:1912} INFO - Created Permission View: can edit on DAG:read_dataset_event_from_classic
[2025-04-02T19:03:28.304+0000] {logging_mixin.py:190} INFO - [2025-04-02T19:03:28.303+0000] {override.py:1912} INFO - Created Permission View: can read on DAG:read_dataset_event_from_classic
[2025-04-02T19:03:28.363+0000] {logging_mixin.py:190} INFO - [2025-04-02T19:03:28.361+0000] {override.py:1912} INFO - Created Permission View: can delete on DAG Run:read_dataset_event_from_classic
[2025-04-02T19:03:28.448+0000] {logging_mixin.py:190} INFO - [2025-04-02T19:03:28.446+0000] {override.py:1912} INFO - Created Permission View: can read on DAG Run:read_dataset_event_from_classic
[2025-04-02T19:03:28.572+0000] {logging_mixin.py:190} INFO - [2025-04-02T19:03:28.568+0000] {override.py:1912} INFO - Created Permission View: can create on DAG Run:read_dataset_event_from_classic
[2025-04-02T19:03:28.620+0000] {logging_mixin.py:190} INFO - [2025-04-02T19:03:28.619+0000] {override.py:1912} INFO - Created Permission View: menu access on DAG Run:read_dataset_event_from_classic
[2025-04-02T19:03:28.792+0000] {logging_mixin.py:190} INFO - [2025-04-02T19:03:28.791+0000] {override.py:1912} INFO - Created Permission View: can delete on DAG:read_dataset_event
[2025-04-02T19:03:28.934+0000] {logging_mixin.py:190} INFO - [2025-04-02T19:03:28.933+0000] {override.py:1912} INFO - Created Permission View: can edit on DAG:read_dataset_event
[2025-04-02T19:03:29.039+0000] {logging_mixin.py:190} INFO - [2025-04-02T19:03:29.038+0000] {override.py:1912} INFO - Created Permission View: can read on DAG:read_dataset_event
[2025-04-02T19:03:29.166+0000] {logging_mixin.py:190} INFO - [2025-04-02T19:03:29.165+0000] {override.py:1912} INFO - Created Permission View: can delete on DAG Run:read_dataset_event
[2025-04-02T19:03:29.286+0000] {logging_mixin.py:190} INFO - [2025-04-02T19:03:29.285+0000] {override.py:1912} INFO - Created Permission View: can read on DAG Run:read_dataset_event
[2025-04-02T19:03:29.403+0000] {logging_mixin.py:190} INFO - [2025-04-02T19:03:29.402+0000] {override.py:1912} INFO - Created Permission View: can create on DAG Run:read_dataset_event
[2025-04-02T19:03:29.646+0000] {logging_mixin.py:190} INFO - [2025-04-02T19:03:29.645+0000] {override.py:1912} INFO - Created Permission View: menu access on DAG Run:read_dataset_event
[2025-04-02T19:03:29.741+0000] {logging_mixin.py:190} INFO - [2025-04-02T19:03:29.740+0000] {dag.py:3239} INFO - Sync 2 DAGs
[2025-04-02T19:03:30.006+0000] {logging_mixin.py:190} INFO - [2025-04-02T19:03:30.005+0000] {dag.py:3262} INFO - Creating ORM DAG for read_dataset_event_from_classic
[2025-04-02T19:03:30.022+0000] {logging_mixin.py:190} INFO - [2025-04-02T19:03:30.021+0000] {dag.py:3262} INFO - Creating ORM DAG for read_dataset_event
[2025-04-02T19:03:30.126+0000] {logging_mixin.py:190} INFO - [2025-04-02T19:03:30.126+0000] {dag.py:4180} INFO - Setting next_dagrun for read_dataset_event to 2025-04-01 00:00:00+00:00, run_after=2025-04-02 00:00:00+00:00
[2025-04-02T19:03:30.185+0000] {logging_mixin.py:190} INFO - [2025-04-02T19:03:30.184+0000] {dag.py:4180} INFO - Setting next_dagrun for read_dataset_event_from_classic to 2025-04-01 00:00:00+00:00, run_after=2025-04-02 00:00:00+00:00
[2025-04-02T19:03:30.408+0000] {processor.py:208} INFO - Processing /home/airflow/.local/lib/python3.12/site-packages/airflow/example_dags/example_inlet_event_extra.py took 12.930 seconds
[2025-04-02T19:04:32.417+0000] {processor.py:186} INFO - Started process (PID=182) to work on /home/airflow/.local/lib/python3.12/site-packages/airflow/example_dags/example_inlet_event_extra.py
[2025-04-02T19:04:32.424+0000] {processor.py:914} INFO - Processing file /home/airflow/.local/lib/python3.12/site-packages/airflow/example_dags/example_inlet_event_extra.py for tasks to queue
[2025-04-02T19:04:32.429+0000] {logging_mixin.py:190} INFO - [2025-04-02T19:04:32.428+0000] {dagbag.py:588} INFO - Filling up the DagBag from /home/airflow/.local/lib/python3.12/site-packages/airflow/example_dags/example_inlet_event_extra.py
[2025-04-02T19:04:36.986+0000] {processor.py:925} INFO - DAG(s) 'read_dataset_event', 'read_dataset_event_from_classic' retrieved from /home/airflow/.local/lib/python3.12/site-packages/airflow/example_dags/example_inlet_event_extra.py
[2025-04-02T19:04:37.222+0000] {logging_mixin.py:190} INFO - [2025-04-02T19:04:37.221+0000] {dag.py:3239} INFO - Sync 2 DAGs
[2025-04-02T19:04:37.340+0000] {logging_mixin.py:190} INFO - [2025-04-02T19:04:37.339+0000] {dag.py:4180} INFO - Setting next_dagrun for read_dataset_event to 2025-04-01 00:00:00+00:00, run_after=2025-04-02 00:00:00+00:00
[2025-04-02T19:04:37.410+0000] {logging_mixin.py:190} INFO - [2025-04-02T19:04:37.407+0000] {dag.py:4180} INFO - Setting next_dagrun for read_dataset_event_from_classic to 2025-04-01 00:00:00+00:00, run_after=2025-04-02 00:00:00+00:00
[2025-04-02T19:04:37.506+0000] {processor.py:208} INFO - Processing /home/airflow/.local/lib/python3.12/site-packages/airflow/example_dags/example_inlet_event_extra.py took 5.105 seconds
[2025-04-02T19:05:08.086+0000] {processor.py:186} INFO - Started process (PID=246) to work on /home/airflow/.local/lib/python3.12/site-packages/airflow/example_dags/example_inlet_event_extra.py
[2025-04-02T19:05:08.090+0000] {processor.py:914} INFO - Processing file /home/airflow/.local/lib/python3.12/site-packages/airflow/example_dags/example_inlet_event_extra.py for tasks to queue
[2025-04-02T19:05:08.105+0000] {logging_mixin.py:190} INFO - [2025-04-02T19:05:08.104+0000] {dagbag.py:588} INFO - Filling up the DagBag from /home/airflow/.local/lib/python3.12/site-packages/airflow/example_dags/example_inlet_event_extra.py
[2025-04-02T19:05:12.578+0000] {processor.py:925} INFO - DAG(s) 'read_dataset_event', 'read_dataset_event_from_classic' retrieved from /home/airflow/.local/lib/python3.12/site-packages/airflow/example_dags/example_inlet_event_extra.py
[2025-04-02T19:05:12.714+0000] {logging_mixin.py:190} INFO - [2025-04-02T19:05:12.713+0000] {dag.py:3239} INFO - Sync 2 DAGs
[2025-04-02T19:05:12.968+0000] {logging_mixin.py:190} INFO - [2025-04-02T19:05:12.966+0000] {dag.py:4180} INFO - Setting next_dagrun for read_dataset_event to 2025-04-01 00:00:00+00:00, run_after=2025-04-02 00:00:00+00:00
[2025-04-02T19:05:13.060+0000] {logging_mixin.py:190} INFO - [2025-04-02T19:05:13.059+0000] {dag.py:4180} INFO - Setting next_dagrun for read_dataset_event_from_classic to 2025-04-01 00:00:00+00:00, run_after=2025-04-02 00:00:00+00:00
[2025-04-02T19:05:13.186+0000] {processor.py:208} INFO - Processing /home/airflow/.local/lib/python3.12/site-packages/airflow/example_dags/example_inlet_event_extra.py took 5.124 seconds
[2025-04-02T19:05:44.216+0000] {processor.py:186} INFO - Started process (PID=309) to work on /home/airflow/.local/lib/python3.12/site-packages/airflow/example_dags/example_inlet_event_extra.py
[2025-04-02T19:05:44.220+0000] {processor.py:914} INFO - Processing file /home/airflow/.local/lib/python3.12/site-packages/airflow/example_dags/example_inlet_event_extra.py for tasks to queue
[2025-04-02T19:05:44.231+0000] {logging_mixin.py:190} INFO - [2025-04-02T19:05:44.230+0000] {dagbag.py:588} INFO - Filling up the DagBag from /home/airflow/.local/lib/python3.12/site-packages/airflow/example_dags/example_inlet_event_extra.py
[2025-04-02T19:05:46.347+0000] {processor.py:925} INFO - DAG(s) 'read_dataset_event_from_classic', 'read_dataset_event' retrieved from /home/airflow/.local/lib/python3.12/site-packages/airflow/example_dags/example_inlet_event_extra.py
[2025-04-02T19:05:46.488+0000] {logging_mixin.py:190} INFO - [2025-04-02T19:05:46.488+0000] {dag.py:3239} INFO - Sync 2 DAGs
[2025-04-02T19:05:46.636+0000] {logging_mixin.py:190} INFO - [2025-04-02T19:05:46.629+0000] {dag.py:4180} INFO - Setting next_dagrun for read_dataset_event to 2025-04-01 00:00:00+00:00, run_after=2025-04-02 00:00:00+00:00
[2025-04-02T19:05:46.659+0000] {logging_mixin.py:190} INFO - [2025-04-02T19:05:46.657+0000] {dag.py:4180} INFO - Setting next_dagrun for read_dataset_event_from_classic to 2025-04-01 00:00:00+00:00, run_after=2025-04-02 00:00:00+00:00
[2025-04-02T19:05:46.736+0000] {processor.py:208} INFO - Processing /home/airflow/.local/lib/python3.12/site-packages/airflow/example_dags/example_inlet_event_extra.py took 2.561 seconds
[2025-04-02T19:06:16.871+0000] {processor.py:186} INFO - Started process (PID=374) to work on /home/airflow/.local/lib/python3.12/site-packages/airflow/example_dags/example_inlet_event_extra.py
[2025-04-02T19:06:16.872+0000] {processor.py:914} INFO - Processing file /home/airflow/.local/lib/python3.12/site-packages/airflow/example_dags/example_inlet_event_extra.py for tasks to queue
[2025-04-02T19:06:16.876+0000] {logging_mixin.py:190} INFO - [2025-04-02T19:06:16.876+0000] {dagbag.py:588} INFO - Filling up the DagBag from /home/airflow/.local/lib/python3.12/site-packages/airflow/example_dags/example_inlet_event_extra.py
[2025-04-02T19:06:18.500+0000] {processor.py:925} INFO - DAG(s) 'read_dataset_event_from_classic', 'read_dataset_event' retrieved from /home/airflow/.local/lib/python3.12/site-packages/airflow/example_dags/example_inlet_event_extra.py
[2025-04-02T19:06:18.643+0000] {logging_mixin.py:190} INFO - [2025-04-02T19:06:18.642+0000] {dag.py:3239} INFO - Sync 2 DAGs
[2025-04-02T19:06:18.737+0000] {logging_mixin.py:190} INFO - [2025-04-02T19:06:18.737+0000] {dag.py:4180} INFO - Setting next_dagrun for read_dataset_event to 2025-04-01 00:00:00+00:00, run_after=2025-04-02 00:00:00+00:00
[2025-04-02T19:06:18.747+0000] {logging_mixin.py:190} INFO - [2025-04-02T19:06:18.747+0000] {dag.py:4180} INFO - Setting next_dagrun for read_dataset_event_from_classic to 2025-04-01 00:00:00+00:00, run_after=2025-04-02 00:00:00+00:00
[2025-04-02T19:06:18.786+0000] {processor.py:208} INFO - Processing /home/airflow/.local/lib/python3.12/site-packages/airflow/example_dags/example_inlet_event_extra.py took 1.927 seconds
[2025-04-02T19:06:50.758+0000] {processor.py:186} INFO - Started process (PID=435) to work on /home/airflow/.local/lib/python3.12/site-packages/airflow/example_dags/example_inlet_event_extra.py
[2025-04-02T19:06:50.761+0000] {processor.py:914} INFO - Processing file /home/airflow/.local/lib/python3.12/site-packages/airflow/example_dags/example_inlet_event_extra.py for tasks to queue
[2025-04-02T19:06:50.777+0000] {logging_mixin.py:190} INFO - [2025-04-02T19:06:50.776+0000] {dagbag.py:588} INFO - Filling up the DagBag from /home/airflow/.local/lib/python3.12/site-packages/airflow/example_dags/example_inlet_event_extra.py
[2025-04-02T19:06:56.487+0000] {processor.py:925} INFO - DAG(s) 'read_dataset_event', 'read_dataset_event_from_classic' retrieved from /home/airflow/.local/lib/python3.12/site-packages/airflow/example_dags/example_inlet_event_extra.py
[2025-04-02T19:06:56.627+0000] {logging_mixin.py:190} INFO - [2025-04-02T19:06:56.626+0000] {dag.py:3239} INFO - Sync 2 DAGs
[2025-04-02T19:06:56.794+0000] {logging_mixin.py:190} INFO - [2025-04-02T19:06:56.793+0000] {dag.py:4180} INFO - Setting next_dagrun for read_dataset_event to 2025-04-01 00:00:00+00:00, run_after=2025-04-02 00:00:00+00:00
[2025-04-02T19:06:56.812+0000] {logging_mixin.py:190} INFO - [2025-04-02T19:06:56.812+0000] {dag.py:4180} INFO - Setting next_dagrun for read_dataset_event_from_classic to 2025-04-01 00:00:00+00:00, run_after=2025-04-02 00:00:00+00:00
[2025-04-02T19:06:56.897+0000] {processor.py:208} INFO - Processing /home/airflow/.local/lib/python3.12/site-packages/airflow/example_dags/example_inlet_event_extra.py took 6.201 seconds
[2025-04-02T19:07:27.518+0000] {processor.py:186} INFO - Started process (PID=499) to work on /home/airflow/.local/lib/python3.12/site-packages/airflow/example_dags/example_inlet_event_extra.py
[2025-04-02T19:07:27.520+0000] {processor.py:914} INFO - Processing file /home/airflow/.local/lib/python3.12/site-packages/airflow/example_dags/example_inlet_event_extra.py for tasks to queue
[2025-04-02T19:07:27.525+0000] {logging_mixin.py:190} INFO - [2025-04-02T19:07:27.525+0000] {dagbag.py:588} INFO - Filling up the DagBag from /home/airflow/.local/lib/python3.12/site-packages/airflow/example_dags/example_inlet_event_extra.py
[2025-04-02T19:07:29.448+0000] {processor.py:925} INFO - DAG(s) 'read_dataset_event', 'read_dataset_event_from_classic' retrieved from /home/airflow/.local/lib/python3.12/site-packages/airflow/example_dags/example_inlet_event_extra.py
[2025-04-02T19:07:29.511+0000] {logging_mixin.py:190} INFO - [2025-04-02T19:07:29.510+0000] {dag.py:3239} INFO - Sync 2 DAGs
[2025-04-02T19:07:29.574+0000] {logging_mixin.py:190} INFO - [2025-04-02T19:07:29.574+0000] {dag.py:4180} INFO - Setting next_dagrun for read_dataset_event to 2025-04-01 00:00:00+00:00, run_after=2025-04-02 00:00:00+00:00
[2025-04-02T19:07:29.590+0000] {logging_mixin.py:190} INFO - [2025-04-02T19:07:29.589+0000] {dag.py:4180} INFO - Setting next_dagrun for read_dataset_event_from_classic to 2025-04-01 00:00:00+00:00, run_after=2025-04-02 00:00:00+00:00
[2025-04-02T19:07:29.682+0000] {processor.py:208} INFO - Processing /home/airflow/.local/lib/python3.12/site-packages/airflow/example_dags/example_inlet_event_extra.py took 2.175 seconds
[2025-04-02T19:08:01.125+0000] {processor.py:186} INFO - Started process (PID=549) to work on /home/airflow/.local/lib/python3.12/site-packages/airflow/example_dags/example_inlet_event_extra.py
[2025-04-02T19:08:01.127+0000] {processor.py:914} INFO - Processing file /home/airflow/.local/lib/python3.12/site-packages/airflow/example_dags/example_inlet_event_extra.py for tasks to queue
[2025-04-02T19:08:01.138+0000] {logging_mixin.py:190} INFO - [2025-04-02T19:08:01.136+0000] {dagbag.py:588} INFO - Filling up the DagBag from /home/airflow/.local/lib/python3.12/site-packages/airflow/example_dags/example_inlet_event_extra.py
[2025-04-02T19:08:02.703+0000] {processor.py:925} INFO - DAG(s) 'read_dataset_event', 'read_dataset_event_from_classic' retrieved from /home/airflow/.local/lib/python3.12/site-packages/airflow/example_dags/example_inlet_event_extra.py
[2025-04-02T19:08:02.782+0000] {logging_mixin.py:190} INFO - [2025-04-02T19:08:02.782+0000] {dag.py:3239} INFO - Sync 2 DAGs
[2025-04-02T19:08:02.894+0000] {logging_mixin.py:190} INFO - [2025-04-02T19:08:02.892+0000] {dag.py:4180} INFO - Setting next_dagrun for read_dataset_event to 2025-04-01 00:00:00+00:00, run_after=2025-04-02 00:00:00+00:00
[2025-04-02T19:08:02.908+0000] {logging_mixin.py:190} INFO - [2025-04-02T19:08:02.908+0000] {dag.py:4180} INFO - Setting next_dagrun for read_dataset_event_from_classic to 2025-04-01 00:00:00+00:00, run_after=2025-04-02 00:00:00+00:00
[2025-04-02T19:08:02.937+0000] {processor.py:208} INFO - Processing /home/airflow/.local/lib/python3.12/site-packages/airflow/example_dags/example_inlet_event_extra.py took 1.836 seconds
[2025-04-02T19:08:50.216+0000] {processor.py:186} INFO - Started process (PID=612) to work on /home/airflow/.local/lib/python3.12/site-packages/airflow/example_dags/example_inlet_event_extra.py
[2025-04-02T19:08:50.251+0000] {processor.py:914} INFO - Processing file /home/airflow/.local/lib/python3.12/site-packages/airflow/example_dags/example_inlet_event_extra.py for tasks to queue
[2025-04-02T19:08:50.306+0000] {logging_mixin.py:190} INFO - [2025-04-02T19:08:50.305+0000] {dagbag.py:588} INFO - Filling up the DagBag from /home/airflow/.local/lib/python3.12/site-packages/airflow/example_dags/example_inlet_event_extra.py
[2025-04-02T19:08:55.902+0000] {processor.py:925} INFO - DAG(s) 'read_dataset_event_from_classic', 'read_dataset_event' retrieved from /home/airflow/.local/lib/python3.12/site-packages/airflow/example_dags/example_inlet_event_extra.py
[2025-04-02T19:08:56.038+0000] {logging_mixin.py:190} INFO - [2025-04-02T19:08:56.038+0000] {dag.py:3239} INFO - Sync 2 DAGs
[2025-04-02T19:08:56.189+0000] {logging_mixin.py:190} INFO - [2025-04-02T19:08:56.188+0000] {dag.py:4180} INFO - Setting next_dagrun for read_dataset_event to 2025-04-01 00:00:00+00:00, run_after=2025-04-02 00:00:00+00:00
[2025-04-02T19:08:56.210+0000] {logging_mixin.py:190} INFO - [2025-04-02T19:08:56.209+0000] {dag.py:4180} INFO - Setting next_dagrun for read_dataset_event_from_classic to 2025-04-01 00:00:00+00:00, run_after=2025-04-02 00:00:00+00:00
[2025-04-02T19:08:56.309+0000] {processor.py:208} INFO - Processing /home/airflow/.local/lib/python3.12/site-packages/airflow/example_dags/example_inlet_event_extra.py took 6.219 seconds
[2025-04-02T19:10:22.253+0000] {processor.py:186} INFO - Started process (PID=704) to work on /home/airflow/.local/lib/python3.12/site-packages/airflow/example_dags/example_inlet_event_extra.py
[2025-04-02T19:10:22.258+0000] {processor.py:914} INFO - Processing file /home/airflow/.local/lib/python3.12/site-packages/airflow/example_dags/example_inlet_event_extra.py for tasks to queue
[2025-04-02T19:10:22.271+0000] {logging_mixin.py:190} INFO - [2025-04-02T19:10:22.270+0000] {dagbag.py:588} INFO - Filling up the DagBag from /home/airflow/.local/lib/python3.12/site-packages/airflow/example_dags/example_inlet_event_extra.py
[2025-04-02T19:10:26.607+0000] {processor.py:925} INFO - DAG(s) 'read_dataset_event', 'read_dataset_event_from_classic' retrieved from /home/airflow/.local/lib/python3.12/site-packages/airflow/example_dags/example_inlet_event_extra.py
[2025-04-02T19:10:26.908+0000] {logging_mixin.py:190} INFO - [2025-04-02T19:10:26.908+0000] {dag.py:3239} INFO - Sync 2 DAGs
[2025-04-02T19:10:27.194+0000] {logging_mixin.py:190} INFO - [2025-04-02T19:10:27.192+0000] {dag.py:4180} INFO - Setting next_dagrun for read_dataset_event to 2025-04-01 00:00:00+00:00, run_after=2025-04-02 00:00:00+00:00
[2025-04-02T19:10:27.288+0000] {logging_mixin.py:190} INFO - [2025-04-02T19:10:27.287+0000] {dag.py:4180} INFO - Setting next_dagrun for read_dataset_event_from_classic to 2025-04-01 00:00:00+00:00, run_after=2025-04-02 00:00:00+00:00
[2025-04-02T19:10:27.395+0000] {processor.py:208} INFO - Processing /home/airflow/.local/lib/python3.12/site-packages/airflow/example_dags/example_inlet_event_extra.py took 5.175 seconds
[2025-04-02T19:10:58.039+0000] {processor.py:186} INFO - Started process (PID=769) to work on /home/airflow/.local/lib/python3.12/site-packages/airflow/example_dags/example_inlet_event_extra.py
[2025-04-02T19:10:58.049+0000] {processor.py:914} INFO - Processing file /home/airflow/.local/lib/python3.12/site-packages/airflow/example_dags/example_inlet_event_extra.py for tasks to queue
[2025-04-02T19:10:58.073+0000] {logging_mixin.py:190} INFO - [2025-04-02T19:10:58.072+0000] {dagbag.py:588} INFO - Filling up the DagBag from /home/airflow/.local/lib/python3.12/site-packages/airflow/example_dags/example_inlet_event_extra.py
[2025-04-02T19:11:03.094+0000] {processor.py:925} INFO - DAG(s) 'read_dataset_event', 'read_dataset_event_from_classic' retrieved from /home/airflow/.local/lib/python3.12/site-packages/airflow/example_dags/example_inlet_event_extra.py
[2025-04-02T19:11:03.311+0000] {logging_mixin.py:190} INFO - [2025-04-02T19:11:03.311+0000] {dag.py:3239} INFO - Sync 2 DAGs
[2025-04-02T19:11:03.553+0000] {logging_mixin.py:190} INFO - [2025-04-02T19:11:03.552+0000] {dag.py:4180} INFO - Setting next_dagrun for read_dataset_event to 2025-04-01 00:00:00+00:00, run_after=2025-04-02 00:00:00+00:00
[2025-04-02T19:11:03.601+0000] {logging_mixin.py:190} INFO - [2025-04-02T19:11:03.589+0000] {dag.py:4180} INFO - Setting next_dagrun for read_dataset_event_from_classic to 2025-04-01 00:00:00+00:00, run_after=2025-04-02 00:00:00+00:00
[2025-04-02T19:11:03.715+0000] {processor.py:208} INFO - Processing /home/airflow/.local/lib/python3.12/site-packages/airflow/example_dags/example_inlet_event_extra.py took 5.745 seconds
[2025-04-02T19:11:33.914+0000] {processor.py:186} INFO - Started process (PID=837) to work on /home/airflow/.local/lib/python3.12/site-packages/airflow/example_dags/example_inlet_event_extra.py
[2025-04-02T19:11:33.916+0000] {processor.py:914} INFO - Processing file /home/airflow/.local/lib/python3.12/site-packages/airflow/example_dags/example_inlet_event_extra.py for tasks to queue
[2025-04-02T19:11:33.920+0000] {logging_mixin.py:190} INFO - [2025-04-02T19:11:33.920+0000] {dagbag.py:588} INFO - Filling up the DagBag from /home/airflow/.local/lib/python3.12/site-packages/airflow/example_dags/example_inlet_event_extra.py
[2025-04-02T19:11:36.273+0000] {processor.py:925} INFO - DAG(s) 'read_dataset_event', 'read_dataset_event_from_classic' retrieved from /home/airflow/.local/lib/python3.12/site-packages/airflow/example_dags/example_inlet_event_extra.py
[2025-04-02T19:11:36.336+0000] {logging_mixin.py:190} INFO - [2025-04-02T19:11:36.336+0000] {dag.py:3239} INFO - Sync 2 DAGs
[2025-04-02T19:11:36.429+0000] {logging_mixin.py:190} INFO - [2025-04-02T19:11:36.429+0000] {dag.py:4180} INFO - Setting next_dagrun for read_dataset_event to 2025-04-01 00:00:00+00:00, run_after=2025-04-02 00:00:00+00:00
[2025-04-02T19:11:36.452+0000] {logging_mixin.py:190} INFO - [2025-04-02T19:11:36.451+0000] {dag.py:4180} INFO - Setting next_dagrun for read_dataset_event_from_classic to 2025-04-01 00:00:00+00:00, run_after=2025-04-02 00:00:00+00:00
[2025-04-02T19:11:36.488+0000] {processor.py:208} INFO - Processing /home/airflow/.local/lib/python3.12/site-packages/airflow/example_dags/example_inlet_event_extra.py took 2.600 seconds
[2025-04-02T19:12:12.041+0000] {processor.py:186} INFO - Started process (PID=900) to work on /home/airflow/.local/lib/python3.12/site-packages/airflow/example_dags/example_inlet_event_extra.py
[2025-04-02T19:12:12.044+0000] {processor.py:914} INFO - Processing file /home/airflow/.local/lib/python3.12/site-packages/airflow/example_dags/example_inlet_event_extra.py for tasks to queue
[2025-04-02T19:12:12.063+0000] {logging_mixin.py:190} INFO - [2025-04-02T19:12:12.061+0000] {dagbag.py:588} INFO - Filling up the DagBag from /home/airflow/.local/lib/python3.12/site-packages/airflow/example_dags/example_inlet_event_extra.py
[2025-04-02T19:12:14.527+0000] {processor.py:925} INFO - DAG(s) 'read_dataset_event_from_classic', 'read_dataset_event' retrieved from /home/airflow/.local/lib/python3.12/site-packages/airflow/example_dags/example_inlet_event_extra.py
[2025-04-02T19:12:14.631+0000] {logging_mixin.py:190} INFO - [2025-04-02T19:12:14.631+0000] {dag.py:3239} INFO - Sync 2 DAGs
[2025-04-02T19:12:14.744+0000] {logging_mixin.py:190} INFO - [2025-04-02T19:12:14.741+0000] {dag.py:4180} INFO - Setting next_dagrun for read_dataset_event to 2025-04-01 00:00:00+00:00, run_after=2025-04-02 00:00:00+00:00
[2025-04-02T19:12:14.771+0000] {logging_mixin.py:190} INFO - [2025-04-02T19:12:14.770+0000] {dag.py:4180} INFO - Setting next_dagrun for read_dataset_event_from_classic to 2025-04-01 00:00:00+00:00, run_after=2025-04-02 00:00:00+00:00
[2025-04-02T19:12:14.879+0000] {processor.py:208} INFO - Processing /home/airflow/.local/lib/python3.12/site-packages/airflow/example_dags/example_inlet_event_extra.py took 2.874 seconds
[2025-04-02T19:12:45.422+0000] {processor.py:186} INFO - Started process (PID=965) to work on /home/airflow/.local/lib/python3.12/site-packages/airflow/example_dags/example_inlet_event_extra.py
[2025-04-02T19:12:45.424+0000] {processor.py:914} INFO - Processing file /home/airflow/.local/lib/python3.12/site-packages/airflow/example_dags/example_inlet_event_extra.py for tasks to queue
[2025-04-02T19:12:45.435+0000] {logging_mixin.py:190} INFO - [2025-04-02T19:12:45.434+0000] {dagbag.py:588} INFO - Filling up the DagBag from /home/airflow/.local/lib/python3.12/site-packages/airflow/example_dags/example_inlet_event_extra.py
[2025-04-02T19:12:49.869+0000] {processor.py:925} INFO - DAG(s) 'read_dataset_event_from_classic', 'read_dataset_event' retrieved from /home/airflow/.local/lib/python3.12/site-packages/airflow/example_dags/example_inlet_event_extra.py
[2025-04-02T19:12:50.016+0000] {logging_mixin.py:190} INFO - [2025-04-02T19:12:50.016+0000] {dag.py:3239} INFO - Sync 2 DAGs
[2025-04-02T19:12:50.271+0000] {logging_mixin.py:190} INFO - [2025-04-02T19:12:50.259+0000] {dag.py:4180} INFO - Setting next_dagrun for read_dataset_event to 2025-04-01 00:00:00+00:00, run_after=2025-04-02 00:00:00+00:00
[2025-04-02T19:12:50.340+0000] {logging_mixin.py:190} INFO - [2025-04-02T19:12:50.339+0000] {dag.py:4180} INFO - Setting next_dagrun for read_dataset_event_from_classic to 2025-04-01 00:00:00+00:00, run_after=2025-04-02 00:00:00+00:00
[2025-04-02T19:12:50.630+0000] {processor.py:208} INFO - Processing /home/airflow/.local/lib/python3.12/site-packages/airflow/example_dags/example_inlet_event_extra.py took 5.247 seconds
[2025-04-02T19:13:22.333+0000] {processor.py:186} INFO - Started process (PID=1023) to work on /home/airflow/.local/lib/python3.12/site-packages/airflow/example_dags/example_inlet_event_extra.py
[2025-04-02T19:13:22.346+0000] {processor.py:914} INFO - Processing file /home/airflow/.local/lib/python3.12/site-packages/airflow/example_dags/example_inlet_event_extra.py for tasks to queue
[2025-04-02T19:13:22.366+0000] {logging_mixin.py:190} INFO - [2025-04-02T19:13:22.365+0000] {dagbag.py:588} INFO - Filling up the DagBag from /home/airflow/.local/lib/python3.12/site-packages/airflow/example_dags/example_inlet_event_extra.py
[2025-04-02T19:13:29.109+0000] {processor.py:925} INFO - DAG(s) 'read_dataset_event_from_classic', 'read_dataset_event' retrieved from /home/airflow/.local/lib/python3.12/site-packages/airflow/example_dags/example_inlet_event_extra.py
[2025-04-02T19:13:29.471+0000] {logging_mixin.py:190} INFO - [2025-04-02T19:13:29.470+0000] {dag.py:3239} INFO - Sync 2 DAGs
[2025-04-02T19:13:29.720+0000] {logging_mixin.py:190} INFO - [2025-04-02T19:13:29.720+0000] {dag.py:4180} INFO - Setting next_dagrun for read_dataset_event to 2025-04-01 00:00:00+00:00, run_after=2025-04-02 00:00:00+00:00
[2025-04-02T19:13:29.755+0000] {logging_mixin.py:190} INFO - [2025-04-02T19:13:29.754+0000] {dag.py:4180} INFO - Setting next_dagrun for read_dataset_event_from_classic to 2025-04-01 00:00:00+00:00, run_after=2025-04-02 00:00:00+00:00
[2025-04-02T19:13:29.991+0000] {processor.py:208} INFO - Processing /home/airflow/.local/lib/python3.12/site-packages/airflow/example_dags/example_inlet_event_extra.py took 7.726 seconds
[2025-04-02T19:14:01.172+0000] {processor.py:186} INFO - Started process (PID=1085) to work on /home/airflow/.local/lib/python3.12/site-packages/airflow/example_dags/example_inlet_event_extra.py
[2025-04-02T19:14:02.082+0000] {processor.py:914} INFO - Processing file /home/airflow/.local/lib/python3.12/site-packages/airflow/example_dags/example_inlet_event_extra.py for tasks to queue
[2025-04-02T19:14:02.573+0000] {logging_mixin.py:190} INFO - [2025-04-02T19:14:02.572+0000] {dagbag.py:588} INFO - Filling up the DagBag from /home/airflow/.local/lib/python3.12/site-packages/airflow/example_dags/example_inlet_event_extra.py
[2025-04-02T19:14:07.030+0000] {processor.py:925} INFO - DAG(s) 'read_dataset_event_from_classic', 'read_dataset_event' retrieved from /home/airflow/.local/lib/python3.12/site-packages/airflow/example_dags/example_inlet_event_extra.py
[2025-04-02T19:14:07.129+0000] {logging_mixin.py:190} INFO - [2025-04-02T19:14:07.127+0000] {dag.py:3239} INFO - Sync 2 DAGs
[2025-04-02T19:14:07.312+0000] {logging_mixin.py:190} INFO - [2025-04-02T19:14:07.312+0000] {dag.py:4180} INFO - Setting next_dagrun for read_dataset_event to 2025-04-01 00:00:00+00:00, run_after=2025-04-02 00:00:00+00:00
[2025-04-02T19:14:07.356+0000] {logging_mixin.py:190} INFO - [2025-04-02T19:14:07.355+0000] {dag.py:4180} INFO - Setting next_dagrun for read_dataset_event_from_classic to 2025-04-01 00:00:00+00:00, run_after=2025-04-02 00:00:00+00:00
[2025-04-02T19:14:07.510+0000] {processor.py:208} INFO - Processing /home/airflow/.local/lib/python3.12/site-packages/airflow/example_dags/example_inlet_event_extra.py took 6.441 seconds
[2025-04-02T19:15:04.616+0000] {processor.py:186} INFO - Started process (PID=1165) to work on /home/airflow/.local/lib/python3.12/site-packages/airflow/example_dags/example_inlet_event_extra.py
[2025-04-02T19:15:04.700+0000] {processor.py:914} INFO - Processing file /home/airflow/.local/lib/python3.12/site-packages/airflow/example_dags/example_inlet_event_extra.py for tasks to queue
[2025-04-02T19:15:04.723+0000] {logging_mixin.py:190} INFO - [2025-04-02T19:15:04.722+0000] {dagbag.py:588} INFO - Filling up the DagBag from /home/airflow/.local/lib/python3.12/site-packages/airflow/example_dags/example_inlet_event_extra.py
[2025-04-02T19:15:10.022+0000] {processor.py:925} INFO - DAG(s) 'read_dataset_event_from_classic', 'read_dataset_event' retrieved from /home/airflow/.local/lib/python3.12/site-packages/airflow/example_dags/example_inlet_event_extra.py
[2025-04-02T19:15:10.212+0000] {logging_mixin.py:190} INFO - [2025-04-02T19:15:10.202+0000] {dag.py:3239} INFO - Sync 2 DAGs
[2025-04-02T19:15:10.511+0000] {logging_mixin.py:190} INFO - [2025-04-02T19:15:10.510+0000] {dag.py:4180} INFO - Setting next_dagrun for read_dataset_event to 2025-04-01 00:00:00+00:00, run_after=2025-04-02 00:00:00+00:00
[2025-04-02T19:15:10.629+0000] {logging_mixin.py:190} INFO - [2025-04-02T19:15:10.629+0000] {dag.py:4180} INFO - Setting next_dagrun for read_dataset_event_from_classic to 2025-04-01 00:00:00+00:00, run_after=2025-04-02 00:00:00+00:00
[2025-04-02T19:15:10.946+0000] {processor.py:208} INFO - Processing /home/airflow/.local/lib/python3.12/site-packages/airflow/example_dags/example_inlet_event_extra.py took 6.365 seconds
[2025-04-02T19:15:52.403+0000] {processor.py:186} INFO - Started process (PID=1234) to work on /home/airflow/.local/lib/python3.12/site-packages/airflow/example_dags/example_inlet_event_extra.py
[2025-04-02T19:15:52.432+0000] {processor.py:914} INFO - Processing file /home/airflow/.local/lib/python3.12/site-packages/airflow/example_dags/example_inlet_event_extra.py for tasks to queue
[2025-04-02T19:15:52.441+0000] {logging_mixin.py:190} INFO - [2025-04-02T19:15:52.439+0000] {dagbag.py:588} INFO - Filling up the DagBag from /home/airflow/.local/lib/python3.12/site-packages/airflow/example_dags/example_inlet_event_extra.py
[2025-04-02T19:15:58.598+0000] {processor.py:925} INFO - DAG(s) 'read_dataset_event_from_classic', 'read_dataset_event' retrieved from /home/airflow/.local/lib/python3.12/site-packages/airflow/example_dags/example_inlet_event_extra.py
[2025-04-02T19:15:58.924+0000] {logging_mixin.py:190} INFO - [2025-04-02T19:15:58.923+0000] {dag.py:3239} INFO - Sync 2 DAGs
[2025-04-02T19:15:59.247+0000] {logging_mixin.py:190} INFO - [2025-04-02T19:15:59.246+0000] {dag.py:4180} INFO - Setting next_dagrun for read_dataset_event to 2025-04-01 00:00:00+00:00, run_after=2025-04-02 00:00:00+00:00
[2025-04-02T19:15:59.287+0000] {logging_mixin.py:190} INFO - [2025-04-02T19:15:59.286+0000] {dag.py:4180} INFO - Setting next_dagrun for read_dataset_event_from_classic to 2025-04-01 00:00:00+00:00, run_after=2025-04-02 00:00:00+00:00
[2025-04-02T19:15:59.365+0000] {processor.py:208} INFO - Processing /home/airflow/.local/lib/python3.12/site-packages/airflow/example_dags/example_inlet_event_extra.py took 7.015 seconds
[2025-04-02T19:16:30.379+0000] {processor.py:186} INFO - Started process (PID=1300) to work on /home/airflow/.local/lib/python3.12/site-packages/airflow/example_dags/example_inlet_event_extra.py
[2025-04-02T19:16:30.382+0000] {processor.py:914} INFO - Processing file /home/airflow/.local/lib/python3.12/site-packages/airflow/example_dags/example_inlet_event_extra.py for tasks to queue
[2025-04-02T19:16:30.411+0000] {logging_mixin.py:190} INFO - [2025-04-02T19:16:30.410+0000] {dagbag.py:588} INFO - Filling up the DagBag from /home/airflow/.local/lib/python3.12/site-packages/airflow/example_dags/example_inlet_event_extra.py
[2025-04-02T19:16:37.990+0000] {processor.py:925} INFO - DAG(s) 'read_dataset_event', 'read_dataset_event_from_classic' retrieved from /home/airflow/.local/lib/python3.12/site-packages/airflow/example_dags/example_inlet_event_extra.py
[2025-04-02T19:16:38.311+0000] {logging_mixin.py:190} INFO - [2025-04-02T19:16:38.311+0000] {dag.py:3239} INFO - Sync 2 DAGs
[2025-04-02T19:16:38.615+0000] {logging_mixin.py:190} INFO - [2025-04-02T19:16:38.615+0000] {dag.py:4180} INFO - Setting next_dagrun for read_dataset_event to 2025-04-01 00:00:00+00:00, run_after=2025-04-02 00:00:00+00:00
[2025-04-02T19:16:38.782+0000] {logging_mixin.py:190} INFO - [2025-04-02T19:16:38.781+0000] {dag.py:4180} INFO - Setting next_dagrun for read_dataset_event_from_classic to 2025-04-01 00:00:00+00:00, run_after=2025-04-02 00:00:00+00:00
[2025-04-02T19:16:39.245+0000] {processor.py:208} INFO - Processing /home/airflow/.local/lib/python3.12/site-packages/airflow/example_dags/example_inlet_event_extra.py took 8.916 seconds
[2025-04-02T19:17:10.244+0000] {processor.py:186} INFO - Started process (PID=1366) to work on /home/airflow/.local/lib/python3.12/site-packages/airflow/example_dags/example_inlet_event_extra.py
[2025-04-02T19:17:10.249+0000] {processor.py:914} INFO - Processing file /home/airflow/.local/lib/python3.12/site-packages/airflow/example_dags/example_inlet_event_extra.py for tasks to queue
[2025-04-02T19:17:10.254+0000] {logging_mixin.py:190} INFO - [2025-04-02T19:17:10.253+0000] {dagbag.py:588} INFO - Filling up the DagBag from /home/airflow/.local/lib/python3.12/site-packages/airflow/example_dags/example_inlet_event_extra.py
[2025-04-02T19:17:13.664+0000] {processor.py:925} INFO - DAG(s) 'read_dataset_event', 'read_dataset_event_from_classic' retrieved from /home/airflow/.local/lib/python3.12/site-packages/airflow/example_dags/example_inlet_event_extra.py
[2025-04-02T19:17:13.752+0000] {logging_mixin.py:190} INFO - [2025-04-02T19:17:13.751+0000] {dag.py:3239} INFO - Sync 2 DAGs
[2025-04-02T19:17:13.932+0000] {logging_mixin.py:190} INFO - [2025-04-02T19:17:13.931+0000] {dag.py:4180} INFO - Setting next_dagrun for read_dataset_event to 2025-04-01 00:00:00+00:00, run_after=2025-04-02 00:00:00+00:00
[2025-04-02T19:17:13.965+0000] {logging_mixin.py:190} INFO - [2025-04-02T19:17:13.955+0000] {dag.py:4180} INFO - Setting next_dagrun for read_dataset_event_from_classic to 2025-04-01 00:00:00+00:00, run_after=2025-04-02 00:00:00+00:00
[2025-04-02T19:17:14.069+0000] {processor.py:208} INFO - Processing /home/airflow/.local/lib/python3.12/site-packages/airflow/example_dags/example_inlet_event_extra.py took 3.845 seconds
[2025-04-02T19:17:44.987+0000] {processor.py:186} INFO - Started process (PID=1433) to work on /home/airflow/.local/lib/python3.12/site-packages/airflow/example_dags/example_inlet_event_extra.py
[2025-04-02T19:17:44.989+0000] {processor.py:914} INFO - Processing file /home/airflow/.local/lib/python3.12/site-packages/airflow/example_dags/example_inlet_event_extra.py for tasks to queue
[2025-04-02T19:17:44.998+0000] {logging_mixin.py:190} INFO - [2025-04-02T19:17:44.997+0000] {dagbag.py:588} INFO - Filling up the DagBag from /home/airflow/.local/lib/python3.12/site-packages/airflow/example_dags/example_inlet_event_extra.py
[2025-04-02T19:17:47.056+0000] {processor.py:925} INFO - DAG(s) 'read_dataset_event', 'read_dataset_event_from_classic' retrieved from /home/airflow/.local/lib/python3.12/site-packages/airflow/example_dags/example_inlet_event_extra.py
[2025-04-02T19:17:47.123+0000] {logging_mixin.py:190} INFO - [2025-04-02T19:17:47.123+0000] {dag.py:3239} INFO - Sync 2 DAGs
[2025-04-02T19:17:47.182+0000] {logging_mixin.py:190} INFO - [2025-04-02T19:17:47.181+0000] {dag.py:4180} INFO - Setting next_dagrun for read_dataset_event to 2025-04-01 00:00:00+00:00, run_after=2025-04-02 00:00:00+00:00
[2025-04-02T19:17:47.191+0000] {logging_mixin.py:190} INFO - [2025-04-02T19:17:47.191+0000] {dag.py:4180} INFO - Setting next_dagrun for read_dataset_event_from_classic to 2025-04-01 00:00:00+00:00, run_after=2025-04-02 00:00:00+00:00
[2025-04-02T19:17:47.238+0000] {processor.py:208} INFO - Processing /home/airflow/.local/lib/python3.12/site-packages/airflow/example_dags/example_inlet_event_extra.py took 2.265 seconds
[2025-04-02T19:18:18.093+0000] {processor.py:186} INFO - Started process (PID=1499) to work on /home/airflow/.local/lib/python3.12/site-packages/airflow/example_dags/example_inlet_event_extra.py
[2025-04-02T19:18:18.097+0000] {processor.py:914} INFO - Processing file /home/airflow/.local/lib/python3.12/site-packages/airflow/example_dags/example_inlet_event_extra.py for tasks to queue
[2025-04-02T19:18:18.102+0000] {logging_mixin.py:190} INFO - [2025-04-02T19:18:18.102+0000] {dagbag.py:588} INFO - Filling up the DagBag from /home/airflow/.local/lib/python3.12/site-packages/airflow/example_dags/example_inlet_event_extra.py
[2025-04-02T19:18:20.818+0000] {processor.py:925} INFO - DAG(s) 'read_dataset_event', 'read_dataset_event_from_classic' retrieved from /home/airflow/.local/lib/python3.12/site-packages/airflow/example_dags/example_inlet_event_extra.py
[2025-04-02T19:18:20.858+0000] {logging_mixin.py:190} INFO - [2025-04-02T19:18:20.858+0000] {dag.py:3239} INFO - Sync 2 DAGs
[2025-04-02T19:18:20.939+0000] {logging_mixin.py:190} INFO - [2025-04-02T19:18:20.939+0000] {dag.py:4180} INFO - Setting next_dagrun for read_dataset_event to 2025-04-01 00:00:00+00:00, run_after=2025-04-02 00:00:00+00:00
[2025-04-02T19:18:20.966+0000] {logging_mixin.py:190} INFO - [2025-04-02T19:18:20.965+0000] {dag.py:4180} INFO - Setting next_dagrun for read_dataset_event_from_classic to 2025-04-01 00:00:00+00:00, run_after=2025-04-02 00:00:00+00:00
[2025-04-02T19:18:21.012+0000] {processor.py:208} INFO - Processing /home/airflow/.local/lib/python3.12/site-packages/airflow/example_dags/example_inlet_event_extra.py took 2.940 seconds
[2025-04-02T19:19:00.287+0000] {processor.py:186} INFO - Started process (PID=1567) to work on /home/airflow/.local/lib/python3.12/site-packages/airflow/example_dags/example_inlet_event_extra.py
[2025-04-02T19:19:00.290+0000] {processor.py:914} INFO - Processing file /home/airflow/.local/lib/python3.12/site-packages/airflow/example_dags/example_inlet_event_extra.py for tasks to queue
[2025-04-02T19:19:00.295+0000] {logging_mixin.py:190} INFO - [2025-04-02T19:19:00.294+0000] {dagbag.py:588} INFO - Filling up the DagBag from /home/airflow/.local/lib/python3.12/site-packages/airflow/example_dags/example_inlet_event_extra.py
[2025-04-02T19:19:03.189+0000] {processor.py:925} INFO - DAG(s) 'read_dataset_event_from_classic', 'read_dataset_event' retrieved from /home/airflow/.local/lib/python3.12/site-packages/airflow/example_dags/example_inlet_event_extra.py
[2025-04-02T19:19:03.251+0000] {logging_mixin.py:190} INFO - [2025-04-02T19:19:03.250+0000] {dag.py:3239} INFO - Sync 2 DAGs
[2025-04-02T19:19:03.427+0000] {logging_mixin.py:190} INFO - [2025-04-02T19:19:03.426+0000] {dag.py:4180} INFO - Setting next_dagrun for read_dataset_event to 2025-04-01 00:00:00+00:00, run_after=2025-04-02 00:00:00+00:00
[2025-04-02T19:19:03.446+0000] {logging_mixin.py:190} INFO - [2025-04-02T19:19:03.445+0000] {dag.py:4180} INFO - Setting next_dagrun for read_dataset_event_from_classic to 2025-04-01 00:00:00+00:00, run_after=2025-04-02 00:00:00+00:00
[2025-04-02T19:19:03.503+0000] {processor.py:208} INFO - Processing /home/airflow/.local/lib/python3.12/site-packages/airflow/example_dags/example_inlet_event_extra.py took 3.250 seconds
[2025-04-02T19:19:51.811+0000] {processor.py:186} INFO - Started process (PID=1647) to work on /home/airflow/.local/lib/python3.12/site-packages/airflow/example_dags/example_inlet_event_extra.py
[2025-04-02T19:19:51.834+0000] {processor.py:914} INFO - Processing file /home/airflow/.local/lib/python3.12/site-packages/airflow/example_dags/example_inlet_event_extra.py for tasks to queue
[2025-04-02T19:19:51.856+0000] {logging_mixin.py:190} INFO - [2025-04-02T19:19:51.854+0000] {dagbag.py:588} INFO - Filling up the DagBag from /home/airflow/.local/lib/python3.12/site-packages/airflow/example_dags/example_inlet_event_extra.py
[2025-04-02T19:20:00.813+0000] {processor.py:925} INFO - DAG(s) 'read_dataset_event', 'read_dataset_event_from_classic' retrieved from /home/airflow/.local/lib/python3.12/site-packages/airflow/example_dags/example_inlet_event_extra.py
[2025-04-02T19:20:01.082+0000] {logging_mixin.py:190} INFO - [2025-04-02T19:20:01.081+0000] {dag.py:3239} INFO - Sync 2 DAGs
[2025-04-02T19:20:01.380+0000] {logging_mixin.py:190} INFO - [2025-04-02T19:20:01.379+0000] {dag.py:4180} INFO - Setting next_dagrun for read_dataset_event to 2025-04-01 00:00:00+00:00, run_after=2025-04-02 00:00:00+00:00
[2025-04-02T19:20:01.432+0000] {logging_mixin.py:190} INFO - [2025-04-02T19:20:01.432+0000] {dag.py:4180} INFO - Setting next_dagrun for read_dataset_event_from_classic to 2025-04-01 00:00:00+00:00, run_after=2025-04-02 00:00:00+00:00
[2025-04-02T19:20:01.751+0000] {processor.py:208} INFO - Processing /home/airflow/.local/lib/python3.12/site-packages/airflow/example_dags/example_inlet_event_extra.py took 9.981 seconds
[2025-04-02T19:20:34.158+0000] {processor.py:186} INFO - Started process (PID=1711) to work on /home/airflow/.local/lib/python3.12/site-packages/airflow/example_dags/example_inlet_event_extra.py
[2025-04-02T19:20:34.164+0000] {processor.py:914} INFO - Processing file /home/airflow/.local/lib/python3.12/site-packages/airflow/example_dags/example_inlet_event_extra.py for tasks to queue
[2025-04-02T19:20:34.184+0000] {logging_mixin.py:190} INFO - [2025-04-02T19:20:34.183+0000] {dagbag.py:588} INFO - Filling up the DagBag from /home/airflow/.local/lib/python3.12/site-packages/airflow/example_dags/example_inlet_event_extra.py
[2025-04-02T19:20:40.979+0000] {processor.py:925} INFO - DAG(s) 'read_dataset_event_from_classic', 'read_dataset_event' retrieved from /home/airflow/.local/lib/python3.12/site-packages/airflow/example_dags/example_inlet_event_extra.py
[2025-04-02T19:20:41.156+0000] {logging_mixin.py:190} INFO - [2025-04-02T19:20:41.156+0000] {dag.py:3239} INFO - Sync 2 DAGs
[2025-04-02T19:20:41.428+0000] {logging_mixin.py:190} INFO - [2025-04-02T19:20:41.427+0000] {dag.py:4180} INFO - Setting next_dagrun for read_dataset_event to 2025-04-01 00:00:00+00:00, run_after=2025-04-02 00:00:00+00:00
[2025-04-02T19:20:41.492+0000] {logging_mixin.py:190} INFO - [2025-04-02T19:20:41.491+0000] {dag.py:4180} INFO - Setting next_dagrun for read_dataset_event_from_classic to 2025-04-01 00:00:00+00:00, run_after=2025-04-02 00:00:00+00:00
[2025-04-02T19:20:41.702+0000] {processor.py:208} INFO - Processing /home/airflow/.local/lib/python3.12/site-packages/airflow/example_dags/example_inlet_event_extra.py took 7.588 seconds
[2025-04-02T19:21:12.407+0000] {processor.py:186} INFO - Started process (PID=1782) to work on /home/airflow/.local/lib/python3.12/site-packages/airflow/example_dags/example_inlet_event_extra.py
[2025-04-02T19:21:12.409+0000] {processor.py:914} INFO - Processing file /home/airflow/.local/lib/python3.12/site-packages/airflow/example_dags/example_inlet_event_extra.py for tasks to queue
[2025-04-02T19:21:12.418+0000] {logging_mixin.py:190} INFO - [2025-04-02T19:21:12.417+0000] {dagbag.py:588} INFO - Filling up the DagBag from /home/airflow/.local/lib/python3.12/site-packages/airflow/example_dags/example_inlet_event_extra.py
[2025-04-02T19:21:15.578+0000] {processor.py:925} INFO - DAG(s) 'read_dataset_event', 'read_dataset_event_from_classic' retrieved from /home/airflow/.local/lib/python3.12/site-packages/airflow/example_dags/example_inlet_event_extra.py
[2025-04-02T19:21:15.710+0000] {logging_mixin.py:190} INFO - [2025-04-02T19:21:15.709+0000] {dag.py:3239} INFO - Sync 2 DAGs
[2025-04-02T19:21:15.969+0000] {logging_mixin.py:190} INFO - [2025-04-02T19:21:15.956+0000] {dag.py:4180} INFO - Setting next_dagrun for read_dataset_event to 2025-04-01 00:00:00+00:00, run_after=2025-04-02 00:00:00+00:00
[2025-04-02T19:21:16.020+0000] {logging_mixin.py:190} INFO - [2025-04-02T19:21:16.020+0000] {dag.py:4180} INFO - Setting next_dagrun for read_dataset_event_from_classic to 2025-04-01 00:00:00+00:00, run_after=2025-04-02 00:00:00+00:00
[2025-04-02T19:21:16.178+0000] {processor.py:208} INFO - Processing /home/airflow/.local/lib/python3.12/site-packages/airflow/example_dags/example_inlet_event_extra.py took 3.786 seconds
[2025-04-02T19:21:48.209+0000] {processor.py:186} INFO - Started process (PID=1845) to work on /home/airflow/.local/lib/python3.12/site-packages/airflow/example_dags/example_inlet_event_extra.py
[2025-04-02T19:21:48.218+0000] {processor.py:914} INFO - Processing file /home/airflow/.local/lib/python3.12/site-packages/airflow/example_dags/example_inlet_event_extra.py for tasks to queue
[2025-04-02T19:21:48.226+0000] {logging_mixin.py:190} INFO - [2025-04-02T19:21:48.224+0000] {dagbag.py:588} INFO - Filling up the DagBag from /home/airflow/.local/lib/python3.12/site-packages/airflow/example_dags/example_inlet_event_extra.py
[2025-04-02T19:21:52.072+0000] {processor.py:925} INFO - DAG(s) 'read_dataset_event', 'read_dataset_event_from_classic' retrieved from /home/airflow/.local/lib/python3.12/site-packages/airflow/example_dags/example_inlet_event_extra.py
[2025-04-02T19:21:52.304+0000] {logging_mixin.py:190} INFO - [2025-04-02T19:21:52.303+0000] {dag.py:3239} INFO - Sync 2 DAGs
[2025-04-02T19:21:52.467+0000] {logging_mixin.py:190} INFO - [2025-04-02T19:21:52.466+0000] {dag.py:4180} INFO - Setting next_dagrun for read_dataset_event to 2025-04-01 00:00:00+00:00, run_after=2025-04-02 00:00:00+00:00
[2025-04-02T19:21:52.541+0000] {logging_mixin.py:190} INFO - [2025-04-02T19:21:52.540+0000] {dag.py:4180} INFO - Setting next_dagrun for read_dataset_event_from_classic to 2025-04-01 00:00:00+00:00, run_after=2025-04-02 00:00:00+00:00
[2025-04-02T19:21:52.666+0000] {processor.py:208} INFO - Processing /home/airflow/.local/lib/python3.12/site-packages/airflow/example_dags/example_inlet_event_extra.py took 4.493 seconds
[2025-04-02T19:22:37.495+0000] {processor.py:186} INFO - Started process (PID=1913) to work on /home/airflow/.local/lib/python3.12/site-packages/airflow/example_dags/example_inlet_event_extra.py
[2025-04-02T19:22:37.498+0000] {processor.py:914} INFO - Processing file /home/airflow/.local/lib/python3.12/site-packages/airflow/example_dags/example_inlet_event_extra.py for tasks to queue
[2025-04-02T19:22:37.516+0000] {logging_mixin.py:190} INFO - [2025-04-02T19:22:37.515+0000] {dagbag.py:588} INFO - Filling up the DagBag from /home/airflow/.local/lib/python3.12/site-packages/airflow/example_dags/example_inlet_event_extra.py
[2025-04-02T19:22:47.565+0000] {processor.py:925} INFO - DAG(s) 'read_dataset_event', 'read_dataset_event_from_classic' retrieved from /home/airflow/.local/lib/python3.12/site-packages/airflow/example_dags/example_inlet_event_extra.py
[2025-04-02T19:22:47.952+0000] {logging_mixin.py:190} INFO - [2025-04-02T19:22:47.951+0000] {dag.py:3239} INFO - Sync 2 DAGs
[2025-04-02T19:22:48.391+0000] {logging_mixin.py:190} INFO - [2025-04-02T19:22:48.391+0000] {dag.py:4180} INFO - Setting next_dagrun for read_dataset_event to 2025-04-01 00:00:00+00:00, run_after=2025-04-02 00:00:00+00:00
[2025-04-02T19:22:48.470+0000] {logging_mixin.py:190} INFO - [2025-04-02T19:22:48.469+0000] {dag.py:4180} INFO - Setting next_dagrun for read_dataset_event_from_classic to 2025-04-01 00:00:00+00:00, run_after=2025-04-02 00:00:00+00:00
[2025-04-02T19:22:48.712+0000] {processor.py:208} INFO - Processing /home/airflow/.local/lib/python3.12/site-packages/airflow/example_dags/example_inlet_event_extra.py took 11.303 seconds
[2025-04-02T19:23:19.194+0000] {processor.py:186} INFO - Started process (PID=1984) to work on /home/airflow/.local/lib/python3.12/site-packages/airflow/example_dags/example_inlet_event_extra.py
[2025-04-02T19:23:19.196+0000] {processor.py:914} INFO - Processing file /home/airflow/.local/lib/python3.12/site-packages/airflow/example_dags/example_inlet_event_extra.py for tasks to queue
[2025-04-02T19:23:19.202+0000] {logging_mixin.py:190} INFO - [2025-04-02T19:23:19.201+0000] {dagbag.py:588} INFO - Filling up the DagBag from /home/airflow/.local/lib/python3.12/site-packages/airflow/example_dags/example_inlet_event_extra.py
[2025-04-02T19:23:21.696+0000] {processor.py:925} INFO - DAG(s) 'read_dataset_event_from_classic', 'read_dataset_event' retrieved from /home/airflow/.local/lib/python3.12/site-packages/airflow/example_dags/example_inlet_event_extra.py
[2025-04-02T19:23:21.855+0000] {logging_mixin.py:190} INFO - [2025-04-02T19:23:21.854+0000] {dag.py:3239} INFO - Sync 2 DAGs
[2025-04-02T19:23:21.958+0000] {logging_mixin.py:190} INFO - [2025-04-02T19:23:21.958+0000] {dag.py:4180} INFO - Setting next_dagrun for read_dataset_event to 2025-04-01 00:00:00+00:00, run_after=2025-04-02 00:00:00+00:00
[2025-04-02T19:23:21.978+0000] {logging_mixin.py:190} INFO - [2025-04-02T19:23:21.977+0000] {dag.py:4180} INFO - Setting next_dagrun for read_dataset_event_from_classic to 2025-04-01 00:00:00+00:00, run_after=2025-04-02 00:00:00+00:00
[2025-04-02T19:23:22.012+0000] {processor.py:208} INFO - Processing /home/airflow/.local/lib/python3.12/site-packages/airflow/example_dags/example_inlet_event_extra.py took 2.833 seconds
[2025-04-02T19:24:03.903+0000] {processor.py:186} INFO - Started process (PID=2054) to work on /home/airflow/.local/lib/python3.12/site-packages/airflow/example_dags/example_inlet_event_extra.py
[2025-04-02T19:24:03.916+0000] {processor.py:914} INFO - Processing file /home/airflow/.local/lib/python3.12/site-packages/airflow/example_dags/example_inlet_event_extra.py for tasks to queue
[2025-04-02T19:24:03.951+0000] {logging_mixin.py:190} INFO - [2025-04-02T19:24:03.949+0000] {dagbag.py:588} INFO - Filling up the DagBag from /home/airflow/.local/lib/python3.12/site-packages/airflow/example_dags/example_inlet_event_extra.py
[2025-04-02T19:24:07.601+0000] {processor.py:925} INFO - DAG(s) 'read_dataset_event', 'read_dataset_event_from_classic' retrieved from /home/airflow/.local/lib/python3.12/site-packages/airflow/example_dags/example_inlet_event_extra.py
[2025-04-02T19:24:07.665+0000] {logging_mixin.py:190} INFO - [2025-04-02T19:24:07.664+0000] {dag.py:3239} INFO - Sync 2 DAGs
[2025-04-02T19:24:07.754+0000] {logging_mixin.py:190} INFO - [2025-04-02T19:24:07.753+0000] {dag.py:4180} INFO - Setting next_dagrun for read_dataset_event to 2025-04-01 00:00:00+00:00, run_after=2025-04-02 00:00:00+00:00
[2025-04-02T19:24:07.774+0000] {logging_mixin.py:190} INFO - [2025-04-02T19:24:07.774+0000] {dag.py:4180} INFO - Setting next_dagrun for read_dataset_event_from_classic to 2025-04-01 00:00:00+00:00, run_after=2025-04-02 00:00:00+00:00
[2025-04-02T19:24:07.838+0000] {processor.py:208} INFO - Processing /home/airflow/.local/lib/python3.12/site-packages/airflow/example_dags/example_inlet_event_extra.py took 3.984 seconds
