[2025-04-02T19:04:07.970+0000] {processor.py:186} INFO - Started process (PID=143) to work on /home/airflow/.local/lib/python3.12/site-packages/airflow/example_dags/example_display_name.py
[2025-04-02T19:04:07.974+0000] {processor.py:914} INFO - Processing file /home/airflow/.local/lib/python3.12/site-packages/airflow/example_dags/example_display_name.py for tasks to queue
[2025-04-02T19:04:07.983+0000] {logging_mixin.py:190} INFO - [2025-04-02T19:04:07.981+0000] {dagbag.py:588} INFO - Filling up the DagBag from /home/airflow/.local/lib/python3.12/site-packages/airflow/example_dags/example_display_name.py
[2025-04-02T19:04:08.078+0000] {processor.py:925} INFO - DAG(s) 'example_display_name' retrieved from /home/airflow/.local/lib/python3.12/site-packages/airflow/example_dags/example_display_name.py
[2025-04-02T19:04:08.781+0000] {logging_mixin.py:190} INFO - [2025-04-02T19:04:08.780+0000] {override.py:1912} INFO - Created Permission View: can delete on DAG:example_display_name
[2025-04-02T19:04:08.810+0000] {logging_mixin.py:190} INFO - [2025-04-02T19:04:08.810+0000] {override.py:1912} INFO - Created Permission View: can edit on DAG:example_display_name
[2025-04-02T19:04:08.838+0000] {logging_mixin.py:190} INFO - [2025-04-02T19:04:08.836+0000] {override.py:1912} INFO - Created Permission View: can read on DAG:example_display_name
[2025-04-02T19:04:08.957+0000] {logging_mixin.py:190} INFO - [2025-04-02T19:04:08.957+0000] {override.py:1912} INFO - Created Permission View: can delete on DAG Run:example_display_name
[2025-04-02T19:04:09.077+0000] {logging_mixin.py:190} INFO - [2025-04-02T19:04:09.076+0000] {override.py:1912} INFO - Created Permission View: can read on DAG Run:example_display_name
[2025-04-02T19:04:09.216+0000] {logging_mixin.py:190} INFO - [2025-04-02T19:04:09.216+0000] {override.py:1912} INFO - Created Permission View: can create on DAG Run:example_display_name
[2025-04-02T19:04:09.312+0000] {logging_mixin.py:190} INFO - [2025-04-02T19:04:09.311+0000] {override.py:1912} INFO - Created Permission View: menu access on DAG Run:example_display_name
[2025-04-02T19:04:09.327+0000] {logging_mixin.py:190} INFO - [2025-04-02T19:04:09.325+0000] {dag.py:3239} INFO - Sync 1 DAGs
[2025-04-02T19:04:09.495+0000] {logging_mixin.py:190} INFO - [2025-04-02T19:04:09.495+0000] {dag.py:3262} INFO - Creating ORM DAG for example_display_name
[2025-04-02T19:04:09.532+0000] {logging_mixin.py:190} INFO - [2025-04-02T19:04:09.531+0000] {dag.py:4180} INFO - Setting next_dagrun for example_display_name to None, run_after=None
[2025-04-02T19:04:09.628+0000] {processor.py:208} INFO - Processing /home/airflow/.local/lib/python3.12/site-packages/airflow/example_dags/example_display_name.py took 1.678 seconds
[2025-04-02T19:04:46.112+0000] {processor.py:186} INFO - Started process (PID=206) to work on /home/airflow/.local/lib/python3.12/site-packages/airflow/example_dags/example_display_name.py
[2025-04-02T19:04:46.121+0000] {processor.py:914} INFO - Processing file /home/airflow/.local/lib/python3.12/site-packages/airflow/example_dags/example_display_name.py for tasks to queue
[2025-04-02T19:04:46.132+0000] {logging_mixin.py:190} INFO - [2025-04-02T19:04:46.131+0000] {dagbag.py:588} INFO - Filling up the DagBag from /home/airflow/.local/lib/python3.12/site-packages/airflow/example_dags/example_display_name.py
[2025-04-02T19:04:46.159+0000] {processor.py:925} INFO - DAG(s) 'example_display_name' retrieved from /home/airflow/.local/lib/python3.12/site-packages/airflow/example_dags/example_display_name.py
[2025-04-02T19:04:46.221+0000] {logging_mixin.py:190} INFO - [2025-04-02T19:04:46.221+0000] {dag.py:3239} INFO - Sync 1 DAGs
[2025-04-02T19:04:46.257+0000] {logging_mixin.py:190} INFO - [2025-04-02T19:04:46.257+0000] {dag.py:4180} INFO - Setting next_dagrun for example_display_name to None, run_after=None
[2025-04-02T19:04:46.305+0000] {processor.py:208} INFO - Processing /home/airflow/.local/lib/python3.12/site-packages/airflow/example_dags/example_display_name.py took 0.222 seconds
[2025-04-02T19:05:29.142+0000] {processor.py:186} INFO - Started process (PID=281) to work on /home/airflow/.local/lib/python3.12/site-packages/airflow/example_dags/example_display_name.py
[2025-04-02T19:05:29.157+0000] {processor.py:914} INFO - Processing file /home/airflow/.local/lib/python3.12/site-packages/airflow/example_dags/example_display_name.py for tasks to queue
[2025-04-02T19:05:29.180+0000] {logging_mixin.py:190} INFO - [2025-04-02T19:05:29.179+0000] {dagbag.py:588} INFO - Filling up the DagBag from /home/airflow/.local/lib/python3.12/site-packages/airflow/example_dags/example_display_name.py
[2025-04-02T19:05:29.257+0000] {processor.py:925} INFO - DAG(s) 'example_display_name' retrieved from /home/airflow/.local/lib/python3.12/site-packages/airflow/example_dags/example_display_name.py
[2025-04-02T19:05:29.377+0000] {logging_mixin.py:190} INFO - [2025-04-02T19:05:29.377+0000] {dag.py:3239} INFO - Sync 1 DAGs
[2025-04-02T19:05:29.488+0000] {logging_mixin.py:190} INFO - [2025-04-02T19:05:29.488+0000] {dag.py:4180} INFO - Setting next_dagrun for example_display_name to None, run_after=None
[2025-04-02T19:05:29.626+0000] {processor.py:208} INFO - Processing /home/airflow/.local/lib/python3.12/site-packages/airflow/example_dags/example_display_name.py took 0.519 seconds
[2025-04-02T19:06:00.069+0000] {processor.py:186} INFO - Started process (PID=345) to work on /home/airflow/.local/lib/python3.12/site-packages/airflow/example_dags/example_display_name.py
[2025-04-02T19:06:00.072+0000] {processor.py:914} INFO - Processing file /home/airflow/.local/lib/python3.12/site-packages/airflow/example_dags/example_display_name.py for tasks to queue
[2025-04-02T19:06:00.079+0000] {logging_mixin.py:190} INFO - [2025-04-02T19:06:00.078+0000] {dagbag.py:588} INFO - Filling up the DagBag from /home/airflow/.local/lib/python3.12/site-packages/airflow/example_dags/example_display_name.py
[2025-04-02T19:06:00.112+0000] {processor.py:925} INFO - DAG(s) 'example_display_name' retrieved from /home/airflow/.local/lib/python3.12/site-packages/airflow/example_dags/example_display_name.py
[2025-04-02T19:06:00.169+0000] {logging_mixin.py:190} INFO - [2025-04-02T19:06:00.169+0000] {dag.py:3239} INFO - Sync 1 DAGs
[2025-04-02T19:06:00.198+0000] {logging_mixin.py:190} INFO - [2025-04-02T19:06:00.197+0000] {dag.py:4180} INFO - Setting next_dagrun for example_display_name to None, run_after=None
[2025-04-02T19:06:00.232+0000] {processor.py:208} INFO - Processing /home/airflow/.local/lib/python3.12/site-packages/airflow/example_dags/example_display_name.py took 0.182 seconds
[2025-04-02T19:06:37.766+0000] {processor.py:186} INFO - Started process (PID=408) to work on /home/airflow/.local/lib/python3.12/site-packages/airflow/example_dags/example_display_name.py
[2025-04-02T19:06:37.778+0000] {processor.py:914} INFO - Processing file /home/airflow/.local/lib/python3.12/site-packages/airflow/example_dags/example_display_name.py for tasks to queue
[2025-04-02T19:06:37.807+0000] {logging_mixin.py:190} INFO - [2025-04-02T19:06:37.806+0000] {dagbag.py:588} INFO - Filling up the DagBag from /home/airflow/.local/lib/python3.12/site-packages/airflow/example_dags/example_display_name.py
[2025-04-02T19:06:37.884+0000] {processor.py:925} INFO - DAG(s) 'example_display_name' retrieved from /home/airflow/.local/lib/python3.12/site-packages/airflow/example_dags/example_display_name.py
[2025-04-02T19:06:38.337+0000] {logging_mixin.py:190} INFO - [2025-04-02T19:06:38.336+0000] {dag.py:3239} INFO - Sync 1 DAGs
[2025-04-02T19:06:38.439+0000] {logging_mixin.py:190} INFO - [2025-04-02T19:06:38.437+0000] {dag.py:4180} INFO - Setting next_dagrun for example_display_name to None, run_after=None
[2025-04-02T19:06:38.746+0000] {processor.py:208} INFO - Processing /home/airflow/.local/lib/python3.12/site-packages/airflow/example_dags/example_display_name.py took 0.996 seconds
[2025-04-02T19:07:25.131+0000] {processor.py:186} INFO - Started process (PID=482) to work on /home/airflow/.local/lib/python3.12/site-packages/airflow/example_dags/example_display_name.py
[2025-04-02T19:07:25.136+0000] {processor.py:914} INFO - Processing file /home/airflow/.local/lib/python3.12/site-packages/airflow/example_dags/example_display_name.py for tasks to queue
[2025-04-02T19:07:25.144+0000] {logging_mixin.py:190} INFO - [2025-04-02T19:07:25.143+0000] {dagbag.py:588} INFO - Filling up the DagBag from /home/airflow/.local/lib/python3.12/site-packages/airflow/example_dags/example_display_name.py
[2025-04-02T19:07:25.174+0000] {processor.py:925} INFO - DAG(s) 'example_display_name' retrieved from /home/airflow/.local/lib/python3.12/site-packages/airflow/example_dags/example_display_name.py
[2025-04-02T19:07:25.235+0000] {logging_mixin.py:190} INFO - [2025-04-02T19:07:25.234+0000] {dag.py:3239} INFO - Sync 1 DAGs
[2025-04-02T19:07:25.286+0000] {logging_mixin.py:190} INFO - [2025-04-02T19:07:25.285+0000] {dag.py:4180} INFO - Setting next_dagrun for example_display_name to None, run_after=None
[2025-04-02T19:07:25.322+0000] {processor.py:208} INFO - Processing /home/airflow/.local/lib/python3.12/site-packages/airflow/example_dags/example_display_name.py took 0.217 seconds
[2025-04-02T19:08:03.073+0000] {processor.py:186} INFO - Started process (PID=554) to work on /home/airflow/.local/lib/python3.12/site-packages/airflow/example_dags/example_display_name.py
[2025-04-02T19:08:03.075+0000] {processor.py:914} INFO - Processing file /home/airflow/.local/lib/python3.12/site-packages/airflow/example_dags/example_display_name.py for tasks to queue
[2025-04-02T19:08:03.079+0000] {logging_mixin.py:190} INFO - [2025-04-02T19:08:03.078+0000] {dagbag.py:588} INFO - Filling up the DagBag from /home/airflow/.local/lib/python3.12/site-packages/airflow/example_dags/example_display_name.py
[2025-04-02T19:08:03.092+0000] {processor.py:925} INFO - DAG(s) 'example_display_name' retrieved from /home/airflow/.local/lib/python3.12/site-packages/airflow/example_dags/example_display_name.py
[2025-04-02T19:08:03.128+0000] {logging_mixin.py:190} INFO - [2025-04-02T19:08:03.127+0000] {dag.py:3239} INFO - Sync 1 DAGs
[2025-04-02T19:08:03.156+0000] {logging_mixin.py:190} INFO - [2025-04-02T19:08:03.156+0000] {dag.py:4180} INFO - Setting next_dagrun for example_display_name to None, run_after=None
[2025-04-02T19:08:03.221+0000] {processor.py:208} INFO - Processing /home/airflow/.local/lib/python3.12/site-packages/airflow/example_dags/example_display_name.py took 0.160 seconds
[2025-04-02T19:08:59.606+0000] {processor.py:186} INFO - Started process (PID=626) to work on /home/airflow/.local/lib/python3.12/site-packages/airflow/example_dags/example_display_name.py
[2025-04-02T19:08:59.638+0000] {processor.py:914} INFO - Processing file /home/airflow/.local/lib/python3.12/site-packages/airflow/example_dags/example_display_name.py for tasks to queue
[2025-04-02T19:08:59.674+0000] {logging_mixin.py:190} INFO - [2025-04-02T19:08:59.673+0000] {dagbag.py:588} INFO - Filling up the DagBag from /home/airflow/.local/lib/python3.12/site-packages/airflow/example_dags/example_display_name.py
[2025-04-02T19:08:59.767+0000] {processor.py:925} INFO - DAG(s) 'example_display_name' retrieved from /home/airflow/.local/lib/python3.12/site-packages/airflow/example_dags/example_display_name.py
[2025-04-02T19:08:59.963+0000] {logging_mixin.py:190} INFO - [2025-04-02T19:08:59.962+0000] {dag.py:3239} INFO - Sync 1 DAGs
[2025-04-02T19:09:00.136+0000] {logging_mixin.py:190} INFO - [2025-04-02T19:09:00.135+0000] {dag.py:4180} INFO - Setting next_dagrun for example_display_name to None, run_after=None
[2025-04-02T19:09:00.349+0000] {processor.py:208} INFO - Processing /home/airflow/.local/lib/python3.12/site-packages/airflow/example_dags/example_display_name.py took 0.802 seconds
[2025-04-02T19:10:32.954+0000] {processor.py:186} INFO - Started process (PID=723) to work on /home/airflow/.local/lib/python3.12/site-packages/airflow/example_dags/example_display_name.py
[2025-04-02T19:10:32.958+0000] {processor.py:914} INFO - Processing file /home/airflow/.local/lib/python3.12/site-packages/airflow/example_dags/example_display_name.py for tasks to queue
[2025-04-02T19:10:32.964+0000] {logging_mixin.py:190} INFO - [2025-04-02T19:10:32.963+0000] {dagbag.py:588} INFO - Filling up the DagBag from /home/airflow/.local/lib/python3.12/site-packages/airflow/example_dags/example_display_name.py
[2025-04-02T19:10:32.984+0000] {processor.py:925} INFO - DAG(s) 'example_display_name' retrieved from /home/airflow/.local/lib/python3.12/site-packages/airflow/example_dags/example_display_name.py
[2025-04-02T19:10:33.070+0000] {logging_mixin.py:190} INFO - [2025-04-02T19:10:33.069+0000] {dag.py:3239} INFO - Sync 1 DAGs
[2025-04-02T19:10:33.148+0000] {logging_mixin.py:190} INFO - [2025-04-02T19:10:33.147+0000] {dag.py:4180} INFO - Setting next_dagrun for example_display_name to None, run_after=None
[2025-04-02T19:10:33.227+0000] {processor.py:208} INFO - Processing /home/airflow/.local/lib/python3.12/site-packages/airflow/example_dags/example_display_name.py took 0.289 seconds
[2025-04-02T19:11:05.242+0000] {processor.py:186} INFO - Started process (PID=785) to work on /home/airflow/.local/lib/python3.12/site-packages/airflow/example_dags/example_display_name.py
[2025-04-02T19:11:05.245+0000] {processor.py:914} INFO - Processing file /home/airflow/.local/lib/python3.12/site-packages/airflow/example_dags/example_display_name.py for tasks to queue
[2025-04-02T19:11:05.257+0000] {logging_mixin.py:190} INFO - [2025-04-02T19:11:05.255+0000] {dagbag.py:588} INFO - Filling up the DagBag from /home/airflow/.local/lib/python3.12/site-packages/airflow/example_dags/example_display_name.py
[2025-04-02T19:11:05.297+0000] {processor.py:925} INFO - DAG(s) 'example_display_name' retrieved from /home/airflow/.local/lib/python3.12/site-packages/airflow/example_dags/example_display_name.py
[2025-04-02T19:11:05.437+0000] {logging_mixin.py:190} INFO - [2025-04-02T19:11:05.437+0000] {dag.py:3239} INFO - Sync 1 DAGs
[2025-04-02T19:11:05.511+0000] {logging_mixin.py:190} INFO - [2025-04-02T19:11:05.511+0000] {dag.py:4180} INFO - Setting next_dagrun for example_display_name to None, run_after=None
[2025-04-02T19:11:05.576+0000] {processor.py:208} INFO - Processing /home/airflow/.local/lib/python3.12/site-packages/airflow/example_dags/example_display_name.py took 0.355 seconds
[2025-04-02T19:11:37.093+0000] {processor.py:186} INFO - Started process (PID=847) to work on /home/airflow/.local/lib/python3.12/site-packages/airflow/example_dags/example_display_name.py
[2025-04-02T19:11:37.106+0000] {processor.py:914} INFO - Processing file /home/airflow/.local/lib/python3.12/site-packages/airflow/example_dags/example_display_name.py for tasks to queue
[2025-04-02T19:11:37.115+0000] {logging_mixin.py:190} INFO - [2025-04-02T19:11:37.114+0000] {dagbag.py:588} INFO - Filling up the DagBag from /home/airflow/.local/lib/python3.12/site-packages/airflow/example_dags/example_display_name.py
[2025-04-02T19:11:37.140+0000] {processor.py:925} INFO - DAG(s) 'example_display_name' retrieved from /home/airflow/.local/lib/python3.12/site-packages/airflow/example_dags/example_display_name.py
[2025-04-02T19:11:37.209+0000] {logging_mixin.py:190} INFO - [2025-04-02T19:11:37.208+0000] {dag.py:3239} INFO - Sync 1 DAGs
[2025-04-02T19:11:37.253+0000] {logging_mixin.py:190} INFO - [2025-04-02T19:11:37.253+0000] {dag.py:4180} INFO - Setting next_dagrun for example_display_name to None, run_after=None
[2025-04-02T19:11:37.312+0000] {processor.py:208} INFO - Processing /home/airflow/.local/lib/python3.12/site-packages/airflow/example_dags/example_display_name.py took 0.240 seconds
[2025-04-02T19:12:15.863+0000] {processor.py:186} INFO - Started process (PID=910) to work on /home/airflow/.local/lib/python3.12/site-packages/airflow/example_dags/example_display_name.py
[2025-04-02T19:12:15.866+0000] {processor.py:914} INFO - Processing file /home/airflow/.local/lib/python3.12/site-packages/airflow/example_dags/example_display_name.py for tasks to queue
[2025-04-02T19:12:15.873+0000] {logging_mixin.py:190} INFO - [2025-04-02T19:12:15.872+0000] {dagbag.py:588} INFO - Filling up the DagBag from /home/airflow/.local/lib/python3.12/site-packages/airflow/example_dags/example_display_name.py
[2025-04-02T19:12:15.906+0000] {processor.py:925} INFO - DAG(s) 'example_display_name' retrieved from /home/airflow/.local/lib/python3.12/site-packages/airflow/example_dags/example_display_name.py
[2025-04-02T19:12:15.970+0000] {logging_mixin.py:190} INFO - [2025-04-02T19:12:15.970+0000] {dag.py:3239} INFO - Sync 1 DAGs
[2025-04-02T19:12:16.007+0000] {logging_mixin.py:190} INFO - [2025-04-02T19:12:16.007+0000] {dag.py:4180} INFO - Setting next_dagrun for example_display_name to None, run_after=None
[2025-04-02T19:12:16.088+0000] {processor.py:208} INFO - Processing /home/airflow/.local/lib/python3.12/site-packages/airflow/example_dags/example_display_name.py took 0.246 seconds
[2025-04-02T19:12:54.799+0000] {processor.py:186} INFO - Started process (PID=979) to work on /home/airflow/.local/lib/python3.12/site-packages/airflow/example_dags/example_display_name.py
[2025-04-02T19:12:54.807+0000] {processor.py:914} INFO - Processing file /home/airflow/.local/lib/python3.12/site-packages/airflow/example_dags/example_display_name.py for tasks to queue
[2025-04-02T19:12:54.819+0000] {logging_mixin.py:190} INFO - [2025-04-02T19:12:54.815+0000] {dagbag.py:588} INFO - Filling up the DagBag from /home/airflow/.local/lib/python3.12/site-packages/airflow/example_dags/example_display_name.py
[2025-04-02T19:12:54.854+0000] {processor.py:925} INFO - DAG(s) 'example_display_name' retrieved from /home/airflow/.local/lib/python3.12/site-packages/airflow/example_dags/example_display_name.py
[2025-04-02T19:12:54.957+0000] {logging_mixin.py:190} INFO - [2025-04-02T19:12:54.956+0000] {dag.py:3239} INFO - Sync 1 DAGs
[2025-04-02T19:12:55.135+0000] {logging_mixin.py:190} INFO - [2025-04-02T19:12:55.123+0000] {dag.py:4180} INFO - Setting next_dagrun for example_display_name to None, run_after=None
[2025-04-02T19:12:55.226+0000] {processor.py:208} INFO - Processing /home/airflow/.local/lib/python3.12/site-packages/airflow/example_dags/example_display_name.py took 0.462 seconds
[2025-04-02T19:13:44.915+0000] {processor.py:186} INFO - Started process (PID=1059) to work on /home/airflow/.local/lib/python3.12/site-packages/airflow/example_dags/example_display_name.py
[2025-04-02T19:13:44.917+0000] {processor.py:914} INFO - Processing file /home/airflow/.local/lib/python3.12/site-packages/airflow/example_dags/example_display_name.py for tasks to queue
[2025-04-02T19:13:44.924+0000] {logging_mixin.py:190} INFO - [2025-04-02T19:13:44.921+0000] {dagbag.py:588} INFO - Filling up the DagBag from /home/airflow/.local/lib/python3.12/site-packages/airflow/example_dags/example_display_name.py
[2025-04-02T19:13:44.943+0000] {processor.py:925} INFO - DAG(s) 'example_display_name' retrieved from /home/airflow/.local/lib/python3.12/site-packages/airflow/example_dags/example_display_name.py
[2025-04-02T19:13:45.012+0000] {logging_mixin.py:190} INFO - [2025-04-02T19:13:45.011+0000] {dag.py:3239} INFO - Sync 1 DAGs
[2025-04-02T19:13:45.073+0000] {logging_mixin.py:190} INFO - [2025-04-02T19:13:45.072+0000] {dag.py:4180} INFO - Setting next_dagrun for example_display_name to None, run_after=None
[2025-04-02T19:13:45.139+0000] {processor.py:208} INFO - Processing /home/airflow/.local/lib/python3.12/site-packages/airflow/example_dags/example_display_name.py took 0.243 seconds
[2025-04-02T19:14:29.416+0000] {processor.py:186} INFO - Started process (PID=1122) to work on /home/airflow/.local/lib/python3.12/site-packages/airflow/example_dags/example_display_name.py
[2025-04-02T19:14:29.463+0000] {processor.py:914} INFO - Processing file /home/airflow/.local/lib/python3.12/site-packages/airflow/example_dags/example_display_name.py for tasks to queue
[2025-04-02T19:14:29.517+0000] {logging_mixin.py:190} INFO - [2025-04-02T19:14:29.516+0000] {dagbag.py:588} INFO - Filling up the DagBag from /home/airflow/.local/lib/python3.12/site-packages/airflow/example_dags/example_display_name.py
[2025-04-02T19:14:29.605+0000] {processor.py:925} INFO - DAG(s) 'example_display_name' retrieved from /home/airflow/.local/lib/python3.12/site-packages/airflow/example_dags/example_display_name.py
[2025-04-02T19:14:29.872+0000] {logging_mixin.py:190} INFO - [2025-04-02T19:14:29.872+0000] {dag.py:3239} INFO - Sync 1 DAGs
[2025-04-02T19:14:30.106+0000] {logging_mixin.py:190} INFO - [2025-04-02T19:14:30.105+0000] {dag.py:4180} INFO - Setting next_dagrun for example_display_name to None, run_after=None
[2025-04-02T19:14:30.355+0000] {processor.py:208} INFO - Processing /home/airflow/.local/lib/python3.12/site-packages/airflow/example_dags/example_display_name.py took 1.057 seconds
[2025-04-02T19:15:33.871+0000] {processor.py:186} INFO - Started process (PID=1200) to work on /home/airflow/.local/lib/python3.12/site-packages/airflow/example_dags/example_display_name.py
[2025-04-02T19:15:33.885+0000] {processor.py:914} INFO - Processing file /home/airflow/.local/lib/python3.12/site-packages/airflow/example_dags/example_display_name.py for tasks to queue
[2025-04-02T19:15:33.903+0000] {logging_mixin.py:190} INFO - [2025-04-02T19:15:33.902+0000] {dagbag.py:588} INFO - Filling up the DagBag from /home/airflow/.local/lib/python3.12/site-packages/airflow/example_dags/example_display_name.py
[2025-04-02T19:15:33.989+0000] {processor.py:925} INFO - DAG(s) 'example_display_name' retrieved from /home/airflow/.local/lib/python3.12/site-packages/airflow/example_dags/example_display_name.py
[2025-04-02T19:15:34.116+0000] {logging_mixin.py:190} INFO - [2025-04-02T19:15:34.111+0000] {dag.py:3239} INFO - Sync 1 DAGs
[2025-04-02T19:15:34.215+0000] {logging_mixin.py:190} INFO - [2025-04-02T19:15:34.214+0000] {dag.py:4180} INFO - Setting next_dagrun for example_display_name to None, run_after=None
[2025-04-02T19:15:34.337+0000] {processor.py:208} INFO - Processing /home/airflow/.local/lib/python3.12/site-packages/airflow/example_dags/example_display_name.py took 0.501 seconds
[2025-04-02T19:16:13.578+0000] {processor.py:186} INFO - Started process (PID=1268) to work on /home/airflow/.local/lib/python3.12/site-packages/airflow/example_dags/example_display_name.py
[2025-04-02T19:16:13.585+0000] {processor.py:914} INFO - Processing file /home/airflow/.local/lib/python3.12/site-packages/airflow/example_dags/example_display_name.py for tasks to queue
[2025-04-02T19:16:13.605+0000] {logging_mixin.py:190} INFO - [2025-04-02T19:16:13.603+0000] {dagbag.py:588} INFO - Filling up the DagBag from /home/airflow/.local/lib/python3.12/site-packages/airflow/example_dags/example_display_name.py
[2025-04-02T19:16:13.629+0000] {processor.py:925} INFO - DAG(s) 'example_display_name' retrieved from /home/airflow/.local/lib/python3.12/site-packages/airflow/example_dags/example_display_name.py
[2025-04-02T19:16:13.754+0000] {logging_mixin.py:190} INFO - [2025-04-02T19:16:13.753+0000] {dag.py:3239} INFO - Sync 1 DAGs
[2025-04-02T19:16:13.896+0000] {logging_mixin.py:190} INFO - [2025-04-02T19:16:13.895+0000] {dag.py:4180} INFO - Setting next_dagrun for example_display_name to None, run_after=None
[2025-04-02T19:16:14.025+0000] {processor.py:208} INFO - Processing /home/airflow/.local/lib/python3.12/site-packages/airflow/example_dags/example_display_name.py took 0.518 seconds
[2025-04-02T19:17:03.730+0000] {processor.py:186} INFO - Started process (PID=1343) to work on /home/airflow/.local/lib/python3.12/site-packages/airflow/example_dags/example_display_name.py
[2025-04-02T19:17:03.772+0000] {processor.py:914} INFO - Processing file /home/airflow/.local/lib/python3.12/site-packages/airflow/example_dags/example_display_name.py for tasks to queue
[2025-04-02T19:17:03.778+0000] {logging_mixin.py:190} INFO - [2025-04-02T19:17:03.777+0000] {dagbag.py:588} INFO - Filling up the DagBag from /home/airflow/.local/lib/python3.12/site-packages/airflow/example_dags/example_display_name.py
[2025-04-02T19:17:03.807+0000] {processor.py:925} INFO - DAG(s) 'example_display_name' retrieved from /home/airflow/.local/lib/python3.12/site-packages/airflow/example_dags/example_display_name.py
[2025-04-02T19:17:03.894+0000] {logging_mixin.py:190} INFO - [2025-04-02T19:17:03.893+0000] {dag.py:3239} INFO - Sync 1 DAGs
[2025-04-02T19:17:03.990+0000] {logging_mixin.py:190} INFO - [2025-04-02T19:17:03.989+0000] {dag.py:4180} INFO - Setting next_dagrun for example_display_name to None, run_after=None
[2025-04-02T19:17:04.146+0000] {processor.py:208} INFO - Processing /home/airflow/.local/lib/python3.12/site-packages/airflow/example_dags/example_display_name.py took 0.452 seconds
[2025-04-02T19:17:34.383+0000] {processor.py:186} INFO - Started process (PID=1406) to work on /home/airflow/.local/lib/python3.12/site-packages/airflow/example_dags/example_display_name.py
[2025-04-02T19:17:34.385+0000] {processor.py:914} INFO - Processing file /home/airflow/.local/lib/python3.12/site-packages/airflow/example_dags/example_display_name.py for tasks to queue
[2025-04-02T19:17:34.399+0000] {logging_mixin.py:190} INFO - [2025-04-02T19:17:34.398+0000] {dagbag.py:588} INFO - Filling up the DagBag from /home/airflow/.local/lib/python3.12/site-packages/airflow/example_dags/example_display_name.py
[2025-04-02T19:17:34.439+0000] {processor.py:925} INFO - DAG(s) 'example_display_name' retrieved from /home/airflow/.local/lib/python3.12/site-packages/airflow/example_dags/example_display_name.py
[2025-04-02T19:17:34.506+0000] {logging_mixin.py:190} INFO - [2025-04-02T19:17:34.505+0000] {dag.py:3239} INFO - Sync 1 DAGs
[2025-04-02T19:17:34.554+0000] {logging_mixin.py:190} INFO - [2025-04-02T19:17:34.553+0000] {dag.py:4180} INFO - Setting next_dagrun for example_display_name to None, run_after=None
[2025-04-02T19:17:34.641+0000] {processor.py:208} INFO - Processing /home/airflow/.local/lib/python3.12/site-packages/airflow/example_dags/example_display_name.py took 0.295 seconds
[2025-04-02T19:18:06.852+0000] {processor.py:186} INFO - Started process (PID=1468) to work on /home/airflow/.local/lib/python3.12/site-packages/airflow/example_dags/example_display_name.py
[2025-04-02T19:18:06.865+0000] {processor.py:914} INFO - Processing file /home/airflow/.local/lib/python3.12/site-packages/airflow/example_dags/example_display_name.py for tasks to queue
[2025-04-02T19:18:06.873+0000] {logging_mixin.py:190} INFO - [2025-04-02T19:18:06.873+0000] {dagbag.py:588} INFO - Filling up the DagBag from /home/airflow/.local/lib/python3.12/site-packages/airflow/example_dags/example_display_name.py
[2025-04-02T19:18:06.897+0000] {processor.py:925} INFO - DAG(s) 'example_display_name' retrieved from /home/airflow/.local/lib/python3.12/site-packages/airflow/example_dags/example_display_name.py
[2025-04-02T19:18:07.003+0000] {logging_mixin.py:190} INFO - [2025-04-02T19:18:07.002+0000] {dag.py:3239} INFO - Sync 1 DAGs
[2025-04-02T19:18:07.114+0000] {logging_mixin.py:190} INFO - [2025-04-02T19:18:07.113+0000] {dag.py:4180} INFO - Setting next_dagrun for example_display_name to None, run_after=None
[2025-04-02T19:18:07.208+0000] {processor.py:208} INFO - Processing /home/airflow/.local/lib/python3.12/site-packages/airflow/example_dags/example_display_name.py took 0.380 seconds
[2025-04-02T19:18:39.578+0000] {processor.py:186} INFO - Started process (PID=1537) to work on /home/airflow/.local/lib/python3.12/site-packages/airflow/example_dags/example_display_name.py
[2025-04-02T19:18:39.587+0000] {processor.py:914} INFO - Processing file /home/airflow/.local/lib/python3.12/site-packages/airflow/example_dags/example_display_name.py for tasks to queue
[2025-04-02T19:18:39.605+0000] {logging_mixin.py:190} INFO - [2025-04-02T19:18:39.597+0000] {dagbag.py:588} INFO - Filling up the DagBag from /home/airflow/.local/lib/python3.12/site-packages/airflow/example_dags/example_display_name.py
[2025-04-02T19:18:39.677+0000] {processor.py:925} INFO - DAG(s) 'example_display_name' retrieved from /home/airflow/.local/lib/python3.12/site-packages/airflow/example_dags/example_display_name.py
[2025-04-02T19:18:39.852+0000] {logging_mixin.py:190} INFO - [2025-04-02T19:18:39.852+0000] {dag.py:3239} INFO - Sync 1 DAGs
[2025-04-02T19:18:40.003+0000] {logging_mixin.py:190} INFO - [2025-04-02T19:18:40.003+0000] {dag.py:4180} INFO - Setting next_dagrun for example_display_name to None, run_after=None
[2025-04-02T19:18:40.222+0000] {processor.py:208} INFO - Processing /home/airflow/.local/lib/python3.12/site-packages/airflow/example_dags/example_display_name.py took 0.674 seconds
[2025-04-02T19:19:12.536+0000] {processor.py:186} INFO - Started process (PID=1599) to work on /home/airflow/.local/lib/python3.12/site-packages/airflow/example_dags/example_display_name.py
[2025-04-02T19:19:12.544+0000] {processor.py:914} INFO - Processing file /home/airflow/.local/lib/python3.12/site-packages/airflow/example_dags/example_display_name.py for tasks to queue
[2025-04-02T19:19:12.555+0000] {logging_mixin.py:190} INFO - [2025-04-02T19:19:12.554+0000] {dagbag.py:588} INFO - Filling up the DagBag from /home/airflow/.local/lib/python3.12/site-packages/airflow/example_dags/example_display_name.py
[2025-04-02T19:19:12.597+0000] {processor.py:925} INFO - DAG(s) 'example_display_name' retrieved from /home/airflow/.local/lib/python3.12/site-packages/airflow/example_dags/example_display_name.py
[2025-04-02T19:19:12.682+0000] {logging_mixin.py:190} INFO - [2025-04-02T19:19:12.682+0000] {dag.py:3239} INFO - Sync 1 DAGs
[2025-04-02T19:19:12.750+0000] {logging_mixin.py:190} INFO - [2025-04-02T19:19:12.749+0000] {dag.py:4180} INFO - Setting next_dagrun for example_display_name to None, run_after=None
[2025-04-02T19:19:12.891+0000] {processor.py:208} INFO - Processing /home/airflow/.local/lib/python3.12/site-packages/airflow/example_dags/example_display_name.py took 0.379 seconds
[2025-04-02T19:20:10.599+0000] {processor.py:186} INFO - Started process (PID=1668) to work on /home/airflow/.local/lib/python3.12/site-packages/airflow/example_dags/example_display_name.py
[2025-04-02T19:20:10.639+0000] {processor.py:914} INFO - Processing file /home/airflow/.local/lib/python3.12/site-packages/airflow/example_dags/example_display_name.py for tasks to queue
[2025-04-02T19:20:10.693+0000] {logging_mixin.py:190} INFO - [2025-04-02T19:20:10.688+0000] {dagbag.py:588} INFO - Filling up the DagBag from /home/airflow/.local/lib/python3.12/site-packages/airflow/example_dags/example_display_name.py
[2025-04-02T19:20:10.822+0000] {processor.py:925} INFO - DAG(s) 'example_display_name' retrieved from /home/airflow/.local/lib/python3.12/site-packages/airflow/example_dags/example_display_name.py
[2025-04-02T19:20:11.092+0000] {logging_mixin.py:190} INFO - [2025-04-02T19:20:11.091+0000] {dag.py:3239} INFO - Sync 1 DAGs
[2025-04-02T19:20:11.281+0000] {logging_mixin.py:190} INFO - [2025-04-02T19:20:11.280+0000] {dag.py:4180} INFO - Setting next_dagrun for example_display_name to None, run_after=None
[2025-04-02T19:20:11.502+0000] {processor.py:208} INFO - Processing /home/airflow/.local/lib/python3.12/site-packages/airflow/example_dags/example_display_name.py took 1.001 seconds
[2025-04-02T19:20:52.621+0000] {processor.py:186} INFO - Started process (PID=1734) to work on /home/airflow/.local/lib/python3.12/site-packages/airflow/example_dags/example_display_name.py
[2025-04-02T19:20:52.627+0000] {processor.py:914} INFO - Processing file /home/airflow/.local/lib/python3.12/site-packages/airflow/example_dags/example_display_name.py for tasks to queue
[2025-04-02T19:20:52.634+0000] {logging_mixin.py:190} INFO - [2025-04-02T19:20:52.633+0000] {dagbag.py:588} INFO - Filling up the DagBag from /home/airflow/.local/lib/python3.12/site-packages/airflow/example_dags/example_display_name.py
[2025-04-02T19:20:52.677+0000] {processor.py:925} INFO - DAG(s) 'example_display_name' retrieved from /home/airflow/.local/lib/python3.12/site-packages/airflow/example_dags/example_display_name.py
[2025-04-02T19:20:52.777+0000] {logging_mixin.py:190} INFO - [2025-04-02T19:20:52.777+0000] {dag.py:3239} INFO - Sync 1 DAGs
[2025-04-02T19:20:52.872+0000] {logging_mixin.py:190} INFO - [2025-04-02T19:20:52.871+0000] {dag.py:4180} INFO - Setting next_dagrun for example_display_name to None, run_after=None
[2025-04-02T19:20:52.966+0000] {processor.py:208} INFO - Processing /home/airflow/.local/lib/python3.12/site-packages/airflow/example_dags/example_display_name.py took 0.374 seconds
[2025-04-02T19:21:24.472+0000] {processor.py:186} INFO - Started process (PID=1797) to work on /home/airflow/.local/lib/python3.12/site-packages/airflow/example_dags/example_display_name.py
[2025-04-02T19:21:24.474+0000] {processor.py:914} INFO - Processing file /home/airflow/.local/lib/python3.12/site-packages/airflow/example_dags/example_display_name.py for tasks to queue
[2025-04-02T19:21:24.492+0000] {logging_mixin.py:190} INFO - [2025-04-02T19:21:24.491+0000] {dagbag.py:588} INFO - Filling up the DagBag from /home/airflow/.local/lib/python3.12/site-packages/airflow/example_dags/example_display_name.py
[2025-04-02T19:21:24.626+0000] {processor.py:925} INFO - DAG(s) 'example_display_name' retrieved from /home/airflow/.local/lib/python3.12/site-packages/airflow/example_dags/example_display_name.py
[2025-04-02T19:21:24.875+0000] {logging_mixin.py:190} INFO - [2025-04-02T19:21:24.874+0000] {dag.py:3239} INFO - Sync 1 DAGs
[2025-04-02T19:21:25.058+0000] {logging_mixin.py:190} INFO - [2025-04-02T19:21:25.057+0000] {dag.py:4180} INFO - Setting next_dagrun for example_display_name to None, run_after=None
[2025-04-02T19:21:25.275+0000] {processor.py:208} INFO - Processing /home/airflow/.local/lib/python3.12/site-packages/airflow/example_dags/example_display_name.py took 0.837 seconds
[2025-04-02T19:22:02.347+0000] {processor.py:186} INFO - Started process (PID=1863) to work on /home/airflow/.local/lib/python3.12/site-packages/airflow/example_dags/example_display_name.py
[2025-04-02T19:22:02.363+0000] {processor.py:914} INFO - Processing file /home/airflow/.local/lib/python3.12/site-packages/airflow/example_dags/example_display_name.py for tasks to queue
[2025-04-02T19:22:02.384+0000] {logging_mixin.py:190} INFO - [2025-04-02T19:22:02.383+0000] {dagbag.py:588} INFO - Filling up the DagBag from /home/airflow/.local/lib/python3.12/site-packages/airflow/example_dags/example_display_name.py
[2025-04-02T19:22:02.474+0000] {processor.py:925} INFO - DAG(s) 'example_display_name' retrieved from /home/airflow/.local/lib/python3.12/site-packages/airflow/example_dags/example_display_name.py
[2025-04-02T19:22:02.637+0000] {logging_mixin.py:190} INFO - [2025-04-02T19:22:02.635+0000] {dag.py:3239} INFO - Sync 1 DAGs
[2025-04-02T19:22:02.715+0000] {logging_mixin.py:190} INFO - [2025-04-02T19:22:02.713+0000] {dag.py:4180} INFO - Setting next_dagrun for example_display_name to None, run_after=None
[2025-04-02T19:22:02.848+0000] {processor.py:208} INFO - Processing /home/airflow/.local/lib/python3.12/site-packages/airflow/example_dags/example_display_name.py took 0.585 seconds
[2025-04-02T19:22:55.321+0000] {processor.py:186} INFO - Started process (PID=1933) to work on /home/airflow/.local/lib/python3.12/site-packages/airflow/example_dags/example_display_name.py
[2025-04-02T19:22:55.368+0000] {processor.py:914} INFO - Processing file /home/airflow/.local/lib/python3.12/site-packages/airflow/example_dags/example_display_name.py for tasks to queue
[2025-04-02T19:22:55.422+0000] {logging_mixin.py:190} INFO - [2025-04-02T19:22:55.421+0000] {dagbag.py:588} INFO - Filling up the DagBag from /home/airflow/.local/lib/python3.12/site-packages/airflow/example_dags/example_display_name.py
[2025-04-02T19:22:55.514+0000] {processor.py:925} INFO - DAG(s) 'example_display_name' retrieved from /home/airflow/.local/lib/python3.12/site-packages/airflow/example_dags/example_display_name.py
[2025-04-02T19:22:55.675+0000] {logging_mixin.py:190} INFO - [2025-04-02T19:22:55.674+0000] {dag.py:3239} INFO - Sync 1 DAGs
[2025-04-02T19:22:55.784+0000] {logging_mixin.py:190} INFO - [2025-04-02T19:22:55.783+0000] {dag.py:4180} INFO - Setting next_dagrun for example_display_name to None, run_after=None
[2025-04-02T19:22:55.938+0000] {processor.py:208} INFO - Processing /home/airflow/.local/lib/python3.12/site-packages/airflow/example_dags/example_display_name.py took 0.689 seconds
[2025-04-02T19:23:26.240+0000] {processor.py:186} INFO - Started process (PID=1996) to work on /home/airflow/.local/lib/python3.12/site-packages/airflow/example_dags/example_display_name.py
[2025-04-02T19:23:26.243+0000] {processor.py:914} INFO - Processing file /home/airflow/.local/lib/python3.12/site-packages/airflow/example_dags/example_display_name.py for tasks to queue
[2025-04-02T19:23:26.261+0000] {logging_mixin.py:190} INFO - [2025-04-02T19:23:26.260+0000] {dagbag.py:588} INFO - Filling up the DagBag from /home/airflow/.local/lib/python3.12/site-packages/airflow/example_dags/example_display_name.py
[2025-04-02T19:23:26.291+0000] {processor.py:925} INFO - DAG(s) 'example_display_name' retrieved from /home/airflow/.local/lib/python3.12/site-packages/airflow/example_dags/example_display_name.py
[2025-04-02T19:23:26.473+0000] {logging_mixin.py:190} INFO - [2025-04-02T19:23:26.469+0000] {dag.py:3239} INFO - Sync 1 DAGs
[2025-04-02T19:23:26.568+0000] {logging_mixin.py:190} INFO - [2025-04-02T19:23:26.567+0000] {dag.py:4180} INFO - Setting next_dagrun for example_display_name to None, run_after=None
[2025-04-02T19:23:26.692+0000] {processor.py:208} INFO - Processing /home/airflow/.local/lib/python3.12/site-packages/airflow/example_dags/example_display_name.py took 0.509 seconds
[2025-04-02T19:24:09.796+0000] {processor.py:186} INFO - Started process (PID=2065) to work on /home/airflow/.local/lib/python3.12/site-packages/airflow/example_dags/example_display_name.py
[2025-04-02T19:24:09.798+0000] {processor.py:914} INFO - Processing file /home/airflow/.local/lib/python3.12/site-packages/airflow/example_dags/example_display_name.py for tasks to queue
[2025-04-02T19:24:09.805+0000] {logging_mixin.py:190} INFO - [2025-04-02T19:24:09.804+0000] {dagbag.py:588} INFO - Filling up the DagBag from /home/airflow/.local/lib/python3.12/site-packages/airflow/example_dags/example_display_name.py
[2025-04-02T19:24:09.822+0000] {processor.py:925} INFO - DAG(s) 'example_display_name' retrieved from /home/airflow/.local/lib/python3.12/site-packages/airflow/example_dags/example_display_name.py
[2025-04-02T19:24:09.888+0000] {logging_mixin.py:190} INFO - [2025-04-02T19:24:09.888+0000] {dag.py:3239} INFO - Sync 1 DAGs
[2025-04-02T19:24:09.934+0000] {logging_mixin.py:190} INFO - [2025-04-02T19:24:09.934+0000] {dag.py:4180} INFO - Setting next_dagrun for example_display_name to None, run_after=None
[2025-04-02T19:24:10.010+0000] {processor.py:208} INFO - Processing /home/airflow/.local/lib/python3.12/site-packages/airflow/example_dags/example_display_name.py took 0.226 seconds
