[2025-04-02T19:04:05.867+0000] {processor.py:186} INFO - Started process (PID=141) to work on /home/airflow/.local/lib/python3.12/site-packages/airflow/example_dags/example_latest_only_with_trigger.py
[2025-04-02T19:04:05.870+0000] {processor.py:914} INFO - Processing file /home/airflow/.local/lib/python3.12/site-packages/airflow/example_dags/example_latest_only_with_trigger.py for tasks to queue
[2025-04-02T19:04:05.877+0000] {logging_mixin.py:190} INFO - [2025-04-02T19:04:05.876+0000] {dagbag.py:588} INFO - Filling up the DagBag from /home/airflow/.local/lib/python3.12/site-packages/airflow/example_dags/example_latest_only_with_trigger.py
[2025-04-02T19:04:06.000+0000] {processor.py:925} INFO - DAG(s) 'latest_only_with_trigger' retrieved from /home/airflow/.local/lib/python3.12/site-packages/airflow/example_dags/example_latest_only_with_trigger.py
[2025-04-02T19:04:06.944+0000] {logging_mixin.py:190} INFO - [2025-04-02T19:04:06.942+0000] {override.py:1912} INFO - Created Permission View: can delete on DAG:latest_only_with_trigger
[2025-04-02T19:04:07.177+0000] {logging_mixin.py:190} INFO - [2025-04-02T19:04:07.177+0000] {override.py:1912} INFO - Created Permission View: can edit on DAG:latest_only_with_trigger
[2025-04-02T19:04:07.247+0000] {logging_mixin.py:190} INFO - [2025-04-02T19:04:07.246+0000] {override.py:1912} INFO - Created Permission View: can read on DAG:latest_only_with_trigger
[2025-04-02T19:04:07.394+0000] {logging_mixin.py:190} INFO - [2025-04-02T19:04:07.393+0000] {override.py:1912} INFO - Created Permission View: can delete on DAG Run:latest_only_with_trigger
[2025-04-02T19:04:07.457+0000] {logging_mixin.py:190} INFO - [2025-04-02T19:04:07.456+0000] {override.py:1912} INFO - Created Permission View: can read on DAG Run:latest_only_with_trigger
[2025-04-02T19:04:07.473+0000] {logging_mixin.py:190} INFO - [2025-04-02T19:04:07.472+0000] {override.py:1912} INFO - Created Permission View: can create on DAG Run:latest_only_with_trigger
[2025-04-02T19:04:07.493+0000] {logging_mixin.py:190} INFO - [2025-04-02T19:04:07.492+0000] {override.py:1912} INFO - Created Permission View: menu access on DAG Run:latest_only_with_trigger
[2025-04-02T19:04:07.495+0000] {logging_mixin.py:190} INFO - [2025-04-02T19:04:07.494+0000] {dag.py:3239} INFO - Sync 1 DAGs
[2025-04-02T19:04:07.569+0000] {logging_mixin.py:190} INFO - [2025-04-02T19:04:07.568+0000] {dag.py:3262} INFO - Creating ORM DAG for latest_only_with_trigger
[2025-04-02T19:04:07.624+0000] {logging_mixin.py:190} INFO - [2025-04-02T19:04:07.623+0000] {dag.py:4180} INFO - Setting next_dagrun for latest_only_with_trigger to 2025-04-02 12:00:00+00:00, run_after=2025-04-02 16:00:00+00:00
[2025-04-02T19:04:07.697+0000] {processor.py:208} INFO - Processing /home/airflow/.local/lib/python3.12/site-packages/airflow/example_dags/example_latest_only_with_trigger.py took 1.852 seconds
[2025-04-02T19:04:45.749+0000] {processor.py:186} INFO - Started process (PID=204) to work on /home/airflow/.local/lib/python3.12/site-packages/airflow/example_dags/example_latest_only_with_trigger.py
[2025-04-02T19:04:45.754+0000] {processor.py:914} INFO - Processing file /home/airflow/.local/lib/python3.12/site-packages/airflow/example_dags/example_latest_only_with_trigger.py for tasks to queue
[2025-04-02T19:04:45.761+0000] {logging_mixin.py:190} INFO - [2025-04-02T19:04:45.760+0000] {dagbag.py:588} INFO - Filling up the DagBag from /home/airflow/.local/lib/python3.12/site-packages/airflow/example_dags/example_latest_only_with_trigger.py
[2025-04-02T19:04:45.776+0000] {processor.py:925} INFO - DAG(s) 'latest_only_with_trigger' retrieved from /home/airflow/.local/lib/python3.12/site-packages/airflow/example_dags/example_latest_only_with_trigger.py
[2025-04-02T19:04:45.836+0000] {logging_mixin.py:190} INFO - [2025-04-02T19:04:45.835+0000] {dag.py:3239} INFO - Sync 1 DAGs
[2025-04-02T19:04:45.956+0000] {logging_mixin.py:190} INFO - [2025-04-02T19:04:45.954+0000] {dag.py:4180} INFO - Setting next_dagrun for latest_only_with_trigger to 2025-04-02 12:00:00+00:00, run_after=2025-04-02 16:00:00+00:00
[2025-04-02T19:04:46.011+0000] {processor.py:208} INFO - Processing /home/airflow/.local/lib/python3.12/site-packages/airflow/example_dags/example_latest_only_with_trigger.py took 0.283 seconds
[2025-04-02T19:05:25.808+0000] {processor.py:186} INFO - Started process (PID=267) to work on /home/airflow/.local/lib/python3.12/site-packages/airflow/example_dags/example_latest_only_with_trigger.py
[2025-04-02T19:05:25.810+0000] {processor.py:914} INFO - Processing file /home/airflow/.local/lib/python3.12/site-packages/airflow/example_dags/example_latest_only_with_trigger.py for tasks to queue
[2025-04-02T19:05:25.817+0000] {logging_mixin.py:190} INFO - [2025-04-02T19:05:25.815+0000] {dagbag.py:588} INFO - Filling up the DagBag from /home/airflow/.local/lib/python3.12/site-packages/airflow/example_dags/example_latest_only_with_trigger.py
[2025-04-02T19:05:25.846+0000] {processor.py:925} INFO - DAG(s) 'latest_only_with_trigger' retrieved from /home/airflow/.local/lib/python3.12/site-packages/airflow/example_dags/example_latest_only_with_trigger.py
[2025-04-02T19:05:25.944+0000] {logging_mixin.py:190} INFO - [2025-04-02T19:05:25.943+0000] {dag.py:3239} INFO - Sync 1 DAGs
[2025-04-02T19:05:26.101+0000] {logging_mixin.py:190} INFO - [2025-04-02T19:05:26.100+0000] {dag.py:4180} INFO - Setting next_dagrun for latest_only_with_trigger to 2025-04-02 12:00:00+00:00, run_after=2025-04-02 16:00:00+00:00
[2025-04-02T19:05:26.214+0000] {processor.py:208} INFO - Processing /home/airflow/.local/lib/python3.12/site-packages/airflow/example_dags/example_latest_only_with_trigger.py took 0.432 seconds
[2025-04-02T19:05:56.915+0000] {processor.py:186} INFO - Started process (PID=329) to work on /home/airflow/.local/lib/python3.12/site-packages/airflow/example_dags/example_latest_only_with_trigger.py
[2025-04-02T19:05:56.917+0000] {processor.py:914} INFO - Processing file /home/airflow/.local/lib/python3.12/site-packages/airflow/example_dags/example_latest_only_with_trigger.py for tasks to queue
[2025-04-02T19:05:56.924+0000] {logging_mixin.py:190} INFO - [2025-04-02T19:05:56.923+0000] {dagbag.py:588} INFO - Filling up the DagBag from /home/airflow/.local/lib/python3.12/site-packages/airflow/example_dags/example_latest_only_with_trigger.py
[2025-04-02T19:05:56.937+0000] {processor.py:925} INFO - DAG(s) 'latest_only_with_trigger' retrieved from /home/airflow/.local/lib/python3.12/site-packages/airflow/example_dags/example_latest_only_with_trigger.py
[2025-04-02T19:05:56.974+0000] {logging_mixin.py:190} INFO - [2025-04-02T19:05:56.973+0000] {dag.py:3239} INFO - Sync 1 DAGs
[2025-04-02T19:05:57.019+0000] {logging_mixin.py:190} INFO - [2025-04-02T19:05:57.018+0000] {dag.py:4180} INFO - Setting next_dagrun for latest_only_with_trigger to 2025-04-02 12:00:00+00:00, run_after=2025-04-02 16:00:00+00:00
[2025-04-02T19:05:57.070+0000] {processor.py:208} INFO - Processing /home/airflow/.local/lib/python3.12/site-packages/airflow/example_dags/example_latest_only_with_trigger.py took 0.170 seconds
[2025-04-02T19:06:36.763+0000] {processor.py:186} INFO - Started process (PID=406) to work on /home/airflow/.local/lib/python3.12/site-packages/airflow/example_dags/example_latest_only_with_trigger.py
[2025-04-02T19:06:36.766+0000] {processor.py:914} INFO - Processing file /home/airflow/.local/lib/python3.12/site-packages/airflow/example_dags/example_latest_only_with_trigger.py for tasks to queue
[2025-04-02T19:06:36.772+0000] {logging_mixin.py:190} INFO - [2025-04-02T19:06:36.771+0000] {dagbag.py:588} INFO - Filling up the DagBag from /home/airflow/.local/lib/python3.12/site-packages/airflow/example_dags/example_latest_only_with_trigger.py
[2025-04-02T19:06:36.802+0000] {processor.py:925} INFO - DAG(s) 'latest_only_with_trigger' retrieved from /home/airflow/.local/lib/python3.12/site-packages/airflow/example_dags/example_latest_only_with_trigger.py
[2025-04-02T19:06:36.899+0000] {logging_mixin.py:190} INFO - [2025-04-02T19:06:36.898+0000] {dag.py:3239} INFO - Sync 1 DAGs
[2025-04-02T19:06:37.048+0000] {logging_mixin.py:190} INFO - [2025-04-02T19:06:37.048+0000] {dag.py:4180} INFO - Setting next_dagrun for latest_only_with_trigger to 2025-04-02 12:00:00+00:00, run_after=2025-04-02 16:00:00+00:00
[2025-04-02T19:06:37.152+0000] {processor.py:208} INFO - Processing /home/airflow/.local/lib/python3.12/site-packages/airflow/example_dags/example_latest_only_with_trigger.py took 0.405 seconds
[2025-04-02T19:07:24.777+0000] {processor.py:186} INFO - Started process (PID=480) to work on /home/airflow/.local/lib/python3.12/site-packages/airflow/example_dags/example_latest_only_with_trigger.py
[2025-04-02T19:07:24.779+0000] {processor.py:914} INFO - Processing file /home/airflow/.local/lib/python3.12/site-packages/airflow/example_dags/example_latest_only_with_trigger.py for tasks to queue
[2025-04-02T19:07:24.786+0000] {logging_mixin.py:190} INFO - [2025-04-02T19:07:24.785+0000] {dagbag.py:588} INFO - Filling up the DagBag from /home/airflow/.local/lib/python3.12/site-packages/airflow/example_dags/example_latest_only_with_trigger.py
[2025-04-02T19:07:24.804+0000] {processor.py:925} INFO - DAG(s) 'latest_only_with_trigger' retrieved from /home/airflow/.local/lib/python3.12/site-packages/airflow/example_dags/example_latest_only_with_trigger.py
[2025-04-02T19:07:24.850+0000] {logging_mixin.py:190} INFO - [2025-04-02T19:07:24.849+0000] {dag.py:3239} INFO - Sync 1 DAGs
[2025-04-02T19:07:24.962+0000] {logging_mixin.py:190} INFO - [2025-04-02T19:07:24.961+0000] {dag.py:4180} INFO - Setting next_dagrun for latest_only_with_trigger to 2025-04-02 12:00:00+00:00, run_after=2025-04-02 16:00:00+00:00
[2025-04-02T19:07:25.041+0000] {processor.py:208} INFO - Processing /home/airflow/.local/lib/python3.12/site-packages/airflow/example_dags/example_latest_only_with_trigger.py took 0.279 seconds
[2025-04-02T19:08:02.848+0000] {processor.py:186} INFO - Started process (PID=552) to work on /home/airflow/.local/lib/python3.12/site-packages/airflow/example_dags/example_latest_only_with_trigger.py
[2025-04-02T19:08:02.850+0000] {processor.py:914} INFO - Processing file /home/airflow/.local/lib/python3.12/site-packages/airflow/example_dags/example_latest_only_with_trigger.py for tasks to queue
[2025-04-02T19:08:02.862+0000] {logging_mixin.py:190} INFO - [2025-04-02T19:08:02.861+0000] {dagbag.py:588} INFO - Filling up the DagBag from /home/airflow/.local/lib/python3.12/site-packages/airflow/example_dags/example_latest_only_with_trigger.py
[2025-04-02T19:08:02.886+0000] {processor.py:925} INFO - DAG(s) 'latest_only_with_trigger' retrieved from /home/airflow/.local/lib/python3.12/site-packages/airflow/example_dags/example_latest_only_with_trigger.py
[2025-04-02T19:08:02.928+0000] {logging_mixin.py:190} INFO - [2025-04-02T19:08:02.927+0000] {dag.py:3239} INFO - Sync 1 DAGs
[2025-04-02T19:08:02.974+0000] {logging_mixin.py:190} INFO - [2025-04-02T19:08:02.974+0000] {dag.py:4180} INFO - Setting next_dagrun for latest_only_with_trigger to 2025-04-02 12:00:00+00:00, run_after=2025-04-02 16:00:00+00:00
[2025-04-02T19:08:03.013+0000] {processor.py:208} INFO - Processing /home/airflow/.local/lib/python3.12/site-packages/airflow/example_dags/example_latest_only_with_trigger.py took 0.187 seconds
[2025-04-02T19:08:58.644+0000] {processor.py:186} INFO - Started process (PID=624) to work on /home/airflow/.local/lib/python3.12/site-packages/airflow/example_dags/example_latest_only_with_trigger.py
[2025-04-02T19:08:58.653+0000] {processor.py:914} INFO - Processing file /home/airflow/.local/lib/python3.12/site-packages/airflow/example_dags/example_latest_only_with_trigger.py for tasks to queue
[2025-04-02T19:08:58.670+0000] {logging_mixin.py:190} INFO - [2025-04-02T19:08:58.661+0000] {dagbag.py:588} INFO - Filling up the DagBag from /home/airflow/.local/lib/python3.12/site-packages/airflow/example_dags/example_latest_only_with_trigger.py
[2025-04-02T19:08:58.710+0000] {processor.py:925} INFO - DAG(s) 'latest_only_with_trigger' retrieved from /home/airflow/.local/lib/python3.12/site-packages/airflow/example_dags/example_latest_only_with_trigger.py
[2025-04-02T19:08:58.836+0000] {logging_mixin.py:190} INFO - [2025-04-02T19:08:58.835+0000] {dag.py:3239} INFO - Sync 1 DAGs
[2025-04-02T19:08:59.018+0000] {logging_mixin.py:190} INFO - [2025-04-02T19:08:59.017+0000] {dag.py:4180} INFO - Setting next_dagrun for latest_only_with_trigger to 2025-04-02 12:00:00+00:00, run_after=2025-04-02 16:00:00+00:00
[2025-04-02T19:08:59.190+0000] {processor.py:208} INFO - Processing /home/airflow/.local/lib/python3.12/site-packages/airflow/example_dags/example_latest_only_with_trigger.py took 0.582 seconds
[2025-04-02T19:10:32.355+0000] {processor.py:186} INFO - Started process (PID=721) to work on /home/airflow/.local/lib/python3.12/site-packages/airflow/example_dags/example_latest_only_with_trigger.py
[2025-04-02T19:10:32.357+0000] {processor.py:914} INFO - Processing file /home/airflow/.local/lib/python3.12/site-packages/airflow/example_dags/example_latest_only_with_trigger.py for tasks to queue
[2025-04-02T19:10:32.366+0000] {logging_mixin.py:190} INFO - [2025-04-02T19:10:32.366+0000] {dagbag.py:588} INFO - Filling up the DagBag from /home/airflow/.local/lib/python3.12/site-packages/airflow/example_dags/example_latest_only_with_trigger.py
[2025-04-02T19:10:32.399+0000] {processor.py:925} INFO - DAG(s) 'latest_only_with_trigger' retrieved from /home/airflow/.local/lib/python3.12/site-packages/airflow/example_dags/example_latest_only_with_trigger.py
[2025-04-02T19:10:32.656+0000] {logging_mixin.py:190} INFO - [2025-04-02T19:10:32.655+0000] {dag.py:3239} INFO - Sync 1 DAGs
[2025-04-02T19:10:32.762+0000] {logging_mixin.py:190} INFO - [2025-04-02T19:10:32.761+0000] {dag.py:4180} INFO - Setting next_dagrun for latest_only_with_trigger to 2025-04-02 12:00:00+00:00, run_after=2025-04-02 16:00:00+00:00
[2025-04-02T19:10:32.847+0000] {processor.py:208} INFO - Processing /home/airflow/.local/lib/python3.12/site-packages/airflow/example_dags/example_latest_only_with_trigger.py took 0.521 seconds
[2025-04-02T19:11:04.863+0000] {processor.py:186} INFO - Started process (PID=783) to work on /home/airflow/.local/lib/python3.12/site-packages/airflow/example_dags/example_latest_only_with_trigger.py
[2025-04-02T19:11:04.866+0000] {processor.py:914} INFO - Processing file /home/airflow/.local/lib/python3.12/site-packages/airflow/example_dags/example_latest_only_with_trigger.py for tasks to queue
[2025-04-02T19:11:04.872+0000] {logging_mixin.py:190} INFO - [2025-04-02T19:11:04.871+0000] {dagbag.py:588} INFO - Filling up the DagBag from /home/airflow/.local/lib/python3.12/site-packages/airflow/example_dags/example_latest_only_with_trigger.py
[2025-04-02T19:11:04.906+0000] {processor.py:925} INFO - DAG(s) 'latest_only_with_trigger' retrieved from /home/airflow/.local/lib/python3.12/site-packages/airflow/example_dags/example_latest_only_with_trigger.py
[2025-04-02T19:11:04.991+0000] {logging_mixin.py:190} INFO - [2025-04-02T19:11:04.990+0000] {dag.py:3239} INFO - Sync 1 DAGs
[2025-04-02T19:11:05.066+0000] {logging_mixin.py:190} INFO - [2025-04-02T19:11:05.066+0000] {dag.py:4180} INFO - Setting next_dagrun for latest_only_with_trigger to 2025-04-02 12:00:00+00:00, run_after=2025-04-02 16:00:00+00:00
[2025-04-02T19:11:05.130+0000] {processor.py:208} INFO - Processing /home/airflow/.local/lib/python3.12/site-packages/airflow/example_dags/example_latest_only_with_trigger.py took 0.292 seconds
[2025-04-02T19:11:36.738+0000] {processor.py:186} INFO - Started process (PID=845) to work on /home/airflow/.local/lib/python3.12/site-packages/airflow/example_dags/example_latest_only_with_trigger.py
[2025-04-02T19:11:36.740+0000] {processor.py:914} INFO - Processing file /home/airflow/.local/lib/python3.12/site-packages/airflow/example_dags/example_latest_only_with_trigger.py for tasks to queue
[2025-04-02T19:11:36.748+0000] {logging_mixin.py:190} INFO - [2025-04-02T19:11:36.747+0000] {dagbag.py:588} INFO - Filling up the DagBag from /home/airflow/.local/lib/python3.12/site-packages/airflow/example_dags/example_latest_only_with_trigger.py
[2025-04-02T19:11:36.768+0000] {processor.py:925} INFO - DAG(s) 'latest_only_with_trigger' retrieved from /home/airflow/.local/lib/python3.12/site-packages/airflow/example_dags/example_latest_only_with_trigger.py
[2025-04-02T19:11:36.835+0000] {logging_mixin.py:190} INFO - [2025-04-02T19:11:36.834+0000] {dag.py:3239} INFO - Sync 1 DAGs
[2025-04-02T19:11:36.946+0000] {logging_mixin.py:190} INFO - [2025-04-02T19:11:36.945+0000] {dag.py:4180} INFO - Setting next_dagrun for latest_only_with_trigger to 2025-04-02 12:00:00+00:00, run_after=2025-04-02 16:00:00+00:00
[2025-04-02T19:11:37.005+0000] {processor.py:208} INFO - Processing /home/airflow/.local/lib/python3.12/site-packages/airflow/example_dags/example_latest_only_with_trigger.py took 0.282 seconds
[2025-04-02T19:12:15.204+0000] {processor.py:186} INFO - Started process (PID=908) to work on /home/airflow/.local/lib/python3.12/site-packages/airflow/example_dags/example_latest_only_with_trigger.py
[2025-04-02T19:12:15.218+0000] {processor.py:914} INFO - Processing file /home/airflow/.local/lib/python3.12/site-packages/airflow/example_dags/example_latest_only_with_trigger.py for tasks to queue
[2025-04-02T19:12:15.234+0000] {logging_mixin.py:190} INFO - [2025-04-02T19:12:15.233+0000] {dagbag.py:588} INFO - Filling up the DagBag from /home/airflow/.local/lib/python3.12/site-packages/airflow/example_dags/example_latest_only_with_trigger.py
[2025-04-02T19:12:15.274+0000] {processor.py:925} INFO - DAG(s) 'latest_only_with_trigger' retrieved from /home/airflow/.local/lib/python3.12/site-packages/airflow/example_dags/example_latest_only_with_trigger.py
[2025-04-02T19:12:15.492+0000] {logging_mixin.py:190} INFO - [2025-04-02T19:12:15.492+0000] {dag.py:3239} INFO - Sync 1 DAGs
[2025-04-02T19:12:15.613+0000] {logging_mixin.py:190} INFO - [2025-04-02T19:12:15.611+0000] {dag.py:4180} INFO - Setting next_dagrun for latest_only_with_trigger to 2025-04-02 12:00:00+00:00, run_after=2025-04-02 16:00:00+00:00
[2025-04-02T19:12:15.750+0000] {processor.py:208} INFO - Processing /home/airflow/.local/lib/python3.12/site-packages/airflow/example_dags/example_latest_only_with_trigger.py took 0.572 seconds
[2025-04-02T19:12:54.365+0000] {processor.py:186} INFO - Started process (PID=977) to work on /home/airflow/.local/lib/python3.12/site-packages/airflow/example_dags/example_latest_only_with_trigger.py
[2025-04-02T19:12:54.371+0000] {processor.py:914} INFO - Processing file /home/airflow/.local/lib/python3.12/site-packages/airflow/example_dags/example_latest_only_with_trigger.py for tasks to queue
[2025-04-02T19:12:54.378+0000] {logging_mixin.py:190} INFO - [2025-04-02T19:12:54.377+0000] {dagbag.py:588} INFO - Filling up the DagBag from /home/airflow/.local/lib/python3.12/site-packages/airflow/example_dags/example_latest_only_with_trigger.py
[2025-04-02T19:12:54.409+0000] {processor.py:925} INFO - DAG(s) 'latest_only_with_trigger' retrieved from /home/airflow/.local/lib/python3.12/site-packages/airflow/example_dags/example_latest_only_with_trigger.py
[2025-04-02T19:12:54.465+0000] {logging_mixin.py:190} INFO - [2025-04-02T19:12:54.465+0000] {dag.py:3239} INFO - Sync 1 DAGs
[2025-04-02T19:12:54.511+0000] {logging_mixin.py:190} INFO - [2025-04-02T19:12:54.511+0000] {dag.py:4180} INFO - Setting next_dagrun for latest_only_with_trigger to 2025-04-02 12:00:00+00:00, run_after=2025-04-02 16:00:00+00:00
[2025-04-02T19:12:54.557+0000] {processor.py:208} INFO - Processing /home/airflow/.local/lib/python3.12/site-packages/airflow/example_dags/example_latest_only_with_trigger.py took 0.215 seconds
[2025-04-02T19:13:44.482+0000] {processor.py:186} INFO - Started process (PID=1057) to work on /home/airflow/.local/lib/python3.12/site-packages/airflow/example_dags/example_latest_only_with_trigger.py
[2025-04-02T19:13:44.485+0000] {processor.py:914} INFO - Processing file /home/airflow/.local/lib/python3.12/site-packages/airflow/example_dags/example_latest_only_with_trigger.py for tasks to queue
[2025-04-02T19:13:44.500+0000] {logging_mixin.py:190} INFO - [2025-04-02T19:13:44.499+0000] {dagbag.py:588} INFO - Filling up the DagBag from /home/airflow/.local/lib/python3.12/site-packages/airflow/example_dags/example_latest_only_with_trigger.py
[2025-04-02T19:13:44.528+0000] {processor.py:925} INFO - DAG(s) 'latest_only_with_trigger' retrieved from /home/airflow/.local/lib/python3.12/site-packages/airflow/example_dags/example_latest_only_with_trigger.py
[2025-04-02T19:13:44.623+0000] {logging_mixin.py:190} INFO - [2025-04-02T19:13:44.622+0000] {dag.py:3239} INFO - Sync 1 DAGs
[2025-04-02T19:13:44.717+0000] {logging_mixin.py:190} INFO - [2025-04-02T19:13:44.717+0000] {dag.py:4180} INFO - Setting next_dagrun for latest_only_with_trigger to 2025-04-02 12:00:00+00:00, run_after=2025-04-02 16:00:00+00:00
[2025-04-02T19:13:44.802+0000] {processor.py:208} INFO - Processing /home/airflow/.local/lib/python3.12/site-packages/airflow/example_dags/example_latest_only_with_trigger.py took 0.354 seconds
[2025-04-02T19:14:27.591+0000] {processor.py:186} INFO - Started process (PID=1120) to work on /home/airflow/.local/lib/python3.12/site-packages/airflow/example_dags/example_latest_only_with_trigger.py
[2025-04-02T19:14:27.620+0000] {processor.py:914} INFO - Processing file /home/airflow/.local/lib/python3.12/site-packages/airflow/example_dags/example_latest_only_with_trigger.py for tasks to queue
[2025-04-02T19:14:27.760+0000] {logging_mixin.py:190} INFO - [2025-04-02T19:14:27.759+0000] {dagbag.py:588} INFO - Filling up the DagBag from /home/airflow/.local/lib/python3.12/site-packages/airflow/example_dags/example_latest_only_with_trigger.py
[2025-04-02T19:14:27.827+0000] {processor.py:925} INFO - DAG(s) 'latest_only_with_trigger' retrieved from /home/airflow/.local/lib/python3.12/site-packages/airflow/example_dags/example_latest_only_with_trigger.py
[2025-04-02T19:14:27.992+0000] {logging_mixin.py:190} INFO - [2025-04-02T19:14:27.992+0000] {dag.py:3239} INFO - Sync 1 DAGs
[2025-04-02T19:14:28.290+0000] {logging_mixin.py:190} INFO - [2025-04-02T19:14:28.290+0000] {dag.py:4180} INFO - Setting next_dagrun for latest_only_with_trigger to 2025-04-02 12:00:00+00:00, run_after=2025-04-02 16:00:00+00:00
[2025-04-02T19:14:28.539+0000] {processor.py:208} INFO - Processing /home/airflow/.local/lib/python3.12/site-packages/airflow/example_dags/example_latest_only_with_trigger.py took 1.001 seconds
[2025-04-02T19:15:32.905+0000] {processor.py:186} INFO - Started process (PID=1198) to work on /home/airflow/.local/lib/python3.12/site-packages/airflow/example_dags/example_latest_only_with_trigger.py
[2025-04-02T19:15:32.931+0000] {processor.py:914} INFO - Processing file /home/airflow/.local/lib/python3.12/site-packages/airflow/example_dags/example_latest_only_with_trigger.py for tasks to queue
[2025-04-02T19:15:32.950+0000] {logging_mixin.py:190} INFO - [2025-04-02T19:15:32.949+0000] {dagbag.py:588} INFO - Filling up the DagBag from /home/airflow/.local/lib/python3.12/site-packages/airflow/example_dags/example_latest_only_with_trigger.py
[2025-04-02T19:15:33.003+0000] {processor.py:925} INFO - DAG(s) 'latest_only_with_trigger' retrieved from /home/airflow/.local/lib/python3.12/site-packages/airflow/example_dags/example_latest_only_with_trigger.py
[2025-04-02T19:15:33.166+0000] {logging_mixin.py:190} INFO - [2025-04-02T19:15:33.166+0000] {dag.py:3239} INFO - Sync 1 DAGs
[2025-04-02T19:15:33.368+0000] {logging_mixin.py:190} INFO - [2025-04-02T19:15:33.368+0000] {dag.py:4180} INFO - Setting next_dagrun for latest_only_with_trigger to 2025-04-02 12:00:00+00:00, run_after=2025-04-02 16:00:00+00:00
[2025-04-02T19:15:33.564+0000] {processor.py:208} INFO - Processing /home/airflow/.local/lib/python3.12/site-packages/airflow/example_dags/example_latest_only_with_trigger.py took 0.698 seconds
[2025-04-02T19:16:12.298+0000] {processor.py:186} INFO - Started process (PID=1266) to work on /home/airflow/.local/lib/python3.12/site-packages/airflow/example_dags/example_latest_only_with_trigger.py
[2025-04-02T19:16:12.301+0000] {processor.py:914} INFO - Processing file /home/airflow/.local/lib/python3.12/site-packages/airflow/example_dags/example_latest_only_with_trigger.py for tasks to queue
[2025-04-02T19:16:12.308+0000] {logging_mixin.py:190} INFO - [2025-04-02T19:16:12.308+0000] {dagbag.py:588} INFO - Filling up the DagBag from /home/airflow/.local/lib/python3.12/site-packages/airflow/example_dags/example_latest_only_with_trigger.py
[2025-04-02T19:16:12.339+0000] {processor.py:925} INFO - DAG(s) 'latest_only_with_trigger' retrieved from /home/airflow/.local/lib/python3.12/site-packages/airflow/example_dags/example_latest_only_with_trigger.py
[2025-04-02T19:16:12.458+0000] {logging_mixin.py:190} INFO - [2025-04-02T19:16:12.457+0000] {dag.py:3239} INFO - Sync 1 DAGs
[2025-04-02T19:16:12.645+0000] {logging_mixin.py:190} INFO - [2025-04-02T19:16:12.645+0000] {dag.py:4180} INFO - Setting next_dagrun for latest_only_with_trigger to 2025-04-02 12:00:00+00:00, run_after=2025-04-02 16:00:00+00:00
[2025-04-02T19:16:12.754+0000] {processor.py:208} INFO - Processing /home/airflow/.local/lib/python3.12/site-packages/airflow/example_dags/example_latest_only_with_trigger.py took 0.494 seconds
[2025-04-02T19:16:53.181+0000] {processor.py:186} INFO - Started process (PID=1328) to work on /home/airflow/.local/lib/python3.12/site-packages/airflow/example_dags/example_latest_only_with_trigger.py
[2025-04-02T19:16:53.206+0000] {processor.py:914} INFO - Processing file /home/airflow/.local/lib/python3.12/site-packages/airflow/example_dags/example_latest_only_with_trigger.py for tasks to queue
[2025-04-02T19:16:53.223+0000] {logging_mixin.py:190} INFO - [2025-04-02T19:16:53.222+0000] {dagbag.py:588} INFO - Filling up the DagBag from /home/airflow/.local/lib/python3.12/site-packages/airflow/example_dags/example_latest_only_with_trigger.py
[2025-04-02T19:16:53.275+0000] {processor.py:925} INFO - DAG(s) 'latest_only_with_trigger' retrieved from /home/airflow/.local/lib/python3.12/site-packages/airflow/example_dags/example_latest_only_with_trigger.py
[2025-04-02T19:16:53.505+0000] {logging_mixin.py:190} INFO - [2025-04-02T19:16:53.504+0000] {dag.py:3239} INFO - Sync 1 DAGs
[2025-04-02T19:16:53.808+0000] {logging_mixin.py:190} INFO - [2025-04-02T19:16:53.807+0000] {dag.py:4180} INFO - Setting next_dagrun for latest_only_with_trigger to 2025-04-02 12:00:00+00:00, run_after=2025-04-02 16:00:00+00:00
[2025-04-02T19:16:54.003+0000] {processor.py:208} INFO - Processing /home/airflow/.local/lib/python3.12/site-packages/airflow/example_dags/example_latest_only_with_trigger.py took 0.856 seconds
[2025-04-02T19:17:26.093+0000] {processor.py:186} INFO - Started process (PID=1392) to work on /home/airflow/.local/lib/python3.12/site-packages/airflow/example_dags/example_latest_only_with_trigger.py
[2025-04-02T19:17:26.109+0000] {processor.py:914} INFO - Processing file /home/airflow/.local/lib/python3.12/site-packages/airflow/example_dags/example_latest_only_with_trigger.py for tasks to queue
[2025-04-02T19:17:26.116+0000] {logging_mixin.py:190} INFO - [2025-04-02T19:17:26.115+0000] {dagbag.py:588} INFO - Filling up the DagBag from /home/airflow/.local/lib/python3.12/site-packages/airflow/example_dags/example_latest_only_with_trigger.py
[2025-04-02T19:17:26.223+0000] {processor.py:925} INFO - DAG(s) 'latest_only_with_trigger' retrieved from /home/airflow/.local/lib/python3.12/site-packages/airflow/example_dags/example_latest_only_with_trigger.py
[2025-04-02T19:17:26.451+0000] {logging_mixin.py:190} INFO - [2025-04-02T19:17:26.450+0000] {dag.py:3239} INFO - Sync 1 DAGs
[2025-04-02T19:17:26.603+0000] {logging_mixin.py:190} INFO - [2025-04-02T19:17:26.601+0000] {dag.py:4180} INFO - Setting next_dagrun for latest_only_with_trigger to 2025-04-02 12:00:00+00:00, run_after=2025-04-02 16:00:00+00:00
[2025-04-02T19:17:26.695+0000] {processor.py:208} INFO - Processing /home/airflow/.local/lib/python3.12/site-packages/airflow/example_dags/example_latest_only_with_trigger.py took 0.716 seconds
[2025-04-02T19:17:57.060+0000] {processor.py:186} INFO - Started process (PID=1454) to work on /home/airflow/.local/lib/python3.12/site-packages/airflow/example_dags/example_latest_only_with_trigger.py
[2025-04-02T19:17:57.066+0000] {processor.py:914} INFO - Processing file /home/airflow/.local/lib/python3.12/site-packages/airflow/example_dags/example_latest_only_with_trigger.py for tasks to queue
[2025-04-02T19:17:57.072+0000] {logging_mixin.py:190} INFO - [2025-04-02T19:17:57.071+0000] {dagbag.py:588} INFO - Filling up the DagBag from /home/airflow/.local/lib/python3.12/site-packages/airflow/example_dags/example_latest_only_with_trigger.py
[2025-04-02T19:17:57.104+0000] {processor.py:925} INFO - DAG(s) 'latest_only_with_trigger' retrieved from /home/airflow/.local/lib/python3.12/site-packages/airflow/example_dags/example_latest_only_with_trigger.py
[2025-04-02T19:17:57.224+0000] {logging_mixin.py:190} INFO - [2025-04-02T19:17:57.223+0000] {dag.py:3239} INFO - Sync 1 DAGs
[2025-04-02T19:17:57.508+0000] {logging_mixin.py:190} INFO - [2025-04-02T19:17:57.507+0000] {dag.py:4180} INFO - Setting next_dagrun for latest_only_with_trigger to 2025-04-02 12:00:00+00:00, run_after=2025-04-02 16:00:00+00:00
[2025-04-02T19:17:57.628+0000] {processor.py:208} INFO - Processing /home/airflow/.local/lib/python3.12/site-packages/airflow/example_dags/example_latest_only_with_trigger.py took 0.587 seconds
[2025-04-02T19:18:28.255+0000] {processor.py:186} INFO - Started process (PID=1517) to work on /home/airflow/.local/lib/python3.12/site-packages/airflow/example_dags/example_latest_only_with_trigger.py
[2025-04-02T19:18:28.286+0000] {processor.py:914} INFO - Processing file /home/airflow/.local/lib/python3.12/site-packages/airflow/example_dags/example_latest_only_with_trigger.py for tasks to queue
[2025-04-02T19:18:28.333+0000] {logging_mixin.py:190} INFO - [2025-04-02T19:18:28.331+0000] {dagbag.py:588} INFO - Filling up the DagBag from /home/airflow/.local/lib/python3.12/site-packages/airflow/example_dags/example_latest_only_with_trigger.py
[2025-04-02T19:18:28.442+0000] {processor.py:925} INFO - DAG(s) 'latest_only_with_trigger' retrieved from /home/airflow/.local/lib/python3.12/site-packages/airflow/example_dags/example_latest_only_with_trigger.py
[2025-04-02T19:18:28.606+0000] {logging_mixin.py:190} INFO - [2025-04-02T19:18:28.596+0000] {dag.py:3239} INFO - Sync 1 DAGs
[2025-04-02T19:18:28.789+0000] {logging_mixin.py:190} INFO - [2025-04-02T19:18:28.786+0000] {dag.py:4180} INFO - Setting next_dagrun for latest_only_with_trigger to 2025-04-02 12:00:00+00:00, run_after=2025-04-02 16:00:00+00:00
[2025-04-02T19:18:28.904+0000] {processor.py:208} INFO - Processing /home/airflow/.local/lib/python3.12/site-packages/airflow/example_dags/example_latest_only_with_trigger.py took 0.688 seconds
[2025-04-02T19:19:10.506+0000] {processor.py:186} INFO - Started process (PID=1594) to work on /home/airflow/.local/lib/python3.12/site-packages/airflow/example_dags/example_latest_only_with_trigger.py
[2025-04-02T19:19:10.518+0000] {processor.py:914} INFO - Processing file /home/airflow/.local/lib/python3.12/site-packages/airflow/example_dags/example_latest_only_with_trigger.py for tasks to queue
[2025-04-02T19:19:10.566+0000] {logging_mixin.py:190} INFO - [2025-04-02T19:19:10.559+0000] {dagbag.py:588} INFO - Filling up the DagBag from /home/airflow/.local/lib/python3.12/site-packages/airflow/example_dags/example_latest_only_with_trigger.py
[2025-04-02T19:19:10.641+0000] {processor.py:925} INFO - DAG(s) 'latest_only_with_trigger' retrieved from /home/airflow/.local/lib/python3.12/site-packages/airflow/example_dags/example_latest_only_with_trigger.py
[2025-04-02T19:19:10.798+0000] {logging_mixin.py:190} INFO - [2025-04-02T19:19:10.798+0000] {dag.py:3239} INFO - Sync 1 DAGs
[2025-04-02T19:19:10.957+0000] {logging_mixin.py:190} INFO - [2025-04-02T19:19:10.957+0000] {dag.py:4180} INFO - Setting next_dagrun for latest_only_with_trigger to 2025-04-02 12:00:00+00:00, run_after=2025-04-02 16:00:00+00:00
[2025-04-02T19:19:11.070+0000] {processor.py:208} INFO - Processing /home/airflow/.local/lib/python3.12/site-packages/airflow/example_dags/example_latest_only_with_trigger.py took 0.603 seconds
[2025-04-02T19:20:09.194+0000] {processor.py:186} INFO - Started process (PID=1660) to work on /home/airflow/.local/lib/python3.12/site-packages/airflow/example_dags/example_latest_only_with_trigger.py
[2025-04-02T19:20:09.210+0000] {processor.py:914} INFO - Processing file /home/airflow/.local/lib/python3.12/site-packages/airflow/example_dags/example_latest_only_with_trigger.py for tasks to queue
[2025-04-02T19:20:09.227+0000] {logging_mixin.py:190} INFO - [2025-04-02T19:20:09.224+0000] {dagbag.py:588} INFO - Filling up the DagBag from /home/airflow/.local/lib/python3.12/site-packages/airflow/example_dags/example_latest_only_with_trigger.py
[2025-04-02T19:20:09.271+0000] {processor.py:925} INFO - DAG(s) 'latest_only_with_trigger' retrieved from /home/airflow/.local/lib/python3.12/site-packages/airflow/example_dags/example_latest_only_with_trigger.py
[2025-04-02T19:20:09.586+0000] {logging_mixin.py:190} INFO - [2025-04-02T19:20:09.585+0000] {dag.py:3239} INFO - Sync 1 DAGs
[2025-04-02T19:20:09.955+0000] {logging_mixin.py:190} INFO - [2025-04-02T19:20:09.955+0000] {dag.py:4180} INFO - Setting next_dagrun for latest_only_with_trigger to 2025-04-02 12:00:00+00:00, run_after=2025-04-02 16:00:00+00:00
[2025-04-02T19:20:10.218+0000] {processor.py:208} INFO - Processing /home/airflow/.local/lib/python3.12/site-packages/airflow/example_dags/example_latest_only_with_trigger.py took 1.077 seconds
[2025-04-02T19:20:51.372+0000] {processor.py:186} INFO - Started process (PID=1732) to work on /home/airflow/.local/lib/python3.12/site-packages/airflow/example_dags/example_latest_only_with_trigger.py
[2025-04-02T19:20:51.389+0000] {processor.py:914} INFO - Processing file /home/airflow/.local/lib/python3.12/site-packages/airflow/example_dags/example_latest_only_with_trigger.py for tasks to queue
[2025-04-02T19:20:51.418+0000] {logging_mixin.py:190} INFO - [2025-04-02T19:20:51.417+0000] {dagbag.py:588} INFO - Filling up the DagBag from /home/airflow/.local/lib/python3.12/site-packages/airflow/example_dags/example_latest_only_with_trigger.py
[2025-04-02T19:20:51.516+0000] {processor.py:925} INFO - DAG(s) 'latest_only_with_trigger' retrieved from /home/airflow/.local/lib/python3.12/site-packages/airflow/example_dags/example_latest_only_with_trigger.py
[2025-04-02T19:20:51.725+0000] {logging_mixin.py:190} INFO - [2025-04-02T19:20:51.725+0000] {dag.py:3239} INFO - Sync 1 DAGs
[2025-04-02T19:20:51.926+0000] {logging_mixin.py:190} INFO - [2025-04-02T19:20:51.926+0000] {dag.py:4180} INFO - Setting next_dagrun for latest_only_with_trigger to 2025-04-02 12:00:00+00:00, run_after=2025-04-02 16:00:00+00:00
[2025-04-02T19:20:52.043+0000] {processor.py:208} INFO - Processing /home/airflow/.local/lib/python3.12/site-packages/airflow/example_dags/example_latest_only_with_trigger.py took 0.754 seconds
[2025-04-02T19:21:23.607+0000] {processor.py:186} INFO - Started process (PID=1795) to work on /home/airflow/.local/lib/python3.12/site-packages/airflow/example_dags/example_latest_only_with_trigger.py
[2025-04-02T19:21:23.609+0000] {processor.py:914} INFO - Processing file /home/airflow/.local/lib/python3.12/site-packages/airflow/example_dags/example_latest_only_with_trigger.py for tasks to queue
[2025-04-02T19:21:23.631+0000] {logging_mixin.py:190} INFO - [2025-04-02T19:21:23.627+0000] {dagbag.py:588} INFO - Filling up the DagBag from /home/airflow/.local/lib/python3.12/site-packages/airflow/example_dags/example_latest_only_with_trigger.py
[2025-04-02T19:21:23.682+0000] {processor.py:925} INFO - DAG(s) 'latest_only_with_trigger' retrieved from /home/airflow/.local/lib/python3.12/site-packages/airflow/example_dags/example_latest_only_with_trigger.py
[2025-04-02T19:21:23.796+0000] {logging_mixin.py:190} INFO - [2025-04-02T19:21:23.796+0000] {dag.py:3239} INFO - Sync 1 DAGs
[2025-04-02T19:21:24.053+0000] {logging_mixin.py:190} INFO - [2025-04-02T19:21:24.052+0000] {dag.py:4180} INFO - Setting next_dagrun for latest_only_with_trigger to 2025-04-02 12:00:00+00:00, run_after=2025-04-02 16:00:00+00:00
[2025-04-02T19:21:24.204+0000] {processor.py:208} INFO - Processing /home/airflow/.local/lib/python3.12/site-packages/airflow/example_dags/example_latest_only_with_trigger.py took 0.645 seconds
[2025-04-02T19:21:57.786+0000] {processor.py:186} INFO - Started process (PID=1857) to work on /home/airflow/.local/lib/python3.12/site-packages/airflow/example_dags/example_latest_only_with_trigger.py
[2025-04-02T19:21:57.792+0000] {processor.py:914} INFO - Processing file /home/airflow/.local/lib/python3.12/site-packages/airflow/example_dags/example_latest_only_with_trigger.py for tasks to queue
[2025-04-02T19:21:57.804+0000] {logging_mixin.py:190} INFO - [2025-04-02T19:21:57.803+0000] {dagbag.py:588} INFO - Filling up the DagBag from /home/airflow/.local/lib/python3.12/site-packages/airflow/example_dags/example_latest_only_with_trigger.py
[2025-04-02T19:21:57.855+0000] {processor.py:925} INFO - DAG(s) 'latest_only_with_trigger' retrieved from /home/airflow/.local/lib/python3.12/site-packages/airflow/example_dags/example_latest_only_with_trigger.py
[2025-04-02T19:21:57.996+0000] {logging_mixin.py:190} INFO - [2025-04-02T19:21:57.996+0000] {dag.py:3239} INFO - Sync 1 DAGs
[2025-04-02T19:21:58.154+0000] {logging_mixin.py:190} INFO - [2025-04-02T19:21:58.154+0000] {dag.py:4180} INFO - Setting next_dagrun for latest_only_with_trigger to 2025-04-02 12:00:00+00:00, run_after=2025-04-02 16:00:00+00:00
[2025-04-02T19:21:58.297+0000] {processor.py:208} INFO - Processing /home/airflow/.local/lib/python3.12/site-packages/airflow/example_dags/example_latest_only_with_trigger.py took 0.543 seconds
[2025-04-02T19:22:54.530+0000] {processor.py:186} INFO - Started process (PID=1931) to work on /home/airflow/.local/lib/python3.12/site-packages/airflow/example_dags/example_latest_only_with_trigger.py
[2025-04-02T19:22:54.537+0000] {processor.py:914} INFO - Processing file /home/airflow/.local/lib/python3.12/site-packages/airflow/example_dags/example_latest_only_with_trigger.py for tasks to queue
[2025-04-02T19:22:54.572+0000] {logging_mixin.py:190} INFO - [2025-04-02T19:22:54.571+0000] {dagbag.py:588} INFO - Filling up the DagBag from /home/airflow/.local/lib/python3.12/site-packages/airflow/example_dags/example_latest_only_with_trigger.py
[2025-04-02T19:22:54.628+0000] {processor.py:925} INFO - DAG(s) 'latest_only_with_trigger' retrieved from /home/airflow/.local/lib/python3.12/site-packages/airflow/example_dags/example_latest_only_with_trigger.py
[2025-04-02T19:22:54.726+0000] {logging_mixin.py:190} INFO - [2025-04-02T19:22:54.722+0000] {dag.py:3239} INFO - Sync 1 DAGs
[2025-04-02T19:22:54.918+0000] {logging_mixin.py:190} INFO - [2025-04-02T19:22:54.918+0000] {dag.py:4180} INFO - Setting next_dagrun for latest_only_with_trigger to 2025-04-02 12:00:00+00:00, run_after=2025-04-02 16:00:00+00:00
[2025-04-02T19:22:55.055+0000] {processor.py:208} INFO - Processing /home/airflow/.local/lib/python3.12/site-packages/airflow/example_dags/example_latest_only_with_trigger.py took 0.559 seconds
[2025-04-02T19:23:25.699+0000] {processor.py:186} INFO - Started process (PID=1994) to work on /home/airflow/.local/lib/python3.12/site-packages/airflow/example_dags/example_latest_only_with_trigger.py
[2025-04-02T19:23:25.701+0000] {processor.py:914} INFO - Processing file /home/airflow/.local/lib/python3.12/site-packages/airflow/example_dags/example_latest_only_with_trigger.py for tasks to queue
[2025-04-02T19:23:25.707+0000] {logging_mixin.py:190} INFO - [2025-04-02T19:23:25.706+0000] {dagbag.py:588} INFO - Filling up the DagBag from /home/airflow/.local/lib/python3.12/site-packages/airflow/example_dags/example_latest_only_with_trigger.py
[2025-04-02T19:23:25.735+0000] {processor.py:925} INFO - DAG(s) 'latest_only_with_trigger' retrieved from /home/airflow/.local/lib/python3.12/site-packages/airflow/example_dags/example_latest_only_with_trigger.py
[2025-04-02T19:23:25.825+0000] {logging_mixin.py:190} INFO - [2025-04-02T19:23:25.824+0000] {dag.py:3239} INFO - Sync 1 DAGs
[2025-04-02T19:23:25.935+0000] {logging_mixin.py:190} INFO - [2025-04-02T19:23:25.934+0000] {dag.py:4180} INFO - Setting next_dagrun for latest_only_with_trigger to 2025-04-02 12:00:00+00:00, run_after=2025-04-02 16:00:00+00:00
[2025-04-02T19:23:26.018+0000] {processor.py:208} INFO - Processing /home/airflow/.local/lib/python3.12/site-packages/airflow/example_dags/example_latest_only_with_trigger.py took 0.335 seconds
[2025-04-02T19:24:09.512+0000] {processor.py:186} INFO - Started process (PID=2063) to work on /home/airflow/.local/lib/python3.12/site-packages/airflow/example_dags/example_latest_only_with_trigger.py
[2025-04-02T19:24:09.515+0000] {processor.py:914} INFO - Processing file /home/airflow/.local/lib/python3.12/site-packages/airflow/example_dags/example_latest_only_with_trigger.py for tasks to queue
[2025-04-02T19:24:09.521+0000] {logging_mixin.py:190} INFO - [2025-04-02T19:24:09.520+0000] {dagbag.py:588} INFO - Filling up the DagBag from /home/airflow/.local/lib/python3.12/site-packages/airflow/example_dags/example_latest_only_with_trigger.py
[2025-04-02T19:24:09.541+0000] {processor.py:925} INFO - DAG(s) 'latest_only_with_trigger' retrieved from /home/airflow/.local/lib/python3.12/site-packages/airflow/example_dags/example_latest_only_with_trigger.py
[2025-04-02T19:24:09.603+0000] {logging_mixin.py:190} INFO - [2025-04-02T19:24:09.603+0000] {dag.py:3239} INFO - Sync 1 DAGs
[2025-04-02T19:24:09.671+0000] {logging_mixin.py:190} INFO - [2025-04-02T19:24:09.670+0000] {dag.py:4180} INFO - Setting next_dagrun for latest_only_with_trigger to 2025-04-02 12:00:00+00:00, run_after=2025-04-02 16:00:00+00:00
[2025-04-02T19:24:09.719+0000] {processor.py:208} INFO - Processing /home/airflow/.local/lib/python3.12/site-packages/airflow/example_dags/example_latest_only_with_trigger.py took 0.226 seconds
