[2025-04-02T19:04:18.221+0000] {processor.py:186} INFO - Started process (PID=153) to work on /home/airflow/.local/lib/python3.12/site-packages/airflow/example_dags/example_external_task_marker_dag.py
[2025-04-02T19:04:18.250+0000] {processor.py:914} INFO - Processing file /home/airflow/.local/lib/python3.12/site-packages/airflow/example_dags/example_external_task_marker_dag.py for tasks to queue
[2025-04-02T19:04:18.260+0000] {logging_mixin.py:190} INFO - [2025-04-02T19:04:18.259+0000] {dagbag.py:588} INFO - Filling up the DagBag from /home/airflow/.local/lib/python3.12/site-packages/airflow/example_dags/example_external_task_marker_dag.py
[2025-04-02T19:04:18.289+0000] {processor.py:925} INFO - DAG(s) 'example_external_task_marker_parent', 'example_external_task_marker_child' retrieved from /home/airflow/.local/lib/python3.12/site-packages/airflow/example_dags/example_external_task_marker_dag.py
[2025-04-02T19:04:18.835+0000] {logging_mixin.py:190} INFO - [2025-04-02T19:04:18.833+0000] {override.py:1912} INFO - Created Permission View: can delete on DAG:example_external_task_marker_parent
[2025-04-02T19:04:18.859+0000] {logging_mixin.py:190} INFO - [2025-04-02T19:04:18.859+0000] {override.py:1912} INFO - Created Permission View: can edit on DAG:example_external_task_marker_parent
[2025-04-02T19:04:18.940+0000] {logging_mixin.py:190} INFO - [2025-04-02T19:04:18.940+0000] {override.py:1912} INFO - Created Permission View: can read on DAG:example_external_task_marker_parent
[2025-04-02T19:04:19.007+0000] {logging_mixin.py:190} INFO - [2025-04-02T19:04:19.005+0000] {override.py:1912} INFO - Created Permission View: can delete on DAG Run:example_external_task_marker_parent
[2025-04-02T19:04:19.089+0000] {logging_mixin.py:190} INFO - [2025-04-02T19:04:19.088+0000] {override.py:1912} INFO - Created Permission View: can read on DAG Run:example_external_task_marker_parent
[2025-04-02T19:04:19.146+0000] {logging_mixin.py:190} INFO - [2025-04-02T19:04:19.145+0000] {override.py:1912} INFO - Created Permission View: can create on DAG Run:example_external_task_marker_parent
[2025-04-02T19:04:19.188+0000] {logging_mixin.py:190} INFO - [2025-04-02T19:04:19.188+0000] {override.py:1912} INFO - Created Permission View: menu access on DAG Run:example_external_task_marker_parent
[2025-04-02T19:04:19.273+0000] {logging_mixin.py:190} INFO - [2025-04-02T19:04:19.272+0000] {override.py:1912} INFO - Created Permission View: can delete on DAG:example_external_task_marker_child
[2025-04-02T19:04:19.381+0000] {logging_mixin.py:190} INFO - [2025-04-02T19:04:19.380+0000] {override.py:1912} INFO - Created Permission View: can edit on DAG:example_external_task_marker_child
[2025-04-02T19:04:19.453+0000] {logging_mixin.py:190} INFO - [2025-04-02T19:04:19.451+0000] {override.py:1912} INFO - Created Permission View: can read on DAG:example_external_task_marker_child
[2025-04-02T19:04:19.615+0000] {logging_mixin.py:190} INFO - [2025-04-02T19:04:19.614+0000] {override.py:1912} INFO - Created Permission View: can delete on DAG Run:example_external_task_marker_child
[2025-04-02T19:04:19.754+0000] {logging_mixin.py:190} INFO - [2025-04-02T19:04:19.753+0000] {override.py:1912} INFO - Created Permission View: can read on DAG Run:example_external_task_marker_child
[2025-04-02T19:04:19.827+0000] {logging_mixin.py:190} INFO - [2025-04-02T19:04:19.815+0000] {override.py:1912} INFO - Created Permission View: can create on DAG Run:example_external_task_marker_child
[2025-04-02T19:04:19.923+0000] {logging_mixin.py:190} INFO - [2025-04-02T19:04:19.922+0000] {override.py:1912} INFO - Created Permission View: menu access on DAG Run:example_external_task_marker_child
[2025-04-02T19:04:19.930+0000] {logging_mixin.py:190} INFO - [2025-04-02T19:04:19.928+0000] {dag.py:3239} INFO - Sync 2 DAGs
[2025-04-02T19:04:20.163+0000] {logging_mixin.py:190} INFO - [2025-04-02T19:04:20.163+0000] {dag.py:3262} INFO - Creating ORM DAG for example_external_task_marker_child
[2025-04-02T19:04:20.168+0000] {logging_mixin.py:190} INFO - [2025-04-02T19:04:20.167+0000] {dag.py:3262} INFO - Creating ORM DAG for example_external_task_marker_parent
[2025-04-02T19:04:20.183+0000] {logging_mixin.py:190} INFO - [2025-04-02T19:04:20.182+0000] {dag.py:4180} INFO - Setting next_dagrun for example_external_task_marker_child to None, run_after=None
[2025-04-02T19:04:20.201+0000] {logging_mixin.py:190} INFO - [2025-04-02T19:04:20.200+0000] {dag.py:4180} INFO - Setting next_dagrun for example_external_task_marker_parent to None, run_after=None
[2025-04-02T19:04:20.436+0000] {processor.py:208} INFO - Processing /home/airflow/.local/lib/python3.12/site-packages/airflow/example_dags/example_external_task_marker_dag.py took 2.267 seconds
[2025-04-02T19:04:50.656+0000] {processor.py:186} INFO - Started process (PID=220) to work on /home/airflow/.local/lib/python3.12/site-packages/airflow/example_dags/example_external_task_marker_dag.py
[2025-04-02T19:04:50.660+0000] {processor.py:914} INFO - Processing file /home/airflow/.local/lib/python3.12/site-packages/airflow/example_dags/example_external_task_marker_dag.py for tasks to queue
[2025-04-02T19:04:50.666+0000] {logging_mixin.py:190} INFO - [2025-04-02T19:04:50.666+0000] {dagbag.py:588} INFO - Filling up the DagBag from /home/airflow/.local/lib/python3.12/site-packages/airflow/example_dags/example_external_task_marker_dag.py
[2025-04-02T19:04:50.700+0000] {processor.py:925} INFO - DAG(s) 'example_external_task_marker_parent', 'example_external_task_marker_child' retrieved from /home/airflow/.local/lib/python3.12/site-packages/airflow/example_dags/example_external_task_marker_dag.py
[2025-04-02T19:04:50.827+0000] {logging_mixin.py:190} INFO - [2025-04-02T19:04:50.827+0000] {dag.py:3239} INFO - Sync 2 DAGs
[2025-04-02T19:04:50.862+0000] {logging_mixin.py:190} INFO - [2025-04-02T19:04:50.861+0000] {dag.py:4180} INFO - Setting next_dagrun for example_external_task_marker_child to None, run_after=None
[2025-04-02T19:04:50.868+0000] {logging_mixin.py:190} INFO - [2025-04-02T19:04:50.868+0000] {dag.py:4180} INFO - Setting next_dagrun for example_external_task_marker_parent to None, run_after=None
[2025-04-02T19:04:50.909+0000] {processor.py:208} INFO - Processing /home/airflow/.local/lib/python3.12/site-packages/airflow/example_dags/example_external_task_marker_dag.py took 0.272 seconds
[2025-04-02T19:05:32.374+0000] {processor.py:186} INFO - Started process (PID=291) to work on /home/airflow/.local/lib/python3.12/site-packages/airflow/example_dags/example_external_task_marker_dag.py
[2025-04-02T19:05:32.377+0000] {processor.py:914} INFO - Processing file /home/airflow/.local/lib/python3.12/site-packages/airflow/example_dags/example_external_task_marker_dag.py for tasks to queue
[2025-04-02T19:05:32.383+0000] {logging_mixin.py:190} INFO - [2025-04-02T19:05:32.382+0000] {dagbag.py:588} INFO - Filling up the DagBag from /home/airflow/.local/lib/python3.12/site-packages/airflow/example_dags/example_external_task_marker_dag.py
[2025-04-02T19:05:32.409+0000] {processor.py:925} INFO - DAG(s) 'example_external_task_marker_child', 'example_external_task_marker_parent' retrieved from /home/airflow/.local/lib/python3.12/site-packages/airflow/example_dags/example_external_task_marker_dag.py
[2025-04-02T19:05:32.513+0000] {logging_mixin.py:190} INFO - [2025-04-02T19:05:32.512+0000] {dag.py:3239} INFO - Sync 2 DAGs
[2025-04-02T19:05:32.623+0000] {logging_mixin.py:190} INFO - [2025-04-02T19:05:32.617+0000] {dag.py:4180} INFO - Setting next_dagrun for example_external_task_marker_child to None, run_after=None
[2025-04-02T19:05:32.634+0000] {logging_mixin.py:190} INFO - [2025-04-02T19:05:32.634+0000] {dag.py:4180} INFO - Setting next_dagrun for example_external_task_marker_parent to None, run_after=None
[2025-04-02T19:05:32.683+0000] {processor.py:208} INFO - Processing /home/airflow/.local/lib/python3.12/site-packages/airflow/example_dags/example_external_task_marker_dag.py took 0.327 seconds
[2025-04-02T19:06:02.974+0000] {processor.py:186} INFO - Started process (PID=355) to work on /home/airflow/.local/lib/python3.12/site-packages/airflow/example_dags/example_external_task_marker_dag.py
[2025-04-02T19:06:02.977+0000] {processor.py:914} INFO - Processing file /home/airflow/.local/lib/python3.12/site-packages/airflow/example_dags/example_external_task_marker_dag.py for tasks to queue
[2025-04-02T19:06:02.989+0000] {logging_mixin.py:190} INFO - [2025-04-02T19:06:02.988+0000] {dagbag.py:588} INFO - Filling up the DagBag from /home/airflow/.local/lib/python3.12/site-packages/airflow/example_dags/example_external_task_marker_dag.py
[2025-04-02T19:06:03.016+0000] {processor.py:925} INFO - DAG(s) 'example_external_task_marker_child', 'example_external_task_marker_parent' retrieved from /home/airflow/.local/lib/python3.12/site-packages/airflow/example_dags/example_external_task_marker_dag.py
[2025-04-02T19:06:03.102+0000] {logging_mixin.py:190} INFO - [2025-04-02T19:06:03.101+0000] {dag.py:3239} INFO - Sync 2 DAGs
[2025-04-02T19:06:03.150+0000] {logging_mixin.py:190} INFO - [2025-04-02T19:06:03.149+0000] {dag.py:4180} INFO - Setting next_dagrun for example_external_task_marker_child to None, run_after=None
[2025-04-02T19:06:03.161+0000] {logging_mixin.py:190} INFO - [2025-04-02T19:06:03.160+0000] {dag.py:4180} INFO - Setting next_dagrun for example_external_task_marker_parent to None, run_after=None
[2025-04-02T19:06:03.193+0000] {processor.py:208} INFO - Processing /home/airflow/.local/lib/python3.12/site-packages/airflow/example_dags/example_external_task_marker_dag.py took 0.242 seconds
[2025-04-02T19:06:46.232+0000] {processor.py:186} INFO - Started process (PID=428) to work on /home/airflow/.local/lib/python3.12/site-packages/airflow/example_dags/example_external_task_marker_dag.py
[2025-04-02T19:06:46.235+0000] {processor.py:914} INFO - Processing file /home/airflow/.local/lib/python3.12/site-packages/airflow/example_dags/example_external_task_marker_dag.py for tasks to queue
[2025-04-02T19:06:46.281+0000] {logging_mixin.py:190} INFO - [2025-04-02T19:06:46.270+0000] {dagbag.py:588} INFO - Filling up the DagBag from /home/airflow/.local/lib/python3.12/site-packages/airflow/example_dags/example_external_task_marker_dag.py
[2025-04-02T19:06:46.345+0000] {processor.py:925} INFO - DAG(s) 'example_external_task_marker_parent', 'example_external_task_marker_child' retrieved from /home/airflow/.local/lib/python3.12/site-packages/airflow/example_dags/example_external_task_marker_dag.py
[2025-04-02T19:06:46.514+0000] {logging_mixin.py:190} INFO - [2025-04-02T19:06:46.513+0000] {dag.py:3239} INFO - Sync 2 DAGs
[2025-04-02T19:06:46.621+0000] {logging_mixin.py:190} INFO - [2025-04-02T19:06:46.621+0000] {dag.py:4180} INFO - Setting next_dagrun for example_external_task_marker_child to None, run_after=None
[2025-04-02T19:06:46.654+0000] {logging_mixin.py:190} INFO - [2025-04-02T19:06:46.654+0000] {dag.py:4180} INFO - Setting next_dagrun for example_external_task_marker_parent to None, run_after=None
[2025-04-02T19:06:46.805+0000] {processor.py:208} INFO - Processing /home/airflow/.local/lib/python3.12/site-packages/airflow/example_dags/example_external_task_marker_dag.py took 0.635 seconds
[2025-04-02T19:07:27.031+0000] {processor.py:186} INFO - Started process (PID=492) to work on /home/airflow/.local/lib/python3.12/site-packages/airflow/example_dags/example_external_task_marker_dag.py
[2025-04-02T19:07:27.037+0000] {processor.py:914} INFO - Processing file /home/airflow/.local/lib/python3.12/site-packages/airflow/example_dags/example_external_task_marker_dag.py for tasks to queue
[2025-04-02T19:07:27.044+0000] {logging_mixin.py:190} INFO - [2025-04-02T19:07:27.043+0000] {dagbag.py:588} INFO - Filling up the DagBag from /home/airflow/.local/lib/python3.12/site-packages/airflow/example_dags/example_external_task_marker_dag.py
[2025-04-02T19:07:27.072+0000] {processor.py:925} INFO - DAG(s) 'example_external_task_marker_child', 'example_external_task_marker_parent' retrieved from /home/airflow/.local/lib/python3.12/site-packages/airflow/example_dags/example_external_task_marker_dag.py
[2025-04-02T19:07:27.116+0000] {logging_mixin.py:190} INFO - [2025-04-02T19:07:27.115+0000] {dag.py:3239} INFO - Sync 2 DAGs
[2025-04-02T19:07:27.145+0000] {logging_mixin.py:190} INFO - [2025-04-02T19:07:27.145+0000] {dag.py:4180} INFO - Setting next_dagrun for example_external_task_marker_child to None, run_after=None
[2025-04-02T19:07:27.155+0000] {logging_mixin.py:190} INFO - [2025-04-02T19:07:27.154+0000] {dag.py:4180} INFO - Setting next_dagrun for example_external_task_marker_parent to None, run_after=None
[2025-04-02T19:07:27.194+0000] {processor.py:208} INFO - Processing /home/airflow/.local/lib/python3.12/site-packages/airflow/example_dags/example_external_task_marker_dag.py took 0.182 seconds
[2025-04-02T19:08:06.016+0000] {processor.py:186} INFO - Started process (PID=564) to work on /home/airflow/.local/lib/python3.12/site-packages/airflow/example_dags/example_external_task_marker_dag.py
[2025-04-02T19:08:06.045+0000] {processor.py:914} INFO - Processing file /home/airflow/.local/lib/python3.12/site-packages/airflow/example_dags/example_external_task_marker_dag.py for tasks to queue
[2025-04-02T19:08:06.063+0000] {logging_mixin.py:190} INFO - [2025-04-02T19:08:06.062+0000] {dagbag.py:588} INFO - Filling up the DagBag from /home/airflow/.local/lib/python3.12/site-packages/airflow/example_dags/example_external_task_marker_dag.py
[2025-04-02T19:08:06.143+0000] {processor.py:925} INFO - DAG(s) 'example_external_task_marker_child', 'example_external_task_marker_parent' retrieved from /home/airflow/.local/lib/python3.12/site-packages/airflow/example_dags/example_external_task_marker_dag.py
[2025-04-02T19:08:06.430+0000] {logging_mixin.py:190} INFO - [2025-04-02T19:08:06.430+0000] {dag.py:3239} INFO - Sync 2 DAGs
[2025-04-02T19:08:06.703+0000] {logging_mixin.py:190} INFO - [2025-04-02T19:08:06.691+0000] {dag.py:4180} INFO - Setting next_dagrun for example_external_task_marker_child to None, run_after=None
[2025-04-02T19:08:06.771+0000] {logging_mixin.py:190} INFO - [2025-04-02T19:08:06.770+0000] {dag.py:4180} INFO - Setting next_dagrun for example_external_task_marker_parent to None, run_after=None
[2025-04-02T19:08:06.981+0000] {processor.py:208} INFO - Processing /home/airflow/.local/lib/python3.12/site-packages/airflow/example_dags/example_external_task_marker_dag.py took 1.014 seconds
[2025-04-02T19:09:04.317+0000] {processor.py:186} INFO - Started process (PID=643) to work on /home/airflow/.local/lib/python3.12/site-packages/airflow/example_dags/example_external_task_marker_dag.py
[2025-04-02T19:09:04.325+0000] {processor.py:914} INFO - Processing file /home/airflow/.local/lib/python3.12/site-packages/airflow/example_dags/example_external_task_marker_dag.py for tasks to queue
[2025-04-02T19:09:04.331+0000] {logging_mixin.py:190} INFO - [2025-04-02T19:09:04.330+0000] {dagbag.py:588} INFO - Filling up the DagBag from /home/airflow/.local/lib/python3.12/site-packages/airflow/example_dags/example_external_task_marker_dag.py
[2025-04-02T19:09:04.370+0000] {processor.py:925} INFO - DAG(s) 'example_external_task_marker_parent', 'example_external_task_marker_child' retrieved from /home/airflow/.local/lib/python3.12/site-packages/airflow/example_dags/example_external_task_marker_dag.py
[2025-04-02T19:09:04.515+0000] {logging_mixin.py:190} INFO - [2025-04-02T19:09:04.514+0000] {dag.py:3239} INFO - Sync 2 DAGs
[2025-04-02T19:09:04.589+0000] {logging_mixin.py:190} INFO - [2025-04-02T19:09:04.581+0000] {dag.py:4180} INFO - Setting next_dagrun for example_external_task_marker_child to None, run_after=None
[2025-04-02T19:09:04.607+0000] {logging_mixin.py:190} INFO - [2025-04-02T19:09:04.606+0000] {dag.py:4180} INFO - Setting next_dagrun for example_external_task_marker_parent to None, run_after=None
[2025-04-02T19:09:04.769+0000] {processor.py:208} INFO - Processing /home/airflow/.local/lib/python3.12/site-packages/airflow/example_dags/example_external_task_marker_dag.py took 0.474 seconds
[2025-04-02T19:10:35.469+0000] {processor.py:186} INFO - Started process (PID=733) to work on /home/airflow/.local/lib/python3.12/site-packages/airflow/example_dags/example_external_task_marker_dag.py
[2025-04-02T19:10:35.475+0000] {processor.py:914} INFO - Processing file /home/airflow/.local/lib/python3.12/site-packages/airflow/example_dags/example_external_task_marker_dag.py for tasks to queue
[2025-04-02T19:10:35.482+0000] {logging_mixin.py:190} INFO - [2025-04-02T19:10:35.481+0000] {dagbag.py:588} INFO - Filling up the DagBag from /home/airflow/.local/lib/python3.12/site-packages/airflow/example_dags/example_external_task_marker_dag.py
[2025-04-02T19:10:35.526+0000] {processor.py:925} INFO - DAG(s) 'example_external_task_marker_parent', 'example_external_task_marker_child' retrieved from /home/airflow/.local/lib/python3.12/site-packages/airflow/example_dags/example_external_task_marker_dag.py
[2025-04-02T19:10:35.611+0000] {logging_mixin.py:190} INFO - [2025-04-02T19:10:35.610+0000] {dag.py:3239} INFO - Sync 2 DAGs
[2025-04-02T19:10:35.680+0000] {logging_mixin.py:190} INFO - [2025-04-02T19:10:35.680+0000] {dag.py:4180} INFO - Setting next_dagrun for example_external_task_marker_child to None, run_after=None
[2025-04-02T19:10:35.693+0000] {logging_mixin.py:190} INFO - [2025-04-02T19:10:35.692+0000] {dag.py:4180} INFO - Setting next_dagrun for example_external_task_marker_parent to None, run_after=None
[2025-04-02T19:10:35.800+0000] {processor.py:208} INFO - Processing /home/airflow/.local/lib/python3.12/site-packages/airflow/example_dags/example_external_task_marker_dag.py took 0.359 seconds
[2025-04-02T19:11:16.852+0000] {processor.py:186} INFO - Started process (PID=803) to work on /home/airflow/.local/lib/python3.12/site-packages/airflow/example_dags/example_external_task_marker_dag.py
[2025-04-02T19:11:16.861+0000] {processor.py:914} INFO - Processing file /home/airflow/.local/lib/python3.12/site-packages/airflow/example_dags/example_external_task_marker_dag.py for tasks to queue
[2025-04-02T19:11:16.878+0000] {logging_mixin.py:190} INFO - [2025-04-02T19:11:16.876+0000] {dagbag.py:588} INFO - Filling up the DagBag from /home/airflow/.local/lib/python3.12/site-packages/airflow/example_dags/example_external_task_marker_dag.py
[2025-04-02T19:11:16.921+0000] {processor.py:925} INFO - DAG(s) 'example_external_task_marker_parent', 'example_external_task_marker_child' retrieved from /home/airflow/.local/lib/python3.12/site-packages/airflow/example_dags/example_external_task_marker_dag.py
[2025-04-02T19:11:17.040+0000] {logging_mixin.py:190} INFO - [2025-04-02T19:11:17.040+0000] {dag.py:3239} INFO - Sync 2 DAGs
[2025-04-02T19:11:17.127+0000] {logging_mixin.py:190} INFO - [2025-04-02T19:11:17.126+0000] {dag.py:4180} INFO - Setting next_dagrun for example_external_task_marker_child to None, run_after=None
[2025-04-02T19:11:17.165+0000] {logging_mixin.py:190} INFO - [2025-04-02T19:11:17.164+0000] {dag.py:4180} INFO - Setting next_dagrun for example_external_task_marker_parent to None, run_after=None
[2025-04-02T19:11:17.288+0000] {processor.py:208} INFO - Processing /home/airflow/.local/lib/python3.12/site-packages/airflow/example_dags/example_external_task_marker_dag.py took 0.462 seconds
[2025-04-02T19:11:48.228+0000] {processor.py:186} INFO - Started process (PID=865) to work on /home/airflow/.local/lib/python3.12/site-packages/airflow/example_dags/example_external_task_marker_dag.py
[2025-04-02T19:11:48.236+0000] {processor.py:914} INFO - Processing file /home/airflow/.local/lib/python3.12/site-packages/airflow/example_dags/example_external_task_marker_dag.py for tasks to queue
[2025-04-02T19:11:48.242+0000] {logging_mixin.py:190} INFO - [2025-04-02T19:11:48.241+0000] {dagbag.py:588} INFO - Filling up the DagBag from /home/airflow/.local/lib/python3.12/site-packages/airflow/example_dags/example_external_task_marker_dag.py
[2025-04-02T19:11:48.288+0000] {processor.py:925} INFO - DAG(s) 'example_external_task_marker_parent', 'example_external_task_marker_child' retrieved from /home/airflow/.local/lib/python3.12/site-packages/airflow/example_dags/example_external_task_marker_dag.py
[2025-04-02T19:11:48.404+0000] {logging_mixin.py:190} INFO - [2025-04-02T19:11:48.404+0000] {dag.py:3239} INFO - Sync 2 DAGs
[2025-04-02T19:11:48.471+0000] {logging_mixin.py:190} INFO - [2025-04-02T19:11:48.471+0000] {dag.py:4180} INFO - Setting next_dagrun for example_external_task_marker_child to None, run_after=None
[2025-04-02T19:11:48.490+0000] {logging_mixin.py:190} INFO - [2025-04-02T19:11:48.489+0000] {dag.py:4180} INFO - Setting next_dagrun for example_external_task_marker_parent to None, run_after=None
[2025-04-02T19:11:48.542+0000] {processor.py:208} INFO - Processing /home/airflow/.local/lib/python3.12/site-packages/airflow/example_dags/example_external_task_marker_dag.py took 0.335 seconds
[2025-04-02T19:12:19.873+0000] {processor.py:186} INFO - Started process (PID=927) to work on /home/airflow/.local/lib/python3.12/site-packages/airflow/example_dags/example_external_task_marker_dag.py
[2025-04-02T19:12:19.886+0000] {processor.py:914} INFO - Processing file /home/airflow/.local/lib/python3.12/site-packages/airflow/example_dags/example_external_task_marker_dag.py for tasks to queue
[2025-04-02T19:12:19.892+0000] {logging_mixin.py:190} INFO - [2025-04-02T19:12:19.891+0000] {dagbag.py:588} INFO - Filling up the DagBag from /home/airflow/.local/lib/python3.12/site-packages/airflow/example_dags/example_external_task_marker_dag.py
[2025-04-02T19:12:19.944+0000] {processor.py:925} INFO - DAG(s) 'example_external_task_marker_child', 'example_external_task_marker_parent' retrieved from /home/airflow/.local/lib/python3.12/site-packages/airflow/example_dags/example_external_task_marker_dag.py
[2025-04-02T19:12:20.106+0000] {logging_mixin.py:190} INFO - [2025-04-02T19:12:20.105+0000] {dag.py:3239} INFO - Sync 2 DAGs
[2025-04-02T19:12:20.270+0000] {logging_mixin.py:190} INFO - [2025-04-02T19:12:20.269+0000] {dag.py:4180} INFO - Setting next_dagrun for example_external_task_marker_child to None, run_after=None
[2025-04-02T19:12:20.304+0000] {logging_mixin.py:190} INFO - [2025-04-02T19:12:20.304+0000] {dag.py:4180} INFO - Setting next_dagrun for example_external_task_marker_parent to None, run_after=None
[2025-04-02T19:12:20.453+0000] {processor.py:208} INFO - Processing /home/airflow/.local/lib/python3.12/site-packages/airflow/example_dags/example_external_task_marker_dag.py took 0.617 seconds
[2025-04-02T19:13:00.217+0000] {processor.py:186} INFO - Started process (PID=997) to work on /home/airflow/.local/lib/python3.12/site-packages/airflow/example_dags/example_external_task_marker_dag.py
[2025-04-02T19:13:00.218+0000] {processor.py:914} INFO - Processing file /home/airflow/.local/lib/python3.12/site-packages/airflow/example_dags/example_external_task_marker_dag.py for tasks to queue
[2025-04-02T19:13:00.228+0000] {logging_mixin.py:190} INFO - [2025-04-02T19:13:00.228+0000] {dagbag.py:588} INFO - Filling up the DagBag from /home/airflow/.local/lib/python3.12/site-packages/airflow/example_dags/example_external_task_marker_dag.py
[2025-04-02T19:13:00.247+0000] {processor.py:925} INFO - DAG(s) 'example_external_task_marker_child', 'example_external_task_marker_parent' retrieved from /home/airflow/.local/lib/python3.12/site-packages/airflow/example_dags/example_external_task_marker_dag.py
[2025-04-02T19:13:00.332+0000] {logging_mixin.py:190} INFO - [2025-04-02T19:13:00.332+0000] {dag.py:3239} INFO - Sync 2 DAGs
[2025-04-02T19:13:00.395+0000] {logging_mixin.py:190} INFO - [2025-04-02T19:13:00.393+0000] {dag.py:4180} INFO - Setting next_dagrun for example_external_task_marker_child to None, run_after=None
[2025-04-02T19:13:00.406+0000] {logging_mixin.py:190} INFO - [2025-04-02T19:13:00.405+0000] {dag.py:4180} INFO - Setting next_dagrun for example_external_task_marker_parent to None, run_after=None
[2025-04-02T19:13:00.454+0000] {processor.py:208} INFO - Processing /home/airflow/.local/lib/python3.12/site-packages/airflow/example_dags/example_external_task_marker_dag.py took 0.252 seconds
[2025-04-02T19:13:48.020+0000] {processor.py:186} INFO - Started process (PID=1069) to work on /home/airflow/.local/lib/python3.12/site-packages/airflow/example_dags/example_external_task_marker_dag.py
[2025-04-02T19:13:48.026+0000] {processor.py:914} INFO - Processing file /home/airflow/.local/lib/python3.12/site-packages/airflow/example_dags/example_external_task_marker_dag.py for tasks to queue
[2025-04-02T19:13:48.044+0000] {logging_mixin.py:190} INFO - [2025-04-02T19:13:48.043+0000] {dagbag.py:588} INFO - Filling up the DagBag from /home/airflow/.local/lib/python3.12/site-packages/airflow/example_dags/example_external_task_marker_dag.py
[2025-04-02T19:13:48.084+0000] {processor.py:925} INFO - DAG(s) 'example_external_task_marker_parent', 'example_external_task_marker_child' retrieved from /home/airflow/.local/lib/python3.12/site-packages/airflow/example_dags/example_external_task_marker_dag.py
[2025-04-02T19:13:48.169+0000] {logging_mixin.py:190} INFO - [2025-04-02T19:13:48.168+0000] {dag.py:3239} INFO - Sync 2 DAGs
[2025-04-02T19:13:48.246+0000] {logging_mixin.py:190} INFO - [2025-04-02T19:13:48.246+0000] {dag.py:4180} INFO - Setting next_dagrun for example_external_task_marker_child to None, run_after=None
[2025-04-02T19:13:48.267+0000] {logging_mixin.py:190} INFO - [2025-04-02T19:13:48.267+0000] {dag.py:4180} INFO - Setting next_dagrun for example_external_task_marker_parent to None, run_after=None
[2025-04-02T19:13:48.349+0000] {processor.py:208} INFO - Processing /home/airflow/.local/lib/python3.12/site-packages/airflow/example_dags/example_external_task_marker_dag.py took 0.365 seconds
[2025-04-02T19:14:53.881+0000] {processor.py:186} INFO - Started process (PID=1148) to work on /home/airflow/.local/lib/python3.12/site-packages/airflow/example_dags/example_external_task_marker_dag.py
[2025-04-02T19:14:53.885+0000] {processor.py:914} INFO - Processing file /home/airflow/.local/lib/python3.12/site-packages/airflow/example_dags/example_external_task_marker_dag.py for tasks to queue
[2025-04-02T19:14:53.892+0000] {logging_mixin.py:190} INFO - [2025-04-02T19:14:53.891+0000] {dagbag.py:588} INFO - Filling up the DagBag from /home/airflow/.local/lib/python3.12/site-packages/airflow/example_dags/example_external_task_marker_dag.py
[2025-04-02T19:14:53.942+0000] {processor.py:925} INFO - DAG(s) 'example_external_task_marker_parent', 'example_external_task_marker_child' retrieved from /home/airflow/.local/lib/python3.12/site-packages/airflow/example_dags/example_external_task_marker_dag.py
[2025-04-02T19:14:54.114+0000] {logging_mixin.py:190} INFO - [2025-04-02T19:14:54.113+0000] {dag.py:3239} INFO - Sync 2 DAGs
[2025-04-02T19:14:54.237+0000] {logging_mixin.py:190} INFO - [2025-04-02T19:14:54.236+0000] {dag.py:4180} INFO - Setting next_dagrun for example_external_task_marker_child to None, run_after=None
[2025-04-02T19:14:54.374+0000] {logging_mixin.py:190} INFO - [2025-04-02T19:14:54.362+0000] {dag.py:4180} INFO - Setting next_dagrun for example_external_task_marker_parent to None, run_after=None
[2025-04-02T19:14:54.659+0000] {processor.py:208} INFO - Processing /home/airflow/.local/lib/python3.12/site-packages/airflow/example_dags/example_external_task_marker_dag.py took 0.798 seconds
[2025-04-02T19:15:49.600+0000] {processor.py:186} INFO - Started process (PID=1228) to work on /home/airflow/.local/lib/python3.12/site-packages/airflow/example_dags/example_external_task_marker_dag.py
[2025-04-02T19:15:49.629+0000] {processor.py:914} INFO - Processing file /home/airflow/.local/lib/python3.12/site-packages/airflow/example_dags/example_external_task_marker_dag.py for tasks to queue
[2025-04-02T19:15:49.664+0000] {logging_mixin.py:190} INFO - [2025-04-02T19:15:49.662+0000] {dagbag.py:588} INFO - Filling up the DagBag from /home/airflow/.local/lib/python3.12/site-packages/airflow/example_dags/example_external_task_marker_dag.py
[2025-04-02T19:15:49.864+0000] {processor.py:925} INFO - DAG(s) 'example_external_task_marker_child', 'example_external_task_marker_parent' retrieved from /home/airflow/.local/lib/python3.12/site-packages/airflow/example_dags/example_external_task_marker_dag.py
[2025-04-02T19:15:50.047+0000] {logging_mixin.py:190} INFO - [2025-04-02T19:15:50.046+0000] {dag.py:3239} INFO - Sync 2 DAGs
[2025-04-02T19:15:50.100+0000] {logging_mixin.py:190} INFO - [2025-04-02T19:15:50.099+0000] {dag.py:4180} INFO - Setting next_dagrun for example_external_task_marker_child to None, run_after=None
[2025-04-02T19:15:50.111+0000] {logging_mixin.py:190} INFO - [2025-04-02T19:15:50.110+0000] {dag.py:4180} INFO - Setting next_dagrun for example_external_task_marker_parent to None, run_after=None
[2025-04-02T19:15:50.279+0000] {processor.py:208} INFO - Processing /home/airflow/.local/lib/python3.12/site-packages/airflow/example_dags/example_external_task_marker_dag.py took 0.713 seconds
[2025-04-02T19:16:21.579+0000] {processor.py:186} INFO - Started process (PID=1291) to work on /home/airflow/.local/lib/python3.12/site-packages/airflow/example_dags/example_external_task_marker_dag.py
[2025-04-02T19:16:21.673+0000] {processor.py:914} INFO - Processing file /home/airflow/.local/lib/python3.12/site-packages/airflow/example_dags/example_external_task_marker_dag.py for tasks to queue
[2025-04-02T19:16:21.714+0000] {logging_mixin.py:190} INFO - [2025-04-02T19:16:21.714+0000] {dagbag.py:588} INFO - Filling up the DagBag from /home/airflow/.local/lib/python3.12/site-packages/airflow/example_dags/example_external_task_marker_dag.py
[2025-04-02T19:16:21.772+0000] {processor.py:925} INFO - DAG(s) 'example_external_task_marker_child', 'example_external_task_marker_parent' retrieved from /home/airflow/.local/lib/python3.12/site-packages/airflow/example_dags/example_external_task_marker_dag.py
[2025-04-02T19:16:21.942+0000] {logging_mixin.py:190} INFO - [2025-04-02T19:16:21.931+0000] {dag.py:3239} INFO - Sync 2 DAGs
[2025-04-02T19:16:22.081+0000] {logging_mixin.py:190} INFO - [2025-04-02T19:16:22.080+0000] {dag.py:4180} INFO - Setting next_dagrun for example_external_task_marker_child to None, run_after=None
[2025-04-02T19:16:22.114+0000] {logging_mixin.py:190} INFO - [2025-04-02T19:16:22.113+0000] {dag.py:4180} INFO - Setting next_dagrun for example_external_task_marker_parent to None, run_after=None
[2025-04-02T19:16:22.214+0000] {processor.py:208} INFO - Processing /home/airflow/.local/lib/python3.12/site-packages/airflow/example_dags/example_external_task_marker_dag.py took 0.683 seconds
[2025-04-02T19:17:08.835+0000] {processor.py:186} INFO - Started process (PID=1360) to work on /home/airflow/.local/lib/python3.12/site-packages/airflow/example_dags/example_external_task_marker_dag.py
[2025-04-02T19:17:08.839+0000] {processor.py:914} INFO - Processing file /home/airflow/.local/lib/python3.12/site-packages/airflow/example_dags/example_external_task_marker_dag.py for tasks to queue
[2025-04-02T19:17:08.861+0000] {logging_mixin.py:190} INFO - [2025-04-02T19:17:08.860+0000] {dagbag.py:588} INFO - Filling up the DagBag from /home/airflow/.local/lib/python3.12/site-packages/airflow/example_dags/example_external_task_marker_dag.py
[2025-04-02T19:17:08.945+0000] {processor.py:925} INFO - DAG(s) 'example_external_task_marker_parent', 'example_external_task_marker_child' retrieved from /home/airflow/.local/lib/python3.12/site-packages/airflow/example_dags/example_external_task_marker_dag.py
[2025-04-02T19:17:09.035+0000] {logging_mixin.py:190} INFO - [2025-04-02T19:17:09.034+0000] {dag.py:3239} INFO - Sync 2 DAGs
[2025-04-02T19:17:09.167+0000] {logging_mixin.py:190} INFO - [2025-04-02T19:17:09.167+0000] {dag.py:4180} INFO - Setting next_dagrun for example_external_task_marker_child to None, run_after=None
[2025-04-02T19:17:09.205+0000] {logging_mixin.py:190} INFO - [2025-04-02T19:17:09.205+0000] {dag.py:4180} INFO - Setting next_dagrun for example_external_task_marker_parent to None, run_after=None
[2025-04-02T19:17:09.352+0000] {processor.py:208} INFO - Processing /home/airflow/.local/lib/python3.12/site-packages/airflow/example_dags/example_external_task_marker_dag.py took 0.585 seconds
[2025-04-02T19:17:40.121+0000] {processor.py:186} INFO - Started process (PID=1423) to work on /home/airflow/.local/lib/python3.12/site-packages/airflow/example_dags/example_external_task_marker_dag.py
[2025-04-02T19:17:40.126+0000] {processor.py:914} INFO - Processing file /home/airflow/.local/lib/python3.12/site-packages/airflow/example_dags/example_external_task_marker_dag.py for tasks to queue
[2025-04-02T19:17:40.132+0000] {logging_mixin.py:190} INFO - [2025-04-02T19:17:40.131+0000] {dagbag.py:588} INFO - Filling up the DagBag from /home/airflow/.local/lib/python3.12/site-packages/airflow/example_dags/example_external_task_marker_dag.py
[2025-04-02T19:17:40.155+0000] {processor.py:925} INFO - DAG(s) 'example_external_task_marker_child', 'example_external_task_marker_parent' retrieved from /home/airflow/.local/lib/python3.12/site-packages/airflow/example_dags/example_external_task_marker_dag.py
[2025-04-02T19:17:40.254+0000] {logging_mixin.py:190} INFO - [2025-04-02T19:17:40.253+0000] {dag.py:3239} INFO - Sync 2 DAGs
[2025-04-02T19:17:40.344+0000] {logging_mixin.py:190} INFO - [2025-04-02T19:17:40.344+0000] {dag.py:4180} INFO - Setting next_dagrun for example_external_task_marker_child to None, run_after=None
[2025-04-02T19:17:40.354+0000] {logging_mixin.py:190} INFO - [2025-04-02T19:17:40.353+0000] {dag.py:4180} INFO - Setting next_dagrun for example_external_task_marker_parent to None, run_after=None
[2025-04-02T19:17:40.400+0000] {processor.py:208} INFO - Processing /home/airflow/.local/lib/python3.12/site-packages/airflow/example_dags/example_external_task_marker_dag.py took 0.295 seconds
[2025-04-02T19:18:13.173+0000] {processor.py:186} INFO - Started process (PID=1486) to work on /home/airflow/.local/lib/python3.12/site-packages/airflow/example_dags/example_external_task_marker_dag.py
[2025-04-02T19:18:13.184+0000] {processor.py:914} INFO - Processing file /home/airflow/.local/lib/python3.12/site-packages/airflow/example_dags/example_external_task_marker_dag.py for tasks to queue
[2025-04-02T19:18:13.209+0000] {logging_mixin.py:190} INFO - [2025-04-02T19:18:13.203+0000] {dagbag.py:588} INFO - Filling up the DagBag from /home/airflow/.local/lib/python3.12/site-packages/airflow/example_dags/example_external_task_marker_dag.py
[2025-04-02T19:18:13.246+0000] {processor.py:925} INFO - DAG(s) 'example_external_task_marker_parent', 'example_external_task_marker_child' retrieved from /home/airflow/.local/lib/python3.12/site-packages/airflow/example_dags/example_external_task_marker_dag.py
[2025-04-02T19:18:13.358+0000] {logging_mixin.py:190} INFO - [2025-04-02T19:18:13.357+0000] {dag.py:3239} INFO - Sync 2 DAGs
[2025-04-02T19:18:13.404+0000] {logging_mixin.py:190} INFO - [2025-04-02T19:18:13.403+0000] {dag.py:4180} INFO - Setting next_dagrun for example_external_task_marker_child to None, run_after=None
[2025-04-02T19:18:13.417+0000] {logging_mixin.py:190} INFO - [2025-04-02T19:18:13.417+0000] {dag.py:4180} INFO - Setting next_dagrun for example_external_task_marker_parent to None, run_after=None
[2025-04-02T19:18:13.498+0000] {processor.py:208} INFO - Processing /home/airflow/.local/lib/python3.12/site-packages/airflow/example_dags/example_external_task_marker_dag.py took 0.349 seconds
[2025-04-02T19:18:55.182+0000] {processor.py:186} INFO - Started process (PID=1555) to work on /home/airflow/.local/lib/python3.12/site-packages/airflow/example_dags/example_external_task_marker_dag.py
[2025-04-02T19:18:55.194+0000] {processor.py:914} INFO - Processing file /home/airflow/.local/lib/python3.12/site-packages/airflow/example_dags/example_external_task_marker_dag.py for tasks to queue
[2025-04-02T19:18:55.212+0000] {logging_mixin.py:190} INFO - [2025-04-02T19:18:55.211+0000] {dagbag.py:588} INFO - Filling up the DagBag from /home/airflow/.local/lib/python3.12/site-packages/airflow/example_dags/example_external_task_marker_dag.py
[2025-04-02T19:18:55.278+0000] {processor.py:925} INFO - DAG(s) 'example_external_task_marker_child', 'example_external_task_marker_parent' retrieved from /home/airflow/.local/lib/python3.12/site-packages/airflow/example_dags/example_external_task_marker_dag.py
[2025-04-02T19:18:55.457+0000] {logging_mixin.py:190} INFO - [2025-04-02T19:18:55.456+0000] {dag.py:3239} INFO - Sync 2 DAGs
[2025-04-02T19:18:55.591+0000] {logging_mixin.py:190} INFO - [2025-04-02T19:18:55.590+0000] {dag.py:4180} INFO - Setting next_dagrun for example_external_task_marker_child to None, run_after=None
[2025-04-02T19:18:55.654+0000] {logging_mixin.py:190} INFO - [2025-04-02T19:18:55.653+0000] {dag.py:4180} INFO - Setting next_dagrun for example_external_task_marker_parent to None, run_after=None
[2025-04-02T19:18:55.862+0000] {processor.py:208} INFO - Processing /home/airflow/.local/lib/python3.12/site-packages/airflow/example_dags/example_external_task_marker_dag.py took 0.763 seconds
[2025-04-02T19:19:41.462+0000] {processor.py:186} INFO - Started process (PID=1631) to work on /home/airflow/.local/lib/python3.12/site-packages/airflow/example_dags/example_external_task_marker_dag.py
[2025-04-02T19:19:41.465+0000] {processor.py:914} INFO - Processing file /home/airflow/.local/lib/python3.12/site-packages/airflow/example_dags/example_external_task_marker_dag.py for tasks to queue
[2025-04-02T19:19:41.481+0000] {logging_mixin.py:190} INFO - [2025-04-02T19:19:41.480+0000] {dagbag.py:588} INFO - Filling up the DagBag from /home/airflow/.local/lib/python3.12/site-packages/airflow/example_dags/example_external_task_marker_dag.py
[2025-04-02T19:19:41.519+0000] {processor.py:925} INFO - DAG(s) 'example_external_task_marker_child', 'example_external_task_marker_parent' retrieved from /home/airflow/.local/lib/python3.12/site-packages/airflow/example_dags/example_external_task_marker_dag.py
[2025-04-02T19:19:41.634+0000] {logging_mixin.py:190} INFO - [2025-04-02T19:19:41.633+0000] {dag.py:3239} INFO - Sync 2 DAGs
[2025-04-02T19:19:41.765+0000] {logging_mixin.py:190} INFO - [2025-04-02T19:19:41.764+0000] {dag.py:4180} INFO - Setting next_dagrun for example_external_task_marker_child to None, run_after=None
[2025-04-02T19:19:41.785+0000] {logging_mixin.py:190} INFO - [2025-04-02T19:19:41.785+0000] {dag.py:4180} INFO - Setting next_dagrun for example_external_task_marker_parent to None, run_after=None
[2025-04-02T19:19:41.837+0000] {processor.py:208} INFO - Processing /home/airflow/.local/lib/python3.12/site-packages/airflow/example_dags/example_external_task_marker_dag.py took 0.422 seconds
[2025-04-02T19:20:31.280+0000] {processor.py:186} INFO - Started process (PID=1705) to work on /home/airflow/.local/lib/python3.12/site-packages/airflow/example_dags/example_external_task_marker_dag.py
[2025-04-02T19:20:31.286+0000] {processor.py:914} INFO - Processing file /home/airflow/.local/lib/python3.12/site-packages/airflow/example_dags/example_external_task_marker_dag.py for tasks to queue
[2025-04-02T19:20:31.293+0000] {logging_mixin.py:190} INFO - [2025-04-02T19:20:31.292+0000] {dagbag.py:588} INFO - Filling up the DagBag from /home/airflow/.local/lib/python3.12/site-packages/airflow/example_dags/example_external_task_marker_dag.py
[2025-04-02T19:20:31.320+0000] {processor.py:925} INFO - DAG(s) 'example_external_task_marker_child', 'example_external_task_marker_parent' retrieved from /home/airflow/.local/lib/python3.12/site-packages/airflow/example_dags/example_external_task_marker_dag.py
[2025-04-02T19:20:31.507+0000] {logging_mixin.py:190} INFO - [2025-04-02T19:20:31.506+0000] {dag.py:3239} INFO - Sync 2 DAGs
[2025-04-02T19:20:31.630+0000] {logging_mixin.py:190} INFO - [2025-04-02T19:20:31.629+0000] {dag.py:4180} INFO - Setting next_dagrun for example_external_task_marker_child to None, run_after=None
[2025-04-02T19:20:31.678+0000] {logging_mixin.py:190} INFO - [2025-04-02T19:20:31.677+0000] {dag.py:4180} INFO - Setting next_dagrun for example_external_task_marker_parent to None, run_after=None
[2025-04-02T19:20:31.835+0000] {processor.py:208} INFO - Processing /home/airflow/.local/lib/python3.12/site-packages/airflow/example_dags/example_external_task_marker_dag.py took 0.575 seconds
[2025-04-02T19:21:05.937+0000] {processor.py:186} INFO - Started process (PID=1768) to work on /home/airflow/.local/lib/python3.12/site-packages/airflow/example_dags/example_external_task_marker_dag.py
[2025-04-02T19:21:05.939+0000] {processor.py:914} INFO - Processing file /home/airflow/.local/lib/python3.12/site-packages/airflow/example_dags/example_external_task_marker_dag.py for tasks to queue
[2025-04-02T19:21:05.947+0000] {logging_mixin.py:190} INFO - [2025-04-02T19:21:05.946+0000] {dagbag.py:588} INFO - Filling up the DagBag from /home/airflow/.local/lib/python3.12/site-packages/airflow/example_dags/example_external_task_marker_dag.py
[2025-04-02T19:21:05.970+0000] {processor.py:925} INFO - DAG(s) 'example_external_task_marker_child', 'example_external_task_marker_parent' retrieved from /home/airflow/.local/lib/python3.12/site-packages/airflow/example_dags/example_external_task_marker_dag.py
[2025-04-02T19:21:06.021+0000] {logging_mixin.py:190} INFO - [2025-04-02T19:21:06.020+0000] {dag.py:3239} INFO - Sync 2 DAGs
[2025-04-02T19:21:06.082+0000] {logging_mixin.py:190} INFO - [2025-04-02T19:21:06.081+0000] {dag.py:4180} INFO - Setting next_dagrun for example_external_task_marker_child to None, run_after=None
[2025-04-02T19:21:06.100+0000] {logging_mixin.py:190} INFO - [2025-04-02T19:21:06.100+0000] {dag.py:4180} INFO - Setting next_dagrun for example_external_task_marker_parent to None, run_after=None
[2025-04-02T19:21:06.167+0000] {processor.py:208} INFO - Processing /home/airflow/.local/lib/python3.12/site-packages/airflow/example_dags/example_external_task_marker_dag.py took 0.250 seconds
[2025-04-02T19:21:47.062+0000] {processor.py:186} INFO - Started process (PID=1838) to work on /home/airflow/.local/lib/python3.12/site-packages/airflow/example_dags/example_external_task_marker_dag.py
[2025-04-02T19:21:47.066+0000] {processor.py:914} INFO - Processing file /home/airflow/.local/lib/python3.12/site-packages/airflow/example_dags/example_external_task_marker_dag.py for tasks to queue
[2025-04-02T19:21:47.072+0000] {logging_mixin.py:190} INFO - [2025-04-02T19:21:47.071+0000] {dagbag.py:588} INFO - Filling up the DagBag from /home/airflow/.local/lib/python3.12/site-packages/airflow/example_dags/example_external_task_marker_dag.py
[2025-04-02T19:21:47.090+0000] {processor.py:925} INFO - DAG(s) 'example_external_task_marker_child', 'example_external_task_marker_parent' retrieved from /home/airflow/.local/lib/python3.12/site-packages/airflow/example_dags/example_external_task_marker_dag.py
[2025-04-02T19:21:47.172+0000] {logging_mixin.py:190} INFO - [2025-04-02T19:21:47.171+0000] {dag.py:3239} INFO - Sync 2 DAGs
[2025-04-02T19:21:47.233+0000] {logging_mixin.py:190} INFO - [2025-04-02T19:21:47.230+0000] {dag.py:4180} INFO - Setting next_dagrun for example_external_task_marker_child to None, run_after=None
[2025-04-02T19:21:47.249+0000] {logging_mixin.py:190} INFO - [2025-04-02T19:21:47.248+0000] {dag.py:4180} INFO - Setting next_dagrun for example_external_task_marker_parent to None, run_after=None
[2025-04-02T19:21:47.315+0000] {processor.py:208} INFO - Processing /home/airflow/.local/lib/python3.12/site-packages/airflow/example_dags/example_external_task_marker_dag.py took 0.267 seconds
[2025-04-02T19:22:31.037+0000] {processor.py:186} INFO - Started process (PID=1901) to work on /home/airflow/.local/lib/python3.12/site-packages/airflow/example_dags/example_external_task_marker_dag.py
[2025-04-02T19:22:31.039+0000] {processor.py:914} INFO - Processing file /home/airflow/.local/lib/python3.12/site-packages/airflow/example_dags/example_external_task_marker_dag.py for tasks to queue
[2025-04-02T19:22:31.054+0000] {logging_mixin.py:190} INFO - [2025-04-02T19:22:31.054+0000] {dagbag.py:588} INFO - Filling up the DagBag from /home/airflow/.local/lib/python3.12/site-packages/airflow/example_dags/example_external_task_marker_dag.py
[2025-04-02T19:22:31.135+0000] {processor.py:925} INFO - DAG(s) 'example_external_task_marker_child', 'example_external_task_marker_parent' retrieved from /home/airflow/.local/lib/python3.12/site-packages/airflow/example_dags/example_external_task_marker_dag.py
[2025-04-02T19:22:31.606+0000] {logging_mixin.py:190} INFO - [2025-04-02T19:22:31.605+0000] {dag.py:3239} INFO - Sync 2 DAGs
[2025-04-02T19:22:31.748+0000] {logging_mixin.py:190} INFO - [2025-04-02T19:22:31.736+0000] {dag.py:4180} INFO - Setting next_dagrun for example_external_task_marker_child to None, run_after=None
[2025-04-02T19:22:31.781+0000] {logging_mixin.py:190} INFO - [2025-04-02T19:22:31.781+0000] {dag.py:4180} INFO - Setting next_dagrun for example_external_task_marker_parent to None, run_after=None
[2025-04-02T19:22:32.216+0000] {processor.py:208} INFO - Processing /home/airflow/.local/lib/python3.12/site-packages/airflow/example_dags/example_external_task_marker_dag.py took 1.227 seconds
[2025-04-02T19:23:12.869+0000] {processor.py:186} INFO - Started process (PID=1977) to work on /home/airflow/.local/lib/python3.12/site-packages/airflow/example_dags/example_external_task_marker_dag.py
[2025-04-02T19:23:12.877+0000] {processor.py:914} INFO - Processing file /home/airflow/.local/lib/python3.12/site-packages/airflow/example_dags/example_external_task_marker_dag.py for tasks to queue
[2025-04-02T19:23:12.885+0000] {logging_mixin.py:190} INFO - [2025-04-02T19:23:12.884+0000] {dagbag.py:588} INFO - Filling up the DagBag from /home/airflow/.local/lib/python3.12/site-packages/airflow/example_dags/example_external_task_marker_dag.py
[2025-04-02T19:23:12.917+0000] {processor.py:925} INFO - DAG(s) 'example_external_task_marker_child', 'example_external_task_marker_parent' retrieved from /home/airflow/.local/lib/python3.12/site-packages/airflow/example_dags/example_external_task_marker_dag.py
[2025-04-02T19:23:13.056+0000] {logging_mixin.py:190} INFO - [2025-04-02T19:23:13.055+0000] {dag.py:3239} INFO - Sync 2 DAGs
[2025-04-02T19:23:13.123+0000] {logging_mixin.py:190} INFO - [2025-04-02T19:23:13.122+0000] {dag.py:4180} INFO - Setting next_dagrun for example_external_task_marker_child to None, run_after=None
[2025-04-02T19:23:13.134+0000] {logging_mixin.py:190} INFO - [2025-04-02T19:23:13.133+0000] {dag.py:4180} INFO - Setting next_dagrun for example_external_task_marker_parent to None, run_after=None
[2025-04-02T19:23:13.238+0000] {processor.py:208} INFO - Processing /home/airflow/.local/lib/python3.12/site-packages/airflow/example_dags/example_external_task_marker_dag.py took 0.389 seconds
[2025-04-02T19:23:59.051+0000] {processor.py:186} INFO - Started process (PID=2042) to work on /home/airflow/.local/lib/python3.12/site-packages/airflow/example_dags/example_external_task_marker_dag.py
[2025-04-02T19:23:59.063+0000] {processor.py:914} INFO - Processing file /home/airflow/.local/lib/python3.12/site-packages/airflow/example_dags/example_external_task_marker_dag.py for tasks to queue
[2025-04-02T19:23:59.085+0000] {logging_mixin.py:190} INFO - [2025-04-02T19:23:59.079+0000] {dagbag.py:588} INFO - Filling up the DagBag from /home/airflow/.local/lib/python3.12/site-packages/airflow/example_dags/example_external_task_marker_dag.py
[2025-04-02T19:23:59.174+0000] {processor.py:925} INFO - DAG(s) 'example_external_task_marker_parent', 'example_external_task_marker_child' retrieved from /home/airflow/.local/lib/python3.12/site-packages/airflow/example_dags/example_external_task_marker_dag.py
[2025-04-02T19:23:59.260+0000] {logging_mixin.py:190} INFO - [2025-04-02T19:23:59.259+0000] {dag.py:3239} INFO - Sync 2 DAGs
[2025-04-02T19:23:59.323+0000] {logging_mixin.py:190} INFO - [2025-04-02T19:23:59.322+0000] {dag.py:4180} INFO - Setting next_dagrun for example_external_task_marker_child to None, run_after=None
[2025-04-02T19:23:59.344+0000] {logging_mixin.py:190} INFO - [2025-04-02T19:23:59.343+0000] {dag.py:4180} INFO - Setting next_dagrun for example_external_task_marker_parent to None, run_after=None
[2025-04-02T19:23:59.414+0000] {processor.py:208} INFO - Processing /home/airflow/.local/lib/python3.12/site-packages/airflow/example_dags/example_external_task_marker_dag.py took 0.414 seconds
[2025-04-02T19:24:30.356+0000] {processor.py:186} INFO - Started process (PID=2105) to work on /home/airflow/.local/lib/python3.12/site-packages/airflow/example_dags/example_external_task_marker_dag.py
[2025-04-02T19:24:30.358+0000] {processor.py:914} INFO - Processing file /home/airflow/.local/lib/python3.12/site-packages/airflow/example_dags/example_external_task_marker_dag.py for tasks to queue
[2025-04-02T19:24:30.365+0000] {logging_mixin.py:190} INFO - [2025-04-02T19:24:30.364+0000] {dagbag.py:588} INFO - Filling up the DagBag from /home/airflow/.local/lib/python3.12/site-packages/airflow/example_dags/example_external_task_marker_dag.py
[2025-04-02T19:24:30.381+0000] {processor.py:925} INFO - DAG(s) 'example_external_task_marker_child', 'example_external_task_marker_parent' retrieved from /home/airflow/.local/lib/python3.12/site-packages/airflow/example_dags/example_external_task_marker_dag.py
[2025-04-02T19:24:30.432+0000] {logging_mixin.py:190} INFO - [2025-04-02T19:24:30.431+0000] {dag.py:3239} INFO - Sync 2 DAGs
[2025-04-02T19:24:30.474+0000] {logging_mixin.py:190} INFO - [2025-04-02T19:24:30.473+0000] {dag.py:4180} INFO - Setting next_dagrun for example_external_task_marker_child to None, run_after=None
[2025-04-02T19:24:30.485+0000] {logging_mixin.py:190} INFO - [2025-04-02T19:24:30.484+0000] {dag.py:4180} INFO - Setting next_dagrun for example_external_task_marker_parent to None, run_after=None
[2025-04-02T19:24:30.519+0000] {processor.py:208} INFO - Processing /home/airflow/.local/lib/python3.12/site-packages/airflow/example_dags/example_external_task_marker_dag.py took 0.174 seconds
