[2025-04-02T19:03:03.716+0000] {processor.py:186} INFO - Started process (PID=101) to work on /home/airflow/.local/lib/python3.12/site-packages/airflow/example_dags/example_dataset_alias_with_no_taskflow.py
[2025-04-02T19:03:03.733+0000] {processor.py:914} INFO - Processing file /home/airflow/.local/lib/python3.12/site-packages/airflow/example_dags/example_dataset_alias_with_no_taskflow.py for tasks to queue
[2025-04-02T19:03:03.827+0000] {logging_mixin.py:190} INFO - [2025-04-02T19:03:03.826+0000] {dagbag.py:588} INFO - Filling up the DagBag from /home/airflow/.local/lib/python3.12/site-packages/airflow/example_dags/example_dataset_alias_with_no_taskflow.py
[2025-04-02T19:03:19.987+0000] {processor.py:925} INFO - DAG(s) 'dataset_s3_bucket_consumer_with_no_taskflow', 'dataset_alias_example_alias_producer_with_no_taskflow', 'dataset_s3_bucket_producer_with_no_taskflow', 'dataset_alias_example_alias_consumer_with_no_taskflow' retrieved from /home/airflow/.local/lib/python3.12/site-packages/airflow/example_dags/example_dataset_alias_with_no_taskflow.py
[2025-04-02T19:03:20.856+0000] {logging_mixin.py:190} INFO - [2025-04-02T19:03:20.854+0000] {override.py:1912} INFO - Created Permission View: can delete on DAG:dataset_s3_bucket_consumer_with_no_taskflow
[2025-04-02T19:03:21.304+0000] {logging_mixin.py:190} INFO - [2025-04-02T19:03:21.303+0000] {override.py:1912} INFO - Created Permission View: can edit on DAG:dataset_s3_bucket_consumer_with_no_taskflow
[2025-04-02T19:03:21.390+0000] {logging_mixin.py:190} INFO - [2025-04-02T19:03:21.389+0000] {override.py:1912} INFO - Created Permission View: can read on DAG:dataset_s3_bucket_consumer_with_no_taskflow
[2025-04-02T19:03:21.543+0000] {logging_mixin.py:190} INFO - [2025-04-02T19:03:21.542+0000] {override.py:1912} INFO - Created Permission View: can delete on DAG Run:dataset_s3_bucket_consumer_with_no_taskflow
[2025-04-02T19:03:21.713+0000] {logging_mixin.py:190} INFO - [2025-04-02T19:03:21.711+0000] {override.py:1912} INFO - Created Permission View: can read on DAG Run:dataset_s3_bucket_consumer_with_no_taskflow
[2025-04-02T19:03:21.887+0000] {logging_mixin.py:190} INFO - [2025-04-02T19:03:21.886+0000] {override.py:1912} INFO - Created Permission View: can create on DAG Run:dataset_s3_bucket_consumer_with_no_taskflow
[2025-04-02T19:03:22.014+0000] {logging_mixin.py:190} INFO - [2025-04-02T19:03:22.013+0000] {override.py:1912} INFO - Created Permission View: menu access on DAG Run:dataset_s3_bucket_consumer_with_no_taskflow
[2025-04-02T19:03:22.206+0000] {logging_mixin.py:190} INFO - [2025-04-02T19:03:22.204+0000] {override.py:1912} INFO - Created Permission View: can delete on DAG:dataset_alias_example_alias_producer_with_no_taskflow
[2025-04-02T19:03:22.302+0000] {logging_mixin.py:190} INFO - [2025-04-02T19:03:22.301+0000] {override.py:1912} INFO - Created Permission View: can edit on DAG:dataset_alias_example_alias_producer_with_no_taskflow
[2025-04-02T19:03:22.377+0000] {logging_mixin.py:190} INFO - [2025-04-02T19:03:22.377+0000] {override.py:1912} INFO - Created Permission View: can read on DAG:dataset_alias_example_alias_producer_with_no_taskflow
[2025-04-02T19:03:22.532+0000] {logging_mixin.py:190} INFO - [2025-04-02T19:03:22.531+0000] {override.py:1912} INFO - Created Permission View: can delete on DAG Run:dataset_alias_example_alias_producer_with_no_taskflow
[2025-04-02T19:03:22.702+0000] {logging_mixin.py:190} INFO - [2025-04-02T19:03:22.701+0000] {override.py:1912} INFO - Created Permission View: can read on DAG Run:dataset_alias_example_alias_producer_with_no_taskflow
[2025-04-02T19:03:22.803+0000] {logging_mixin.py:190} INFO - [2025-04-02T19:03:22.802+0000] {override.py:1912} INFO - Created Permission View: can create on DAG Run:dataset_alias_example_alias_producer_with_no_taskflow
[2025-04-02T19:03:22.905+0000] {logging_mixin.py:190} INFO - [2025-04-02T19:03:22.904+0000] {override.py:1912} INFO - Created Permission View: menu access on DAG Run:dataset_alias_example_alias_producer_with_no_taskflow
[2025-04-02T19:03:23.021+0000] {logging_mixin.py:190} INFO - [2025-04-02T19:03:23.018+0000] {override.py:1912} INFO - Created Permission View: can delete on DAG:dataset_s3_bucket_producer_with_no_taskflow
[2025-04-02T19:03:23.100+0000] {logging_mixin.py:190} INFO - [2025-04-02T19:03:23.097+0000] {override.py:1912} INFO - Created Permission View: can edit on DAG:dataset_s3_bucket_producer_with_no_taskflow
[2025-04-02T19:03:23.190+0000] {logging_mixin.py:190} INFO - [2025-04-02T19:03:23.187+0000] {override.py:1912} INFO - Created Permission View: can read on DAG:dataset_s3_bucket_producer_with_no_taskflow
[2025-04-02T19:03:23.292+0000] {logging_mixin.py:190} INFO - [2025-04-02T19:03:23.291+0000] {override.py:1912} INFO - Created Permission View: can delete on DAG Run:dataset_s3_bucket_producer_with_no_taskflow
[2025-04-02T19:03:23.405+0000] {logging_mixin.py:190} INFO - [2025-04-02T19:03:23.403+0000] {override.py:1912} INFO - Created Permission View: can read on DAG Run:dataset_s3_bucket_producer_with_no_taskflow
[2025-04-02T19:03:23.462+0000] {logging_mixin.py:190} INFO - [2025-04-02T19:03:23.461+0000] {override.py:1912} INFO - Created Permission View: can create on DAG Run:dataset_s3_bucket_producer_with_no_taskflow
[2025-04-02T19:03:23.511+0000] {logging_mixin.py:190} INFO - [2025-04-02T19:03:23.507+0000] {override.py:1912} INFO - Created Permission View: menu access on DAG Run:dataset_s3_bucket_producer_with_no_taskflow
[2025-04-02T19:03:23.638+0000] {logging_mixin.py:190} INFO - [2025-04-02T19:03:23.637+0000] {override.py:1912} INFO - Created Permission View: can delete on DAG:dataset_alias_example_alias_consumer_with_no_taskflow
[2025-04-02T19:03:23.684+0000] {logging_mixin.py:190} INFO - [2025-04-02T19:03:23.684+0000] {override.py:1912} INFO - Created Permission View: can edit on DAG:dataset_alias_example_alias_consumer_with_no_taskflow
[2025-04-02T19:03:23.751+0000] {logging_mixin.py:190} INFO - [2025-04-02T19:03:23.750+0000] {override.py:1912} INFO - Created Permission View: can read on DAG:dataset_alias_example_alias_consumer_with_no_taskflow
[2025-04-02T19:03:23.950+0000] {logging_mixin.py:190} INFO - [2025-04-02T19:03:23.949+0000] {override.py:1912} INFO - Created Permission View: can delete on DAG Run:dataset_alias_example_alias_consumer_with_no_taskflow
[2025-04-02T19:03:24.114+0000] {logging_mixin.py:190} INFO - [2025-04-02T19:03:24.108+0000] {override.py:1912} INFO - Created Permission View: can read on DAG Run:dataset_alias_example_alias_consumer_with_no_taskflow
[2025-04-02T19:03:24.229+0000] {logging_mixin.py:190} INFO - [2025-04-02T19:03:24.229+0000] {override.py:1912} INFO - Created Permission View: can create on DAG Run:dataset_alias_example_alias_consumer_with_no_taskflow
[2025-04-02T19:03:24.502+0000] {logging_mixin.py:190} INFO - [2025-04-02T19:03:24.501+0000] {override.py:1912} INFO - Created Permission View: menu access on DAG Run:dataset_alias_example_alias_consumer_with_no_taskflow
[2025-04-02T19:03:24.551+0000] {logging_mixin.py:190} INFO - [2025-04-02T19:03:24.549+0000] {dag.py:3239} INFO - Sync 4 DAGs
[2025-04-02T19:03:25.202+0000] {logging_mixin.py:190} INFO - [2025-04-02T19:03:25.201+0000] {dag.py:3262} INFO - Creating ORM DAG for dataset_s3_bucket_producer_with_no_taskflow
[2025-04-02T19:03:25.212+0000] {logging_mixin.py:190} INFO - [2025-04-02T19:03:25.212+0000] {dag.py:3262} INFO - Creating ORM DAG for dataset_alias_example_alias_consumer_with_no_taskflow
[2025-04-02T19:03:25.224+0000] {logging_mixin.py:190} INFO - [2025-04-02T19:03:25.222+0000] {dag.py:3262} INFO - Creating ORM DAG for dataset_s3_bucket_consumer_with_no_taskflow
[2025-04-02T19:03:25.240+0000] {logging_mixin.py:190} INFO - [2025-04-02T19:03:25.239+0000] {dag.py:3262} INFO - Creating ORM DAG for dataset_alias_example_alias_producer_with_no_taskflow
[2025-04-02T19:03:25.840+0000] {logging_mixin.py:190} INFO - [2025-04-02T19:03:25.839+0000] {dag.py:4180} INFO - Setting next_dagrun for dataset_alias_example_alias_consumer_with_no_taskflow to None, run_after=None
[2025-04-02T19:03:26.144+0000] {logging_mixin.py:190} INFO - [2025-04-02T19:03:26.143+0000] {dag.py:4180} INFO - Setting next_dagrun for dataset_alias_example_alias_producer_with_no_taskflow to None, run_after=None
[2025-04-02T19:03:26.191+0000] {logging_mixin.py:190} INFO - [2025-04-02T19:03:26.191+0000] {dag.py:4180} INFO - Setting next_dagrun for dataset_s3_bucket_consumer_with_no_taskflow to None, run_after=None
[2025-04-02T19:03:26.242+0000] {logging_mixin.py:190} INFO - [2025-04-02T19:03:26.240+0000] {dag.py:4180} INFO - Setting next_dagrun for dataset_s3_bucket_producer_with_no_taskflow to None, run_after=None
[2025-04-02T19:03:27.158+0000] {processor.py:208} INFO - Processing /home/airflow/.local/lib/python3.12/site-packages/airflow/example_dags/example_dataset_alias_with_no_taskflow.py took 23.529 seconds
[2025-04-02T19:04:26.290+0000] {processor.py:186} INFO - Started process (PID=170) to work on /home/airflow/.local/lib/python3.12/site-packages/airflow/example_dags/example_dataset_alias_with_no_taskflow.py
[2025-04-02T19:04:26.293+0000] {processor.py:914} INFO - Processing file /home/airflow/.local/lib/python3.12/site-packages/airflow/example_dags/example_dataset_alias_with_no_taskflow.py for tasks to queue
[2025-04-02T19:04:26.298+0000] {logging_mixin.py:190} INFO - [2025-04-02T19:04:26.297+0000] {dagbag.py:588} INFO - Filling up the DagBag from /home/airflow/.local/lib/python3.12/site-packages/airflow/example_dags/example_dataset_alias_with_no_taskflow.py
[2025-04-02T19:04:31.538+0000] {processor.py:925} INFO - DAG(s) 'dataset_alias_example_alias_consumer_with_no_taskflow', 'dataset_s3_bucket_producer_with_no_taskflow', 'dataset_alias_example_alias_producer_with_no_taskflow', 'dataset_s3_bucket_consumer_with_no_taskflow' retrieved from /home/airflow/.local/lib/python3.12/site-packages/airflow/example_dags/example_dataset_alias_with_no_taskflow.py
[2025-04-02T19:04:31.762+0000] {logging_mixin.py:190} INFO - [2025-04-02T19:04:31.758+0000] {dag.py:3239} INFO - Sync 4 DAGs
[2025-04-02T19:04:31.877+0000] {logging_mixin.py:190} INFO - [2025-04-02T19:04:31.876+0000] {dag.py:4180} INFO - Setting next_dagrun for dataset_alias_example_alias_consumer_with_no_taskflow to None, run_after=None
[2025-04-02T19:04:31.887+0000] {logging_mixin.py:190} INFO - [2025-04-02T19:04:31.887+0000] {dag.py:4180} INFO - Setting next_dagrun for dataset_alias_example_alias_producer_with_no_taskflow to None, run_after=None
[2025-04-02T19:04:31.980+0000] {logging_mixin.py:190} INFO - [2025-04-02T19:04:31.979+0000] {dag.py:4180} INFO - Setting next_dagrun for dataset_s3_bucket_consumer_with_no_taskflow to None, run_after=None
[2025-04-02T19:04:32.032+0000] {logging_mixin.py:190} INFO - [2025-04-02T19:04:32.030+0000] {dag.py:4180} INFO - Setting next_dagrun for dataset_s3_bucket_producer_with_no_taskflow to None, run_after=None
[2025-04-02T19:04:32.268+0000] {processor.py:208} INFO - Processing /home/airflow/.local/lib/python3.12/site-packages/airflow/example_dags/example_dataset_alias_with_no_taskflow.py took 6.016 seconds
[2025-04-02T19:05:02.986+0000] {processor.py:186} INFO - Started process (PID=243) to work on /home/airflow/.local/lib/python3.12/site-packages/airflow/example_dags/example_dataset_alias_with_no_taskflow.py
[2025-04-02T19:05:02.988+0000] {processor.py:914} INFO - Processing file /home/airflow/.local/lib/python3.12/site-packages/airflow/example_dags/example_dataset_alias_with_no_taskflow.py for tasks to queue
[2025-04-02T19:05:03.014+0000] {logging_mixin.py:190} INFO - [2025-04-02T19:05:03.013+0000] {dagbag.py:588} INFO - Filling up the DagBag from /home/airflow/.local/lib/python3.12/site-packages/airflow/example_dags/example_dataset_alias_with_no_taskflow.py
[2025-04-02T19:05:05.975+0000] {processor.py:925} INFO - DAG(s) 'dataset_alias_example_alias_producer_with_no_taskflow', 'dataset_s3_bucket_consumer_with_no_taskflow', 'dataset_s3_bucket_producer_with_no_taskflow', 'dataset_alias_example_alias_consumer_with_no_taskflow' retrieved from /home/airflow/.local/lib/python3.12/site-packages/airflow/example_dags/example_dataset_alias_with_no_taskflow.py
[2025-04-02T19:05:06.091+0000] {logging_mixin.py:190} INFO - [2025-04-02T19:05:06.090+0000] {dag.py:3239} INFO - Sync 4 DAGs
[2025-04-02T19:05:06.172+0000] {logging_mixin.py:190} INFO - [2025-04-02T19:05:06.171+0000] {dag.py:4180} INFO - Setting next_dagrun for dataset_alias_example_alias_consumer_with_no_taskflow to None, run_after=None
[2025-04-02T19:05:06.184+0000] {logging_mixin.py:190} INFO - [2025-04-02T19:05:06.184+0000] {dag.py:4180} INFO - Setting next_dagrun for dataset_alias_example_alias_producer_with_no_taskflow to None, run_after=None
[2025-04-02T19:05:06.193+0000] {logging_mixin.py:190} INFO - [2025-04-02T19:05:06.192+0000] {dag.py:4180} INFO - Setting next_dagrun for dataset_s3_bucket_consumer_with_no_taskflow to None, run_after=None
[2025-04-02T19:05:06.198+0000] {logging_mixin.py:190} INFO - [2025-04-02T19:05:06.197+0000] {dag.py:4180} INFO - Setting next_dagrun for dataset_s3_bucket_producer_with_no_taskflow to None, run_after=None
[2025-04-02T19:05:06.295+0000] {processor.py:208} INFO - Processing /home/airflow/.local/lib/python3.12/site-packages/airflow/example_dags/example_dataset_alias_with_no_taskflow.py took 3.361 seconds
[2025-04-02T19:05:36.895+0000] {processor.py:186} INFO - Started process (PID=307) to work on /home/airflow/.local/lib/python3.12/site-packages/airflow/example_dags/example_dataset_alias_with_no_taskflow.py
[2025-04-02T19:05:36.902+0000] {processor.py:914} INFO - Processing file /home/airflow/.local/lib/python3.12/site-packages/airflow/example_dags/example_dataset_alias_with_no_taskflow.py for tasks to queue
[2025-04-02T19:05:36.910+0000] {logging_mixin.py:190} INFO - [2025-04-02T19:05:36.908+0000] {dagbag.py:588} INFO - Filling up the DagBag from /home/airflow/.local/lib/python3.12/site-packages/airflow/example_dags/example_dataset_alias_with_no_taskflow.py
[2025-04-02T19:05:39.567+0000] {processor.py:925} INFO - DAG(s) 'dataset_alias_example_alias_consumer_with_no_taskflow', 'dataset_s3_bucket_producer_with_no_taskflow', 'dataset_s3_bucket_consumer_with_no_taskflow', 'dataset_alias_example_alias_producer_with_no_taskflow' retrieved from /home/airflow/.local/lib/python3.12/site-packages/airflow/example_dags/example_dataset_alias_with_no_taskflow.py
[2025-04-02T19:05:39.686+0000] {logging_mixin.py:190} INFO - [2025-04-02T19:05:39.684+0000] {dag.py:3239} INFO - Sync 4 DAGs
[2025-04-02T19:05:39.893+0000] {logging_mixin.py:190} INFO - [2025-04-02T19:05:39.892+0000] {dag.py:4180} INFO - Setting next_dagrun for dataset_alias_example_alias_consumer_with_no_taskflow to None, run_after=None
[2025-04-02T19:05:39.920+0000] {logging_mixin.py:190} INFO - [2025-04-02T19:05:39.917+0000] {dag.py:4180} INFO - Setting next_dagrun for dataset_alias_example_alias_producer_with_no_taskflow to None, run_after=None
[2025-04-02T19:05:39.933+0000] {logging_mixin.py:190} INFO - [2025-04-02T19:05:39.932+0000] {dag.py:4180} INFO - Setting next_dagrun for dataset_s3_bucket_consumer_with_no_taskflow to None, run_after=None
[2025-04-02T19:05:39.942+0000] {logging_mixin.py:190} INFO - [2025-04-02T19:05:39.941+0000] {dag.py:4180} INFO - Setting next_dagrun for dataset_s3_bucket_producer_with_no_taskflow to None, run_after=None
[2025-04-02T19:05:40.096+0000] {processor.py:208} INFO - Processing /home/airflow/.local/lib/python3.12/site-packages/airflow/example_dags/example_dataset_alias_with_no_taskflow.py took 3.227 seconds
[2025-04-02T19:06:10.304+0000] {processor.py:186} INFO - Started process (PID=371) to work on /home/airflow/.local/lib/python3.12/site-packages/airflow/example_dags/example_dataset_alias_with_no_taskflow.py
[2025-04-02T19:06:10.306+0000] {processor.py:914} INFO - Processing file /home/airflow/.local/lib/python3.12/site-packages/airflow/example_dags/example_dataset_alias_with_no_taskflow.py for tasks to queue
[2025-04-02T19:06:10.310+0000] {logging_mixin.py:190} INFO - [2025-04-02T19:06:10.309+0000] {dagbag.py:588} INFO - Filling up the DagBag from /home/airflow/.local/lib/python3.12/site-packages/airflow/example_dags/example_dataset_alias_with_no_taskflow.py
[2025-04-02T19:06:11.817+0000] {processor.py:925} INFO - DAG(s) 'dataset_alias_example_alias_producer_with_no_taskflow', 'dataset_alias_example_alias_consumer_with_no_taskflow', 'dataset_s3_bucket_producer_with_no_taskflow', 'dataset_s3_bucket_consumer_with_no_taskflow' retrieved from /home/airflow/.local/lib/python3.12/site-packages/airflow/example_dags/example_dataset_alias_with_no_taskflow.py
[2025-04-02T19:06:11.951+0000] {logging_mixin.py:190} INFO - [2025-04-02T19:06:11.950+0000] {dag.py:3239} INFO - Sync 4 DAGs
[2025-04-02T19:06:12.011+0000] {logging_mixin.py:190} INFO - [2025-04-02T19:06:12.010+0000] {dag.py:4180} INFO - Setting next_dagrun for dataset_alias_example_alias_consumer_with_no_taskflow to None, run_after=None
[2025-04-02T19:06:12.017+0000] {logging_mixin.py:190} INFO - [2025-04-02T19:06:12.016+0000] {dag.py:4180} INFO - Setting next_dagrun for dataset_alias_example_alias_producer_with_no_taskflow to None, run_after=None
[2025-04-02T19:06:12.020+0000] {logging_mixin.py:190} INFO - [2025-04-02T19:06:12.019+0000] {dag.py:4180} INFO - Setting next_dagrun for dataset_s3_bucket_consumer_with_no_taskflow to None, run_after=None
[2025-04-02T19:06:12.023+0000] {logging_mixin.py:190} INFO - [2025-04-02T19:06:12.022+0000] {dag.py:4180} INFO - Setting next_dagrun for dataset_s3_bucket_producer_with_no_taskflow to None, run_after=None
[2025-04-02T19:06:12.125+0000] {processor.py:208} INFO - Processing /home/airflow/.local/lib/python3.12/site-packages/airflow/example_dags/example_dataset_alias_with_no_taskflow.py took 1.831 seconds
[2025-04-02T19:06:50.175+0000] {processor.py:186} INFO - Started process (PID=434) to work on /home/airflow/.local/lib/python3.12/site-packages/airflow/example_dags/example_dataset_alias_with_no_taskflow.py
[2025-04-02T19:06:50.276+0000] {processor.py:914} INFO - Processing file /home/airflow/.local/lib/python3.12/site-packages/airflow/example_dags/example_dataset_alias_with_no_taskflow.py for tasks to queue
[2025-04-02T19:06:50.316+0000] {logging_mixin.py:190} INFO - [2025-04-02T19:06:50.314+0000] {dagbag.py:588} INFO - Filling up the DagBag from /home/airflow/.local/lib/python3.12/site-packages/airflow/example_dags/example_dataset_alias_with_no_taskflow.py
[2025-04-02T19:06:56.363+0000] {processor.py:925} INFO - DAG(s) 'dataset_alias_example_alias_consumer_with_no_taskflow', 'dataset_s3_bucket_consumer_with_no_taskflow', 'dataset_s3_bucket_producer_with_no_taskflow', 'dataset_alias_example_alias_producer_with_no_taskflow' retrieved from /home/airflow/.local/lib/python3.12/site-packages/airflow/example_dags/example_dataset_alias_with_no_taskflow.py
[2025-04-02T19:06:56.518+0000] {logging_mixin.py:190} INFO - [2025-04-02T19:06:56.516+0000] {dag.py:3239} INFO - Sync 4 DAGs
[2025-04-02T19:06:56.670+0000] {logging_mixin.py:190} INFO - [2025-04-02T19:06:56.659+0000] {dag.py:4180} INFO - Setting next_dagrun for dataset_alias_example_alias_consumer_with_no_taskflow to None, run_after=None
[2025-04-02T19:06:56.687+0000] {logging_mixin.py:190} INFO - [2025-04-02T19:06:56.687+0000] {dag.py:4180} INFO - Setting next_dagrun for dataset_alias_example_alias_producer_with_no_taskflow to None, run_after=None
[2025-04-02T19:06:56.704+0000] {logging_mixin.py:190} INFO - [2025-04-02T19:06:56.703+0000] {dag.py:4180} INFO - Setting next_dagrun for dataset_s3_bucket_consumer_with_no_taskflow to None, run_after=None
[2025-04-02T19:06:56.711+0000] {logging_mixin.py:190} INFO - [2025-04-02T19:06:56.710+0000] {dag.py:4180} INFO - Setting next_dagrun for dataset_s3_bucket_producer_with_no_taskflow to None, run_after=None
[2025-04-02T19:06:56.840+0000] {processor.py:208} INFO - Processing /home/airflow/.local/lib/python3.12/site-packages/airflow/example_dags/example_dataset_alias_with_no_taskflow.py took 6.694 seconds
[2025-04-02T19:07:27.465+0000] {processor.py:186} INFO - Started process (PID=498) to work on /home/airflow/.local/lib/python3.12/site-packages/airflow/example_dags/example_dataset_alias_with_no_taskflow.py
[2025-04-02T19:07:27.467+0000] {processor.py:914} INFO - Processing file /home/airflow/.local/lib/python3.12/site-packages/airflow/example_dags/example_dataset_alias_with_no_taskflow.py for tasks to queue
[2025-04-02T19:07:27.472+0000] {logging_mixin.py:190} INFO - [2025-04-02T19:07:27.472+0000] {dagbag.py:588} INFO - Filling up the DagBag from /home/airflow/.local/lib/python3.12/site-packages/airflow/example_dags/example_dataset_alias_with_no_taskflow.py
[2025-04-02T19:07:29.498+0000] {processor.py:925} INFO - DAG(s) 'dataset_s3_bucket_consumer_with_no_taskflow', 'dataset_alias_example_alias_consumer_with_no_taskflow', 'dataset_s3_bucket_producer_with_no_taskflow', 'dataset_alias_example_alias_producer_with_no_taskflow' retrieved from /home/airflow/.local/lib/python3.12/site-packages/airflow/example_dags/example_dataset_alias_with_no_taskflow.py
[2025-04-02T19:07:29.555+0000] {logging_mixin.py:190} INFO - [2025-04-02T19:07:29.554+0000] {dag.py:3239} INFO - Sync 4 DAGs
[2025-04-02T19:07:29.623+0000] {logging_mixin.py:190} INFO - [2025-04-02T19:07:29.623+0000] {dag.py:4180} INFO - Setting next_dagrun for dataset_alias_example_alias_consumer_with_no_taskflow to None, run_after=None
[2025-04-02T19:07:29.641+0000] {logging_mixin.py:190} INFO - [2025-04-02T19:07:29.640+0000] {dag.py:4180} INFO - Setting next_dagrun for dataset_alias_example_alias_producer_with_no_taskflow to None, run_after=None
[2025-04-02T19:07:29.655+0000] {logging_mixin.py:190} INFO - [2025-04-02T19:07:29.655+0000] {dag.py:4180} INFO - Setting next_dagrun for dataset_s3_bucket_consumer_with_no_taskflow to None, run_after=None
[2025-04-02T19:07:29.660+0000] {logging_mixin.py:190} INFO - [2025-04-02T19:07:29.659+0000] {dag.py:4180} INFO - Setting next_dagrun for dataset_s3_bucket_producer_with_no_taskflow to None, run_after=None
[2025-04-02T19:07:29.821+0000] {processor.py:208} INFO - Processing /home/airflow/.local/lib/python3.12/site-packages/airflow/example_dags/example_dataset_alias_with_no_taskflow.py took 2.367 seconds
[2025-04-02T19:08:00.490+0000] {processor.py:186} INFO - Started process (PID=548) to work on /home/airflow/.local/lib/python3.12/site-packages/airflow/example_dags/example_dataset_alias_with_no_taskflow.py
[2025-04-02T19:08:00.492+0000] {processor.py:914} INFO - Processing file /home/airflow/.local/lib/python3.12/site-packages/airflow/example_dags/example_dataset_alias_with_no_taskflow.py for tasks to queue
[2025-04-02T19:08:00.498+0000] {logging_mixin.py:190} INFO - [2025-04-02T19:08:00.497+0000] {dagbag.py:588} INFO - Filling up the DagBag from /home/airflow/.local/lib/python3.12/site-packages/airflow/example_dags/example_dataset_alias_with_no_taskflow.py
[2025-04-02T19:08:01.914+0000] {processor.py:925} INFO - DAG(s) 'dataset_s3_bucket_consumer_with_no_taskflow', 'dataset_alias_example_alias_producer_with_no_taskflow', 'dataset_alias_example_alias_consumer_with_no_taskflow', 'dataset_s3_bucket_producer_with_no_taskflow' retrieved from /home/airflow/.local/lib/python3.12/site-packages/airflow/example_dags/example_dataset_alias_with_no_taskflow.py
[2025-04-02T19:08:01.995+0000] {logging_mixin.py:190} INFO - [2025-04-02T19:08:01.994+0000] {dag.py:3239} INFO - Sync 4 DAGs
[2025-04-02T19:08:02.097+0000] {logging_mixin.py:190} INFO - [2025-04-02T19:08:02.097+0000] {dag.py:4180} INFO - Setting next_dagrun for dataset_alias_example_alias_consumer_with_no_taskflow to None, run_after=None
[2025-04-02T19:08:02.103+0000] {logging_mixin.py:190} INFO - [2025-04-02T19:08:02.102+0000] {dag.py:4180} INFO - Setting next_dagrun for dataset_alias_example_alias_producer_with_no_taskflow to None, run_after=None
[2025-04-02T19:08:02.106+0000] {logging_mixin.py:190} INFO - [2025-04-02T19:08:02.105+0000] {dag.py:4180} INFO - Setting next_dagrun for dataset_s3_bucket_consumer_with_no_taskflow to None, run_after=None
[2025-04-02T19:08:02.109+0000] {logging_mixin.py:190} INFO - [2025-04-02T19:08:02.109+0000] {dag.py:4180} INFO - Setting next_dagrun for dataset_s3_bucket_producer_with_no_taskflow to None, run_after=None
[2025-04-02T19:08:02.152+0000] {processor.py:208} INFO - Processing /home/airflow/.local/lib/python3.12/site-packages/airflow/example_dags/example_dataset_alias_with_no_taskflow.py took 1.674 seconds
[2025-04-02T19:08:33.550+0000] {processor.py:186} INFO - Started process (PID=601) to work on /home/airflow/.local/lib/python3.12/site-packages/airflow/example_dags/example_dataset_alias_with_no_taskflow.py
[2025-04-02T19:08:33.558+0000] {processor.py:914} INFO - Processing file /home/airflow/.local/lib/python3.12/site-packages/airflow/example_dags/example_dataset_alias_with_no_taskflow.py for tasks to queue
[2025-04-02T19:08:33.564+0000] {logging_mixin.py:190} INFO - [2025-04-02T19:08:33.564+0000] {dagbag.py:588} INFO - Filling up the DagBag from /home/airflow/.local/lib/python3.12/site-packages/airflow/example_dags/example_dataset_alias_with_no_taskflow.py
[2025-04-02T19:08:40.014+0000] {processor.py:925} INFO - DAG(s) 'dataset_alias_example_alias_producer_with_no_taskflow', 'dataset_alias_example_alias_consumer_with_no_taskflow', 'dataset_s3_bucket_consumer_with_no_taskflow', 'dataset_s3_bucket_producer_with_no_taskflow' retrieved from /home/airflow/.local/lib/python3.12/site-packages/airflow/example_dags/example_dataset_alias_with_no_taskflow.py
[2025-04-02T19:08:40.363+0000] {logging_mixin.py:190} INFO - [2025-04-02T19:08:40.361+0000] {dag.py:3239} INFO - Sync 4 DAGs
[2025-04-02T19:08:40.604+0000] {logging_mixin.py:190} INFO - [2025-04-02T19:08:40.603+0000] {dag.py:4180} INFO - Setting next_dagrun for dataset_alias_example_alias_consumer_with_no_taskflow to None, run_after=None
[2025-04-02T19:08:40.624+0000] {logging_mixin.py:190} INFO - [2025-04-02T19:08:40.623+0000] {dag.py:4180} INFO - Setting next_dagrun for dataset_alias_example_alias_producer_with_no_taskflow to None, run_after=None
[2025-04-02T19:08:40.640+0000] {logging_mixin.py:190} INFO - [2025-04-02T19:08:40.639+0000] {dag.py:4180} INFO - Setting next_dagrun for dataset_s3_bucket_consumer_with_no_taskflow to None, run_after=None
[2025-04-02T19:08:40.658+0000] {logging_mixin.py:190} INFO - [2025-04-02T19:08:40.657+0000] {dag.py:4180} INFO - Setting next_dagrun for dataset_s3_bucket_producer_with_no_taskflow to None, run_after=None
[2025-04-02T19:08:41.070+0000] {processor.py:208} INFO - Processing /home/airflow/.local/lib/python3.12/site-packages/airflow/example_dags/example_dataset_alias_with_no_taskflow.py took 7.545 seconds
[2025-04-02T19:09:27.984+0000] {processor.py:186} INFO - Started process (PID=668) to work on /home/airflow/.local/lib/python3.12/site-packages/airflow/example_dags/example_dataset_alias_with_no_taskflow.py
[2025-04-02T19:09:28.005+0000] {processor.py:914} INFO - Processing file /home/airflow/.local/lib/python3.12/site-packages/airflow/example_dags/example_dataset_alias_with_no_taskflow.py for tasks to queue
[2025-04-02T19:09:28.032+0000] {logging_mixin.py:190} INFO - [2025-04-02T19:09:28.031+0000] {dagbag.py:588} INFO - Filling up the DagBag from /home/airflow/.local/lib/python3.12/site-packages/airflow/example_dags/example_dataset_alias_with_no_taskflow.py
[2025-04-02T19:09:35.598+0000] {processor.py:925} INFO - DAG(s) 'dataset_s3_bucket_producer_with_no_taskflow', 'dataset_alias_example_alias_consumer_with_no_taskflow', 'dataset_s3_bucket_consumer_with_no_taskflow', 'dataset_alias_example_alias_producer_with_no_taskflow' retrieved from /home/airflow/.local/lib/python3.12/site-packages/airflow/example_dags/example_dataset_alias_with_no_taskflow.py
[2025-04-02T19:09:35.966+0000] {logging_mixin.py:190} INFO - [2025-04-02T19:09:35.964+0000] {dag.py:3239} INFO - Sync 4 DAGs
[2025-04-02T19:09:36.355+0000] {logging_mixin.py:190} INFO - [2025-04-02T19:09:36.354+0000] {dag.py:4180} INFO - Setting next_dagrun for dataset_alias_example_alias_consumer_with_no_taskflow to None, run_after=None
[2025-04-02T19:09:36.470+0000] {logging_mixin.py:190} INFO - [2025-04-02T19:09:36.469+0000] {dag.py:4180} INFO - Setting next_dagrun for dataset_alias_example_alias_producer_with_no_taskflow to None, run_after=None
[2025-04-02T19:09:36.566+0000] {logging_mixin.py:190} INFO - [2025-04-02T19:09:36.565+0000] {dag.py:4180} INFO - Setting next_dagrun for dataset_s3_bucket_consumer_with_no_taskflow to None, run_after=None
[2025-04-02T19:09:36.606+0000] {logging_mixin.py:190} INFO - [2025-04-02T19:09:36.606+0000] {dag.py:4180} INFO - Setting next_dagrun for dataset_s3_bucket_producer_with_no_taskflow to None, run_after=None
[2025-04-02T19:09:37.161+0000] {processor.py:208} INFO - Processing /home/airflow/.local/lib/python3.12/site-packages/airflow/example_dags/example_dataset_alias_with_no_taskflow.py took 9.228 seconds
[2025-04-02T19:10:36.518+0000] {processor.py:186} INFO - Started process (PID=740) to work on /home/airflow/.local/lib/python3.12/site-packages/airflow/example_dags/example_dataset_alias_with_no_taskflow.py
[2025-04-02T19:10:36.520+0000] {processor.py:914} INFO - Processing file /home/airflow/.local/lib/python3.12/site-packages/airflow/example_dags/example_dataset_alias_with_no_taskflow.py for tasks to queue
[2025-04-02T19:10:36.526+0000] {logging_mixin.py:190} INFO - [2025-04-02T19:10:36.525+0000] {dagbag.py:588} INFO - Filling up the DagBag from /home/airflow/.local/lib/python3.12/site-packages/airflow/example_dags/example_dataset_alias_with_no_taskflow.py
[2025-04-02T19:10:39.063+0000] {processor.py:925} INFO - DAG(s) 'dataset_alias_example_alias_producer_with_no_taskflow', 'dataset_s3_bucket_consumer_with_no_taskflow', 'dataset_alias_example_alias_consumer_with_no_taskflow', 'dataset_s3_bucket_producer_with_no_taskflow' retrieved from /home/airflow/.local/lib/python3.12/site-packages/airflow/example_dags/example_dataset_alias_with_no_taskflow.py
[2025-04-02T19:10:39.168+0000] {logging_mixin.py:190} INFO - [2025-04-02T19:10:39.166+0000] {dag.py:3239} INFO - Sync 4 DAGs
[2025-04-02T19:10:39.274+0000] {logging_mixin.py:190} INFO - [2025-04-02T19:10:39.273+0000] {dag.py:4180} INFO - Setting next_dagrun for dataset_alias_example_alias_consumer_with_no_taskflow to None, run_after=None
[2025-04-02T19:10:39.282+0000] {logging_mixin.py:190} INFO - [2025-04-02T19:10:39.281+0000] {dag.py:4180} INFO - Setting next_dagrun for dataset_alias_example_alias_producer_with_no_taskflow to None, run_after=None
[2025-04-02T19:10:39.286+0000] {logging_mixin.py:190} INFO - [2025-04-02T19:10:39.285+0000] {dag.py:4180} INFO - Setting next_dagrun for dataset_s3_bucket_consumer_with_no_taskflow to None, run_after=None
[2025-04-02T19:10:39.293+0000] {logging_mixin.py:190} INFO - [2025-04-02T19:10:39.292+0000] {dag.py:4180} INFO - Setting next_dagrun for dataset_s3_bucket_producer_with_no_taskflow to None, run_after=None
[2025-04-02T19:10:39.374+0000] {processor.py:208} INFO - Processing /home/airflow/.local/lib/python3.12/site-packages/airflow/example_dags/example_dataset_alias_with_no_taskflow.py took 2.871 seconds
[2025-04-02T19:11:12.356+0000] {processor.py:186} INFO - Started process (PID=796) to work on /home/airflow/.local/lib/python3.12/site-packages/airflow/example_dags/example_dataset_alias_with_no_taskflow.py
[2025-04-02T19:11:12.359+0000] {processor.py:914} INFO - Processing file /home/airflow/.local/lib/python3.12/site-packages/airflow/example_dags/example_dataset_alias_with_no_taskflow.py for tasks to queue
[2025-04-02T19:11:12.381+0000] {logging_mixin.py:190} INFO - [2025-04-02T19:11:12.380+0000] {dagbag.py:588} INFO - Filling up the DagBag from /home/airflow/.local/lib/python3.12/site-packages/airflow/example_dags/example_dataset_alias_with_no_taskflow.py
[2025-04-02T19:11:16.235+0000] {processor.py:925} INFO - DAG(s) 'dataset_s3_bucket_consumer_with_no_taskflow', 'dataset_alias_example_alias_producer_with_no_taskflow', 'dataset_alias_example_alias_consumer_with_no_taskflow', 'dataset_s3_bucket_producer_with_no_taskflow' retrieved from /home/airflow/.local/lib/python3.12/site-packages/airflow/example_dags/example_dataset_alias_with_no_taskflow.py
[2025-04-02T19:11:16.342+0000] {logging_mixin.py:190} INFO - [2025-04-02T19:11:16.341+0000] {dag.py:3239} INFO - Sync 4 DAGs
[2025-04-02T19:11:16.535+0000] {logging_mixin.py:190} INFO - [2025-04-02T19:11:16.534+0000] {dag.py:4180} INFO - Setting next_dagrun for dataset_alias_example_alias_consumer_with_no_taskflow to None, run_after=None
[2025-04-02T19:11:16.544+0000] {logging_mixin.py:190} INFO - [2025-04-02T19:11:16.544+0000] {dag.py:4180} INFO - Setting next_dagrun for dataset_alias_example_alias_producer_with_no_taskflow to None, run_after=None
[2025-04-02T19:11:16.553+0000] {logging_mixin.py:190} INFO - [2025-04-02T19:11:16.552+0000] {dag.py:4180} INFO - Setting next_dagrun for dataset_s3_bucket_consumer_with_no_taskflow to None, run_after=None
[2025-04-02T19:11:16.560+0000] {logging_mixin.py:190} INFO - [2025-04-02T19:11:16.559+0000] {dag.py:4180} INFO - Setting next_dagrun for dataset_s3_bucket_producer_with_no_taskflow to None, run_after=None
[2025-04-02T19:11:16.682+0000] {processor.py:208} INFO - Processing /home/airflow/.local/lib/python3.12/site-packages/airflow/example_dags/example_dataset_alias_with_no_taskflow.py took 4.376 seconds
[2025-04-02T19:11:47.054+0000] {processor.py:186} INFO - Started process (PID=862) to work on /home/airflow/.local/lib/python3.12/site-packages/airflow/example_dags/example_dataset_alias_with_no_taskflow.py
[2025-04-02T19:11:47.059+0000] {processor.py:914} INFO - Processing file /home/airflow/.local/lib/python3.12/site-packages/airflow/example_dags/example_dataset_alias_with_no_taskflow.py for tasks to queue
[2025-04-02T19:11:47.070+0000] {logging_mixin.py:190} INFO - [2025-04-02T19:11:47.069+0000] {dagbag.py:588} INFO - Filling up the DagBag from /home/airflow/.local/lib/python3.12/site-packages/airflow/example_dags/example_dataset_alias_with_no_taskflow.py
[2025-04-02T19:11:49.931+0000] {processor.py:925} INFO - DAG(s) 'dataset_s3_bucket_producer_with_no_taskflow', 'dataset_s3_bucket_consumer_with_no_taskflow', 'dataset_alias_example_alias_consumer_with_no_taskflow', 'dataset_alias_example_alias_producer_with_no_taskflow' retrieved from /home/airflow/.local/lib/python3.12/site-packages/airflow/example_dags/example_dataset_alias_with_no_taskflow.py
[2025-04-02T19:11:50.135+0000] {logging_mixin.py:190} INFO - [2025-04-02T19:11:50.133+0000] {dag.py:3239} INFO - Sync 4 DAGs
[2025-04-02T19:11:50.289+0000] {logging_mixin.py:190} INFO - [2025-04-02T19:11:50.288+0000] {dag.py:4180} INFO - Setting next_dagrun for dataset_alias_example_alias_consumer_with_no_taskflow to None, run_after=None
[2025-04-02T19:11:50.294+0000] {logging_mixin.py:190} INFO - [2025-04-02T19:11:50.294+0000] {dag.py:4180} INFO - Setting next_dagrun for dataset_alias_example_alias_producer_with_no_taskflow to None, run_after=None
[2025-04-02T19:11:50.300+0000] {logging_mixin.py:190} INFO - [2025-04-02T19:11:50.299+0000] {dag.py:4180} INFO - Setting next_dagrun for dataset_s3_bucket_consumer_with_no_taskflow to None, run_after=None
[2025-04-02T19:11:50.308+0000] {logging_mixin.py:190} INFO - [2025-04-02T19:11:50.307+0000] {dag.py:4180} INFO - Setting next_dagrun for dataset_s3_bucket_producer_with_no_taskflow to None, run_after=None
[2025-04-02T19:11:50.422+0000] {processor.py:208} INFO - Processing /home/airflow/.local/lib/python3.12/site-packages/airflow/example_dags/example_dataset_alias_with_no_taskflow.py took 3.388 seconds
[2025-04-02T19:12:20.652+0000] {processor.py:186} INFO - Started process (PID=929) to work on /home/airflow/.local/lib/python3.12/site-packages/airflow/example_dags/example_dataset_alias_with_no_taskflow.py
[2025-04-02T19:12:20.656+0000] {processor.py:914} INFO - Processing file /home/airflow/.local/lib/python3.12/site-packages/airflow/example_dags/example_dataset_alias_with_no_taskflow.py for tasks to queue
[2025-04-02T19:12:20.665+0000] {logging_mixin.py:190} INFO - [2025-04-02T19:12:20.664+0000] {dagbag.py:588} INFO - Filling up the DagBag from /home/airflow/.local/lib/python3.12/site-packages/airflow/example_dags/example_dataset_alias_with_no_taskflow.py
[2025-04-02T19:12:23.597+0000] {processor.py:925} INFO - DAG(s) 'dataset_alias_example_alias_consumer_with_no_taskflow', 'dataset_alias_example_alias_producer_with_no_taskflow', 'dataset_s3_bucket_producer_with_no_taskflow', 'dataset_s3_bucket_consumer_with_no_taskflow' retrieved from /home/airflow/.local/lib/python3.12/site-packages/airflow/example_dags/example_dataset_alias_with_no_taskflow.py
[2025-04-02T19:12:23.841+0000] {logging_mixin.py:190} INFO - [2025-04-02T19:12:23.840+0000] {dag.py:3239} INFO - Sync 4 DAGs
[2025-04-02T19:12:23.938+0000] {logging_mixin.py:190} INFO - [2025-04-02T19:12:23.937+0000] {dag.py:4180} INFO - Setting next_dagrun for dataset_alias_example_alias_consumer_with_no_taskflow to None, run_after=None
[2025-04-02T19:12:23.962+0000] {logging_mixin.py:190} INFO - [2025-04-02T19:12:23.961+0000] {dag.py:4180} INFO - Setting next_dagrun for dataset_alias_example_alias_producer_with_no_taskflow to None, run_after=None
[2025-04-02T19:12:23.980+0000] {logging_mixin.py:190} INFO - [2025-04-02T19:12:23.980+0000] {dag.py:4180} INFO - Setting next_dagrun for dataset_s3_bucket_consumer_with_no_taskflow to None, run_after=None
[2025-04-02T19:12:23.998+0000] {logging_mixin.py:190} INFO - [2025-04-02T19:12:23.998+0000] {dag.py:4180} INFO - Setting next_dagrun for dataset_s3_bucket_producer_with_no_taskflow to None, run_after=None
[2025-04-02T19:12:24.194+0000] {processor.py:208} INFO - Processing /home/airflow/.local/lib/python3.12/site-packages/airflow/example_dags/example_dataset_alias_with_no_taskflow.py took 3.574 seconds
[2025-04-02T19:12:58.493+0000] {processor.py:186} INFO - Started process (PID=994) to work on /home/airflow/.local/lib/python3.12/site-packages/airflow/example_dags/example_dataset_alias_with_no_taskflow.py
[2025-04-02T19:12:58.495+0000] {processor.py:914} INFO - Processing file /home/airflow/.local/lib/python3.12/site-packages/airflow/example_dags/example_dataset_alias_with_no_taskflow.py for tasks to queue
[2025-04-02T19:12:58.500+0000] {logging_mixin.py:190} INFO - [2025-04-02T19:12:58.499+0000] {dagbag.py:588} INFO - Filling up the DagBag from /home/airflow/.local/lib/python3.12/site-packages/airflow/example_dags/example_dataset_alias_with_no_taskflow.py
[2025-04-02T19:13:00.522+0000] {processor.py:925} INFO - DAG(s) 'dataset_alias_example_alias_consumer_with_no_taskflow', 'dataset_alias_example_alias_producer_with_no_taskflow', 'dataset_s3_bucket_consumer_with_no_taskflow', 'dataset_s3_bucket_producer_with_no_taskflow' retrieved from /home/airflow/.local/lib/python3.12/site-packages/airflow/example_dags/example_dataset_alias_with_no_taskflow.py
[2025-04-02T19:13:00.621+0000] {logging_mixin.py:190} INFO - [2025-04-02T19:13:00.619+0000] {dag.py:3239} INFO - Sync 4 DAGs
[2025-04-02T19:13:00.717+0000] {logging_mixin.py:190} INFO - [2025-04-02T19:13:00.716+0000] {dag.py:4180} INFO - Setting next_dagrun for dataset_alias_example_alias_consumer_with_no_taskflow to None, run_after=None
[2025-04-02T19:13:00.729+0000] {logging_mixin.py:190} INFO - [2025-04-02T19:13:00.729+0000] {dag.py:4180} INFO - Setting next_dagrun for dataset_alias_example_alias_producer_with_no_taskflow to None, run_after=None
[2025-04-02T19:13:00.735+0000] {logging_mixin.py:190} INFO - [2025-04-02T19:13:00.734+0000] {dag.py:4180} INFO - Setting next_dagrun for dataset_s3_bucket_consumer_with_no_taskflow to None, run_after=None
[2025-04-02T19:13:00.739+0000] {logging_mixin.py:190} INFO - [2025-04-02T19:13:00.738+0000] {dag.py:4180} INFO - Setting next_dagrun for dataset_s3_bucket_producer_with_no_taskflow to None, run_after=None
[2025-04-02T19:13:00.820+0000] {processor.py:208} INFO - Processing /home/airflow/.local/lib/python3.12/site-packages/airflow/example_dags/example_dataset_alias_with_no_taskflow.py took 2.348 seconds
[2025-04-02T19:13:40.595+0000] {processor.py:186} INFO - Started process (PID=1046) to work on /home/airflow/.local/lib/python3.12/site-packages/airflow/example_dags/example_dataset_alias_with_no_taskflow.py
[2025-04-02T19:13:40.598+0000] {processor.py:914} INFO - Processing file /home/airflow/.local/lib/python3.12/site-packages/airflow/example_dags/example_dataset_alias_with_no_taskflow.py for tasks to queue
[2025-04-02T19:13:40.603+0000] {logging_mixin.py:190} INFO - [2025-04-02T19:13:40.603+0000] {dagbag.py:588} INFO - Filling up the DagBag from /home/airflow/.local/lib/python3.12/site-packages/airflow/example_dags/example_dataset_alias_with_no_taskflow.py
[2025-04-02T19:13:43.120+0000] {processor.py:925} INFO - DAG(s) 'dataset_alias_example_alias_consumer_with_no_taskflow', 'dataset_s3_bucket_consumer_with_no_taskflow', 'dataset_s3_bucket_producer_with_no_taskflow', 'dataset_alias_example_alias_producer_with_no_taskflow' retrieved from /home/airflow/.local/lib/python3.12/site-packages/airflow/example_dags/example_dataset_alias_with_no_taskflow.py
[2025-04-02T19:13:43.221+0000] {logging_mixin.py:190} INFO - [2025-04-02T19:13:43.219+0000] {dag.py:3239} INFO - Sync 4 DAGs
[2025-04-02T19:13:43.353+0000] {logging_mixin.py:190} INFO - [2025-04-02T19:13:43.353+0000] {dag.py:4180} INFO - Setting next_dagrun for dataset_alias_example_alias_consumer_with_no_taskflow to None, run_after=None
[2025-04-02T19:13:43.366+0000] {logging_mixin.py:190} INFO - [2025-04-02T19:13:43.365+0000] {dag.py:4180} INFO - Setting next_dagrun for dataset_alias_example_alias_producer_with_no_taskflow to None, run_after=None
[2025-04-02T19:13:43.372+0000] {logging_mixin.py:190} INFO - [2025-04-02T19:13:43.371+0000] {dag.py:4180} INFO - Setting next_dagrun for dataset_s3_bucket_consumer_with_no_taskflow to None, run_after=None
[2025-04-02T19:13:43.380+0000] {logging_mixin.py:190} INFO - [2025-04-02T19:13:43.379+0000] {dag.py:4180} INFO - Setting next_dagrun for dataset_s3_bucket_producer_with_no_taskflow to None, run_after=None
[2025-04-02T19:13:43.513+0000] {processor.py:208} INFO - Processing /home/airflow/.local/lib/python3.12/site-packages/airflow/example_dags/example_dataset_alias_with_no_taskflow.py took 2.951 seconds
[2025-04-02T19:14:18.448+0000] {processor.py:186} INFO - Started process (PID=1109) to work on /home/airflow/.local/lib/python3.12/site-packages/airflow/example_dags/example_dataset_alias_with_no_taskflow.py
[2025-04-02T19:14:18.453+0000] {processor.py:914} INFO - Processing file /home/airflow/.local/lib/python3.12/site-packages/airflow/example_dags/example_dataset_alias_with_no_taskflow.py for tasks to queue
[2025-04-02T19:14:18.480+0000] {logging_mixin.py:190} INFO - [2025-04-02T19:14:18.477+0000] {dagbag.py:588} INFO - Filling up the DagBag from /home/airflow/.local/lib/python3.12/site-packages/airflow/example_dags/example_dataset_alias_with_no_taskflow.py
[2025-04-02T19:14:23.144+0000] {processor.py:925} INFO - DAG(s) 'dataset_alias_example_alias_producer_with_no_taskflow', 'dataset_s3_bucket_producer_with_no_taskflow', 'dataset_s3_bucket_consumer_with_no_taskflow', 'dataset_alias_example_alias_consumer_with_no_taskflow' retrieved from /home/airflow/.local/lib/python3.12/site-packages/airflow/example_dags/example_dataset_alias_with_no_taskflow.py
[2025-04-02T19:14:23.370+0000] {logging_mixin.py:190} INFO - [2025-04-02T19:14:23.368+0000] {dag.py:3239} INFO - Sync 4 DAGs
[2025-04-02T19:14:23.495+0000] {logging_mixin.py:190} INFO - [2025-04-02T19:14:23.494+0000] {dag.py:4180} INFO - Setting next_dagrun for dataset_alias_example_alias_consumer_with_no_taskflow to None, run_after=None
[2025-04-02T19:14:23.517+0000] {logging_mixin.py:190} INFO - [2025-04-02T19:14:23.516+0000] {dag.py:4180} INFO - Setting next_dagrun for dataset_alias_example_alias_producer_with_no_taskflow to None, run_after=None
[2025-04-02T19:14:23.527+0000] {logging_mixin.py:190} INFO - [2025-04-02T19:14:23.522+0000] {dag.py:4180} INFO - Setting next_dagrun for dataset_s3_bucket_consumer_with_no_taskflow to None, run_after=None
[2025-04-02T19:14:23.533+0000] {logging_mixin.py:190} INFO - [2025-04-02T19:14:23.532+0000] {dag.py:4180} INFO - Setting next_dagrun for dataset_s3_bucket_producer_with_no_taskflow to None, run_after=None
[2025-04-02T19:14:23.669+0000] {processor.py:208} INFO - Processing /home/airflow/.local/lib/python3.12/site-packages/airflow/example_dags/example_dataset_alias_with_no_taskflow.py took 5.256 seconds
[2025-04-02T19:15:00.270+0000] {processor.py:186} INFO - Started process (PID=1161) to work on /home/airflow/.local/lib/python3.12/site-packages/airflow/example_dags/example_dataset_alias_with_no_taskflow.py
[2025-04-02T19:15:00.314+0000] {processor.py:914} INFO - Processing file /home/airflow/.local/lib/python3.12/site-packages/airflow/example_dags/example_dataset_alias_with_no_taskflow.py for tasks to queue
[2025-04-02T19:15:00.333+0000] {logging_mixin.py:190} INFO - [2025-04-02T19:15:00.332+0000] {dagbag.py:588} INFO - Filling up the DagBag from /home/airflow/.local/lib/python3.12/site-packages/airflow/example_dags/example_dataset_alias_with_no_taskflow.py
[2025-04-02T19:15:06.380+0000] {processor.py:925} INFO - DAG(s) 'dataset_s3_bucket_consumer_with_no_taskflow', 'dataset_s3_bucket_producer_with_no_taskflow', 'dataset_alias_example_alias_consumer_with_no_taskflow', 'dataset_alias_example_alias_producer_with_no_taskflow' retrieved from /home/airflow/.local/lib/python3.12/site-packages/airflow/example_dags/example_dataset_alias_with_no_taskflow.py
[2025-04-02T19:15:06.485+0000] {logging_mixin.py:190} INFO - [2025-04-02T19:15:06.481+0000] {dag.py:3239} INFO - Sync 4 DAGs
[2025-04-02T19:15:06.629+0000] {logging_mixin.py:190} INFO - [2025-04-02T19:15:06.628+0000] {dag.py:4180} INFO - Setting next_dagrun for dataset_alias_example_alias_consumer_with_no_taskflow to None, run_after=None
[2025-04-02T19:15:06.646+0000] {logging_mixin.py:190} INFO - [2025-04-02T19:15:06.645+0000] {dag.py:4180} INFO - Setting next_dagrun for dataset_alias_example_alias_producer_with_no_taskflow to None, run_after=None
[2025-04-02T19:15:06.650+0000] {logging_mixin.py:190} INFO - [2025-04-02T19:15:06.650+0000] {dag.py:4180} INFO - Setting next_dagrun for dataset_s3_bucket_consumer_with_no_taskflow to None, run_after=None
[2025-04-02T19:15:06.655+0000] {logging_mixin.py:190} INFO - [2025-04-02T19:15:06.655+0000] {dag.py:4180} INFO - Setting next_dagrun for dataset_s3_bucket_producer_with_no_taskflow to None, run_after=None
[2025-04-02T19:15:06.793+0000] {processor.py:208} INFO - Processing /home/airflow/.local/lib/python3.12/site-packages/airflow/example_dags/example_dataset_alias_with_no_taskflow.py took 6.586 seconds
[2025-04-02T19:15:42.062+0000] {processor.py:186} INFO - Started process (PID=1218) to work on /home/airflow/.local/lib/python3.12/site-packages/airflow/example_dags/example_dataset_alias_with_no_taskflow.py
[2025-04-02T19:15:42.083+0000] {processor.py:914} INFO - Processing file /home/airflow/.local/lib/python3.12/site-packages/airflow/example_dags/example_dataset_alias_with_no_taskflow.py for tasks to queue
[2025-04-02T19:15:42.106+0000] {logging_mixin.py:190} INFO - [2025-04-02T19:15:42.104+0000] {dagbag.py:588} INFO - Filling up the DagBag from /home/airflow/.local/lib/python3.12/site-packages/airflow/example_dags/example_dataset_alias_with_no_taskflow.py
[2025-04-02T19:15:46.096+0000] {processor.py:925} INFO - DAG(s) 'dataset_alias_example_alias_producer_with_no_taskflow', 'dataset_s3_bucket_producer_with_no_taskflow', 'dataset_s3_bucket_consumer_with_no_taskflow', 'dataset_alias_example_alias_consumer_with_no_taskflow' retrieved from /home/airflow/.local/lib/python3.12/site-packages/airflow/example_dags/example_dataset_alias_with_no_taskflow.py
[2025-04-02T19:15:46.238+0000] {logging_mixin.py:190} INFO - [2025-04-02T19:15:46.237+0000] {dag.py:3239} INFO - Sync 4 DAGs
[2025-04-02T19:15:46.360+0000] {logging_mixin.py:190} INFO - [2025-04-02T19:15:46.360+0000] {dag.py:4180} INFO - Setting next_dagrun for dataset_alias_example_alias_consumer_with_no_taskflow to None, run_after=None
[2025-04-02T19:15:46.369+0000] {logging_mixin.py:190} INFO - [2025-04-02T19:15:46.369+0000] {dag.py:4180} INFO - Setting next_dagrun for dataset_alias_example_alias_producer_with_no_taskflow to None, run_after=None
[2025-04-02T19:15:46.377+0000] {logging_mixin.py:190} INFO - [2025-04-02T19:15:46.376+0000] {dag.py:4180} INFO - Setting next_dagrun for dataset_s3_bucket_consumer_with_no_taskflow to None, run_after=None
[2025-04-02T19:15:46.379+0000] {logging_mixin.py:190} INFO - [2025-04-02T19:15:46.379+0000] {dag.py:4180} INFO - Setting next_dagrun for dataset_s3_bucket_producer_with_no_taskflow to None, run_after=None
[2025-04-02T19:15:46.495+0000] {processor.py:208} INFO - Processing /home/airflow/.local/lib/python3.12/site-packages/airflow/example_dags/example_dataset_alias_with_no_taskflow.py took 4.457 seconds
[2025-04-02T19:16:18.077+0000] {processor.py:186} INFO - Started process (PID=1284) to work on /home/airflow/.local/lib/python3.12/site-packages/airflow/example_dags/example_dataset_alias_with_no_taskflow.py
[2025-04-02T19:16:18.087+0000] {processor.py:914} INFO - Processing file /home/airflow/.local/lib/python3.12/site-packages/airflow/example_dags/example_dataset_alias_with_no_taskflow.py for tasks to queue
[2025-04-02T19:16:18.111+0000] {logging_mixin.py:190} INFO - [2025-04-02T19:16:18.110+0000] {dagbag.py:588} INFO - Filling up the DagBag from /home/airflow/.local/lib/python3.12/site-packages/airflow/example_dags/example_dataset_alias_with_no_taskflow.py
[2025-04-02T19:16:20.650+0000] {processor.py:925} INFO - DAG(s) 'dataset_s3_bucket_consumer_with_no_taskflow', 'dataset_alias_example_alias_consumer_with_no_taskflow', 'dataset_s3_bucket_producer_with_no_taskflow', 'dataset_alias_example_alias_producer_with_no_taskflow' retrieved from /home/airflow/.local/lib/python3.12/site-packages/airflow/example_dags/example_dataset_alias_with_no_taskflow.py
[2025-04-02T19:16:20.712+0000] {logging_mixin.py:190} INFO - [2025-04-02T19:16:20.711+0000] {dag.py:3239} INFO - Sync 4 DAGs
[2025-04-02T19:16:20.807+0000] {logging_mixin.py:190} INFO - [2025-04-02T19:16:20.806+0000] {dag.py:4180} INFO - Setting next_dagrun for dataset_alias_example_alias_consumer_with_no_taskflow to None, run_after=None
[2025-04-02T19:16:20.822+0000] {logging_mixin.py:190} INFO - [2025-04-02T19:16:20.822+0000] {dag.py:4180} INFO - Setting next_dagrun for dataset_alias_example_alias_producer_with_no_taskflow to None, run_after=None
[2025-04-02T19:16:20.828+0000] {logging_mixin.py:190} INFO - [2025-04-02T19:16:20.827+0000] {dag.py:4180} INFO - Setting next_dagrun for dataset_s3_bucket_consumer_with_no_taskflow to None, run_after=None
[2025-04-02T19:16:20.847+0000] {logging_mixin.py:190} INFO - [2025-04-02T19:16:20.846+0000] {dag.py:4180} INFO - Setting next_dagrun for dataset_s3_bucket_producer_with_no_taskflow to None, run_after=None
[2025-04-02T19:16:20.968+0000] {processor.py:208} INFO - Processing /home/airflow/.local/lib/python3.12/site-packages/airflow/example_dags/example_dataset_alias_with_no_taskflow.py took 2.925 seconds
[2025-04-02T19:16:58.611+0000] {processor.py:186} INFO - Started process (PID=1337) to work on /home/airflow/.local/lib/python3.12/site-packages/airflow/example_dags/example_dataset_alias_with_no_taskflow.py
[2025-04-02T19:16:58.699+0000] {processor.py:914} INFO - Processing file /home/airflow/.local/lib/python3.12/site-packages/airflow/example_dags/example_dataset_alias_with_no_taskflow.py for tasks to queue
[2025-04-02T19:16:58.797+0000] {logging_mixin.py:190} INFO - [2025-04-02T19:16:58.797+0000] {dagbag.py:588} INFO - Filling up the DagBag from /home/airflow/.local/lib/python3.12/site-packages/airflow/example_dags/example_dataset_alias_with_no_taskflow.py
[2025-04-02T19:17:02.885+0000] {processor.py:925} INFO - DAG(s) 'dataset_s3_bucket_consumer_with_no_taskflow', 'dataset_alias_example_alias_consumer_with_no_taskflow', 'dataset_alias_example_alias_producer_with_no_taskflow', 'dataset_s3_bucket_producer_with_no_taskflow' retrieved from /home/airflow/.local/lib/python3.12/site-packages/airflow/example_dags/example_dataset_alias_with_no_taskflow.py
[2025-04-02T19:17:03.053+0000] {logging_mixin.py:190} INFO - [2025-04-02T19:17:03.051+0000] {dag.py:3239} INFO - Sync 4 DAGs
[2025-04-02T19:17:03.188+0000] {logging_mixin.py:190} INFO - [2025-04-02T19:17:03.188+0000] {dag.py:4180} INFO - Setting next_dagrun for dataset_alias_example_alias_consumer_with_no_taskflow to None, run_after=None
[2025-04-02T19:17:03.219+0000] {logging_mixin.py:190} INFO - [2025-04-02T19:17:03.218+0000] {dag.py:4180} INFO - Setting next_dagrun for dataset_alias_example_alias_producer_with_no_taskflow to None, run_after=None
[2025-04-02T19:17:03.263+0000] {logging_mixin.py:190} INFO - [2025-04-02T19:17:03.262+0000] {dag.py:4180} INFO - Setting next_dagrun for dataset_s3_bucket_consumer_with_no_taskflow to None, run_after=None
[2025-04-02T19:17:03.322+0000] {logging_mixin.py:190} INFO - [2025-04-02T19:17:03.321+0000] {dag.py:4180} INFO - Setting next_dagrun for dataset_s3_bucket_producer_with_no_taskflow to None, run_after=None
[2025-04-02T19:17:03.506+0000] {processor.py:208} INFO - Processing /home/airflow/.local/lib/python3.12/site-packages/airflow/example_dags/example_dataset_alias_with_no_taskflow.py took 4.934 seconds
[2025-04-02T19:17:34.372+0000] {processor.py:186} INFO - Started process (PID=1405) to work on /home/airflow/.local/lib/python3.12/site-packages/airflow/example_dags/example_dataset_alias_with_no_taskflow.py
[2025-04-02T19:17:34.377+0000] {processor.py:914} INFO - Processing file /home/airflow/.local/lib/python3.12/site-packages/airflow/example_dags/example_dataset_alias_with_no_taskflow.py for tasks to queue
[2025-04-02T19:17:34.385+0000] {logging_mixin.py:190} INFO - [2025-04-02T19:17:34.384+0000] {dagbag.py:588} INFO - Filling up the DagBag from /home/airflow/.local/lib/python3.12/site-packages/airflow/example_dags/example_dataset_alias_with_no_taskflow.py
[2025-04-02T19:17:36.573+0000] {processor.py:925} INFO - DAG(s) 'dataset_s3_bucket_producer_with_no_taskflow', 'dataset_alias_example_alias_producer_with_no_taskflow', 'dataset_s3_bucket_consumer_with_no_taskflow', 'dataset_alias_example_alias_consumer_with_no_taskflow' retrieved from /home/airflow/.local/lib/python3.12/site-packages/airflow/example_dags/example_dataset_alias_with_no_taskflow.py
[2025-04-02T19:17:36.684+0000] {logging_mixin.py:190} INFO - [2025-04-02T19:17:36.682+0000] {dag.py:3239} INFO - Sync 4 DAGs
[2025-04-02T19:17:36.791+0000] {logging_mixin.py:190} INFO - [2025-04-02T19:17:36.790+0000] {dag.py:4180} INFO - Setting next_dagrun for dataset_alias_example_alias_consumer_with_no_taskflow to None, run_after=None
[2025-04-02T19:17:36.801+0000] {logging_mixin.py:190} INFO - [2025-04-02T19:17:36.800+0000] {dag.py:4180} INFO - Setting next_dagrun for dataset_alias_example_alias_producer_with_no_taskflow to None, run_after=None
[2025-04-02T19:17:36.805+0000] {logging_mixin.py:190} INFO - [2025-04-02T19:17:36.804+0000] {dag.py:4180} INFO - Setting next_dagrun for dataset_s3_bucket_consumer_with_no_taskflow to None, run_after=None
[2025-04-02T19:17:36.809+0000] {logging_mixin.py:190} INFO - [2025-04-02T19:17:36.808+0000] {dag.py:4180} INFO - Setting next_dagrun for dataset_s3_bucket_producer_with_no_taskflow to None, run_after=None
[2025-04-02T19:17:36.881+0000] {processor.py:208} INFO - Processing /home/airflow/.local/lib/python3.12/site-packages/airflow/example_dags/example_dataset_alias_with_no_taskflow.py took 2.535 seconds
[2025-04-02T19:18:07.397+0000] {processor.py:186} INFO - Started process (PID=1470) to work on /home/airflow/.local/lib/python3.12/site-packages/airflow/example_dags/example_dataset_alias_with_no_taskflow.py
[2025-04-02T19:18:07.407+0000] {processor.py:914} INFO - Processing file /home/airflow/.local/lib/python3.12/site-packages/airflow/example_dags/example_dataset_alias_with_no_taskflow.py for tasks to queue
[2025-04-02T19:18:07.414+0000] {logging_mixin.py:190} INFO - [2025-04-02T19:18:07.413+0000] {dagbag.py:588} INFO - Filling up the DagBag from /home/airflow/.local/lib/python3.12/site-packages/airflow/example_dags/example_dataset_alias_with_no_taskflow.py
[2025-04-02T19:18:11.102+0000] {processor.py:925} INFO - DAG(s) 'dataset_s3_bucket_consumer_with_no_taskflow', 'dataset_alias_example_alias_consumer_with_no_taskflow', 'dataset_s3_bucket_producer_with_no_taskflow', 'dataset_alias_example_alias_producer_with_no_taskflow' retrieved from /home/airflow/.local/lib/python3.12/site-packages/airflow/example_dags/example_dataset_alias_with_no_taskflow.py
[2025-04-02T19:18:11.204+0000] {logging_mixin.py:190} INFO - [2025-04-02T19:18:11.202+0000] {dag.py:3239} INFO - Sync 4 DAGs
[2025-04-02T19:18:11.279+0000] {logging_mixin.py:190} INFO - [2025-04-02T19:18:11.279+0000] {dag.py:4180} INFO - Setting next_dagrun for dataset_alias_example_alias_consumer_with_no_taskflow to None, run_after=None
[2025-04-02T19:18:11.286+0000] {logging_mixin.py:190} INFO - [2025-04-02T19:18:11.285+0000] {dag.py:4180} INFO - Setting next_dagrun for dataset_alias_example_alias_producer_with_no_taskflow to None, run_after=None
[2025-04-02T19:18:11.295+0000] {logging_mixin.py:190} INFO - [2025-04-02T19:18:11.295+0000] {dag.py:4180} INFO - Setting next_dagrun for dataset_s3_bucket_consumer_with_no_taskflow to None, run_after=None
[2025-04-02T19:18:11.299+0000] {logging_mixin.py:190} INFO - [2025-04-02T19:18:11.299+0000] {dag.py:4180} INFO - Setting next_dagrun for dataset_s3_bucket_producer_with_no_taskflow to None, run_after=None
[2025-04-02T19:18:11.369+0000] {processor.py:208} INFO - Processing /home/airflow/.local/lib/python3.12/site-packages/airflow/example_dags/example_dataset_alias_with_no_taskflow.py took 4.017 seconds
[2025-04-02T19:18:44.360+0000] {processor.py:186} INFO - Started process (PID=1544) to work on /home/airflow/.local/lib/python3.12/site-packages/airflow/example_dags/example_dataset_alias_with_no_taskflow.py
[2025-04-02T19:18:44.366+0000] {processor.py:914} INFO - Processing file /home/airflow/.local/lib/python3.12/site-packages/airflow/example_dags/example_dataset_alias_with_no_taskflow.py for tasks to queue
[2025-04-02T19:18:44.394+0000] {logging_mixin.py:190} INFO - [2025-04-02T19:18:44.393+0000] {dagbag.py:588} INFO - Filling up the DagBag from /home/airflow/.local/lib/python3.12/site-packages/airflow/example_dags/example_dataset_alias_with_no_taskflow.py
[2025-04-02T19:18:50.954+0000] {processor.py:925} INFO - DAG(s) 'dataset_alias_example_alias_consumer_with_no_taskflow', 'dataset_alias_example_alias_producer_with_no_taskflow', 'dataset_s3_bucket_producer_with_no_taskflow', 'dataset_s3_bucket_consumer_with_no_taskflow' retrieved from /home/airflow/.local/lib/python3.12/site-packages/airflow/example_dags/example_dataset_alias_with_no_taskflow.py
[2025-04-02T19:18:51.049+0000] {logging_mixin.py:190} INFO - [2025-04-02T19:18:51.048+0000] {dag.py:3239} INFO - Sync 4 DAGs
[2025-04-02T19:18:51.160+0000] {logging_mixin.py:190} INFO - [2025-04-02T19:18:51.159+0000] {dag.py:4180} INFO - Setting next_dagrun for dataset_alias_example_alias_consumer_with_no_taskflow to None, run_after=None
[2025-04-02T19:18:51.186+0000] {logging_mixin.py:190} INFO - [2025-04-02T19:18:51.185+0000] {dag.py:4180} INFO - Setting next_dagrun for dataset_alias_example_alias_producer_with_no_taskflow to None, run_after=None
[2025-04-02T19:18:51.201+0000] {logging_mixin.py:190} INFO - [2025-04-02T19:18:51.199+0000] {dag.py:4180} INFO - Setting next_dagrun for dataset_s3_bucket_consumer_with_no_taskflow to None, run_after=None
[2025-04-02T19:18:51.209+0000] {logging_mixin.py:190} INFO - [2025-04-02T19:18:51.208+0000] {dag.py:4180} INFO - Setting next_dagrun for dataset_s3_bucket_producer_with_no_taskflow to None, run_after=None
[2025-04-02T19:18:51.366+0000] {processor.py:208} INFO - Processing /home/airflow/.local/lib/python3.12/site-packages/airflow/example_dags/example_dataset_alias_with_no_taskflow.py took 7.058 seconds
[2025-04-02T19:19:21.954+0000] {processor.py:186} INFO - Started process (PID=1610) to work on /home/airflow/.local/lib/python3.12/site-packages/airflow/example_dags/example_dataset_alias_with_no_taskflow.py
[2025-04-02T19:19:21.987+0000] {processor.py:914} INFO - Processing file /home/airflow/.local/lib/python3.12/site-packages/airflow/example_dags/example_dataset_alias_with_no_taskflow.py for tasks to queue
[2025-04-02T19:19:22.009+0000] {logging_mixin.py:190} INFO - [2025-04-02T19:19:22.008+0000] {dagbag.py:588} INFO - Filling up the DagBag from /home/airflow/.local/lib/python3.12/site-packages/airflow/example_dags/example_dataset_alias_with_no_taskflow.py
[2025-04-02T19:19:27.201+0000] {processor.py:925} INFO - DAG(s) 'dataset_s3_bucket_producer_with_no_taskflow', 'dataset_alias_example_alias_producer_with_no_taskflow', 'dataset_s3_bucket_consumer_with_no_taskflow', 'dataset_alias_example_alias_consumer_with_no_taskflow' retrieved from /home/airflow/.local/lib/python3.12/site-packages/airflow/example_dags/example_dataset_alias_with_no_taskflow.py
[2025-04-02T19:19:27.410+0000] {logging_mixin.py:190} INFO - [2025-04-02T19:19:27.405+0000] {dag.py:3239} INFO - Sync 4 DAGs
[2025-04-02T19:19:27.610+0000] {logging_mixin.py:190} INFO - [2025-04-02T19:19:27.602+0000] {dag.py:4180} INFO - Setting next_dagrun for dataset_alias_example_alias_consumer_with_no_taskflow to None, run_after=None
[2025-04-02T19:19:27.637+0000] {logging_mixin.py:190} INFO - [2025-04-02T19:19:27.636+0000] {dag.py:4180} INFO - Setting next_dagrun for dataset_alias_example_alias_producer_with_no_taskflow to None, run_after=None
[2025-04-02T19:19:27.697+0000] {logging_mixin.py:190} INFO - [2025-04-02T19:19:27.697+0000] {dag.py:4180} INFO - Setting next_dagrun for dataset_s3_bucket_consumer_with_no_taskflow to None, run_after=None
[2025-04-02T19:19:27.742+0000] {logging_mixin.py:190} INFO - [2025-04-02T19:19:27.742+0000] {dag.py:4180} INFO - Setting next_dagrun for dataset_s3_bucket_producer_with_no_taskflow to None, run_after=None
[2025-04-02T19:19:28.326+0000] {processor.py:208} INFO - Processing /home/airflow/.local/lib/python3.12/site-packages/airflow/example_dags/example_dataset_alias_with_no_taskflow.py took 6.425 seconds
[2025-04-02T19:20:14.614+0000] {processor.py:186} INFO - Started process (PID=1674) to work on /home/airflow/.local/lib/python3.12/site-packages/airflow/example_dags/example_dataset_alias_with_no_taskflow.py
[2025-04-02T19:20:14.629+0000] {processor.py:914} INFO - Processing file /home/airflow/.local/lib/python3.12/site-packages/airflow/example_dags/example_dataset_alias_with_no_taskflow.py for tasks to queue
[2025-04-02T19:20:14.645+0000] {logging_mixin.py:190} INFO - [2025-04-02T19:20:14.644+0000] {dagbag.py:588} INFO - Filling up the DagBag from /home/airflow/.local/lib/python3.12/site-packages/airflow/example_dags/example_dataset_alias_with_no_taskflow.py
[2025-04-02T19:20:21.974+0000] {processor.py:925} INFO - DAG(s) 'dataset_alias_example_alias_consumer_with_no_taskflow', 'dataset_s3_bucket_consumer_with_no_taskflow', 'dataset_s3_bucket_producer_with_no_taskflow', 'dataset_alias_example_alias_producer_with_no_taskflow' retrieved from /home/airflow/.local/lib/python3.12/site-packages/airflow/example_dags/example_dataset_alias_with_no_taskflow.py
[2025-04-02T19:20:22.282+0000] {logging_mixin.py:190} INFO - [2025-04-02T19:20:22.279+0000] {dag.py:3239} INFO - Sync 4 DAGs
[2025-04-02T19:20:22.348+0000] {logging_mixin.py:190} INFO - [2025-04-02T19:20:22.348+0000] {dag.py:4180} INFO - Setting next_dagrun for dataset_alias_example_alias_consumer_with_no_taskflow to None, run_after=None
[2025-04-02T19:20:22.356+0000] {logging_mixin.py:190} INFO - [2025-04-02T19:20:22.356+0000] {dag.py:4180} INFO - Setting next_dagrun for dataset_alias_example_alias_producer_with_no_taskflow to None, run_after=None
[2025-04-02T19:20:22.361+0000] {logging_mixin.py:190} INFO - [2025-04-02T19:20:22.361+0000] {dag.py:4180} INFO - Setting next_dagrun for dataset_s3_bucket_consumer_with_no_taskflow to None, run_after=None
[2025-04-02T19:20:22.365+0000] {logging_mixin.py:190} INFO - [2025-04-02T19:20:22.365+0000] {dag.py:4180} INFO - Setting next_dagrun for dataset_s3_bucket_producer_with_no_taskflow to None, run_after=None
[2025-04-02T19:20:22.468+0000] {processor.py:208} INFO - Processing /home/airflow/.local/lib/python3.12/site-packages/airflow/example_dags/example_dataset_alias_with_no_taskflow.py took 7.916 seconds
[2025-04-02T19:20:53.813+0000] {processor.py:186} INFO - Started process (PID=1737) to work on /home/airflow/.local/lib/python3.12/site-packages/airflow/example_dags/example_dataset_alias_with_no_taskflow.py
[2025-04-02T19:20:53.820+0000] {processor.py:914} INFO - Processing file /home/airflow/.local/lib/python3.12/site-packages/airflow/example_dags/example_dataset_alias_with_no_taskflow.py for tasks to queue
[2025-04-02T19:20:53.848+0000] {logging_mixin.py:190} INFO - [2025-04-02T19:20:53.847+0000] {dagbag.py:588} INFO - Filling up the DagBag from /home/airflow/.local/lib/python3.12/site-packages/airflow/example_dags/example_dataset_alias_with_no_taskflow.py
[2025-04-02T19:20:57.087+0000] {processor.py:925} INFO - DAG(s) 'dataset_s3_bucket_consumer_with_no_taskflow', 'dataset_alias_example_alias_consumer_with_no_taskflow', 'dataset_alias_example_alias_producer_with_no_taskflow', 'dataset_s3_bucket_producer_with_no_taskflow' retrieved from /home/airflow/.local/lib/python3.12/site-packages/airflow/example_dags/example_dataset_alias_with_no_taskflow.py
[2025-04-02T19:20:57.194+0000] {logging_mixin.py:190} INFO - [2025-04-02T19:20:57.193+0000] {dag.py:3239} INFO - Sync 4 DAGs
[2025-04-02T19:20:57.301+0000] {logging_mixin.py:190} INFO - [2025-04-02T19:20:57.300+0000] {dag.py:4180} INFO - Setting next_dagrun for dataset_alias_example_alias_consumer_with_no_taskflow to None, run_after=None
[2025-04-02T19:20:57.318+0000] {logging_mixin.py:190} INFO - [2025-04-02T19:20:57.316+0000] {dag.py:4180} INFO - Setting next_dagrun for dataset_alias_example_alias_producer_with_no_taskflow to None, run_after=None
[2025-04-02T19:20:57.328+0000] {logging_mixin.py:190} INFO - [2025-04-02T19:20:57.328+0000] {dag.py:4180} INFO - Setting next_dagrun for dataset_s3_bucket_consumer_with_no_taskflow to None, run_after=None
[2025-04-02T19:20:57.333+0000] {logging_mixin.py:190} INFO - [2025-04-02T19:20:57.332+0000] {dag.py:4180} INFO - Setting next_dagrun for dataset_s3_bucket_producer_with_no_taskflow to None, run_after=None
[2025-04-02T19:20:57.425+0000] {processor.py:208} INFO - Processing /home/airflow/.local/lib/python3.12/site-packages/airflow/example_dags/example_dataset_alias_with_no_taskflow.py took 3.645 seconds
[2025-04-02T19:21:27.898+0000] {processor.py:186} INFO - Started process (PID=1803) to work on /home/airflow/.local/lib/python3.12/site-packages/airflow/example_dags/example_dataset_alias_with_no_taskflow.py
[2025-04-02T19:21:27.919+0000] {processor.py:914} INFO - Processing file /home/airflow/.local/lib/python3.12/site-packages/airflow/example_dags/example_dataset_alias_with_no_taskflow.py for tasks to queue
[2025-04-02T19:21:27.929+0000] {logging_mixin.py:190} INFO - [2025-04-02T19:21:27.928+0000] {dagbag.py:588} INFO - Filling up the DagBag from /home/airflow/.local/lib/python3.12/site-packages/airflow/example_dags/example_dataset_alias_with_no_taskflow.py
[2025-04-02T19:21:31.874+0000] {processor.py:925} INFO - DAG(s) 'dataset_s3_bucket_producer_with_no_taskflow', 'dataset_s3_bucket_consumer_with_no_taskflow', 'dataset_alias_example_alias_producer_with_no_taskflow', 'dataset_alias_example_alias_consumer_with_no_taskflow' retrieved from /home/airflow/.local/lib/python3.12/site-packages/airflow/example_dags/example_dataset_alias_with_no_taskflow.py
[2025-04-02T19:21:32.000+0000] {logging_mixin.py:190} INFO - [2025-04-02T19:21:31.999+0000] {dag.py:3239} INFO - Sync 4 DAGs
[2025-04-02T19:21:32.167+0000] {logging_mixin.py:190} INFO - [2025-04-02T19:21:32.166+0000] {dag.py:4180} INFO - Setting next_dagrun for dataset_alias_example_alias_consumer_with_no_taskflow to None, run_after=None
[2025-04-02T19:21:32.200+0000] {logging_mixin.py:190} INFO - [2025-04-02T19:21:32.199+0000] {dag.py:4180} INFO - Setting next_dagrun for dataset_alias_example_alias_producer_with_no_taskflow to None, run_after=None
[2025-04-02T19:21:32.208+0000] {logging_mixin.py:190} INFO - [2025-04-02T19:21:32.206+0000] {dag.py:4180} INFO - Setting next_dagrun for dataset_s3_bucket_consumer_with_no_taskflow to None, run_after=None
[2025-04-02T19:21:32.212+0000] {logging_mixin.py:190} INFO - [2025-04-02T19:21:32.212+0000] {dag.py:4180} INFO - Setting next_dagrun for dataset_s3_bucket_producer_with_no_taskflow to None, run_after=None
[2025-04-02T19:21:32.353+0000] {processor.py:208} INFO - Processing /home/airflow/.local/lib/python3.12/site-packages/airflow/example_dags/example_dataset_alias_with_no_taskflow.py took 4.477 seconds
[2025-04-02T19:22:03.197+0000] {processor.py:186} INFO - Started process (PID=1865) to work on /home/airflow/.local/lib/python3.12/site-packages/airflow/example_dags/example_dataset_alias_with_no_taskflow.py
[2025-04-02T19:22:03.200+0000] {processor.py:914} INFO - Processing file /home/airflow/.local/lib/python3.12/site-packages/airflow/example_dags/example_dataset_alias_with_no_taskflow.py for tasks to queue
[2025-04-02T19:22:03.213+0000] {logging_mixin.py:190} INFO - [2025-04-02T19:22:03.211+0000] {dagbag.py:588} INFO - Filling up the DagBag from /home/airflow/.local/lib/python3.12/site-packages/airflow/example_dags/example_dataset_alias_with_no_taskflow.py
[2025-04-02T19:22:08.170+0000] {processor.py:925} INFO - DAG(s) 'dataset_alias_example_alias_producer_with_no_taskflow', 'dataset_s3_bucket_consumer_with_no_taskflow', 'dataset_alias_example_alias_consumer_with_no_taskflow', 'dataset_s3_bucket_producer_with_no_taskflow' retrieved from /home/airflow/.local/lib/python3.12/site-packages/airflow/example_dags/example_dataset_alias_with_no_taskflow.py
[2025-04-02T19:22:08.444+0000] {logging_mixin.py:190} INFO - [2025-04-02T19:22:08.443+0000] {dag.py:3239} INFO - Sync 4 DAGs
[2025-04-02T19:22:08.750+0000] {logging_mixin.py:190} INFO - [2025-04-02T19:22:08.749+0000] {dag.py:4180} INFO - Setting next_dagrun for dataset_alias_example_alias_consumer_with_no_taskflow to None, run_after=None
[2025-04-02T19:22:08.780+0000] {logging_mixin.py:190} INFO - [2025-04-02T19:22:08.779+0000] {dag.py:4180} INFO - Setting next_dagrun for dataset_alias_example_alias_producer_with_no_taskflow to None, run_after=None
[2025-04-02T19:22:08.800+0000] {logging_mixin.py:190} INFO - [2025-04-02T19:22:08.799+0000] {dag.py:4180} INFO - Setting next_dagrun for dataset_s3_bucket_consumer_with_no_taskflow to None, run_after=None
[2025-04-02T19:22:08.816+0000] {logging_mixin.py:190} INFO - [2025-04-02T19:22:08.815+0000] {dag.py:4180} INFO - Setting next_dagrun for dataset_s3_bucket_producer_with_no_taskflow to None, run_after=None
[2025-04-02T19:22:09.051+0000] {processor.py:208} INFO - Processing /home/airflow/.local/lib/python3.12/site-packages/airflow/example_dags/example_dataset_alias_with_no_taskflow.py took 5.884 seconds
[2025-04-02T19:22:59.577+0000] {processor.py:186} INFO - Started process (PID=1941) to work on /home/airflow/.local/lib/python3.12/site-packages/airflow/example_dags/example_dataset_alias_with_no_taskflow.py
[2025-04-02T19:22:59.581+0000] {processor.py:914} INFO - Processing file /home/airflow/.local/lib/python3.12/site-packages/airflow/example_dags/example_dataset_alias_with_no_taskflow.py for tasks to queue
[2025-04-02T19:22:59.595+0000] {logging_mixin.py:190} INFO - [2025-04-02T19:22:59.591+0000] {dagbag.py:588} INFO - Filling up the DagBag from /home/airflow/.local/lib/python3.12/site-packages/airflow/example_dags/example_dataset_alias_with_no_taskflow.py
[2025-04-02T19:23:04.670+0000] {processor.py:925} INFO - DAG(s) 'dataset_alias_example_alias_producer_with_no_taskflow', 'dataset_s3_bucket_producer_with_no_taskflow', 'dataset_alias_example_alias_consumer_with_no_taskflow', 'dataset_s3_bucket_consumer_with_no_taskflow' retrieved from /home/airflow/.local/lib/python3.12/site-packages/airflow/example_dags/example_dataset_alias_with_no_taskflow.py
[2025-04-02T19:23:04.787+0000] {logging_mixin.py:190} INFO - [2025-04-02T19:23:04.780+0000] {dag.py:3239} INFO - Sync 4 DAGs
[2025-04-02T19:23:04.902+0000] {logging_mixin.py:190} INFO - [2025-04-02T19:23:04.902+0000] {dag.py:4180} INFO - Setting next_dagrun for dataset_alias_example_alias_consumer_with_no_taskflow to None, run_after=None
[2025-04-02T19:23:04.913+0000] {logging_mixin.py:190} INFO - [2025-04-02T19:23:04.912+0000] {dag.py:4180} INFO - Setting next_dagrun for dataset_alias_example_alias_producer_with_no_taskflow to None, run_after=None
[2025-04-02T19:23:04.920+0000] {logging_mixin.py:190} INFO - [2025-04-02T19:23:04.919+0000] {dag.py:4180} INFO - Setting next_dagrun for dataset_s3_bucket_consumer_with_no_taskflow to None, run_after=None
[2025-04-02T19:23:04.927+0000] {logging_mixin.py:190} INFO - [2025-04-02T19:23:04.926+0000] {dag.py:4180} INFO - Setting next_dagrun for dataset_s3_bucket_producer_with_no_taskflow to None, run_after=None
[2025-04-02T19:23:05.004+0000] {processor.py:208} INFO - Processing /home/airflow/.local/lib/python3.12/site-packages/airflow/example_dags/example_dataset_alias_with_no_taskflow.py took 5.455 seconds
[2025-04-02T19:23:35.700+0000] {processor.py:186} INFO - Started process (PID=2008) to work on /home/airflow/.local/lib/python3.12/site-packages/airflow/example_dags/example_dataset_alias_with_no_taskflow.py
[2025-04-02T19:23:35.747+0000] {processor.py:914} INFO - Processing file /home/airflow/.local/lib/python3.12/site-packages/airflow/example_dags/example_dataset_alias_with_no_taskflow.py for tasks to queue
[2025-04-02T19:23:35.765+0000] {logging_mixin.py:190} INFO - [2025-04-02T19:23:35.764+0000] {dagbag.py:588} INFO - Filling up the DagBag from /home/airflow/.local/lib/python3.12/site-packages/airflow/example_dags/example_dataset_alias_with_no_taskflow.py
[2025-04-02T19:23:41.680+0000] {processor.py:925} INFO - DAG(s) 'dataset_s3_bucket_producer_with_no_taskflow', 'dataset_alias_example_alias_producer_with_no_taskflow', 'dataset_alias_example_alias_consumer_with_no_taskflow', 'dataset_s3_bucket_consumer_with_no_taskflow' retrieved from /home/airflow/.local/lib/python3.12/site-packages/airflow/example_dags/example_dataset_alias_with_no_taskflow.py
[2025-04-02T19:23:42.047+0000] {logging_mixin.py:190} INFO - [2025-04-02T19:23:42.045+0000] {dag.py:3239} INFO - Sync 4 DAGs
[2025-04-02T19:23:42.384+0000] {logging_mixin.py:190} INFO - [2025-04-02T19:23:42.383+0000] {dag.py:4180} INFO - Setting next_dagrun for dataset_alias_example_alias_consumer_with_no_taskflow to None, run_after=None
[2025-04-02T19:23:42.480+0000] {logging_mixin.py:190} INFO - [2025-04-02T19:23:42.479+0000] {dag.py:4180} INFO - Setting next_dagrun for dataset_alias_example_alias_producer_with_no_taskflow to None, run_after=None
[2025-04-02T19:23:42.648+0000] {logging_mixin.py:190} INFO - [2025-04-02T19:23:42.648+0000] {dag.py:4180} INFO - Setting next_dagrun for dataset_s3_bucket_consumer_with_no_taskflow to None, run_after=None
[2025-04-02T19:23:42.690+0000] {logging_mixin.py:190} INFO - [2025-04-02T19:23:42.690+0000] {dag.py:4180} INFO - Setting next_dagrun for dataset_s3_bucket_producer_with_no_taskflow to None, run_after=None
[2025-04-02T19:23:43.091+0000] {processor.py:208} INFO - Processing /home/airflow/.local/lib/python3.12/site-packages/airflow/example_dags/example_dataset_alias_with_no_taskflow.py took 7.428 seconds
[2025-04-02T19:24:13.368+0000] {processor.py:186} INFO - Started process (PID=2080) to work on /home/airflow/.local/lib/python3.12/site-packages/airflow/example_dags/example_dataset_alias_with_no_taskflow.py
[2025-04-02T19:24:13.370+0000] {processor.py:914} INFO - Processing file /home/airflow/.local/lib/python3.12/site-packages/airflow/example_dags/example_dataset_alias_with_no_taskflow.py for tasks to queue
[2025-04-02T19:24:13.374+0000] {logging_mixin.py:190} INFO - [2025-04-02T19:24:13.373+0000] {dagbag.py:588} INFO - Filling up the DagBag from /home/airflow/.local/lib/python3.12/site-packages/airflow/example_dags/example_dataset_alias_with_no_taskflow.py
[2025-04-02T19:24:14.560+0000] {processor.py:925} INFO - DAG(s) 'dataset_s3_bucket_consumer_with_no_taskflow', 'dataset_alias_example_alias_consumer_with_no_taskflow', 'dataset_s3_bucket_producer_with_no_taskflow', 'dataset_alias_example_alias_producer_with_no_taskflow' retrieved from /home/airflow/.local/lib/python3.12/site-packages/airflow/example_dags/example_dataset_alias_with_no_taskflow.py
[2025-04-02T19:24:14.598+0000] {logging_mixin.py:190} INFO - [2025-04-02T19:24:14.598+0000] {dag.py:3239} INFO - Sync 4 DAGs
[2025-04-02T19:24:14.638+0000] {logging_mixin.py:190} INFO - [2025-04-02T19:24:14.637+0000] {dag.py:4180} INFO - Setting next_dagrun for dataset_alias_example_alias_consumer_with_no_taskflow to None, run_after=None
[2025-04-02T19:24:14.645+0000] {logging_mixin.py:190} INFO - [2025-04-02T19:24:14.645+0000] {dag.py:4180} INFO - Setting next_dagrun for dataset_alias_example_alias_producer_with_no_taskflow to None, run_after=None
[2025-04-02T19:24:14.650+0000] {logging_mixin.py:190} INFO - [2025-04-02T19:24:14.649+0000] {dag.py:4180} INFO - Setting next_dagrun for dataset_s3_bucket_consumer_with_no_taskflow to None, run_after=None
[2025-04-02T19:24:14.653+0000] {logging_mixin.py:190} INFO - [2025-04-02T19:24:14.653+0000] {dag.py:4180} INFO - Setting next_dagrun for dataset_s3_bucket_producer_with_no_taskflow to None, run_after=None
[2025-04-02T19:24:14.693+0000] {processor.py:208} INFO - Processing /home/airflow/.local/lib/python3.12/site-packages/airflow/example_dags/example_dataset_alias_with_no_taskflow.py took 1.343 seconds
