[2025-04-02T19:02:45.195+0000] {processor.py:186} INFO - Started process (PID=84) to work on /home/airflow/.local/lib/python3.12/site-packages/airflow/example_dags/example_nested_branch_dag.py
[2025-04-02T19:02:45.270+0000] {processor.py:914} INFO - Processing file /home/airflow/.local/lib/python3.12/site-packages/airflow/example_dags/example_nested_branch_dag.py for tasks to queue
[2025-04-02T19:02:45.408+0000] {logging_mixin.py:190} INFO - [2025-04-02T19:02:45.407+0000] {dagbag.py:588} INFO - Filling up the DagBag from /home/airflow/.local/lib/python3.12/site-packages/airflow/example_dags/example_nested_branch_dag.py
[2025-04-02T19:02:45.777+0000] {processor.py:925} INFO - DAG(s) 'example_nested_branch_dag' retrieved from /home/airflow/.local/lib/python3.12/site-packages/airflow/example_dags/example_nested_branch_dag.py
[2025-04-02T19:02:48.643+0000] {logging_mixin.py:190} INFO - [2025-04-02T19:02:48.641+0000] {override.py:1912} INFO - Created Permission View: can delete on DAG:example_nested_branch_dag
[2025-04-02T19:02:48.816+0000] {logging_mixin.py:190} INFO - [2025-04-02T19:02:48.816+0000] {override.py:1912} INFO - Created Permission View: can edit on DAG:example_nested_branch_dag
[2025-04-02T19:02:49.031+0000] {logging_mixin.py:190} INFO - [2025-04-02T19:02:49.030+0000] {override.py:1912} INFO - Created Permission View: can read on DAG:example_nested_branch_dag
[2025-04-02T19:02:49.219+0000] {logging_mixin.py:190} INFO - [2025-04-02T19:02:49.218+0000] {override.py:1912} INFO - Created Permission View: can delete on DAG Run:example_nested_branch_dag
[2025-04-02T19:02:49.276+0000] {logging_mixin.py:190} INFO - [2025-04-02T19:02:49.275+0000] {override.py:1912} INFO - Created Permission View: can read on DAG Run:example_nested_branch_dag
[2025-04-02T19:02:49.459+0000] {logging_mixin.py:190} INFO - [2025-04-02T19:02:49.458+0000] {override.py:1912} INFO - Created Permission View: can create on DAG Run:example_nested_branch_dag
[2025-04-02T19:02:49.556+0000] {logging_mixin.py:190} INFO - [2025-04-02T19:02:49.552+0000] {override.py:1912} INFO - Created Permission View: menu access on DAG Run:example_nested_branch_dag
[2025-04-02T19:02:49.558+0000] {logging_mixin.py:190} INFO - [2025-04-02T19:02:49.558+0000] {dag.py:3239} INFO - Sync 1 DAGs
[2025-04-02T19:02:49.772+0000] {logging_mixin.py:190} INFO - [2025-04-02T19:02:49.771+0000] {dag.py:3262} INFO - Creating ORM DAG for example_nested_branch_dag
[2025-04-02T19:02:49.986+0000] {logging_mixin.py:190} INFO - [2025-04-02T19:02:49.986+0000] {dag.py:4180} INFO - Setting next_dagrun for example_nested_branch_dag to 2025-04-01 00:00:00+00:00, run_after=2025-04-02 00:00:00+00:00
[2025-04-02T19:02:50.238+0000] {processor.py:208} INFO - Processing /home/airflow/.local/lib/python3.12/site-packages/airflow/example_dags/example_nested_branch_dag.py took 5.197 seconds
[2025-04-02T19:04:20.936+0000] {processor.py:186} INFO - Started process (PID=159) to work on /home/airflow/.local/lib/python3.12/site-packages/airflow/example_dags/example_nested_branch_dag.py
[2025-04-02T19:04:20.940+0000] {processor.py:914} INFO - Processing file /home/airflow/.local/lib/python3.12/site-packages/airflow/example_dags/example_nested_branch_dag.py for tasks to queue
[2025-04-02T19:04:20.960+0000] {logging_mixin.py:190} INFO - [2025-04-02T19:04:20.958+0000] {dagbag.py:588} INFO - Filling up the DagBag from /home/airflow/.local/lib/python3.12/site-packages/airflow/example_dags/example_nested_branch_dag.py
[2025-04-02T19:04:21.012+0000] {processor.py:925} INFO - DAG(s) 'example_nested_branch_dag' retrieved from /home/airflow/.local/lib/python3.12/site-packages/airflow/example_dags/example_nested_branch_dag.py
[2025-04-02T19:04:21.131+0000] {logging_mixin.py:190} INFO - [2025-04-02T19:04:21.130+0000] {dag.py:3239} INFO - Sync 1 DAGs
[2025-04-02T19:04:21.312+0000] {logging_mixin.py:190} INFO - [2025-04-02T19:04:21.311+0000] {dag.py:4180} INFO - Setting next_dagrun for example_nested_branch_dag to 2025-04-01 00:00:00+00:00, run_after=2025-04-02 00:00:00+00:00
[2025-04-02T19:04:21.407+0000] {processor.py:208} INFO - Processing /home/airflow/.local/lib/python3.12/site-packages/airflow/example_dags/example_nested_branch_dag.py took 0.575 seconds
[2025-04-02T19:04:51.703+0000] {processor.py:186} INFO - Started process (PID=221) to work on /home/airflow/.local/lib/python3.12/site-packages/airflow/example_dags/example_nested_branch_dag.py
[2025-04-02T19:04:51.706+0000] {processor.py:914} INFO - Processing file /home/airflow/.local/lib/python3.12/site-packages/airflow/example_dags/example_nested_branch_dag.py for tasks to queue
[2025-04-02T19:04:51.716+0000] {logging_mixin.py:190} INFO - [2025-04-02T19:04:51.715+0000] {dagbag.py:588} INFO - Filling up the DagBag from /home/airflow/.local/lib/python3.12/site-packages/airflow/example_dags/example_nested_branch_dag.py
[2025-04-02T19:04:51.743+0000] {processor.py:925} INFO - DAG(s) 'example_nested_branch_dag' retrieved from /home/airflow/.local/lib/python3.12/site-packages/airflow/example_dags/example_nested_branch_dag.py
[2025-04-02T19:04:51.794+0000] {logging_mixin.py:190} INFO - [2025-04-02T19:04:51.792+0000] {dag.py:3239} INFO - Sync 1 DAGs
[2025-04-02T19:04:51.923+0000] {logging_mixin.py:190} INFO - [2025-04-02T19:04:51.921+0000] {dag.py:4180} INFO - Setting next_dagrun for example_nested_branch_dag to 2025-04-01 00:00:00+00:00, run_after=2025-04-02 00:00:00+00:00
[2025-04-02T19:04:51.987+0000] {processor.py:208} INFO - Processing /home/airflow/.local/lib/python3.12/site-packages/airflow/example_dags/example_nested_branch_dag.py took 0.306 seconds
[2025-04-02T19:05:26.145+0000] {processor.py:186} INFO - Started process (PID=268) to work on /home/airflow/.local/lib/python3.12/site-packages/airflow/example_dags/example_nested_branch_dag.py
[2025-04-02T19:05:26.167+0000] {processor.py:914} INFO - Processing file /home/airflow/.local/lib/python3.12/site-packages/airflow/example_dags/example_nested_branch_dag.py for tasks to queue
[2025-04-02T19:05:26.186+0000] {logging_mixin.py:190} INFO - [2025-04-02T19:05:26.185+0000] {dagbag.py:588} INFO - Filling up the DagBag from /home/airflow/.local/lib/python3.12/site-packages/airflow/example_dags/example_nested_branch_dag.py
[2025-04-02T19:05:26.242+0000] {processor.py:925} INFO - DAG(s) 'example_nested_branch_dag' retrieved from /home/airflow/.local/lib/python3.12/site-packages/airflow/example_dags/example_nested_branch_dag.py
[2025-04-02T19:05:26.445+0000] {logging_mixin.py:190} INFO - [2025-04-02T19:05:26.445+0000] {dag.py:3239} INFO - Sync 1 DAGs
[2025-04-02T19:05:26.615+0000] {logging_mixin.py:190} INFO - [2025-04-02T19:05:26.602+0000] {dag.py:4180} INFO - Setting next_dagrun for example_nested_branch_dag to 2025-04-01 00:00:00+00:00, run_after=2025-04-02 00:00:00+00:00
[2025-04-02T19:05:26.697+0000] {processor.py:208} INFO - Processing /home/airflow/.local/lib/python3.12/site-packages/airflow/example_dags/example_nested_branch_dag.py took 0.609 seconds
[2025-04-02T19:05:57.169+0000] {processor.py:186} INFO - Started process (PID=330) to work on /home/airflow/.local/lib/python3.12/site-packages/airflow/example_dags/example_nested_branch_dag.py
[2025-04-02T19:05:57.171+0000] {processor.py:914} INFO - Processing file /home/airflow/.local/lib/python3.12/site-packages/airflow/example_dags/example_nested_branch_dag.py for tasks to queue
[2025-04-02T19:05:57.182+0000] {logging_mixin.py:190} INFO - [2025-04-02T19:05:57.180+0000] {dagbag.py:588} INFO - Filling up the DagBag from /home/airflow/.local/lib/python3.12/site-packages/airflow/example_dags/example_nested_branch_dag.py
[2025-04-02T19:05:57.218+0000] {processor.py:925} INFO - DAG(s) 'example_nested_branch_dag' retrieved from /home/airflow/.local/lib/python3.12/site-packages/airflow/example_dags/example_nested_branch_dag.py
[2025-04-02T19:05:57.261+0000] {logging_mixin.py:190} INFO - [2025-04-02T19:05:57.261+0000] {dag.py:3239} INFO - Sync 1 DAGs
[2025-04-02T19:05:57.318+0000] {logging_mixin.py:190} INFO - [2025-04-02T19:05:57.317+0000] {dag.py:4180} INFO - Setting next_dagrun for example_nested_branch_dag to 2025-04-01 00:00:00+00:00, run_after=2025-04-02 00:00:00+00:00
[2025-04-02T19:05:57.430+0000] {processor.py:208} INFO - Processing /home/airflow/.local/lib/python3.12/site-packages/airflow/example_dags/example_nested_branch_dag.py took 0.272 seconds
[2025-04-02T19:06:32.900+0000] {processor.py:186} INFO - Started process (PID=397) to work on /home/airflow/.local/lib/python3.12/site-packages/airflow/example_dags/example_nested_branch_dag.py
[2025-04-02T19:06:32.932+0000] {processor.py:914} INFO - Processing file /home/airflow/.local/lib/python3.12/site-packages/airflow/example_dags/example_nested_branch_dag.py for tasks to queue
[2025-04-02T19:06:32.967+0000] {logging_mixin.py:190} INFO - [2025-04-02T19:06:32.966+0000] {dagbag.py:588} INFO - Filling up the DagBag from /home/airflow/.local/lib/python3.12/site-packages/airflow/example_dags/example_nested_branch_dag.py
[2025-04-02T19:06:33.158+0000] {processor.py:925} INFO - DAG(s) 'example_nested_branch_dag' retrieved from /home/airflow/.local/lib/python3.12/site-packages/airflow/example_dags/example_nested_branch_dag.py
[2025-04-02T19:06:33.581+0000] {logging_mixin.py:190} INFO - [2025-04-02T19:06:33.580+0000] {dag.py:3239} INFO - Sync 1 DAGs
[2025-04-02T19:06:33.877+0000] {logging_mixin.py:190} INFO - [2025-04-02T19:06:33.870+0000] {dag.py:4180} INFO - Setting next_dagrun for example_nested_branch_dag to 2025-04-01 00:00:00+00:00, run_after=2025-04-02 00:00:00+00:00
[2025-04-02T19:06:34.017+0000] {processor.py:208} INFO - Processing /home/airflow/.local/lib/python3.12/site-packages/airflow/example_dags/example_nested_branch_dag.py took 1.465 seconds
[2025-04-02T19:07:13.478+0000] {processor.py:186} INFO - Started process (PID=459) to work on /home/airflow/.local/lib/python3.12/site-packages/airflow/example_dags/example_nested_branch_dag.py
[2025-04-02T19:07:13.490+0000] {processor.py:914} INFO - Processing file /home/airflow/.local/lib/python3.12/site-packages/airflow/example_dags/example_nested_branch_dag.py for tasks to queue
[2025-04-02T19:07:13.504+0000] {logging_mixin.py:190} INFO - [2025-04-02T19:07:13.503+0000] {dagbag.py:588} INFO - Filling up the DagBag from /home/airflow/.local/lib/python3.12/site-packages/airflow/example_dags/example_nested_branch_dag.py
[2025-04-02T19:07:13.554+0000] {processor.py:925} INFO - DAG(s) 'example_nested_branch_dag' retrieved from /home/airflow/.local/lib/python3.12/site-packages/airflow/example_dags/example_nested_branch_dag.py
[2025-04-02T19:07:13.719+0000] {logging_mixin.py:190} INFO - [2025-04-02T19:07:13.719+0000] {dag.py:3239} INFO - Sync 1 DAGs
[2025-04-02T19:07:13.859+0000] {logging_mixin.py:190} INFO - [2025-04-02T19:07:13.856+0000] {dag.py:4180} INFO - Setting next_dagrun for example_nested_branch_dag to 2025-04-01 00:00:00+00:00, run_after=2025-04-02 00:00:00+00:00
[2025-04-02T19:07:14.018+0000] {processor.py:208} INFO - Processing /home/airflow/.local/lib/python3.12/site-packages/airflow/example_dags/example_nested_branch_dag.py took 0.574 seconds
[2025-04-02T19:07:46.870+0000] {processor.py:186} INFO - Started process (PID=517) to work on /home/airflow/.local/lib/python3.12/site-packages/airflow/example_dags/example_nested_branch_dag.py
[2025-04-02T19:07:46.883+0000] {processor.py:914} INFO - Processing file /home/airflow/.local/lib/python3.12/site-packages/airflow/example_dags/example_nested_branch_dag.py for tasks to queue
[2025-04-02T19:07:46.901+0000] {logging_mixin.py:190} INFO - [2025-04-02T19:07:46.900+0000] {dagbag.py:588} INFO - Filling up the DagBag from /home/airflow/.local/lib/python3.12/site-packages/airflow/example_dags/example_nested_branch_dag.py
[2025-04-02T19:07:47.013+0000] {processor.py:925} INFO - DAG(s) 'example_nested_branch_dag' retrieved from /home/airflow/.local/lib/python3.12/site-packages/airflow/example_dags/example_nested_branch_dag.py
[2025-04-02T19:07:47.286+0000] {logging_mixin.py:190} INFO - [2025-04-02T19:07:47.286+0000] {dag.py:3239} INFO - Sync 1 DAGs
[2025-04-02T19:07:47.527+0000] {logging_mixin.py:190} INFO - [2025-04-02T19:07:47.526+0000] {dag.py:4180} INFO - Setting next_dagrun for example_nested_branch_dag to 2025-04-01 00:00:00+00:00, run_after=2025-04-02 00:00:00+00:00
[2025-04-02T19:07:47.655+0000] {processor.py:208} INFO - Processing /home/airflow/.local/lib/python3.12/site-packages/airflow/example_dags/example_nested_branch_dag.py took 0.940 seconds
[2025-04-02T19:08:18.094+0000] {processor.py:186} INFO - Started process (PID=579) to work on /home/airflow/.local/lib/python3.12/site-packages/airflow/example_dags/example_nested_branch_dag.py
[2025-04-02T19:08:18.106+0000] {processor.py:914} INFO - Processing file /home/airflow/.local/lib/python3.12/site-packages/airflow/example_dags/example_nested_branch_dag.py for tasks to queue
[2025-04-02T19:08:18.129+0000] {logging_mixin.py:190} INFO - [2025-04-02T19:08:18.128+0000] {dagbag.py:588} INFO - Filling up the DagBag from /home/airflow/.local/lib/python3.12/site-packages/airflow/example_dags/example_nested_branch_dag.py
[2025-04-02T19:08:18.212+0000] {processor.py:925} INFO - DAG(s) 'example_nested_branch_dag' retrieved from /home/airflow/.local/lib/python3.12/site-packages/airflow/example_dags/example_nested_branch_dag.py
[2025-04-02T19:08:18.271+0000] {logging_mixin.py:190} INFO - [2025-04-02T19:08:18.271+0000] {dag.py:3239} INFO - Sync 1 DAGs
[2025-04-02T19:08:18.387+0000] {logging_mixin.py:190} INFO - [2025-04-02T19:08:18.386+0000] {dag.py:4180} INFO - Setting next_dagrun for example_nested_branch_dag to 2025-04-01 00:00:00+00:00, run_after=2025-04-02 00:00:00+00:00
[2025-04-02T19:08:18.485+0000] {processor.py:208} INFO - Processing /home/airflow/.local/lib/python3.12/site-packages/airflow/example_dags/example_nested_branch_dag.py took 0.419 seconds
[2025-04-02T19:08:48.785+0000] {processor.py:186} INFO - Started process (PID=611) to work on /home/airflow/.local/lib/python3.12/site-packages/airflow/example_dags/example_nested_branch_dag.py
[2025-04-02T19:08:48.788+0000] {processor.py:914} INFO - Processing file /home/airflow/.local/lib/python3.12/site-packages/airflow/example_dags/example_nested_branch_dag.py for tasks to queue
[2025-04-02T19:08:48.806+0000] {logging_mixin.py:190} INFO - [2025-04-02T19:08:48.805+0000] {dagbag.py:588} INFO - Filling up the DagBag from /home/airflow/.local/lib/python3.12/site-packages/airflow/example_dags/example_nested_branch_dag.py
[2025-04-02T19:08:48.944+0000] {processor.py:925} INFO - DAG(s) 'example_nested_branch_dag' retrieved from /home/airflow/.local/lib/python3.12/site-packages/airflow/example_dags/example_nested_branch_dag.py
[2025-04-02T19:08:49.194+0000] {logging_mixin.py:190} INFO - [2025-04-02T19:08:49.193+0000] {dag.py:3239} INFO - Sync 1 DAGs
[2025-04-02T19:08:49.449+0000] {logging_mixin.py:190} INFO - [2025-04-02T19:08:49.431+0000] {dag.py:4180} INFO - Setting next_dagrun for example_nested_branch_dag to 2025-04-01 00:00:00+00:00, run_after=2025-04-02 00:00:00+00:00
[2025-04-02T19:08:49.983+0000] {processor.py:208} INFO - Processing /home/airflow/.local/lib/python3.12/site-packages/airflow/example_dags/example_nested_branch_dag.py took 1.260 seconds
[2025-04-02T19:09:26.373+0000] {processor.py:186} INFO - Started process (PID=667) to work on /home/airflow/.local/lib/python3.12/site-packages/airflow/example_dags/example_nested_branch_dag.py
[2025-04-02T19:09:26.416+0000] {processor.py:914} INFO - Processing file /home/airflow/.local/lib/python3.12/site-packages/airflow/example_dags/example_nested_branch_dag.py for tasks to queue
[2025-04-02T19:09:26.496+0000] {logging_mixin.py:190} INFO - [2025-04-02T19:09:26.495+0000] {dagbag.py:588} INFO - Filling up the DagBag from /home/airflow/.local/lib/python3.12/site-packages/airflow/example_dags/example_nested_branch_dag.py
[2025-04-02T19:09:26.644+0000] {processor.py:925} INFO - DAG(s) 'example_nested_branch_dag' retrieved from /home/airflow/.local/lib/python3.12/site-packages/airflow/example_dags/example_nested_branch_dag.py
[2025-04-02T19:09:26.903+0000] {logging_mixin.py:190} INFO - [2025-04-02T19:09:26.902+0000] {dag.py:3239} INFO - Sync 1 DAGs
[2025-04-02T19:09:27.337+0000] {logging_mixin.py:190} INFO - [2025-04-02T19:09:27.336+0000] {dag.py:4180} INFO - Setting next_dagrun for example_nested_branch_dag to 2025-04-01 00:00:00+00:00, run_after=2025-04-02 00:00:00+00:00
[2025-04-02T19:09:27.757+0000] {processor.py:208} INFO - Processing /home/airflow/.local/lib/python3.12/site-packages/airflow/example_dags/example_nested_branch_dag.py took 1.496 seconds
[2025-04-02T19:10:36.518+0000] {processor.py:186} INFO - Started process (PID=739) to work on /home/airflow/.local/lib/python3.12/site-packages/airflow/example_dags/example_nested_branch_dag.py
[2025-04-02T19:10:36.523+0000] {processor.py:914} INFO - Processing file /home/airflow/.local/lib/python3.12/site-packages/airflow/example_dags/example_nested_branch_dag.py for tasks to queue
[2025-04-02T19:10:36.529+0000] {logging_mixin.py:190} INFO - [2025-04-02T19:10:36.528+0000] {dagbag.py:588} INFO - Filling up the DagBag from /home/airflow/.local/lib/python3.12/site-packages/airflow/example_dags/example_nested_branch_dag.py
[2025-04-02T19:10:36.561+0000] {processor.py:925} INFO - DAG(s) 'example_nested_branch_dag' retrieved from /home/airflow/.local/lib/python3.12/site-packages/airflow/example_dags/example_nested_branch_dag.py
[2025-04-02T19:10:36.670+0000] {logging_mixin.py:190} INFO - [2025-04-02T19:10:36.669+0000] {dag.py:3239} INFO - Sync 1 DAGs
[2025-04-02T19:10:36.774+0000] {logging_mixin.py:190} INFO - [2025-04-02T19:10:36.773+0000] {dag.py:4180} INFO - Setting next_dagrun for example_nested_branch_dag to 2025-04-01 00:00:00+00:00, run_after=2025-04-02 00:00:00+00:00
[2025-04-02T19:10:36.824+0000] {processor.py:208} INFO - Processing /home/airflow/.local/lib/python3.12/site-packages/airflow/example_dags/example_nested_branch_dag.py took 0.321 seconds
[2025-04-02T19:11:11.692+0000] {processor.py:186} INFO - Started process (PID=795) to work on /home/airflow/.local/lib/python3.12/site-packages/airflow/example_dags/example_nested_branch_dag.py
[2025-04-02T19:11:11.700+0000] {processor.py:914} INFO - Processing file /home/airflow/.local/lib/python3.12/site-packages/airflow/example_dags/example_nested_branch_dag.py for tasks to queue
[2025-04-02T19:11:11.716+0000] {logging_mixin.py:190} INFO - [2025-04-02T19:11:11.709+0000] {dagbag.py:588} INFO - Filling up the DagBag from /home/airflow/.local/lib/python3.12/site-packages/airflow/example_dags/example_nested_branch_dag.py
[2025-04-02T19:11:11.814+0000] {processor.py:925} INFO - DAG(s) 'example_nested_branch_dag' retrieved from /home/airflow/.local/lib/python3.12/site-packages/airflow/example_dags/example_nested_branch_dag.py
[2025-04-02T19:11:12.103+0000] {logging_mixin.py:190} INFO - [2025-04-02T19:11:12.102+0000] {dag.py:3239} INFO - Sync 1 DAGs
[2025-04-02T19:11:12.326+0000] {logging_mixin.py:190} INFO - [2025-04-02T19:11:12.325+0000] {dag.py:4180} INFO - Setting next_dagrun for example_nested_branch_dag to 2025-04-01 00:00:00+00:00, run_after=2025-04-02 00:00:00+00:00
[2025-04-02T19:11:12.454+0000] {processor.py:208} INFO - Processing /home/airflow/.local/lib/python3.12/site-packages/airflow/example_dags/example_nested_branch_dag.py took 0.797 seconds
[2025-04-02T19:11:43.141+0000] {processor.py:186} INFO - Started process (PID=856) to work on /home/airflow/.local/lib/python3.12/site-packages/airflow/example_dags/example_nested_branch_dag.py
[2025-04-02T19:11:43.143+0000] {processor.py:914} INFO - Processing file /home/airflow/.local/lib/python3.12/site-packages/airflow/example_dags/example_nested_branch_dag.py for tasks to queue
[2025-04-02T19:11:43.148+0000] {logging_mixin.py:190} INFO - [2025-04-02T19:11:43.147+0000] {dagbag.py:588} INFO - Filling up the DagBag from /home/airflow/.local/lib/python3.12/site-packages/airflow/example_dags/example_nested_branch_dag.py
[2025-04-02T19:11:43.176+0000] {processor.py:925} INFO - DAG(s) 'example_nested_branch_dag' retrieved from /home/airflow/.local/lib/python3.12/site-packages/airflow/example_dags/example_nested_branch_dag.py
[2025-04-02T19:11:43.248+0000] {logging_mixin.py:190} INFO - [2025-04-02T19:11:43.247+0000] {dag.py:3239} INFO - Sync 1 DAGs
[2025-04-02T19:11:43.392+0000] {logging_mixin.py:190} INFO - [2025-04-02T19:11:43.391+0000] {dag.py:4180} INFO - Setting next_dagrun for example_nested_branch_dag to 2025-04-01 00:00:00+00:00, run_after=2025-04-02 00:00:00+00:00
[2025-04-02T19:11:43.479+0000] {processor.py:208} INFO - Processing /home/airflow/.local/lib/python3.12/site-packages/airflow/example_dags/example_nested_branch_dag.py took 0.352 seconds
[2025-04-02T19:12:17.376+0000] {processor.py:186} INFO - Started process (PID=917) to work on /home/airflow/.local/lib/python3.12/site-packages/airflow/example_dags/example_nested_branch_dag.py
[2025-04-02T19:12:17.383+0000] {processor.py:914} INFO - Processing file /home/airflow/.local/lib/python3.12/site-packages/airflow/example_dags/example_nested_branch_dag.py for tasks to queue
[2025-04-02T19:12:17.394+0000] {logging_mixin.py:190} INFO - [2025-04-02T19:12:17.393+0000] {dagbag.py:588} INFO - Filling up the DagBag from /home/airflow/.local/lib/python3.12/site-packages/airflow/example_dags/example_nested_branch_dag.py
[2025-04-02T19:12:17.437+0000] {processor.py:925} INFO - DAG(s) 'example_nested_branch_dag' retrieved from /home/airflow/.local/lib/python3.12/site-packages/airflow/example_dags/example_nested_branch_dag.py
[2025-04-02T19:12:17.506+0000] {logging_mixin.py:190} INFO - [2025-04-02T19:12:17.506+0000] {dag.py:3239} INFO - Sync 1 DAGs
[2025-04-02T19:12:17.581+0000] {logging_mixin.py:190} INFO - [2025-04-02T19:12:17.581+0000] {dag.py:4180} INFO - Setting next_dagrun for example_nested_branch_dag to 2025-04-01 00:00:00+00:00, run_after=2025-04-02 00:00:00+00:00
[2025-04-02T19:12:17.648+0000] {processor.py:208} INFO - Processing /home/airflow/.local/lib/python3.12/site-packages/airflow/example_dags/example_nested_branch_dag.py took 0.291 seconds
[2025-04-02T19:12:50.894+0000] {processor.py:186} INFO - Started process (PID=970) to work on /home/airflow/.local/lib/python3.12/site-packages/airflow/example_dags/example_nested_branch_dag.py
[2025-04-02T19:12:50.973+0000] {processor.py:914} INFO - Processing file /home/airflow/.local/lib/python3.12/site-packages/airflow/example_dags/example_nested_branch_dag.py for tasks to queue
[2025-04-02T19:12:51.001+0000] {logging_mixin.py:190} INFO - [2025-04-02T19:12:51.000+0000] {dagbag.py:588} INFO - Filling up the DagBag from /home/airflow/.local/lib/python3.12/site-packages/airflow/example_dags/example_nested_branch_dag.py
[2025-04-02T19:12:51.125+0000] {processor.py:925} INFO - DAG(s) 'example_nested_branch_dag' retrieved from /home/airflow/.local/lib/python3.12/site-packages/airflow/example_dags/example_nested_branch_dag.py
[2025-04-02T19:12:51.416+0000] {logging_mixin.py:190} INFO - [2025-04-02T19:12:51.404+0000] {dag.py:3239} INFO - Sync 1 DAGs
[2025-04-02T19:12:51.817+0000] {logging_mixin.py:190} INFO - [2025-04-02T19:12:51.817+0000] {dag.py:4180} INFO - Setting next_dagrun for example_nested_branch_dag to 2025-04-01 00:00:00+00:00, run_after=2025-04-02 00:00:00+00:00
[2025-04-02T19:12:52.166+0000] {processor.py:208} INFO - Processing /home/airflow/.local/lib/python3.12/site-packages/airflow/example_dags/example_nested_branch_dag.py took 1.322 seconds
[2025-04-02T19:13:38.473+0000] {processor.py:186} INFO - Started process (PID=1039) to work on /home/airflow/.local/lib/python3.12/site-packages/airflow/example_dags/example_nested_branch_dag.py
[2025-04-02T19:13:38.479+0000] {processor.py:914} INFO - Processing file /home/airflow/.local/lib/python3.12/site-packages/airflow/example_dags/example_nested_branch_dag.py for tasks to queue
[2025-04-02T19:13:38.494+0000] {logging_mixin.py:190} INFO - [2025-04-02T19:13:38.484+0000] {dagbag.py:588} INFO - Filling up the DagBag from /home/airflow/.local/lib/python3.12/site-packages/airflow/example_dags/example_nested_branch_dag.py
[2025-04-02T19:13:38.545+0000] {processor.py:925} INFO - DAG(s) 'example_nested_branch_dag' retrieved from /home/airflow/.local/lib/python3.12/site-packages/airflow/example_dags/example_nested_branch_dag.py
[2025-04-02T19:13:38.624+0000] {logging_mixin.py:190} INFO - [2025-04-02T19:13:38.624+0000] {dag.py:3239} INFO - Sync 1 DAGs
[2025-04-02T19:13:38.752+0000] {logging_mixin.py:190} INFO - [2025-04-02T19:13:38.751+0000] {dag.py:4180} INFO - Setting next_dagrun for example_nested_branch_dag to 2025-04-01 00:00:00+00:00, run_after=2025-04-02 00:00:00+00:00
[2025-04-02T19:13:38.814+0000] {processor.py:208} INFO - Processing /home/airflow/.local/lib/python3.12/site-packages/airflow/example_dags/example_nested_branch_dag.py took 0.424 seconds
[2025-04-02T19:14:11.658+0000] {processor.py:186} INFO - Started process (PID=1101) to work on /home/airflow/.local/lib/python3.12/site-packages/airflow/example_dags/example_nested_branch_dag.py
[2025-04-02T19:14:11.705+0000] {processor.py:914} INFO - Processing file /home/airflow/.local/lib/python3.12/site-packages/airflow/example_dags/example_nested_branch_dag.py for tasks to queue
[2025-04-02T19:14:11.739+0000] {logging_mixin.py:190} INFO - [2025-04-02T19:14:11.737+0000] {dagbag.py:588} INFO - Filling up the DagBag from /home/airflow/.local/lib/python3.12/site-packages/airflow/example_dags/example_nested_branch_dag.py
[2025-04-02T19:14:11.833+0000] {processor.py:925} INFO - DAG(s) 'example_nested_branch_dag' retrieved from /home/airflow/.local/lib/python3.12/site-packages/airflow/example_dags/example_nested_branch_dag.py
[2025-04-02T19:14:12.007+0000] {logging_mixin.py:190} INFO - [2025-04-02T19:14:12.006+0000] {dag.py:3239} INFO - Sync 1 DAGs
[2025-04-02T19:14:12.150+0000] {logging_mixin.py:190} INFO - [2025-04-02T19:14:12.150+0000] {dag.py:4180} INFO - Setting next_dagrun for example_nested_branch_dag to 2025-04-01 00:00:00+00:00, run_after=2025-04-02 00:00:00+00:00
[2025-04-02T19:14:12.375+0000] {processor.py:208} INFO - Processing /home/airflow/.local/lib/python3.12/site-packages/airflow/example_dags/example_nested_branch_dag.py took 0.775 seconds
[2025-04-02T19:14:55.354+0000] {processor.py:186} INFO - Started process (PID=1154) to work on /home/airflow/.local/lib/python3.12/site-packages/airflow/example_dags/example_nested_branch_dag.py
[2025-04-02T19:14:55.364+0000] {processor.py:914} INFO - Processing file /home/airflow/.local/lib/python3.12/site-packages/airflow/example_dags/example_nested_branch_dag.py for tasks to queue
[2025-04-02T19:14:55.387+0000] {logging_mixin.py:190} INFO - [2025-04-02T19:14:55.387+0000] {dagbag.py:588} INFO - Filling up the DagBag from /home/airflow/.local/lib/python3.12/site-packages/airflow/example_dags/example_nested_branch_dag.py
[2025-04-02T19:14:55.445+0000] {processor.py:925} INFO - DAG(s) 'example_nested_branch_dag' retrieved from /home/airflow/.local/lib/python3.12/site-packages/airflow/example_dags/example_nested_branch_dag.py
[2025-04-02T19:14:55.575+0000] {logging_mixin.py:190} INFO - [2025-04-02T19:14:55.575+0000] {dag.py:3239} INFO - Sync 1 DAGs
[2025-04-02T19:14:55.850+0000] {logging_mixin.py:190} INFO - [2025-04-02T19:14:55.847+0000] {dag.py:4180} INFO - Setting next_dagrun for example_nested_branch_dag to 2025-04-01 00:00:00+00:00, run_after=2025-04-02 00:00:00+00:00
[2025-04-02T19:14:56.047+0000] {processor.py:208} INFO - Processing /home/airflow/.local/lib/python3.12/site-packages/airflow/example_dags/example_nested_branch_dag.py took 0.734 seconds
[2025-04-02T19:15:38.513+0000] {processor.py:186} INFO - Started process (PID=1211) to work on /home/airflow/.local/lib/python3.12/site-packages/airflow/example_dags/example_nested_branch_dag.py
[2025-04-02T19:15:38.586+0000] {processor.py:914} INFO - Processing file /home/airflow/.local/lib/python3.12/site-packages/airflow/example_dags/example_nested_branch_dag.py for tasks to queue
[2025-04-02T19:15:38.605+0000] {logging_mixin.py:190} INFO - [2025-04-02T19:15:38.604+0000] {dagbag.py:588} INFO - Filling up the DagBag from /home/airflow/.local/lib/python3.12/site-packages/airflow/example_dags/example_nested_branch_dag.py
[2025-04-02T19:15:38.780+0000] {processor.py:925} INFO - DAG(s) 'example_nested_branch_dag' retrieved from /home/airflow/.local/lib/python3.12/site-packages/airflow/example_dags/example_nested_branch_dag.py
[2025-04-02T19:15:39.026+0000] {logging_mixin.py:190} INFO - [2025-04-02T19:15:39.025+0000] {dag.py:3239} INFO - Sync 1 DAGs
[2025-04-02T19:15:39.282+0000] {logging_mixin.py:190} INFO - [2025-04-02T19:15:39.281+0000] {dag.py:4180} INFO - Setting next_dagrun for example_nested_branch_dag to 2025-04-01 00:00:00+00:00, run_after=2025-04-02 00:00:00+00:00
[2025-04-02T19:15:39.663+0000] {processor.py:208} INFO - Processing /home/airflow/.local/lib/python3.12/site-packages/airflow/example_dags/example_nested_branch_dag.py took 1.239 seconds
[2025-04-02T19:16:14.478+0000] {processor.py:186} INFO - Started process (PID=1271) to work on /home/airflow/.local/lib/python3.12/site-packages/airflow/example_dags/example_nested_branch_dag.py
[2025-04-02T19:16:14.482+0000] {processor.py:914} INFO - Processing file /home/airflow/.local/lib/python3.12/site-packages/airflow/example_dags/example_nested_branch_dag.py for tasks to queue
[2025-04-02T19:16:14.494+0000] {logging_mixin.py:190} INFO - [2025-04-02T19:16:14.491+0000] {dagbag.py:588} INFO - Filling up the DagBag from /home/airflow/.local/lib/python3.12/site-packages/airflow/example_dags/example_nested_branch_dag.py
[2025-04-02T19:16:14.554+0000] {processor.py:925} INFO - DAG(s) 'example_nested_branch_dag' retrieved from /home/airflow/.local/lib/python3.12/site-packages/airflow/example_dags/example_nested_branch_dag.py
[2025-04-02T19:16:14.660+0000] {logging_mixin.py:190} INFO - [2025-04-02T19:16:14.660+0000] {dag.py:3239} INFO - Sync 1 DAGs
[2025-04-02T19:16:14.796+0000] {logging_mixin.py:190} INFO - [2025-04-02T19:16:14.782+0000] {dag.py:4180} INFO - Setting next_dagrun for example_nested_branch_dag to 2025-04-01 00:00:00+00:00, run_after=2025-04-02 00:00:00+00:00
[2025-04-02T19:16:14.982+0000] {processor.py:208} INFO - Processing /home/airflow/.local/lib/python3.12/site-packages/airflow/example_dags/example_nested_branch_dag.py took 0.519 seconds
[2025-04-02T19:16:54.619+0000] {processor.py:186} INFO - Started process (PID=1330) to work on /home/airflow/.local/lib/python3.12/site-packages/airflow/example_dags/example_nested_branch_dag.py
[2025-04-02T19:16:54.646+0000] {processor.py:914} INFO - Processing file /home/airflow/.local/lib/python3.12/site-packages/airflow/example_dags/example_nested_branch_dag.py for tasks to queue
[2025-04-02T19:16:54.693+0000] {logging_mixin.py:190} INFO - [2025-04-02T19:16:54.691+0000] {dagbag.py:588} INFO - Filling up the DagBag from /home/airflow/.local/lib/python3.12/site-packages/airflow/example_dags/example_nested_branch_dag.py
[2025-04-02T19:16:54.811+0000] {processor.py:925} INFO - DAG(s) 'example_nested_branch_dag' retrieved from /home/airflow/.local/lib/python3.12/site-packages/airflow/example_dags/example_nested_branch_dag.py
[2025-04-02T19:16:55.054+0000] {logging_mixin.py:190} INFO - [2025-04-02T19:16:55.054+0000] {dag.py:3239} INFO - Sync 1 DAGs
[2025-04-02T19:16:55.412+0000] {logging_mixin.py:190} INFO - [2025-04-02T19:16:55.410+0000] {dag.py:4180} INFO - Setting next_dagrun for example_nested_branch_dag to 2025-04-01 00:00:00+00:00, run_after=2025-04-02 00:00:00+00:00
[2025-04-02T19:16:55.712+0000] {processor.py:208} INFO - Processing /home/airflow/.local/lib/python3.12/site-packages/airflow/example_dags/example_nested_branch_dag.py took 1.232 seconds
[2025-04-02T19:17:28.080+0000] {processor.py:186} INFO - Started process (PID=1394) to work on /home/airflow/.local/lib/python3.12/site-packages/airflow/example_dags/example_nested_branch_dag.py
[2025-04-02T19:17:28.095+0000] {processor.py:914} INFO - Processing file /home/airflow/.local/lib/python3.12/site-packages/airflow/example_dags/example_nested_branch_dag.py for tasks to queue
[2025-04-02T19:17:28.145+0000] {logging_mixin.py:190} INFO - [2025-04-02T19:17:28.138+0000] {dagbag.py:588} INFO - Filling up the DagBag from /home/airflow/.local/lib/python3.12/site-packages/airflow/example_dags/example_nested_branch_dag.py
[2025-04-02T19:17:28.231+0000] {processor.py:925} INFO - DAG(s) 'example_nested_branch_dag' retrieved from /home/airflow/.local/lib/python3.12/site-packages/airflow/example_dags/example_nested_branch_dag.py
[2025-04-02T19:17:28.521+0000] {logging_mixin.py:190} INFO - [2025-04-02T19:17:28.496+0000] {dag.py:3239} INFO - Sync 1 DAGs
[2025-04-02T19:17:28.810+0000] {logging_mixin.py:190} INFO - [2025-04-02T19:17:28.809+0000] {dag.py:4180} INFO - Setting next_dagrun for example_nested_branch_dag to 2025-04-01 00:00:00+00:00, run_after=2025-04-02 00:00:00+00:00
[2025-04-02T19:17:28.988+0000] {processor.py:208} INFO - Processing /home/airflow/.local/lib/python3.12/site-packages/airflow/example_dags/example_nested_branch_dag.py took 1.013 seconds
[2025-04-02T19:17:59.664+0000] {processor.py:186} INFO - Started process (PID=1456) to work on /home/airflow/.local/lib/python3.12/site-packages/airflow/example_dags/example_nested_branch_dag.py
[2025-04-02T19:17:59.668+0000] {processor.py:914} INFO - Processing file /home/airflow/.local/lib/python3.12/site-packages/airflow/example_dags/example_nested_branch_dag.py for tasks to queue
[2025-04-02T19:17:59.680+0000] {logging_mixin.py:190} INFO - [2025-04-02T19:17:59.677+0000] {dagbag.py:588} INFO - Filling up the DagBag from /home/airflow/.local/lib/python3.12/site-packages/airflow/example_dags/example_nested_branch_dag.py
[2025-04-02T19:17:59.753+0000] {processor.py:925} INFO - DAG(s) 'example_nested_branch_dag' retrieved from /home/airflow/.local/lib/python3.12/site-packages/airflow/example_dags/example_nested_branch_dag.py
[2025-04-02T19:17:59.927+0000] {logging_mixin.py:190} INFO - [2025-04-02T19:17:59.926+0000] {dag.py:3239} INFO - Sync 1 DAGs
[2025-04-02T19:18:00.155+0000] {logging_mixin.py:190} INFO - [2025-04-02T19:18:00.154+0000] {dag.py:4180} INFO - Setting next_dagrun for example_nested_branch_dag to 2025-04-01 00:00:00+00:00, run_after=2025-04-02 00:00:00+00:00
[2025-04-02T19:18:00.241+0000] {processor.py:208} INFO - Processing /home/airflow/.local/lib/python3.12/site-packages/airflow/example_dags/example_nested_branch_dag.py took 0.616 seconds
[2025-04-02T19:18:31.102+0000] {processor.py:186} INFO - Started process (PID=1519) to work on /home/airflow/.local/lib/python3.12/site-packages/airflow/example_dags/example_nested_branch_dag.py
[2025-04-02T19:18:31.105+0000] {processor.py:914} INFO - Processing file /home/airflow/.local/lib/python3.12/site-packages/airflow/example_dags/example_nested_branch_dag.py for tasks to queue
[2025-04-02T19:18:31.112+0000] {logging_mixin.py:190} INFO - [2025-04-02T19:18:31.111+0000] {dagbag.py:588} INFO - Filling up the DagBag from /home/airflow/.local/lib/python3.12/site-packages/airflow/example_dags/example_nested_branch_dag.py
[2025-04-02T19:18:31.156+0000] {processor.py:925} INFO - DAG(s) 'example_nested_branch_dag' retrieved from /home/airflow/.local/lib/python3.12/site-packages/airflow/example_dags/example_nested_branch_dag.py
[2025-04-02T19:18:31.234+0000] {logging_mixin.py:190} INFO - [2025-04-02T19:18:31.234+0000] {dag.py:3239} INFO - Sync 1 DAGs
[2025-04-02T19:18:31.321+0000] {logging_mixin.py:190} INFO - [2025-04-02T19:18:31.321+0000] {dag.py:4180} INFO - Setting next_dagrun for example_nested_branch_dag to 2025-04-01 00:00:00+00:00, run_after=2025-04-02 00:00:00+00:00
[2025-04-02T19:18:31.400+0000] {processor.py:208} INFO - Processing /home/airflow/.local/lib/python3.12/site-packages/airflow/example_dags/example_nested_branch_dag.py took 0.322 seconds
[2025-04-02T19:19:06.779+0000] {processor.py:186} INFO - Started process (PID=1578) to work on /home/airflow/.local/lib/python3.12/site-packages/airflow/example_dags/example_nested_branch_dag.py
[2025-04-02T19:19:06.782+0000] {processor.py:914} INFO - Processing file /home/airflow/.local/lib/python3.12/site-packages/airflow/example_dags/example_nested_branch_dag.py for tasks to queue
[2025-04-02T19:19:06.794+0000] {logging_mixin.py:190} INFO - [2025-04-02T19:19:06.793+0000] {dagbag.py:588} INFO - Filling up the DagBag from /home/airflow/.local/lib/python3.12/site-packages/airflow/example_dags/example_nested_branch_dag.py
[2025-04-02T19:19:06.836+0000] {processor.py:925} INFO - DAG(s) 'example_nested_branch_dag' retrieved from /home/airflow/.local/lib/python3.12/site-packages/airflow/example_dags/example_nested_branch_dag.py
[2025-04-02T19:19:06.961+0000] {logging_mixin.py:190} INFO - [2025-04-02T19:19:06.960+0000] {dag.py:3239} INFO - Sync 1 DAGs
[2025-04-02T19:19:07.168+0000] {logging_mixin.py:190} INFO - [2025-04-02T19:19:07.167+0000] {dag.py:4180} INFO - Setting next_dagrun for example_nested_branch_dag to 2025-04-01 00:00:00+00:00, run_after=2025-04-02 00:00:00+00:00
[2025-04-02T19:19:07.280+0000] {processor.py:208} INFO - Processing /home/airflow/.local/lib/python3.12/site-packages/airflow/example_dags/example_nested_branch_dag.py took 0.519 seconds
[2025-04-02T19:19:45.017+0000] {processor.py:186} INFO - Started process (PID=1637) to work on /home/airflow/.local/lib/python3.12/site-packages/airflow/example_dags/example_nested_branch_dag.py
[2025-04-02T19:19:45.047+0000] {processor.py:914} INFO - Processing file /home/airflow/.local/lib/python3.12/site-packages/airflow/example_dags/example_nested_branch_dag.py for tasks to queue
[2025-04-02T19:19:45.066+0000] {logging_mixin.py:190} INFO - [2025-04-02T19:19:45.065+0000] {dagbag.py:588} INFO - Filling up the DagBag from /home/airflow/.local/lib/python3.12/site-packages/airflow/example_dags/example_nested_branch_dag.py
[2025-04-02T19:19:45.208+0000] {processor.py:925} INFO - DAG(s) 'example_nested_branch_dag' retrieved from /home/airflow/.local/lib/python3.12/site-packages/airflow/example_dags/example_nested_branch_dag.py
[2025-04-02T19:19:45.639+0000] {logging_mixin.py:190} INFO - [2025-04-02T19:19:45.638+0000] {dag.py:3239} INFO - Sync 1 DAGs
[2025-04-02T19:19:45.912+0000] {logging_mixin.py:190} INFO - [2025-04-02T19:19:45.911+0000] {dag.py:4180} INFO - Setting next_dagrun for example_nested_branch_dag to 2025-04-01 00:00:00+00:00, run_after=2025-04-02 00:00:00+00:00
[2025-04-02T19:19:46.053+0000] {processor.py:208} INFO - Processing /home/airflow/.local/lib/python3.12/site-packages/airflow/example_dags/example_nested_branch_dag.py took 1.088 seconds
[2025-04-02T19:20:27.330+0000] {processor.py:186} INFO - Started process (PID=1693) to work on /home/airflow/.local/lib/python3.12/site-packages/airflow/example_dags/example_nested_branch_dag.py
[2025-04-02T19:20:27.332+0000] {processor.py:914} INFO - Processing file /home/airflow/.local/lib/python3.12/site-packages/airflow/example_dags/example_nested_branch_dag.py for tasks to queue
[2025-04-02T19:20:27.344+0000] {logging_mixin.py:190} INFO - [2025-04-02T19:20:27.343+0000] {dagbag.py:588} INFO - Filling up the DagBag from /home/airflow/.local/lib/python3.12/site-packages/airflow/example_dags/example_nested_branch_dag.py
[2025-04-02T19:20:27.393+0000] {processor.py:925} INFO - DAG(s) 'example_nested_branch_dag' retrieved from /home/airflow/.local/lib/python3.12/site-packages/airflow/example_dags/example_nested_branch_dag.py
[2025-04-02T19:20:27.442+0000] {logging_mixin.py:190} INFO - [2025-04-02T19:20:27.442+0000] {dag.py:3239} INFO - Sync 1 DAGs
[2025-04-02T19:20:27.513+0000] {logging_mixin.py:190} INFO - [2025-04-02T19:20:27.513+0000] {dag.py:4180} INFO - Setting next_dagrun for example_nested_branch_dag to 2025-04-01 00:00:00+00:00, run_after=2025-04-02 00:00:00+00:00
[2025-04-02T19:20:27.621+0000] {processor.py:208} INFO - Processing /home/airflow/.local/lib/python3.12/site-packages/airflow/example_dags/example_nested_branch_dag.py took 0.313 seconds
[2025-04-02T19:21:00.214+0000] {processor.py:186} INFO - Started process (PID=1749) to work on /home/airflow/.local/lib/python3.12/site-packages/airflow/example_dags/example_nested_branch_dag.py
[2025-04-02T19:21:00.216+0000] {processor.py:914} INFO - Processing file /home/airflow/.local/lib/python3.12/site-packages/airflow/example_dags/example_nested_branch_dag.py for tasks to queue
[2025-04-02T19:21:00.223+0000] {logging_mixin.py:190} INFO - [2025-04-02T19:21:00.222+0000] {dagbag.py:588} INFO - Filling up the DagBag from /home/airflow/.local/lib/python3.12/site-packages/airflow/example_dags/example_nested_branch_dag.py
[2025-04-02T19:21:00.266+0000] {processor.py:925} INFO - DAG(s) 'example_nested_branch_dag' retrieved from /home/airflow/.local/lib/python3.12/site-packages/airflow/example_dags/example_nested_branch_dag.py
[2025-04-02T19:21:00.442+0000] {logging_mixin.py:190} INFO - [2025-04-02T19:21:00.441+0000] {dag.py:3239} INFO - Sync 1 DAGs
[2025-04-02T19:21:00.512+0000] {logging_mixin.py:190} INFO - [2025-04-02T19:21:00.511+0000] {dag.py:4180} INFO - Setting next_dagrun for example_nested_branch_dag to 2025-04-01 00:00:00+00:00, run_after=2025-04-02 00:00:00+00:00
[2025-04-02T19:21:00.570+0000] {processor.py:208} INFO - Processing /home/airflow/.local/lib/python3.12/site-packages/airflow/example_dags/example_nested_branch_dag.py took 0.377 seconds
[2025-04-02T19:21:33.855+0000] {processor.py:186} INFO - Started process (PID=1809) to work on /home/airflow/.local/lib/python3.12/site-packages/airflow/example_dags/example_nested_branch_dag.py
[2025-04-02T19:21:33.867+0000] {processor.py:914} INFO - Processing file /home/airflow/.local/lib/python3.12/site-packages/airflow/example_dags/example_nested_branch_dag.py for tasks to queue
[2025-04-02T19:21:33.886+0000] {logging_mixin.py:190} INFO - [2025-04-02T19:21:33.885+0000] {dagbag.py:588} INFO - Filling up the DagBag from /home/airflow/.local/lib/python3.12/site-packages/airflow/example_dags/example_nested_branch_dag.py
[2025-04-02T19:21:33.985+0000] {processor.py:925} INFO - DAG(s) 'example_nested_branch_dag' retrieved from /home/airflow/.local/lib/python3.12/site-packages/airflow/example_dags/example_nested_branch_dag.py
[2025-04-02T19:21:34.100+0000] {logging_mixin.py:190} INFO - [2025-04-02T19:21:34.099+0000] {dag.py:3239} INFO - Sync 1 DAGs
[2025-04-02T19:21:34.292+0000] {logging_mixin.py:190} INFO - [2025-04-02T19:21:34.292+0000] {dag.py:4180} INFO - Setting next_dagrun for example_nested_branch_dag to 2025-04-01 00:00:00+00:00, run_after=2025-04-02 00:00:00+00:00
[2025-04-02T19:21:34.427+0000] {processor.py:208} INFO - Processing /home/airflow/.local/lib/python3.12/site-packages/airflow/example_dags/example_nested_branch_dag.py took 0.611 seconds
[2025-04-02T19:22:07.586+0000] {processor.py:186} INFO - Started process (PID=1869) to work on /home/airflow/.local/lib/python3.12/site-packages/airflow/example_dags/example_nested_branch_dag.py
[2025-04-02T19:22:07.634+0000] {processor.py:914} INFO - Processing file /home/airflow/.local/lib/python3.12/site-packages/airflow/example_dags/example_nested_branch_dag.py for tasks to queue
[2025-04-02T19:22:07.652+0000] {logging_mixin.py:190} INFO - [2025-04-02T19:22:07.651+0000] {dagbag.py:588} INFO - Filling up the DagBag from /home/airflow/.local/lib/python3.12/site-packages/airflow/example_dags/example_nested_branch_dag.py
[2025-04-02T19:22:07.791+0000] {processor.py:925} INFO - DAG(s) 'example_nested_branch_dag' retrieved from /home/airflow/.local/lib/python3.12/site-packages/airflow/example_dags/example_nested_branch_dag.py
[2025-04-02T19:22:08.009+0000] {logging_mixin.py:190} INFO - [2025-04-02T19:22:08.009+0000] {dag.py:3239} INFO - Sync 1 DAGs
[2025-04-02T19:22:08.198+0000] {logging_mixin.py:190} INFO - [2025-04-02T19:22:08.198+0000] {dag.py:4180} INFO - Setting next_dagrun for example_nested_branch_dag to 2025-04-01 00:00:00+00:00, run_after=2025-04-02 00:00:00+00:00
[2025-04-02T19:22:08.474+0000] {processor.py:208} INFO - Processing /home/airflow/.local/lib/python3.12/site-packages/airflow/example_dags/example_nested_branch_dag.py took 0.938 seconds
[2025-04-02T19:22:55.933+0000] {processor.py:186} INFO - Started process (PID=1934) to work on /home/airflow/.local/lib/python3.12/site-packages/airflow/example_dags/example_nested_branch_dag.py
[2025-04-02T19:22:55.950+0000] {processor.py:914} INFO - Processing file /home/airflow/.local/lib/python3.12/site-packages/airflow/example_dags/example_nested_branch_dag.py for tasks to queue
[2025-04-02T19:22:55.967+0000] {logging_mixin.py:190} INFO - [2025-04-02T19:22:55.966+0000] {dagbag.py:588} INFO - Filling up the DagBag from /home/airflow/.local/lib/python3.12/site-packages/airflow/example_dags/example_nested_branch_dag.py
[2025-04-02T19:22:56.037+0000] {processor.py:925} INFO - DAG(s) 'example_nested_branch_dag' retrieved from /home/airflow/.local/lib/python3.12/site-packages/airflow/example_dags/example_nested_branch_dag.py
[2025-04-02T19:22:56.240+0000] {logging_mixin.py:190} INFO - [2025-04-02T19:22:56.239+0000] {dag.py:3239} INFO - Sync 1 DAGs
[2025-04-02T19:22:56.429+0000] {logging_mixin.py:190} INFO - [2025-04-02T19:22:56.428+0000] {dag.py:4180} INFO - Setting next_dagrun for example_nested_branch_dag to 2025-04-01 00:00:00+00:00, run_after=2025-04-02 00:00:00+00:00
[2025-04-02T19:22:56.538+0000] {processor.py:208} INFO - Processing /home/airflow/.local/lib/python3.12/site-packages/airflow/example_dags/example_nested_branch_dag.py took 0.638 seconds
[2025-04-02T19:23:26.763+0000] {processor.py:186} INFO - Started process (PID=1997) to work on /home/airflow/.local/lib/python3.12/site-packages/airflow/example_dags/example_nested_branch_dag.py
[2025-04-02T19:23:26.768+0000] {processor.py:914} INFO - Processing file /home/airflow/.local/lib/python3.12/site-packages/airflow/example_dags/example_nested_branch_dag.py for tasks to queue
[2025-04-02T19:23:26.774+0000] {logging_mixin.py:190} INFO - [2025-04-02T19:23:26.773+0000] {dagbag.py:588} INFO - Filling up the DagBag from /home/airflow/.local/lib/python3.12/site-packages/airflow/example_dags/example_nested_branch_dag.py
[2025-04-02T19:23:26.809+0000] {processor.py:925} INFO - DAG(s) 'example_nested_branch_dag' retrieved from /home/airflow/.local/lib/python3.12/site-packages/airflow/example_dags/example_nested_branch_dag.py
[2025-04-02T19:23:26.887+0000] {logging_mixin.py:190} INFO - [2025-04-02T19:23:26.886+0000] {dag.py:3239} INFO - Sync 1 DAGs
[2025-04-02T19:23:27.082+0000] {logging_mixin.py:190} INFO - [2025-04-02T19:23:27.081+0000] {dag.py:4180} INFO - Setting next_dagrun for example_nested_branch_dag to 2025-04-01 00:00:00+00:00, run_after=2025-04-02 00:00:00+00:00
[2025-04-02T19:23:27.160+0000] {processor.py:208} INFO - Processing /home/airflow/.local/lib/python3.12/site-packages/airflow/example_dags/example_nested_branch_dag.py took 0.444 seconds
[2025-04-02T19:24:00.133+0000] {processor.py:186} INFO - Started process (PID=2048) to work on /home/airflow/.local/lib/python3.12/site-packages/airflow/example_dags/example_nested_branch_dag.py
[2025-04-02T19:24:00.135+0000] {processor.py:914} INFO - Processing file /home/airflow/.local/lib/python3.12/site-packages/airflow/example_dags/example_nested_branch_dag.py for tasks to queue
[2025-04-02T19:24:00.156+0000] {logging_mixin.py:190} INFO - [2025-04-02T19:24:00.155+0000] {dagbag.py:588} INFO - Filling up the DagBag from /home/airflow/.local/lib/python3.12/site-packages/airflow/example_dags/example_nested_branch_dag.py
[2025-04-02T19:24:00.280+0000] {processor.py:925} INFO - DAG(s) 'example_nested_branch_dag' retrieved from /home/airflow/.local/lib/python3.12/site-packages/airflow/example_dags/example_nested_branch_dag.py
[2025-04-02T19:24:00.491+0000] {logging_mixin.py:190} INFO - [2025-04-02T19:24:00.480+0000] {dag.py:3239} INFO - Sync 1 DAGs
[2025-04-02T19:24:00.714+0000] {logging_mixin.py:190} INFO - [2025-04-02T19:24:00.713+0000] {dag.py:4180} INFO - Setting next_dagrun for example_nested_branch_dag to 2025-04-01 00:00:00+00:00, run_after=2025-04-02 00:00:00+00:00
[2025-04-02T19:24:00.918+0000] {processor.py:208} INFO - Processing /home/airflow/.local/lib/python3.12/site-packages/airflow/example_dags/example_nested_branch_dag.py took 0.809 seconds
[2025-04-02T19:24:31.752+0000] {processor.py:186} INFO - Started process (PID=2111) to work on /home/airflow/.local/lib/python3.12/site-packages/airflow/example_dags/example_nested_branch_dag.py
[2025-04-02T19:24:31.753+0000] {processor.py:914} INFO - Processing file /home/airflow/.local/lib/python3.12/site-packages/airflow/example_dags/example_nested_branch_dag.py for tasks to queue
[2025-04-02T19:24:31.757+0000] {logging_mixin.py:190} INFO - [2025-04-02T19:24:31.757+0000] {dagbag.py:588} INFO - Filling up the DagBag from /home/airflow/.local/lib/python3.12/site-packages/airflow/example_dags/example_nested_branch_dag.py
[2025-04-02T19:24:31.777+0000] {processor.py:925} INFO - DAG(s) 'example_nested_branch_dag' retrieved from /home/airflow/.local/lib/python3.12/site-packages/airflow/example_dags/example_nested_branch_dag.py
[2025-04-02T19:24:31.852+0000] {logging_mixin.py:190} INFO - [2025-04-02T19:24:31.852+0000] {dag.py:3239} INFO - Sync 1 DAGs
[2025-04-02T19:24:32.135+0000] {logging_mixin.py:190} INFO - [2025-04-02T19:24:32.135+0000] {dag.py:4180} INFO - Setting next_dagrun for example_nested_branch_dag to 2025-04-01 00:00:00+00:00, run_after=2025-04-02 00:00:00+00:00
[2025-04-02T19:24:32.428+0000] {processor.py:208} INFO - Processing /home/airflow/.local/lib/python3.12/site-packages/airflow/example_dags/example_nested_branch_dag.py took 0.688 seconds
