[2025-04-02T19:02:55.479+0000] {processor.py:186} INFO - Started process (PID=95) to work on /home/airflow/.local/lib/python3.12/site-packages/airflow/example_dags/example_skip_dag.py
[2025-04-02T19:02:55.482+0000] {processor.py:914} INFO - Processing file /home/airflow/.local/lib/python3.12/site-packages/airflow/example_dags/example_skip_dag.py for tasks to queue
[2025-04-02T19:02:55.507+0000] {logging_mixin.py:190} INFO - [2025-04-02T19:02:55.507+0000] {dagbag.py:588} INFO - Filling up the DagBag from /home/airflow/.local/lib/python3.12/site-packages/airflow/example_dags/example_skip_dag.py
[2025-04-02T19:02:55.719+0000] {processor.py:925} INFO - DAG(s) 'example_skip_dag' retrieved from /home/airflow/.local/lib/python3.12/site-packages/airflow/example_dags/example_skip_dag.py
[2025-04-02T19:02:56.633+0000] {logging_mixin.py:190} INFO - [2025-04-02T19:02:56.631+0000] {override.py:1912} INFO - Created Permission View: can delete on DAG:example_skip_dag
[2025-04-02T19:02:56.753+0000] {logging_mixin.py:190} INFO - [2025-04-02T19:02:56.753+0000] {override.py:1912} INFO - Created Permission View: can edit on DAG:example_skip_dag
[2025-04-02T19:02:56.790+0000] {logging_mixin.py:190} INFO - [2025-04-02T19:02:56.789+0000] {override.py:1912} INFO - Created Permission View: can read on DAG:example_skip_dag
[2025-04-02T19:02:56.980+0000] {logging_mixin.py:190} INFO - [2025-04-02T19:02:56.972+0000] {override.py:1912} INFO - Created Permission View: can delete on DAG Run:example_skip_dag
[2025-04-02T19:02:57.033+0000] {logging_mixin.py:190} INFO - [2025-04-02T19:02:57.032+0000] {override.py:1912} INFO - Created Permission View: can read on DAG Run:example_skip_dag
[2025-04-02T19:02:57.115+0000] {logging_mixin.py:190} INFO - [2025-04-02T19:02:57.114+0000] {override.py:1912} INFO - Created Permission View: can create on DAG Run:example_skip_dag
[2025-04-02T19:02:57.186+0000] {logging_mixin.py:190} INFO - [2025-04-02T19:02:57.186+0000] {override.py:1912} INFO - Created Permission View: menu access on DAG Run:example_skip_dag
[2025-04-02T19:02:57.188+0000] {logging_mixin.py:190} INFO - [2025-04-02T19:02:57.188+0000] {dag.py:3239} INFO - Sync 1 DAGs
[2025-04-02T19:02:57.297+0000] {logging_mixin.py:190} INFO - [2025-04-02T19:02:57.296+0000] {dag.py:3262} INFO - Creating ORM DAG for example_skip_dag
[2025-04-02T19:02:57.384+0000] {logging_mixin.py:190} INFO - [2025-04-02T19:02:57.383+0000] {dag.py:4180} INFO - Setting next_dagrun for example_skip_dag to 2025-04-01 00:00:00+00:00, run_after=2025-04-02 00:00:00+00:00
[2025-04-02T19:02:57.503+0000] {processor.py:208} INFO - Processing /home/airflow/.local/lib/python3.12/site-packages/airflow/example_dags/example_skip_dag.py took 2.123 seconds
[2025-04-02T19:04:23.135+0000] {processor.py:186} INFO - Started process (PID=164) to work on /home/airflow/.local/lib/python3.12/site-packages/airflow/example_dags/example_skip_dag.py
[2025-04-02T19:04:23.141+0000] {processor.py:914} INFO - Processing file /home/airflow/.local/lib/python3.12/site-packages/airflow/example_dags/example_skip_dag.py for tasks to queue
[2025-04-02T19:04:23.147+0000] {logging_mixin.py:190} INFO - [2025-04-02T19:04:23.146+0000] {dagbag.py:588} INFO - Filling up the DagBag from /home/airflow/.local/lib/python3.12/site-packages/airflow/example_dags/example_skip_dag.py
[2025-04-02T19:04:23.211+0000] {processor.py:925} INFO - DAG(s) 'example_skip_dag' retrieved from /home/airflow/.local/lib/python3.12/site-packages/airflow/example_dags/example_skip_dag.py
[2025-04-02T19:04:23.374+0000] {logging_mixin.py:190} INFO - [2025-04-02T19:04:23.373+0000] {dag.py:3239} INFO - Sync 1 DAGs
[2025-04-02T19:04:23.459+0000] {logging_mixin.py:190} INFO - [2025-04-02T19:04:23.459+0000] {dag.py:4180} INFO - Setting next_dagrun for example_skip_dag to 2025-04-01 00:00:00+00:00, run_after=2025-04-02 00:00:00+00:00
[2025-04-02T19:04:23.689+0000] {processor.py:208} INFO - Processing /home/airflow/.local/lib/python3.12/site-packages/airflow/example_dags/example_skip_dag.py took 0.595 seconds
[2025-04-02T19:04:54.551+0000] {processor.py:186} INFO - Started process (PID=227) to work on /home/airflow/.local/lib/python3.12/site-packages/airflow/example_dags/example_skip_dag.py
[2025-04-02T19:04:54.554+0000] {processor.py:914} INFO - Processing file /home/airflow/.local/lib/python3.12/site-packages/airflow/example_dags/example_skip_dag.py for tasks to queue
[2025-04-02T19:04:54.565+0000] {logging_mixin.py:190} INFO - [2025-04-02T19:04:54.564+0000] {dagbag.py:588} INFO - Filling up the DagBag from /home/airflow/.local/lib/python3.12/site-packages/airflow/example_dags/example_skip_dag.py
[2025-04-02T19:04:54.593+0000] {processor.py:925} INFO - DAG(s) 'example_skip_dag' retrieved from /home/airflow/.local/lib/python3.12/site-packages/airflow/example_dags/example_skip_dag.py
[2025-04-02T19:04:54.678+0000] {logging_mixin.py:190} INFO - [2025-04-02T19:04:54.677+0000] {dag.py:3239} INFO - Sync 1 DAGs
[2025-04-02T19:04:54.741+0000] {logging_mixin.py:190} INFO - [2025-04-02T19:04:54.741+0000] {dag.py:4180} INFO - Setting next_dagrun for example_skip_dag to 2025-04-01 00:00:00+00:00, run_after=2025-04-02 00:00:00+00:00
[2025-04-02T19:04:54.789+0000] {processor.py:208} INFO - Processing /home/airflow/.local/lib/python3.12/site-packages/airflow/example_dags/example_skip_dag.py took 0.260 seconds
[2025-04-02T19:05:27.787+0000] {processor.py:186} INFO - Started process (PID=278) to work on /home/airflow/.local/lib/python3.12/site-packages/airflow/example_dags/example_skip_dag.py
[2025-04-02T19:05:27.793+0000] {processor.py:914} INFO - Processing file /home/airflow/.local/lib/python3.12/site-packages/airflow/example_dags/example_skip_dag.py for tasks to queue
[2025-04-02T19:05:27.803+0000] {logging_mixin.py:190} INFO - [2025-04-02T19:05:27.802+0000] {dagbag.py:588} INFO - Filling up the DagBag from /home/airflow/.local/lib/python3.12/site-packages/airflow/example_dags/example_skip_dag.py
[2025-04-02T19:05:27.841+0000] {processor.py:925} INFO - DAG(s) 'example_skip_dag' retrieved from /home/airflow/.local/lib/python3.12/site-packages/airflow/example_dags/example_skip_dag.py
[2025-04-02T19:05:28.013+0000] {logging_mixin.py:190} INFO - [2025-04-02T19:05:28.009+0000] {dag.py:3239} INFO - Sync 1 DAGs
[2025-04-02T19:05:28.233+0000] {logging_mixin.py:190} INFO - [2025-04-02T19:05:28.232+0000] {dag.py:4180} INFO - Setting next_dagrun for example_skip_dag to 2025-04-01 00:00:00+00:00, run_after=2025-04-02 00:00:00+00:00
[2025-04-02T19:05:28.456+0000] {processor.py:208} INFO - Processing /home/airflow/.local/lib/python3.12/site-packages/airflow/example_dags/example_skip_dag.py took 0.706 seconds
[2025-04-02T19:05:58.724+0000] {processor.py:186} INFO - Started process (PID=342) to work on /home/airflow/.local/lib/python3.12/site-packages/airflow/example_dags/example_skip_dag.py
[2025-04-02T19:05:58.726+0000] {processor.py:914} INFO - Processing file /home/airflow/.local/lib/python3.12/site-packages/airflow/example_dags/example_skip_dag.py for tasks to queue
[2025-04-02T19:05:58.730+0000] {logging_mixin.py:190} INFO - [2025-04-02T19:05:58.729+0000] {dagbag.py:588} INFO - Filling up the DagBag from /home/airflow/.local/lib/python3.12/site-packages/airflow/example_dags/example_skip_dag.py
[2025-04-02T19:05:58.744+0000] {processor.py:925} INFO - DAG(s) 'example_skip_dag' retrieved from /home/airflow/.local/lib/python3.12/site-packages/airflow/example_dags/example_skip_dag.py
[2025-04-02T19:05:58.780+0000] {logging_mixin.py:190} INFO - [2025-04-02T19:05:58.779+0000] {dag.py:3239} INFO - Sync 1 DAGs
[2025-04-02T19:05:58.820+0000] {logging_mixin.py:190} INFO - [2025-04-02T19:05:58.819+0000] {dag.py:4180} INFO - Setting next_dagrun for example_skip_dag to 2025-04-01 00:00:00+00:00, run_after=2025-04-02 00:00:00+00:00
[2025-04-02T19:05:58.874+0000] {processor.py:208} INFO - Processing /home/airflow/.local/lib/python3.12/site-packages/airflow/example_dags/example_skip_dag.py took 0.161 seconds
[2025-04-02T19:06:35.316+0000] {processor.py:186} INFO - Started process (PID=402) to work on /home/airflow/.local/lib/python3.12/site-packages/airflow/example_dags/example_skip_dag.py
[2025-04-02T19:06:35.319+0000] {processor.py:914} INFO - Processing file /home/airflow/.local/lib/python3.12/site-packages/airflow/example_dags/example_skip_dag.py for tasks to queue
[2025-04-02T19:06:35.332+0000] {logging_mixin.py:190} INFO - [2025-04-02T19:06:35.327+0000] {dagbag.py:588} INFO - Filling up the DagBag from /home/airflow/.local/lib/python3.12/site-packages/airflow/example_dags/example_skip_dag.py
[2025-04-02T19:06:35.370+0000] {processor.py:925} INFO - DAG(s) 'example_skip_dag' retrieved from /home/airflow/.local/lib/python3.12/site-packages/airflow/example_dags/example_skip_dag.py
[2025-04-02T19:06:35.524+0000] {logging_mixin.py:190} INFO - [2025-04-02T19:06:35.521+0000] {dag.py:3239} INFO - Sync 1 DAGs
[2025-04-02T19:06:35.662+0000] {logging_mixin.py:190} INFO - [2025-04-02T19:06:35.661+0000] {dag.py:4180} INFO - Setting next_dagrun for example_skip_dag to 2025-04-01 00:00:00+00:00, run_after=2025-04-02 00:00:00+00:00
[2025-04-02T19:06:35.797+0000] {processor.py:208} INFO - Processing /home/airflow/.local/lib/python3.12/site-packages/airflow/example_dags/example_skip_dag.py took 0.504 seconds
[2025-04-02T19:07:16.210+0000] {processor.py:186} INFO - Started process (PID=464) to work on /home/airflow/.local/lib/python3.12/site-packages/airflow/example_dags/example_skip_dag.py
[2025-04-02T19:07:16.214+0000] {processor.py:914} INFO - Processing file /home/airflow/.local/lib/python3.12/site-packages/airflow/example_dags/example_skip_dag.py for tasks to queue
[2025-04-02T19:07:16.221+0000] {logging_mixin.py:190} INFO - [2025-04-02T19:07:16.220+0000] {dagbag.py:588} INFO - Filling up the DagBag from /home/airflow/.local/lib/python3.12/site-packages/airflow/example_dags/example_skip_dag.py
[2025-04-02T19:07:16.253+0000] {processor.py:925} INFO - DAG(s) 'example_skip_dag' retrieved from /home/airflow/.local/lib/python3.12/site-packages/airflow/example_dags/example_skip_dag.py
[2025-04-02T19:07:16.399+0000] {logging_mixin.py:190} INFO - [2025-04-02T19:07:16.398+0000] {dag.py:3239} INFO - Sync 1 DAGs
[2025-04-02T19:07:16.477+0000] {logging_mixin.py:190} INFO - [2025-04-02T19:07:16.476+0000] {dag.py:4180} INFO - Setting next_dagrun for example_skip_dag to 2025-04-01 00:00:00+00:00, run_after=2025-04-02 00:00:00+00:00
[2025-04-02T19:07:16.526+0000] {processor.py:208} INFO - Processing /home/airflow/.local/lib/python3.12/site-packages/airflow/example_dags/example_skip_dag.py took 0.344 seconds
[2025-04-02T19:07:51.004+0000] {processor.py:186} INFO - Started process (PID=527) to work on /home/airflow/.local/lib/python3.12/site-packages/airflow/example_dags/example_skip_dag.py
[2025-04-02T19:07:51.006+0000] {processor.py:914} INFO - Processing file /home/airflow/.local/lib/python3.12/site-packages/airflow/example_dags/example_skip_dag.py for tasks to queue
[2025-04-02T19:07:51.023+0000] {logging_mixin.py:190} INFO - [2025-04-02T19:07:51.022+0000] {dagbag.py:588} INFO - Filling up the DagBag from /home/airflow/.local/lib/python3.12/site-packages/airflow/example_dags/example_skip_dag.py
[2025-04-02T19:07:51.076+0000] {processor.py:925} INFO - DAG(s) 'example_skip_dag' retrieved from /home/airflow/.local/lib/python3.12/site-packages/airflow/example_dags/example_skip_dag.py
[2025-04-02T19:07:51.179+0000] {logging_mixin.py:190} INFO - [2025-04-02T19:07:51.178+0000] {dag.py:3239} INFO - Sync 1 DAGs
[2025-04-02T19:07:51.264+0000] {logging_mixin.py:190} INFO - [2025-04-02T19:07:51.263+0000] {dag.py:4180} INFO - Setting next_dagrun for example_skip_dag to 2025-04-01 00:00:00+00:00, run_after=2025-04-02 00:00:00+00:00
[2025-04-02T19:07:51.391+0000] {processor.py:208} INFO - Processing /home/airflow/.local/lib/python3.12/site-packages/airflow/example_dags/example_skip_dag.py took 0.402 seconds
[2025-04-02T19:08:26.347+0000] {processor.py:186} INFO - Started process (PID=587) to work on /home/airflow/.local/lib/python3.12/site-packages/airflow/example_dags/example_skip_dag.py
[2025-04-02T19:08:26.361+0000] {processor.py:914} INFO - Processing file /home/airflow/.local/lib/python3.12/site-packages/airflow/example_dags/example_skip_dag.py for tasks to queue
[2025-04-02T19:08:26.379+0000] {logging_mixin.py:190} INFO - [2025-04-02T19:08:26.378+0000] {dagbag.py:588} INFO - Filling up the DagBag from /home/airflow/.local/lib/python3.12/site-packages/airflow/example_dags/example_skip_dag.py
[2025-04-02T19:08:26.485+0000] {processor.py:925} INFO - DAG(s) 'example_skip_dag' retrieved from /home/airflow/.local/lib/python3.12/site-packages/airflow/example_dags/example_skip_dag.py
[2025-04-02T19:08:26.808+0000] {logging_mixin.py:190} INFO - [2025-04-02T19:08:26.797+0000] {dag.py:3239} INFO - Sync 1 DAGs
[2025-04-02T19:08:26.985+0000] {logging_mixin.py:190} INFO - [2025-04-02T19:08:26.984+0000] {dag.py:4180} INFO - Setting next_dagrun for example_skip_dag to 2025-04-01 00:00:00+00:00, run_after=2025-04-02 00:00:00+00:00
[2025-04-02T19:08:27.165+0000] {processor.py:208} INFO - Processing /home/airflow/.local/lib/python3.12/site-packages/airflow/example_dags/example_skip_dag.py took 0.868 seconds
[2025-04-02T19:09:08.570+0000] {processor.py:186} INFO - Started process (PID=653) to work on /home/airflow/.local/lib/python3.12/site-packages/airflow/example_dags/example_skip_dag.py
[2025-04-02T19:09:08.600+0000] {processor.py:914} INFO - Processing file /home/airflow/.local/lib/python3.12/site-packages/airflow/example_dags/example_skip_dag.py for tasks to queue
[2025-04-02T19:09:08.669+0000] {logging_mixin.py:190} INFO - [2025-04-02T19:09:08.668+0000] {dagbag.py:588} INFO - Filling up the DagBag from /home/airflow/.local/lib/python3.12/site-packages/airflow/example_dags/example_skip_dag.py
[2025-04-02T19:09:08.757+0000] {processor.py:925} INFO - DAG(s) 'example_skip_dag' retrieved from /home/airflow/.local/lib/python3.12/site-packages/airflow/example_dags/example_skip_dag.py
[2025-04-02T19:09:09.069+0000] {logging_mixin.py:190} INFO - [2025-04-02T19:09:09.068+0000] {dag.py:3239} INFO - Sync 1 DAGs
[2025-04-02T19:09:09.404+0000] {logging_mixin.py:190} INFO - [2025-04-02T19:09:09.403+0000] {dag.py:4180} INFO - Setting next_dagrun for example_skip_dag to 2025-04-01 00:00:00+00:00, run_after=2025-04-02 00:00:00+00:00
[2025-04-02T19:09:09.649+0000] {processor.py:208} INFO - Processing /home/airflow/.local/lib/python3.12/site-packages/airflow/example_dags/example_skip_dag.py took 1.163 seconds
[2025-04-02T19:10:15.081+0000] {processor.py:186} INFO - Started process (PID=696) to work on /home/airflow/.local/lib/python3.12/site-packages/airflow/example_dags/example_skip_dag.py
[2025-04-02T19:10:15.122+0000] {processor.py:914} INFO - Processing file /home/airflow/.local/lib/python3.12/site-packages/airflow/example_dags/example_skip_dag.py for tasks to queue
[2025-04-02T19:10:15.141+0000] {logging_mixin.py:190} INFO - [2025-04-02T19:10:15.140+0000] {dagbag.py:588} INFO - Filling up the DagBag from /home/airflow/.local/lib/python3.12/site-packages/airflow/example_dags/example_skip_dag.py
[2025-04-02T19:10:15.282+0000] {processor.py:925} INFO - DAG(s) 'example_skip_dag' retrieved from /home/airflow/.local/lib/python3.12/site-packages/airflow/example_dags/example_skip_dag.py
[2025-04-02T19:10:15.496+0000] {logging_mixin.py:190} INFO - [2025-04-02T19:10:15.485+0000] {dag.py:3239} INFO - Sync 1 DAGs
[2025-04-02T19:10:15.853+0000] {logging_mixin.py:190} INFO - [2025-04-02T19:10:15.852+0000] {dag.py:4180} INFO - Setting next_dagrun for example_skip_dag to 2025-04-01 00:00:00+00:00, run_after=2025-04-02 00:00:00+00:00
[2025-04-02T19:10:16.111+0000] {processor.py:208} INFO - Processing /home/airflow/.local/lib/python3.12/site-packages/airflow/example_dags/example_skip_dag.py took 1.080 seconds
[2025-04-02T19:10:46.578+0000] {processor.py:186} INFO - Started process (PID=758) to work on /home/airflow/.local/lib/python3.12/site-packages/airflow/example_dags/example_skip_dag.py
[2025-04-02T19:10:46.581+0000] {processor.py:914} INFO - Processing file /home/airflow/.local/lib/python3.12/site-packages/airflow/example_dags/example_skip_dag.py for tasks to queue
[2025-04-02T19:10:46.586+0000] {logging_mixin.py:190} INFO - [2025-04-02T19:10:46.585+0000] {dagbag.py:588} INFO - Filling up the DagBag from /home/airflow/.local/lib/python3.12/site-packages/airflow/example_dags/example_skip_dag.py
[2025-04-02T19:10:46.604+0000] {processor.py:925} INFO - DAG(s) 'example_skip_dag' retrieved from /home/airflow/.local/lib/python3.12/site-packages/airflow/example_dags/example_skip_dag.py
[2025-04-02T19:10:46.644+0000] {logging_mixin.py:190} INFO - [2025-04-02T19:10:46.644+0000] {dag.py:3239} INFO - Sync 1 DAGs
[2025-04-02T19:10:46.683+0000] {logging_mixin.py:190} INFO - [2025-04-02T19:10:46.683+0000] {dag.py:4180} INFO - Setting next_dagrun for example_skip_dag to 2025-04-01 00:00:00+00:00, run_after=2025-04-02 00:00:00+00:00
[2025-04-02T19:10:46.717+0000] {processor.py:208} INFO - Processing /home/airflow/.local/lib/python3.12/site-packages/airflow/example_dags/example_skip_dag.py took 0.154 seconds
[2025-04-02T19:11:19.809+0000] {processor.py:186} INFO - Started process (PID=813) to work on /home/airflow/.local/lib/python3.12/site-packages/airflow/example_dags/example_skip_dag.py
[2025-04-02T19:11:19.814+0000] {processor.py:914} INFO - Processing file /home/airflow/.local/lib/python3.12/site-packages/airflow/example_dags/example_skip_dag.py for tasks to queue
[2025-04-02T19:11:19.828+0000] {logging_mixin.py:190} INFO - [2025-04-02T19:11:19.827+0000] {dagbag.py:588} INFO - Filling up the DagBag from /home/airflow/.local/lib/python3.12/site-packages/airflow/example_dags/example_skip_dag.py
[2025-04-02T19:11:19.869+0000] {processor.py:925} INFO - DAG(s) 'example_skip_dag' retrieved from /home/airflow/.local/lib/python3.12/site-packages/airflow/example_dags/example_skip_dag.py
[2025-04-02T19:11:20.028+0000] {logging_mixin.py:190} INFO - [2025-04-02T19:11:20.027+0000] {dag.py:3239} INFO - Sync 1 DAGs
[2025-04-02T19:11:20.242+0000] {logging_mixin.py:190} INFO - [2025-04-02T19:11:20.242+0000] {dag.py:4180} INFO - Setting next_dagrun for example_skip_dag to 2025-04-01 00:00:00+00:00, run_after=2025-04-02 00:00:00+00:00
[2025-04-02T19:11:20.407+0000] {processor.py:208} INFO - Processing /home/airflow/.local/lib/python3.12/site-packages/airflow/example_dags/example_skip_dag.py took 0.631 seconds
[2025-04-02T19:11:51.990+0000] {processor.py:186} INFO - Started process (PID=875) to work on /home/airflow/.local/lib/python3.12/site-packages/airflow/example_dags/example_skip_dag.py
[2025-04-02T19:11:52.003+0000] {processor.py:914} INFO - Processing file /home/airflow/.local/lib/python3.12/site-packages/airflow/example_dags/example_skip_dag.py for tasks to queue
[2025-04-02T19:11:52.011+0000] {logging_mixin.py:190} INFO - [2025-04-02T19:11:52.010+0000] {dagbag.py:588} INFO - Filling up the DagBag from /home/airflow/.local/lib/python3.12/site-packages/airflow/example_dags/example_skip_dag.py
[2025-04-02T19:11:52.077+0000] {processor.py:925} INFO - DAG(s) 'example_skip_dag' retrieved from /home/airflow/.local/lib/python3.12/site-packages/airflow/example_dags/example_skip_dag.py
[2025-04-02T19:11:52.282+0000] {logging_mixin.py:190} INFO - [2025-04-02T19:11:52.281+0000] {dag.py:3239} INFO - Sync 1 DAGs
[2025-04-02T19:11:52.388+0000] {logging_mixin.py:190} INFO - [2025-04-02T19:11:52.388+0000] {dag.py:4180} INFO - Setting next_dagrun for example_skip_dag to 2025-04-01 00:00:00+00:00, run_after=2025-04-02 00:00:00+00:00
[2025-04-02T19:11:52.592+0000] {processor.py:208} INFO - Processing /home/airflow/.local/lib/python3.12/site-packages/airflow/example_dags/example_skip_dag.py took 0.654 seconds
[2025-04-02T19:12:24.102+0000] {processor.py:186} INFO - Started process (PID=938) to work on /home/airflow/.local/lib/python3.12/site-packages/airflow/example_dags/example_skip_dag.py
[2025-04-02T19:12:24.116+0000] {processor.py:914} INFO - Processing file /home/airflow/.local/lib/python3.12/site-packages/airflow/example_dags/example_skip_dag.py for tasks to queue
[2025-04-02T19:12:24.151+0000] {logging_mixin.py:190} INFO - [2025-04-02T19:12:24.142+0000] {dagbag.py:588} INFO - Filling up the DagBag from /home/airflow/.local/lib/python3.12/site-packages/airflow/example_dags/example_skip_dag.py
[2025-04-02T19:12:24.192+0000] {processor.py:925} INFO - DAG(s) 'example_skip_dag' retrieved from /home/airflow/.local/lib/python3.12/site-packages/airflow/example_dags/example_skip_dag.py
[2025-04-02T19:12:24.272+0000] {logging_mixin.py:190} INFO - [2025-04-02T19:12:24.271+0000] {dag.py:3239} INFO - Sync 1 DAGs
[2025-04-02T19:12:24.346+0000] {logging_mixin.py:190} INFO - [2025-04-02T19:12:24.345+0000] {dag.py:4180} INFO - Setting next_dagrun for example_skip_dag to 2025-04-01 00:00:00+00:00, run_after=2025-04-02 00:00:00+00:00
[2025-04-02T19:12:24.403+0000] {processor.py:208} INFO - Processing /home/airflow/.local/lib/python3.12/site-packages/airflow/example_dags/example_skip_dag.py took 0.340 seconds
[2025-04-02T19:12:58.122+0000] {processor.py:186} INFO - Started process (PID=993) to work on /home/airflow/.local/lib/python3.12/site-packages/airflow/example_dags/example_skip_dag.py
[2025-04-02T19:12:58.123+0000] {processor.py:914} INFO - Processing file /home/airflow/.local/lib/python3.12/site-packages/airflow/example_dags/example_skip_dag.py for tasks to queue
[2025-04-02T19:12:58.128+0000] {logging_mixin.py:190} INFO - [2025-04-02T19:12:58.127+0000] {dagbag.py:588} INFO - Filling up the DagBag from /home/airflow/.local/lib/python3.12/site-packages/airflow/example_dags/example_skip_dag.py
[2025-04-02T19:12:58.156+0000] {processor.py:925} INFO - DAG(s) 'example_skip_dag' retrieved from /home/airflow/.local/lib/python3.12/site-packages/airflow/example_dags/example_skip_dag.py
[2025-04-02T19:12:58.245+0000] {logging_mixin.py:190} INFO - [2025-04-02T19:12:58.244+0000] {dag.py:3239} INFO - Sync 1 DAGs
[2025-04-02T19:12:58.342+0000] {logging_mixin.py:190} INFO - [2025-04-02T19:12:58.341+0000] {dag.py:4180} INFO - Setting next_dagrun for example_skip_dag to 2025-04-01 00:00:00+00:00, run_after=2025-04-02 00:00:00+00:00
[2025-04-02T19:12:58.384+0000] {processor.py:208} INFO - Processing /home/airflow/.local/lib/python3.12/site-packages/airflow/example_dags/example_skip_dag.py took 0.277 seconds
[2025-04-02T19:13:40.089+0000] {processor.py:186} INFO - Started process (PID=1044) to work on /home/airflow/.local/lib/python3.12/site-packages/airflow/example_dags/example_skip_dag.py
[2025-04-02T19:13:40.091+0000] {processor.py:914} INFO - Processing file /home/airflow/.local/lib/python3.12/site-packages/airflow/example_dags/example_skip_dag.py for tasks to queue
[2025-04-02T19:13:40.110+0000] {logging_mixin.py:190} INFO - [2025-04-02T19:13:40.109+0000] {dagbag.py:588} INFO - Filling up the DagBag from /home/airflow/.local/lib/python3.12/site-packages/airflow/example_dags/example_skip_dag.py
[2025-04-02T19:13:40.133+0000] {processor.py:925} INFO - DAG(s) 'example_skip_dag' retrieved from /home/airflow/.local/lib/python3.12/site-packages/airflow/example_dags/example_skip_dag.py
[2025-04-02T19:13:40.212+0000] {logging_mixin.py:190} INFO - [2025-04-02T19:13:40.211+0000] {dag.py:3239} INFO - Sync 1 DAGs
[2025-04-02T19:13:40.312+0000] {logging_mixin.py:190} INFO - [2025-04-02T19:13:40.311+0000] {dag.py:4180} INFO - Setting next_dagrun for example_skip_dag to 2025-04-01 00:00:00+00:00, run_after=2025-04-02 00:00:00+00:00
[2025-04-02T19:13:40.413+0000] {processor.py:208} INFO - Processing /home/airflow/.local/lib/python3.12/site-packages/airflow/example_dags/example_skip_dag.py took 0.339 seconds
[2025-04-02T19:14:13.807+0000] {processor.py:186} INFO - Started process (PID=1106) to work on /home/airflow/.local/lib/python3.12/site-packages/airflow/example_dags/example_skip_dag.py
[2025-04-02T19:14:15.042+0000] {processor.py:914} INFO - Processing file /home/airflow/.local/lib/python3.12/site-packages/airflow/example_dags/example_skip_dag.py for tasks to queue
[2025-04-02T19:14:15.131+0000] {logging_mixin.py:190} INFO - [2025-04-02T19:14:15.130+0000] {dagbag.py:588} INFO - Filling up the DagBag from /home/airflow/.local/lib/python3.12/site-packages/airflow/example_dags/example_skip_dag.py
[2025-04-02T19:14:15.288+0000] {processor.py:925} INFO - DAG(s) 'example_skip_dag' retrieved from /home/airflow/.local/lib/python3.12/site-packages/airflow/example_dags/example_skip_dag.py
[2025-04-02T19:14:15.516+0000] {logging_mixin.py:190} INFO - [2025-04-02T19:14:15.515+0000] {dag.py:3239} INFO - Sync 1 DAGs
[2025-04-02T19:14:15.675+0000] {logging_mixin.py:190} INFO - [2025-04-02T19:14:15.675+0000] {dag.py:4180} INFO - Setting next_dagrun for example_skip_dag to 2025-04-01 00:00:00+00:00, run_after=2025-04-02 00:00:00+00:00
[2025-04-02T19:14:15.863+0000] {processor.py:208} INFO - Processing /home/airflow/.local/lib/python3.12/site-packages/airflow/example_dags/example_skip_dag.py took 2.122 seconds
[2025-04-02T19:14:58.111+0000] {processor.py:186} INFO - Started process (PID=1159) to work on /home/airflow/.local/lib/python3.12/site-packages/airflow/example_dags/example_skip_dag.py
[2025-04-02T19:14:58.287+0000] {processor.py:914} INFO - Processing file /home/airflow/.local/lib/python3.12/site-packages/airflow/example_dags/example_skip_dag.py for tasks to queue
[2025-04-02T19:14:58.381+0000] {logging_mixin.py:190} INFO - [2025-04-02T19:14:58.380+0000] {dagbag.py:588} INFO - Filling up the DagBag from /home/airflow/.local/lib/python3.12/site-packages/airflow/example_dags/example_skip_dag.py
[2025-04-02T19:14:58.480+0000] {processor.py:925} INFO - DAG(s) 'example_skip_dag' retrieved from /home/airflow/.local/lib/python3.12/site-packages/airflow/example_dags/example_skip_dag.py
[2025-04-02T19:14:59.116+0000] {logging_mixin.py:190} INFO - [2025-04-02T19:14:59.116+0000] {dag.py:3239} INFO - Sync 1 DAGs
[2025-04-02T19:14:59.359+0000] {logging_mixin.py:190} INFO - [2025-04-02T19:14:59.358+0000] {dag.py:4180} INFO - Setting next_dagrun for example_skip_dag to 2025-04-01 00:00:00+00:00, run_after=2025-04-02 00:00:00+00:00
[2025-04-02T19:14:59.588+0000] {processor.py:208} INFO - Processing /home/airflow/.local/lib/python3.12/site-packages/airflow/example_dags/example_skip_dag.py took 1.592 seconds
[2025-04-02T19:15:41.475+0000] {processor.py:186} INFO - Started process (PID=1216) to work on /home/airflow/.local/lib/python3.12/site-packages/airflow/example_dags/example_skip_dag.py
[2025-04-02T19:15:41.478+0000] {processor.py:914} INFO - Processing file /home/airflow/.local/lib/python3.12/site-packages/airflow/example_dags/example_skip_dag.py for tasks to queue
[2025-04-02T19:15:41.487+0000] {logging_mixin.py:190} INFO - [2025-04-02T19:15:41.486+0000] {dagbag.py:588} INFO - Filling up the DagBag from /home/airflow/.local/lib/python3.12/site-packages/airflow/example_dags/example_skip_dag.py
[2025-04-02T19:15:41.525+0000] {processor.py:925} INFO - DAG(s) 'example_skip_dag' retrieved from /home/airflow/.local/lib/python3.12/site-packages/airflow/example_dags/example_skip_dag.py
[2025-04-02T19:15:41.605+0000] {logging_mixin.py:190} INFO - [2025-04-02T19:15:41.603+0000] {dag.py:3239} INFO - Sync 1 DAGs
[2025-04-02T19:15:41.760+0000] {logging_mixin.py:190} INFO - [2025-04-02T19:15:41.759+0000] {dag.py:4180} INFO - Setting next_dagrun for example_skip_dag to 2025-04-01 00:00:00+00:00, run_after=2025-04-02 00:00:00+00:00
[2025-04-02T19:15:41.879+0000] {processor.py:208} INFO - Processing /home/airflow/.local/lib/python3.12/site-packages/airflow/example_dags/example_skip_dag.py took 0.439 seconds
[2025-04-02T19:16:16.067+0000] {processor.py:186} INFO - Started process (PID=1276) to work on /home/airflow/.local/lib/python3.12/site-packages/airflow/example_dags/example_skip_dag.py
[2025-04-02T19:16:16.069+0000] {processor.py:914} INFO - Processing file /home/airflow/.local/lib/python3.12/site-packages/airflow/example_dags/example_skip_dag.py for tasks to queue
[2025-04-02T19:16:16.074+0000] {logging_mixin.py:190} INFO - [2025-04-02T19:16:16.073+0000] {dagbag.py:588} INFO - Filling up the DagBag from /home/airflow/.local/lib/python3.12/site-packages/airflow/example_dags/example_skip_dag.py
[2025-04-02T19:16:16.124+0000] {processor.py:925} INFO - DAG(s) 'example_skip_dag' retrieved from /home/airflow/.local/lib/python3.12/site-packages/airflow/example_dags/example_skip_dag.py
[2025-04-02T19:16:16.249+0000] {logging_mixin.py:190} INFO - [2025-04-02T19:16:16.248+0000] {dag.py:3239} INFO - Sync 1 DAGs
[2025-04-02T19:16:16.318+0000] {logging_mixin.py:190} INFO - [2025-04-02T19:16:16.317+0000] {dag.py:4180} INFO - Setting next_dagrun for example_skip_dag to 2025-04-01 00:00:00+00:00, run_after=2025-04-02 00:00:00+00:00
[2025-04-02T19:16:16.397+0000] {processor.py:208} INFO - Processing /home/airflow/.local/lib/python3.12/site-packages/airflow/example_dags/example_skip_dag.py took 0.344 seconds
[2025-04-02T19:16:57.086+0000] {processor.py:186} INFO - Started process (PID=1335) to work on /home/airflow/.local/lib/python3.12/site-packages/airflow/example_dags/example_skip_dag.py
[2025-04-02T19:16:57.160+0000] {processor.py:914} INFO - Processing file /home/airflow/.local/lib/python3.12/site-packages/airflow/example_dags/example_skip_dag.py for tasks to queue
[2025-04-02T19:16:57.213+0000] {logging_mixin.py:190} INFO - [2025-04-02T19:16:57.201+0000] {dagbag.py:588} INFO - Filling up the DagBag from /home/airflow/.local/lib/python3.12/site-packages/airflow/example_dags/example_skip_dag.py
[2025-04-02T19:16:57.373+0000] {processor.py:925} INFO - DAG(s) 'example_skip_dag' retrieved from /home/airflow/.local/lib/python3.12/site-packages/airflow/example_dags/example_skip_dag.py
[2025-04-02T19:16:57.566+0000] {logging_mixin.py:190} INFO - [2025-04-02T19:16:57.565+0000] {dag.py:3239} INFO - Sync 1 DAGs
[2025-04-02T19:16:57.845+0000] {logging_mixin.py:190} INFO - [2025-04-02T19:16:57.844+0000] {dag.py:4180} INFO - Setting next_dagrun for example_skip_dag to 2025-04-01 00:00:00+00:00, run_after=2025-04-02 00:00:00+00:00
[2025-04-02T19:16:57.998+0000] {processor.py:208} INFO - Processing /home/airflow/.local/lib/python3.12/site-packages/airflow/example_dags/example_skip_dag.py took 1.006 seconds
[2025-04-02T19:17:31.182+0000] {processor.py:186} INFO - Started process (PID=1399) to work on /home/airflow/.local/lib/python3.12/site-packages/airflow/example_dags/example_skip_dag.py
[2025-04-02T19:17:31.184+0000] {processor.py:914} INFO - Processing file /home/airflow/.local/lib/python3.12/site-packages/airflow/example_dags/example_skip_dag.py for tasks to queue
[2025-04-02T19:17:31.194+0000] {logging_mixin.py:190} INFO - [2025-04-02T19:17:31.193+0000] {dagbag.py:588} INFO - Filling up the DagBag from /home/airflow/.local/lib/python3.12/site-packages/airflow/example_dags/example_skip_dag.py
[2025-04-02T19:17:31.226+0000] {processor.py:925} INFO - DAG(s) 'example_skip_dag' retrieved from /home/airflow/.local/lib/python3.12/site-packages/airflow/example_dags/example_skip_dag.py
[2025-04-02T19:17:31.377+0000] {logging_mixin.py:190} INFO - [2025-04-02T19:17:31.377+0000] {dag.py:3239} INFO - Sync 1 DAGs
[2025-04-02T19:17:31.458+0000] {logging_mixin.py:190} INFO - [2025-04-02T19:17:31.457+0000] {dag.py:4180} INFO - Setting next_dagrun for example_skip_dag to 2025-04-01 00:00:00+00:00, run_after=2025-04-02 00:00:00+00:00
[2025-04-02T19:17:31.571+0000] {processor.py:208} INFO - Processing /home/airflow/.local/lib/python3.12/site-packages/airflow/example_dags/example_skip_dag.py took 0.409 seconds
[2025-04-02T19:18:03.228+0000] {processor.py:186} INFO - Started process (PID=1462) to work on /home/airflow/.local/lib/python3.12/site-packages/airflow/example_dags/example_skip_dag.py
[2025-04-02T19:18:03.242+0000] {processor.py:914} INFO - Processing file /home/airflow/.local/lib/python3.12/site-packages/airflow/example_dags/example_skip_dag.py for tasks to queue
[2025-04-02T19:18:03.249+0000] {logging_mixin.py:190} INFO - [2025-04-02T19:18:03.248+0000] {dagbag.py:588} INFO - Filling up the DagBag from /home/airflow/.local/lib/python3.12/site-packages/airflow/example_dags/example_skip_dag.py
[2025-04-02T19:18:03.295+0000] {processor.py:925} INFO - DAG(s) 'example_skip_dag' retrieved from /home/airflow/.local/lib/python3.12/site-packages/airflow/example_dags/example_skip_dag.py
[2025-04-02T19:18:03.379+0000] {logging_mixin.py:190} INFO - [2025-04-02T19:18:03.378+0000] {dag.py:3239} INFO - Sync 1 DAGs
[2025-04-02T19:18:03.524+0000] {logging_mixin.py:190} INFO - [2025-04-02T19:18:03.523+0000] {dag.py:4180} INFO - Setting next_dagrun for example_skip_dag to 2025-04-01 00:00:00+00:00, run_after=2025-04-02 00:00:00+00:00
[2025-04-02T19:18:03.598+0000] {processor.py:208} INFO - Processing /home/airflow/.local/lib/python3.12/site-packages/airflow/example_dags/example_skip_dag.py took 0.407 seconds
[2025-04-02T19:18:34.260+0000] {processor.py:186} INFO - Started process (PID=1524) to work on /home/airflow/.local/lib/python3.12/site-packages/airflow/example_dags/example_skip_dag.py
[2025-04-02T19:18:34.264+0000] {processor.py:914} INFO - Processing file /home/airflow/.local/lib/python3.12/site-packages/airflow/example_dags/example_skip_dag.py for tasks to queue
[2025-04-02T19:18:34.274+0000] {logging_mixin.py:190} INFO - [2025-04-02T19:18:34.272+0000] {dagbag.py:588} INFO - Filling up the DagBag from /home/airflow/.local/lib/python3.12/site-packages/airflow/example_dags/example_skip_dag.py
[2025-04-02T19:18:34.305+0000] {processor.py:925} INFO - DAG(s) 'example_skip_dag' retrieved from /home/airflow/.local/lib/python3.12/site-packages/airflow/example_dags/example_skip_dag.py
[2025-04-02T19:18:34.391+0000] {logging_mixin.py:190} INFO - [2025-04-02T19:18:34.390+0000] {dag.py:3239} INFO - Sync 1 DAGs
[2025-04-02T19:18:34.653+0000] {logging_mixin.py:190} INFO - [2025-04-02T19:18:34.653+0000] {dag.py:4180} INFO - Setting next_dagrun for example_skip_dag to 2025-04-01 00:00:00+00:00, run_after=2025-04-02 00:00:00+00:00
[2025-04-02T19:18:34.741+0000] {processor.py:208} INFO - Processing /home/airflow/.local/lib/python3.12/site-packages/airflow/example_dags/example_skip_dag.py took 0.508 seconds
[2025-04-02T19:19:08.685+0000] {processor.py:186} INFO - Started process (PID=1583) to work on /home/airflow/.local/lib/python3.12/site-packages/airflow/example_dags/example_skip_dag.py
[2025-04-02T19:19:08.716+0000] {processor.py:914} INFO - Processing file /home/airflow/.local/lib/python3.12/site-packages/airflow/example_dags/example_skip_dag.py for tasks to queue
[2025-04-02T19:19:08.734+0000] {logging_mixin.py:190} INFO - [2025-04-02T19:19:08.733+0000] {dagbag.py:588} INFO - Filling up the DagBag from /home/airflow/.local/lib/python3.12/site-packages/airflow/example_dags/example_skip_dag.py
[2025-04-02T19:19:08.845+0000] {processor.py:925} INFO - DAG(s) 'example_skip_dag' retrieved from /home/airflow/.local/lib/python3.12/site-packages/airflow/example_dags/example_skip_dag.py
[2025-04-02T19:19:09.032+0000] {logging_mixin.py:190} INFO - [2025-04-02T19:19:09.031+0000] {dag.py:3239} INFO - Sync 1 DAGs
[2025-04-02T19:19:09.198+0000] {logging_mixin.py:190} INFO - [2025-04-02T19:19:09.198+0000] {dag.py:4180} INFO - Setting next_dagrun for example_skip_dag to 2025-04-01 00:00:00+00:00, run_after=2025-04-02 00:00:00+00:00
[2025-04-02T19:19:09.391+0000] {processor.py:208} INFO - Processing /home/airflow/.local/lib/python3.12/site-packages/airflow/example_dags/example_skip_dag.py took 0.781 seconds
[2025-04-02T19:19:48.441+0000] {processor.py:186} INFO - Started process (PID=1642) to work on /home/airflow/.local/lib/python3.12/site-packages/airflow/example_dags/example_skip_dag.py
[2025-04-02T19:19:48.448+0000] {processor.py:914} INFO - Processing file /home/airflow/.local/lib/python3.12/site-packages/airflow/example_dags/example_skip_dag.py for tasks to queue
[2025-04-02T19:19:48.464+0000] {logging_mixin.py:190} INFO - [2025-04-02T19:19:48.463+0000] {dagbag.py:588} INFO - Filling up the DagBag from /home/airflow/.local/lib/python3.12/site-packages/airflow/example_dags/example_skip_dag.py
[2025-04-02T19:19:48.524+0000] {processor.py:925} INFO - DAG(s) 'example_skip_dag' retrieved from /home/airflow/.local/lib/python3.12/site-packages/airflow/example_dags/example_skip_dag.py
[2025-04-02T19:19:48.681+0000] {logging_mixin.py:190} INFO - [2025-04-02T19:19:48.681+0000] {dag.py:3239} INFO - Sync 1 DAGs
[2025-04-02T19:19:48.925+0000] {logging_mixin.py:190} INFO - [2025-04-02T19:19:48.924+0000] {dag.py:4180} INFO - Setting next_dagrun for example_skip_dag to 2025-04-01 00:00:00+00:00, run_after=2025-04-02 00:00:00+00:00
[2025-04-02T19:19:49.107+0000] {processor.py:208} INFO - Processing /home/airflow/.local/lib/python3.12/site-packages/airflow/example_dags/example_skip_dag.py took 0.704 seconds
[2025-04-02T19:20:28.794+0000] {processor.py:186} INFO - Started process (PID=1698) to work on /home/airflow/.local/lib/python3.12/site-packages/airflow/example_dags/example_skip_dag.py
[2025-04-02T19:20:28.803+0000] {processor.py:914} INFO - Processing file /home/airflow/.local/lib/python3.12/site-packages/airflow/example_dags/example_skip_dag.py for tasks to queue
[2025-04-02T19:20:28.810+0000] {logging_mixin.py:190} INFO - [2025-04-02T19:20:28.809+0000] {dagbag.py:588} INFO - Filling up the DagBag from /home/airflow/.local/lib/python3.12/site-packages/airflow/example_dags/example_skip_dag.py
[2025-04-02T19:20:28.874+0000] {processor.py:925} INFO - DAG(s) 'example_skip_dag' retrieved from /home/airflow/.local/lib/python3.12/site-packages/airflow/example_dags/example_skip_dag.py
[2025-04-02T19:20:28.958+0000] {logging_mixin.py:190} INFO - [2025-04-02T19:20:28.957+0000] {dag.py:3239} INFO - Sync 1 DAGs
[2025-04-02T19:20:29.085+0000] {logging_mixin.py:190} INFO - [2025-04-02T19:20:29.085+0000] {dag.py:4180} INFO - Setting next_dagrun for example_skip_dag to 2025-04-01 00:00:00+00:00, run_after=2025-04-02 00:00:00+00:00
[2025-04-02T19:20:29.183+0000] {processor.py:208} INFO - Processing /home/airflow/.local/lib/python3.12/site-packages/airflow/example_dags/example_skip_dag.py took 0.439 seconds
[2025-04-02T19:21:01.262+0000] {processor.py:186} INFO - Started process (PID=1754) to work on /home/airflow/.local/lib/python3.12/site-packages/airflow/example_dags/example_skip_dag.py
[2025-04-02T19:21:01.266+0000] {processor.py:914} INFO - Processing file /home/airflow/.local/lib/python3.12/site-packages/airflow/example_dags/example_skip_dag.py for tasks to queue
[2025-04-02T19:21:01.271+0000] {logging_mixin.py:190} INFO - [2025-04-02T19:21:01.270+0000] {dagbag.py:588} INFO - Filling up the DagBag from /home/airflow/.local/lib/python3.12/site-packages/airflow/example_dags/example_skip_dag.py
[2025-04-02T19:21:01.301+0000] {processor.py:925} INFO - DAG(s) 'example_skip_dag' retrieved from /home/airflow/.local/lib/python3.12/site-packages/airflow/example_dags/example_skip_dag.py
[2025-04-02T19:21:01.390+0000] {logging_mixin.py:190} INFO - [2025-04-02T19:21:01.389+0000] {dag.py:3239} INFO - Sync 1 DAGs
[2025-04-02T19:21:01.516+0000] {logging_mixin.py:190} INFO - [2025-04-02T19:21:01.515+0000] {dag.py:4180} INFO - Setting next_dagrun for example_skip_dag to 2025-04-01 00:00:00+00:00, run_after=2025-04-02 00:00:00+00:00
[2025-04-02T19:21:01.615+0000] {processor.py:208} INFO - Processing /home/airflow/.local/lib/python3.12/site-packages/airflow/example_dags/example_skip_dag.py took 0.372 seconds
[2025-04-02T19:21:36.547+0000] {processor.py:186} INFO - Started process (PID=1814) to work on /home/airflow/.local/lib/python3.12/site-packages/airflow/example_dags/example_skip_dag.py
[2025-04-02T19:21:36.550+0000] {processor.py:914} INFO - Processing file /home/airflow/.local/lib/python3.12/site-packages/airflow/example_dags/example_skip_dag.py for tasks to queue
[2025-04-02T19:21:36.560+0000] {logging_mixin.py:190} INFO - [2025-04-02T19:21:36.560+0000] {dagbag.py:588} INFO - Filling up the DagBag from /home/airflow/.local/lib/python3.12/site-packages/airflow/example_dags/example_skip_dag.py
[2025-04-02T19:21:36.591+0000] {processor.py:925} INFO - DAG(s) 'example_skip_dag' retrieved from /home/airflow/.local/lib/python3.12/site-packages/airflow/example_dags/example_skip_dag.py
[2025-04-02T19:21:36.642+0000] {logging_mixin.py:190} INFO - [2025-04-02T19:21:36.642+0000] {dag.py:3239} INFO - Sync 1 DAGs
[2025-04-02T19:21:36.816+0000] {logging_mixin.py:190} INFO - [2025-04-02T19:21:36.815+0000] {dag.py:4180} INFO - Setting next_dagrun for example_skip_dag to 2025-04-01 00:00:00+00:00, run_after=2025-04-02 00:00:00+00:00
[2025-04-02T19:21:36.971+0000] {processor.py:208} INFO - Processing /home/airflow/.local/lib/python3.12/site-packages/airflow/example_dags/example_skip_dag.py took 0.442 seconds
[2025-04-02T19:22:13.244+0000] {processor.py:186} INFO - Started process (PID=1882) to work on /home/airflow/.local/lib/python3.12/site-packages/airflow/example_dags/example_skip_dag.py
[2025-04-02T19:22:13.258+0000] {processor.py:914} INFO - Processing file /home/airflow/.local/lib/python3.12/site-packages/airflow/example_dags/example_skip_dag.py for tasks to queue
[2025-04-02T19:22:13.277+0000] {logging_mixin.py:190} INFO - [2025-04-02T19:22:13.275+0000] {dagbag.py:588} INFO - Filling up the DagBag from /home/airflow/.local/lib/python3.12/site-packages/airflow/example_dags/example_skip_dag.py
[2025-04-02T19:22:13.347+0000] {processor.py:925} INFO - DAG(s) 'example_skip_dag' retrieved from /home/airflow/.local/lib/python3.12/site-packages/airflow/example_dags/example_skip_dag.py
[2025-04-02T19:22:13.521+0000] {logging_mixin.py:190} INFO - [2025-04-02T19:22:13.520+0000] {dag.py:3239} INFO - Sync 1 DAGs
[2025-04-02T19:22:13.681+0000] {logging_mixin.py:190} INFO - [2025-04-02T19:22:13.681+0000] {dag.py:4180} INFO - Setting next_dagrun for example_skip_dag to 2025-04-01 00:00:00+00:00, run_after=2025-04-02 00:00:00+00:00
[2025-04-02T19:22:13.763+0000] {processor.py:208} INFO - Processing /home/airflow/.local/lib/python3.12/site-packages/airflow/example_dags/example_skip_dag.py took 0.581 seconds
[2025-04-02T19:22:58.938+0000] {processor.py:186} INFO - Started process (PID=1939) to work on /home/airflow/.local/lib/python3.12/site-packages/airflow/example_dags/example_skip_dag.py
[2025-04-02T19:22:58.957+0000] {processor.py:914} INFO - Processing file /home/airflow/.local/lib/python3.12/site-packages/airflow/example_dags/example_skip_dag.py for tasks to queue
[2025-04-02T19:22:58.967+0000] {logging_mixin.py:190} INFO - [2025-04-02T19:22:58.967+0000] {dagbag.py:588} INFO - Filling up the DagBag from /home/airflow/.local/lib/python3.12/site-packages/airflow/example_dags/example_skip_dag.py
[2025-04-02T19:22:58.999+0000] {processor.py:925} INFO - DAG(s) 'example_skip_dag' retrieved from /home/airflow/.local/lib/python3.12/site-packages/airflow/example_dags/example_skip_dag.py
[2025-04-02T19:22:59.131+0000] {logging_mixin.py:190} INFO - [2025-04-02T19:22:59.131+0000] {dag.py:3239} INFO - Sync 1 DAGs
[2025-04-02T19:22:59.270+0000] {logging_mixin.py:190} INFO - [2025-04-02T19:22:59.270+0000] {dag.py:4180} INFO - Setting next_dagrun for example_skip_dag to 2025-04-01 00:00:00+00:00, run_after=2025-04-02 00:00:00+00:00
[2025-04-02T19:22:59.353+0000] {processor.py:208} INFO - Processing /home/airflow/.local/lib/python3.12/site-packages/airflow/example_dags/example_skip_dag.py took 0.454 seconds
[2025-04-02T19:23:29.468+0000] {processor.py:186} INFO - Started process (PID=2002) to work on /home/airflow/.local/lib/python3.12/site-packages/airflow/example_dags/example_skip_dag.py
[2025-04-02T19:23:29.469+0000] {processor.py:914} INFO - Processing file /home/airflow/.local/lib/python3.12/site-packages/airflow/example_dags/example_skip_dag.py for tasks to queue
[2025-04-02T19:23:29.473+0000] {logging_mixin.py:190} INFO - [2025-04-02T19:23:29.472+0000] {dagbag.py:588} INFO - Filling up the DagBag from /home/airflow/.local/lib/python3.12/site-packages/airflow/example_dags/example_skip_dag.py
[2025-04-02T19:23:29.490+0000] {processor.py:925} INFO - DAG(s) 'example_skip_dag' retrieved from /home/airflow/.local/lib/python3.12/site-packages/airflow/example_dags/example_skip_dag.py
[2025-04-02T19:23:29.552+0000] {logging_mixin.py:190} INFO - [2025-04-02T19:23:29.551+0000] {dag.py:3239} INFO - Sync 1 DAGs
[2025-04-02T19:23:29.608+0000] {logging_mixin.py:190} INFO - [2025-04-02T19:23:29.608+0000] {dag.py:4180} INFO - Setting next_dagrun for example_skip_dag to 2025-04-01 00:00:00+00:00, run_after=2025-04-02 00:00:00+00:00
[2025-04-02T19:23:29.685+0000] {processor.py:208} INFO - Processing /home/airflow/.local/lib/python3.12/site-packages/airflow/example_dags/example_skip_dag.py took 0.229 seconds
[2025-04-02T19:24:02.781+0000] {processor.py:186} INFO - Started process (PID=2053) to work on /home/airflow/.local/lib/python3.12/site-packages/airflow/example_dags/example_skip_dag.py
[2025-04-02T19:24:02.785+0000] {processor.py:914} INFO - Processing file /home/airflow/.local/lib/python3.12/site-packages/airflow/example_dags/example_skip_dag.py for tasks to queue
[2025-04-02T19:24:02.806+0000] {logging_mixin.py:190} INFO - [2025-04-02T19:24:02.805+0000] {dagbag.py:588} INFO - Filling up the DagBag from /home/airflow/.local/lib/python3.12/site-packages/airflow/example_dags/example_skip_dag.py
[2025-04-02T19:24:02.858+0000] {processor.py:925} INFO - DAG(s) 'example_skip_dag' retrieved from /home/airflow/.local/lib/python3.12/site-packages/airflow/example_dags/example_skip_dag.py
[2025-04-02T19:24:03.313+0000] {logging_mixin.py:190} INFO - [2025-04-02T19:24:03.312+0000] {dag.py:3239} INFO - Sync 1 DAGs
[2025-04-02T19:24:03.617+0000] {logging_mixin.py:190} INFO - [2025-04-02T19:24:03.615+0000] {dag.py:4180} INFO - Setting next_dagrun for example_skip_dag to 2025-04-01 00:00:00+00:00, run_after=2025-04-02 00:00:00+00:00
[2025-04-02T19:24:03.788+0000] {processor.py:208} INFO - Processing /home/airflow/.local/lib/python3.12/site-packages/airflow/example_dags/example_skip_dag.py took 1.030 seconds
