[2025-04-02T19:04:15.248+0000] {processor.py:186} INFO - Started process (PID=149) to work on /home/airflow/.local/lib/python3.12/site-packages/airflow/example_dags/example_short_circuit_decorator.py
[2025-04-02T19:04:15.251+0000] {processor.py:914} INFO - Processing file /home/airflow/.local/lib/python3.12/site-packages/airflow/example_dags/example_short_circuit_decorator.py for tasks to queue
[2025-04-02T19:04:15.257+0000] {logging_mixin.py:190} INFO - [2025-04-02T19:04:15.256+0000] {dagbag.py:588} INFO - Filling up the DagBag from /home/airflow/.local/lib/python3.12/site-packages/airflow/example_dags/example_short_circuit_decorator.py
[2025-04-02T19:04:15.301+0000] {processor.py:925} INFO - DAG(s) 'example_short_circuit_decorator' retrieved from /home/airflow/.local/lib/python3.12/site-packages/airflow/example_dags/example_short_circuit_decorator.py
[2025-04-02T19:04:16.052+0000] {logging_mixin.py:190} INFO - [2025-04-02T19:04:16.049+0000] {override.py:1912} INFO - Created Permission View: can delete on DAG:example_short_circuit_decorator
[2025-04-02T19:04:16.094+0000] {logging_mixin.py:190} INFO - [2025-04-02T19:04:16.093+0000] {override.py:1912} INFO - Created Permission View: can edit on DAG:example_short_circuit_decorator
[2025-04-02T19:04:16.121+0000] {logging_mixin.py:190} INFO - [2025-04-02T19:04:16.120+0000] {override.py:1912} INFO - Created Permission View: can read on DAG:example_short_circuit_decorator
[2025-04-02T19:04:16.178+0000] {logging_mixin.py:190} INFO - [2025-04-02T19:04:16.177+0000] {override.py:1912} INFO - Created Permission View: can delete on DAG Run:example_short_circuit_decorator
[2025-04-02T19:04:16.236+0000] {logging_mixin.py:190} INFO - [2025-04-02T19:04:16.236+0000] {override.py:1912} INFO - Created Permission View: can read on DAG Run:example_short_circuit_decorator
[2025-04-02T19:04:16.316+0000] {logging_mixin.py:190} INFO - [2025-04-02T19:04:16.316+0000] {override.py:1912} INFO - Created Permission View: can create on DAG Run:example_short_circuit_decorator
[2025-04-02T19:04:16.347+0000] {logging_mixin.py:190} INFO - [2025-04-02T19:04:16.346+0000] {override.py:1912} INFO - Created Permission View: menu access on DAG Run:example_short_circuit_decorator
[2025-04-02T19:04:16.352+0000] {logging_mixin.py:190} INFO - [2025-04-02T19:04:16.349+0000] {dag.py:3239} INFO - Sync 1 DAGs
[2025-04-02T19:04:16.425+0000] {logging_mixin.py:190} INFO - [2025-04-02T19:04:16.424+0000] {dag.py:3262} INFO - Creating ORM DAG for example_short_circuit_decorator
[2025-04-02T19:04:16.429+0000] {logging_mixin.py:190} INFO - [2025-04-02T19:04:16.428+0000] {dag.py:4180} INFO - Setting next_dagrun for example_short_circuit_decorator to None, run_after=None
[2025-04-02T19:04:16.540+0000] {processor.py:208} INFO - Processing /home/airflow/.local/lib/python3.12/site-packages/airflow/example_dags/example_short_circuit_decorator.py took 1.316 seconds
[2025-04-02T19:04:47.578+0000] {processor.py:186} INFO - Started process (PID=212) to work on /home/airflow/.local/lib/python3.12/site-packages/airflow/example_dags/example_short_circuit_decorator.py
[2025-04-02T19:04:47.580+0000] {processor.py:914} INFO - Processing file /home/airflow/.local/lib/python3.12/site-packages/airflow/example_dags/example_short_circuit_decorator.py for tasks to queue
[2025-04-02T19:04:47.584+0000] {logging_mixin.py:190} INFO - [2025-04-02T19:04:47.583+0000] {dagbag.py:588} INFO - Filling up the DagBag from /home/airflow/.local/lib/python3.12/site-packages/airflow/example_dags/example_short_circuit_decorator.py
[2025-04-02T19:04:47.601+0000] {processor.py:925} INFO - DAG(s) 'example_short_circuit_decorator' retrieved from /home/airflow/.local/lib/python3.12/site-packages/airflow/example_dags/example_short_circuit_decorator.py
[2025-04-02T19:04:47.652+0000] {logging_mixin.py:190} INFO - [2025-04-02T19:04:47.651+0000] {dag.py:3239} INFO - Sync 1 DAGs
[2025-04-02T19:04:47.699+0000] {logging_mixin.py:190} INFO - [2025-04-02T19:04:47.698+0000] {dag.py:4180} INFO - Setting next_dagrun for example_short_circuit_decorator to None, run_after=None
[2025-04-02T19:04:47.770+0000] {processor.py:208} INFO - Processing /home/airflow/.local/lib/python3.12/site-packages/airflow/example_dags/example_short_circuit_decorator.py took 0.203 seconds
[2025-04-02T19:05:31.416+0000] {processor.py:186} INFO - Started process (PID=287) to work on /home/airflow/.local/lib/python3.12/site-packages/airflow/example_dags/example_short_circuit_decorator.py
[2025-04-02T19:05:31.419+0000] {processor.py:914} INFO - Processing file /home/airflow/.local/lib/python3.12/site-packages/airflow/example_dags/example_short_circuit_decorator.py for tasks to queue
[2025-04-02T19:05:31.428+0000] {logging_mixin.py:190} INFO - [2025-04-02T19:05:31.426+0000] {dagbag.py:588} INFO - Filling up the DagBag from /home/airflow/.local/lib/python3.12/site-packages/airflow/example_dags/example_short_circuit_decorator.py
[2025-04-02T19:05:31.492+0000] {processor.py:925} INFO - DAG(s) 'example_short_circuit_decorator' retrieved from /home/airflow/.local/lib/python3.12/site-packages/airflow/example_dags/example_short_circuit_decorator.py
[2025-04-02T19:05:31.574+0000] {logging_mixin.py:190} INFO - [2025-04-02T19:05:31.573+0000] {dag.py:3239} INFO - Sync 1 DAGs
[2025-04-02T19:05:31.625+0000] {logging_mixin.py:190} INFO - [2025-04-02T19:05:31.616+0000] {dag.py:4180} INFO - Setting next_dagrun for example_short_circuit_decorator to None, run_after=None
[2025-04-02T19:05:31.710+0000] {processor.py:208} INFO - Processing /home/airflow/.local/lib/python3.12/site-packages/airflow/example_dags/example_short_circuit_decorator.py took 0.320 seconds
[2025-04-02T19:06:01.958+0000] {processor.py:186} INFO - Started process (PID=351) to work on /home/airflow/.local/lib/python3.12/site-packages/airflow/example_dags/example_short_circuit_decorator.py
[2025-04-02T19:06:01.961+0000] {processor.py:914} INFO - Processing file /home/airflow/.local/lib/python3.12/site-packages/airflow/example_dags/example_short_circuit_decorator.py for tasks to queue
[2025-04-02T19:06:01.972+0000] {logging_mixin.py:190} INFO - [2025-04-02T19:06:01.971+0000] {dagbag.py:588} INFO - Filling up the DagBag from /home/airflow/.local/lib/python3.12/site-packages/airflow/example_dags/example_short_circuit_decorator.py
[2025-04-02T19:06:02.010+0000] {processor.py:925} INFO - DAG(s) 'example_short_circuit_decorator' retrieved from /home/airflow/.local/lib/python3.12/site-packages/airflow/example_dags/example_short_circuit_decorator.py
[2025-04-02T19:06:02.061+0000] {logging_mixin.py:190} INFO - [2025-04-02T19:06:02.060+0000] {dag.py:3239} INFO - Sync 1 DAGs
[2025-04-02T19:06:02.102+0000] {logging_mixin.py:190} INFO - [2025-04-02T19:06:02.101+0000] {dag.py:4180} INFO - Setting next_dagrun for example_short_circuit_decorator to None, run_after=None
[2025-04-02T19:06:02.144+0000] {processor.py:208} INFO - Processing /home/airflow/.local/lib/python3.12/site-packages/airflow/example_dags/example_short_circuit_decorator.py took 0.205 seconds
[2025-04-02T19:06:43.862+0000] {processor.py:186} INFO - Started process (PID=424) to work on /home/airflow/.local/lib/python3.12/site-packages/airflow/example_dags/example_short_circuit_decorator.py
[2025-04-02T19:06:43.864+0000] {processor.py:914} INFO - Processing file /home/airflow/.local/lib/python3.12/site-packages/airflow/example_dags/example_short_circuit_decorator.py for tasks to queue
[2025-04-02T19:06:43.873+0000] {logging_mixin.py:190} INFO - [2025-04-02T19:06:43.870+0000] {dagbag.py:588} INFO - Filling up the DagBag from /home/airflow/.local/lib/python3.12/site-packages/airflow/example_dags/example_short_circuit_decorator.py
[2025-04-02T19:06:43.911+0000] {processor.py:925} INFO - DAG(s) 'example_short_circuit_decorator' retrieved from /home/airflow/.local/lib/python3.12/site-packages/airflow/example_dags/example_short_circuit_decorator.py
[2025-04-02T19:06:44.027+0000] {logging_mixin.py:190} INFO - [2025-04-02T19:06:44.027+0000] {dag.py:3239} INFO - Sync 1 DAGs
[2025-04-02T19:06:44.136+0000] {logging_mixin.py:190} INFO - [2025-04-02T19:06:44.128+0000] {dag.py:4180} INFO - Setting next_dagrun for example_short_circuit_decorator to None, run_after=None
[2025-04-02T19:06:44.437+0000] {processor.py:208} INFO - Processing /home/airflow/.local/lib/python3.12/site-packages/airflow/example_dags/example_short_circuit_decorator.py took 0.594 seconds
[2025-04-02T19:07:26.267+0000] {processor.py:186} INFO - Started process (PID=488) to work on /home/airflow/.local/lib/python3.12/site-packages/airflow/example_dags/example_short_circuit_decorator.py
[2025-04-02T19:07:26.268+0000] {processor.py:914} INFO - Processing file /home/airflow/.local/lib/python3.12/site-packages/airflow/example_dags/example_short_circuit_decorator.py for tasks to queue
[2025-04-02T19:07:26.273+0000] {logging_mixin.py:190} INFO - [2025-04-02T19:07:26.272+0000] {dagbag.py:588} INFO - Filling up the DagBag from /home/airflow/.local/lib/python3.12/site-packages/airflow/example_dags/example_short_circuit_decorator.py
[2025-04-02T19:07:26.292+0000] {processor.py:925} INFO - DAG(s) 'example_short_circuit_decorator' retrieved from /home/airflow/.local/lib/python3.12/site-packages/airflow/example_dags/example_short_circuit_decorator.py
[2025-04-02T19:07:26.368+0000] {logging_mixin.py:190} INFO - [2025-04-02T19:07:26.367+0000] {dag.py:3239} INFO - Sync 1 DAGs
[2025-04-02T19:07:26.419+0000] {logging_mixin.py:190} INFO - [2025-04-02T19:07:26.418+0000] {dag.py:4180} INFO - Setting next_dagrun for example_short_circuit_decorator to None, run_after=None
[2025-04-02T19:07:26.479+0000] {processor.py:208} INFO - Processing /home/airflow/.local/lib/python3.12/site-packages/airflow/example_dags/example_short_circuit_decorator.py took 0.223 seconds
[2025-04-02T19:08:03.894+0000] {processor.py:186} INFO - Started process (PID=560) to work on /home/airflow/.local/lib/python3.12/site-packages/airflow/example_dags/example_short_circuit_decorator.py
[2025-04-02T19:08:03.906+0000] {processor.py:914} INFO - Processing file /home/airflow/.local/lib/python3.12/site-packages/airflow/example_dags/example_short_circuit_decorator.py for tasks to queue
[2025-04-02T19:08:03.912+0000] {logging_mixin.py:190} INFO - [2025-04-02T19:08:03.911+0000] {dagbag.py:588} INFO - Filling up the DagBag from /home/airflow/.local/lib/python3.12/site-packages/airflow/example_dags/example_short_circuit_decorator.py
[2025-04-02T19:08:03.955+0000] {processor.py:925} INFO - DAG(s) 'example_short_circuit_decorator' retrieved from /home/airflow/.local/lib/python3.12/site-packages/airflow/example_dags/example_short_circuit_decorator.py
[2025-04-02T19:08:04.110+0000] {logging_mixin.py:190} INFO - [2025-04-02T19:08:04.109+0000] {dag.py:3239} INFO - Sync 1 DAGs
[2025-04-02T19:08:04.229+0000] {logging_mixin.py:190} INFO - [2025-04-02T19:08:04.229+0000] {dag.py:4180} INFO - Setting next_dagrun for example_short_circuit_decorator to None, run_after=None
[2025-04-02T19:08:04.374+0000] {processor.py:208} INFO - Processing /home/airflow/.local/lib/python3.12/site-packages/airflow/example_dags/example_short_circuit_decorator.py took 0.516 seconds
[2025-04-02T19:09:02.875+0000] {processor.py:186} INFO - Started process (PID=639) to work on /home/airflow/.local/lib/python3.12/site-packages/airflow/example_dags/example_short_circuit_decorator.py
[2025-04-02T19:09:02.881+0000] {processor.py:914} INFO - Processing file /home/airflow/.local/lib/python3.12/site-packages/airflow/example_dags/example_short_circuit_decorator.py for tasks to queue
[2025-04-02T19:09:02.897+0000] {logging_mixin.py:190} INFO - [2025-04-02T19:09:02.895+0000] {dagbag.py:588} INFO - Filling up the DagBag from /home/airflow/.local/lib/python3.12/site-packages/airflow/example_dags/example_short_circuit_decorator.py
[2025-04-02T19:09:02.962+0000] {processor.py:925} INFO - DAG(s) 'example_short_circuit_decorator' retrieved from /home/airflow/.local/lib/python3.12/site-packages/airflow/example_dags/example_short_circuit_decorator.py
[2025-04-02T19:09:03.119+0000] {logging_mixin.py:190} INFO - [2025-04-02T19:09:03.118+0000] {dag.py:3239} INFO - Sync 1 DAGs
[2025-04-02T19:09:03.267+0000] {logging_mixin.py:190} INFO - [2025-04-02T19:09:03.264+0000] {dag.py:4180} INFO - Setting next_dagrun for example_short_circuit_decorator to None, run_after=None
[2025-04-02T19:09:03.398+0000] {processor.py:208} INFO - Processing /home/airflow/.local/lib/python3.12/site-packages/airflow/example_dags/example_short_circuit_decorator.py took 0.556 seconds
[2025-04-02T19:10:34.295+0000] {processor.py:186} INFO - Started process (PID=729) to work on /home/airflow/.local/lib/python3.12/site-packages/airflow/example_dags/example_short_circuit_decorator.py
[2025-04-02T19:10:34.301+0000] {processor.py:914} INFO - Processing file /home/airflow/.local/lib/python3.12/site-packages/airflow/example_dags/example_short_circuit_decorator.py for tasks to queue
[2025-04-02T19:10:34.316+0000] {logging_mixin.py:190} INFO - [2025-04-02T19:10:34.312+0000] {dagbag.py:588} INFO - Filling up the DagBag from /home/airflow/.local/lib/python3.12/site-packages/airflow/example_dags/example_short_circuit_decorator.py
[2025-04-02T19:10:34.344+0000] {processor.py:925} INFO - DAG(s) 'example_short_circuit_decorator' retrieved from /home/airflow/.local/lib/python3.12/site-packages/airflow/example_dags/example_short_circuit_decorator.py
[2025-04-02T19:10:34.485+0000] {logging_mixin.py:190} INFO - [2025-04-02T19:10:34.485+0000] {dag.py:3239} INFO - Sync 1 DAGs
[2025-04-02T19:10:34.569+0000] {logging_mixin.py:190} INFO - [2025-04-02T19:10:34.569+0000] {dag.py:4180} INFO - Setting next_dagrun for example_short_circuit_decorator to None, run_after=None
[2025-04-02T19:10:34.680+0000] {processor.py:208} INFO - Processing /home/airflow/.local/lib/python3.12/site-packages/airflow/example_dags/example_short_circuit_decorator.py took 0.405 seconds
[2025-04-02T19:11:09.424+0000] {processor.py:186} INFO - Started process (PID=791) to work on /home/airflow/.local/lib/python3.12/site-packages/airflow/example_dags/example_short_circuit_decorator.py
[2025-04-02T19:11:09.439+0000] {processor.py:914} INFO - Processing file /home/airflow/.local/lib/python3.12/site-packages/airflow/example_dags/example_short_circuit_decorator.py for tasks to queue
[2025-04-02T19:11:09.463+0000] {logging_mixin.py:190} INFO - [2025-04-02T19:11:09.458+0000] {dagbag.py:588} INFO - Filling up the DagBag from /home/airflow/.local/lib/python3.12/site-packages/airflow/example_dags/example_short_circuit_decorator.py
[2025-04-02T19:11:09.559+0000] {processor.py:925} INFO - DAG(s) 'example_short_circuit_decorator' retrieved from /home/airflow/.local/lib/python3.12/site-packages/airflow/example_dags/example_short_circuit_decorator.py
[2025-04-02T19:11:09.737+0000] {logging_mixin.py:190} INFO - [2025-04-02T19:11:09.737+0000] {dag.py:3239} INFO - Sync 1 DAGs
[2025-04-02T19:11:10.119+0000] {logging_mixin.py:190} INFO - [2025-04-02T19:11:10.119+0000] {dag.py:4180} INFO - Setting next_dagrun for example_short_circuit_decorator to None, run_after=None
[2025-04-02T19:11:10.227+0000] {processor.py:208} INFO - Processing /home/airflow/.local/lib/python3.12/site-packages/airflow/example_dags/example_short_circuit_decorator.py took 0.834 seconds
[2025-04-02T19:11:40.526+0000] {processor.py:186} INFO - Started process (PID=853) to work on /home/airflow/.local/lib/python3.12/site-packages/airflow/example_dags/example_short_circuit_decorator.py
[2025-04-02T19:11:40.532+0000] {processor.py:914} INFO - Processing file /home/airflow/.local/lib/python3.12/site-packages/airflow/example_dags/example_short_circuit_decorator.py for tasks to queue
[2025-04-02T19:11:40.539+0000] {logging_mixin.py:190} INFO - [2025-04-02T19:11:40.538+0000] {dagbag.py:588} INFO - Filling up the DagBag from /home/airflow/.local/lib/python3.12/site-packages/airflow/example_dags/example_short_circuit_decorator.py
[2025-04-02T19:11:40.574+0000] {processor.py:925} INFO - DAG(s) 'example_short_circuit_decorator' retrieved from /home/airflow/.local/lib/python3.12/site-packages/airflow/example_dags/example_short_circuit_decorator.py
[2025-04-02T19:11:40.716+0000] {logging_mixin.py:190} INFO - [2025-04-02T19:11:40.705+0000] {dag.py:3239} INFO - Sync 1 DAGs
[2025-04-02T19:11:40.798+0000] {logging_mixin.py:190} INFO - [2025-04-02T19:11:40.798+0000] {dag.py:4180} INFO - Setting next_dagrun for example_short_circuit_decorator to None, run_after=None
[2025-04-02T19:11:40.870+0000] {processor.py:208} INFO - Processing /home/airflow/.local/lib/python3.12/site-packages/airflow/example_dags/example_short_circuit_decorator.py took 0.370 seconds
[2025-04-02T19:12:17.173+0000] {processor.py:186} INFO - Started process (PID=916) to work on /home/airflow/.local/lib/python3.12/site-packages/airflow/example_dags/example_short_circuit_decorator.py
[2025-04-02T19:12:17.175+0000] {processor.py:914} INFO - Processing file /home/airflow/.local/lib/python3.12/site-packages/airflow/example_dags/example_short_circuit_decorator.py for tasks to queue
[2025-04-02T19:12:17.186+0000] {logging_mixin.py:190} INFO - [2025-04-02T19:12:17.185+0000] {dagbag.py:588} INFO - Filling up the DagBag from /home/airflow/.local/lib/python3.12/site-packages/airflow/example_dags/example_short_circuit_decorator.py
[2025-04-02T19:12:17.221+0000] {processor.py:925} INFO - DAG(s) 'example_short_circuit_decorator' retrieved from /home/airflow/.local/lib/python3.12/site-packages/airflow/example_dags/example_short_circuit_decorator.py
[2025-04-02T19:12:17.306+0000] {logging_mixin.py:190} INFO - [2025-04-02T19:12:17.305+0000] {dag.py:3239} INFO - Sync 1 DAGs
[2025-04-02T19:12:17.354+0000] {logging_mixin.py:190} INFO - [2025-04-02T19:12:17.353+0000] {dag.py:4180} INFO - Setting next_dagrun for example_short_circuit_decorator to None, run_after=None
[2025-04-02T19:12:17.428+0000] {processor.py:208} INFO - Processing /home/airflow/.local/lib/python3.12/site-packages/airflow/example_dags/example_short_circuit_decorator.py took 0.274 seconds
[2025-04-02T19:12:56.280+0000] {processor.py:186} INFO - Started process (PID=985) to work on /home/airflow/.local/lib/python3.12/site-packages/airflow/example_dags/example_short_circuit_decorator.py
[2025-04-02T19:12:56.291+0000] {processor.py:914} INFO - Processing file /home/airflow/.local/lib/python3.12/site-packages/airflow/example_dags/example_short_circuit_decorator.py for tasks to queue
[2025-04-02T19:12:56.298+0000] {logging_mixin.py:190} INFO - [2025-04-02T19:12:56.296+0000] {dagbag.py:588} INFO - Filling up the DagBag from /home/airflow/.local/lib/python3.12/site-packages/airflow/example_dags/example_short_circuit_decorator.py
[2025-04-02T19:12:56.379+0000] {processor.py:925} INFO - DAG(s) 'example_short_circuit_decorator' retrieved from /home/airflow/.local/lib/python3.12/site-packages/airflow/example_dags/example_short_circuit_decorator.py
[2025-04-02T19:12:56.539+0000] {logging_mixin.py:190} INFO - [2025-04-02T19:12:56.539+0000] {dag.py:3239} INFO - Sync 1 DAGs
[2025-04-02T19:12:56.596+0000] {logging_mixin.py:190} INFO - [2025-04-02T19:12:56.595+0000] {dag.py:4180} INFO - Setting next_dagrun for example_short_circuit_decorator to None, run_after=None
[2025-04-02T19:12:56.645+0000] {processor.py:208} INFO - Processing /home/airflow/.local/lib/python3.12/site-packages/airflow/example_dags/example_short_circuit_decorator.py took 0.413 seconds
[2025-04-02T19:13:46.582+0000] {processor.py:186} INFO - Started process (PID=1065) to work on /home/airflow/.local/lib/python3.12/site-packages/airflow/example_dags/example_short_circuit_decorator.py
[2025-04-02T19:13:46.584+0000] {processor.py:914} INFO - Processing file /home/airflow/.local/lib/python3.12/site-packages/airflow/example_dags/example_short_circuit_decorator.py for tasks to queue
[2025-04-02T19:13:46.597+0000] {logging_mixin.py:190} INFO - [2025-04-02T19:13:46.588+0000] {dagbag.py:588} INFO - Filling up the DagBag from /home/airflow/.local/lib/python3.12/site-packages/airflow/example_dags/example_short_circuit_decorator.py
[2025-04-02T19:13:46.650+0000] {processor.py:925} INFO - DAG(s) 'example_short_circuit_decorator' retrieved from /home/airflow/.local/lib/python3.12/site-packages/airflow/example_dags/example_short_circuit_decorator.py
[2025-04-02T19:13:46.789+0000] {logging_mixin.py:190} INFO - [2025-04-02T19:13:46.788+0000] {dag.py:3239} INFO - Sync 1 DAGs
[2025-04-02T19:13:46.915+0000] {logging_mixin.py:190} INFO - [2025-04-02T19:13:46.915+0000] {dag.py:4180} INFO - Setting next_dagrun for example_short_circuit_decorator to None, run_after=None
[2025-04-02T19:13:47.052+0000] {processor.py:208} INFO - Processing /home/airflow/.local/lib/python3.12/site-packages/airflow/example_dags/example_short_circuit_decorator.py took 0.520 seconds
[2025-04-02T19:14:51.680+0000] {processor.py:186} INFO - Started process (PID=1144) to work on /home/airflow/.local/lib/python3.12/site-packages/airflow/example_dags/example_short_circuit_decorator.py
[2025-04-02T19:14:51.689+0000] {processor.py:914} INFO - Processing file /home/airflow/.local/lib/python3.12/site-packages/airflow/example_dags/example_short_circuit_decorator.py for tasks to queue
[2025-04-02T19:14:51.709+0000] {logging_mixin.py:190} INFO - [2025-04-02T19:14:51.705+0000] {dagbag.py:588} INFO - Filling up the DagBag from /home/airflow/.local/lib/python3.12/site-packages/airflow/example_dags/example_short_circuit_decorator.py
[2025-04-02T19:14:51.826+0000] {processor.py:925} INFO - DAG(s) 'example_short_circuit_decorator' retrieved from /home/airflow/.local/lib/python3.12/site-packages/airflow/example_dags/example_short_circuit_decorator.py
[2025-04-02T19:14:52.134+0000] {logging_mixin.py:190} INFO - [2025-04-02T19:14:52.133+0000] {dag.py:3239} INFO - Sync 1 DAGs
[2025-04-02T19:14:52.285+0000] {logging_mixin.py:190} INFO - [2025-04-02T19:14:52.285+0000] {dag.py:4180} INFO - Setting next_dagrun for example_short_circuit_decorator to None, run_after=None
[2025-04-02T19:14:52.525+0000] {processor.py:208} INFO - Processing /home/airflow/.local/lib/python3.12/site-packages/airflow/example_dags/example_short_circuit_decorator.py took 0.897 seconds
[2025-04-02T19:15:46.666+0000] {processor.py:186} INFO - Started process (PID=1224) to work on /home/airflow/.local/lib/python3.12/site-packages/airflow/example_dags/example_short_circuit_decorator.py
[2025-04-02T19:15:46.668+0000] {processor.py:914} INFO - Processing file /home/airflow/.local/lib/python3.12/site-packages/airflow/example_dags/example_short_circuit_decorator.py for tasks to queue
[2025-04-02T19:15:46.701+0000] {logging_mixin.py:190} INFO - [2025-04-02T19:15:46.700+0000] {dagbag.py:588} INFO - Filling up the DagBag from /home/airflow/.local/lib/python3.12/site-packages/airflow/example_dags/example_short_circuit_decorator.py
[2025-04-02T19:15:46.784+0000] {processor.py:925} INFO - DAG(s) 'example_short_circuit_decorator' retrieved from /home/airflow/.local/lib/python3.12/site-packages/airflow/example_dags/example_short_circuit_decorator.py
[2025-04-02T19:15:46.906+0000] {logging_mixin.py:190} INFO - [2025-04-02T19:15:46.906+0000] {dag.py:3239} INFO - Sync 1 DAGs
[2025-04-02T19:15:47.026+0000] {logging_mixin.py:190} INFO - [2025-04-02T19:15:47.026+0000] {dag.py:4180} INFO - Setting next_dagrun for example_short_circuit_decorator to None, run_after=None
[2025-04-02T19:15:47.160+0000] {processor.py:208} INFO - Processing /home/airflow/.local/lib/python3.12/site-packages/airflow/example_dags/example_short_circuit_decorator.py took 0.512 seconds
[2025-04-02T19:16:18.908+0000] {processor.py:186} INFO - Started process (PID=1286) to work on /home/airflow/.local/lib/python3.12/site-packages/airflow/example_dags/example_short_circuit_decorator.py
[2025-04-02T19:16:18.916+0000] {processor.py:914} INFO - Processing file /home/airflow/.local/lib/python3.12/site-packages/airflow/example_dags/example_short_circuit_decorator.py for tasks to queue
[2025-04-02T19:16:18.935+0000] {logging_mixin.py:190} INFO - [2025-04-02T19:16:18.933+0000] {dagbag.py:588} INFO - Filling up the DagBag from /home/airflow/.local/lib/python3.12/site-packages/airflow/example_dags/example_short_circuit_decorator.py
[2025-04-02T19:16:18.989+0000] {processor.py:925} INFO - DAG(s) 'example_short_circuit_decorator' retrieved from /home/airflow/.local/lib/python3.12/site-packages/airflow/example_dags/example_short_circuit_decorator.py
[2025-04-02T19:16:19.115+0000] {logging_mixin.py:190} INFO - [2025-04-02T19:16:19.114+0000] {dag.py:3239} INFO - Sync 1 DAGs
[2025-04-02T19:16:19.200+0000] {logging_mixin.py:190} INFO - [2025-04-02T19:16:19.199+0000] {dag.py:4180} INFO - Setting next_dagrun for example_short_circuit_decorator to None, run_after=None
[2025-04-02T19:16:19.309+0000] {processor.py:208} INFO - Processing /home/airflow/.local/lib/python3.12/site-packages/airflow/example_dags/example_short_circuit_decorator.py took 0.456 seconds
[2025-04-02T19:17:06.961+0000] {processor.py:186} INFO - Started process (PID=1349) to work on /home/airflow/.local/lib/python3.12/site-packages/airflow/example_dags/example_short_circuit_decorator.py
[2025-04-02T19:17:06.968+0000] {processor.py:914} INFO - Processing file /home/airflow/.local/lib/python3.12/site-packages/airflow/example_dags/example_short_circuit_decorator.py for tasks to queue
[2025-04-02T19:17:07.033+0000] {logging_mixin.py:190} INFO - [2025-04-02T19:17:07.032+0000] {dagbag.py:588} INFO - Filling up the DagBag from /home/airflow/.local/lib/python3.12/site-packages/airflow/example_dags/example_short_circuit_decorator.py
[2025-04-02T19:17:07.133+0000] {processor.py:925} INFO - DAG(s) 'example_short_circuit_decorator' retrieved from /home/airflow/.local/lib/python3.12/site-packages/airflow/example_dags/example_short_circuit_decorator.py
[2025-04-02T19:17:07.392+0000] {logging_mixin.py:190} INFO - [2025-04-02T19:17:07.384+0000] {dag.py:3239} INFO - Sync 1 DAGs
[2025-04-02T19:17:07.483+0000] {logging_mixin.py:190} INFO - [2025-04-02T19:17:07.482+0000] {dag.py:4180} INFO - Setting next_dagrun for example_short_circuit_decorator to None, run_after=None
[2025-04-02T19:17:07.617+0000] {processor.py:208} INFO - Processing /home/airflow/.local/lib/python3.12/site-packages/airflow/example_dags/example_short_circuit_decorator.py took 0.682 seconds
[2025-04-02T19:17:38.013+0000] {processor.py:186} INFO - Started process (PID=1419) to work on /home/airflow/.local/lib/python3.12/site-packages/airflow/example_dags/example_short_circuit_decorator.py
[2025-04-02T19:17:38.043+0000] {processor.py:914} INFO - Processing file /home/airflow/.local/lib/python3.12/site-packages/airflow/example_dags/example_short_circuit_decorator.py for tasks to queue
[2025-04-02T19:17:38.052+0000] {logging_mixin.py:190} INFO - [2025-04-02T19:17:38.051+0000] {dagbag.py:588} INFO - Filling up the DagBag from /home/airflow/.local/lib/python3.12/site-packages/airflow/example_dags/example_short_circuit_decorator.py
[2025-04-02T19:17:38.126+0000] {processor.py:925} INFO - DAG(s) 'example_short_circuit_decorator' retrieved from /home/airflow/.local/lib/python3.12/site-packages/airflow/example_dags/example_short_circuit_decorator.py
[2025-04-02T19:17:38.340+0000] {logging_mixin.py:190} INFO - [2025-04-02T19:17:38.340+0000] {dag.py:3239} INFO - Sync 1 DAGs
[2025-04-02T19:17:38.467+0000] {logging_mixin.py:190} INFO - [2025-04-02T19:17:38.466+0000] {dag.py:4180} INFO - Setting next_dagrun for example_short_circuit_decorator to None, run_after=None
[2025-04-02T19:17:38.612+0000] {processor.py:208} INFO - Processing /home/airflow/.local/lib/python3.12/site-packages/airflow/example_dags/example_short_circuit_decorator.py took 0.632 seconds
[2025-04-02T19:18:10.655+0000] {processor.py:186} INFO - Started process (PID=1481) to work on /home/airflow/.local/lib/python3.12/site-packages/airflow/example_dags/example_short_circuit_decorator.py
[2025-04-02T19:18:10.659+0000] {processor.py:914} INFO - Processing file /home/airflow/.local/lib/python3.12/site-packages/airflow/example_dags/example_short_circuit_decorator.py for tasks to queue
[2025-04-02T19:18:10.666+0000] {logging_mixin.py:190} INFO - [2025-04-02T19:18:10.665+0000] {dagbag.py:588} INFO - Filling up the DagBag from /home/airflow/.local/lib/python3.12/site-packages/airflow/example_dags/example_short_circuit_decorator.py
[2025-04-02T19:18:10.732+0000] {processor.py:925} INFO - DAG(s) 'example_short_circuit_decorator' retrieved from /home/airflow/.local/lib/python3.12/site-packages/airflow/example_dags/example_short_circuit_decorator.py
[2025-04-02T19:18:10.872+0000] {logging_mixin.py:190} INFO - [2025-04-02T19:18:10.872+0000] {dag.py:3239} INFO - Sync 1 DAGs
[2025-04-02T19:18:10.959+0000] {logging_mixin.py:190} INFO - [2025-04-02T19:18:10.959+0000] {dag.py:4180} INFO - Setting next_dagrun for example_short_circuit_decorator to None, run_after=None
[2025-04-02T19:18:11.051+0000] {processor.py:208} INFO - Processing /home/airflow/.local/lib/python3.12/site-packages/airflow/example_dags/example_short_circuit_decorator.py took 0.428 seconds
[2025-04-02T19:18:42.728+0000] {processor.py:186} INFO - Started process (PID=1543) to work on /home/airflow/.local/lib/python3.12/site-packages/airflow/example_dags/example_short_circuit_decorator.py
[2025-04-02T19:18:42.733+0000] {processor.py:914} INFO - Processing file /home/airflow/.local/lib/python3.12/site-packages/airflow/example_dags/example_short_circuit_decorator.py for tasks to queue
[2025-04-02T19:18:42.745+0000] {logging_mixin.py:190} INFO - [2025-04-02T19:18:42.744+0000] {dagbag.py:588} INFO - Filling up the DagBag from /home/airflow/.local/lib/python3.12/site-packages/airflow/example_dags/example_short_circuit_decorator.py
[2025-04-02T19:18:42.779+0000] {processor.py:925} INFO - DAG(s) 'example_short_circuit_decorator' retrieved from /home/airflow/.local/lib/python3.12/site-packages/airflow/example_dags/example_short_circuit_decorator.py
[2025-04-02T19:18:42.956+0000] {logging_mixin.py:190} INFO - [2025-04-02T19:18:42.955+0000] {dag.py:3239} INFO - Sync 1 DAGs
[2025-04-02T19:18:43.595+0000] {logging_mixin.py:190} INFO - [2025-04-02T19:18:43.584+0000] {dag.py:4180} INFO - Setting next_dagrun for example_short_circuit_decorator to None, run_after=None
[2025-04-02T19:18:43.873+0000] {processor.py:208} INFO - Processing /home/airflow/.local/lib/python3.12/site-packages/airflow/example_dags/example_short_circuit_decorator.py took 1.178 seconds
[2025-04-02T19:19:18.783+0000] {processor.py:186} INFO - Started process (PID=1606) to work on /home/airflow/.local/lib/python3.12/site-packages/airflow/example_dags/example_short_circuit_decorator.py
[2025-04-02T19:19:18.797+0000] {processor.py:914} INFO - Processing file /home/airflow/.local/lib/python3.12/site-packages/airflow/example_dags/example_short_circuit_decorator.py for tasks to queue
[2025-04-02T19:19:18.817+0000] {logging_mixin.py:190} INFO - [2025-04-02T19:19:18.816+0000] {dagbag.py:588} INFO - Filling up the DagBag from /home/airflow/.local/lib/python3.12/site-packages/airflow/example_dags/example_short_circuit_decorator.py
[2025-04-02T19:19:18.893+0000] {processor.py:925} INFO - DAG(s) 'example_short_circuit_decorator' retrieved from /home/airflow/.local/lib/python3.12/site-packages/airflow/example_dags/example_short_circuit_decorator.py
[2025-04-02T19:19:19.350+0000] {logging_mixin.py:190} INFO - [2025-04-02T19:19:19.349+0000] {dag.py:3239} INFO - Sync 1 DAGs
[2025-04-02T19:19:19.456+0000] {logging_mixin.py:190} INFO - [2025-04-02T19:19:19.455+0000] {dag.py:4180} INFO - Setting next_dagrun for example_short_circuit_decorator to None, run_after=None
[2025-04-02T19:19:19.637+0000] {processor.py:208} INFO - Processing /home/airflow/.local/lib/python3.12/site-packages/airflow/example_dags/example_short_circuit_decorator.py took 0.892 seconds
[2025-04-02T19:20:26.440+0000] {processor.py:186} INFO - Started process (PID=1689) to work on /home/airflow/.local/lib/python3.12/site-packages/airflow/example_dags/example_short_circuit_decorator.py
[2025-04-02T19:20:26.442+0000] {processor.py:914} INFO - Processing file /home/airflow/.local/lib/python3.12/site-packages/airflow/example_dags/example_short_circuit_decorator.py for tasks to queue
[2025-04-02T19:20:26.449+0000] {logging_mixin.py:190} INFO - [2025-04-02T19:20:26.448+0000] {dagbag.py:588} INFO - Filling up the DagBag from /home/airflow/.local/lib/python3.12/site-packages/airflow/example_dags/example_short_circuit_decorator.py
[2025-04-02T19:20:26.470+0000] {processor.py:925} INFO - DAG(s) 'example_short_circuit_decorator' retrieved from /home/airflow/.local/lib/python3.12/site-packages/airflow/example_dags/example_short_circuit_decorator.py
[2025-04-02T19:20:26.564+0000] {logging_mixin.py:190} INFO - [2025-04-02T19:20:26.559+0000] {dag.py:3239} INFO - Sync 1 DAGs
[2025-04-02T19:20:26.629+0000] {logging_mixin.py:190} INFO - [2025-04-02T19:20:26.628+0000] {dag.py:4180} INFO - Setting next_dagrun for example_short_circuit_decorator to None, run_after=None
[2025-04-02T19:20:26.680+0000] {processor.py:208} INFO - Processing /home/airflow/.local/lib/python3.12/site-packages/airflow/example_dags/example_short_circuit_decorator.py took 0.252 seconds
[2025-04-02T19:21:03.244+0000] {processor.py:186} INFO - Started process (PID=1760) to work on /home/airflow/.local/lib/python3.12/site-packages/airflow/example_dags/example_short_circuit_decorator.py
[2025-04-02T19:21:03.246+0000] {processor.py:914} INFO - Processing file /home/airflow/.local/lib/python3.12/site-packages/airflow/example_dags/example_short_circuit_decorator.py for tasks to queue
[2025-04-02T19:21:03.261+0000] {logging_mixin.py:190} INFO - [2025-04-02T19:21:03.260+0000] {dagbag.py:588} INFO - Filling up the DagBag from /home/airflow/.local/lib/python3.12/site-packages/airflow/example_dags/example_short_circuit_decorator.py
[2025-04-02T19:21:03.345+0000] {processor.py:925} INFO - DAG(s) 'example_short_circuit_decorator' retrieved from /home/airflow/.local/lib/python3.12/site-packages/airflow/example_dags/example_short_circuit_decorator.py
[2025-04-02T19:21:03.467+0000] {logging_mixin.py:190} INFO - [2025-04-02T19:21:03.466+0000] {dag.py:3239} INFO - Sync 1 DAGs
[2025-04-02T19:21:03.513+0000] {logging_mixin.py:190} INFO - [2025-04-02T19:21:03.512+0000] {dag.py:4180} INFO - Setting next_dagrun for example_short_circuit_decorator to None, run_after=None
[2025-04-02T19:21:03.579+0000] {processor.py:208} INFO - Processing /home/airflow/.local/lib/python3.12/site-packages/airflow/example_dags/example_short_circuit_decorator.py took 0.391 seconds
[2025-04-02T19:21:45.101+0000] {processor.py:186} INFO - Started process (PID=1834) to work on /home/airflow/.local/lib/python3.12/site-packages/airflow/example_dags/example_short_circuit_decorator.py
[2025-04-02T19:21:45.120+0000] {processor.py:914} INFO - Processing file /home/airflow/.local/lib/python3.12/site-packages/airflow/example_dags/example_short_circuit_decorator.py for tasks to queue
[2025-04-02T19:21:45.130+0000] {logging_mixin.py:190} INFO - [2025-04-02T19:21:45.129+0000] {dagbag.py:588} INFO - Filling up the DagBag from /home/airflow/.local/lib/python3.12/site-packages/airflow/example_dags/example_short_circuit_decorator.py
[2025-04-02T19:21:45.217+0000] {processor.py:925} INFO - DAG(s) 'example_short_circuit_decorator' retrieved from /home/airflow/.local/lib/python3.12/site-packages/airflow/example_dags/example_short_circuit_decorator.py
[2025-04-02T19:21:45.417+0000] {logging_mixin.py:190} INFO - [2025-04-02T19:21:45.416+0000] {dag.py:3239} INFO - Sync 1 DAGs
[2025-04-02T19:21:45.509+0000] {logging_mixin.py:190} INFO - [2025-04-02T19:21:45.508+0000] {dag.py:4180} INFO - Setting next_dagrun for example_short_circuit_decorator to None, run_after=None
[2025-04-02T19:21:45.605+0000] {processor.py:208} INFO - Processing /home/airflow/.local/lib/python3.12/site-packages/airflow/example_dags/example_short_circuit_decorator.py took 0.546 seconds
[2025-04-02T19:22:25.518+0000] {processor.py:186} INFO - Started process (PID=1897) to work on /home/airflow/.local/lib/python3.12/site-packages/airflow/example_dags/example_short_circuit_decorator.py
[2025-04-02T19:22:25.539+0000] {processor.py:914} INFO - Processing file /home/airflow/.local/lib/python3.12/site-packages/airflow/example_dags/example_short_circuit_decorator.py for tasks to queue
[2025-04-02T19:22:25.613+0000] {logging_mixin.py:190} INFO - [2025-04-02T19:22:25.612+0000] {dagbag.py:588} INFO - Filling up the DagBag from /home/airflow/.local/lib/python3.12/site-packages/airflow/example_dags/example_short_circuit_decorator.py
[2025-04-02T19:22:25.682+0000] {processor.py:925} INFO - DAG(s) 'example_short_circuit_decorator' retrieved from /home/airflow/.local/lib/python3.12/site-packages/airflow/example_dags/example_short_circuit_decorator.py
[2025-04-02T19:22:25.873+0000] {logging_mixin.py:190} INFO - [2025-04-02T19:22:25.872+0000] {dag.py:3239} INFO - Sync 1 DAGs
[2025-04-02T19:22:26.167+0000] {logging_mixin.py:190} INFO - [2025-04-02T19:22:26.167+0000] {dag.py:4180} INFO - Setting next_dagrun for example_short_circuit_decorator to None, run_after=None
[2025-04-02T19:22:26.668+0000] {processor.py:208} INFO - Processing /home/airflow/.local/lib/python3.12/site-packages/airflow/example_dags/example_short_circuit_decorator.py took 1.188 seconds
[2025-04-02T19:23:10.898+0000] {processor.py:186} INFO - Started process (PID=1967) to work on /home/airflow/.local/lib/python3.12/site-packages/airflow/example_dags/example_short_circuit_decorator.py
[2025-04-02T19:23:10.905+0000] {processor.py:914} INFO - Processing file /home/airflow/.local/lib/python3.12/site-packages/airflow/example_dags/example_short_circuit_decorator.py for tasks to queue
[2025-04-02T19:23:10.916+0000] {logging_mixin.py:190} INFO - [2025-04-02T19:23:10.915+0000] {dagbag.py:588} INFO - Filling up the DagBag from /home/airflow/.local/lib/python3.12/site-packages/airflow/example_dags/example_short_circuit_decorator.py
[2025-04-02T19:23:10.973+0000] {processor.py:925} INFO - DAG(s) 'example_short_circuit_decorator' retrieved from /home/airflow/.local/lib/python3.12/site-packages/airflow/example_dags/example_short_circuit_decorator.py
[2025-04-02T19:23:11.072+0000] {logging_mixin.py:190} INFO - [2025-04-02T19:23:11.072+0000] {dag.py:3239} INFO - Sync 1 DAGs
[2025-04-02T19:23:11.116+0000] {logging_mixin.py:190} INFO - [2025-04-02T19:23:11.115+0000] {dag.py:4180} INFO - Setting next_dagrun for example_short_circuit_decorator to None, run_after=None
[2025-04-02T19:23:11.174+0000] {processor.py:208} INFO - Processing /home/airflow/.local/lib/python3.12/site-packages/airflow/example_dags/example_short_circuit_decorator.py took 0.298 seconds
[2025-04-02T19:23:57.651+0000] {processor.py:186} INFO - Started process (PID=2038) to work on /home/airflow/.local/lib/python3.12/site-packages/airflow/example_dags/example_short_circuit_decorator.py
[2025-04-02T19:23:57.664+0000] {processor.py:914} INFO - Processing file /home/airflow/.local/lib/python3.12/site-packages/airflow/example_dags/example_short_circuit_decorator.py for tasks to queue
[2025-04-02T19:23:57.669+0000] {logging_mixin.py:190} INFO - [2025-04-02T19:23:57.668+0000] {dagbag.py:588} INFO - Filling up the DagBag from /home/airflow/.local/lib/python3.12/site-packages/airflow/example_dags/example_short_circuit_decorator.py
[2025-04-02T19:23:57.707+0000] {processor.py:925} INFO - DAG(s) 'example_short_circuit_decorator' retrieved from /home/airflow/.local/lib/python3.12/site-packages/airflow/example_dags/example_short_circuit_decorator.py
[2025-04-02T19:23:57.810+0000] {logging_mixin.py:190} INFO - [2025-04-02T19:23:57.801+0000] {dag.py:3239} INFO - Sync 1 DAGs
[2025-04-02T19:23:57.880+0000] {logging_mixin.py:190} INFO - [2025-04-02T19:23:57.879+0000] {dag.py:4180} INFO - Setting next_dagrun for example_short_circuit_decorator to None, run_after=None
[2025-04-02T19:23:57.984+0000] {processor.py:208} INFO - Processing /home/airflow/.local/lib/python3.12/site-packages/airflow/example_dags/example_short_circuit_decorator.py took 0.376 seconds
[2025-04-02T19:24:28.786+0000] {processor.py:186} INFO - Started process (PID=2100) to work on /home/airflow/.local/lib/python3.12/site-packages/airflow/example_dags/example_short_circuit_decorator.py
[2025-04-02T19:24:28.789+0000] {processor.py:914} INFO - Processing file /home/airflow/.local/lib/python3.12/site-packages/airflow/example_dags/example_short_circuit_decorator.py for tasks to queue
[2025-04-02T19:24:28.796+0000] {logging_mixin.py:190} INFO - [2025-04-02T19:24:28.795+0000] {dagbag.py:588} INFO - Filling up the DagBag from /home/airflow/.local/lib/python3.12/site-packages/airflow/example_dags/example_short_circuit_decorator.py
[2025-04-02T19:24:28.820+0000] {processor.py:925} INFO - DAG(s) 'example_short_circuit_decorator' retrieved from /home/airflow/.local/lib/python3.12/site-packages/airflow/example_dags/example_short_circuit_decorator.py
[2025-04-02T19:24:28.874+0000] {logging_mixin.py:190} INFO - [2025-04-02T19:24:28.874+0000] {dag.py:3239} INFO - Sync 1 DAGs
[2025-04-02T19:24:28.907+0000] {logging_mixin.py:190} INFO - [2025-04-02T19:24:28.906+0000] {dag.py:4180} INFO - Setting next_dagrun for example_short_circuit_decorator to None, run_after=None
[2025-04-02T19:24:28.948+0000] {processor.py:208} INFO - Processing /home/airflow/.local/lib/python3.12/site-packages/airflow/example_dags/example_short_circuit_decorator.py took 0.207 seconds
