[2025-04-02T19:04:02.509+0000] {processor.py:186} INFO - Started process (PID=137) to work on /home/airflow/.local/lib/python3.12/site-packages/airflow/example_dags/example_bash_operator.py
[2025-04-02T19:04:02.525+0000] {processor.py:914} INFO - Processing file /home/airflow/.local/lib/python3.12/site-packages/airflow/example_dags/example_bash_operator.py for tasks to queue
[2025-04-02T19:04:02.542+0000] {logging_mixin.py:190} INFO - [2025-04-02T19:04:02.541+0000] {dagbag.py:588} INFO - Filling up the DagBag from /home/airflow/.local/lib/python3.12/site-packages/airflow/example_dags/example_bash_operator.py
[2025-04-02T19:04:02.637+0000] {processor.py:925} INFO - DAG(s) 'example_bash_operator' retrieved from /home/airflow/.local/lib/python3.12/site-packages/airflow/example_dags/example_bash_operator.py
[2025-04-02T19:04:03.677+0000] {logging_mixin.py:190} INFO - [2025-04-02T19:04:03.675+0000] {override.py:1912} INFO - Created Permission View: can delete on DAG:example_bash_operator
[2025-04-02T19:04:03.852+0000] {logging_mixin.py:190} INFO - [2025-04-02T19:04:03.851+0000] {override.py:1912} INFO - Created Permission View: can edit on DAG:example_bash_operator
[2025-04-02T19:04:03.966+0000] {logging_mixin.py:190} INFO - [2025-04-02T19:04:03.965+0000] {override.py:1912} INFO - Created Permission View: can read on DAG:example_bash_operator
[2025-04-02T19:04:04.043+0000] {logging_mixin.py:190} INFO - [2025-04-02T19:04:04.041+0000] {override.py:1912} INFO - Created Permission View: can delete on DAG Run:example_bash_operator
[2025-04-02T19:04:04.107+0000] {logging_mixin.py:190} INFO - [2025-04-02T19:04:04.107+0000] {override.py:1912} INFO - Created Permission View: can read on DAG Run:example_bash_operator
[2025-04-02T19:04:04.130+0000] {logging_mixin.py:190} INFO - [2025-04-02T19:04:04.129+0000] {override.py:1912} INFO - Created Permission View: can create on DAG Run:example_bash_operator
[2025-04-02T19:04:04.180+0000] {logging_mixin.py:190} INFO - [2025-04-02T19:04:04.179+0000] {override.py:1912} INFO - Created Permission View: menu access on DAG Run:example_bash_operator
[2025-04-02T19:04:04.182+0000] {logging_mixin.py:190} INFO - [2025-04-02T19:04:04.181+0000] {dag.py:3239} INFO - Sync 1 DAGs
[2025-04-02T19:04:04.288+0000] {logging_mixin.py:190} INFO - [2025-04-02T19:04:04.288+0000] {dag.py:3262} INFO - Creating ORM DAG for example_bash_operator
[2025-04-02T19:04:04.380+0000] {logging_mixin.py:190} INFO - [2025-04-02T19:04:04.380+0000] {dag.py:4180} INFO - Setting next_dagrun for example_bash_operator to 2025-04-01 00:00:00+00:00, run_after=2025-04-02 00:00:00+00:00
[2025-04-02T19:04:04.504+0000] {processor.py:208} INFO - Processing /home/airflow/.local/lib/python3.12/site-packages/airflow/example_dags/example_bash_operator.py took 2.030 seconds
[2025-04-02T19:04:44.938+0000] {processor.py:186} INFO - Started process (PID=200) to work on /home/airflow/.local/lib/python3.12/site-packages/airflow/example_dags/example_bash_operator.py
[2025-04-02T19:04:44.943+0000] {processor.py:914} INFO - Processing file /home/airflow/.local/lib/python3.12/site-packages/airflow/example_dags/example_bash_operator.py for tasks to queue
[2025-04-02T19:04:44.954+0000] {logging_mixin.py:190} INFO - [2025-04-02T19:04:44.953+0000] {dagbag.py:588} INFO - Filling up the DagBag from /home/airflow/.local/lib/python3.12/site-packages/airflow/example_dags/example_bash_operator.py
[2025-04-02T19:04:45.015+0000] {processor.py:925} INFO - DAG(s) 'example_bash_operator' retrieved from /home/airflow/.local/lib/python3.12/site-packages/airflow/example_dags/example_bash_operator.py
[2025-04-02T19:04:45.089+0000] {logging_mixin.py:190} INFO - [2025-04-02T19:04:45.088+0000] {dag.py:3239} INFO - Sync 1 DAGs
[2025-04-02T19:04:45.167+0000] {logging_mixin.py:190} INFO - [2025-04-02T19:04:45.166+0000] {dag.py:4180} INFO - Setting next_dagrun for example_bash_operator to 2025-04-01 00:00:00+00:00, run_after=2025-04-02 00:00:00+00:00
[2025-04-02T19:04:45.268+0000] {processor.py:208} INFO - Processing /home/airflow/.local/lib/python3.12/site-packages/airflow/example_dags/example_bash_operator.py took 0.359 seconds
[2025-04-02T19:05:24.685+0000] {processor.py:186} INFO - Started process (PID=263) to work on /home/airflow/.local/lib/python3.12/site-packages/airflow/example_dags/example_bash_operator.py
[2025-04-02T19:05:24.688+0000] {processor.py:914} INFO - Processing file /home/airflow/.local/lib/python3.12/site-packages/airflow/example_dags/example_bash_operator.py for tasks to queue
[2025-04-02T19:05:24.697+0000] {logging_mixin.py:190} INFO - [2025-04-02T19:05:24.696+0000] {dagbag.py:588} INFO - Filling up the DagBag from /home/airflow/.local/lib/python3.12/site-packages/airflow/example_dags/example_bash_operator.py
[2025-04-02T19:05:24.762+0000] {processor.py:925} INFO - DAG(s) 'example_bash_operator' retrieved from /home/airflow/.local/lib/python3.12/site-packages/airflow/example_dags/example_bash_operator.py
[2025-04-02T19:05:24.951+0000] {logging_mixin.py:190} INFO - [2025-04-02T19:05:24.950+0000] {dag.py:3239} INFO - Sync 1 DAGs
[2025-04-02T19:05:25.060+0000] {logging_mixin.py:190} INFO - [2025-04-02T19:05:25.059+0000] {dag.py:4180} INFO - Setting next_dagrun for example_bash_operator to 2025-04-01 00:00:00+00:00, run_after=2025-04-02 00:00:00+00:00
[2025-04-02T19:05:25.154+0000] {processor.py:208} INFO - Processing /home/airflow/.local/lib/python3.12/site-packages/airflow/example_dags/example_bash_operator.py took 0.494 seconds
[2025-04-02T19:05:55.582+0000] {processor.py:186} INFO - Started process (PID=325) to work on /home/airflow/.local/lib/python3.12/site-packages/airflow/example_dags/example_bash_operator.py
[2025-04-02T19:05:55.584+0000] {processor.py:914} INFO - Processing file /home/airflow/.local/lib/python3.12/site-packages/airflow/example_dags/example_bash_operator.py for tasks to queue
[2025-04-02T19:05:55.588+0000] {logging_mixin.py:190} INFO - [2025-04-02T19:05:55.588+0000] {dagbag.py:588} INFO - Filling up the DagBag from /home/airflow/.local/lib/python3.12/site-packages/airflow/example_dags/example_bash_operator.py
[2025-04-02T19:05:55.626+0000] {processor.py:925} INFO - DAG(s) 'example_bash_operator' retrieved from /home/airflow/.local/lib/python3.12/site-packages/airflow/example_dags/example_bash_operator.py
[2025-04-02T19:05:55.782+0000] {logging_mixin.py:190} INFO - [2025-04-02T19:05:55.781+0000] {dag.py:3239} INFO - Sync 1 DAGs
[2025-04-02T19:05:55.849+0000] {logging_mixin.py:190} INFO - [2025-04-02T19:05:55.849+0000] {dag.py:4180} INFO - Setting next_dagrun for example_bash_operator to 2025-04-01 00:00:00+00:00, run_after=2025-04-02 00:00:00+00:00
[2025-04-02T19:05:55.932+0000] {processor.py:208} INFO - Processing /home/airflow/.local/lib/python3.12/site-packages/airflow/example_dags/example_bash_operator.py took 0.360 seconds
[2025-04-02T19:06:27.430+0000] {processor.py:186} INFO - Started process (PID=388) to work on /home/airflow/.local/lib/python3.12/site-packages/airflow/example_dags/example_bash_operator.py
[2025-04-02T19:06:27.440+0000] {processor.py:914} INFO - Processing file /home/airflow/.local/lib/python3.12/site-packages/airflow/example_dags/example_bash_operator.py for tasks to queue
[2025-04-02T19:06:27.452+0000] {logging_mixin.py:190} INFO - [2025-04-02T19:06:27.447+0000] {dagbag.py:588} INFO - Filling up the DagBag from /home/airflow/.local/lib/python3.12/site-packages/airflow/example_dags/example_bash_operator.py
[2025-04-02T19:06:27.489+0000] {processor.py:925} INFO - DAG(s) 'example_bash_operator' retrieved from /home/airflow/.local/lib/python3.12/site-packages/airflow/example_dags/example_bash_operator.py
[2025-04-02T19:06:27.731+0000] {logging_mixin.py:190} INFO - [2025-04-02T19:06:27.730+0000] {dag.py:3239} INFO - Sync 1 DAGs
[2025-04-02T19:06:27.918+0000] {logging_mixin.py:190} INFO - [2025-04-02T19:06:27.917+0000] {dag.py:4180} INFO - Setting next_dagrun for example_bash_operator to 2025-04-01 00:00:00+00:00, run_after=2025-04-02 00:00:00+00:00
[2025-04-02T19:06:28.062+0000] {processor.py:208} INFO - Processing /home/airflow/.local/lib/python3.12/site-packages/airflow/example_dags/example_bash_operator.py took 0.665 seconds
[2025-04-02T19:07:11.950+0000] {processor.py:186} INFO - Started process (PID=457) to work on /home/airflow/.local/lib/python3.12/site-packages/airflow/example_dags/example_bash_operator.py
[2025-04-02T19:07:11.956+0000] {processor.py:914} INFO - Processing file /home/airflow/.local/lib/python3.12/site-packages/airflow/example_dags/example_bash_operator.py for tasks to queue
[2025-04-02T19:07:11.970+0000] {logging_mixin.py:190} INFO - [2025-04-02T19:07:11.969+0000] {dagbag.py:588} INFO - Filling up the DagBag from /home/airflow/.local/lib/python3.12/site-packages/airflow/example_dags/example_bash_operator.py
[2025-04-02T19:07:12.054+0000] {processor.py:925} INFO - DAG(s) 'example_bash_operator' retrieved from /home/airflow/.local/lib/python3.12/site-packages/airflow/example_dags/example_bash_operator.py
[2025-04-02T19:07:12.274+0000] {logging_mixin.py:190} INFO - [2025-04-02T19:07:12.274+0000] {dag.py:3239} INFO - Sync 1 DAGs
[2025-04-02T19:07:12.575+0000] {logging_mixin.py:190} INFO - [2025-04-02T19:07:12.575+0000] {dag.py:4180} INFO - Setting next_dagrun for example_bash_operator to 2025-04-01 00:00:00+00:00, run_after=2025-04-02 00:00:00+00:00
[2025-04-02T19:07:12.735+0000] {processor.py:208} INFO - Processing /home/airflow/.local/lib/python3.12/site-packages/airflow/example_dags/example_bash_operator.py took 0.812 seconds
[2025-04-02T19:07:49.694+0000] {processor.py:186} INFO - Started process (PID=523) to work on /home/airflow/.local/lib/python3.12/site-packages/airflow/example_dags/example_bash_operator.py
[2025-04-02T19:07:49.717+0000] {processor.py:914} INFO - Processing file /home/airflow/.local/lib/python3.12/site-packages/airflow/example_dags/example_bash_operator.py for tasks to queue
[2025-04-02T19:07:49.726+0000] {logging_mixin.py:190} INFO - [2025-04-02T19:07:49.725+0000] {dagbag.py:588} INFO - Filling up the DagBag from /home/airflow/.local/lib/python3.12/site-packages/airflow/example_dags/example_bash_operator.py
[2025-04-02T19:07:49.776+0000] {processor.py:925} INFO - DAG(s) 'example_bash_operator' retrieved from /home/airflow/.local/lib/python3.12/site-packages/airflow/example_dags/example_bash_operator.py
[2025-04-02T19:07:49.908+0000] {logging_mixin.py:190} INFO - [2025-04-02T19:07:49.908+0000] {dag.py:3239} INFO - Sync 1 DAGs
[2025-04-02T19:07:50.022+0000] {logging_mixin.py:190} INFO - [2025-04-02T19:07:50.022+0000] {dag.py:4180} INFO - Setting next_dagrun for example_bash_operator to 2025-04-01 00:00:00+00:00, run_after=2025-04-02 00:00:00+00:00
[2025-04-02T19:07:50.085+0000] {processor.py:208} INFO - Processing /home/airflow/.local/lib/python3.12/site-packages/airflow/example_dags/example_bash_operator.py took 0.528 seconds
[2025-04-02T19:08:30.838+0000] {processor.py:186} INFO - Started process (PID=597) to work on /home/airflow/.local/lib/python3.12/site-packages/airflow/example_dags/example_bash_operator.py
[2025-04-02T19:08:30.855+0000] {processor.py:914} INFO - Processing file /home/airflow/.local/lib/python3.12/site-packages/airflow/example_dags/example_bash_operator.py for tasks to queue
[2025-04-02T19:08:30.874+0000] {logging_mixin.py:190} INFO - [2025-04-02T19:08:30.873+0000] {dagbag.py:588} INFO - Filling up the DagBag from /home/airflow/.local/lib/python3.12/site-packages/airflow/example_dags/example_bash_operator.py
[2025-04-02T19:08:31.071+0000] {processor.py:925} INFO - DAG(s) 'example_bash_operator' retrieved from /home/airflow/.local/lib/python3.12/site-packages/airflow/example_dags/example_bash_operator.py
[2025-04-02T19:08:31.254+0000] {logging_mixin.py:190} INFO - [2025-04-02T19:08:31.253+0000] {dag.py:3239} INFO - Sync 1 DAGs
[2025-04-02T19:08:31.429+0000] {logging_mixin.py:190} INFO - [2025-04-02T19:08:31.419+0000] {dag.py:4180} INFO - Setting next_dagrun for example_bash_operator to 2025-04-01 00:00:00+00:00, run_after=2025-04-02 00:00:00+00:00
[2025-04-02T19:08:31.543+0000] {processor.py:208} INFO - Processing /home/airflow/.local/lib/python3.12/site-packages/airflow/example_dags/example_bash_operator.py took 0.897 seconds
[2025-04-02T19:09:22.369+0000] {processor.py:186} INFO - Started process (PID=665) to work on /home/airflow/.local/lib/python3.12/site-packages/airflow/example_dags/example_bash_operator.py
[2025-04-02T19:09:22.433+0000] {processor.py:914} INFO - Processing file /home/airflow/.local/lib/python3.12/site-packages/airflow/example_dags/example_bash_operator.py for tasks to queue
[2025-04-02T19:09:22.631+0000] {logging_mixin.py:190} INFO - [2025-04-02T19:09:22.532+0000] {dagbag.py:588} INFO - Filling up the DagBag from /home/airflow/.local/lib/python3.12/site-packages/airflow/example_dags/example_bash_operator.py
[2025-04-02T19:09:23.081+0000] {processor.py:925} INFO - DAG(s) 'example_bash_operator' retrieved from /home/airflow/.local/lib/python3.12/site-packages/airflow/example_dags/example_bash_operator.py
[2025-04-02T19:09:23.619+0000] {logging_mixin.py:190} INFO - [2025-04-02T19:09:23.618+0000] {dag.py:3239} INFO - Sync 1 DAGs
[2025-04-02T19:09:24.035+0000] {logging_mixin.py:190} INFO - [2025-04-02T19:09:24.034+0000] {dag.py:4180} INFO - Setting next_dagrun for example_bash_operator to 2025-04-01 00:00:00+00:00, run_after=2025-04-02 00:00:00+00:00
[2025-04-02T19:09:24.456+0000] {processor.py:208} INFO - Processing /home/airflow/.local/lib/python3.12/site-packages/airflow/example_dags/example_bash_operator.py took 2.183 seconds
[2025-04-02T19:10:45.377+0000] {processor.py:186} INFO - Started process (PID=751) to work on /home/airflow/.local/lib/python3.12/site-packages/airflow/example_dags/example_bash_operator.py
[2025-04-02T19:10:45.379+0000] {processor.py:914} INFO - Processing file /home/airflow/.local/lib/python3.12/site-packages/airflow/example_dags/example_bash_operator.py for tasks to queue
[2025-04-02T19:10:45.385+0000] {logging_mixin.py:190} INFO - [2025-04-02T19:10:45.384+0000] {dagbag.py:588} INFO - Filling up the DagBag from /home/airflow/.local/lib/python3.12/site-packages/airflow/example_dags/example_bash_operator.py
[2025-04-02T19:10:45.422+0000] {processor.py:925} INFO - DAG(s) 'example_bash_operator' retrieved from /home/airflow/.local/lib/python3.12/site-packages/airflow/example_dags/example_bash_operator.py
[2025-04-02T19:10:45.499+0000] {logging_mixin.py:190} INFO - [2025-04-02T19:10:45.499+0000] {dag.py:3239} INFO - Sync 1 DAGs
[2025-04-02T19:10:45.557+0000] {logging_mixin.py:190} INFO - [2025-04-02T19:10:45.557+0000] {dag.py:4180} INFO - Setting next_dagrun for example_bash_operator to 2025-04-01 00:00:00+00:00, run_after=2025-04-02 00:00:00+00:00
[2025-04-02T19:10:45.600+0000] {processor.py:208} INFO - Processing /home/airflow/.local/lib/python3.12/site-packages/airflow/example_dags/example_bash_operator.py took 0.238 seconds
[2025-04-02T19:11:27.834+0000] {processor.py:186} INFO - Started process (PID=818) to work on /home/airflow/.local/lib/python3.12/site-packages/airflow/example_dags/example_bash_operator.py
[2025-04-02T19:11:27.847+0000] {processor.py:914} INFO - Processing file /home/airflow/.local/lib/python3.12/site-packages/airflow/example_dags/example_bash_operator.py for tasks to queue
[2025-04-02T19:11:27.857+0000] {logging_mixin.py:190} INFO - [2025-04-02T19:11:27.855+0000] {dagbag.py:588} INFO - Filling up the DagBag from /home/airflow/.local/lib/python3.12/site-packages/airflow/example_dags/example_bash_operator.py
[2025-04-02T19:11:27.959+0000] {processor.py:925} INFO - DAG(s) 'example_bash_operator' retrieved from /home/airflow/.local/lib/python3.12/site-packages/airflow/example_dags/example_bash_operator.py
[2025-04-02T19:11:28.062+0000] {logging_mixin.py:190} INFO - [2025-04-02T19:11:28.061+0000] {dag.py:3239} INFO - Sync 1 DAGs
[2025-04-02T19:11:28.193+0000] {logging_mixin.py:190} INFO - [2025-04-02T19:11:28.192+0000] {dag.py:4180} INFO - Setting next_dagrun for example_bash_operator to 2025-04-01 00:00:00+00:00, run_after=2025-04-02 00:00:00+00:00
[2025-04-02T19:11:28.294+0000] {processor.py:208} INFO - Processing /home/airflow/.local/lib/python3.12/site-packages/airflow/example_dags/example_bash_operator.py took 0.481 seconds
[2025-04-02T19:11:59.969+0000] {processor.py:186} INFO - Started process (PID=879) to work on /home/airflow/.local/lib/python3.12/site-packages/airflow/example_dags/example_bash_operator.py
[2025-04-02T19:11:59.977+0000] {processor.py:914} INFO - Processing file /home/airflow/.local/lib/python3.12/site-packages/airflow/example_dags/example_bash_operator.py for tasks to queue
[2025-04-02T19:12:00.004+0000] {logging_mixin.py:190} INFO - [2025-04-02T19:12:00.000+0000] {dagbag.py:588} INFO - Filling up the DagBag from /home/airflow/.local/lib/python3.12/site-packages/airflow/example_dags/example_bash_operator.py
[2025-04-02T19:12:00.167+0000] {processor.py:925} INFO - DAG(s) 'example_bash_operator' retrieved from /home/airflow/.local/lib/python3.12/site-packages/airflow/example_dags/example_bash_operator.py
[2025-04-02T19:12:00.330+0000] {logging_mixin.py:190} INFO - [2025-04-02T19:12:00.330+0000] {dag.py:3239} INFO - Sync 1 DAGs
[2025-04-02T19:12:00.534+0000] {logging_mixin.py:190} INFO - [2025-04-02T19:12:00.533+0000] {dag.py:4180} INFO - Setting next_dagrun for example_bash_operator to 2025-04-01 00:00:00+00:00, run_after=2025-04-02 00:00:00+00:00
[2025-04-02T19:12:00.784+0000] {processor.py:208} INFO - Processing /home/airflow/.local/lib/python3.12/site-packages/airflow/example_dags/example_bash_operator.py took 0.845 seconds
[2025-04-02T19:12:31.982+0000] {processor.py:186} INFO - Started process (PID=941) to work on /home/airflow/.local/lib/python3.12/site-packages/airflow/example_dags/example_bash_operator.py
[2025-04-02T19:12:31.988+0000] {processor.py:914} INFO - Processing file /home/airflow/.local/lib/python3.12/site-packages/airflow/example_dags/example_bash_operator.py for tasks to queue
[2025-04-02T19:12:31.998+0000] {logging_mixin.py:190} INFO - [2025-04-02T19:12:31.996+0000] {dagbag.py:588} INFO - Filling up the DagBag from /home/airflow/.local/lib/python3.12/site-packages/airflow/example_dags/example_bash_operator.py
[2025-04-02T19:12:32.162+0000] {processor.py:925} INFO - DAG(s) 'example_bash_operator' retrieved from /home/airflow/.local/lib/python3.12/site-packages/airflow/example_dags/example_bash_operator.py
[2025-04-02T19:12:32.355+0000] {logging_mixin.py:190} INFO - [2025-04-02T19:12:32.354+0000] {dag.py:3239} INFO - Sync 1 DAGs
[2025-04-02T19:12:32.451+0000] {logging_mixin.py:190} INFO - [2025-04-02T19:12:32.451+0000] {dag.py:4180} INFO - Setting next_dagrun for example_bash_operator to 2025-04-01 00:00:00+00:00, run_after=2025-04-02 00:00:00+00:00
[2025-04-02T19:12:32.592+0000] {processor.py:208} INFO - Processing /home/airflow/.local/lib/python3.12/site-packages/airflow/example_dags/example_bash_operator.py took 0.675 seconds
[2025-04-02T19:13:03.154+0000] {processor.py:186} INFO - Started process (PID=1003) to work on /home/airflow/.local/lib/python3.12/site-packages/airflow/example_dags/example_bash_operator.py
[2025-04-02T19:13:03.157+0000] {processor.py:914} INFO - Processing file /home/airflow/.local/lib/python3.12/site-packages/airflow/example_dags/example_bash_operator.py for tasks to queue
[2025-04-02T19:13:03.162+0000] {logging_mixin.py:190} INFO - [2025-04-02T19:13:03.161+0000] {dagbag.py:588} INFO - Filling up the DagBag from /home/airflow/.local/lib/python3.12/site-packages/airflow/example_dags/example_bash_operator.py
[2025-04-02T19:13:03.191+0000] {processor.py:925} INFO - DAG(s) 'example_bash_operator' retrieved from /home/airflow/.local/lib/python3.12/site-packages/airflow/example_dags/example_bash_operator.py
[2025-04-02T19:13:03.384+0000] {logging_mixin.py:190} INFO - [2025-04-02T19:13:03.383+0000] {dag.py:3239} INFO - Sync 1 DAGs
[2025-04-02T19:13:03.510+0000] {logging_mixin.py:190} INFO - [2025-04-02T19:13:03.509+0000] {dag.py:4180} INFO - Setting next_dagrun for example_bash_operator to 2025-04-01 00:00:00+00:00, run_after=2025-04-02 00:00:00+00:00
[2025-04-02T19:13:03.565+0000] {processor.py:208} INFO - Processing /home/airflow/.local/lib/python3.12/site-packages/airflow/example_dags/example_bash_operator.py took 0.423 seconds
[2025-04-02T19:13:43.895+0000] {processor.py:186} INFO - Started process (PID=1054) to work on /home/airflow/.local/lib/python3.12/site-packages/airflow/example_dags/example_bash_operator.py
[2025-04-02T19:13:43.897+0000] {processor.py:914} INFO - Processing file /home/airflow/.local/lib/python3.12/site-packages/airflow/example_dags/example_bash_operator.py for tasks to queue
[2025-04-02T19:13:43.902+0000] {logging_mixin.py:190} INFO - [2025-04-02T19:13:43.901+0000] {dagbag.py:588} INFO - Filling up the DagBag from /home/airflow/.local/lib/python3.12/site-packages/airflow/example_dags/example_bash_operator.py
[2025-04-02T19:13:43.936+0000] {processor.py:925} INFO - DAG(s) 'example_bash_operator' retrieved from /home/airflow/.local/lib/python3.12/site-packages/airflow/example_dags/example_bash_operator.py
[2025-04-02T19:13:44.043+0000] {logging_mixin.py:190} INFO - [2025-04-02T19:13:44.042+0000] {dag.py:3239} INFO - Sync 1 DAGs
[2025-04-02T19:13:44.132+0000] {logging_mixin.py:190} INFO - [2025-04-02T19:13:44.131+0000] {dag.py:4180} INFO - Setting next_dagrun for example_bash_operator to 2025-04-01 00:00:00+00:00, run_after=2025-04-02 00:00:00+00:00
[2025-04-02T19:13:44.210+0000] {processor.py:208} INFO - Processing /home/airflow/.local/lib/python3.12/site-packages/airflow/example_dags/example_bash_operator.py took 0.324 seconds
[2025-04-02T19:14:24.362+0000] {processor.py:186} INFO - Started process (PID=1117) to work on /home/airflow/.local/lib/python3.12/site-packages/airflow/example_dags/example_bash_operator.py
[2025-04-02T19:14:24.369+0000] {processor.py:914} INFO - Processing file /home/airflow/.local/lib/python3.12/site-packages/airflow/example_dags/example_bash_operator.py for tasks to queue
[2025-04-02T19:14:24.378+0000] {logging_mixin.py:190} INFO - [2025-04-02T19:14:24.377+0000] {dagbag.py:588} INFO - Filling up the DagBag from /home/airflow/.local/lib/python3.12/site-packages/airflow/example_dags/example_bash_operator.py
[2025-04-02T19:14:24.439+0000] {processor.py:925} INFO - DAG(s) 'example_bash_operator' retrieved from /home/airflow/.local/lib/python3.12/site-packages/airflow/example_dags/example_bash_operator.py
[2025-04-02T19:14:24.632+0000] {logging_mixin.py:190} INFO - [2025-04-02T19:14:24.631+0000] {dag.py:3239} INFO - Sync 1 DAGs
[2025-04-02T19:14:24.830+0000] {logging_mixin.py:190} INFO - [2025-04-02T19:14:24.830+0000] {dag.py:4180} INFO - Setting next_dagrun for example_bash_operator to 2025-04-01 00:00:00+00:00, run_after=2025-04-02 00:00:00+00:00
[2025-04-02T19:14:25.059+0000] {processor.py:208} INFO - Processing /home/airflow/.local/lib/python3.12/site-packages/airflow/example_dags/example_bash_operator.py took 0.720 seconds
[2025-04-02T19:15:20.767+0000] {processor.py:186} INFO - Started process (PID=1186) to work on /home/airflow/.local/lib/python3.12/site-packages/airflow/example_dags/example_bash_operator.py
[2025-04-02T19:15:20.842+0000] {processor.py:914} INFO - Processing file /home/airflow/.local/lib/python3.12/site-packages/airflow/example_dags/example_bash_operator.py for tasks to queue
[2025-04-02T19:15:20.878+0000] {logging_mixin.py:190} INFO - [2025-04-02T19:15:20.876+0000] {dagbag.py:588} INFO - Filling up the DagBag from /home/airflow/.local/lib/python3.12/site-packages/airflow/example_dags/example_bash_operator.py
[2025-04-02T19:15:20.977+0000] {processor.py:925} INFO - DAG(s) 'example_bash_operator' retrieved from /home/airflow/.local/lib/python3.12/site-packages/airflow/example_dags/example_bash_operator.py
[2025-04-02T19:15:21.201+0000] {logging_mixin.py:190} INFO - [2025-04-02T19:15:21.200+0000] {dag.py:3239} INFO - Sync 1 DAGs
[2025-04-02T19:15:21.431+0000] {logging_mixin.py:190} INFO - [2025-04-02T19:15:21.418+0000] {dag.py:4180} INFO - Setting next_dagrun for example_bash_operator to 2025-04-01 00:00:00+00:00, run_after=2025-04-02 00:00:00+00:00
[2025-04-02T19:15:21.857+0000] {processor.py:208} INFO - Processing /home/airflow/.local/lib/python3.12/site-packages/airflow/example_dags/example_bash_operator.py took 1.116 seconds
[2025-04-02T19:16:05.617+0000] {processor.py:186} INFO - Started process (PID=1248) to work on /home/airflow/.local/lib/python3.12/site-packages/airflow/example_dags/example_bash_operator.py
[2025-04-02T19:16:05.651+0000] {processor.py:914} INFO - Processing file /home/airflow/.local/lib/python3.12/site-packages/airflow/example_dags/example_bash_operator.py for tasks to queue
[2025-04-02T19:16:05.668+0000] {logging_mixin.py:190} INFO - [2025-04-02T19:16:05.667+0000] {dagbag.py:588} INFO - Filling up the DagBag from /home/airflow/.local/lib/python3.12/site-packages/airflow/example_dags/example_bash_operator.py
[2025-04-02T19:16:05.713+0000] {processor.py:925} INFO - DAG(s) 'example_bash_operator' retrieved from /home/airflow/.local/lib/python3.12/site-packages/airflow/example_dags/example_bash_operator.py
[2025-04-02T19:16:05.903+0000] {logging_mixin.py:190} INFO - [2025-04-02T19:16:05.903+0000] {dag.py:3239} INFO - Sync 1 DAGs
[2025-04-02T19:16:06.038+0000] {logging_mixin.py:190} INFO - [2025-04-02T19:16:06.037+0000] {dag.py:4180} INFO - Setting next_dagrun for example_bash_operator to 2025-04-01 00:00:00+00:00, run_after=2025-04-02 00:00:00+00:00
[2025-04-02T19:16:06.306+0000] {processor.py:208} INFO - Processing /home/airflow/.local/lib/python3.12/site-packages/airflow/example_dags/example_bash_operator.py took 0.756 seconds
[2025-04-02T19:16:48.100+0000] {processor.py:186} INFO - Started process (PID=1324) to work on /home/airflow/.local/lib/python3.12/site-packages/airflow/example_dags/example_bash_operator.py
[2025-04-02T19:16:48.126+0000] {processor.py:914} INFO - Processing file /home/airflow/.local/lib/python3.12/site-packages/airflow/example_dags/example_bash_operator.py for tasks to queue
[2025-04-02T19:16:48.137+0000] {logging_mixin.py:190} INFO - [2025-04-02T19:16:48.135+0000] {dagbag.py:588} INFO - Filling up the DagBag from /home/airflow/.local/lib/python3.12/site-packages/airflow/example_dags/example_bash_operator.py
[2025-04-02T19:16:48.210+0000] {processor.py:925} INFO - DAG(s) 'example_bash_operator' retrieved from /home/airflow/.local/lib/python3.12/site-packages/airflow/example_dags/example_bash_operator.py
[2025-04-02T19:16:48.295+0000] {logging_mixin.py:190} INFO - [2025-04-02T19:16:48.294+0000] {dag.py:3239} INFO - Sync 1 DAGs
[2025-04-02T19:16:48.486+0000] {logging_mixin.py:190} INFO - [2025-04-02T19:16:48.486+0000] {dag.py:4180} INFO - Setting next_dagrun for example_bash_operator to 2025-04-01 00:00:00+00:00, run_after=2025-04-02 00:00:00+00:00
[2025-04-02T19:16:48.560+0000] {processor.py:208} INFO - Processing /home/airflow/.local/lib/python3.12/site-packages/airflow/example_dags/example_bash_operator.py took 0.510 seconds
[2025-04-02T19:17:23.888+0000] {processor.py:186} INFO - Started process (PID=1387) to work on /home/airflow/.local/lib/python3.12/site-packages/airflow/example_dags/example_bash_operator.py
[2025-04-02T19:17:23.892+0000] {processor.py:914} INFO - Processing file /home/airflow/.local/lib/python3.12/site-packages/airflow/example_dags/example_bash_operator.py for tasks to queue
[2025-04-02T19:17:23.910+0000] {logging_mixin.py:190} INFO - [2025-04-02T19:17:23.909+0000] {dagbag.py:588} INFO - Filling up the DagBag from /home/airflow/.local/lib/python3.12/site-packages/airflow/example_dags/example_bash_operator.py
[2025-04-02T19:17:23.986+0000] {processor.py:925} INFO - DAG(s) 'example_bash_operator' retrieved from /home/airflow/.local/lib/python3.12/site-packages/airflow/example_dags/example_bash_operator.py
[2025-04-02T19:17:24.173+0000] {logging_mixin.py:190} INFO - [2025-04-02T19:17:24.172+0000] {dag.py:3239} INFO - Sync 1 DAGs
[2025-04-02T19:17:24.350+0000] {logging_mixin.py:190} INFO - [2025-04-02T19:17:24.349+0000] {dag.py:4180} INFO - Setting next_dagrun for example_bash_operator to 2025-04-01 00:00:00+00:00, run_after=2025-04-02 00:00:00+00:00
[2025-04-02T19:17:24.425+0000] {processor.py:208} INFO - Processing /home/airflow/.local/lib/python3.12/site-packages/airflow/example_dags/example_bash_operator.py took 0.569 seconds
[2025-04-02T19:17:55.337+0000] {processor.py:186} INFO - Started process (PID=1450) to work on /home/airflow/.local/lib/python3.12/site-packages/airflow/example_dags/example_bash_operator.py
[2025-04-02T19:17:55.340+0000] {processor.py:914} INFO - Processing file /home/airflow/.local/lib/python3.12/site-packages/airflow/example_dags/example_bash_operator.py for tasks to queue
[2025-04-02T19:17:55.357+0000] {logging_mixin.py:190} INFO - [2025-04-02T19:17:55.356+0000] {dagbag.py:588} INFO - Filling up the DagBag from /home/airflow/.local/lib/python3.12/site-packages/airflow/example_dags/example_bash_operator.py
[2025-04-02T19:17:55.459+0000] {processor.py:925} INFO - DAG(s) 'example_bash_operator' retrieved from /home/airflow/.local/lib/python3.12/site-packages/airflow/example_dags/example_bash_operator.py
[2025-04-02T19:17:55.667+0000] {logging_mixin.py:190} INFO - [2025-04-02T19:17:55.666+0000] {dag.py:3239} INFO - Sync 1 DAGs
[2025-04-02T19:17:55.955+0000] {logging_mixin.py:190} INFO - [2025-04-02T19:17:55.955+0000] {dag.py:4180} INFO - Setting next_dagrun for example_bash_operator to 2025-04-01 00:00:00+00:00, run_after=2025-04-02 00:00:00+00:00
[2025-04-02T19:17:56.110+0000] {processor.py:208} INFO - Processing /home/airflow/.local/lib/python3.12/site-packages/airflow/example_dags/example_bash_operator.py took 0.806 seconds
[2025-04-02T19:18:26.475+0000] {processor.py:186} INFO - Started process (PID=1513) to work on /home/airflow/.local/lib/python3.12/site-packages/airflow/example_dags/example_bash_operator.py
[2025-04-02T19:18:26.477+0000] {processor.py:914} INFO - Processing file /home/airflow/.local/lib/python3.12/site-packages/airflow/example_dags/example_bash_operator.py for tasks to queue
[2025-04-02T19:18:26.488+0000] {logging_mixin.py:190} INFO - [2025-04-02T19:18:26.487+0000] {dagbag.py:588} INFO - Filling up the DagBag from /home/airflow/.local/lib/python3.12/site-packages/airflow/example_dags/example_bash_operator.py
[2025-04-02T19:18:26.532+0000] {processor.py:925} INFO - DAG(s) 'example_bash_operator' retrieved from /home/airflow/.local/lib/python3.12/site-packages/airflow/example_dags/example_bash_operator.py
[2025-04-02T19:18:26.608+0000] {logging_mixin.py:190} INFO - [2025-04-02T19:18:26.608+0000] {dag.py:3239} INFO - Sync 1 DAGs
[2025-04-02T19:18:26.690+0000] {logging_mixin.py:190} INFO - [2025-04-02T19:18:26.690+0000] {dag.py:4180} INFO - Setting next_dagrun for example_bash_operator to 2025-04-01 00:00:00+00:00, run_after=2025-04-02 00:00:00+00:00
[2025-04-02T19:18:26.759+0000] {processor.py:208} INFO - Processing /home/airflow/.local/lib/python3.12/site-packages/airflow/example_dags/example_bash_operator.py took 0.307 seconds
[2025-04-02T19:19:05.794+0000] {processor.py:186} INFO - Started process (PID=1576) to work on /home/airflow/.local/lib/python3.12/site-packages/airflow/example_dags/example_bash_operator.py
[2025-04-02T19:19:05.797+0000] {processor.py:914} INFO - Processing file /home/airflow/.local/lib/python3.12/site-packages/airflow/example_dags/example_bash_operator.py for tasks to queue
[2025-04-02T19:19:05.806+0000] {logging_mixin.py:190} INFO - [2025-04-02T19:19:05.805+0000] {dagbag.py:588} INFO - Filling up the DagBag from /home/airflow/.local/lib/python3.12/site-packages/airflow/example_dags/example_bash_operator.py
[2025-04-02T19:19:05.885+0000] {processor.py:925} INFO - DAG(s) 'example_bash_operator' retrieved from /home/airflow/.local/lib/python3.12/site-packages/airflow/example_dags/example_bash_operator.py
[2025-04-02T19:19:06.057+0000] {logging_mixin.py:190} INFO - [2025-04-02T19:19:06.057+0000] {dag.py:3239} INFO - Sync 1 DAGs
[2025-04-02T19:19:06.228+0000] {logging_mixin.py:190} INFO - [2025-04-02T19:19:06.226+0000] {dag.py:4180} INFO - Setting next_dagrun for example_bash_operator to 2025-04-01 00:00:00+00:00, run_after=2025-04-02 00:00:00+00:00
[2025-04-02T19:19:06.357+0000] {processor.py:208} INFO - Processing /home/airflow/.local/lib/python3.12/site-packages/airflow/example_dags/example_bash_operator.py took 0.611 seconds
[2025-04-02T19:20:07.536+0000] {processor.py:186} INFO - Started process (PID=1656) to work on /home/airflow/.local/lib/python3.12/site-packages/airflow/example_dags/example_bash_operator.py
[2025-04-02T19:20:07.557+0000] {processor.py:914} INFO - Processing file /home/airflow/.local/lib/python3.12/site-packages/airflow/example_dags/example_bash_operator.py for tasks to queue
[2025-04-02T19:20:07.579+0000] {logging_mixin.py:190} INFO - [2025-04-02T19:20:07.578+0000] {dagbag.py:588} INFO - Filling up the DagBag from /home/airflow/.local/lib/python3.12/site-packages/airflow/example_dags/example_bash_operator.py
[2025-04-02T19:20:07.652+0000] {processor.py:925} INFO - DAG(s) 'example_bash_operator' retrieved from /home/airflow/.local/lib/python3.12/site-packages/airflow/example_dags/example_bash_operator.py
[2025-04-02T19:20:07.791+0000] {logging_mixin.py:190} INFO - [2025-04-02T19:20:07.790+0000] {dag.py:3239} INFO - Sync 1 DAGs
[2025-04-02T19:20:07.987+0000] {logging_mixin.py:190} INFO - [2025-04-02T19:20:07.986+0000] {dag.py:4180} INFO - Setting next_dagrun for example_bash_operator to 2025-04-01 00:00:00+00:00, run_after=2025-04-02 00:00:00+00:00
[2025-04-02T19:20:08.106+0000] {processor.py:208} INFO - Processing /home/airflow/.local/lib/python3.12/site-packages/airflow/example_dags/example_bash_operator.py took 0.673 seconds
[2025-04-02T19:20:47.476+0000] {processor.py:186} INFO - Started process (PID=1728) to work on /home/airflow/.local/lib/python3.12/site-packages/airflow/example_dags/example_bash_operator.py
[2025-04-02T19:20:47.479+0000] {processor.py:914} INFO - Processing file /home/airflow/.local/lib/python3.12/site-packages/airflow/example_dags/example_bash_operator.py for tasks to queue
[2025-04-02T19:20:47.502+0000] {logging_mixin.py:190} INFO - [2025-04-02T19:20:47.501+0000] {dagbag.py:588} INFO - Filling up the DagBag from /home/airflow/.local/lib/python3.12/site-packages/airflow/example_dags/example_bash_operator.py
[2025-04-02T19:20:47.612+0000] {processor.py:925} INFO - DAG(s) 'example_bash_operator' retrieved from /home/airflow/.local/lib/python3.12/site-packages/airflow/example_dags/example_bash_operator.py
[2025-04-02T19:20:47.815+0000] {logging_mixin.py:190} INFO - [2025-04-02T19:20:47.814+0000] {dag.py:3239} INFO - Sync 1 DAGs
[2025-04-02T19:20:48.261+0000] {logging_mixin.py:190} INFO - [2025-04-02T19:20:48.259+0000] {dag.py:4180} INFO - Setting next_dagrun for example_bash_operator to 2025-04-01 00:00:00+00:00, run_after=2025-04-02 00:00:00+00:00
[2025-04-02T19:20:48.402+0000] {processor.py:208} INFO - Processing /home/airflow/.local/lib/python3.12/site-packages/airflow/example_dags/example_bash_operator.py took 0.944 seconds
[2025-04-02T19:21:21.025+0000] {processor.py:186} INFO - Started process (PID=1791) to work on /home/airflow/.local/lib/python3.12/site-packages/airflow/example_dags/example_bash_operator.py
[2025-04-02T19:21:21.033+0000] {processor.py:914} INFO - Processing file /home/airflow/.local/lib/python3.12/site-packages/airflow/example_dags/example_bash_operator.py for tasks to queue
[2025-04-02T19:21:21.051+0000] {logging_mixin.py:190} INFO - [2025-04-02T19:21:21.043+0000] {dagbag.py:588} INFO - Filling up the DagBag from /home/airflow/.local/lib/python3.12/site-packages/airflow/example_dags/example_bash_operator.py
[2025-04-02T19:21:21.109+0000] {processor.py:925} INFO - DAG(s) 'example_bash_operator' retrieved from /home/airflow/.local/lib/python3.12/site-packages/airflow/example_dags/example_bash_operator.py
[2025-04-02T19:21:21.350+0000] {logging_mixin.py:190} INFO - [2025-04-02T19:21:21.348+0000] {dag.py:3239} INFO - Sync 1 DAGs
[2025-04-02T19:21:21.554+0000] {logging_mixin.py:190} INFO - [2025-04-02T19:21:21.554+0000] {dag.py:4180} INFO - Setting next_dagrun for example_bash_operator to 2025-04-01 00:00:00+00:00, run_after=2025-04-02 00:00:00+00:00
[2025-04-02T19:21:21.711+0000] {processor.py:208} INFO - Processing /home/airflow/.local/lib/python3.12/site-packages/airflow/example_dags/example_bash_operator.py took 0.716 seconds
[2025-04-02T19:21:54.426+0000] {processor.py:186} INFO - Started process (PID=1853) to work on /home/airflow/.local/lib/python3.12/site-packages/airflow/example_dags/example_bash_operator.py
[2025-04-02T19:21:54.429+0000] {processor.py:914} INFO - Processing file /home/airflow/.local/lib/python3.12/site-packages/airflow/example_dags/example_bash_operator.py for tasks to queue
[2025-04-02T19:21:54.443+0000] {logging_mixin.py:190} INFO - [2025-04-02T19:21:54.442+0000] {dagbag.py:588} INFO - Filling up the DagBag from /home/airflow/.local/lib/python3.12/site-packages/airflow/example_dags/example_bash_operator.py
[2025-04-02T19:21:54.530+0000] {processor.py:925} INFO - DAG(s) 'example_bash_operator' retrieved from /home/airflow/.local/lib/python3.12/site-packages/airflow/example_dags/example_bash_operator.py
[2025-04-02T19:21:54.896+0000] {logging_mixin.py:190} INFO - [2025-04-02T19:21:54.895+0000] {dag.py:3239} INFO - Sync 1 DAGs
[2025-04-02T19:21:55.238+0000] {logging_mixin.py:190} INFO - [2025-04-02T19:21:55.238+0000] {dag.py:4180} INFO - Setting next_dagrun for example_bash_operator to 2025-04-01 00:00:00+00:00, run_after=2025-04-02 00:00:00+00:00
[2025-04-02T19:21:55.474+0000] {processor.py:208} INFO - Processing /home/airflow/.local/lib/python3.12/site-packages/airflow/example_dags/example_bash_operator.py took 1.095 seconds
[2025-04-02T19:22:52.520+0000] {processor.py:186} INFO - Started process (PID=1927) to work on /home/airflow/.local/lib/python3.12/site-packages/airflow/example_dags/example_bash_operator.py
[2025-04-02T19:22:52.553+0000] {processor.py:914} INFO - Processing file /home/airflow/.local/lib/python3.12/site-packages/airflow/example_dags/example_bash_operator.py for tasks to queue
[2025-04-02T19:22:52.587+0000] {logging_mixin.py:190} INFO - [2025-04-02T19:22:52.586+0000] {dagbag.py:588} INFO - Filling up the DagBag from /home/airflow/.local/lib/python3.12/site-packages/airflow/example_dags/example_bash_operator.py
[2025-04-02T19:22:52.685+0000] {processor.py:925} INFO - DAG(s) 'example_bash_operator' retrieved from /home/airflow/.local/lib/python3.12/site-packages/airflow/example_dags/example_bash_operator.py
[2025-04-02T19:22:52.966+0000] {logging_mixin.py:190} INFO - [2025-04-02T19:22:52.966+0000] {dag.py:3239} INFO - Sync 1 DAGs
[2025-04-02T19:22:53.120+0000] {logging_mixin.py:190} INFO - [2025-04-02T19:22:53.120+0000] {dag.py:4180} INFO - Setting next_dagrun for example_bash_operator to 2025-04-01 00:00:00+00:00, run_after=2025-04-02 00:00:00+00:00
[2025-04-02T19:22:53.208+0000] {processor.py:208} INFO - Processing /home/airflow/.local/lib/python3.12/site-packages/airflow/example_dags/example_bash_operator.py took 0.715 seconds
[2025-04-02T19:23:24.227+0000] {processor.py:186} INFO - Started process (PID=1990) to work on /home/airflow/.local/lib/python3.12/site-packages/airflow/example_dags/example_bash_operator.py
[2025-04-02T19:23:24.230+0000] {processor.py:914} INFO - Processing file /home/airflow/.local/lib/python3.12/site-packages/airflow/example_dags/example_bash_operator.py for tasks to queue
[2025-04-02T19:23:24.242+0000] {logging_mixin.py:190} INFO - [2025-04-02T19:23:24.242+0000] {dagbag.py:588} INFO - Filling up the DagBag from /home/airflow/.local/lib/python3.12/site-packages/airflow/example_dags/example_bash_operator.py
[2025-04-02T19:23:24.289+0000] {processor.py:925} INFO - DAG(s) 'example_bash_operator' retrieved from /home/airflow/.local/lib/python3.12/site-packages/airflow/example_dags/example_bash_operator.py
[2025-04-02T19:23:24.417+0000] {logging_mixin.py:190} INFO - [2025-04-02T19:23:24.416+0000] {dag.py:3239} INFO - Sync 1 DAGs
[2025-04-02T19:23:24.497+0000] {logging_mixin.py:190} INFO - [2025-04-02T19:23:24.496+0000] {dag.py:4180} INFO - Setting next_dagrun for example_bash_operator to 2025-04-01 00:00:00+00:00, run_after=2025-04-02 00:00:00+00:00
[2025-04-02T19:23:24.564+0000] {processor.py:208} INFO - Processing /home/airflow/.local/lib/python3.12/site-packages/airflow/example_dags/example_bash_operator.py took 0.355 seconds
[2025-04-02T19:24:08.621+0000] {processor.py:186} INFO - Started process (PID=2059) to work on /home/airflow/.local/lib/python3.12/site-packages/airflow/example_dags/example_bash_operator.py
[2025-04-02T19:24:08.635+0000] {processor.py:914} INFO - Processing file /home/airflow/.local/lib/python3.12/site-packages/airflow/example_dags/example_bash_operator.py for tasks to queue
[2025-04-02T19:24:08.642+0000] {logging_mixin.py:190} INFO - [2025-04-02T19:24:08.641+0000] {dagbag.py:588} INFO - Filling up the DagBag from /home/airflow/.local/lib/python3.12/site-packages/airflow/example_dags/example_bash_operator.py
[2025-04-02T19:24:08.727+0000] {processor.py:925} INFO - DAG(s) 'example_bash_operator' retrieved from /home/airflow/.local/lib/python3.12/site-packages/airflow/example_dags/example_bash_operator.py
[2025-04-02T19:24:08.807+0000] {logging_mixin.py:190} INFO - [2025-04-02T19:24:08.806+0000] {dag.py:3239} INFO - Sync 1 DAGs
[2025-04-02T19:24:08.895+0000] {logging_mixin.py:190} INFO - [2025-04-02T19:24:08.894+0000] {dag.py:4180} INFO - Setting next_dagrun for example_bash_operator to 2025-04-01 00:00:00+00:00, run_after=2025-04-02 00:00:00+00:00
[2025-04-02T19:24:08.974+0000] {processor.py:208} INFO - Processing /home/airflow/.local/lib/python3.12/site-packages/airflow/example_dags/example_bash_operator.py took 0.386 seconds
