[2025-04-02T19:04:15.451+0000] {processor.py:186} INFO - Started process (PID=150) to work on /home/airflow/.local/lib/python3.12/site-packages/airflow/example_dags/example_trigger_controller_dag.py
[2025-04-02T19:04:15.457+0000] {processor.py:914} INFO - Processing file /home/airflow/.local/lib/python3.12/site-packages/airflow/example_dags/example_trigger_controller_dag.py for tasks to queue
[2025-04-02T19:04:15.466+0000] {logging_mixin.py:190} INFO - [2025-04-02T19:04:15.465+0000] {dagbag.py:588} INFO - Filling up the DagBag from /home/airflow/.local/lib/python3.12/site-packages/airflow/example_dags/example_trigger_controller_dag.py
[2025-04-02T19:04:15.493+0000] {processor.py:925} INFO - DAG(s) 'example_trigger_controller_dag' retrieved from /home/airflow/.local/lib/python3.12/site-packages/airflow/example_dags/example_trigger_controller_dag.py
[2025-04-02T19:04:16.114+0000] {logging_mixin.py:190} INFO - [2025-04-02T19:04:16.112+0000] {override.py:1912} INFO - Created Permission View: can delete on DAG:example_trigger_controller_dag
[2025-04-02T19:04:16.172+0000] {logging_mixin.py:190} INFO - [2025-04-02T19:04:16.171+0000] {override.py:1912} INFO - Created Permission View: can edit on DAG:example_trigger_controller_dag
[2025-04-02T19:04:16.268+0000] {logging_mixin.py:190} INFO - [2025-04-02T19:04:16.268+0000] {override.py:1912} INFO - Created Permission View: can read on DAG:example_trigger_controller_dag
[2025-04-02T19:04:16.330+0000] {logging_mixin.py:190} INFO - [2025-04-02T19:04:16.329+0000] {override.py:1912} INFO - Created Permission View: can delete on DAG Run:example_trigger_controller_dag
[2025-04-02T19:04:16.360+0000] {logging_mixin.py:190} INFO - [2025-04-02T19:04:16.359+0000] {override.py:1912} INFO - Created Permission View: can read on DAG Run:example_trigger_controller_dag
[2025-04-02T19:04:16.393+0000] {logging_mixin.py:190} INFO - [2025-04-02T19:04:16.392+0000] {override.py:1912} INFO - Created Permission View: can create on DAG Run:example_trigger_controller_dag
[2025-04-02T19:04:16.420+0000] {logging_mixin.py:190} INFO - [2025-04-02T19:04:16.419+0000] {override.py:1912} INFO - Created Permission View: menu access on DAG Run:example_trigger_controller_dag
[2025-04-02T19:04:16.422+0000] {logging_mixin.py:190} INFO - [2025-04-02T19:04:16.422+0000] {dag.py:3239} INFO - Sync 1 DAGs
[2025-04-02T19:04:16.556+0000] {logging_mixin.py:190} INFO - [2025-04-02T19:04:16.556+0000] {dag.py:3262} INFO - Creating ORM DAG for example_trigger_controller_dag
[2025-04-02T19:04:16.672+0000] {logging_mixin.py:190} INFO - [2025-04-02T19:04:16.671+0000] {dag.py:4180} INFO - Setting next_dagrun for example_trigger_controller_dag to 2021-01-01 00:00:00+00:00, run_after=2021-01-01 00:00:00+00:00
[2025-04-02T19:04:16.862+0000] {processor.py:208} INFO - Processing /home/airflow/.local/lib/python3.12/site-packages/airflow/example_dags/example_trigger_controller_dag.py took 1.492 seconds
[2025-04-02T19:04:47.914+0000] {processor.py:186} INFO - Started process (PID=213) to work on /home/airflow/.local/lib/python3.12/site-packages/airflow/example_dags/example_trigger_controller_dag.py
[2025-04-02T19:04:47.917+0000] {processor.py:914} INFO - Processing file /home/airflow/.local/lib/python3.12/site-packages/airflow/example_dags/example_trigger_controller_dag.py for tasks to queue
[2025-04-02T19:04:47.931+0000] {logging_mixin.py:190} INFO - [2025-04-02T19:04:47.930+0000] {dagbag.py:588} INFO - Filling up the DagBag from /home/airflow/.local/lib/python3.12/site-packages/airflow/example_dags/example_trigger_controller_dag.py
[2025-04-02T19:04:47.958+0000] {processor.py:925} INFO - DAG(s) 'example_trigger_controller_dag' retrieved from /home/airflow/.local/lib/python3.12/site-packages/airflow/example_dags/example_trigger_controller_dag.py
[2025-04-02T19:04:48.088+0000] {logging_mixin.py:190} INFO - [2025-04-02T19:04:48.087+0000] {dag.py:3239} INFO - Sync 1 DAGs
[2025-04-02T19:04:48.162+0000] {logging_mixin.py:190} INFO - [2025-04-02T19:04:48.161+0000] {dag.py:4180} INFO - Setting next_dagrun for example_trigger_controller_dag to 2021-01-01 00:00:00+00:00, run_after=2021-01-01 00:00:00+00:00
[2025-04-02T19:04:48.250+0000] {processor.py:208} INFO - Processing /home/airflow/.local/lib/python3.12/site-packages/airflow/example_dags/example_trigger_controller_dag.py took 0.356 seconds
[2025-04-02T19:05:31.701+0000] {processor.py:186} INFO - Started process (PID=288) to work on /home/airflow/.local/lib/python3.12/site-packages/airflow/example_dags/example_trigger_controller_dag.py
[2025-04-02T19:05:31.705+0000] {processor.py:914} INFO - Processing file /home/airflow/.local/lib/python3.12/site-packages/airflow/example_dags/example_trigger_controller_dag.py for tasks to queue
[2025-04-02T19:05:31.723+0000] {logging_mixin.py:190} INFO - [2025-04-02T19:05:31.722+0000] {dagbag.py:588} INFO - Filling up the DagBag from /home/airflow/.local/lib/python3.12/site-packages/airflow/example_dags/example_trigger_controller_dag.py
[2025-04-02T19:05:31.756+0000] {processor.py:925} INFO - DAG(s) 'example_trigger_controller_dag' retrieved from /home/airflow/.local/lib/python3.12/site-packages/airflow/example_dags/example_trigger_controller_dag.py
[2025-04-02T19:05:31.811+0000] {logging_mixin.py:190} INFO - [2025-04-02T19:05:31.810+0000] {dag.py:3239} INFO - Sync 1 DAGs
[2025-04-02T19:05:31.916+0000] {logging_mixin.py:190} INFO - [2025-04-02T19:05:31.915+0000] {dag.py:4180} INFO - Setting next_dagrun for example_trigger_controller_dag to 2021-01-01 00:00:00+00:00, run_after=2021-01-01 00:00:00+00:00
[2025-04-02T19:05:32.012+0000] {processor.py:208} INFO - Processing /home/airflow/.local/lib/python3.12/site-packages/airflow/example_dags/example_trigger_controller_dag.py took 0.341 seconds
[2025-04-02T19:06:02.147+0000] {processor.py:186} INFO - Started process (PID=352) to work on /home/airflow/.local/lib/python3.12/site-packages/airflow/example_dags/example_trigger_controller_dag.py
[2025-04-02T19:06:02.155+0000] {processor.py:914} INFO - Processing file /home/airflow/.local/lib/python3.12/site-packages/airflow/example_dags/example_trigger_controller_dag.py for tasks to queue
[2025-04-02T19:06:02.161+0000] {logging_mixin.py:190} INFO - [2025-04-02T19:06:02.160+0000] {dagbag.py:588} INFO - Filling up the DagBag from /home/airflow/.local/lib/python3.12/site-packages/airflow/example_dags/example_trigger_controller_dag.py
[2025-04-02T19:06:02.178+0000] {processor.py:925} INFO - DAG(s) 'example_trigger_controller_dag' retrieved from /home/airflow/.local/lib/python3.12/site-packages/airflow/example_dags/example_trigger_controller_dag.py
[2025-04-02T19:06:02.230+0000] {logging_mixin.py:190} INFO - [2025-04-02T19:06:02.229+0000] {dag.py:3239} INFO - Sync 1 DAGs
[2025-04-02T19:06:02.350+0000] {logging_mixin.py:190} INFO - [2025-04-02T19:06:02.350+0000] {dag.py:4180} INFO - Setting next_dagrun for example_trigger_controller_dag to 2021-01-01 00:00:00+00:00, run_after=2021-01-01 00:00:00+00:00
[2025-04-02T19:06:02.400+0000] {processor.py:208} INFO - Processing /home/airflow/.local/lib/python3.12/site-packages/airflow/example_dags/example_trigger_controller_dag.py took 0.265 seconds
[2025-04-02T19:06:43.862+0000] {processor.py:186} INFO - Started process (PID=425) to work on /home/airflow/.local/lib/python3.12/site-packages/airflow/example_dags/example_trigger_controller_dag.py
[2025-04-02T19:06:43.864+0000] {processor.py:914} INFO - Processing file /home/airflow/.local/lib/python3.12/site-packages/airflow/example_dags/example_trigger_controller_dag.py for tasks to queue
[2025-04-02T19:06:43.870+0000] {logging_mixin.py:190} INFO - [2025-04-02T19:06:43.869+0000] {dagbag.py:588} INFO - Filling up the DagBag from /home/airflow/.local/lib/python3.12/site-packages/airflow/example_dags/example_trigger_controller_dag.py
[2025-04-02T19:06:43.891+0000] {processor.py:925} INFO - DAG(s) 'example_trigger_controller_dag' retrieved from /home/airflow/.local/lib/python3.12/site-packages/airflow/example_dags/example_trigger_controller_dag.py
[2025-04-02T19:06:43.986+0000] {logging_mixin.py:190} INFO - [2025-04-02T19:06:43.985+0000] {dag.py:3239} INFO - Sync 1 DAGs
[2025-04-02T19:06:44.107+0000] {logging_mixin.py:190} INFO - [2025-04-02T19:06:44.106+0000] {dag.py:4180} INFO - Setting next_dagrun for example_trigger_controller_dag to 2021-01-01 00:00:00+00:00, run_after=2021-01-01 00:00:00+00:00
[2025-04-02T19:06:44.312+0000] {processor.py:208} INFO - Processing /home/airflow/.local/lib/python3.12/site-packages/airflow/example_dags/example_trigger_controller_dag.py took 0.466 seconds
[2025-04-02T19:07:26.544+0000] {processor.py:186} INFO - Started process (PID=489) to work on /home/airflow/.local/lib/python3.12/site-packages/airflow/example_dags/example_trigger_controller_dag.py
[2025-04-02T19:07:26.545+0000] {processor.py:914} INFO - Processing file /home/airflow/.local/lib/python3.12/site-packages/airflow/example_dags/example_trigger_controller_dag.py for tasks to queue
[2025-04-02T19:07:26.549+0000] {logging_mixin.py:190} INFO - [2025-04-02T19:07:26.549+0000] {dagbag.py:588} INFO - Filling up the DagBag from /home/airflow/.local/lib/python3.12/site-packages/airflow/example_dags/example_trigger_controller_dag.py
[2025-04-02T19:07:26.563+0000] {processor.py:925} INFO - DAG(s) 'example_trigger_controller_dag' retrieved from /home/airflow/.local/lib/python3.12/site-packages/airflow/example_dags/example_trigger_controller_dag.py
[2025-04-02T19:07:26.601+0000] {logging_mixin.py:190} INFO - [2025-04-02T19:07:26.600+0000] {dag.py:3239} INFO - Sync 1 DAGs
[2025-04-02T19:07:26.647+0000] {logging_mixin.py:190} INFO - [2025-04-02T19:07:26.647+0000] {dag.py:4180} INFO - Setting next_dagrun for example_trigger_controller_dag to 2021-01-01 00:00:00+00:00, run_after=2021-01-01 00:00:00+00:00
[2025-04-02T19:07:26.696+0000] {processor.py:208} INFO - Processing /home/airflow/.local/lib/python3.12/site-packages/airflow/example_dags/example_trigger_controller_dag.py took 0.162 seconds
[2025-04-02T19:08:04.603+0000] {processor.py:186} INFO - Started process (PID=561) to work on /home/airflow/.local/lib/python3.12/site-packages/airflow/example_dags/example_trigger_controller_dag.py
[2025-04-02T19:08:04.609+0000] {processor.py:914} INFO - Processing file /home/airflow/.local/lib/python3.12/site-packages/airflow/example_dags/example_trigger_controller_dag.py for tasks to queue
[2025-04-02T19:08:04.632+0000] {logging_mixin.py:190} INFO - [2025-04-02T19:08:04.631+0000] {dagbag.py:588} INFO - Filling up the DagBag from /home/airflow/.local/lib/python3.12/site-packages/airflow/example_dags/example_trigger_controller_dag.py
[2025-04-02T19:08:04.679+0000] {processor.py:925} INFO - DAG(s) 'example_trigger_controller_dag' retrieved from /home/airflow/.local/lib/python3.12/site-packages/airflow/example_dags/example_trigger_controller_dag.py
[2025-04-02T19:08:04.791+0000] {logging_mixin.py:190} INFO - [2025-04-02T19:08:04.790+0000] {dag.py:3239} INFO - Sync 1 DAGs
[2025-04-02T19:08:04.987+0000] {logging_mixin.py:190} INFO - [2025-04-02T19:08:04.986+0000] {dag.py:4180} INFO - Setting next_dagrun for example_trigger_controller_dag to 2021-01-01 00:00:00+00:00, run_after=2021-01-01 00:00:00+00:00
[2025-04-02T19:08:05.146+0000] {processor.py:208} INFO - Processing /home/airflow/.local/lib/python3.12/site-packages/airflow/example_dags/example_trigger_controller_dag.py took 0.578 seconds
[2025-04-02T19:09:03.445+0000] {processor.py:186} INFO - Started process (PID=640) to work on /home/airflow/.local/lib/python3.12/site-packages/airflow/example_dags/example_trigger_controller_dag.py
[2025-04-02T19:09:03.448+0000] {processor.py:914} INFO - Processing file /home/airflow/.local/lib/python3.12/site-packages/airflow/example_dags/example_trigger_controller_dag.py for tasks to queue
[2025-04-02T19:09:03.478+0000] {logging_mixin.py:190} INFO - [2025-04-02T19:09:03.477+0000] {dagbag.py:588} INFO - Filling up the DagBag from /home/airflow/.local/lib/python3.12/site-packages/airflow/example_dags/example_trigger_controller_dag.py
[2025-04-02T19:09:03.507+0000] {processor.py:925} INFO - DAG(s) 'example_trigger_controller_dag' retrieved from /home/airflow/.local/lib/python3.12/site-packages/airflow/example_dags/example_trigger_controller_dag.py
[2025-04-02T19:09:03.638+0000] {logging_mixin.py:190} INFO - [2025-04-02T19:09:03.637+0000] {dag.py:3239} INFO - Sync 1 DAGs
[2025-04-02T19:09:03.794+0000] {logging_mixin.py:190} INFO - [2025-04-02T19:09:03.793+0000] {dag.py:4180} INFO - Setting next_dagrun for example_trigger_controller_dag to 2021-01-01 00:00:00+00:00, run_after=2021-01-01 00:00:00+00:00
[2025-04-02T19:09:03.897+0000] {processor.py:208} INFO - Processing /home/airflow/.local/lib/python3.12/site-packages/airflow/example_dags/example_trigger_controller_dag.py took 0.505 seconds
[2025-04-02T19:10:34.814+0000] {processor.py:186} INFO - Started process (PID=730) to work on /home/airflow/.local/lib/python3.12/site-packages/airflow/example_dags/example_trigger_controller_dag.py
[2025-04-02T19:10:34.830+0000] {processor.py:914} INFO - Processing file /home/airflow/.local/lib/python3.12/site-packages/airflow/example_dags/example_trigger_controller_dag.py for tasks to queue
[2025-04-02T19:10:34.836+0000] {logging_mixin.py:190} INFO - [2025-04-02T19:10:34.835+0000] {dagbag.py:588} INFO - Filling up the DagBag from /home/airflow/.local/lib/python3.12/site-packages/airflow/example_dags/example_trigger_controller_dag.py
[2025-04-02T19:10:34.863+0000] {processor.py:925} INFO - DAG(s) 'example_trigger_controller_dag' retrieved from /home/airflow/.local/lib/python3.12/site-packages/airflow/example_dags/example_trigger_controller_dag.py
[2025-04-02T19:10:34.980+0000] {logging_mixin.py:190} INFO - [2025-04-02T19:10:34.980+0000] {dag.py:3239} INFO - Sync 1 DAGs
[2025-04-02T19:10:35.125+0000] {logging_mixin.py:190} INFO - [2025-04-02T19:10:35.124+0000] {dag.py:4180} INFO - Setting next_dagrun for example_trigger_controller_dag to 2021-01-01 00:00:00+00:00, run_after=2021-01-01 00:00:00+00:00
[2025-04-02T19:10:35.237+0000] {processor.py:208} INFO - Processing /home/airflow/.local/lib/python3.12/site-packages/airflow/example_dags/example_trigger_controller_dag.py took 0.448 seconds
[2025-04-02T19:11:10.359+0000] {processor.py:186} INFO - Started process (PID=792) to work on /home/airflow/.local/lib/python3.12/site-packages/airflow/example_dags/example_trigger_controller_dag.py
[2025-04-02T19:11:10.364+0000] {processor.py:914} INFO - Processing file /home/airflow/.local/lib/python3.12/site-packages/airflow/example_dags/example_trigger_controller_dag.py for tasks to queue
[2025-04-02T19:11:10.402+0000] {logging_mixin.py:190} INFO - [2025-04-02T19:11:10.400+0000] {dagbag.py:588} INFO - Filling up the DagBag from /home/airflow/.local/lib/python3.12/site-packages/airflow/example_dags/example_trigger_controller_dag.py
[2025-04-02T19:11:10.453+0000] {processor.py:925} INFO - DAG(s) 'example_trigger_controller_dag' retrieved from /home/airflow/.local/lib/python3.12/site-packages/airflow/example_dags/example_trigger_controller_dag.py
[2025-04-02T19:11:10.597+0000] {logging_mixin.py:190} INFO - [2025-04-02T19:11:10.596+0000] {dag.py:3239} INFO - Sync 1 DAGs
[2025-04-02T19:11:10.903+0000] {logging_mixin.py:190} INFO - [2025-04-02T19:11:10.902+0000] {dag.py:4180} INFO - Setting next_dagrun for example_trigger_controller_dag to 2021-01-01 00:00:00+00:00, run_after=2021-01-01 00:00:00+00:00
[2025-04-02T19:11:11.176+0000] {processor.py:208} INFO - Processing /home/airflow/.local/lib/python3.12/site-packages/airflow/example_dags/example_trigger_controller_dag.py took 0.878 seconds
[2025-04-02T19:11:41.654+0000] {processor.py:186} INFO - Started process (PID=854) to work on /home/airflow/.local/lib/python3.12/site-packages/airflow/example_dags/example_trigger_controller_dag.py
[2025-04-02T19:11:41.669+0000] {processor.py:914} INFO - Processing file /home/airflow/.local/lib/python3.12/site-packages/airflow/example_dags/example_trigger_controller_dag.py for tasks to queue
[2025-04-02T19:11:41.692+0000] {logging_mixin.py:190} INFO - [2025-04-02T19:11:41.684+0000] {dagbag.py:588} INFO - Filling up the DagBag from /home/airflow/.local/lib/python3.12/site-packages/airflow/example_dags/example_trigger_controller_dag.py
[2025-04-02T19:11:41.730+0000] {processor.py:925} INFO - DAG(s) 'example_trigger_controller_dag' retrieved from /home/airflow/.local/lib/python3.12/site-packages/airflow/example_dags/example_trigger_controller_dag.py
[2025-04-02T19:11:41.838+0000] {logging_mixin.py:190} INFO - [2025-04-02T19:11:41.838+0000] {dag.py:3239} INFO - Sync 1 DAGs
[2025-04-02T19:11:42.001+0000] {logging_mixin.py:190} INFO - [2025-04-02T19:11:42.000+0000] {dag.py:4180} INFO - Setting next_dagrun for example_trigger_controller_dag to 2021-01-01 00:00:00+00:00, run_after=2021-01-01 00:00:00+00:00
[2025-04-02T19:11:42.089+0000] {processor.py:208} INFO - Processing /home/airflow/.local/lib/python3.12/site-packages/airflow/example_dags/example_trigger_controller_dag.py took 0.472 seconds
[2025-04-02T19:12:18.530+0000] {processor.py:186} INFO - Started process (PID=922) to work on /home/airflow/.local/lib/python3.12/site-packages/airflow/example_dags/example_trigger_controller_dag.py
[2025-04-02T19:12:18.533+0000] {processor.py:914} INFO - Processing file /home/airflow/.local/lib/python3.12/site-packages/airflow/example_dags/example_trigger_controller_dag.py for tasks to queue
[2025-04-02T19:12:18.544+0000] {logging_mixin.py:190} INFO - [2025-04-02T19:12:18.543+0000] {dagbag.py:588} INFO - Filling up the DagBag from /home/airflow/.local/lib/python3.12/site-packages/airflow/example_dags/example_trigger_controller_dag.py
[2025-04-02T19:12:18.573+0000] {processor.py:925} INFO - DAG(s) 'example_trigger_controller_dag' retrieved from /home/airflow/.local/lib/python3.12/site-packages/airflow/example_dags/example_trigger_controller_dag.py
[2025-04-02T19:12:18.632+0000] {logging_mixin.py:190} INFO - [2025-04-02T19:12:18.631+0000] {dag.py:3239} INFO - Sync 1 DAGs
[2025-04-02T19:12:18.830+0000] {logging_mixin.py:190} INFO - [2025-04-02T19:12:18.829+0000] {dag.py:4180} INFO - Setting next_dagrun for example_trigger_controller_dag to 2021-01-01 00:00:00+00:00, run_after=2021-01-01 00:00:00+00:00
[2025-04-02T19:12:18.926+0000] {processor.py:208} INFO - Processing /home/airflow/.local/lib/python3.12/site-packages/airflow/example_dags/example_trigger_controller_dag.py took 0.417 seconds
[2025-04-02T19:12:56.683+0000] {processor.py:186} INFO - Started process (PID=986) to work on /home/airflow/.local/lib/python3.12/site-packages/airflow/example_dags/example_trigger_controller_dag.py
[2025-04-02T19:12:56.690+0000] {processor.py:914} INFO - Processing file /home/airflow/.local/lib/python3.12/site-packages/airflow/example_dags/example_trigger_controller_dag.py for tasks to queue
[2025-04-02T19:12:56.698+0000] {logging_mixin.py:190} INFO - [2025-04-02T19:12:56.697+0000] {dagbag.py:588} INFO - Filling up the DagBag from /home/airflow/.local/lib/python3.12/site-packages/airflow/example_dags/example_trigger_controller_dag.py
[2025-04-02T19:12:56.732+0000] {processor.py:925} INFO - DAG(s) 'example_trigger_controller_dag' retrieved from /home/airflow/.local/lib/python3.12/site-packages/airflow/example_dags/example_trigger_controller_dag.py
[2025-04-02T19:12:56.810+0000] {logging_mixin.py:190} INFO - [2025-04-02T19:12:56.809+0000] {dag.py:3239} INFO - Sync 1 DAGs
[2025-04-02T19:12:56.956+0000] {logging_mixin.py:190} INFO - [2025-04-02T19:12:56.955+0000] {dag.py:4180} INFO - Setting next_dagrun for example_trigger_controller_dag to 2021-01-01 00:00:00+00:00, run_after=2021-01-01 00:00:00+00:00
[2025-04-02T19:12:57.043+0000] {processor.py:208} INFO - Processing /home/airflow/.local/lib/python3.12/site-packages/airflow/example_dags/example_trigger_controller_dag.py took 0.377 seconds
[2025-04-02T19:13:46.815+0000] {processor.py:186} INFO - Started process (PID=1066) to work on /home/airflow/.local/lib/python3.12/site-packages/airflow/example_dags/example_trigger_controller_dag.py
[2025-04-02T19:13:46.826+0000] {processor.py:914} INFO - Processing file /home/airflow/.local/lib/python3.12/site-packages/airflow/example_dags/example_trigger_controller_dag.py for tasks to queue
[2025-04-02T19:13:46.839+0000] {logging_mixin.py:190} INFO - [2025-04-02T19:13:46.835+0000] {dagbag.py:588} INFO - Filling up the DagBag from /home/airflow/.local/lib/python3.12/site-packages/airflow/example_dags/example_trigger_controller_dag.py
[2025-04-02T19:13:46.888+0000] {processor.py:925} INFO - DAG(s) 'example_trigger_controller_dag' retrieved from /home/airflow/.local/lib/python3.12/site-packages/airflow/example_dags/example_trigger_controller_dag.py
[2025-04-02T19:13:47.051+0000] {logging_mixin.py:190} INFO - [2025-04-02T19:13:47.051+0000] {dag.py:3239} INFO - Sync 1 DAGs
[2025-04-02T19:13:47.254+0000] {logging_mixin.py:190} INFO - [2025-04-02T19:13:47.252+0000] {dag.py:4180} INFO - Setting next_dagrun for example_trigger_controller_dag to 2021-01-01 00:00:00+00:00, run_after=2021-01-01 00:00:00+00:00
[2025-04-02T19:13:47.360+0000] {processor.py:208} INFO - Processing /home/airflow/.local/lib/python3.12/site-packages/airflow/example_dags/example_trigger_controller_dag.py took 0.578 seconds
[2025-04-02T19:14:52.710+0000] {processor.py:186} INFO - Started process (PID=1145) to work on /home/airflow/.local/lib/python3.12/site-packages/airflow/example_dags/example_trigger_controller_dag.py
[2025-04-02T19:14:52.712+0000] {processor.py:914} INFO - Processing file /home/airflow/.local/lib/python3.12/site-packages/airflow/example_dags/example_trigger_controller_dag.py for tasks to queue
[2025-04-02T19:14:52.722+0000] {logging_mixin.py:190} INFO - [2025-04-02T19:14:52.721+0000] {dagbag.py:588} INFO - Filling up the DagBag from /home/airflow/.local/lib/python3.12/site-packages/airflow/example_dags/example_trigger_controller_dag.py
[2025-04-02T19:14:52.751+0000] {processor.py:925} INFO - DAG(s) 'example_trigger_controller_dag' retrieved from /home/airflow/.local/lib/python3.12/site-packages/airflow/example_dags/example_trigger_controller_dag.py
[2025-04-02T19:14:52.803+0000] {logging_mixin.py:190} INFO - [2025-04-02T19:14:52.803+0000] {dag.py:3239} INFO - Sync 1 DAGs
[2025-04-02T19:14:52.978+0000] {logging_mixin.py:190} INFO - [2025-04-02T19:14:52.978+0000] {dag.py:4180} INFO - Setting next_dagrun for example_trigger_controller_dag to 2021-01-01 00:00:00+00:00, run_after=2021-01-01 00:00:00+00:00
[2025-04-02T19:14:53.061+0000] {processor.py:208} INFO - Processing /home/airflow/.local/lib/python3.12/site-packages/airflow/example_dags/example_trigger_controller_dag.py took 0.384 seconds
[2025-04-02T19:15:47.319+0000] {processor.py:186} INFO - Started process (PID=1225) to work on /home/airflow/.local/lib/python3.12/site-packages/airflow/example_dags/example_trigger_controller_dag.py
[2025-04-02T19:15:47.350+0000] {processor.py:914} INFO - Processing file /home/airflow/.local/lib/python3.12/site-packages/airflow/example_dags/example_trigger_controller_dag.py for tasks to queue
[2025-04-02T19:15:47.361+0000] {logging_mixin.py:190} INFO - [2025-04-02T19:15:47.360+0000] {dagbag.py:588} INFO - Filling up the DagBag from /home/airflow/.local/lib/python3.12/site-packages/airflow/example_dags/example_trigger_controller_dag.py
[2025-04-02T19:15:47.431+0000] {processor.py:925} INFO - DAG(s) 'example_trigger_controller_dag' retrieved from /home/airflow/.local/lib/python3.12/site-packages/airflow/example_dags/example_trigger_controller_dag.py
[2025-04-02T19:15:47.594+0000] {logging_mixin.py:190} INFO - [2025-04-02T19:15:47.594+0000] {dag.py:3239} INFO - Sync 1 DAGs
[2025-04-02T19:15:47.733+0000] {logging_mixin.py:190} INFO - [2025-04-02T19:15:47.732+0000] {dag.py:4180} INFO - Setting next_dagrun for example_trigger_controller_dag to 2021-01-01 00:00:00+00:00, run_after=2021-01-01 00:00:00+00:00
[2025-04-02T19:15:47.904+0000] {processor.py:208} INFO - Processing /home/airflow/.local/lib/python3.12/site-packages/airflow/example_dags/example_trigger_controller_dag.py took 0.625 seconds
[2025-04-02T19:16:19.413+0000] {processor.py:186} INFO - Started process (PID=1287) to work on /home/airflow/.local/lib/python3.12/site-packages/airflow/example_dags/example_trigger_controller_dag.py
[2025-04-02T19:16:19.418+0000] {processor.py:914} INFO - Processing file /home/airflow/.local/lib/python3.12/site-packages/airflow/example_dags/example_trigger_controller_dag.py for tasks to queue
[2025-04-02T19:16:19.423+0000] {logging_mixin.py:190} INFO - [2025-04-02T19:16:19.423+0000] {dagbag.py:588} INFO - Filling up the DagBag from /home/airflow/.local/lib/python3.12/site-packages/airflow/example_dags/example_trigger_controller_dag.py
[2025-04-02T19:16:19.441+0000] {processor.py:925} INFO - DAG(s) 'example_trigger_controller_dag' retrieved from /home/airflow/.local/lib/python3.12/site-packages/airflow/example_dags/example_trigger_controller_dag.py
[2025-04-02T19:16:19.486+0000] {logging_mixin.py:190} INFO - [2025-04-02T19:16:19.485+0000] {dag.py:3239} INFO - Sync 1 DAGs
[2025-04-02T19:16:19.550+0000] {logging_mixin.py:190} INFO - [2025-04-02T19:16:19.549+0000] {dag.py:4180} INFO - Setting next_dagrun for example_trigger_controller_dag to 2021-01-01 00:00:00+00:00, run_after=2021-01-01 00:00:00+00:00
[2025-04-02T19:16:19.591+0000] {processor.py:208} INFO - Processing /home/airflow/.local/lib/python3.12/site-packages/airflow/example_dags/example_trigger_controller_dag.py took 0.199 seconds
[2025-04-02T19:17:07.440+0000] {processor.py:186} INFO - Started process (PID=1357) to work on /home/airflow/.local/lib/python3.12/site-packages/airflow/example_dags/example_trigger_controller_dag.py
[2025-04-02T19:17:07.443+0000] {processor.py:914} INFO - Processing file /home/airflow/.local/lib/python3.12/site-packages/airflow/example_dags/example_trigger_controller_dag.py for tasks to queue
[2025-04-02T19:17:07.458+0000] {logging_mixin.py:190} INFO - [2025-04-02T19:17:07.457+0000] {dagbag.py:588} INFO - Filling up the DagBag from /home/airflow/.local/lib/python3.12/site-packages/airflow/example_dags/example_trigger_controller_dag.py
[2025-04-02T19:17:07.509+0000] {processor.py:925} INFO - DAG(s) 'example_trigger_controller_dag' retrieved from /home/airflow/.local/lib/python3.12/site-packages/airflow/example_dags/example_trigger_controller_dag.py
[2025-04-02T19:17:07.617+0000] {logging_mixin.py:190} INFO - [2025-04-02T19:17:07.617+0000] {dag.py:3239} INFO - Sync 1 DAGs
[2025-04-02T19:17:07.796+0000] {logging_mixin.py:190} INFO - [2025-04-02T19:17:07.795+0000] {dag.py:4180} INFO - Setting next_dagrun for example_trigger_controller_dag to 2021-01-01 00:00:00+00:00, run_after=2021-01-01 00:00:00+00:00
[2025-04-02T19:17:07.904+0000] {processor.py:208} INFO - Processing /home/airflow/.local/lib/python3.12/site-packages/airflow/example_dags/example_trigger_controller_dag.py took 0.500 seconds
[2025-04-02T19:17:38.819+0000] {processor.py:186} INFO - Started process (PID=1420) to work on /home/airflow/.local/lib/python3.12/site-packages/airflow/example_dags/example_trigger_controller_dag.py
[2025-04-02T19:17:38.821+0000] {processor.py:914} INFO - Processing file /home/airflow/.local/lib/python3.12/site-packages/airflow/example_dags/example_trigger_controller_dag.py for tasks to queue
[2025-04-02T19:17:38.838+0000] {logging_mixin.py:190} INFO - [2025-04-02T19:17:38.837+0000] {dagbag.py:588} INFO - Filling up the DagBag from /home/airflow/.local/lib/python3.12/site-packages/airflow/example_dags/example_trigger_controller_dag.py
[2025-04-02T19:17:38.855+0000] {processor.py:925} INFO - DAG(s) 'example_trigger_controller_dag' retrieved from /home/airflow/.local/lib/python3.12/site-packages/airflow/example_dags/example_trigger_controller_dag.py
[2025-04-02T19:17:38.964+0000] {logging_mixin.py:190} INFO - [2025-04-02T19:17:38.963+0000] {dag.py:3239} INFO - Sync 1 DAGs
[2025-04-02T19:17:39.124+0000] {logging_mixin.py:190} INFO - [2025-04-02T19:17:39.123+0000] {dag.py:4180} INFO - Setting next_dagrun for example_trigger_controller_dag to 2021-01-01 00:00:00+00:00, run_after=2021-01-01 00:00:00+00:00
[2025-04-02T19:17:39.275+0000] {processor.py:208} INFO - Processing /home/airflow/.local/lib/python3.12/site-packages/airflow/example_dags/example_trigger_controller_dag.py took 0.475 seconds
[2025-04-02T19:18:11.520+0000] {processor.py:186} INFO - Started process (PID=1483) to work on /home/airflow/.local/lib/python3.12/site-packages/airflow/example_dags/example_trigger_controller_dag.py
[2025-04-02T19:18:11.524+0000] {processor.py:914} INFO - Processing file /home/airflow/.local/lib/python3.12/site-packages/airflow/example_dags/example_trigger_controller_dag.py for tasks to queue
[2025-04-02T19:18:11.532+0000] {logging_mixin.py:190} INFO - [2025-04-02T19:18:11.531+0000] {dagbag.py:588} INFO - Filling up the DagBag from /home/airflow/.local/lib/python3.12/site-packages/airflow/example_dags/example_trigger_controller_dag.py
[2025-04-02T19:18:11.549+0000] {processor.py:925} INFO - DAG(s) 'example_trigger_controller_dag' retrieved from /home/airflow/.local/lib/python3.12/site-packages/airflow/example_dags/example_trigger_controller_dag.py
[2025-04-02T19:18:11.619+0000] {logging_mixin.py:190} INFO - [2025-04-02T19:18:11.619+0000] {dag.py:3239} INFO - Sync 1 DAGs
[2025-04-02T19:18:11.729+0000] {logging_mixin.py:190} INFO - [2025-04-02T19:18:11.728+0000] {dag.py:4180} INFO - Setting next_dagrun for example_trigger_controller_dag to 2021-01-01 00:00:00+00:00, run_after=2021-01-01 00:00:00+00:00
[2025-04-02T19:18:11.798+0000] {processor.py:208} INFO - Processing /home/airflow/.local/lib/python3.12/site-packages/airflow/example_dags/example_trigger_controller_dag.py took 0.296 seconds
[2025-04-02T19:18:44.449+0000] {processor.py:186} INFO - Started process (PID=1545) to work on /home/airflow/.local/lib/python3.12/site-packages/airflow/example_dags/example_trigger_controller_dag.py
[2025-04-02T19:18:44.465+0000] {processor.py:914} INFO - Processing file /home/airflow/.local/lib/python3.12/site-packages/airflow/example_dags/example_trigger_controller_dag.py for tasks to queue
[2025-04-02T19:18:44.483+0000] {logging_mixin.py:190} INFO - [2025-04-02T19:18:44.482+0000] {dagbag.py:588} INFO - Filling up the DagBag from /home/airflow/.local/lib/python3.12/site-packages/airflow/example_dags/example_trigger_controller_dag.py
[2025-04-02T19:18:44.533+0000] {processor.py:925} INFO - DAG(s) 'example_trigger_controller_dag' retrieved from /home/airflow/.local/lib/python3.12/site-packages/airflow/example_dags/example_trigger_controller_dag.py
[2025-04-02T19:18:44.806+0000] {logging_mixin.py:190} INFO - [2025-04-02T19:18:44.805+0000] {dag.py:3239} INFO - Sync 1 DAGs
[2025-04-02T19:18:45.184+0000] {logging_mixin.py:190} INFO - [2025-04-02T19:18:45.184+0000] {dag.py:4180} INFO - Setting next_dagrun for example_trigger_controller_dag to 2021-01-01 00:00:00+00:00, run_after=2021-01-01 00:00:00+00:00
[2025-04-02T19:18:45.375+0000] {processor.py:208} INFO - Processing /home/airflow/.local/lib/python3.12/site-packages/airflow/example_dags/example_trigger_controller_dag.py took 0.976 seconds
[2025-04-02T19:19:20.674+0000] {processor.py:186} INFO - Started process (PID=1607) to work on /home/airflow/.local/lib/python3.12/site-packages/airflow/example_dags/example_trigger_controller_dag.py
[2025-04-02T19:19:20.686+0000] {processor.py:914} INFO - Processing file /home/airflow/.local/lib/python3.12/site-packages/airflow/example_dags/example_trigger_controller_dag.py for tasks to queue
[2025-04-02T19:19:20.722+0000] {logging_mixin.py:190} INFO - [2025-04-02T19:19:20.721+0000] {dagbag.py:588} INFO - Filling up the DagBag from /home/airflow/.local/lib/python3.12/site-packages/airflow/example_dags/example_trigger_controller_dag.py
[2025-04-02T19:19:20.796+0000] {processor.py:925} INFO - DAG(s) 'example_trigger_controller_dag' retrieved from /home/airflow/.local/lib/python3.12/site-packages/airflow/example_dags/example_trigger_controller_dag.py
[2025-04-02T19:19:20.980+0000] {logging_mixin.py:190} INFO - [2025-04-02T19:19:20.979+0000] {dag.py:3239} INFO - Sync 1 DAGs
[2025-04-02T19:19:21.255+0000] {logging_mixin.py:190} INFO - [2025-04-02T19:19:21.255+0000] {dag.py:4180} INFO - Setting next_dagrun for example_trigger_controller_dag to 2021-01-01 00:00:00+00:00, run_after=2021-01-01 00:00:00+00:00
[2025-04-02T19:19:21.505+0000] {processor.py:208} INFO - Processing /home/airflow/.local/lib/python3.12/site-packages/airflow/example_dags/example_trigger_controller_dag.py took 0.878 seconds
[2025-04-02T19:20:26.741+0000] {processor.py:186} INFO - Started process (PID=1690) to work on /home/airflow/.local/lib/python3.12/site-packages/airflow/example_dags/example_trigger_controller_dag.py
[2025-04-02T19:20:26.749+0000] {processor.py:914} INFO - Processing file /home/airflow/.local/lib/python3.12/site-packages/airflow/example_dags/example_trigger_controller_dag.py for tasks to queue
[2025-04-02T19:20:26.763+0000] {logging_mixin.py:190} INFO - [2025-04-02T19:20:26.762+0000] {dagbag.py:588} INFO - Filling up the DagBag from /home/airflow/.local/lib/python3.12/site-packages/airflow/example_dags/example_trigger_controller_dag.py
[2025-04-02T19:20:26.793+0000] {processor.py:925} INFO - DAG(s) 'example_trigger_controller_dag' retrieved from /home/airflow/.local/lib/python3.12/site-packages/airflow/example_dags/example_trigger_controller_dag.py
[2025-04-02T19:20:26.857+0000] {logging_mixin.py:190} INFO - [2025-04-02T19:20:26.857+0000] {dag.py:3239} INFO - Sync 1 DAGs
[2025-04-02T19:20:26.930+0000] {logging_mixin.py:190} INFO - [2025-04-02T19:20:26.930+0000] {dag.py:4180} INFO - Setting next_dagrun for example_trigger_controller_dag to 2021-01-01 00:00:00+00:00, run_after=2021-01-01 00:00:00+00:00
[2025-04-02T19:20:26.971+0000] {processor.py:208} INFO - Processing /home/airflow/.local/lib/python3.12/site-packages/airflow/example_dags/example_trigger_controller_dag.py took 0.243 seconds
[2025-04-02T19:21:03.684+0000] {processor.py:186} INFO - Started process (PID=1761) to work on /home/airflow/.local/lib/python3.12/site-packages/airflow/example_dags/example_trigger_controller_dag.py
[2025-04-02T19:21:03.687+0000] {processor.py:914} INFO - Processing file /home/airflow/.local/lib/python3.12/site-packages/airflow/example_dags/example_trigger_controller_dag.py for tasks to queue
[2025-04-02T19:21:03.696+0000] {logging_mixin.py:190} INFO - [2025-04-02T19:21:03.693+0000] {dagbag.py:588} INFO - Filling up the DagBag from /home/airflow/.local/lib/python3.12/site-packages/airflow/example_dags/example_trigger_controller_dag.py
[2025-04-02T19:21:03.720+0000] {processor.py:925} INFO - DAG(s) 'example_trigger_controller_dag' retrieved from /home/airflow/.local/lib/python3.12/site-packages/airflow/example_dags/example_trigger_controller_dag.py
[2025-04-02T19:21:03.771+0000] {logging_mixin.py:190} INFO - [2025-04-02T19:21:03.770+0000] {dag.py:3239} INFO - Sync 1 DAGs
[2025-04-02T19:21:03.871+0000] {logging_mixin.py:190} INFO - [2025-04-02T19:21:03.870+0000] {dag.py:4180} INFO - Setting next_dagrun for example_trigger_controller_dag to 2021-01-01 00:00:00+00:00, run_after=2021-01-01 00:00:00+00:00
[2025-04-02T19:21:03.987+0000] {processor.py:208} INFO - Processing /home/airflow/.local/lib/python3.12/site-packages/airflow/example_dags/example_trigger_controller_dag.py took 0.324 seconds
[2025-04-02T19:21:45.870+0000] {processor.py:186} INFO - Started process (PID=1835) to work on /home/airflow/.local/lib/python3.12/site-packages/airflow/example_dags/example_trigger_controller_dag.py
[2025-04-02T19:21:45.874+0000] {processor.py:914} INFO - Processing file /home/airflow/.local/lib/python3.12/site-packages/airflow/example_dags/example_trigger_controller_dag.py for tasks to queue
[2025-04-02T19:21:45.908+0000] {logging_mixin.py:190} INFO - [2025-04-02T19:21:45.907+0000] {dagbag.py:588} INFO - Filling up the DagBag from /home/airflow/.local/lib/python3.12/site-packages/airflow/example_dags/example_trigger_controller_dag.py
[2025-04-02T19:21:45.991+0000] {processor.py:925} INFO - DAG(s) 'example_trigger_controller_dag' retrieved from /home/airflow/.local/lib/python3.12/site-packages/airflow/example_dags/example_trigger_controller_dag.py
[2025-04-02T19:21:46.061+0000] {logging_mixin.py:190} INFO - [2025-04-02T19:21:46.061+0000] {dag.py:3239} INFO - Sync 1 DAGs
[2025-04-02T19:21:46.190+0000] {logging_mixin.py:190} INFO - [2025-04-02T19:21:46.189+0000] {dag.py:4180} INFO - Setting next_dagrun for example_trigger_controller_dag to 2021-01-01 00:00:00+00:00, run_after=2021-01-01 00:00:00+00:00
[2025-04-02T19:21:46.270+0000] {processor.py:208} INFO - Processing /home/airflow/.local/lib/python3.12/site-packages/airflow/example_dags/example_trigger_controller_dag.py took 0.441 seconds
[2025-04-02T19:22:28.575+0000] {processor.py:186} INFO - Started process (PID=1898) to work on /home/airflow/.local/lib/python3.12/site-packages/airflow/example_dags/example_trigger_controller_dag.py
[2025-04-02T19:22:28.619+0000] {processor.py:914} INFO - Processing file /home/airflow/.local/lib/python3.12/site-packages/airflow/example_dags/example_trigger_controller_dag.py for tasks to queue
[2025-04-02T19:22:28.795+0000] {logging_mixin.py:190} INFO - [2025-04-02T19:22:28.794+0000] {dagbag.py:588} INFO - Filling up the DagBag from /home/airflow/.local/lib/python3.12/site-packages/airflow/example_dags/example_trigger_controller_dag.py
[2025-04-02T19:22:28.965+0000] {processor.py:925} INFO - DAG(s) 'example_trigger_controller_dag' retrieved from /home/airflow/.local/lib/python3.12/site-packages/airflow/example_dags/example_trigger_controller_dag.py
[2025-04-02T19:22:29.078+0000] {logging_mixin.py:190} INFO - [2025-04-02T19:22:29.077+0000] {dag.py:3239} INFO - Sync 1 DAGs
[2025-04-02T19:22:29.271+0000] {logging_mixin.py:190} INFO - [2025-04-02T19:22:29.270+0000] {dag.py:4180} INFO - Setting next_dagrun for example_trigger_controller_dag to 2021-01-01 00:00:00+00:00, run_after=2021-01-01 00:00:00+00:00
[2025-04-02T19:22:29.482+0000] {processor.py:208} INFO - Processing /home/airflow/.local/lib/python3.12/site-packages/airflow/example_dags/example_trigger_controller_dag.py took 0.960 seconds
[2025-04-02T19:23:11.270+0000] {processor.py:186} INFO - Started process (PID=1968) to work on /home/airflow/.local/lib/python3.12/site-packages/airflow/example_dags/example_trigger_controller_dag.py
[2025-04-02T19:23:11.273+0000] {processor.py:914} INFO - Processing file /home/airflow/.local/lib/python3.12/site-packages/airflow/example_dags/example_trigger_controller_dag.py for tasks to queue
[2025-04-02T19:23:11.285+0000] {logging_mixin.py:190} INFO - [2025-04-02T19:23:11.283+0000] {dagbag.py:588} INFO - Filling up the DagBag from /home/airflow/.local/lib/python3.12/site-packages/airflow/example_dags/example_trigger_controller_dag.py
[2025-04-02T19:23:11.308+0000] {processor.py:925} INFO - DAG(s) 'example_trigger_controller_dag' retrieved from /home/airflow/.local/lib/python3.12/site-packages/airflow/example_dags/example_trigger_controller_dag.py
[2025-04-02T19:23:11.373+0000] {logging_mixin.py:190} INFO - [2025-04-02T19:23:11.372+0000] {dag.py:3239} INFO - Sync 1 DAGs
[2025-04-02T19:23:11.431+0000] {logging_mixin.py:190} INFO - [2025-04-02T19:23:11.430+0000] {dag.py:4180} INFO - Setting next_dagrun for example_trigger_controller_dag to 2021-01-01 00:00:00+00:00, run_after=2021-01-01 00:00:00+00:00
[2025-04-02T19:23:11.478+0000] {processor.py:208} INFO - Processing /home/airflow/.local/lib/python3.12/site-packages/airflow/example_dags/example_trigger_controller_dag.py took 0.231 seconds
[2025-04-02T19:23:58.119+0000] {processor.py:186} INFO - Started process (PID=2039) to work on /home/airflow/.local/lib/python3.12/site-packages/airflow/example_dags/example_trigger_controller_dag.py
[2025-04-02T19:23:58.121+0000] {processor.py:914} INFO - Processing file /home/airflow/.local/lib/python3.12/site-packages/airflow/example_dags/example_trigger_controller_dag.py for tasks to queue
[2025-04-02T19:23:58.131+0000] {logging_mixin.py:190} INFO - [2025-04-02T19:23:58.130+0000] {dagbag.py:588} INFO - Filling up the DagBag from /home/airflow/.local/lib/python3.12/site-packages/airflow/example_dags/example_trigger_controller_dag.py
[2025-04-02T19:23:58.167+0000] {processor.py:925} INFO - DAG(s) 'example_trigger_controller_dag' retrieved from /home/airflow/.local/lib/python3.12/site-packages/airflow/example_dags/example_trigger_controller_dag.py
[2025-04-02T19:23:58.245+0000] {logging_mixin.py:190} INFO - [2025-04-02T19:23:58.243+0000] {dag.py:3239} INFO - Sync 1 DAGs
[2025-04-02T19:23:58.323+0000] {logging_mixin.py:190} INFO - [2025-04-02T19:23:58.322+0000] {dag.py:4180} INFO - Setting next_dagrun for example_trigger_controller_dag to 2021-01-01 00:00:00+00:00, run_after=2021-01-01 00:00:00+00:00
[2025-04-02T19:23:58.431+0000] {processor.py:208} INFO - Processing /home/airflow/.local/lib/python3.12/site-packages/airflow/example_dags/example_trigger_controller_dag.py took 0.340 seconds
[2025-04-02T19:24:28.789+0000] {processor.py:186} INFO - Started process (PID=2101) to work on /home/airflow/.local/lib/python3.12/site-packages/airflow/example_dags/example_trigger_controller_dag.py
[2025-04-02T19:24:28.791+0000] {processor.py:914} INFO - Processing file /home/airflow/.local/lib/python3.12/site-packages/airflow/example_dags/example_trigger_controller_dag.py for tasks to queue
[2025-04-02T19:24:28.798+0000] {logging_mixin.py:190} INFO - [2025-04-02T19:24:28.797+0000] {dagbag.py:588} INFO - Filling up the DagBag from /home/airflow/.local/lib/python3.12/site-packages/airflow/example_dags/example_trigger_controller_dag.py
[2025-04-02T19:24:28.813+0000] {processor.py:925} INFO - DAG(s) 'example_trigger_controller_dag' retrieved from /home/airflow/.local/lib/python3.12/site-packages/airflow/example_dags/example_trigger_controller_dag.py
[2025-04-02T19:24:28.861+0000] {logging_mixin.py:190} INFO - [2025-04-02T19:24:28.859+0000] {dag.py:3239} INFO - Sync 1 DAGs
[2025-04-02T19:24:28.911+0000] {logging_mixin.py:190} INFO - [2025-04-02T19:24:28.910+0000] {dag.py:4180} INFO - Setting next_dagrun for example_trigger_controller_dag to 2021-01-01 00:00:00+00:00, run_after=2021-01-01 00:00:00+00:00
[2025-04-02T19:24:28.949+0000] {processor.py:208} INFO - Processing /home/airflow/.local/lib/python3.12/site-packages/airflow/example_dags/example_trigger_controller_dag.py took 0.202 seconds
