[2025-04-02T19:02:57.581+0000] {processor.py:186} INFO - Started process (PID=96) to work on /home/airflow/.local/lib/python3.12/site-packages/airflow/example_dags/example_branch_operator.py
[2025-04-02T19:02:57.596+0000] {processor.py:914} INFO - Processing file /home/airflow/.local/lib/python3.12/site-packages/airflow/example_dags/example_branch_operator.py for tasks to queue
[2025-04-02T19:02:57.604+0000] {logging_mixin.py:190} INFO - [2025-04-02T19:02:57.602+0000] {dagbag.py:588} INFO - Filling up the DagBag from /home/airflow/.local/lib/python3.12/site-packages/airflow/example_dags/example_branch_operator.py
[2025-04-02T19:02:57.903+0000] {processor.py:925} INFO - DAG(s) 'example_branch_operator' retrieved from /home/airflow/.local/lib/python3.12/site-packages/airflow/example_dags/example_branch_operator.py
[2025-04-02T19:02:59.377+0000] {logging_mixin.py:190} INFO - [2025-04-02T19:02:59.374+0000] {override.py:1912} INFO - Created Permission View: can delete on DAG:example_branch_operator
[2025-04-02T19:02:59.484+0000] {logging_mixin.py:190} INFO - [2025-04-02T19:02:59.483+0000] {override.py:1912} INFO - Created Permission View: can edit on DAG:example_branch_operator
[2025-04-02T19:02:59.514+0000] {logging_mixin.py:190} INFO - [2025-04-02T19:02:59.513+0000] {override.py:1912} INFO - Created Permission View: can read on DAG:example_branch_operator
[2025-04-02T19:02:59.554+0000] {logging_mixin.py:190} INFO - [2025-04-02T19:02:59.553+0000] {override.py:1912} INFO - Created Permission View: can delete on DAG Run:example_branch_operator
[2025-04-02T19:02:59.593+0000] {logging_mixin.py:190} INFO - [2025-04-02T19:02:59.593+0000] {override.py:1912} INFO - Created Permission View: can read on DAG Run:example_branch_operator
[2025-04-02T19:02:59.663+0000] {logging_mixin.py:190} INFO - [2025-04-02T19:02:59.661+0000] {override.py:1912} INFO - Created Permission View: can create on DAG Run:example_branch_operator
[2025-04-02T19:02:59.718+0000] {logging_mixin.py:190} INFO - [2025-04-02T19:02:59.715+0000] {override.py:1912} INFO - Created Permission View: menu access on DAG Run:example_branch_operator
[2025-04-02T19:02:59.755+0000] {logging_mixin.py:190} INFO - [2025-04-02T19:02:59.725+0000] {dag.py:3239} INFO - Sync 1 DAGs
[2025-04-02T19:02:59.848+0000] {logging_mixin.py:190} INFO - [2025-04-02T19:02:59.848+0000] {dag.py:3262} INFO - Creating ORM DAG for example_branch_operator
[2025-04-02T19:02:59.911+0000] {logging_mixin.py:190} INFO - [2025-04-02T19:02:59.910+0000] {dag.py:4180} INFO - Setting next_dagrun for example_branch_operator to 2025-04-01 00:00:00+00:00, run_after=2025-04-02 00:00:00+00:00
[2025-04-02T19:03:00.105+0000] {processor.py:208} INFO - Processing /home/airflow/.local/lib/python3.12/site-packages/airflow/example_dags/example_branch_operator.py took 2.561 seconds
[2025-04-02T19:04:23.179+0000] {processor.py:186} INFO - Started process (PID=165) to work on /home/airflow/.local/lib/python3.12/site-packages/airflow/example_dags/example_branch_operator.py
[2025-04-02T19:04:23.196+0000] {processor.py:914} INFO - Processing file /home/airflow/.local/lib/python3.12/site-packages/airflow/example_dags/example_branch_operator.py for tasks to queue
[2025-04-02T19:04:23.243+0000] {logging_mixin.py:190} INFO - [2025-04-02T19:04:23.243+0000] {dagbag.py:588} INFO - Filling up the DagBag from /home/airflow/.local/lib/python3.12/site-packages/airflow/example_dags/example_branch_operator.py
[2025-04-02T19:04:23.384+0000] {processor.py:925} INFO - DAG(s) 'example_branch_operator' retrieved from /home/airflow/.local/lib/python3.12/site-packages/airflow/example_dags/example_branch_operator.py
[2025-04-02T19:04:23.747+0000] {logging_mixin.py:190} INFO - [2025-04-02T19:04:23.727+0000] {dag.py:3239} INFO - Sync 1 DAGs
[2025-04-02T19:04:23.960+0000] {logging_mixin.py:190} INFO - [2025-04-02T19:04:23.959+0000] {dag.py:4180} INFO - Setting next_dagrun for example_branch_operator to 2025-04-01 00:00:00+00:00, run_after=2025-04-02 00:00:00+00:00
[2025-04-02T19:04:24.469+0000] {processor.py:208} INFO - Processing /home/airflow/.local/lib/python3.12/site-packages/airflow/example_dags/example_branch_operator.py took 1.318 seconds
[2025-04-02T19:04:54.715+0000] {processor.py:186} INFO - Started process (PID=228) to work on /home/airflow/.local/lib/python3.12/site-packages/airflow/example_dags/example_branch_operator.py
[2025-04-02T19:04:54.717+0000] {processor.py:914} INFO - Processing file /home/airflow/.local/lib/python3.12/site-packages/airflow/example_dags/example_branch_operator.py for tasks to queue
[2025-04-02T19:04:54.721+0000] {logging_mixin.py:190} INFO - [2025-04-02T19:04:54.720+0000] {dagbag.py:588} INFO - Filling up the DagBag from /home/airflow/.local/lib/python3.12/site-packages/airflow/example_dags/example_branch_operator.py
[2025-04-02T19:04:54.767+0000] {processor.py:925} INFO - DAG(s) 'example_branch_operator' retrieved from /home/airflow/.local/lib/python3.12/site-packages/airflow/example_dags/example_branch_operator.py
[2025-04-02T19:04:54.844+0000] {logging_mixin.py:190} INFO - [2025-04-02T19:04:54.843+0000] {dag.py:3239} INFO - Sync 1 DAGs
[2025-04-02T19:04:54.957+0000] {logging_mixin.py:190} INFO - [2025-04-02T19:04:54.956+0000] {dag.py:4180} INFO - Setting next_dagrun for example_branch_operator to 2025-04-01 00:00:00+00:00, run_after=2025-04-02 00:00:00+00:00
[2025-04-02T19:04:55.036+0000] {processor.py:208} INFO - Processing /home/airflow/.local/lib/python3.12/site-packages/airflow/example_dags/example_branch_operator.py took 0.337 seconds
[2025-04-02T19:05:28.159+0000] {processor.py:186} INFO - Started process (PID=279) to work on /home/airflow/.local/lib/python3.12/site-packages/airflow/example_dags/example_branch_operator.py
[2025-04-02T19:05:28.163+0000] {processor.py:914} INFO - Processing file /home/airflow/.local/lib/python3.12/site-packages/airflow/example_dags/example_branch_operator.py for tasks to queue
[2025-04-02T19:05:28.171+0000] {logging_mixin.py:190} INFO - [2025-04-02T19:05:28.170+0000] {dagbag.py:588} INFO - Filling up the DagBag from /home/airflow/.local/lib/python3.12/site-packages/airflow/example_dags/example_branch_operator.py
[2025-04-02T19:05:28.317+0000] {processor.py:925} INFO - DAG(s) 'example_branch_operator' retrieved from /home/airflow/.local/lib/python3.12/site-packages/airflow/example_dags/example_branch_operator.py
[2025-04-02T19:05:28.568+0000] {logging_mixin.py:190} INFO - [2025-04-02T19:05:28.567+0000] {dag.py:3239} INFO - Sync 1 DAGs
[2025-04-02T19:05:28.738+0000] {logging_mixin.py:190} INFO - [2025-04-02T19:05:28.737+0000] {dag.py:4180} INFO - Setting next_dagrun for example_branch_operator to 2025-04-01 00:00:00+00:00, run_after=2025-04-02 00:00:00+00:00
[2025-04-02T19:05:28.847+0000] {processor.py:208} INFO - Processing /home/airflow/.local/lib/python3.12/site-packages/airflow/example_dags/example_branch_operator.py took 0.716 seconds
[2025-04-02T19:05:59.830+0000] {processor.py:186} INFO - Started process (PID=343) to work on /home/airflow/.local/lib/python3.12/site-packages/airflow/example_dags/example_branch_operator.py
[2025-04-02T19:05:59.832+0000] {processor.py:914} INFO - Processing file /home/airflow/.local/lib/python3.12/site-packages/airflow/example_dags/example_branch_operator.py for tasks to queue
[2025-04-02T19:05:59.838+0000] {logging_mixin.py:190} INFO - [2025-04-02T19:05:59.837+0000] {dagbag.py:588} INFO - Filling up the DagBag from /home/airflow/.local/lib/python3.12/site-packages/airflow/example_dags/example_branch_operator.py
[2025-04-02T19:05:59.874+0000] {processor.py:925} INFO - DAG(s) 'example_branch_operator' retrieved from /home/airflow/.local/lib/python3.12/site-packages/airflow/example_dags/example_branch_operator.py
[2025-04-02T19:05:59.943+0000] {logging_mixin.py:190} INFO - [2025-04-02T19:05:59.943+0000] {dag.py:3239} INFO - Sync 1 DAGs
[2025-04-02T19:05:59.991+0000] {logging_mixin.py:190} INFO - [2025-04-02T19:05:59.991+0000] {dag.py:4180} INFO - Setting next_dagrun for example_branch_operator to 2025-04-01 00:00:00+00:00, run_after=2025-04-02 00:00:00+00:00
[2025-04-02T19:06:00.055+0000] {processor.py:208} INFO - Processing /home/airflow/.local/lib/python3.12/site-packages/airflow/example_dags/example_branch_operator.py took 0.244 seconds
[2025-04-02T19:06:35.797+0000] {processor.py:186} INFO - Started process (PID=403) to work on /home/airflow/.local/lib/python3.12/site-packages/airflow/example_dags/example_branch_operator.py
[2025-04-02T19:06:35.807+0000] {processor.py:914} INFO - Processing file /home/airflow/.local/lib/python3.12/site-packages/airflow/example_dags/example_branch_operator.py for tasks to queue
[2025-04-02T19:06:35.824+0000] {logging_mixin.py:190} INFO - [2025-04-02T19:06:35.823+0000] {dagbag.py:588} INFO - Filling up the DagBag from /home/airflow/.local/lib/python3.12/site-packages/airflow/example_dags/example_branch_operator.py
[2025-04-02T19:06:36.004+0000] {processor.py:925} INFO - DAG(s) 'example_branch_operator' retrieved from /home/airflow/.local/lib/python3.12/site-packages/airflow/example_dags/example_branch_operator.py
[2025-04-02T19:06:36.134+0000] {logging_mixin.py:190} INFO - [2025-04-02T19:06:36.133+0000] {dag.py:3239} INFO - Sync 1 DAGs
[2025-04-02T19:06:36.199+0000] {logging_mixin.py:190} INFO - [2025-04-02T19:06:36.198+0000] {dag.py:4180} INFO - Setting next_dagrun for example_branch_operator to 2025-04-01 00:00:00+00:00, run_after=2025-04-02 00:00:00+00:00
[2025-04-02T19:06:36.270+0000] {processor.py:208} INFO - Processing /home/airflow/.local/lib/python3.12/site-packages/airflow/example_dags/example_branch_operator.py took 0.524 seconds
[2025-04-02T19:07:16.457+0000] {processor.py:186} INFO - Started process (PID=465) to work on /home/airflow/.local/lib/python3.12/site-packages/airflow/example_dags/example_branch_operator.py
[2025-04-02T19:07:16.460+0000] {processor.py:914} INFO - Processing file /home/airflow/.local/lib/python3.12/site-packages/airflow/example_dags/example_branch_operator.py for tasks to queue
[2025-04-02T19:07:16.465+0000] {logging_mixin.py:190} INFO - [2025-04-02T19:07:16.465+0000] {dagbag.py:588} INFO - Filling up the DagBag from /home/airflow/.local/lib/python3.12/site-packages/airflow/example_dags/example_branch_operator.py
[2025-04-02T19:07:16.518+0000] {processor.py:925} INFO - DAG(s) 'example_branch_operator' retrieved from /home/airflow/.local/lib/python3.12/site-packages/airflow/example_dags/example_branch_operator.py
[2025-04-02T19:07:16.684+0000] {logging_mixin.py:190} INFO - [2025-04-02T19:07:16.682+0000] {dag.py:3239} INFO - Sync 1 DAGs
[2025-04-02T19:07:16.794+0000] {logging_mixin.py:190} INFO - [2025-04-02T19:07:16.793+0000] {dag.py:4180} INFO - Setting next_dagrun for example_branch_operator to 2025-04-01 00:00:00+00:00, run_after=2025-04-02 00:00:00+00:00
[2025-04-02T19:07:16.864+0000] {processor.py:208} INFO - Processing /home/airflow/.local/lib/python3.12/site-packages/airflow/example_dags/example_branch_operator.py took 0.425 seconds
[2025-04-02T19:07:51.078+0000] {processor.py:186} INFO - Started process (PID=528) to work on /home/airflow/.local/lib/python3.12/site-packages/airflow/example_dags/example_branch_operator.py
[2025-04-02T19:07:51.081+0000] {processor.py:914} INFO - Processing file /home/airflow/.local/lib/python3.12/site-packages/airflow/example_dags/example_branch_operator.py for tasks to queue
[2025-04-02T19:07:51.099+0000] {logging_mixin.py:190} INFO - [2025-04-02T19:07:51.098+0000] {dagbag.py:588} INFO - Filling up the DagBag from /home/airflow/.local/lib/python3.12/site-packages/airflow/example_dags/example_branch_operator.py
[2025-04-02T19:07:51.184+0000] {processor.py:925} INFO - DAG(s) 'example_branch_operator' retrieved from /home/airflow/.local/lib/python3.12/site-packages/airflow/example_dags/example_branch_operator.py
[2025-04-02T19:07:51.288+0000] {logging_mixin.py:190} INFO - [2025-04-02T19:07:51.288+0000] {dag.py:3239} INFO - Sync 1 DAGs
[2025-04-02T19:07:51.474+0000] {logging_mixin.py:190} INFO - [2025-04-02T19:07:51.474+0000] {dag.py:4180} INFO - Setting next_dagrun for example_branch_operator to 2025-04-01 00:00:00+00:00, run_after=2025-04-02 00:00:00+00:00
[2025-04-02T19:07:51.538+0000] {processor.py:208} INFO - Processing /home/airflow/.local/lib/python3.12/site-packages/airflow/example_dags/example_branch_operator.py took 0.500 seconds
[2025-04-02T19:08:26.858+0000] {processor.py:186} INFO - Started process (PID=588) to work on /home/airflow/.local/lib/python3.12/site-packages/airflow/example_dags/example_branch_operator.py
[2025-04-02T19:08:26.870+0000] {processor.py:914} INFO - Processing file /home/airflow/.local/lib/python3.12/site-packages/airflow/example_dags/example_branch_operator.py for tasks to queue
[2025-04-02T19:08:26.889+0000] {logging_mixin.py:190} INFO - [2025-04-02T19:08:26.888+0000] {dagbag.py:588} INFO - Filling up the DagBag from /home/airflow/.local/lib/python3.12/site-packages/airflow/example_dags/example_branch_operator.py
[2025-04-02T19:08:27.088+0000] {processor.py:925} INFO - DAG(s) 'example_branch_operator' retrieved from /home/airflow/.local/lib/python3.12/site-packages/airflow/example_dags/example_branch_operator.py
[2025-04-02T19:08:27.328+0000] {logging_mixin.py:190} INFO - [2025-04-02T19:08:27.328+0000] {dag.py:3239} INFO - Sync 1 DAGs
[2025-04-02T19:08:27.526+0000] {logging_mixin.py:190} INFO - [2025-04-02T19:08:27.526+0000] {dag.py:4180} INFO - Setting next_dagrun for example_branch_operator to 2025-04-01 00:00:00+00:00, run_after=2025-04-02 00:00:00+00:00
[2025-04-02T19:08:27.682+0000] {processor.py:208} INFO - Processing /home/airflow/.local/lib/python3.12/site-packages/airflow/example_dags/example_branch_operator.py took 0.892 seconds
[2025-04-02T19:09:08.650+0000] {processor.py:186} INFO - Started process (PID=654) to work on /home/airflow/.local/lib/python3.12/site-packages/airflow/example_dags/example_branch_operator.py
[2025-04-02T19:09:08.676+0000] {processor.py:914} INFO - Processing file /home/airflow/.local/lib/python3.12/site-packages/airflow/example_dags/example_branch_operator.py for tasks to queue
[2025-04-02T19:09:08.699+0000] {logging_mixin.py:190} INFO - [2025-04-02T19:09:08.699+0000] {dagbag.py:588} INFO - Filling up the DagBag from /home/airflow/.local/lib/python3.12/site-packages/airflow/example_dags/example_branch_operator.py
[2025-04-02T19:09:09.035+0000] {processor.py:925} INFO - DAG(s) 'example_branch_operator' retrieved from /home/airflow/.local/lib/python3.12/site-packages/airflow/example_dags/example_branch_operator.py
[2025-04-02T19:09:09.405+0000] {logging_mixin.py:190} INFO - [2025-04-02T19:09:09.393+0000] {dag.py:3239} INFO - Sync 1 DAGs
[2025-04-02T19:09:09.743+0000] {logging_mixin.py:190} INFO - [2025-04-02T19:09:09.742+0000] {dag.py:4180} INFO - Setting next_dagrun for example_branch_operator to 2025-04-01 00:00:00+00:00, run_after=2025-04-02 00:00:00+00:00
[2025-04-02T19:09:09.985+0000] {processor.py:208} INFO - Processing /home/airflow/.local/lib/python3.12/site-packages/airflow/example_dags/example_branch_operator.py took 1.454 seconds
[2025-04-02T19:10:16.247+0000] {processor.py:186} INFO - Started process (PID=697) to work on /home/airflow/.local/lib/python3.12/site-packages/airflow/example_dags/example_branch_operator.py
[2025-04-02T19:10:16.278+0000] {processor.py:914} INFO - Processing file /home/airflow/.local/lib/python3.12/site-packages/airflow/example_dags/example_branch_operator.py for tasks to queue
[2025-04-02T19:10:16.296+0000] {logging_mixin.py:190} INFO - [2025-04-02T19:10:16.296+0000] {dagbag.py:588} INFO - Filling up the DagBag from /home/airflow/.local/lib/python3.12/site-packages/airflow/example_dags/example_branch_operator.py
[2025-04-02T19:10:16.692+0000] {processor.py:925} INFO - DAG(s) 'example_branch_operator' retrieved from /home/airflow/.local/lib/python3.12/site-packages/airflow/example_dags/example_branch_operator.py
[2025-04-02T19:10:17.318+0000] {logging_mixin.py:190} INFO - [2025-04-02T19:10:17.317+0000] {dag.py:3239} INFO - Sync 1 DAGs
[2025-04-02T19:10:17.689+0000] {logging_mixin.py:190} INFO - [2025-04-02T19:10:17.688+0000] {dag.py:4180} INFO - Setting next_dagrun for example_branch_operator to 2025-04-01 00:00:00+00:00, run_after=2025-04-02 00:00:00+00:00
[2025-04-02T19:10:18.011+0000] {processor.py:208} INFO - Processing /home/airflow/.local/lib/python3.12/site-packages/airflow/example_dags/example_branch_operator.py took 1.918 seconds
[2025-04-02T19:10:48.599+0000] {processor.py:186} INFO - Started process (PID=759) to work on /home/airflow/.local/lib/python3.12/site-packages/airflow/example_dags/example_branch_operator.py
[2025-04-02T19:10:48.601+0000] {processor.py:914} INFO - Processing file /home/airflow/.local/lib/python3.12/site-packages/airflow/example_dags/example_branch_operator.py for tasks to queue
[2025-04-02T19:10:48.605+0000] {logging_mixin.py:190} INFO - [2025-04-02T19:10:48.604+0000] {dagbag.py:588} INFO - Filling up the DagBag from /home/airflow/.local/lib/python3.12/site-packages/airflow/example_dags/example_branch_operator.py
[2025-04-02T19:10:48.635+0000] {processor.py:925} INFO - DAG(s) 'example_branch_operator' retrieved from /home/airflow/.local/lib/python3.12/site-packages/airflow/example_dags/example_branch_operator.py
[2025-04-02T19:10:48.714+0000] {logging_mixin.py:190} INFO - [2025-04-02T19:10:48.714+0000] {dag.py:3239} INFO - Sync 1 DAGs
[2025-04-02T19:10:48.778+0000] {logging_mixin.py:190} INFO - [2025-04-02T19:10:48.777+0000] {dag.py:4180} INFO - Setting next_dagrun for example_branch_operator to 2025-04-01 00:00:00+00:00, run_after=2025-04-02 00:00:00+00:00
[2025-04-02T19:10:48.821+0000] {processor.py:208} INFO - Processing /home/airflow/.local/lib/python3.12/site-packages/airflow/example_dags/example_branch_operator.py took 0.232 seconds
[2025-04-02T19:11:29.323+0000] {processor.py:186} INFO - Started process (PID=821) to work on /home/airflow/.local/lib/python3.12/site-packages/airflow/example_dags/example_branch_operator.py
[2025-04-02T19:11:29.327+0000] {processor.py:914} INFO - Processing file /home/airflow/.local/lib/python3.12/site-packages/airflow/example_dags/example_branch_operator.py for tasks to queue
[2025-04-02T19:11:29.332+0000] {logging_mixin.py:190} INFO - [2025-04-02T19:11:29.331+0000] {dagbag.py:588} INFO - Filling up the DagBag from /home/airflow/.local/lib/python3.12/site-packages/airflow/example_dags/example_branch_operator.py
[2025-04-02T19:11:29.393+0000] {processor.py:925} INFO - DAG(s) 'example_branch_operator' retrieved from /home/airflow/.local/lib/python3.12/site-packages/airflow/example_dags/example_branch_operator.py
[2025-04-02T19:11:29.540+0000] {logging_mixin.py:190} INFO - [2025-04-02T19:11:29.540+0000] {dag.py:3239} INFO - Sync 1 DAGs
[2025-04-02T19:11:29.651+0000] {logging_mixin.py:190} INFO - [2025-04-02T19:11:29.650+0000] {dag.py:4180} INFO - Setting next_dagrun for example_branch_operator to 2025-04-01 00:00:00+00:00, run_after=2025-04-02 00:00:00+00:00
[2025-04-02T19:11:29.765+0000] {processor.py:208} INFO - Processing /home/airflow/.local/lib/python3.12/site-packages/airflow/example_dags/example_branch_operator.py took 0.462 seconds
[2025-04-02T19:12:01.053+0000] {processor.py:186} INFO - Started process (PID=880) to work on /home/airflow/.local/lib/python3.12/site-packages/airflow/example_dags/example_branch_operator.py
[2025-04-02T19:12:01.068+0000] {processor.py:914} INFO - Processing file /home/airflow/.local/lib/python3.12/site-packages/airflow/example_dags/example_branch_operator.py for tasks to queue
[2025-04-02T19:12:01.086+0000] {logging_mixin.py:190} INFO - [2025-04-02T19:12:01.084+0000] {dagbag.py:588} INFO - Filling up the DagBag from /home/airflow/.local/lib/python3.12/site-packages/airflow/example_dags/example_branch_operator.py
[2025-04-02T19:12:01.281+0000] {processor.py:925} INFO - DAG(s) 'example_branch_operator' retrieved from /home/airflow/.local/lib/python3.12/site-packages/airflow/example_dags/example_branch_operator.py
[2025-04-02T19:12:01.739+0000] {logging_mixin.py:190} INFO - [2025-04-02T19:12:01.735+0000] {dag.py:3239} INFO - Sync 1 DAGs
[2025-04-02T19:12:02.028+0000] {logging_mixin.py:190} INFO - [2025-04-02T19:12:02.027+0000] {dag.py:4180} INFO - Setting next_dagrun for example_branch_operator to 2025-04-01 00:00:00+00:00, run_after=2025-04-02 00:00:00+00:00
[2025-04-02T19:12:02.162+0000] {processor.py:208} INFO - Processing /home/airflow/.local/lib/python3.12/site-packages/airflow/example_dags/example_branch_operator.py took 1.155 seconds
[2025-04-02T19:12:32.995+0000] {processor.py:186} INFO - Started process (PID=942) to work on /home/airflow/.local/lib/python3.12/site-packages/airflow/example_dags/example_branch_operator.py
[2025-04-02T19:12:33.045+0000] {processor.py:914} INFO - Processing file /home/airflow/.local/lib/python3.12/site-packages/airflow/example_dags/example_branch_operator.py for tasks to queue
[2025-04-02T19:12:33.070+0000] {logging_mixin.py:190} INFO - [2025-04-02T19:12:33.069+0000] {dagbag.py:588} INFO - Filling up the DagBag from /home/airflow/.local/lib/python3.12/site-packages/airflow/example_dags/example_branch_operator.py
[2025-04-02T19:12:33.329+0000] {processor.py:925} INFO - DAG(s) 'example_branch_operator' retrieved from /home/airflow/.local/lib/python3.12/site-packages/airflow/example_dags/example_branch_operator.py
[2025-04-02T19:12:33.476+0000] {logging_mixin.py:190} INFO - [2025-04-02T19:12:33.475+0000] {dag.py:3239} INFO - Sync 1 DAGs
[2025-04-02T19:12:33.627+0000] {logging_mixin.py:190} INFO - [2025-04-02T19:12:33.627+0000] {dag.py:4180} INFO - Setting next_dagrun for example_branch_operator to 2025-04-01 00:00:00+00:00, run_after=2025-04-02 00:00:00+00:00
[2025-04-02T19:12:33.732+0000] {processor.py:208} INFO - Processing /home/airflow/.local/lib/python3.12/site-packages/airflow/example_dags/example_branch_operator.py took 0.835 seconds
[2025-04-02T19:13:04.351+0000] {processor.py:186} INFO - Started process (PID=1010) to work on /home/airflow/.local/lib/python3.12/site-packages/airflow/example_dags/example_branch_operator.py
[2025-04-02T19:13:04.354+0000] {processor.py:914} INFO - Processing file /home/airflow/.local/lib/python3.12/site-packages/airflow/example_dags/example_branch_operator.py for tasks to queue
[2025-04-02T19:13:04.365+0000] {logging_mixin.py:190} INFO - [2025-04-02T19:13:04.364+0000] {dagbag.py:588} INFO - Filling up the DagBag from /home/airflow/.local/lib/python3.12/site-packages/airflow/example_dags/example_branch_operator.py
[2025-04-02T19:13:04.435+0000] {processor.py:925} INFO - DAG(s) 'example_branch_operator' retrieved from /home/airflow/.local/lib/python3.12/site-packages/airflow/example_dags/example_branch_operator.py
[2025-04-02T19:13:04.508+0000] {logging_mixin.py:190} INFO - [2025-04-02T19:13:04.507+0000] {dag.py:3239} INFO - Sync 1 DAGs
[2025-04-02T19:13:04.616+0000] {logging_mixin.py:190} INFO - [2025-04-02T19:13:04.615+0000] {dag.py:4180} INFO - Setting next_dagrun for example_branch_operator to 2025-04-01 00:00:00+00:00, run_after=2025-04-02 00:00:00+00:00
[2025-04-02T19:13:04.707+0000] {processor.py:208} INFO - Processing /home/airflow/.local/lib/python3.12/site-packages/airflow/example_dags/example_branch_operator.py took 0.374 seconds
[2025-04-02T19:13:40.583+0000] {processor.py:186} INFO - Started process (PID=1045) to work on /home/airflow/.local/lib/python3.12/site-packages/airflow/example_dags/example_branch_operator.py
[2025-04-02T19:13:40.586+0000] {processor.py:914} INFO - Processing file /home/airflow/.local/lib/python3.12/site-packages/airflow/example_dags/example_branch_operator.py for tasks to queue
[2025-04-02T19:13:40.600+0000] {logging_mixin.py:190} INFO - [2025-04-02T19:13:40.599+0000] {dagbag.py:588} INFO - Filling up the DagBag from /home/airflow/.local/lib/python3.12/site-packages/airflow/example_dags/example_branch_operator.py
[2025-04-02T19:13:40.710+0000] {processor.py:925} INFO - DAG(s) 'example_branch_operator' retrieved from /home/airflow/.local/lib/python3.12/site-packages/airflow/example_dags/example_branch_operator.py
[2025-04-02T19:13:40.917+0000] {logging_mixin.py:190} INFO - [2025-04-02T19:13:40.916+0000] {dag.py:3239} INFO - Sync 1 DAGs
[2025-04-02T19:13:41.100+0000] {logging_mixin.py:190} INFO - [2025-04-02T19:13:41.099+0000] {dag.py:4180} INFO - Setting next_dagrun for example_branch_operator to 2025-04-01 00:00:00+00:00, run_after=2025-04-02 00:00:00+00:00
[2025-04-02T19:13:41.218+0000] {processor.py:208} INFO - Processing /home/airflow/.local/lib/python3.12/site-packages/airflow/example_dags/example_branch_operator.py took 0.658 seconds
[2025-04-02T19:14:16.322+0000] {processor.py:186} INFO - Started process (PID=1107) to work on /home/airflow/.local/lib/python3.12/site-packages/airflow/example_dags/example_branch_operator.py
[2025-04-02T19:14:16.327+0000] {processor.py:914} INFO - Processing file /home/airflow/.local/lib/python3.12/site-packages/airflow/example_dags/example_branch_operator.py for tasks to queue
[2025-04-02T19:14:16.344+0000] {logging_mixin.py:190} INFO - [2025-04-02T19:14:16.343+0000] {dagbag.py:588} INFO - Filling up the DagBag from /home/airflow/.local/lib/python3.12/site-packages/airflow/example_dags/example_branch_operator.py
[2025-04-02T19:14:16.470+0000] {processor.py:925} INFO - DAG(s) 'example_branch_operator' retrieved from /home/airflow/.local/lib/python3.12/site-packages/airflow/example_dags/example_branch_operator.py
[2025-04-02T19:14:16.776+0000] {logging_mixin.py:190} INFO - [2025-04-02T19:14:16.776+0000] {dag.py:3239} INFO - Sync 1 DAGs
[2025-04-02T19:14:17.043+0000] {logging_mixin.py:190} INFO - [2025-04-02T19:14:17.042+0000] {dag.py:4180} INFO - Setting next_dagrun for example_branch_operator to 2025-04-01 00:00:00+00:00, run_after=2025-04-02 00:00:00+00:00
[2025-04-02T19:14:17.111+0000] {processor.py:208} INFO - Processing /home/airflow/.local/lib/python3.12/site-packages/airflow/example_dags/example_branch_operator.py took 0.865 seconds
[2025-04-02T19:14:59.624+0000] {processor.py:186} INFO - Started process (PID=1160) to work on /home/airflow/.local/lib/python3.12/site-packages/airflow/example_dags/example_branch_operator.py
[2025-04-02T19:14:59.638+0000] {processor.py:914} INFO - Processing file /home/airflow/.local/lib/python3.12/site-packages/airflow/example_dags/example_branch_operator.py for tasks to queue
[2025-04-02T19:14:59.657+0000] {logging_mixin.py:190} INFO - [2025-04-02T19:14:59.655+0000] {dagbag.py:588} INFO - Filling up the DagBag from /home/airflow/.local/lib/python3.12/site-packages/airflow/example_dags/example_branch_operator.py
[2025-04-02T19:14:59.836+0000] {processor.py:925} INFO - DAG(s) 'example_branch_operator' retrieved from /home/airflow/.local/lib/python3.12/site-packages/airflow/example_dags/example_branch_operator.py
[2025-04-02T19:15:00.227+0000] {logging_mixin.py:190} INFO - [2025-04-02T19:15:00.226+0000] {dag.py:3239} INFO - Sync 1 DAGs
[2025-04-02T19:15:00.481+0000] {logging_mixin.py:190} INFO - [2025-04-02T19:15:00.480+0000] {dag.py:4180} INFO - Setting next_dagrun for example_branch_operator to 2025-04-01 00:00:00+00:00, run_after=2025-04-02 00:00:00+00:00
[2025-04-02T19:15:00.665+0000] {processor.py:208} INFO - Processing /home/airflow/.local/lib/python3.12/site-packages/airflow/example_dags/example_branch_operator.py took 1.064 seconds
[2025-04-02T19:15:41.717+0000] {processor.py:186} INFO - Started process (PID=1217) to work on /home/airflow/.local/lib/python3.12/site-packages/airflow/example_dags/example_branch_operator.py
[2025-04-02T19:15:41.726+0000] {processor.py:914} INFO - Processing file /home/airflow/.local/lib/python3.12/site-packages/airflow/example_dags/example_branch_operator.py for tasks to queue
[2025-04-02T19:15:41.742+0000] {logging_mixin.py:190} INFO - [2025-04-02T19:15:41.741+0000] {dagbag.py:588} INFO - Filling up the DagBag from /home/airflow/.local/lib/python3.12/site-packages/airflow/example_dags/example_branch_operator.py
[2025-04-02T19:15:41.851+0000] {processor.py:925} INFO - DAG(s) 'example_branch_operator' retrieved from /home/airflow/.local/lib/python3.12/site-packages/airflow/example_dags/example_branch_operator.py
[2025-04-02T19:15:42.047+0000] {logging_mixin.py:190} INFO - [2025-04-02T19:15:42.045+0000] {dag.py:3239} INFO - Sync 1 DAGs
[2025-04-02T19:15:42.239+0000] {logging_mixin.py:190} INFO - [2025-04-02T19:15:42.238+0000] {dag.py:4180} INFO - Setting next_dagrun for example_branch_operator to 2025-04-01 00:00:00+00:00, run_after=2025-04-02 00:00:00+00:00
[2025-04-02T19:15:42.318+0000] {processor.py:208} INFO - Processing /home/airflow/.local/lib/python3.12/site-packages/airflow/example_dags/example_branch_operator.py took 0.641 seconds
[2025-04-02T19:16:16.344+0000] {processor.py:186} INFO - Started process (PID=1277) to work on /home/airflow/.local/lib/python3.12/site-packages/airflow/example_dags/example_branch_operator.py
[2025-04-02T19:16:16.347+0000] {processor.py:914} INFO - Processing file /home/airflow/.local/lib/python3.12/site-packages/airflow/example_dags/example_branch_operator.py for tasks to queue
[2025-04-02T19:16:16.356+0000] {logging_mixin.py:190} INFO - [2025-04-02T19:16:16.354+0000] {dagbag.py:588} INFO - Filling up the DagBag from /home/airflow/.local/lib/python3.12/site-packages/airflow/example_dags/example_branch_operator.py
[2025-04-02T19:16:16.442+0000] {processor.py:925} INFO - DAG(s) 'example_branch_operator' retrieved from /home/airflow/.local/lib/python3.12/site-packages/airflow/example_dags/example_branch_operator.py
[2025-04-02T19:16:16.545+0000] {logging_mixin.py:190} INFO - [2025-04-02T19:16:16.544+0000] {dag.py:3239} INFO - Sync 1 DAGs
[2025-04-02T19:16:16.623+0000] {logging_mixin.py:190} INFO - [2025-04-02T19:16:16.622+0000] {dag.py:4180} INFO - Setting next_dagrun for example_branch_operator to 2025-04-01 00:00:00+00:00, run_after=2025-04-02 00:00:00+00:00
[2025-04-02T19:16:16.728+0000] {processor.py:208} INFO - Processing /home/airflow/.local/lib/python3.12/site-packages/airflow/example_dags/example_branch_operator.py took 0.407 seconds
[2025-04-02T19:16:57.930+0000] {processor.py:186} INFO - Started process (PID=1336) to work on /home/airflow/.local/lib/python3.12/site-packages/airflow/example_dags/example_branch_operator.py
[2025-04-02T19:16:57.934+0000] {processor.py:914} INFO - Processing file /home/airflow/.local/lib/python3.12/site-packages/airflow/example_dags/example_branch_operator.py for tasks to queue
[2025-04-02T19:16:57.949+0000] {logging_mixin.py:190} INFO - [2025-04-02T19:16:57.948+0000] {dagbag.py:588} INFO - Filling up the DagBag from /home/airflow/.local/lib/python3.12/site-packages/airflow/example_dags/example_branch_operator.py
[2025-04-02T19:16:58.147+0000] {processor.py:925} INFO - DAG(s) 'example_branch_operator' retrieved from /home/airflow/.local/lib/python3.12/site-packages/airflow/example_dags/example_branch_operator.py
[2025-04-02T19:16:58.452+0000] {logging_mixin.py:190} INFO - [2025-04-02T19:16:58.452+0000] {dag.py:3239} INFO - Sync 1 DAGs
[2025-04-02T19:16:58.663+0000] {logging_mixin.py:190} INFO - [2025-04-02T19:16:58.663+0000] {dag.py:4180} INFO - Setting next_dagrun for example_branch_operator to 2025-04-01 00:00:00+00:00, run_after=2025-04-02 00:00:00+00:00
[2025-04-02T19:16:58.862+0000] {processor.py:208} INFO - Processing /home/airflow/.local/lib/python3.12/site-packages/airflow/example_dags/example_branch_operator.py took 0.997 seconds
[2025-04-02T19:17:31.635+0000] {processor.py:186} INFO - Started process (PID=1400) to work on /home/airflow/.local/lib/python3.12/site-packages/airflow/example_dags/example_branch_operator.py
[2025-04-02T19:17:31.638+0000] {processor.py:914} INFO - Processing file /home/airflow/.local/lib/python3.12/site-packages/airflow/example_dags/example_branch_operator.py for tasks to queue
[2025-04-02T19:17:31.644+0000] {logging_mixin.py:190} INFO - [2025-04-02T19:17:31.643+0000] {dagbag.py:588} INFO - Filling up the DagBag from /home/airflow/.local/lib/python3.12/site-packages/airflow/example_dags/example_branch_operator.py
[2025-04-02T19:17:31.744+0000] {processor.py:925} INFO - DAG(s) 'example_branch_operator' retrieved from /home/airflow/.local/lib/python3.12/site-packages/airflow/example_dags/example_branch_operator.py
[2025-04-02T19:17:31.902+0000] {logging_mixin.py:190} INFO - [2025-04-02T19:17:31.900+0000] {dag.py:3239} INFO - Sync 1 DAGs
[2025-04-02T19:17:32.099+0000] {logging_mixin.py:190} INFO - [2025-04-02T19:17:32.098+0000] {dag.py:4180} INFO - Setting next_dagrun for example_branch_operator to 2025-04-01 00:00:00+00:00, run_after=2025-04-02 00:00:00+00:00
[2025-04-02T19:17:32.195+0000] {processor.py:208} INFO - Processing /home/airflow/.local/lib/python3.12/site-packages/airflow/example_dags/example_branch_operator.py took 0.579 seconds
[2025-04-02T19:18:03.806+0000] {processor.py:186} INFO - Started process (PID=1463) to work on /home/airflow/.local/lib/python3.12/site-packages/airflow/example_dags/example_branch_operator.py
[2025-04-02T19:18:03.812+0000] {processor.py:914} INFO - Processing file /home/airflow/.local/lib/python3.12/site-packages/airflow/example_dags/example_branch_operator.py for tasks to queue
[2025-04-02T19:18:03.820+0000] {logging_mixin.py:190} INFO - [2025-04-02T19:18:03.819+0000] {dagbag.py:588} INFO - Filling up the DagBag from /home/airflow/.local/lib/python3.12/site-packages/airflow/example_dags/example_branch_operator.py
[2025-04-02T19:18:03.891+0000] {processor.py:925} INFO - DAG(s) 'example_branch_operator' retrieved from /home/airflow/.local/lib/python3.12/site-packages/airflow/example_dags/example_branch_operator.py
[2025-04-02T19:18:04.219+0000] {logging_mixin.py:190} INFO - [2025-04-02T19:18:04.215+0000] {dag.py:3239} INFO - Sync 1 DAGs
[2025-04-02T19:18:04.460+0000] {logging_mixin.py:190} INFO - [2025-04-02T19:18:04.459+0000] {dag.py:4180} INFO - Setting next_dagrun for example_branch_operator to 2025-04-01 00:00:00+00:00, run_after=2025-04-02 00:00:00+00:00
[2025-04-02T19:18:04.605+0000] {processor.py:208} INFO - Processing /home/airflow/.local/lib/python3.12/site-packages/airflow/example_dags/example_branch_operator.py took 0.825 seconds
[2025-04-02T19:18:34.927+0000] {processor.py:186} INFO - Started process (PID=1525) to work on /home/airflow/.local/lib/python3.12/site-packages/airflow/example_dags/example_branch_operator.py
[2025-04-02T19:18:34.929+0000] {processor.py:914} INFO - Processing file /home/airflow/.local/lib/python3.12/site-packages/airflow/example_dags/example_branch_operator.py for tasks to queue
[2025-04-02T19:18:34.937+0000] {logging_mixin.py:190} INFO - [2025-04-02T19:18:34.936+0000] {dagbag.py:588} INFO - Filling up the DagBag from /home/airflow/.local/lib/python3.12/site-packages/airflow/example_dags/example_branch_operator.py
[2025-04-02T19:18:35.009+0000] {processor.py:925} INFO - DAG(s) 'example_branch_operator' retrieved from /home/airflow/.local/lib/python3.12/site-packages/airflow/example_dags/example_branch_operator.py
[2025-04-02T19:18:35.153+0000] {logging_mixin.py:190} INFO - [2025-04-02T19:18:35.148+0000] {dag.py:3239} INFO - Sync 1 DAGs
[2025-04-02T19:18:35.248+0000] {logging_mixin.py:190} INFO - [2025-04-02T19:18:35.245+0000] {dag.py:4180} INFO - Setting next_dagrun for example_branch_operator to 2025-04-01 00:00:00+00:00, run_after=2025-04-02 00:00:00+00:00
[2025-04-02T19:18:35.341+0000] {processor.py:208} INFO - Processing /home/airflow/.local/lib/python3.12/site-packages/airflow/example_dags/example_branch_operator.py took 0.441 seconds
[2025-04-02T19:19:08.971+0000] {processor.py:186} INFO - Started process (PID=1590) to work on /home/airflow/.local/lib/python3.12/site-packages/airflow/example_dags/example_branch_operator.py
[2025-04-02T19:19:08.982+0000] {processor.py:914} INFO - Processing file /home/airflow/.local/lib/python3.12/site-packages/airflow/example_dags/example_branch_operator.py for tasks to queue
[2025-04-02T19:19:09.027+0000] {logging_mixin.py:190} INFO - [2025-04-02T19:19:09.026+0000] {dagbag.py:588} INFO - Filling up the DagBag from /home/airflow/.local/lib/python3.12/site-packages/airflow/example_dags/example_branch_operator.py
[2025-04-02T19:19:09.112+0000] {processor.py:925} INFO - DAG(s) 'example_branch_operator' retrieved from /home/airflow/.local/lib/python3.12/site-packages/airflow/example_dags/example_branch_operator.py
[2025-04-02T19:19:09.354+0000] {logging_mixin.py:190} INFO - [2025-04-02T19:19:09.353+0000] {dag.py:3239} INFO - Sync 1 DAGs
[2025-04-02T19:19:09.547+0000] {logging_mixin.py:190} INFO - [2025-04-02T19:19:09.546+0000] {dag.py:4180} INFO - Setting next_dagrun for example_branch_operator to 2025-04-01 00:00:00+00:00, run_after=2025-04-02 00:00:00+00:00
[2025-04-02T19:19:09.648+0000] {processor.py:208} INFO - Processing /home/airflow/.local/lib/python3.12/site-packages/airflow/example_dags/example_branch_operator.py took 0.740 seconds
[2025-04-02T19:19:48.542+0000] {processor.py:186} INFO - Started process (PID=1643) to work on /home/airflow/.local/lib/python3.12/site-packages/airflow/example_dags/example_branch_operator.py
[2025-04-02T19:19:48.568+0000] {processor.py:914} INFO - Processing file /home/airflow/.local/lib/python3.12/site-packages/airflow/example_dags/example_branch_operator.py for tasks to queue
[2025-04-02T19:19:48.594+0000] {logging_mixin.py:190} INFO - [2025-04-02T19:19:48.593+0000] {dagbag.py:588} INFO - Filling up the DagBag from /home/airflow/.local/lib/python3.12/site-packages/airflow/example_dags/example_branch_operator.py
[2025-04-02T19:19:48.784+0000] {processor.py:925} INFO - DAG(s) 'example_branch_operator' retrieved from /home/airflow/.local/lib/python3.12/site-packages/airflow/example_dags/example_branch_operator.py
[2025-04-02T19:19:49.100+0000] {logging_mixin.py:190} INFO - [2025-04-02T19:19:49.100+0000] {dag.py:3239} INFO - Sync 1 DAGs
[2025-04-02T19:19:49.371+0000] {logging_mixin.py:190} INFO - [2025-04-02T19:19:49.369+0000] {dag.py:4180} INFO - Setting next_dagrun for example_branch_operator to 2025-04-01 00:00:00+00:00, run_after=2025-04-02 00:00:00+00:00
[2025-04-02T19:19:49.548+0000] {processor.py:208} INFO - Processing /home/airflow/.local/lib/python3.12/site-packages/airflow/example_dags/example_branch_operator.py took 1.046 seconds
[2025-04-02T19:20:29.153+0000] {processor.py:186} INFO - Started process (PID=1699) to work on /home/airflow/.local/lib/python3.12/site-packages/airflow/example_dags/example_branch_operator.py
[2025-04-02T19:20:29.155+0000] {processor.py:914} INFO - Processing file /home/airflow/.local/lib/python3.12/site-packages/airflow/example_dags/example_branch_operator.py for tasks to queue
[2025-04-02T19:20:29.170+0000] {logging_mixin.py:190} INFO - [2025-04-02T19:20:29.161+0000] {dagbag.py:588} INFO - Filling up the DagBag from /home/airflow/.local/lib/python3.12/site-packages/airflow/example_dags/example_branch_operator.py
[2025-04-02T19:20:29.236+0000] {processor.py:925} INFO - DAG(s) 'example_branch_operator' retrieved from /home/airflow/.local/lib/python3.12/site-packages/airflow/example_dags/example_branch_operator.py
[2025-04-02T19:20:29.405+0000] {logging_mixin.py:190} INFO - [2025-04-02T19:20:29.405+0000] {dag.py:3239} INFO - Sync 1 DAGs
[2025-04-02T19:20:29.504+0000] {logging_mixin.py:190} INFO - [2025-04-02T19:20:29.499+0000] {dag.py:4180} INFO - Setting next_dagrun for example_branch_operator to 2025-04-01 00:00:00+00:00, run_after=2025-04-02 00:00:00+00:00
[2025-04-02T19:20:29.652+0000] {processor.py:208} INFO - Processing /home/airflow/.local/lib/python3.12/site-packages/airflow/example_dags/example_branch_operator.py took 0.532 seconds
[2025-04-02T19:21:01.399+0000] {processor.py:186} INFO - Started process (PID=1755) to work on /home/airflow/.local/lib/python3.12/site-packages/airflow/example_dags/example_branch_operator.py
[2025-04-02T19:21:01.402+0000] {processor.py:914} INFO - Processing file /home/airflow/.local/lib/python3.12/site-packages/airflow/example_dags/example_branch_operator.py for tasks to queue
[2025-04-02T19:21:01.417+0000] {logging_mixin.py:190} INFO - [2025-04-02T19:21:01.416+0000] {dagbag.py:588} INFO - Filling up the DagBag from /home/airflow/.local/lib/python3.12/site-packages/airflow/example_dags/example_branch_operator.py
[2025-04-02T19:21:01.502+0000] {processor.py:925} INFO - DAG(s) 'example_branch_operator' retrieved from /home/airflow/.local/lib/python3.12/site-packages/airflow/example_dags/example_branch_operator.py
[2025-04-02T19:21:01.652+0000] {logging_mixin.py:190} INFO - [2025-04-02T19:21:01.651+0000] {dag.py:3239} INFO - Sync 1 DAGs
[2025-04-02T19:21:01.778+0000] {logging_mixin.py:190} INFO - [2025-04-02T19:21:01.777+0000] {dag.py:4180} INFO - Setting next_dagrun for example_branch_operator to 2025-04-01 00:00:00+00:00, run_after=2025-04-02 00:00:00+00:00
[2025-04-02T19:21:01.880+0000] {processor.py:208} INFO - Processing /home/airflow/.local/lib/python3.12/site-packages/airflow/example_dags/example_branch_operator.py took 0.517 seconds
[2025-04-02T19:21:37.253+0000] {processor.py:186} INFO - Started process (PID=1815) to work on /home/airflow/.local/lib/python3.12/site-packages/airflow/example_dags/example_branch_operator.py
[2025-04-02T19:21:37.265+0000] {processor.py:914} INFO - Processing file /home/airflow/.local/lib/python3.12/site-packages/airflow/example_dags/example_branch_operator.py for tasks to queue
[2025-04-02T19:21:37.281+0000] {logging_mixin.py:190} INFO - [2025-04-02T19:21:37.280+0000] {dagbag.py:588} INFO - Filling up the DagBag from /home/airflow/.local/lib/python3.12/site-packages/airflow/example_dags/example_branch_operator.py
[2025-04-02T19:21:37.441+0000] {processor.py:925} INFO - DAG(s) 'example_branch_operator' retrieved from /home/airflow/.local/lib/python3.12/site-packages/airflow/example_dags/example_branch_operator.py
[2025-04-02T19:21:37.699+0000] {logging_mixin.py:190} INFO - [2025-04-02T19:21:37.697+0000] {dag.py:3239} INFO - Sync 1 DAGs
[2025-04-02T19:21:37.897+0000] {logging_mixin.py:190} INFO - [2025-04-02T19:21:37.896+0000] {dag.py:4180} INFO - Setting next_dagrun for example_branch_operator to 2025-04-01 00:00:00+00:00, run_after=2025-04-02 00:00:00+00:00
[2025-04-02T19:21:38.091+0000] {processor.py:208} INFO - Processing /home/airflow/.local/lib/python3.12/site-packages/airflow/example_dags/example_branch_operator.py took 0.872 seconds
[2025-04-02T19:22:13.964+0000] {processor.py:186} INFO - Started process (PID=1883) to work on /home/airflow/.local/lib/python3.12/site-packages/airflow/example_dags/example_branch_operator.py
[2025-04-02T19:22:13.972+0000] {processor.py:914} INFO - Processing file /home/airflow/.local/lib/python3.12/site-packages/airflow/example_dags/example_branch_operator.py for tasks to queue
[2025-04-02T19:22:13.986+0000] {logging_mixin.py:190} INFO - [2025-04-02T19:22:13.985+0000] {dagbag.py:588} INFO - Filling up the DagBag from /home/airflow/.local/lib/python3.12/site-packages/airflow/example_dags/example_branch_operator.py
[2025-04-02T19:22:14.077+0000] {processor.py:925} INFO - DAG(s) 'example_branch_operator' retrieved from /home/airflow/.local/lib/python3.12/site-packages/airflow/example_dags/example_branch_operator.py
[2025-04-02T19:22:14.269+0000] {logging_mixin.py:190} INFO - [2025-04-02T19:22:14.268+0000] {dag.py:3239} INFO - Sync 1 DAGs
[2025-04-02T19:22:14.503+0000] {logging_mixin.py:190} INFO - [2025-04-02T19:22:14.503+0000] {dag.py:4180} INFO - Setting next_dagrun for example_branch_operator to 2025-04-01 00:00:00+00:00, run_after=2025-04-02 00:00:00+00:00
[2025-04-02T19:22:14.716+0000] {processor.py:208} INFO - Processing /home/airflow/.local/lib/python3.12/site-packages/airflow/example_dags/example_branch_operator.py took 0.776 seconds
[2025-04-02T19:22:59.578+0000] {processor.py:186} INFO - Started process (PID=1940) to work on /home/airflow/.local/lib/python3.12/site-packages/airflow/example_dags/example_branch_operator.py
[2025-04-02T19:22:59.583+0000] {processor.py:914} INFO - Processing file /home/airflow/.local/lib/python3.12/site-packages/airflow/example_dags/example_branch_operator.py for tasks to queue
[2025-04-02T19:22:59.595+0000] {logging_mixin.py:190} INFO - [2025-04-02T19:22:59.593+0000] {dagbag.py:588} INFO - Filling up the DagBag from /home/airflow/.local/lib/python3.12/site-packages/airflow/example_dags/example_branch_operator.py
[2025-04-02T19:22:59.827+0000] {processor.py:925} INFO - DAG(s) 'example_branch_operator' retrieved from /home/airflow/.local/lib/python3.12/site-packages/airflow/example_dags/example_branch_operator.py
[2025-04-02T19:23:00.241+0000] {logging_mixin.py:190} INFO - [2025-04-02T19:23:00.240+0000] {dag.py:3239} INFO - Sync 1 DAGs
[2025-04-02T19:23:00.444+0000] {logging_mixin.py:190} INFO - [2025-04-02T19:23:00.444+0000] {dag.py:4180} INFO - Setting next_dagrun for example_branch_operator to 2025-04-01 00:00:00+00:00, run_after=2025-04-02 00:00:00+00:00
[2025-04-02T19:23:00.627+0000] {processor.py:208} INFO - Processing /home/airflow/.local/lib/python3.12/site-packages/airflow/example_dags/example_branch_operator.py took 1.078 seconds
[2025-04-02T19:23:30.770+0000] {processor.py:186} INFO - Started process (PID=2003) to work on /home/airflow/.local/lib/python3.12/site-packages/airflow/example_dags/example_branch_operator.py
[2025-04-02T19:23:30.772+0000] {processor.py:914} INFO - Processing file /home/airflow/.local/lib/python3.12/site-packages/airflow/example_dags/example_branch_operator.py for tasks to queue
[2025-04-02T19:23:30.776+0000] {logging_mixin.py:190} INFO - [2025-04-02T19:23:30.776+0000] {dagbag.py:588} INFO - Filling up the DagBag from /home/airflow/.local/lib/python3.12/site-packages/airflow/example_dags/example_branch_operator.py
[2025-04-02T19:23:30.822+0000] {processor.py:925} INFO - DAG(s) 'example_branch_operator' retrieved from /home/airflow/.local/lib/python3.12/site-packages/airflow/example_dags/example_branch_operator.py
[2025-04-02T19:23:30.916+0000] {logging_mixin.py:190} INFO - [2025-04-02T19:23:30.915+0000] {dag.py:3239} INFO - Sync 1 DAGs
[2025-04-02T19:23:30.963+0000] {logging_mixin.py:190} INFO - [2025-04-02T19:23:30.963+0000] {dag.py:4180} INFO - Setting next_dagrun for example_branch_operator to 2025-04-01 00:00:00+00:00, run_after=2025-04-02 00:00:00+00:00
[2025-04-02T19:23:30.996+0000] {processor.py:208} INFO - Processing /home/airflow/.local/lib/python3.12/site-packages/airflow/example_dags/example_branch_operator.py took 0.239 seconds
[2025-04-02T19:24:09.963+0000] {processor.py:186} INFO - Started process (PID=2066) to work on /home/airflow/.local/lib/python3.12/site-packages/airflow/example_dags/example_branch_operator.py
[2025-04-02T19:24:09.964+0000] {processor.py:914} INFO - Processing file /home/airflow/.local/lib/python3.12/site-packages/airflow/example_dags/example_branch_operator.py for tasks to queue
[2025-04-02T19:24:09.970+0000] {logging_mixin.py:190} INFO - [2025-04-02T19:24:09.969+0000] {dagbag.py:588} INFO - Filling up the DagBag from /home/airflow/.local/lib/python3.12/site-packages/airflow/example_dags/example_branch_operator.py
[2025-04-02T19:24:10.069+0000] {processor.py:925} INFO - DAG(s) 'example_branch_operator' retrieved from /home/airflow/.local/lib/python3.12/site-packages/airflow/example_dags/example_branch_operator.py
[2025-04-02T19:24:10.227+0000] {logging_mixin.py:190} INFO - [2025-04-02T19:24:10.227+0000] {dag.py:3239} INFO - Sync 1 DAGs
[2025-04-02T19:24:10.333+0000] {logging_mixin.py:190} INFO - [2025-04-02T19:24:10.332+0000] {dag.py:4180} INFO - Setting next_dagrun for example_branch_operator to 2025-04-01 00:00:00+00:00, run_after=2025-04-02 00:00:00+00:00
[2025-04-02T19:24:10.399+0000] {processor.py:208} INFO - Processing /home/airflow/.local/lib/python3.12/site-packages/airflow/example_dags/example_branch_operator.py took 0.450 seconds
