[2025-04-02T19:03:00.518+0000] {processor.py:186} INFO - Started process (PID=99) to work on /home/airflow/.local/lib/python3.12/site-packages/airflow/example_dags/example_xcom.py
[2025-04-02T19:03:00.558+0000] {processor.py:914} INFO - Processing file /home/airflow/.local/lib/python3.12/site-packages/airflow/example_dags/example_xcom.py for tasks to queue
[2025-04-02T19:03:00.580+0000] {logging_mixin.py:190} INFO - [2025-04-02T19:03:00.578+0000] {dagbag.py:588} INFO - Filling up the DagBag from /home/airflow/.local/lib/python3.12/site-packages/airflow/example_dags/example_xcom.py
[2025-04-02T19:03:00.705+0000] {processor.py:925} INFO - DAG(s) 'example_xcom' retrieved from /home/airflow/.local/lib/python3.12/site-packages/airflow/example_dags/example_xcom.py
[2025-04-02T19:03:01.564+0000] {logging_mixin.py:190} INFO - [2025-04-02T19:03:01.562+0000] {override.py:1912} INFO - Created Permission View: can delete on DAG:example_xcom
[2025-04-02T19:03:01.702+0000] {logging_mixin.py:190} INFO - [2025-04-02T19:03:01.701+0000] {override.py:1912} INFO - Created Permission View: can edit on DAG:example_xcom
[2025-04-02T19:03:01.782+0000] {logging_mixin.py:190} INFO - [2025-04-02T19:03:01.781+0000] {override.py:1912} INFO - Created Permission View: can read on DAG:example_xcom
[2025-04-02T19:03:01.820+0000] {logging_mixin.py:190} INFO - [2025-04-02T19:03:01.819+0000] {override.py:1912} INFO - Created Permission View: can delete on DAG Run:example_xcom
[2025-04-02T19:03:01.850+0000] {logging_mixin.py:190} INFO - [2025-04-02T19:03:01.850+0000] {override.py:1912} INFO - Created Permission View: can read on DAG Run:example_xcom
[2025-04-02T19:03:01.900+0000] {logging_mixin.py:190} INFO - [2025-04-02T19:03:01.899+0000] {override.py:1912} INFO - Created Permission View: can create on DAG Run:example_xcom
[2025-04-02T19:03:02.002+0000] {logging_mixin.py:190} INFO - [2025-04-02T19:03:01.982+0000] {override.py:1912} INFO - Created Permission View: menu access on DAG Run:example_xcom
[2025-04-02T19:03:02.017+0000] {logging_mixin.py:190} INFO - [2025-04-02T19:03:02.016+0000] {dag.py:3239} INFO - Sync 1 DAGs
[2025-04-02T19:03:02.080+0000] {logging_mixin.py:190} INFO - [2025-04-02T19:03:02.079+0000] {dag.py:3262} INFO - Creating ORM DAG for example_xcom
[2025-04-02T19:03:02.115+0000] {logging_mixin.py:190} INFO - [2025-04-02T19:03:02.115+0000] {dag.py:4180} INFO - Setting next_dagrun for example_xcom to 2021-01-01 00:00:00+00:00, run_after=2021-01-01 00:00:00+00:00
[2025-04-02T19:03:02.326+0000] {processor.py:208} INFO - Processing /home/airflow/.local/lib/python3.12/site-packages/airflow/example_dags/example_xcom.py took 1.864 seconds
[2025-04-02T19:04:25.435+0000] {processor.py:186} INFO - Started process (PID=168) to work on /home/airflow/.local/lib/python3.12/site-packages/airflow/example_dags/example_xcom.py
[2025-04-02T19:04:25.464+0000] {processor.py:914} INFO - Processing file /home/airflow/.local/lib/python3.12/site-packages/airflow/example_dags/example_xcom.py for tasks to queue
[2025-04-02T19:04:25.473+0000] {logging_mixin.py:190} INFO - [2025-04-02T19:04:25.472+0000] {dagbag.py:588} INFO - Filling up the DagBag from /home/airflow/.local/lib/python3.12/site-packages/airflow/example_dags/example_xcom.py
[2025-04-02T19:04:25.615+0000] {processor.py:925} INFO - DAG(s) 'example_xcom' retrieved from /home/airflow/.local/lib/python3.12/site-packages/airflow/example_dags/example_xcom.py
[2025-04-02T19:04:25.792+0000] {logging_mixin.py:190} INFO - [2025-04-02T19:04:25.791+0000] {dag.py:3239} INFO - Sync 1 DAGs
[2025-04-02T19:04:25.938+0000] {logging_mixin.py:190} INFO - [2025-04-02T19:04:25.921+0000] {dag.py:4180} INFO - Setting next_dagrun for example_xcom to 2021-01-01 00:00:00+00:00, run_after=2021-01-01 00:00:00+00:00
[2025-04-02T19:04:26.063+0000] {processor.py:208} INFO - Processing /home/airflow/.local/lib/python3.12/site-packages/airflow/example_dags/example_xcom.py took 0.643 seconds
[2025-04-02T19:04:56.379+0000] {processor.py:186} INFO - Started process (PID=231) to work on /home/airflow/.local/lib/python3.12/site-packages/airflow/example_dags/example_xcom.py
[2025-04-02T19:04:56.383+0000] {processor.py:914} INFO - Processing file /home/airflow/.local/lib/python3.12/site-packages/airflow/example_dags/example_xcom.py for tasks to queue
[2025-04-02T19:04:56.390+0000] {logging_mixin.py:190} INFO - [2025-04-02T19:04:56.390+0000] {dagbag.py:588} INFO - Filling up the DagBag from /home/airflow/.local/lib/python3.12/site-packages/airflow/example_dags/example_xcom.py
[2025-04-02T19:04:56.421+0000] {processor.py:925} INFO - DAG(s) 'example_xcom' retrieved from /home/airflow/.local/lib/python3.12/site-packages/airflow/example_dags/example_xcom.py
[2025-04-02T19:04:56.484+0000] {logging_mixin.py:190} INFO - [2025-04-02T19:04:56.484+0000] {dag.py:3239} INFO - Sync 1 DAGs
[2025-04-02T19:04:56.539+0000] {logging_mixin.py:190} INFO - [2025-04-02T19:04:56.538+0000] {dag.py:4180} INFO - Setting next_dagrun for example_xcom to 2021-01-01 00:00:00+00:00, run_after=2021-01-01 00:00:00+00:00
[2025-04-02T19:04:56.579+0000] {processor.py:208} INFO - Processing /home/airflow/.local/lib/python3.12/site-packages/airflow/example_dags/example_xcom.py took 0.218 seconds
[2025-04-02T19:05:34.033+0000] {processor.py:186} INFO - Started process (PID=299) to work on /home/airflow/.local/lib/python3.12/site-packages/airflow/example_dags/example_xcom.py
[2025-04-02T19:05:34.039+0000] {processor.py:914} INFO - Processing file /home/airflow/.local/lib/python3.12/site-packages/airflow/example_dags/example_xcom.py for tasks to queue
[2025-04-02T19:05:34.059+0000] {logging_mixin.py:190} INFO - [2025-04-02T19:05:34.058+0000] {dagbag.py:588} INFO - Filling up the DagBag from /home/airflow/.local/lib/python3.12/site-packages/airflow/example_dags/example_xcom.py
[2025-04-02T19:05:34.097+0000] {processor.py:925} INFO - DAG(s) 'example_xcom' retrieved from /home/airflow/.local/lib/python3.12/site-packages/airflow/example_dags/example_xcom.py
[2025-04-02T19:05:34.153+0000] {logging_mixin.py:190} INFO - [2025-04-02T19:05:34.152+0000] {dag.py:3239} INFO - Sync 1 DAGs
[2025-04-02T19:05:34.281+0000] {logging_mixin.py:190} INFO - [2025-04-02T19:05:34.280+0000] {dag.py:4180} INFO - Setting next_dagrun for example_xcom to 2021-01-01 00:00:00+00:00, run_after=2021-01-01 00:00:00+00:00
[2025-04-02T19:05:34.353+0000] {processor.py:208} INFO - Processing /home/airflow/.local/lib/python3.12/site-packages/airflow/example_dags/example_xcom.py took 0.355 seconds
[2025-04-02T19:06:04.867+0000] {processor.py:186} INFO - Started process (PID=363) to work on /home/airflow/.local/lib/python3.12/site-packages/airflow/example_dags/example_xcom.py
[2025-04-02T19:06:04.870+0000] {processor.py:914} INFO - Processing file /home/airflow/.local/lib/python3.12/site-packages/airflow/example_dags/example_xcom.py for tasks to queue
[2025-04-02T19:06:04.877+0000] {logging_mixin.py:190} INFO - [2025-04-02T19:06:04.877+0000] {dagbag.py:588} INFO - Filling up the DagBag from /home/airflow/.local/lib/python3.12/site-packages/airflow/example_dags/example_xcom.py
[2025-04-02T19:06:04.904+0000] {processor.py:925} INFO - DAG(s) 'example_xcom' retrieved from /home/airflow/.local/lib/python3.12/site-packages/airflow/example_dags/example_xcom.py
[2025-04-02T19:06:04.965+0000] {logging_mixin.py:190} INFO - [2025-04-02T19:06:04.965+0000] {dag.py:3239} INFO - Sync 1 DAGs
[2025-04-02T19:06:05.005+0000] {logging_mixin.py:190} INFO - [2025-04-02T19:06:05.004+0000] {dag.py:4180} INFO - Setting next_dagrun for example_xcom to 2021-01-01 00:00:00+00:00, run_after=2021-01-01 00:00:00+00:00
[2025-04-02T19:06:05.039+0000] {processor.py:208} INFO - Processing /home/airflow/.local/lib/python3.12/site-packages/airflow/example_dags/example_xcom.py took 0.187 seconds
[2025-04-02T19:06:40.339+0000] {processor.py:186} INFO - Started process (PID=411) to work on /home/airflow/.local/lib/python3.12/site-packages/airflow/example_dags/example_xcom.py
[2025-04-02T19:06:40.342+0000] {processor.py:914} INFO - Processing file /home/airflow/.local/lib/python3.12/site-packages/airflow/example_dags/example_xcom.py for tasks to queue
[2025-04-02T19:06:40.347+0000] {logging_mixin.py:190} INFO - [2025-04-02T19:06:40.347+0000] {dagbag.py:588} INFO - Filling up the DagBag from /home/airflow/.local/lib/python3.12/site-packages/airflow/example_dags/example_xcom.py
[2025-04-02T19:06:40.369+0000] {processor.py:925} INFO - DAG(s) 'example_xcom' retrieved from /home/airflow/.local/lib/python3.12/site-packages/airflow/example_dags/example_xcom.py
[2025-04-02T19:06:40.434+0000] {logging_mixin.py:190} INFO - [2025-04-02T19:06:40.431+0000] {dag.py:3239} INFO - Sync 1 DAGs
[2025-04-02T19:06:40.542+0000] {logging_mixin.py:190} INFO - [2025-04-02T19:06:40.541+0000] {dag.py:4180} INFO - Setting next_dagrun for example_xcom to 2021-01-01 00:00:00+00:00, run_after=2021-01-01 00:00:00+00:00
[2025-04-02T19:06:40.611+0000] {processor.py:208} INFO - Processing /home/airflow/.local/lib/python3.12/site-packages/airflow/example_dags/example_xcom.py took 0.288 seconds
[2025-04-02T19:07:17.247+0000] {processor.py:186} INFO - Started process (PID=468) to work on /home/airflow/.local/lib/python3.12/site-packages/airflow/example_dags/example_xcom.py
[2025-04-02T19:07:17.249+0000] {processor.py:914} INFO - Processing file /home/airflow/.local/lib/python3.12/site-packages/airflow/example_dags/example_xcom.py for tasks to queue
[2025-04-02T19:07:17.262+0000] {logging_mixin.py:190} INFO - [2025-04-02T19:07:17.258+0000] {dagbag.py:588} INFO - Filling up the DagBag from /home/airflow/.local/lib/python3.12/site-packages/airflow/example_dags/example_xcom.py
[2025-04-02T19:07:17.294+0000] {processor.py:925} INFO - DAG(s) 'example_xcom' retrieved from /home/airflow/.local/lib/python3.12/site-packages/airflow/example_dags/example_xcom.py
[2025-04-02T19:07:17.383+0000] {logging_mixin.py:190} INFO - [2025-04-02T19:07:17.382+0000] {dag.py:3239} INFO - Sync 1 DAGs
[2025-04-02T19:07:17.523+0000] {logging_mixin.py:190} INFO - [2025-04-02T19:07:17.511+0000] {dag.py:4180} INFO - Setting next_dagrun for example_xcom to 2021-01-01 00:00:00+00:00, run_after=2021-01-01 00:00:00+00:00
[2025-04-02T19:07:17.607+0000] {processor.py:208} INFO - Processing /home/airflow/.local/lib/python3.12/site-packages/airflow/example_dags/example_xcom.py took 0.382 seconds
[2025-04-02T19:07:52.130+0000] {processor.py:186} INFO - Started process (PID=531) to work on /home/airflow/.local/lib/python3.12/site-packages/airflow/example_dags/example_xcom.py
[2025-04-02T19:07:52.132+0000] {processor.py:914} INFO - Processing file /home/airflow/.local/lib/python3.12/site-packages/airflow/example_dags/example_xcom.py for tasks to queue
[2025-04-02T19:07:52.139+0000] {logging_mixin.py:190} INFO - [2025-04-02T19:07:52.138+0000] {dagbag.py:588} INFO - Filling up the DagBag from /home/airflow/.local/lib/python3.12/site-packages/airflow/example_dags/example_xcom.py
[2025-04-02T19:07:52.166+0000] {processor.py:925} INFO - DAG(s) 'example_xcom' retrieved from /home/airflow/.local/lib/python3.12/site-packages/airflow/example_dags/example_xcom.py
[2025-04-02T19:07:52.276+0000] {logging_mixin.py:190} INFO - [2025-04-02T19:07:52.274+0000] {dag.py:3239} INFO - Sync 1 DAGs
[2025-04-02T19:07:52.388+0000] {logging_mixin.py:190} INFO - [2025-04-02T19:07:52.387+0000] {dag.py:4180} INFO - Setting next_dagrun for example_xcom to 2021-01-01 00:00:00+00:00, run_after=2021-01-01 00:00:00+00:00
[2025-04-02T19:07:52.455+0000] {processor.py:208} INFO - Processing /home/airflow/.local/lib/python3.12/site-packages/airflow/example_dags/example_xcom.py took 0.341 seconds
[2025-04-02T19:08:32.630+0000] {processor.py:186} INFO - Started process (PID=599) to work on /home/airflow/.local/lib/python3.12/site-packages/airflow/example_dags/example_xcom.py
[2025-04-02T19:08:32.639+0000] {processor.py:914} INFO - Processing file /home/airflow/.local/lib/python3.12/site-packages/airflow/example_dags/example_xcom.py for tasks to queue
[2025-04-02T19:08:32.649+0000] {logging_mixin.py:190} INFO - [2025-04-02T19:08:32.648+0000] {dagbag.py:588} INFO - Filling up the DagBag from /home/airflow/.local/lib/python3.12/site-packages/airflow/example_dags/example_xcom.py
[2025-04-02T19:08:32.729+0000] {processor.py:925} INFO - DAG(s) 'example_xcom' retrieved from /home/airflow/.local/lib/python3.12/site-packages/airflow/example_dags/example_xcom.py
[2025-04-02T19:08:32.944+0000] {logging_mixin.py:190} INFO - [2025-04-02T19:08:32.943+0000] {dag.py:3239} INFO - Sync 1 DAGs
[2025-04-02T19:08:33.094+0000] {logging_mixin.py:190} INFO - [2025-04-02T19:08:33.092+0000] {dag.py:4180} INFO - Setting next_dagrun for example_xcom to 2021-01-01 00:00:00+00:00, run_after=2021-01-01 00:00:00+00:00
[2025-04-02T19:08:33.269+0000] {processor.py:208} INFO - Processing /home/airflow/.local/lib/python3.12/site-packages/airflow/example_dags/example_xcom.py took 0.673 seconds
[2025-04-02T19:09:13.507+0000] {processor.py:186} INFO - Started process (PID=657) to work on /home/airflow/.local/lib/python3.12/site-packages/airflow/example_dags/example_xcom.py
[2025-04-02T19:09:13.513+0000] {processor.py:914} INFO - Processing file /home/airflow/.local/lib/python3.12/site-packages/airflow/example_dags/example_xcom.py for tasks to queue
[2025-04-02T19:09:13.527+0000] {logging_mixin.py:190} INFO - [2025-04-02T19:09:13.526+0000] {dagbag.py:588} INFO - Filling up the DagBag from /home/airflow/.local/lib/python3.12/site-packages/airflow/example_dags/example_xcom.py
[2025-04-02T19:09:13.578+0000] {processor.py:925} INFO - DAG(s) 'example_xcom' retrieved from /home/airflow/.local/lib/python3.12/site-packages/airflow/example_dags/example_xcom.py
[2025-04-02T19:09:13.690+0000] {logging_mixin.py:190} INFO - [2025-04-02T19:09:13.689+0000] {dag.py:3239} INFO - Sync 1 DAGs
[2025-04-02T19:09:13.974+0000] {logging_mixin.py:190} INFO - [2025-04-02T19:09:13.973+0000] {dag.py:4180} INFO - Setting next_dagrun for example_xcom to 2021-01-01 00:00:00+00:00, run_after=2021-01-01 00:00:00+00:00
[2025-04-02T19:09:14.134+0000] {processor.py:208} INFO - Processing /home/airflow/.local/lib/python3.12/site-packages/airflow/example_dags/example_xcom.py took 0.665 seconds
[2025-04-02T19:10:19.279+0000] {processor.py:186} INFO - Started process (PID=700) to work on /home/airflow/.local/lib/python3.12/site-packages/airflow/example_dags/example_xcom.py
[2025-04-02T19:10:19.285+0000] {processor.py:914} INFO - Processing file /home/airflow/.local/lib/python3.12/site-packages/airflow/example_dags/example_xcom.py for tasks to queue
[2025-04-02T19:10:19.312+0000] {logging_mixin.py:190} INFO - [2025-04-02T19:10:19.311+0000] {dagbag.py:588} INFO - Filling up the DagBag from /home/airflow/.local/lib/python3.12/site-packages/airflow/example_dags/example_xcom.py
[2025-04-02T19:10:19.505+0000] {processor.py:925} INFO - DAG(s) 'example_xcom' retrieved from /home/airflow/.local/lib/python3.12/site-packages/airflow/example_dags/example_xcom.py
[2025-04-02T19:10:19.808+0000] {logging_mixin.py:190} INFO - [2025-04-02T19:10:19.807+0000] {dag.py:3239} INFO - Sync 1 DAGs
[2025-04-02T19:10:20.150+0000] {logging_mixin.py:190} INFO - [2025-04-02T19:10:20.149+0000] {dag.py:4180} INFO - Setting next_dagrun for example_xcom to 2021-01-01 00:00:00+00:00, run_after=2021-01-01 00:00:00+00:00
[2025-04-02T19:10:20.386+0000] {processor.py:208} INFO - Processing /home/airflow/.local/lib/python3.12/site-packages/airflow/example_dags/example_xcom.py took 1.228 seconds
[2025-04-02T19:10:51.443+0000] {processor.py:186} INFO - Started process (PID=762) to work on /home/airflow/.local/lib/python3.12/site-packages/airflow/example_dags/example_xcom.py
[2025-04-02T19:10:51.466+0000] {processor.py:914} INFO - Processing file /home/airflow/.local/lib/python3.12/site-packages/airflow/example_dags/example_xcom.py for tasks to queue
[2025-04-02T19:10:51.495+0000] {logging_mixin.py:190} INFO - [2025-04-02T19:10:51.494+0000] {dagbag.py:588} INFO - Filling up the DagBag from /home/airflow/.local/lib/python3.12/site-packages/airflow/example_dags/example_xcom.py
[2025-04-02T19:10:51.577+0000] {processor.py:925} INFO - DAG(s) 'example_xcom' retrieved from /home/airflow/.local/lib/python3.12/site-packages/airflow/example_dags/example_xcom.py
[2025-04-02T19:10:51.797+0000] {logging_mixin.py:190} INFO - [2025-04-02T19:10:51.796+0000] {dag.py:3239} INFO - Sync 1 DAGs
[2025-04-02T19:10:52.298+0000] {logging_mixin.py:190} INFO - [2025-04-02T19:10:52.298+0000] {dag.py:4180} INFO - Setting next_dagrun for example_xcom to 2021-01-01 00:00:00+00:00, run_after=2021-01-01 00:00:00+00:00
[2025-04-02T19:10:52.911+0000] {processor.py:208} INFO - Processing /home/airflow/.local/lib/python3.12/site-packages/airflow/example_dags/example_xcom.py took 1.506 seconds
[2025-04-02T19:11:30.798+0000] {processor.py:186} INFO - Started process (PID=824) to work on /home/airflow/.local/lib/python3.12/site-packages/airflow/example_dags/example_xcom.py
[2025-04-02T19:11:30.800+0000] {processor.py:914} INFO - Processing file /home/airflow/.local/lib/python3.12/site-packages/airflow/example_dags/example_xcom.py for tasks to queue
[2025-04-02T19:11:30.810+0000] {logging_mixin.py:190} INFO - [2025-04-02T19:11:30.810+0000] {dagbag.py:588} INFO - Filling up the DagBag from /home/airflow/.local/lib/python3.12/site-packages/airflow/example_dags/example_xcom.py
[2025-04-02T19:11:30.834+0000] {processor.py:925} INFO - DAG(s) 'example_xcom' retrieved from /home/airflow/.local/lib/python3.12/site-packages/airflow/example_dags/example_xcom.py
[2025-04-02T19:11:30.883+0000] {logging_mixin.py:190} INFO - [2025-04-02T19:11:30.882+0000] {dag.py:3239} INFO - Sync 1 DAGs
[2025-04-02T19:11:30.960+0000] {logging_mixin.py:190} INFO - [2025-04-02T19:11:30.960+0000] {dag.py:4180} INFO - Setting next_dagrun for example_xcom to 2021-01-01 00:00:00+00:00, run_after=2021-01-01 00:00:00+00:00
[2025-04-02T19:11:31.053+0000] {processor.py:208} INFO - Processing /home/airflow/.local/lib/python3.12/site-packages/airflow/example_dags/example_xcom.py took 0.274 seconds
[2025-04-02T19:12:06.255+0000] {processor.py:186} INFO - Started process (PID=892) to work on /home/airflow/.local/lib/python3.12/site-packages/airflow/example_dags/example_xcom.py
[2025-04-02T19:12:06.265+0000] {processor.py:914} INFO - Processing file /home/airflow/.local/lib/python3.12/site-packages/airflow/example_dags/example_xcom.py for tasks to queue
[2025-04-02T19:12:06.278+0000] {logging_mixin.py:190} INFO - [2025-04-02T19:12:06.271+0000] {dagbag.py:588} INFO - Filling up the DagBag from /home/airflow/.local/lib/python3.12/site-packages/airflow/example_dags/example_xcom.py
[2025-04-02T19:12:06.360+0000] {processor.py:925} INFO - DAG(s) 'example_xcom' retrieved from /home/airflow/.local/lib/python3.12/site-packages/airflow/example_dags/example_xcom.py
[2025-04-02T19:12:06.482+0000] {logging_mixin.py:190} INFO - [2025-04-02T19:12:06.471+0000] {dag.py:3239} INFO - Sync 1 DAGs
[2025-04-02T19:12:06.718+0000] {logging_mixin.py:190} INFO - [2025-04-02T19:12:06.718+0000] {dag.py:4180} INFO - Setting next_dagrun for example_xcom to 2021-01-01 00:00:00+00:00, run_after=2021-01-01 00:00:00+00:00
[2025-04-02T19:12:06.975+0000] {processor.py:208} INFO - Processing /home/airflow/.local/lib/python3.12/site-packages/airflow/example_dags/example_xcom.py took 0.752 seconds
[2025-04-02T19:12:41.135+0000] {processor.py:186} INFO - Started process (PID=955) to work on /home/airflow/.local/lib/python3.12/site-packages/airflow/example_dags/example_xcom.py
[2025-04-02T19:12:41.137+0000] {processor.py:914} INFO - Processing file /home/airflow/.local/lib/python3.12/site-packages/airflow/example_dags/example_xcom.py for tasks to queue
[2025-04-02T19:12:41.152+0000] {logging_mixin.py:190} INFO - [2025-04-02T19:12:41.151+0000] {dagbag.py:588} INFO - Filling up the DagBag from /home/airflow/.local/lib/python3.12/site-packages/airflow/example_dags/example_xcom.py
[2025-04-02T19:12:41.234+0000] {processor.py:925} INFO - DAG(s) 'example_xcom' retrieved from /home/airflow/.local/lib/python3.12/site-packages/airflow/example_dags/example_xcom.py
[2025-04-02T19:12:41.436+0000] {logging_mixin.py:190} INFO - [2025-04-02T19:12:41.435+0000] {dag.py:3239} INFO - Sync 1 DAGs
[2025-04-02T19:12:41.590+0000] {logging_mixin.py:190} INFO - [2025-04-02T19:12:41.588+0000] {dag.py:4180} INFO - Setting next_dagrun for example_xcom to 2021-01-01 00:00:00+00:00, run_after=2021-01-01 00:00:00+00:00
[2025-04-02T19:12:41.726+0000] {processor.py:208} INFO - Processing /home/airflow/.local/lib/python3.12/site-packages/airflow/example_dags/example_xcom.py took 0.630 seconds
[2025-04-02T19:13:16.632+0000] {processor.py:186} INFO - Started process (PID=1017) to work on /home/airflow/.local/lib/python3.12/site-packages/airflow/example_dags/example_xcom.py
[2025-04-02T19:13:16.650+0000] {processor.py:914} INFO - Processing file /home/airflow/.local/lib/python3.12/site-packages/airflow/example_dags/example_xcom.py for tasks to queue
[2025-04-02T19:13:16.678+0000] {logging_mixin.py:190} INFO - [2025-04-02T19:13:16.678+0000] {dagbag.py:588} INFO - Filling up the DagBag from /home/airflow/.local/lib/python3.12/site-packages/airflow/example_dags/example_xcom.py
[2025-04-02T19:13:16.913+0000] {processor.py:925} INFO - DAG(s) 'example_xcom' retrieved from /home/airflow/.local/lib/python3.12/site-packages/airflow/example_dags/example_xcom.py
[2025-04-02T19:13:17.194+0000] {logging_mixin.py:190} INFO - [2025-04-02T19:13:17.193+0000] {dag.py:3239} INFO - Sync 1 DAGs
[2025-04-02T19:13:17.479+0000] {logging_mixin.py:190} INFO - [2025-04-02T19:13:17.479+0000] {dag.py:4180} INFO - Setting next_dagrun for example_xcom to 2021-01-01 00:00:00+00:00, run_after=2021-01-01 00:00:00+00:00
[2025-04-02T19:13:17.725+0000] {processor.py:208} INFO - Processing /home/airflow/.local/lib/python3.12/site-packages/airflow/example_dags/example_xcom.py took 1.191 seconds
[2025-04-02T19:13:49.779+0000] {processor.py:186} INFO - Started process (PID=1077) to work on /home/airflow/.local/lib/python3.12/site-packages/airflow/example_dags/example_xcom.py
[2025-04-02T19:13:49.794+0000] {processor.py:914} INFO - Processing file /home/airflow/.local/lib/python3.12/site-packages/airflow/example_dags/example_xcom.py for tasks to queue
[2025-04-02T19:13:49.805+0000] {logging_mixin.py:190} INFO - [2025-04-02T19:13:49.804+0000] {dagbag.py:588} INFO - Filling up the DagBag from /home/airflow/.local/lib/python3.12/site-packages/airflow/example_dags/example_xcom.py
[2025-04-02T19:13:49.883+0000] {processor.py:925} INFO - DAG(s) 'example_xcom' retrieved from /home/airflow/.local/lib/python3.12/site-packages/airflow/example_dags/example_xcom.py
[2025-04-02T19:13:50.043+0000] {logging_mixin.py:190} INFO - [2025-04-02T19:13:50.043+0000] {dag.py:3239} INFO - Sync 1 DAGs
[2025-04-02T19:13:50.178+0000] {logging_mixin.py:190} INFO - [2025-04-02T19:13:50.178+0000] {dag.py:4180} INFO - Setting next_dagrun for example_xcom to 2021-01-01 00:00:00+00:00, run_after=2021-01-01 00:00:00+00:00
[2025-04-02T19:13:50.427+0000] {processor.py:208} INFO - Processing /home/airflow/.local/lib/python3.12/site-packages/airflow/example_dags/example_xcom.py took 0.710 seconds
[2025-04-02T19:14:34.498+0000] {processor.py:186} INFO - Started process (PID=1130) to work on /home/airflow/.local/lib/python3.12/site-packages/airflow/example_dags/example_xcom.py
[2025-04-02T19:14:34.502+0000] {processor.py:914} INFO - Processing file /home/airflow/.local/lib/python3.12/site-packages/airflow/example_dags/example_xcom.py for tasks to queue
[2025-04-02T19:14:34.509+0000] {logging_mixin.py:190} INFO - [2025-04-02T19:14:34.508+0000] {dagbag.py:588} INFO - Filling up the DagBag from /home/airflow/.local/lib/python3.12/site-packages/airflow/example_dags/example_xcom.py
[2025-04-02T19:14:34.550+0000] {processor.py:925} INFO - DAG(s) 'example_xcom' retrieved from /home/airflow/.local/lib/python3.12/site-packages/airflow/example_dags/example_xcom.py
[2025-04-02T19:14:34.867+0000] {logging_mixin.py:190} INFO - [2025-04-02T19:14:34.856+0000] {dag.py:3239} INFO - Sync 1 DAGs
[2025-04-02T19:14:35.161+0000] {logging_mixin.py:190} INFO - [2025-04-02T19:14:35.160+0000] {dag.py:4180} INFO - Setting next_dagrun for example_xcom to 2021-01-01 00:00:00+00:00, run_after=2021-01-01 00:00:00+00:00
[2025-04-02T19:14:35.309+0000] {processor.py:208} INFO - Processing /home/airflow/.local/lib/python3.12/site-packages/airflow/example_dags/example_xcom.py took 0.842 seconds
[2025-04-02T19:15:23.550+0000] {processor.py:186} INFO - Started process (PID=1189) to work on /home/airflow/.local/lib/python3.12/site-packages/airflow/example_dags/example_xcom.py
[2025-04-02T19:15:23.564+0000] {processor.py:914} INFO - Processing file /home/airflow/.local/lib/python3.12/site-packages/airflow/example_dags/example_xcom.py for tasks to queue
[2025-04-02T19:15:23.580+0000] {logging_mixin.py:190} INFO - [2025-04-02T19:15:23.580+0000] {dagbag.py:588} INFO - Filling up the DagBag from /home/airflow/.local/lib/python3.12/site-packages/airflow/example_dags/example_xcom.py
[2025-04-02T19:15:23.690+0000] {processor.py:925} INFO - DAG(s) 'example_xcom' retrieved from /home/airflow/.local/lib/python3.12/site-packages/airflow/example_dags/example_xcom.py
[2025-04-02T19:15:23.816+0000] {logging_mixin.py:190} INFO - [2025-04-02T19:15:23.816+0000] {dag.py:3239} INFO - Sync 1 DAGs
[2025-04-02T19:15:24.116+0000] {logging_mixin.py:190} INFO - [2025-04-02T19:15:24.115+0000] {dag.py:4180} INFO - Setting next_dagrun for example_xcom to 2021-01-01 00:00:00+00:00, run_after=2021-01-01 00:00:00+00:00
[2025-04-02T19:15:24.328+0000] {processor.py:208} INFO - Processing /home/airflow/.local/lib/python3.12/site-packages/airflow/example_dags/example_xcom.py took 0.835 seconds
[2025-04-02T19:16:07.272+0000] {processor.py:186} INFO - Started process (PID=1257) to work on /home/airflow/.local/lib/python3.12/site-packages/airflow/example_dags/example_xcom.py
[2025-04-02T19:16:07.287+0000] {processor.py:914} INFO - Processing file /home/airflow/.local/lib/python3.12/site-packages/airflow/example_dags/example_xcom.py for tasks to queue
[2025-04-02T19:16:07.356+0000] {logging_mixin.py:190} INFO - [2025-04-02T19:16:07.354+0000] {dagbag.py:588} INFO - Filling up the DagBag from /home/airflow/.local/lib/python3.12/site-packages/airflow/example_dags/example_xcom.py
[2025-04-02T19:16:07.431+0000] {processor.py:925} INFO - DAG(s) 'example_xcom' retrieved from /home/airflow/.local/lib/python3.12/site-packages/airflow/example_dags/example_xcom.py
[2025-04-02T19:16:07.503+0000] {logging_mixin.py:190} INFO - [2025-04-02T19:16:07.503+0000] {dag.py:3239} INFO - Sync 1 DAGs
[2025-04-02T19:16:07.585+0000] {logging_mixin.py:190} INFO - [2025-04-02T19:16:07.585+0000] {dag.py:4180} INFO - Setting next_dagrun for example_xcom to 2021-01-01 00:00:00+00:00, run_after=2021-01-01 00:00:00+00:00
[2025-04-02T19:16:07.676+0000] {processor.py:208} INFO - Processing /home/airflow/.local/lib/python3.12/site-packages/airflow/example_dags/example_xcom.py took 0.453 seconds
[2025-04-02T19:16:44.960+0000] {processor.py:186} INFO - Started process (PID=1317) to work on /home/airflow/.local/lib/python3.12/site-packages/airflow/example_dags/example_xcom.py
[2025-04-02T19:16:44.963+0000] {processor.py:914} INFO - Processing file /home/airflow/.local/lib/python3.12/site-packages/airflow/example_dags/example_xcom.py for tasks to queue
[2025-04-02T19:16:44.969+0000] {logging_mixin.py:190} INFO - [2025-04-02T19:16:44.968+0000] {dagbag.py:588} INFO - Filling up the DagBag from /home/airflow/.local/lib/python3.12/site-packages/airflow/example_dags/example_xcom.py
[2025-04-02T19:16:44.996+0000] {processor.py:925} INFO - DAG(s) 'example_xcom' retrieved from /home/airflow/.local/lib/python3.12/site-packages/airflow/example_dags/example_xcom.py
[2025-04-02T19:16:45.119+0000] {logging_mixin.py:190} INFO - [2025-04-02T19:16:45.119+0000] {dag.py:3239} INFO - Sync 1 DAGs
[2025-04-02T19:16:45.247+0000] {logging_mixin.py:190} INFO - [2025-04-02T19:16:45.246+0000] {dag.py:4180} INFO - Setting next_dagrun for example_xcom to 2021-01-01 00:00:00+00:00, run_after=2021-01-01 00:00:00+00:00
[2025-04-02T19:16:45.337+0000] {processor.py:208} INFO - Processing /home/airflow/.local/lib/python3.12/site-packages/airflow/example_dags/example_xcom.py took 0.395 seconds
[2025-04-02T19:17:18.226+0000] {processor.py:186} INFO - Started process (PID=1376) to work on /home/airflow/.local/lib/python3.12/site-packages/airflow/example_dags/example_xcom.py
[2025-04-02T19:17:18.233+0000] {processor.py:914} INFO - Processing file /home/airflow/.local/lib/python3.12/site-packages/airflow/example_dags/example_xcom.py for tasks to queue
[2025-04-02T19:17:18.245+0000] {logging_mixin.py:190} INFO - [2025-04-02T19:17:18.244+0000] {dagbag.py:588} INFO - Filling up the DagBag from /home/airflow/.local/lib/python3.12/site-packages/airflow/example_dags/example_xcom.py
[2025-04-02T19:17:18.377+0000] {processor.py:925} INFO - DAG(s) 'example_xcom' retrieved from /home/airflow/.local/lib/python3.12/site-packages/airflow/example_dags/example_xcom.py
[2025-04-02T19:17:18.640+0000] {logging_mixin.py:190} INFO - [2025-04-02T19:17:18.639+0000] {dag.py:3239} INFO - Sync 1 DAGs
[2025-04-02T19:17:19.048+0000] {logging_mixin.py:190} INFO - [2025-04-02T19:17:19.044+0000] {dag.py:4180} INFO - Setting next_dagrun for example_xcom to 2021-01-01 00:00:00+00:00, run_after=2021-01-01 00:00:00+00:00
[2025-04-02T19:17:19.289+0000] {processor.py:208} INFO - Processing /home/airflow/.local/lib/python3.12/site-packages/airflow/example_dags/example_xcom.py took 1.099 seconds
[2025-04-02T19:17:49.772+0000] {processor.py:186} INFO - Started process (PID=1439) to work on /home/airflow/.local/lib/python3.12/site-packages/airflow/example_dags/example_xcom.py
[2025-04-02T19:17:49.774+0000] {processor.py:914} INFO - Processing file /home/airflow/.local/lib/python3.12/site-packages/airflow/example_dags/example_xcom.py for tasks to queue
[2025-04-02T19:17:49.782+0000] {logging_mixin.py:190} INFO - [2025-04-02T19:17:49.782+0000] {dagbag.py:588} INFO - Filling up the DagBag from /home/airflow/.local/lib/python3.12/site-packages/airflow/example_dags/example_xcom.py
[2025-04-02T19:17:49.806+0000] {processor.py:925} INFO - DAG(s) 'example_xcom' retrieved from /home/airflow/.local/lib/python3.12/site-packages/airflow/example_dags/example_xcom.py
[2025-04-02T19:17:49.871+0000] {logging_mixin.py:190} INFO - [2025-04-02T19:17:49.870+0000] {dag.py:3239} INFO - Sync 1 DAGs
[2025-04-02T19:17:49.954+0000] {logging_mixin.py:190} INFO - [2025-04-02T19:17:49.953+0000] {dag.py:4180} INFO - Setting next_dagrun for example_xcom to 2021-01-01 00:00:00+00:00, run_after=2021-01-01 00:00:00+00:00
[2025-04-02T19:17:50.023+0000] {processor.py:208} INFO - Processing /home/airflow/.local/lib/python3.12/site-packages/airflow/example_dags/example_xcom.py took 0.266 seconds
[2025-04-02T19:18:20.291+0000] {processor.py:186} INFO - Started process (PID=1501) to work on /home/airflow/.local/lib/python3.12/site-packages/airflow/example_dags/example_xcom.py
[2025-04-02T19:18:20.296+0000] {processor.py:914} INFO - Processing file /home/airflow/.local/lib/python3.12/site-packages/airflow/example_dags/example_xcom.py for tasks to queue
[2025-04-02T19:18:20.303+0000] {logging_mixin.py:190} INFO - [2025-04-02T19:18:20.301+0000] {dagbag.py:588} INFO - Filling up the DagBag from /home/airflow/.local/lib/python3.12/site-packages/airflow/example_dags/example_xcom.py
[2025-04-02T19:18:20.326+0000] {processor.py:925} INFO - DAG(s) 'example_xcom' retrieved from /home/airflow/.local/lib/python3.12/site-packages/airflow/example_dags/example_xcom.py
[2025-04-02T19:18:20.379+0000] {logging_mixin.py:190} INFO - [2025-04-02T19:18:20.379+0000] {dag.py:3239} INFO - Sync 1 DAGs
[2025-04-02T19:18:20.477+0000] {logging_mixin.py:190} INFO - [2025-04-02T19:18:20.475+0000] {dag.py:4180} INFO - Setting next_dagrun for example_xcom to 2021-01-01 00:00:00+00:00, run_after=2021-01-01 00:00:00+00:00
[2025-04-02T19:18:20.563+0000] {processor.py:208} INFO - Processing /home/airflow/.local/lib/python3.12/site-packages/airflow/example_dags/example_xcom.py took 0.308 seconds
[2025-04-02T19:18:58.344+0000] {processor.py:186} INFO - Started process (PID=1563) to work on /home/airflow/.local/lib/python3.12/site-packages/airflow/example_dags/example_xcom.py
[2025-04-02T19:18:58.409+0000] {processor.py:914} INFO - Processing file /home/airflow/.local/lib/python3.12/site-packages/airflow/example_dags/example_xcom.py for tasks to queue
[2025-04-02T19:18:58.430+0000] {logging_mixin.py:190} INFO - [2025-04-02T19:18:58.428+0000] {dagbag.py:588} INFO - Filling up the DagBag from /home/airflow/.local/lib/python3.12/site-packages/airflow/example_dags/example_xcom.py
[2025-04-02T19:18:58.525+0000] {processor.py:925} INFO - DAG(s) 'example_xcom' retrieved from /home/airflow/.local/lib/python3.12/site-packages/airflow/example_dags/example_xcom.py
[2025-04-02T19:18:58.774+0000] {logging_mixin.py:190} INFO - [2025-04-02T19:18:58.765+0000] {dag.py:3239} INFO - Sync 1 DAGs
[2025-04-02T19:18:59.055+0000] {logging_mixin.py:190} INFO - [2025-04-02T19:18:59.054+0000] {dag.py:4180} INFO - Setting next_dagrun for example_xcom to 2021-01-01 00:00:00+00:00, run_after=2021-01-01 00:00:00+00:00
[2025-04-02T19:18:59.188+0000] {processor.py:208} INFO - Processing /home/airflow/.local/lib/python3.12/site-packages/airflow/example_dags/example_xcom.py took 0.892 seconds
[2025-04-02T19:19:36.219+0000] {processor.py:186} INFO - Started process (PID=1618) to work on /home/airflow/.local/lib/python3.12/site-packages/airflow/example_dags/example_xcom.py
[2025-04-02T19:19:36.269+0000] {processor.py:914} INFO - Processing file /home/airflow/.local/lib/python3.12/site-packages/airflow/example_dags/example_xcom.py for tasks to queue
[2025-04-02T19:19:36.400+0000] {logging_mixin.py:190} INFO - [2025-04-02T19:19:36.399+0000] {dagbag.py:588} INFO - Filling up the DagBag from /home/airflow/.local/lib/python3.12/site-packages/airflow/example_dags/example_xcom.py
[2025-04-02T19:19:36.513+0000] {processor.py:925} INFO - DAG(s) 'example_xcom' retrieved from /home/airflow/.local/lib/python3.12/site-packages/airflow/example_dags/example_xcom.py
[2025-04-02T19:19:36.685+0000] {logging_mixin.py:190} INFO - [2025-04-02T19:19:36.675+0000] {dag.py:3239} INFO - Sync 1 DAGs
[2025-04-02T19:19:36.929+0000] {logging_mixin.py:190} INFO - [2025-04-02T19:19:36.928+0000] {dag.py:4180} INFO - Setting next_dagrun for example_xcom to 2021-01-01 00:00:00+00:00, run_after=2021-01-01 00:00:00+00:00
[2025-04-02T19:19:37.180+0000] {processor.py:208} INFO - Processing /home/airflow/.local/lib/python3.12/site-packages/airflow/example_dags/example_xcom.py took 1.011 seconds
[2025-04-02T19:20:13.521+0000] {processor.py:186} INFO - Started process (PID=1672) to work on /home/airflow/.local/lib/python3.12/site-packages/airflow/example_dags/example_xcom.py
[2025-04-02T19:20:13.523+0000] {processor.py:914} INFO - Processing file /home/airflow/.local/lib/python3.12/site-packages/airflow/example_dags/example_xcom.py for tasks to queue
[2025-04-02T19:20:13.556+0000] {logging_mixin.py:190} INFO - [2025-04-02T19:20:13.554+0000] {dagbag.py:588} INFO - Filling up the DagBag from /home/airflow/.local/lib/python3.12/site-packages/airflow/example_dags/example_xcom.py
[2025-04-02T19:20:13.667+0000] {processor.py:925} INFO - DAG(s) 'example_xcom' retrieved from /home/airflow/.local/lib/python3.12/site-packages/airflow/example_dags/example_xcom.py
[2025-04-02T19:20:13.877+0000] {logging_mixin.py:190} INFO - [2025-04-02T19:20:13.874+0000] {dag.py:3239} INFO - Sync 1 DAGs
[2025-04-02T19:20:14.137+0000] {logging_mixin.py:190} INFO - [2025-04-02T19:20:14.136+0000] {dag.py:4180} INFO - Setting next_dagrun for example_xcom to 2021-01-01 00:00:00+00:00, run_after=2021-01-01 00:00:00+00:00
[2025-04-02T19:20:14.326+0000] {processor.py:208} INFO - Processing /home/airflow/.local/lib/python3.12/site-packages/airflow/example_dags/example_xcom.py took 0.855 seconds
[2025-04-02T19:20:46.606+0000] {processor.py:186} INFO - Started process (PID=1725) to work on /home/airflow/.local/lib/python3.12/site-packages/airflow/example_dags/example_xcom.py
[2025-04-02T19:20:46.618+0000] {processor.py:914} INFO - Processing file /home/airflow/.local/lib/python3.12/site-packages/airflow/example_dags/example_xcom.py for tasks to queue
[2025-04-02T19:20:46.652+0000] {logging_mixin.py:190} INFO - [2025-04-02T19:20:46.650+0000] {dagbag.py:588} INFO - Filling up the DagBag from /home/airflow/.local/lib/python3.12/site-packages/airflow/example_dags/example_xcom.py
[2025-04-02T19:20:46.728+0000] {processor.py:925} INFO - DAG(s) 'example_xcom' retrieved from /home/airflow/.local/lib/python3.12/site-packages/airflow/example_dags/example_xcom.py
[2025-04-02T19:20:46.932+0000] {logging_mixin.py:190} INFO - [2025-04-02T19:20:46.932+0000] {dag.py:3239} INFO - Sync 1 DAGs
[2025-04-02T19:20:47.098+0000] {logging_mixin.py:190} INFO - [2025-04-02T19:20:47.097+0000] {dag.py:4180} INFO - Setting next_dagrun for example_xcom to 2021-01-01 00:00:00+00:00, run_after=2021-01-01 00:00:00+00:00
[2025-04-02T19:20:47.204+0000] {processor.py:208} INFO - Processing /home/airflow/.local/lib/python3.12/site-packages/airflow/example_dags/example_xcom.py took 0.639 seconds
[2025-04-02T19:21:18.338+0000] {processor.py:186} INFO - Started process (PID=1788) to work on /home/airflow/.local/lib/python3.12/site-packages/airflow/example_dags/example_xcom.py
[2025-04-02T19:21:18.341+0000] {processor.py:914} INFO - Processing file /home/airflow/.local/lib/python3.12/site-packages/airflow/example_dags/example_xcom.py for tasks to queue
[2025-04-02T19:21:18.350+0000] {logging_mixin.py:190} INFO - [2025-04-02T19:21:18.346+0000] {dagbag.py:588} INFO - Filling up the DagBag from /home/airflow/.local/lib/python3.12/site-packages/airflow/example_dags/example_xcom.py
[2025-04-02T19:21:18.390+0000] {processor.py:925} INFO - DAG(s) 'example_xcom' retrieved from /home/airflow/.local/lib/python3.12/site-packages/airflow/example_dags/example_xcom.py
[2025-04-02T19:21:18.540+0000] {logging_mixin.py:190} INFO - [2025-04-02T19:21:18.529+0000] {dag.py:3239} INFO - Sync 1 DAGs
[2025-04-02T19:21:18.675+0000] {logging_mixin.py:190} INFO - [2025-04-02T19:21:18.674+0000] {dag.py:4180} INFO - Setting next_dagrun for example_xcom to 2021-01-01 00:00:00+00:00, run_after=2021-01-01 00:00:00+00:00
[2025-04-02T19:21:18.802+0000] {processor.py:208} INFO - Processing /home/airflow/.local/lib/python3.12/site-packages/airflow/example_dags/example_xcom.py took 0.492 seconds
[2025-04-02T19:21:51.679+0000] {processor.py:186} INFO - Started process (PID=1849) to work on /home/airflow/.local/lib/python3.12/site-packages/airflow/example_dags/example_xcom.py
[2025-04-02T19:21:51.687+0000] {processor.py:914} INFO - Processing file /home/airflow/.local/lib/python3.12/site-packages/airflow/example_dags/example_xcom.py for tasks to queue
[2025-04-02T19:21:51.711+0000] {logging_mixin.py:190} INFO - [2025-04-02T19:21:51.701+0000] {dagbag.py:588} INFO - Filling up the DagBag from /home/airflow/.local/lib/python3.12/site-packages/airflow/example_dags/example_xcom.py
[2025-04-02T19:21:51.784+0000] {processor.py:925} INFO - DAG(s) 'example_xcom' retrieved from /home/airflow/.local/lib/python3.12/site-packages/airflow/example_dags/example_xcom.py
[2025-04-02T19:21:51.952+0000] {logging_mixin.py:190} INFO - [2025-04-02T19:21:51.951+0000] {dag.py:3239} INFO - Sync 1 DAGs
[2025-04-02T19:21:52.241+0000] {logging_mixin.py:190} INFO - [2025-04-02T19:21:52.240+0000] {dag.py:4180} INFO - Setting next_dagrun for example_xcom to 2021-01-01 00:00:00+00:00, run_after=2021-01-01 00:00:00+00:00
[2025-04-02T19:21:52.420+0000] {processor.py:208} INFO - Processing /home/airflow/.local/lib/python3.12/site-packages/airflow/example_dags/example_xcom.py took 0.791 seconds
[2025-04-02T19:22:35.342+0000] {processor.py:186} INFO - Started process (PID=1909) to work on /home/airflow/.local/lib/python3.12/site-packages/airflow/example_dags/example_xcom.py
[2025-04-02T19:22:35.345+0000] {processor.py:914} INFO - Processing file /home/airflow/.local/lib/python3.12/site-packages/airflow/example_dags/example_xcom.py for tasks to queue
[2025-04-02T19:22:35.361+0000] {logging_mixin.py:190} INFO - [2025-04-02T19:22:35.360+0000] {dagbag.py:588} INFO - Filling up the DagBag from /home/airflow/.local/lib/python3.12/site-packages/airflow/example_dags/example_xcom.py
[2025-04-02T19:22:35.455+0000] {processor.py:925} INFO - DAG(s) 'example_xcom' retrieved from /home/airflow/.local/lib/python3.12/site-packages/airflow/example_dags/example_xcom.py
[2025-04-02T19:22:35.696+0000] {logging_mixin.py:190} INFO - [2025-04-02T19:22:35.696+0000] {dag.py:3239} INFO - Sync 1 DAGs
[2025-04-02T19:22:35.906+0000] {logging_mixin.py:190} INFO - [2025-04-02T19:22:35.905+0000] {dag.py:4180} INFO - Setting next_dagrun for example_xcom to 2021-01-01 00:00:00+00:00, run_after=2021-01-01 00:00:00+00:00
[2025-04-02T19:22:36.073+0000] {processor.py:208} INFO - Processing /home/airflow/.local/lib/python3.12/site-packages/airflow/example_dags/example_xcom.py took 0.780 seconds
[2025-04-02T19:23:09.494+0000] {processor.py:186} INFO - Started process (PID=1962) to work on /home/airflow/.local/lib/python3.12/site-packages/airflow/example_dags/example_xcom.py
[2025-04-02T19:23:09.496+0000] {processor.py:914} INFO - Processing file /home/airflow/.local/lib/python3.12/site-packages/airflow/example_dags/example_xcom.py for tasks to queue
[2025-04-02T19:23:09.500+0000] {logging_mixin.py:190} INFO - [2025-04-02T19:23:09.499+0000] {dagbag.py:588} INFO - Filling up the DagBag from /home/airflow/.local/lib/python3.12/site-packages/airflow/example_dags/example_xcom.py
[2025-04-02T19:23:09.519+0000] {processor.py:925} INFO - DAG(s) 'example_xcom' retrieved from /home/airflow/.local/lib/python3.12/site-packages/airflow/example_dags/example_xcom.py
[2025-04-02T19:23:09.590+0000] {logging_mixin.py:190} INFO - [2025-04-02T19:23:09.589+0000] {dag.py:3239} INFO - Sync 1 DAGs
[2025-04-02T19:23:09.727+0000] {logging_mixin.py:190} INFO - [2025-04-02T19:23:09.726+0000] {dag.py:4180} INFO - Setting next_dagrun for example_xcom to 2021-01-01 00:00:00+00:00, run_after=2021-01-01 00:00:00+00:00
[2025-04-02T19:23:09.781+0000] {processor.py:208} INFO - Processing /home/airflow/.local/lib/python3.12/site-packages/airflow/example_dags/example_xcom.py took 0.302 seconds
[2025-04-02T19:23:52.293+0000] {processor.py:186} INFO - Started process (PID=2030) to work on /home/airflow/.local/lib/python3.12/site-packages/airflow/example_dags/example_xcom.py
[2025-04-02T19:23:52.295+0000] {processor.py:914} INFO - Processing file /home/airflow/.local/lib/python3.12/site-packages/airflow/example_dags/example_xcom.py for tasks to queue
[2025-04-02T19:23:52.324+0000] {logging_mixin.py:190} INFO - [2025-04-02T19:23:52.312+0000] {dagbag.py:588} INFO - Filling up the DagBag from /home/airflow/.local/lib/python3.12/site-packages/airflow/example_dags/example_xcom.py
[2025-04-02T19:23:52.548+0000] {processor.py:925} INFO - DAG(s) 'example_xcom' retrieved from /home/airflow/.local/lib/python3.12/site-packages/airflow/example_dags/example_xcom.py
[2025-04-02T19:23:52.942+0000] {logging_mixin.py:190} INFO - [2025-04-02T19:23:52.935+0000] {dag.py:3239} INFO - Sync 1 DAGs
[2025-04-02T19:23:53.259+0000] {logging_mixin.py:190} INFO - [2025-04-02T19:23:53.247+0000] {dag.py:4180} INFO - Setting next_dagrun for example_xcom to 2021-01-01 00:00:00+00:00, run_after=2021-01-01 00:00:00+00:00
[2025-04-02T19:23:53.434+0000] {processor.py:208} INFO - Processing /home/airflow/.local/lib/python3.12/site-packages/airflow/example_dags/example_xcom.py took 1.215 seconds
[2025-04-02T19:24:23.685+0000] {processor.py:186} INFO - Started process (PID=2093) to work on /home/airflow/.local/lib/python3.12/site-packages/airflow/example_dags/example_xcom.py
[2025-04-02T19:24:23.687+0000] {processor.py:914} INFO - Processing file /home/airflow/.local/lib/python3.12/site-packages/airflow/example_dags/example_xcom.py for tasks to queue
[2025-04-02T19:24:23.692+0000] {logging_mixin.py:190} INFO - [2025-04-02T19:24:23.691+0000] {dagbag.py:588} INFO - Filling up the DagBag from /home/airflow/.local/lib/python3.12/site-packages/airflow/example_dags/example_xcom.py
[2025-04-02T19:24:23.712+0000] {processor.py:925} INFO - DAG(s) 'example_xcom' retrieved from /home/airflow/.local/lib/python3.12/site-packages/airflow/example_dags/example_xcom.py
[2025-04-02T19:24:23.758+0000] {logging_mixin.py:190} INFO - [2025-04-02T19:24:23.757+0000] {dag.py:3239} INFO - Sync 1 DAGs
[2025-04-02T19:24:23.804+0000] {logging_mixin.py:190} INFO - [2025-04-02T19:24:23.804+0000] {dag.py:4180} INFO - Setting next_dagrun for example_xcom to 2021-01-01 00:00:00+00:00, run_after=2021-01-01 00:00:00+00:00
[2025-04-02T19:24:23.849+0000] {processor.py:208} INFO - Processing /home/airflow/.local/lib/python3.12/site-packages/airflow/example_dags/example_xcom.py took 0.173 seconds
