[2025-04-02T19:03:31.630+0000] {processor.py:186} INFO - Started process (PID=116) to work on /home/airflow/.local/lib/python3.12/site-packages/airflow/example_dags/example_branch_datetime_operator.py
[2025-04-02T19:03:31.633+0000] {processor.py:914} INFO - Processing file /home/airflow/.local/lib/python3.12/site-packages/airflow/example_dags/example_branch_datetime_operator.py for tasks to queue
[2025-04-02T19:03:31.639+0000] {logging_mixin.py:190} INFO - [2025-04-02T19:03:31.638+0000] {dagbag.py:588} INFO - Filling up the DagBag from /home/airflow/.local/lib/python3.12/site-packages/airflow/example_dags/example_branch_datetime_operator.py
[2025-04-02T19:03:31.678+0000] {processor.py:925} INFO - DAG(s) 'example_branch_datetime_operator_3', 'example_branch_datetime_operator_2', 'example_branch_datetime_operator' retrieved from /home/airflow/.local/lib/python3.12/site-packages/airflow/example_dags/example_branch_datetime_operator.py
[2025-04-02T19:03:32.177+0000] {logging_mixin.py:190} INFO - [2025-04-02T19:03:32.176+0000] {override.py:1912} INFO - Created Permission View: can delete on DAG:example_branch_datetime_operator_3
[2025-04-02T19:03:32.211+0000] {logging_mixin.py:190} INFO - [2025-04-02T19:03:32.211+0000] {override.py:1912} INFO - Created Permission View: can edit on DAG:example_branch_datetime_operator_3
[2025-04-02T19:03:32.232+0000] {logging_mixin.py:190} INFO - [2025-04-02T19:03:32.231+0000] {override.py:1912} INFO - Created Permission View: can read on DAG:example_branch_datetime_operator_3
[2025-04-02T19:03:32.260+0000] {logging_mixin.py:190} INFO - [2025-04-02T19:03:32.259+0000] {override.py:1912} INFO - Created Permission View: can delete on DAG Run:example_branch_datetime_operator_3
[2025-04-02T19:03:32.280+0000] {logging_mixin.py:190} INFO - [2025-04-02T19:03:32.279+0000] {override.py:1912} INFO - Created Permission View: can read on DAG Run:example_branch_datetime_operator_3
[2025-04-02T19:03:32.300+0000] {logging_mixin.py:190} INFO - [2025-04-02T19:03:32.299+0000] {override.py:1912} INFO - Created Permission View: can create on DAG Run:example_branch_datetime_operator_3
[2025-04-02T19:03:32.342+0000] {logging_mixin.py:190} INFO - [2025-04-02T19:03:32.341+0000] {override.py:1912} INFO - Created Permission View: menu access on DAG Run:example_branch_datetime_operator_3
[2025-04-02T19:03:32.401+0000] {logging_mixin.py:190} INFO - [2025-04-02T19:03:32.400+0000] {override.py:1912} INFO - Created Permission View: can delete on DAG:example_branch_datetime_operator_2
[2025-04-02T19:03:32.453+0000] {logging_mixin.py:190} INFO - [2025-04-02T19:03:32.451+0000] {override.py:1912} INFO - Created Permission View: can edit on DAG:example_branch_datetime_operator_2
[2025-04-02T19:03:32.488+0000] {logging_mixin.py:190} INFO - [2025-04-02T19:03:32.488+0000] {override.py:1912} INFO - Created Permission View: can read on DAG:example_branch_datetime_operator_2
[2025-04-02T19:03:32.531+0000] {logging_mixin.py:190} INFO - [2025-04-02T19:03:32.530+0000] {override.py:1912} INFO - Created Permission View: can delete on DAG Run:example_branch_datetime_operator_2
[2025-04-02T19:03:32.557+0000] {logging_mixin.py:190} INFO - [2025-04-02T19:03:32.556+0000] {override.py:1912} INFO - Created Permission View: can read on DAG Run:example_branch_datetime_operator_2
[2025-04-02T19:03:32.575+0000] {logging_mixin.py:190} INFO - [2025-04-02T19:03:32.575+0000] {override.py:1912} INFO - Created Permission View: can create on DAG Run:example_branch_datetime_operator_2
[2025-04-02T19:03:32.592+0000] {logging_mixin.py:190} INFO - [2025-04-02T19:03:32.592+0000] {override.py:1912} INFO - Created Permission View: menu access on DAG Run:example_branch_datetime_operator_2
[2025-04-02T19:03:32.685+0000] {logging_mixin.py:190} INFO - [2025-04-02T19:03:32.683+0000] {override.py:1912} INFO - Created Permission View: can delete on DAG:example_branch_datetime_operator
[2025-04-02T19:03:32.748+0000] {logging_mixin.py:190} INFO - [2025-04-02T19:03:32.746+0000] {override.py:1912} INFO - Created Permission View: can edit on DAG:example_branch_datetime_operator
[2025-04-02T19:03:32.785+0000] {logging_mixin.py:190} INFO - [2025-04-02T19:03:32.785+0000] {override.py:1912} INFO - Created Permission View: can read on DAG:example_branch_datetime_operator
[2025-04-02T19:03:32.816+0000] {logging_mixin.py:190} INFO - [2025-04-02T19:03:32.815+0000] {override.py:1912} INFO - Created Permission View: can delete on DAG Run:example_branch_datetime_operator
[2025-04-02T19:03:32.833+0000] {logging_mixin.py:190} INFO - [2025-04-02T19:03:32.833+0000] {override.py:1912} INFO - Created Permission View: can read on DAG Run:example_branch_datetime_operator
[2025-04-02T19:03:32.868+0000] {logging_mixin.py:190} INFO - [2025-04-02T19:03:32.866+0000] {override.py:1912} INFO - Created Permission View: can create on DAG Run:example_branch_datetime_operator
[2025-04-02T19:03:32.933+0000] {logging_mixin.py:190} INFO - [2025-04-02T19:03:32.930+0000] {override.py:1912} INFO - Created Permission View: menu access on DAG Run:example_branch_datetime_operator
[2025-04-02T19:03:32.936+0000] {logging_mixin.py:190} INFO - [2025-04-02T19:03:32.936+0000] {dag.py:3239} INFO - Sync 3 DAGs
[2025-04-02T19:03:33.020+0000] {logging_mixin.py:190} INFO - [2025-04-02T19:03:33.013+0000] {dag.py:3262} INFO - Creating ORM DAG for example_branch_datetime_operator
[2025-04-02T19:03:33.024+0000] {logging_mixin.py:190} INFO - [2025-04-02T19:03:33.024+0000] {dag.py:3262} INFO - Creating ORM DAG for example_branch_datetime_operator_2
[2025-04-02T19:03:33.026+0000] {logging_mixin.py:190} INFO - [2025-04-02T19:03:33.026+0000] {dag.py:3262} INFO - Creating ORM DAG for example_branch_datetime_operator_3
[2025-04-02T19:03:33.055+0000] {logging_mixin.py:190} INFO - [2025-04-02T19:03:33.055+0000] {dag.py:4180} INFO - Setting next_dagrun for example_branch_datetime_operator to 2025-04-01 00:00:00+00:00, run_after=2025-04-02 00:00:00+00:00
[2025-04-02T19:03:33.061+0000] {logging_mixin.py:190} INFO - [2025-04-02T19:03:33.060+0000] {dag.py:4180} INFO - Setting next_dagrun for example_branch_datetime_operator_2 to 2025-04-01 00:00:00+00:00, run_after=2025-04-02 00:00:00+00:00
[2025-04-02T19:03:33.069+0000] {logging_mixin.py:190} INFO - [2025-04-02T19:03:33.069+0000] {dag.py:4180} INFO - Setting next_dagrun for example_branch_datetime_operator_3 to 2025-04-01 00:00:00+00:00, run_after=2025-04-02 00:00:00+00:00
[2025-04-02T19:03:33.141+0000] {processor.py:208} INFO - Processing /home/airflow/.local/lib/python3.12/site-packages/airflow/example_dags/example_branch_datetime_operator.py took 1.597 seconds
[2025-04-02T19:04:37.622+0000] {processor.py:186} INFO - Started process (PID=185) to work on /home/airflow/.local/lib/python3.12/site-packages/airflow/example_dags/example_branch_datetime_operator.py
[2025-04-02T19:04:37.625+0000] {processor.py:914} INFO - Processing file /home/airflow/.local/lib/python3.12/site-packages/airflow/example_dags/example_branch_datetime_operator.py for tasks to queue
[2025-04-02T19:04:37.631+0000] {logging_mixin.py:190} INFO - [2025-04-02T19:04:37.630+0000] {dagbag.py:588} INFO - Filling up the DagBag from /home/airflow/.local/lib/python3.12/site-packages/airflow/example_dags/example_branch_datetime_operator.py
[2025-04-02T19:04:37.674+0000] {processor.py:925} INFO - DAG(s) 'example_branch_datetime_operator_2', 'example_branch_datetime_operator_3', 'example_branch_datetime_operator' retrieved from /home/airflow/.local/lib/python3.12/site-packages/airflow/example_dags/example_branch_datetime_operator.py
[2025-04-02T19:04:37.932+0000] {logging_mixin.py:190} INFO - [2025-04-02T19:04:37.931+0000] {dag.py:3239} INFO - Sync 3 DAGs
[2025-04-02T19:04:38.444+0000] {logging_mixin.py:190} INFO - [2025-04-02T19:04:38.443+0000] {dag.py:4180} INFO - Setting next_dagrun for example_branch_datetime_operator to 2025-04-01 00:00:00+00:00, run_after=2025-04-02 00:00:00+00:00
[2025-04-02T19:04:38.503+0000] {logging_mixin.py:190} INFO - [2025-04-02T19:04:38.503+0000] {dag.py:4180} INFO - Setting next_dagrun for example_branch_datetime_operator_2 to 2025-04-01 00:00:00+00:00, run_after=2025-04-02 00:00:00+00:00
[2025-04-02T19:04:38.521+0000] {logging_mixin.py:190} INFO - [2025-04-02T19:04:38.521+0000] {dag.py:4180} INFO - Setting next_dagrun for example_branch_datetime_operator_3 to 2025-04-01 00:00:00+00:00, run_after=2025-04-02 00:00:00+00:00
[2025-04-02T19:04:38.720+0000] {processor.py:208} INFO - Processing /home/airflow/.local/lib/python3.12/site-packages/airflow/example_dags/example_branch_datetime_operator.py took 1.133 seconds
[2025-04-02T19:05:09.263+0000] {processor.py:186} INFO - Started process (PID=247) to work on /home/airflow/.local/lib/python3.12/site-packages/airflow/example_dags/example_branch_datetime_operator.py
[2025-04-02T19:05:09.274+0000] {processor.py:914} INFO - Processing file /home/airflow/.local/lib/python3.12/site-packages/airflow/example_dags/example_branch_datetime_operator.py for tasks to queue
[2025-04-02T19:05:09.319+0000] {logging_mixin.py:190} INFO - [2025-04-02T19:05:09.317+0000] {dagbag.py:588} INFO - Filling up the DagBag from /home/airflow/.local/lib/python3.12/site-packages/airflow/example_dags/example_branch_datetime_operator.py
[2025-04-02T19:05:09.433+0000] {processor.py:925} INFO - DAG(s) 'example_branch_datetime_operator_3', 'example_branch_datetime_operator_2', 'example_branch_datetime_operator' retrieved from /home/airflow/.local/lib/python3.12/site-packages/airflow/example_dags/example_branch_datetime_operator.py
[2025-04-02T19:05:09.543+0000] {logging_mixin.py:190} INFO - [2025-04-02T19:05:09.542+0000] {dag.py:3239} INFO - Sync 3 DAGs
[2025-04-02T19:05:09.894+0000] {logging_mixin.py:190} INFO - [2025-04-02T19:05:09.894+0000] {dag.py:4180} INFO - Setting next_dagrun for example_branch_datetime_operator to 2025-04-01 00:00:00+00:00, run_after=2025-04-02 00:00:00+00:00
[2025-04-02T19:05:09.935+0000] {logging_mixin.py:190} INFO - [2025-04-02T19:05:09.934+0000] {dag.py:4180} INFO - Setting next_dagrun for example_branch_datetime_operator_2 to 2025-04-01 00:00:00+00:00, run_after=2025-04-02 00:00:00+00:00
[2025-04-02T19:05:09.942+0000] {logging_mixin.py:190} INFO - [2025-04-02T19:05:09.942+0000] {dag.py:4180} INFO - Setting next_dagrun for example_branch_datetime_operator_3 to 2025-04-01 00:00:00+00:00, run_after=2025-04-02 00:00:00+00:00
[2025-04-02T19:05:10.118+0000] {processor.py:208} INFO - Processing /home/airflow/.local/lib/python3.12/site-packages/airflow/example_dags/example_branch_datetime_operator.py took 0.912 seconds
[2025-04-02T19:05:40.486+0000] {processor.py:186} INFO - Started process (PID=308) to work on /home/airflow/.local/lib/python3.12/site-packages/airflow/example_dags/example_branch_datetime_operator.py
[2025-04-02T19:05:40.495+0000] {processor.py:914} INFO - Processing file /home/airflow/.local/lib/python3.12/site-packages/airflow/example_dags/example_branch_datetime_operator.py for tasks to queue
[2025-04-02T19:05:40.515+0000] {logging_mixin.py:190} INFO - [2025-04-02T19:05:40.514+0000] {dagbag.py:588} INFO - Filling up the DagBag from /home/airflow/.local/lib/python3.12/site-packages/airflow/example_dags/example_branch_datetime_operator.py
[2025-04-02T19:05:40.596+0000] {processor.py:925} INFO - DAG(s) 'example_branch_datetime_operator_2', 'example_branch_datetime_operator', 'example_branch_datetime_operator_3' retrieved from /home/airflow/.local/lib/python3.12/site-packages/airflow/example_dags/example_branch_datetime_operator.py
[2025-04-02T19:05:40.746+0000] {logging_mixin.py:190} INFO - [2025-04-02T19:05:40.745+0000] {dag.py:3239} INFO - Sync 3 DAGs
[2025-04-02T19:05:40.931+0000] {logging_mixin.py:190} INFO - [2025-04-02T19:05:40.930+0000] {dag.py:4180} INFO - Setting next_dagrun for example_branch_datetime_operator to 2025-04-01 00:00:00+00:00, run_after=2025-04-02 00:00:00+00:00
[2025-04-02T19:05:40.996+0000] {logging_mixin.py:190} INFO - [2025-04-02T19:05:40.996+0000] {dag.py:4180} INFO - Setting next_dagrun for example_branch_datetime_operator_2 to 2025-04-01 00:00:00+00:00, run_after=2025-04-02 00:00:00+00:00
[2025-04-02T19:05:41.027+0000] {logging_mixin.py:190} INFO - [2025-04-02T19:05:41.023+0000] {dag.py:4180} INFO - Setting next_dagrun for example_branch_datetime_operator_3 to 2025-04-01 00:00:00+00:00, run_after=2025-04-02 00:00:00+00:00
[2025-04-02T19:05:41.118+0000] {processor.py:208} INFO - Processing /home/airflow/.local/lib/python3.12/site-packages/airflow/example_dags/example_branch_datetime_operator.py took 0.677 seconds
[2025-04-02T19:06:11.325+0000] {processor.py:186} INFO - Started process (PID=372) to work on /home/airflow/.local/lib/python3.12/site-packages/airflow/example_dags/example_branch_datetime_operator.py
[2025-04-02T19:06:11.328+0000] {processor.py:914} INFO - Processing file /home/airflow/.local/lib/python3.12/site-packages/airflow/example_dags/example_branch_datetime_operator.py for tasks to queue
[2025-04-02T19:06:11.336+0000] {logging_mixin.py:190} INFO - [2025-04-02T19:06:11.335+0000] {dagbag.py:588} INFO - Filling up the DagBag from /home/airflow/.local/lib/python3.12/site-packages/airflow/example_dags/example_branch_datetime_operator.py
[2025-04-02T19:06:11.386+0000] {processor.py:925} INFO - DAG(s) 'example_branch_datetime_operator_2', 'example_branch_datetime_operator', 'example_branch_datetime_operator_3' retrieved from /home/airflow/.local/lib/python3.12/site-packages/airflow/example_dags/example_branch_datetime_operator.py
[2025-04-02T19:06:11.501+0000] {logging_mixin.py:190} INFO - [2025-04-02T19:06:11.501+0000] {dag.py:3239} INFO - Sync 3 DAGs
[2025-04-02T19:06:11.579+0000] {logging_mixin.py:190} INFO - [2025-04-02T19:06:11.578+0000] {dag.py:4180} INFO - Setting next_dagrun for example_branch_datetime_operator to 2025-04-01 00:00:00+00:00, run_after=2025-04-02 00:00:00+00:00
[2025-04-02T19:06:11.598+0000] {logging_mixin.py:190} INFO - [2025-04-02T19:06:11.598+0000] {dag.py:4180} INFO - Setting next_dagrun for example_branch_datetime_operator_2 to 2025-04-01 00:00:00+00:00, run_after=2025-04-02 00:00:00+00:00
[2025-04-02T19:06:11.608+0000] {logging_mixin.py:190} INFO - [2025-04-02T19:06:11.607+0000] {dag.py:4180} INFO - Setting next_dagrun for example_branch_datetime_operator_3 to 2025-04-01 00:00:00+00:00, run_after=2025-04-02 00:00:00+00:00
[2025-04-02T19:06:11.667+0000] {processor.py:208} INFO - Processing /home/airflow/.local/lib/python3.12/site-packages/airflow/example_dags/example_branch_datetime_operator.py took 0.362 seconds
[2025-04-02T19:06:57.067+0000] {processor.py:186} INFO - Started process (PID=436) to work on /home/airflow/.local/lib/python3.12/site-packages/airflow/example_dags/example_branch_datetime_operator.py
[2025-04-02T19:06:57.073+0000] {processor.py:914} INFO - Processing file /home/airflow/.local/lib/python3.12/site-packages/airflow/example_dags/example_branch_datetime_operator.py for tasks to queue
[2025-04-02T19:06:57.081+0000] {logging_mixin.py:190} INFO - [2025-04-02T19:06:57.080+0000] {dagbag.py:588} INFO - Filling up the DagBag from /home/airflow/.local/lib/python3.12/site-packages/airflow/example_dags/example_branch_datetime_operator.py
[2025-04-02T19:06:57.157+0000] {processor.py:925} INFO - DAG(s) 'example_branch_datetime_operator_2', 'example_branch_datetime_operator', 'example_branch_datetime_operator_3' retrieved from /home/airflow/.local/lib/python3.12/site-packages/airflow/example_dags/example_branch_datetime_operator.py
[2025-04-02T19:06:57.307+0000] {logging_mixin.py:190} INFO - [2025-04-02T19:06:57.306+0000] {dag.py:3239} INFO - Sync 3 DAGs
[2025-04-02T19:06:57.457+0000] {logging_mixin.py:190} INFO - [2025-04-02T19:06:57.445+0000] {dag.py:4180} INFO - Setting next_dagrun for example_branch_datetime_operator to 2025-04-01 00:00:00+00:00, run_after=2025-04-02 00:00:00+00:00
[2025-04-02T19:06:57.824+0000] {logging_mixin.py:190} INFO - [2025-04-02T19:06:57.813+0000] {dag.py:4180} INFO - Setting next_dagrun for example_branch_datetime_operator_2 to 2025-04-01 00:00:00+00:00, run_after=2025-04-02 00:00:00+00:00
[2025-04-02T19:06:57.917+0000] {logging_mixin.py:190} INFO - [2025-04-02T19:06:57.916+0000] {dag.py:4180} INFO - Setting next_dagrun for example_branch_datetime_operator_3 to 2025-04-01 00:00:00+00:00, run_after=2025-04-02 00:00:00+00:00
[2025-04-02T19:06:58.425+0000] {processor.py:208} INFO - Processing /home/airflow/.local/lib/python3.12/site-packages/airflow/example_dags/example_branch_datetime_operator.py took 1.377 seconds
[2025-04-02T19:07:30.021+0000] {processor.py:186} INFO - Started process (PID=507) to work on /home/airflow/.local/lib/python3.12/site-packages/airflow/example_dags/example_branch_datetime_operator.py
[2025-04-02T19:07:30.024+0000] {processor.py:914} INFO - Processing file /home/airflow/.local/lib/python3.12/site-packages/airflow/example_dags/example_branch_datetime_operator.py for tasks to queue
[2025-04-02T19:07:30.031+0000] {logging_mixin.py:190} INFO - [2025-04-02T19:07:30.030+0000] {dagbag.py:588} INFO - Filling up the DagBag from /home/airflow/.local/lib/python3.12/site-packages/airflow/example_dags/example_branch_datetime_operator.py
[2025-04-02T19:07:30.066+0000] {processor.py:925} INFO - DAG(s) 'example_branch_datetime_operator_3', 'example_branch_datetime_operator_2', 'example_branch_datetime_operator' retrieved from /home/airflow/.local/lib/python3.12/site-packages/airflow/example_dags/example_branch_datetime_operator.py
[2025-04-02T19:07:30.192+0000] {logging_mixin.py:190} INFO - [2025-04-02T19:07:30.191+0000] {dag.py:3239} INFO - Sync 3 DAGs
[2025-04-02T19:07:30.295+0000] {logging_mixin.py:190} INFO - [2025-04-02T19:07:30.294+0000] {dag.py:4180} INFO - Setting next_dagrun for example_branch_datetime_operator to 2025-04-01 00:00:00+00:00, run_after=2025-04-02 00:00:00+00:00
[2025-04-02T19:07:30.311+0000] {logging_mixin.py:190} INFO - [2025-04-02T19:07:30.310+0000] {dag.py:4180} INFO - Setting next_dagrun for example_branch_datetime_operator_2 to 2025-04-01 00:00:00+00:00, run_after=2025-04-02 00:00:00+00:00
[2025-04-02T19:07:30.321+0000] {logging_mixin.py:190} INFO - [2025-04-02T19:07:30.320+0000] {dag.py:4180} INFO - Setting next_dagrun for example_branch_datetime_operator_3 to 2025-04-01 00:00:00+00:00, run_after=2025-04-02 00:00:00+00:00
[2025-04-02T19:07:30.396+0000] {processor.py:208} INFO - Processing /home/airflow/.local/lib/python3.12/site-packages/airflow/example_dags/example_branch_datetime_operator.py took 0.391 seconds
[2025-04-02T19:08:08.899+0000] {processor.py:186} INFO - Started process (PID=570) to work on /home/airflow/.local/lib/python3.12/site-packages/airflow/example_dags/example_branch_datetime_operator.py
[2025-04-02T19:08:08.916+0000] {processor.py:914} INFO - Processing file /home/airflow/.local/lib/python3.12/site-packages/airflow/example_dags/example_branch_datetime_operator.py for tasks to queue
[2025-04-02T19:08:08.933+0000] {logging_mixin.py:190} INFO - [2025-04-02T19:08:08.921+0000] {dagbag.py:588} INFO - Filling up the DagBag from /home/airflow/.local/lib/python3.12/site-packages/airflow/example_dags/example_branch_datetime_operator.py
[2025-04-02T19:08:09.030+0000] {processor.py:925} INFO - DAG(s) 'example_branch_datetime_operator_2', 'example_branch_datetime_operator_3', 'example_branch_datetime_operator' retrieved from /home/airflow/.local/lib/python3.12/site-packages/airflow/example_dags/example_branch_datetime_operator.py
[2025-04-02T19:08:09.237+0000] {logging_mixin.py:190} INFO - [2025-04-02T19:08:09.236+0000] {dag.py:3239} INFO - Sync 3 DAGs
[2025-04-02T19:08:09.404+0000] {logging_mixin.py:190} INFO - [2025-04-02T19:08:09.403+0000] {dag.py:4180} INFO - Setting next_dagrun for example_branch_datetime_operator to 2025-04-01 00:00:00+00:00, run_after=2025-04-02 00:00:00+00:00
[2025-04-02T19:08:09.455+0000] {logging_mixin.py:190} INFO - [2025-04-02T19:08:09.454+0000] {dag.py:4180} INFO - Setting next_dagrun for example_branch_datetime_operator_2 to 2025-04-01 00:00:00+00:00, run_after=2025-04-02 00:00:00+00:00
[2025-04-02T19:08:09.516+0000] {logging_mixin.py:190} INFO - [2025-04-02T19:08:09.515+0000] {dag.py:4180} INFO - Setting next_dagrun for example_branch_datetime_operator_3 to 2025-04-01 00:00:00+00:00, run_after=2025-04-02 00:00:00+00:00
[2025-04-02T19:08:09.709+0000] {processor.py:208} INFO - Processing /home/airflow/.local/lib/python3.12/site-packages/airflow/example_dags/example_branch_datetime_operator.py took 0.883 seconds
[2025-04-02T19:08:50.841+0000] {processor.py:186} INFO - Started process (PID=613) to work on /home/airflow/.local/lib/python3.12/site-packages/airflow/example_dags/example_branch_datetime_operator.py
[2025-04-02T19:08:50.861+0000] {processor.py:914} INFO - Processing file /home/airflow/.local/lib/python3.12/site-packages/airflow/example_dags/example_branch_datetime_operator.py for tasks to queue
[2025-04-02T19:08:50.901+0000] {logging_mixin.py:190} INFO - [2025-04-02T19:08:50.900+0000] {dagbag.py:588} INFO - Filling up the DagBag from /home/airflow/.local/lib/python3.12/site-packages/airflow/example_dags/example_branch_datetime_operator.py
[2025-04-02T19:08:51.005+0000] {processor.py:925} INFO - DAG(s) 'example_branch_datetime_operator_3', 'example_branch_datetime_operator_2', 'example_branch_datetime_operator' retrieved from /home/airflow/.local/lib/python3.12/site-packages/airflow/example_dags/example_branch_datetime_operator.py
[2025-04-02T19:08:51.441+0000] {logging_mixin.py:190} INFO - [2025-04-02T19:08:51.440+0000] {dag.py:3239} INFO - Sync 3 DAGs
[2025-04-02T19:08:51.814+0000] {logging_mixin.py:190} INFO - [2025-04-02T19:08:51.814+0000] {dag.py:4180} INFO - Setting next_dagrun for example_branch_datetime_operator to 2025-04-01 00:00:00+00:00, run_after=2025-04-02 00:00:00+00:00
[2025-04-02T19:08:51.917+0000] {logging_mixin.py:190} INFO - [2025-04-02T19:08:51.916+0000] {dag.py:4180} INFO - Setting next_dagrun for example_branch_datetime_operator_2 to 2025-04-01 00:00:00+00:00, run_after=2025-04-02 00:00:00+00:00
[2025-04-02T19:08:51.941+0000] {logging_mixin.py:190} INFO - [2025-04-02T19:08:51.936+0000] {dag.py:4180} INFO - Setting next_dagrun for example_branch_datetime_operator_3 to 2025-04-01 00:00:00+00:00, run_after=2025-04-02 00:00:00+00:00
[2025-04-02T19:08:52.173+0000] {processor.py:208} INFO - Processing /home/airflow/.local/lib/python3.12/site-packages/airflow/example_dags/example_branch_datetime_operator.py took 1.391 seconds
[2025-04-02T19:09:35.508+0000] {processor.py:186} INFO - Started process (PID=679) to work on /home/airflow/.local/lib/python3.12/site-packages/airflow/example_dags/example_branch_datetime_operator.py
[2025-04-02T19:09:35.570+0000] {processor.py:914} INFO - Processing file /home/airflow/.local/lib/python3.12/site-packages/airflow/example_dags/example_branch_datetime_operator.py for tasks to queue
[2025-04-02T19:09:35.622+0000] {logging_mixin.py:190} INFO - [2025-04-02T19:09:35.621+0000] {dagbag.py:588} INFO - Filling up the DagBag from /home/airflow/.local/lib/python3.12/site-packages/airflow/example_dags/example_branch_datetime_operator.py
[2025-04-02T19:09:35.829+0000] {processor.py:925} INFO - DAG(s) 'example_branch_datetime_operator_3', 'example_branch_datetime_operator_2', 'example_branch_datetime_operator' retrieved from /home/airflow/.local/lib/python3.12/site-packages/airflow/example_dags/example_branch_datetime_operator.py
[2025-04-02T19:09:36.075+0000] {logging_mixin.py:190} INFO - [2025-04-02T19:09:36.074+0000] {dag.py:3239} INFO - Sync 3 DAGs
[2025-04-02T19:09:36.613+0000] {logging_mixin.py:190} INFO - [2025-04-02T19:09:36.613+0000] {dag.py:4180} INFO - Setting next_dagrun for example_branch_datetime_operator to 2025-04-01 00:00:00+00:00, run_after=2025-04-02 00:00:00+00:00
[2025-04-02T19:09:36.710+0000] {logging_mixin.py:190} INFO - [2025-04-02T19:09:36.709+0000] {dag.py:4180} INFO - Setting next_dagrun for example_branch_datetime_operator_2 to 2025-04-01 00:00:00+00:00, run_after=2025-04-02 00:00:00+00:00
[2025-04-02T19:09:36.789+0000] {logging_mixin.py:190} INFO - [2025-04-02T19:09:36.789+0000] {dag.py:4180} INFO - Setting next_dagrun for example_branch_datetime_operator_3 to 2025-04-01 00:00:00+00:00, run_after=2025-04-02 00:00:00+00:00
[2025-04-02T19:09:37.431+0000] {processor.py:208} INFO - Processing /home/airflow/.local/lib/python3.12/site-packages/airflow/example_dags/example_branch_datetime_operator.py took 1.987 seconds
[2025-04-02T19:10:39.829+0000] {processor.py:186} INFO - Started process (PID=746) to work on /home/airflow/.local/lib/python3.12/site-packages/airflow/example_dags/example_branch_datetime_operator.py
[2025-04-02T19:10:39.836+0000] {processor.py:914} INFO - Processing file /home/airflow/.local/lib/python3.12/site-packages/airflow/example_dags/example_branch_datetime_operator.py for tasks to queue
[2025-04-02T19:10:39.844+0000] {logging_mixin.py:190} INFO - [2025-04-02T19:10:39.842+0000] {dagbag.py:588} INFO - Filling up the DagBag from /home/airflow/.local/lib/python3.12/site-packages/airflow/example_dags/example_branch_datetime_operator.py
[2025-04-02T19:10:39.894+0000] {processor.py:925} INFO - DAG(s) 'example_branch_datetime_operator', 'example_branch_datetime_operator_2', 'example_branch_datetime_operator_3' retrieved from /home/airflow/.local/lib/python3.12/site-packages/airflow/example_dags/example_branch_datetime_operator.py
[2025-04-02T19:10:40.075+0000] {logging_mixin.py:190} INFO - [2025-04-02T19:10:40.074+0000] {dag.py:3239} INFO - Sync 3 DAGs
[2025-04-02T19:10:40.173+0000] {logging_mixin.py:190} INFO - [2025-04-02T19:10:40.172+0000] {dag.py:4180} INFO - Setting next_dagrun for example_branch_datetime_operator to 2025-04-01 00:00:00+00:00, run_after=2025-04-02 00:00:00+00:00
[2025-04-02T19:10:40.202+0000] {logging_mixin.py:190} INFO - [2025-04-02T19:10:40.201+0000] {dag.py:4180} INFO - Setting next_dagrun for example_branch_datetime_operator_2 to 2025-04-01 00:00:00+00:00, run_after=2025-04-02 00:00:00+00:00
[2025-04-02T19:10:40.222+0000] {logging_mixin.py:190} INFO - [2025-04-02T19:10:40.221+0000] {dag.py:4180} INFO - Setting next_dagrun for example_branch_datetime_operator_3 to 2025-04-01 00:00:00+00:00, run_after=2025-04-02 00:00:00+00:00
[2025-04-02T19:10:40.354+0000] {processor.py:208} INFO - Processing /home/airflow/.local/lib/python3.12/site-packages/airflow/example_dags/example_branch_datetime_operator.py took 0.547 seconds
[2025-04-02T19:11:15.781+0000] {processor.py:186} INFO - Started process (PID=801) to work on /home/airflow/.local/lib/python3.12/site-packages/airflow/example_dags/example_branch_datetime_operator.py
[2025-04-02T19:11:15.788+0000] {processor.py:914} INFO - Processing file /home/airflow/.local/lib/python3.12/site-packages/airflow/example_dags/example_branch_datetime_operator.py for tasks to queue
[2025-04-02T19:11:15.794+0000] {logging_mixin.py:190} INFO - [2025-04-02T19:11:15.794+0000] {dagbag.py:588} INFO - Filling up the DagBag from /home/airflow/.local/lib/python3.12/site-packages/airflow/example_dags/example_branch_datetime_operator.py
[2025-04-02T19:11:15.867+0000] {processor.py:925} INFO - DAG(s) 'example_branch_datetime_operator_2', 'example_branch_datetime_operator_3', 'example_branch_datetime_operator' retrieved from /home/airflow/.local/lib/python3.12/site-packages/airflow/example_dags/example_branch_datetime_operator.py
[2025-04-02T19:11:16.033+0000] {logging_mixin.py:190} INFO - [2025-04-02T19:11:16.032+0000] {dag.py:3239} INFO - Sync 3 DAGs
[2025-04-02T19:11:16.264+0000] {logging_mixin.py:190} INFO - [2025-04-02T19:11:16.258+0000] {dag.py:4180} INFO - Setting next_dagrun for example_branch_datetime_operator to 2025-04-01 00:00:00+00:00, run_after=2025-04-02 00:00:00+00:00
[2025-04-02T19:11:16.287+0000] {logging_mixin.py:190} INFO - [2025-04-02T19:11:16.287+0000] {dag.py:4180} INFO - Setting next_dagrun for example_branch_datetime_operator_2 to 2025-04-01 00:00:00+00:00, run_after=2025-04-02 00:00:00+00:00
[2025-04-02T19:11:16.297+0000] {logging_mixin.py:190} INFO - [2025-04-02T19:11:16.296+0000] {dag.py:4180} INFO - Setting next_dagrun for example_branch_datetime_operator_3 to 2025-04-01 00:00:00+00:00, run_after=2025-04-02 00:00:00+00:00
[2025-04-02T19:11:16.399+0000] {processor.py:208} INFO - Processing /home/airflow/.local/lib/python3.12/site-packages/airflow/example_dags/example_branch_datetime_operator.py took 0.644 seconds
[2025-04-02T19:11:47.065+0000] {processor.py:186} INFO - Started process (PID=863) to work on /home/airflow/.local/lib/python3.12/site-packages/airflow/example_dags/example_branch_datetime_operator.py
[2025-04-02T19:11:47.068+0000] {processor.py:914} INFO - Processing file /home/airflow/.local/lib/python3.12/site-packages/airflow/example_dags/example_branch_datetime_operator.py for tasks to queue
[2025-04-02T19:11:47.081+0000] {logging_mixin.py:190} INFO - [2025-04-02T19:11:47.077+0000] {dagbag.py:588} INFO - Filling up the DagBag from /home/airflow/.local/lib/python3.12/site-packages/airflow/example_dags/example_branch_datetime_operator.py
[2025-04-02T19:11:47.143+0000] {processor.py:925} INFO - DAG(s) 'example_branch_datetime_operator', 'example_branch_datetime_operator_2', 'example_branch_datetime_operator_3' retrieved from /home/airflow/.local/lib/python3.12/site-packages/airflow/example_dags/example_branch_datetime_operator.py
[2025-04-02T19:11:47.251+0000] {logging_mixin.py:190} INFO - [2025-04-02T19:11:47.250+0000] {dag.py:3239} INFO - Sync 3 DAGs
[2025-04-02T19:11:47.355+0000] {logging_mixin.py:190} INFO - [2025-04-02T19:11:47.354+0000] {dag.py:4180} INFO - Setting next_dagrun for example_branch_datetime_operator to 2025-04-01 00:00:00+00:00, run_after=2025-04-02 00:00:00+00:00
[2025-04-02T19:11:47.380+0000] {logging_mixin.py:190} INFO - [2025-04-02T19:11:47.379+0000] {dag.py:4180} INFO - Setting next_dagrun for example_branch_datetime_operator_2 to 2025-04-01 00:00:00+00:00, run_after=2025-04-02 00:00:00+00:00
[2025-04-02T19:11:47.395+0000] {logging_mixin.py:190} INFO - [2025-04-02T19:11:47.395+0000] {dag.py:4180} INFO - Setting next_dagrun for example_branch_datetime_operator_3 to 2025-04-01 00:00:00+00:00, run_after=2025-04-02 00:00:00+00:00
[2025-04-02T19:11:47.466+0000] {processor.py:208} INFO - Processing /home/airflow/.local/lib/python3.12/site-packages/airflow/example_dags/example_branch_datetime_operator.py took 0.430 seconds
[2025-04-02T19:12:19.212+0000] {processor.py:186} INFO - Started process (PID=925) to work on /home/airflow/.local/lib/python3.12/site-packages/airflow/example_dags/example_branch_datetime_operator.py
[2025-04-02T19:12:19.219+0000] {processor.py:914} INFO - Processing file /home/airflow/.local/lib/python3.12/site-packages/airflow/example_dags/example_branch_datetime_operator.py for tasks to queue
[2025-04-02T19:12:19.225+0000] {logging_mixin.py:190} INFO - [2025-04-02T19:12:19.224+0000] {dagbag.py:588} INFO - Filling up the DagBag from /home/airflow/.local/lib/python3.12/site-packages/airflow/example_dags/example_branch_datetime_operator.py
[2025-04-02T19:12:19.289+0000] {processor.py:925} INFO - DAG(s) 'example_branch_datetime_operator', 'example_branch_datetime_operator_2', 'example_branch_datetime_operator_3' retrieved from /home/airflow/.local/lib/python3.12/site-packages/airflow/example_dags/example_branch_datetime_operator.py
[2025-04-02T19:12:19.436+0000] {logging_mixin.py:190} INFO - [2025-04-02T19:12:19.436+0000] {dag.py:3239} INFO - Sync 3 DAGs
[2025-04-02T19:12:19.545+0000] {logging_mixin.py:190} INFO - [2025-04-02T19:12:19.544+0000] {dag.py:4180} INFO - Setting next_dagrun for example_branch_datetime_operator to 2025-04-01 00:00:00+00:00, run_after=2025-04-02 00:00:00+00:00
[2025-04-02T19:12:19.598+0000] {logging_mixin.py:190} INFO - [2025-04-02T19:12:19.597+0000] {dag.py:4180} INFO - Setting next_dagrun for example_branch_datetime_operator_2 to 2025-04-01 00:00:00+00:00, run_after=2025-04-02 00:00:00+00:00
[2025-04-02T19:12:19.616+0000] {logging_mixin.py:190} INFO - [2025-04-02T19:12:19.615+0000] {dag.py:4180} INFO - Setting next_dagrun for example_branch_datetime_operator_3 to 2025-04-01 00:00:00+00:00, run_after=2025-04-02 00:00:00+00:00
[2025-04-02T19:12:19.704+0000] {processor.py:208} INFO - Processing /home/airflow/.local/lib/python3.12/site-packages/airflow/example_dags/example_branch_datetime_operator.py took 0.519 seconds
[2025-04-02T19:12:53.758+0000] {processor.py:186} INFO - Started process (PID=975) to work on /home/airflow/.local/lib/python3.12/site-packages/airflow/example_dags/example_branch_datetime_operator.py
[2025-04-02T19:12:53.774+0000] {processor.py:914} INFO - Processing file /home/airflow/.local/lib/python3.12/site-packages/airflow/example_dags/example_branch_datetime_operator.py for tasks to queue
[2025-04-02T19:12:53.807+0000] {logging_mixin.py:190} INFO - [2025-04-02T19:12:53.806+0000] {dagbag.py:588} INFO - Filling up the DagBag from /home/airflow/.local/lib/python3.12/site-packages/airflow/example_dags/example_branch_datetime_operator.py
[2025-04-02T19:12:53.930+0000] {processor.py:925} INFO - DAG(s) 'example_branch_datetime_operator_3', 'example_branch_datetime_operator_2', 'example_branch_datetime_operator' retrieved from /home/airflow/.local/lib/python3.12/site-packages/airflow/example_dags/example_branch_datetime_operator.py
[2025-04-02T19:12:54.098+0000] {logging_mixin.py:190} INFO - [2025-04-02T19:12:54.097+0000] {dag.py:3239} INFO - Sync 3 DAGs
[2025-04-02T19:12:54.206+0000] {logging_mixin.py:190} INFO - [2025-04-02T19:12:54.206+0000] {dag.py:4180} INFO - Setting next_dagrun for example_branch_datetime_operator to 2025-04-01 00:00:00+00:00, run_after=2025-04-02 00:00:00+00:00
[2025-04-02T19:12:54.222+0000] {logging_mixin.py:190} INFO - [2025-04-02T19:12:54.221+0000] {dag.py:4180} INFO - Setting next_dagrun for example_branch_datetime_operator_2 to 2025-04-01 00:00:00+00:00, run_after=2025-04-02 00:00:00+00:00
[2025-04-02T19:12:54.228+0000] {logging_mixin.py:190} INFO - [2025-04-02T19:12:54.228+0000] {dag.py:4180} INFO - Setting next_dagrun for example_branch_datetime_operator_3 to 2025-04-01 00:00:00+00:00, run_after=2025-04-02 00:00:00+00:00
[2025-04-02T19:12:54.271+0000] {processor.py:208} INFO - Processing /home/airflow/.local/lib/python3.12/site-packages/airflow/example_dags/example_branch_datetime_operator.py took 0.542 seconds
[2025-04-02T19:13:42.899+0000] {processor.py:186} INFO - Started process (PID=1051) to work on /home/airflow/.local/lib/python3.12/site-packages/airflow/example_dags/example_branch_datetime_operator.py
[2025-04-02T19:13:42.901+0000] {processor.py:914} INFO - Processing file /home/airflow/.local/lib/python3.12/site-packages/airflow/example_dags/example_branch_datetime_operator.py for tasks to queue
[2025-04-02T19:13:42.915+0000] {logging_mixin.py:190} INFO - [2025-04-02T19:13:42.914+0000] {dagbag.py:588} INFO - Filling up the DagBag from /home/airflow/.local/lib/python3.12/site-packages/airflow/example_dags/example_branch_datetime_operator.py
[2025-04-02T19:13:42.980+0000] {processor.py:925} INFO - DAG(s) 'example_branch_datetime_operator', 'example_branch_datetime_operator_2', 'example_branch_datetime_operator_3' retrieved from /home/airflow/.local/lib/python3.12/site-packages/airflow/example_dags/example_branch_datetime_operator.py
[2025-04-02T19:13:43.100+0000] {logging_mixin.py:190} INFO - [2025-04-02T19:13:43.099+0000] {dag.py:3239} INFO - Sync 3 DAGs
[2025-04-02T19:13:43.186+0000] {logging_mixin.py:190} INFO - [2025-04-02T19:13:43.186+0000] {dag.py:4180} INFO - Setting next_dagrun for example_branch_datetime_operator to 2025-04-01 00:00:00+00:00, run_after=2025-04-02 00:00:00+00:00
[2025-04-02T19:13:43.210+0000] {logging_mixin.py:190} INFO - [2025-04-02T19:13:43.208+0000] {dag.py:4180} INFO - Setting next_dagrun for example_branch_datetime_operator_2 to 2025-04-01 00:00:00+00:00, run_after=2025-04-02 00:00:00+00:00
[2025-04-02T19:13:43.225+0000] {logging_mixin.py:190} INFO - [2025-04-02T19:13:43.224+0000] {dag.py:4180} INFO - Setting next_dagrun for example_branch_datetime_operator_3 to 2025-04-01 00:00:00+00:00, run_after=2025-04-02 00:00:00+00:00
[2025-04-02T19:13:43.308+0000] {processor.py:208} INFO - Processing /home/airflow/.local/lib/python3.12/site-packages/airflow/example_dags/example_branch_datetime_operator.py took 0.424 seconds
[2025-04-02T19:14:22.044+0000] {processor.py:186} INFO - Started process (PID=1114) to work on /home/airflow/.local/lib/python3.12/site-packages/airflow/example_dags/example_branch_datetime_operator.py
[2025-04-02T19:14:22.073+0000] {processor.py:914} INFO - Processing file /home/airflow/.local/lib/python3.12/site-packages/airflow/example_dags/example_branch_datetime_operator.py for tasks to queue
[2025-04-02T19:14:22.109+0000] {logging_mixin.py:190} INFO - [2025-04-02T19:14:22.107+0000] {dagbag.py:588} INFO - Filling up the DagBag from /home/airflow/.local/lib/python3.12/site-packages/airflow/example_dags/example_branch_datetime_operator.py
[2025-04-02T19:14:22.308+0000] {processor.py:925} INFO - DAG(s) 'example_branch_datetime_operator_3', 'example_branch_datetime_operator_2', 'example_branch_datetime_operator' retrieved from /home/airflow/.local/lib/python3.12/site-packages/airflow/example_dags/example_branch_datetime_operator.py
[2025-04-02T19:14:22.619+0000] {logging_mixin.py:190} INFO - [2025-04-02T19:14:22.618+0000] {dag.py:3239} INFO - Sync 3 DAGs
[2025-04-02T19:14:23.001+0000] {logging_mixin.py:190} INFO - [2025-04-02T19:14:23.000+0000] {dag.py:4180} INFO - Setting next_dagrun for example_branch_datetime_operator to 2025-04-01 00:00:00+00:00, run_after=2025-04-02 00:00:00+00:00
[2025-04-02T19:14:23.096+0000] {logging_mixin.py:190} INFO - [2025-04-02T19:14:23.094+0000] {dag.py:4180} INFO - Setting next_dagrun for example_branch_datetime_operator_2 to 2025-04-01 00:00:00+00:00, run_after=2025-04-02 00:00:00+00:00
[2025-04-02T19:14:23.116+0000] {logging_mixin.py:190} INFO - [2025-04-02T19:14:23.116+0000] {dag.py:4180} INFO - Setting next_dagrun for example_branch_datetime_operator_3 to 2025-04-01 00:00:00+00:00, run_after=2025-04-02 00:00:00+00:00
[2025-04-02T19:14:23.337+0000] {processor.py:208} INFO - Processing /home/airflow/.local/lib/python3.12/site-packages/airflow/example_dags/example_branch_datetime_operator.py took 1.448 seconds
[2025-04-02T19:15:07.707+0000] {processor.py:186} INFO - Started process (PID=1173) to work on /home/airflow/.local/lib/python3.12/site-packages/airflow/example_dags/example_branch_datetime_operator.py
[2025-04-02T19:15:07.711+0000] {processor.py:914} INFO - Processing file /home/airflow/.local/lib/python3.12/site-packages/airflow/example_dags/example_branch_datetime_operator.py for tasks to queue
[2025-04-02T19:15:07.726+0000] {logging_mixin.py:190} INFO - [2025-04-02T19:15:07.725+0000] {dagbag.py:588} INFO - Filling up the DagBag from /home/airflow/.local/lib/python3.12/site-packages/airflow/example_dags/example_branch_datetime_operator.py
[2025-04-02T19:15:07.797+0000] {processor.py:925} INFO - DAG(s) 'example_branch_datetime_operator', 'example_branch_datetime_operator_3', 'example_branch_datetime_operator_2' retrieved from /home/airflow/.local/lib/python3.12/site-packages/airflow/example_dags/example_branch_datetime_operator.py
[2025-04-02T19:15:07.979+0000] {logging_mixin.py:190} INFO - [2025-04-02T19:15:07.979+0000] {dag.py:3239} INFO - Sync 3 DAGs
[2025-04-02T19:15:08.139+0000] {logging_mixin.py:190} INFO - [2025-04-02T19:15:08.139+0000] {dag.py:4180} INFO - Setting next_dagrun for example_branch_datetime_operator to 2025-04-01 00:00:00+00:00, run_after=2025-04-02 00:00:00+00:00
[2025-04-02T19:15:08.241+0000] {logging_mixin.py:190} INFO - [2025-04-02T19:15:08.241+0000] {dag.py:4180} INFO - Setting next_dagrun for example_branch_datetime_operator_2 to 2025-04-01 00:00:00+00:00, run_after=2025-04-02 00:00:00+00:00
[2025-04-02T19:15:08.272+0000] {logging_mixin.py:190} INFO - [2025-04-02T19:15:08.272+0000] {dag.py:4180} INFO - Setting next_dagrun for example_branch_datetime_operator_3 to 2025-04-01 00:00:00+00:00, run_after=2025-04-02 00:00:00+00:00
[2025-04-02T19:15:08.464+0000] {processor.py:208} INFO - Processing /home/airflow/.local/lib/python3.12/site-packages/airflow/example_dags/example_branch_datetime_operator.py took 0.787 seconds
[2025-04-02T19:15:53.212+0000] {processor.py:186} INFO - Started process (PID=1235) to work on /home/airflow/.local/lib/python3.12/site-packages/airflow/example_dags/example_branch_datetime_operator.py
[2025-04-02T19:15:53.222+0000] {processor.py:914} INFO - Processing file /home/airflow/.local/lib/python3.12/site-packages/airflow/example_dags/example_branch_datetime_operator.py for tasks to queue
[2025-04-02T19:15:53.239+0000] {logging_mixin.py:190} INFO - [2025-04-02T19:15:53.238+0000] {dagbag.py:588} INFO - Filling up the DagBag from /home/airflow/.local/lib/python3.12/site-packages/airflow/example_dags/example_branch_datetime_operator.py
[2025-04-02T19:15:53.403+0000] {processor.py:925} INFO - DAG(s) 'example_branch_datetime_operator_3', 'example_branch_datetime_operator_2', 'example_branch_datetime_operator' retrieved from /home/airflow/.local/lib/python3.12/site-packages/airflow/example_dags/example_branch_datetime_operator.py
[2025-04-02T19:15:53.730+0000] {logging_mixin.py:190} INFO - [2025-04-02T19:15:53.728+0000] {dag.py:3239} INFO - Sync 3 DAGs
[2025-04-02T19:15:54.225+0000] {logging_mixin.py:190} INFO - [2025-04-02T19:15:54.214+0000] {dag.py:4180} INFO - Setting next_dagrun for example_branch_datetime_operator to 2025-04-01 00:00:00+00:00, run_after=2025-04-02 00:00:00+00:00
[2025-04-02T19:15:54.358+0000] {logging_mixin.py:190} INFO - [2025-04-02T19:15:54.357+0000] {dag.py:4180} INFO - Setting next_dagrun for example_branch_datetime_operator_2 to 2025-04-01 00:00:00+00:00, run_after=2025-04-02 00:00:00+00:00
[2025-04-02T19:15:54.378+0000] {logging_mixin.py:190} INFO - [2025-04-02T19:15:54.378+0000] {dag.py:4180} INFO - Setting next_dagrun for example_branch_datetime_operator_3 to 2025-04-01 00:00:00+00:00, run_after=2025-04-02 00:00:00+00:00
[2025-04-02T19:15:54.504+0000] {processor.py:208} INFO - Processing /home/airflow/.local/lib/python3.12/site-packages/airflow/example_dags/example_branch_datetime_operator.py took 1.316 seconds
[2025-04-02T19:16:25.106+0000] {processor.py:186} INFO - Started process (PID=1297) to work on /home/airflow/.local/lib/python3.12/site-packages/airflow/example_dags/example_branch_datetime_operator.py
[2025-04-02T19:16:25.125+0000] {processor.py:914} INFO - Processing file /home/airflow/.local/lib/python3.12/site-packages/airflow/example_dags/example_branch_datetime_operator.py for tasks to queue
[2025-04-02T19:16:25.129+0000] {logging_mixin.py:190} INFO - [2025-04-02T19:16:25.129+0000] {dagbag.py:588} INFO - Filling up the DagBag from /home/airflow/.local/lib/python3.12/site-packages/airflow/example_dags/example_branch_datetime_operator.py
[2025-04-02T19:16:25.212+0000] {processor.py:925} INFO - DAG(s) 'example_branch_datetime_operator_3', 'example_branch_datetime_operator', 'example_branch_datetime_operator_2' retrieved from /home/airflow/.local/lib/python3.12/site-packages/airflow/example_dags/example_branch_datetime_operator.py
[2025-04-02T19:16:25.412+0000] {logging_mixin.py:190} INFO - [2025-04-02T19:16:25.411+0000] {dag.py:3239} INFO - Sync 3 DAGs
[2025-04-02T19:16:25.592+0000] {logging_mixin.py:190} INFO - [2025-04-02T19:16:25.590+0000] {dag.py:4180} INFO - Setting next_dagrun for example_branch_datetime_operator to 2025-04-01 00:00:00+00:00, run_after=2025-04-02 00:00:00+00:00
[2025-04-02T19:16:25.614+0000] {logging_mixin.py:190} INFO - [2025-04-02T19:16:25.614+0000] {dag.py:4180} INFO - Setting next_dagrun for example_branch_datetime_operator_2 to 2025-04-01 00:00:00+00:00, run_after=2025-04-02 00:00:00+00:00
[2025-04-02T19:16:25.631+0000] {logging_mixin.py:190} INFO - [2025-04-02T19:16:25.631+0000] {dag.py:4180} INFO - Setting next_dagrun for example_branch_datetime_operator_3 to 2025-04-01 00:00:00+00:00, run_after=2025-04-02 00:00:00+00:00
[2025-04-02T19:16:25.747+0000] {processor.py:208} INFO - Processing /home/airflow/.local/lib/python3.12/site-packages/airflow/example_dags/example_branch_datetime_operator.py took 0.666 seconds
[2025-04-02T19:17:10.300+0000] {processor.py:186} INFO - Started process (PID=1367) to work on /home/airflow/.local/lib/python3.12/site-packages/airflow/example_dags/example_branch_datetime_operator.py
[2025-04-02T19:17:10.302+0000] {processor.py:914} INFO - Processing file /home/airflow/.local/lib/python3.12/site-packages/airflow/example_dags/example_branch_datetime_operator.py for tasks to queue
[2025-04-02T19:17:10.307+0000] {logging_mixin.py:190} INFO - [2025-04-02T19:17:10.306+0000] {dagbag.py:588} INFO - Filling up the DagBag from /home/airflow/.local/lib/python3.12/site-packages/airflow/example_dags/example_branch_datetime_operator.py
[2025-04-02T19:17:10.395+0000] {processor.py:925} INFO - DAG(s) 'example_branch_datetime_operator_3', 'example_branch_datetime_operator', 'example_branch_datetime_operator_2' retrieved from /home/airflow/.local/lib/python3.12/site-packages/airflow/example_dags/example_branch_datetime_operator.py
[2025-04-02T19:17:10.499+0000] {logging_mixin.py:190} INFO - [2025-04-02T19:17:10.498+0000] {dag.py:3239} INFO - Sync 3 DAGs
[2025-04-02T19:17:10.572+0000] {logging_mixin.py:190} INFO - [2025-04-02T19:17:10.571+0000] {dag.py:4180} INFO - Setting next_dagrun for example_branch_datetime_operator to 2025-04-01 00:00:00+00:00, run_after=2025-04-02 00:00:00+00:00
[2025-04-02T19:17:10.607+0000] {logging_mixin.py:190} INFO - [2025-04-02T19:17:10.607+0000] {dag.py:4180} INFO - Setting next_dagrun for example_branch_datetime_operator_2 to 2025-04-01 00:00:00+00:00, run_after=2025-04-02 00:00:00+00:00
[2025-04-02T19:17:10.624+0000] {logging_mixin.py:190} INFO - [2025-04-02T19:17:10.624+0000] {dag.py:4180} INFO - Setting next_dagrun for example_branch_datetime_operator_3 to 2025-04-01 00:00:00+00:00, run_after=2025-04-02 00:00:00+00:00
[2025-04-02T19:17:10.747+0000] {processor.py:208} INFO - Processing /home/airflow/.local/lib/python3.12/site-packages/airflow/example_dags/example_branch_datetime_operator.py took 0.466 seconds
[2025-04-02T19:17:41.068+0000] {processor.py:186} INFO - Started process (PID=1429) to work on /home/airflow/.local/lib/python3.12/site-packages/airflow/example_dags/example_branch_datetime_operator.py
[2025-04-02T19:17:41.070+0000] {processor.py:914} INFO - Processing file /home/airflow/.local/lib/python3.12/site-packages/airflow/example_dags/example_branch_datetime_operator.py for tasks to queue
[2025-04-02T19:17:41.077+0000] {logging_mixin.py:190} INFO - [2025-04-02T19:17:41.076+0000] {dagbag.py:588} INFO - Filling up the DagBag from /home/airflow/.local/lib/python3.12/site-packages/airflow/example_dags/example_branch_datetime_operator.py
[2025-04-02T19:17:41.101+0000] {processor.py:925} INFO - DAG(s) 'example_branch_datetime_operator', 'example_branch_datetime_operator_2', 'example_branch_datetime_operator_3' retrieved from /home/airflow/.local/lib/python3.12/site-packages/airflow/example_dags/example_branch_datetime_operator.py
[2025-04-02T19:17:41.180+0000] {logging_mixin.py:190} INFO - [2025-04-02T19:17:41.180+0000] {dag.py:3239} INFO - Sync 3 DAGs
[2025-04-02T19:17:41.275+0000] {logging_mixin.py:190} INFO - [2025-04-02T19:17:41.272+0000] {dag.py:4180} INFO - Setting next_dagrun for example_branch_datetime_operator to 2025-04-01 00:00:00+00:00, run_after=2025-04-02 00:00:00+00:00
[2025-04-02T19:17:41.295+0000] {logging_mixin.py:190} INFO - [2025-04-02T19:17:41.294+0000] {dag.py:4180} INFO - Setting next_dagrun for example_branch_datetime_operator_2 to 2025-04-01 00:00:00+00:00, run_after=2025-04-02 00:00:00+00:00
[2025-04-02T19:17:41.303+0000] {logging_mixin.py:190} INFO - [2025-04-02T19:17:41.302+0000] {dag.py:4180} INFO - Setting next_dagrun for example_branch_datetime_operator_3 to 2025-04-01 00:00:00+00:00, run_after=2025-04-02 00:00:00+00:00
[2025-04-02T19:17:41.348+0000] {processor.py:208} INFO - Processing /home/airflow/.local/lib/python3.12/site-packages/airflow/example_dags/example_branch_datetime_operator.py took 0.301 seconds
[2025-04-02T19:18:14.918+0000] {processor.py:186} INFO - Started process (PID=1492) to work on /home/airflow/.local/lib/python3.12/site-packages/airflow/example_dags/example_branch_datetime_operator.py
[2025-04-02T19:18:14.929+0000] {processor.py:914} INFO - Processing file /home/airflow/.local/lib/python3.12/site-packages/airflow/example_dags/example_branch_datetime_operator.py for tasks to queue
[2025-04-02T19:18:14.937+0000] {logging_mixin.py:190} INFO - [2025-04-02T19:18:14.936+0000] {dagbag.py:588} INFO - Filling up the DagBag from /home/airflow/.local/lib/python3.12/site-packages/airflow/example_dags/example_branch_datetime_operator.py
[2025-04-02T19:18:15.004+0000] {processor.py:925} INFO - DAG(s) 'example_branch_datetime_operator', 'example_branch_datetime_operator_2', 'example_branch_datetime_operator_3' retrieved from /home/airflow/.local/lib/python3.12/site-packages/airflow/example_dags/example_branch_datetime_operator.py
[2025-04-02T19:18:15.117+0000] {logging_mixin.py:190} INFO - [2025-04-02T19:18:15.116+0000] {dag.py:3239} INFO - Sync 3 DAGs
[2025-04-02T19:18:15.222+0000] {logging_mixin.py:190} INFO - [2025-04-02T19:18:15.222+0000] {dag.py:4180} INFO - Setting next_dagrun for example_branch_datetime_operator to 2025-04-01 00:00:00+00:00, run_after=2025-04-02 00:00:00+00:00
[2025-04-02T19:18:15.244+0000] {logging_mixin.py:190} INFO - [2025-04-02T19:18:15.243+0000] {dag.py:4180} INFO - Setting next_dagrun for example_branch_datetime_operator_2 to 2025-04-01 00:00:00+00:00, run_after=2025-04-02 00:00:00+00:00
[2025-04-02T19:18:15.252+0000] {logging_mixin.py:190} INFO - [2025-04-02T19:18:15.252+0000] {dag.py:4180} INFO - Setting next_dagrun for example_branch_datetime_operator_3 to 2025-04-01 00:00:00+00:00, run_after=2025-04-02 00:00:00+00:00
[2025-04-02T19:18:15.306+0000] {processor.py:208} INFO - Processing /home/airflow/.local/lib/python3.12/site-packages/airflow/example_dags/example_branch_datetime_operator.py took 0.417 seconds
[2025-04-02T19:18:51.531+0000] {processor.py:186} INFO - Started process (PID=1549) to work on /home/airflow/.local/lib/python3.12/site-packages/airflow/example_dags/example_branch_datetime_operator.py
[2025-04-02T19:18:51.536+0000] {processor.py:914} INFO - Processing file /home/airflow/.local/lib/python3.12/site-packages/airflow/example_dags/example_branch_datetime_operator.py for tasks to queue
[2025-04-02T19:18:51.547+0000] {logging_mixin.py:190} INFO - [2025-04-02T19:18:51.546+0000] {dagbag.py:588} INFO - Filling up the DagBag from /home/airflow/.local/lib/python3.12/site-packages/airflow/example_dags/example_branch_datetime_operator.py
[2025-04-02T19:18:51.591+0000] {processor.py:925} INFO - DAG(s) 'example_branch_datetime_operator_2', 'example_branch_datetime_operator_3', 'example_branch_datetime_operator' retrieved from /home/airflow/.local/lib/python3.12/site-packages/airflow/example_dags/example_branch_datetime_operator.py
[2025-04-02T19:18:51.719+0000] {logging_mixin.py:190} INFO - [2025-04-02T19:18:51.718+0000] {dag.py:3239} INFO - Sync 3 DAGs
[2025-04-02T19:18:51.856+0000] {logging_mixin.py:190} INFO - [2025-04-02T19:18:51.856+0000] {dag.py:4180} INFO - Setting next_dagrun for example_branch_datetime_operator to 2025-04-01 00:00:00+00:00, run_after=2025-04-02 00:00:00+00:00
[2025-04-02T19:18:51.869+0000] {logging_mixin.py:190} INFO - [2025-04-02T19:18:51.869+0000] {dag.py:4180} INFO - Setting next_dagrun for example_branch_datetime_operator_2 to 2025-04-01 00:00:00+00:00, run_after=2025-04-02 00:00:00+00:00
[2025-04-02T19:18:51.888+0000] {logging_mixin.py:190} INFO - [2025-04-02T19:18:51.888+0000] {dag.py:4180} INFO - Setting next_dagrun for example_branch_datetime_operator_3 to 2025-04-01 00:00:00+00:00, run_after=2025-04-02 00:00:00+00:00
[2025-04-02T19:18:52.033+0000] {processor.py:208} INFO - Processing /home/airflow/.local/lib/python3.12/site-packages/airflow/example_dags/example_branch_datetime_operator.py took 0.544 seconds
[2025-04-02T19:19:22.848+0000] {processor.py:186} INFO - Started process (PID=1611) to work on /home/airflow/.local/lib/python3.12/site-packages/airflow/example_dags/example_branch_datetime_operator.py
[2025-04-02T19:19:22.862+0000] {processor.py:914} INFO - Processing file /home/airflow/.local/lib/python3.12/site-packages/airflow/example_dags/example_branch_datetime_operator.py for tasks to queue
[2025-04-02T19:19:22.885+0000] {logging_mixin.py:190} INFO - [2025-04-02T19:19:22.884+0000] {dagbag.py:588} INFO - Filling up the DagBag from /home/airflow/.local/lib/python3.12/site-packages/airflow/example_dags/example_branch_datetime_operator.py
[2025-04-02T19:19:22.985+0000] {processor.py:925} INFO - DAG(s) 'example_branch_datetime_operator', 'example_branch_datetime_operator_2', 'example_branch_datetime_operator_3' retrieved from /home/airflow/.local/lib/python3.12/site-packages/airflow/example_dags/example_branch_datetime_operator.py
[2025-04-02T19:19:23.144+0000] {logging_mixin.py:190} INFO - [2025-04-02T19:19:23.144+0000] {dag.py:3239} INFO - Sync 3 DAGs
[2025-04-02T19:19:23.291+0000] {logging_mixin.py:190} INFO - [2025-04-02T19:19:23.287+0000] {dag.py:4180} INFO - Setting next_dagrun for example_branch_datetime_operator to 2025-04-01 00:00:00+00:00, run_after=2025-04-02 00:00:00+00:00
[2025-04-02T19:19:23.319+0000] {logging_mixin.py:190} INFO - [2025-04-02T19:19:23.319+0000] {dag.py:4180} INFO - Setting next_dagrun for example_branch_datetime_operator_2 to 2025-04-01 00:00:00+00:00, run_after=2025-04-02 00:00:00+00:00
[2025-04-02T19:19:23.338+0000] {logging_mixin.py:190} INFO - [2025-04-02T19:19:23.337+0000] {dag.py:4180} INFO - Setting next_dagrun for example_branch_datetime_operator_3 to 2025-04-01 00:00:00+00:00, run_after=2025-04-02 00:00:00+00:00
[2025-04-02T19:19:23.473+0000] {processor.py:208} INFO - Processing /home/airflow/.local/lib/python3.12/site-packages/airflow/example_dags/example_branch_datetime_operator.py took 0.702 seconds
[2025-04-02T19:20:22.596+0000] {processor.py:186} INFO - Started process (PID=1678) to work on /home/airflow/.local/lib/python3.12/site-packages/airflow/example_dags/example_branch_datetime_operator.py
[2025-04-02T19:20:22.598+0000] {processor.py:914} INFO - Processing file /home/airflow/.local/lib/python3.12/site-packages/airflow/example_dags/example_branch_datetime_operator.py for tasks to queue
[2025-04-02T19:20:22.604+0000] {logging_mixin.py:190} INFO - [2025-04-02T19:20:22.603+0000] {dagbag.py:588} INFO - Filling up the DagBag from /home/airflow/.local/lib/python3.12/site-packages/airflow/example_dags/example_branch_datetime_operator.py
[2025-04-02T19:20:22.637+0000] {processor.py:925} INFO - DAG(s) 'example_branch_datetime_operator_2', 'example_branch_datetime_operator', 'example_branch_datetime_operator_3' retrieved from /home/airflow/.local/lib/python3.12/site-packages/airflow/example_dags/example_branch_datetime_operator.py
[2025-04-02T19:20:22.760+0000] {logging_mixin.py:190} INFO - [2025-04-02T19:20:22.759+0000] {dag.py:3239} INFO - Sync 3 DAGs
[2025-04-02T19:20:22.846+0000] {logging_mixin.py:190} INFO - [2025-04-02T19:20:22.846+0000] {dag.py:4180} INFO - Setting next_dagrun for example_branch_datetime_operator to 2025-04-01 00:00:00+00:00, run_after=2025-04-02 00:00:00+00:00
[2025-04-02T19:20:22.862+0000] {logging_mixin.py:190} INFO - [2025-04-02T19:20:22.862+0000] {dag.py:4180} INFO - Setting next_dagrun for example_branch_datetime_operator_2 to 2025-04-01 00:00:00+00:00, run_after=2025-04-02 00:00:00+00:00
[2025-04-02T19:20:22.871+0000] {logging_mixin.py:190} INFO - [2025-04-02T19:20:22.870+0000] {dag.py:4180} INFO - Setting next_dagrun for example_branch_datetime_operator_3 to 2025-04-01 00:00:00+00:00, run_after=2025-04-02 00:00:00+00:00
[2025-04-02T19:20:22.942+0000] {processor.py:208} INFO - Processing /home/airflow/.local/lib/python3.12/site-packages/airflow/example_dags/example_branch_datetime_operator.py took 0.361 seconds
[2025-04-02T19:20:55.859+0000] {processor.py:186} INFO - Started process (PID=1740) to work on /home/airflow/.local/lib/python3.12/site-packages/airflow/example_dags/example_branch_datetime_operator.py
[2025-04-02T19:20:55.861+0000] {processor.py:914} INFO - Processing file /home/airflow/.local/lib/python3.12/site-packages/airflow/example_dags/example_branch_datetime_operator.py for tasks to queue
[2025-04-02T19:20:55.868+0000] {logging_mixin.py:190} INFO - [2025-04-02T19:20:55.867+0000] {dagbag.py:588} INFO - Filling up the DagBag from /home/airflow/.local/lib/python3.12/site-packages/airflow/example_dags/example_branch_datetime_operator.py
[2025-04-02T19:20:55.908+0000] {processor.py:925} INFO - DAG(s) 'example_branch_datetime_operator_2', 'example_branch_datetime_operator', 'example_branch_datetime_operator_3' retrieved from /home/airflow/.local/lib/python3.12/site-packages/airflow/example_dags/example_branch_datetime_operator.py
[2025-04-02T19:20:56.001+0000] {logging_mixin.py:190} INFO - [2025-04-02T19:20:56.000+0000] {dag.py:3239} INFO - Sync 3 DAGs
[2025-04-02T19:20:56.151+0000] {logging_mixin.py:190} INFO - [2025-04-02T19:20:56.151+0000] {dag.py:4180} INFO - Setting next_dagrun for example_branch_datetime_operator to 2025-04-01 00:00:00+00:00, run_after=2025-04-02 00:00:00+00:00
[2025-04-02T19:20:56.167+0000] {logging_mixin.py:190} INFO - [2025-04-02T19:20:56.167+0000] {dag.py:4180} INFO - Setting next_dagrun for example_branch_datetime_operator_2 to 2025-04-01 00:00:00+00:00, run_after=2025-04-02 00:00:00+00:00
[2025-04-02T19:20:56.182+0000] {logging_mixin.py:190} INFO - [2025-04-02T19:20:56.181+0000] {dag.py:4180} INFO - Setting next_dagrun for example_branch_datetime_operator_3 to 2025-04-01 00:00:00+00:00, run_after=2025-04-02 00:00:00+00:00
[2025-04-02T19:20:56.245+0000] {processor.py:208} INFO - Processing /home/airflow/.local/lib/python3.12/site-packages/airflow/example_dags/example_branch_datetime_operator.py took 0.412 seconds
[2025-04-02T19:21:26.458+0000] {processor.py:186} INFO - Started process (PID=1802) to work on /home/airflow/.local/lib/python3.12/site-packages/airflow/example_dags/example_branch_datetime_operator.py
[2025-04-02T19:21:26.460+0000] {processor.py:914} INFO - Processing file /home/airflow/.local/lib/python3.12/site-packages/airflow/example_dags/example_branch_datetime_operator.py for tasks to queue
[2025-04-02T19:21:26.477+0000] {logging_mixin.py:190} INFO - [2025-04-02T19:21:26.473+0000] {dagbag.py:588} INFO - Filling up the DagBag from /home/airflow/.local/lib/python3.12/site-packages/airflow/example_dags/example_branch_datetime_operator.py
[2025-04-02T19:21:26.541+0000] {processor.py:925} INFO - DAG(s) 'example_branch_datetime_operator_3', 'example_branch_datetime_operator', 'example_branch_datetime_operator_2' retrieved from /home/airflow/.local/lib/python3.12/site-packages/airflow/example_dags/example_branch_datetime_operator.py
[2025-04-02T19:21:26.721+0000] {logging_mixin.py:190} INFO - [2025-04-02T19:21:26.719+0000] {dag.py:3239} INFO - Sync 3 DAGs
[2025-04-02T19:21:26.851+0000] {logging_mixin.py:190} INFO - [2025-04-02T19:21:26.850+0000] {dag.py:4180} INFO - Setting next_dagrun for example_branch_datetime_operator to 2025-04-01 00:00:00+00:00, run_after=2025-04-02 00:00:00+00:00
[2025-04-02T19:21:26.939+0000] {logging_mixin.py:190} INFO - [2025-04-02T19:21:26.938+0000] {dag.py:4180} INFO - Setting next_dagrun for example_branch_datetime_operator_2 to 2025-04-01 00:00:00+00:00, run_after=2025-04-02 00:00:00+00:00
[2025-04-02T19:21:26.955+0000] {logging_mixin.py:190} INFO - [2025-04-02T19:21:26.954+0000] {dag.py:4180} INFO - Setting next_dagrun for example_branch_datetime_operator_3 to 2025-04-01 00:00:00+00:00, run_after=2025-04-02 00:00:00+00:00
[2025-04-02T19:21:27.017+0000] {processor.py:208} INFO - Processing /home/airflow/.local/lib/python3.12/site-packages/airflow/example_dags/example_branch_datetime_operator.py took 0.595 seconds
[2025-04-02T19:22:01.638+0000] {processor.py:186} INFO - Started process (PID=1862) to work on /home/airflow/.local/lib/python3.12/site-packages/airflow/example_dags/example_branch_datetime_operator.py
[2025-04-02T19:22:01.820+0000] {processor.py:914} INFO - Processing file /home/airflow/.local/lib/python3.12/site-packages/airflow/example_dags/example_branch_datetime_operator.py for tasks to queue
[2025-04-02T19:22:01.883+0000] {logging_mixin.py:190} INFO - [2025-04-02T19:22:01.882+0000] {dagbag.py:588} INFO - Filling up the DagBag from /home/airflow/.local/lib/python3.12/site-packages/airflow/example_dags/example_branch_datetime_operator.py
[2025-04-02T19:22:02.209+0000] {processor.py:925} INFO - DAG(s) 'example_branch_datetime_operator_2', 'example_branch_datetime_operator', 'example_branch_datetime_operator_3' retrieved from /home/airflow/.local/lib/python3.12/site-packages/airflow/example_dags/example_branch_datetime_operator.py
[2025-04-02T19:22:02.480+0000] {logging_mixin.py:190} INFO - [2025-04-02T19:22:02.469+0000] {dag.py:3239} INFO - Sync 3 DAGs
[2025-04-02T19:22:02.690+0000] {logging_mixin.py:190} INFO - [2025-04-02T19:22:02.689+0000] {dag.py:4180} INFO - Setting next_dagrun for example_branch_datetime_operator to 2025-04-01 00:00:00+00:00, run_after=2025-04-02 00:00:00+00:00
[2025-04-02T19:22:02.733+0000] {logging_mixin.py:190} INFO - [2025-04-02T19:22:02.731+0000] {dag.py:4180} INFO - Setting next_dagrun for example_branch_datetime_operator_2 to 2025-04-01 00:00:00+00:00, run_after=2025-04-02 00:00:00+00:00
[2025-04-02T19:22:02.777+0000] {logging_mixin.py:190} INFO - [2025-04-02T19:22:02.776+0000] {dag.py:4180} INFO - Setting next_dagrun for example_branch_datetime_operator_3 to 2025-04-01 00:00:00+00:00, run_after=2025-04-02 00:00:00+00:00
[2025-04-02T19:22:02.907+0000] {processor.py:208} INFO - Processing /home/airflow/.local/lib/python3.12/site-packages/airflow/example_dags/example_branch_datetime_operator.py took 1.323 seconds
[2025-04-02T19:22:38.612+0000] {processor.py:186} INFO - Started process (PID=1914) to work on /home/airflow/.local/lib/python3.12/site-packages/airflow/example_dags/example_branch_datetime_operator.py
[2025-04-02T19:22:38.636+0000] {processor.py:914} INFO - Processing file /home/airflow/.local/lib/python3.12/site-packages/airflow/example_dags/example_branch_datetime_operator.py for tasks to queue
[2025-04-02T19:22:38.652+0000] {logging_mixin.py:190} INFO - [2025-04-02T19:22:38.651+0000] {dagbag.py:588} INFO - Filling up the DagBag from /home/airflow/.local/lib/python3.12/site-packages/airflow/example_dags/example_branch_datetime_operator.py
[2025-04-02T19:22:38.867+0000] {processor.py:925} INFO - DAG(s) 'example_branch_datetime_operator_2', 'example_branch_datetime_operator', 'example_branch_datetime_operator_3' retrieved from /home/airflow/.local/lib/python3.12/site-packages/airflow/example_dags/example_branch_datetime_operator.py
[2025-04-02T19:22:39.248+0000] {logging_mixin.py:190} INFO - [2025-04-02T19:22:39.247+0000] {dag.py:3239} INFO - Sync 3 DAGs
[2025-04-02T19:22:39.560+0000] {logging_mixin.py:190} INFO - [2025-04-02T19:22:39.559+0000] {dag.py:4180} INFO - Setting next_dagrun for example_branch_datetime_operator to 2025-04-01 00:00:00+00:00, run_after=2025-04-02 00:00:00+00:00
[2025-04-02T19:22:39.626+0000] {logging_mixin.py:190} INFO - [2025-04-02T19:22:39.626+0000] {dag.py:4180} INFO - Setting next_dagrun for example_branch_datetime_operator_2 to 2025-04-01 00:00:00+00:00, run_after=2025-04-02 00:00:00+00:00
[2025-04-02T19:22:39.678+0000] {logging_mixin.py:190} INFO - [2025-04-02T19:22:39.677+0000] {dag.py:4180} INFO - Setting next_dagrun for example_branch_datetime_operator_3 to 2025-04-01 00:00:00+00:00, run_after=2025-04-02 00:00:00+00:00
[2025-04-02T19:22:39.814+0000] {processor.py:208} INFO - Processing /home/airflow/.local/lib/python3.12/site-packages/airflow/example_dags/example_branch_datetime_operator.py took 1.287 seconds
[2025-04-02T19:23:14.021+0000] {processor.py:186} INFO - Started process (PID=1983) to work on /home/airflow/.local/lib/python3.12/site-packages/airflow/example_dags/example_branch_datetime_operator.py
[2025-04-02T19:23:14.023+0000] {processor.py:914} INFO - Processing file /home/airflow/.local/lib/python3.12/site-packages/airflow/example_dags/example_branch_datetime_operator.py for tasks to queue
[2025-04-02T19:23:14.034+0000] {logging_mixin.py:190} INFO - [2025-04-02T19:23:14.033+0000] {dagbag.py:588} INFO - Filling up the DagBag from /home/airflow/.local/lib/python3.12/site-packages/airflow/example_dags/example_branch_datetime_operator.py
[2025-04-02T19:23:14.067+0000] {processor.py:925} INFO - DAG(s) 'example_branch_datetime_operator', 'example_branch_datetime_operator_3', 'example_branch_datetime_operator_2' retrieved from /home/airflow/.local/lib/python3.12/site-packages/airflow/example_dags/example_branch_datetime_operator.py
[2025-04-02T19:23:14.127+0000] {logging_mixin.py:190} INFO - [2025-04-02T19:23:14.126+0000] {dag.py:3239} INFO - Sync 3 DAGs
[2025-04-02T19:23:14.184+0000] {logging_mixin.py:190} INFO - [2025-04-02T19:23:14.183+0000] {dag.py:4180} INFO - Setting next_dagrun for example_branch_datetime_operator to 2025-04-01 00:00:00+00:00, run_after=2025-04-02 00:00:00+00:00
[2025-04-02T19:23:14.195+0000] {logging_mixin.py:190} INFO - [2025-04-02T19:23:14.195+0000] {dag.py:4180} INFO - Setting next_dagrun for example_branch_datetime_operator_2 to 2025-04-01 00:00:00+00:00, run_after=2025-04-02 00:00:00+00:00
[2025-04-02T19:23:14.200+0000] {logging_mixin.py:190} INFO - [2025-04-02T19:23:14.200+0000] {dag.py:4180} INFO - Setting next_dagrun for example_branch_datetime_operator_3 to 2025-04-01 00:00:00+00:00, run_after=2025-04-02 00:00:00+00:00
[2025-04-02T19:23:14.258+0000] {processor.py:208} INFO - Processing /home/airflow/.local/lib/python3.12/site-packages/airflow/example_dags/example_branch_datetime_operator.py took 0.269 seconds
[2025-04-02T19:23:55.067+0000] {processor.py:186} INFO - Started process (PID=2034) to work on /home/airflow/.local/lib/python3.12/site-packages/airflow/example_dags/example_branch_datetime_operator.py
[2025-04-02T19:23:55.086+0000] {processor.py:914} INFO - Processing file /home/airflow/.local/lib/python3.12/site-packages/airflow/example_dags/example_branch_datetime_operator.py for tasks to queue
[2025-04-02T19:23:55.102+0000] {logging_mixin.py:190} INFO - [2025-04-02T19:23:55.091+0000] {dagbag.py:588} INFO - Filling up the DagBag from /home/airflow/.local/lib/python3.12/site-packages/airflow/example_dags/example_branch_datetime_operator.py
[2025-04-02T19:23:55.230+0000] {processor.py:925} INFO - DAG(s) 'example_branch_datetime_operator_3', 'example_branch_datetime_operator', 'example_branch_datetime_operator_2' retrieved from /home/airflow/.local/lib/python3.12/site-packages/airflow/example_dags/example_branch_datetime_operator.py
[2025-04-02T19:23:55.400+0000] {logging_mixin.py:190} INFO - [2025-04-02T19:23:55.400+0000] {dag.py:3239} INFO - Sync 3 DAGs
[2025-04-02T19:23:55.494+0000] {logging_mixin.py:190} INFO - [2025-04-02T19:23:55.494+0000] {dag.py:4180} INFO - Setting next_dagrun for example_branch_datetime_operator to 2025-04-01 00:00:00+00:00, run_after=2025-04-02 00:00:00+00:00
[2025-04-02T19:23:55.517+0000] {logging_mixin.py:190} INFO - [2025-04-02T19:23:55.516+0000] {dag.py:4180} INFO - Setting next_dagrun for example_branch_datetime_operator_2 to 2025-04-01 00:00:00+00:00, run_after=2025-04-02 00:00:00+00:00
[2025-04-02T19:23:55.532+0000] {logging_mixin.py:190} INFO - [2025-04-02T19:23:55.531+0000] {dag.py:4180} INFO - Setting next_dagrun for example_branch_datetime_operator_3 to 2025-04-01 00:00:00+00:00, run_after=2025-04-02 00:00:00+00:00
[2025-04-02T19:23:55.587+0000] {processor.py:208} INFO - Processing /home/airflow/.local/lib/python3.12/site-packages/airflow/example_dags/example_branch_datetime_operator.py took 0.581 seconds
[2025-04-02T19:24:26.277+0000] {processor.py:186} INFO - Started process (PID=2097) to work on /home/airflow/.local/lib/python3.12/site-packages/airflow/example_dags/example_branch_datetime_operator.py
[2025-04-02T19:24:26.279+0000] {processor.py:914} INFO - Processing file /home/airflow/.local/lib/python3.12/site-packages/airflow/example_dags/example_branch_datetime_operator.py for tasks to queue
[2025-04-02T19:24:26.285+0000] {logging_mixin.py:190} INFO - [2025-04-02T19:24:26.285+0000] {dagbag.py:588} INFO - Filling up the DagBag from /home/airflow/.local/lib/python3.12/site-packages/airflow/example_dags/example_branch_datetime_operator.py
[2025-04-02T19:24:26.329+0000] {processor.py:925} INFO - DAG(s) 'example_branch_datetime_operator', 'example_branch_datetime_operator_3', 'example_branch_datetime_operator_2' retrieved from /home/airflow/.local/lib/python3.12/site-packages/airflow/example_dags/example_branch_datetime_operator.py
[2025-04-02T19:24:26.430+0000] {logging_mixin.py:190} INFO - [2025-04-02T19:24:26.429+0000] {dag.py:3239} INFO - Sync 3 DAGs
[2025-04-02T19:24:26.516+0000] {logging_mixin.py:190} INFO - [2025-04-02T19:24:26.516+0000] {dag.py:4180} INFO - Setting next_dagrun for example_branch_datetime_operator to 2025-04-01 00:00:00+00:00, run_after=2025-04-02 00:00:00+00:00
[2025-04-02T19:24:26.536+0000] {logging_mixin.py:190} INFO - [2025-04-02T19:24:26.535+0000] {dag.py:4180} INFO - Setting next_dagrun for example_branch_datetime_operator_2 to 2025-04-01 00:00:00+00:00, run_after=2025-04-02 00:00:00+00:00
[2025-04-02T19:24:26.554+0000] {logging_mixin.py:190} INFO - [2025-04-02T19:24:26.553+0000] {dag.py:4180} INFO - Setting next_dagrun for example_branch_datetime_operator_3 to 2025-04-01 00:00:00+00:00, run_after=2025-04-02 00:00:00+00:00
[2025-04-02T19:24:26.598+0000] {processor.py:208} INFO - Processing /home/airflow/.local/lib/python3.12/site-packages/airflow/example_dags/example_branch_datetime_operator.py took 0.345 seconds
