[2025-04-02T19:03:59.125+0000] {processor.py:186} INFO - Started process (PID=135) to work on /home/airflow/.local/lib/python3.12/site-packages/airflow/example_dags/example_kubernetes_executor.py
[2025-04-02T19:03:59.146+0000] {processor.py:914} INFO - Processing file /home/airflow/.local/lib/python3.12/site-packages/airflow/example_dags/example_kubernetes_executor.py for tasks to queue
[2025-04-02T19:03:59.197+0000] {logging_mixin.py:190} INFO - [2025-04-02T19:03:59.196+0000] {dagbag.py:588} INFO - Filling up the DagBag from /home/airflow/.local/lib/python3.12/site-packages/airflow/example_dags/example_kubernetes_executor.py
[2025-04-02T19:03:59.440+0000] {processor.py:925} INFO - DAG(s) 'example_kubernetes_executor' retrieved from /home/airflow/.local/lib/python3.12/site-packages/airflow/example_dags/example_kubernetes_executor.py
[2025-04-02T19:04:00.981+0000] {logging_mixin.py:190} INFO - [2025-04-02T19:04:00.978+0000] {override.py:1912} INFO - Created Permission View: can delete on DAG:example_kubernetes_executor
[2025-04-02T19:04:01.111+0000] {logging_mixin.py:190} INFO - [2025-04-02T19:04:01.111+0000] {override.py:1912} INFO - Created Permission View: can edit on DAG:example_kubernetes_executor
[2025-04-02T19:04:01.187+0000] {logging_mixin.py:190} INFO - [2025-04-02T19:04:01.186+0000] {override.py:1912} INFO - Created Permission View: can read on DAG:example_kubernetes_executor
[2025-04-02T19:04:01.237+0000] {logging_mixin.py:190} INFO - [2025-04-02T19:04:01.236+0000] {override.py:1912} INFO - Created Permission View: can delete on DAG Run:example_kubernetes_executor
[2025-04-02T19:04:01.288+0000] {logging_mixin.py:190} INFO - [2025-04-02T19:04:01.287+0000] {override.py:1912} INFO - Created Permission View: can read on DAG Run:example_kubernetes_executor
[2025-04-02T19:04:01.403+0000] {logging_mixin.py:190} INFO - [2025-04-02T19:04:01.400+0000] {override.py:1912} INFO - Created Permission View: can create on DAG Run:example_kubernetes_executor
[2025-04-02T19:04:01.515+0000] {logging_mixin.py:190} INFO - [2025-04-02T19:04:01.514+0000] {override.py:1912} INFO - Created Permission View: menu access on DAG Run:example_kubernetes_executor
[2025-04-02T19:04:01.517+0000] {logging_mixin.py:190} INFO - [2025-04-02T19:04:01.517+0000] {dag.py:3239} INFO - Sync 1 DAGs
[2025-04-02T19:04:01.626+0000] {logging_mixin.py:190} INFO - [2025-04-02T19:04:01.626+0000] {dag.py:3262} INFO - Creating ORM DAG for example_kubernetes_executor
[2025-04-02T19:04:01.629+0000] {logging_mixin.py:190} INFO - [2025-04-02T19:04:01.628+0000] {dag.py:4180} INFO - Setting next_dagrun for example_kubernetes_executor to None, run_after=None
[2025-04-02T19:04:01.909+0000] {processor.py:208} INFO - Processing /home/airflow/.local/lib/python3.12/site-packages/airflow/example_dags/example_kubernetes_executor.py took 2.858 seconds
[2025-04-02T19:04:44.366+0000] {processor.py:186} INFO - Started process (PID=198) to work on /home/airflow/.local/lib/python3.12/site-packages/airflow/example_dags/example_kubernetes_executor.py
[2025-04-02T19:04:44.370+0000] {processor.py:914} INFO - Processing file /home/airflow/.local/lib/python3.12/site-packages/airflow/example_dags/example_kubernetes_executor.py for tasks to queue
[2025-04-02T19:04:44.376+0000] {logging_mixin.py:190} INFO - [2025-04-02T19:04:44.375+0000] {dagbag.py:588} INFO - Filling up the DagBag from /home/airflow/.local/lib/python3.12/site-packages/airflow/example_dags/example_kubernetes_executor.py
[2025-04-02T19:04:44.470+0000] {processor.py:925} INFO - DAG(s) 'example_kubernetes_executor' retrieved from /home/airflow/.local/lib/python3.12/site-packages/airflow/example_dags/example_kubernetes_executor.py
[2025-04-02T19:04:44.528+0000] {logging_mixin.py:190} INFO - [2025-04-02T19:04:44.527+0000] {dag.py:3239} INFO - Sync 1 DAGs
[2025-04-02T19:04:44.561+0000] {logging_mixin.py:190} INFO - [2025-04-02T19:04:44.561+0000] {dag.py:4180} INFO - Setting next_dagrun for example_kubernetes_executor to None, run_after=None
[2025-04-02T19:04:44.610+0000] {processor.py:208} INFO - Processing /home/airflow/.local/lib/python3.12/site-packages/airflow/example_dags/example_kubernetes_executor.py took 0.277 seconds
[2025-04-02T19:05:23.686+0000] {processor.py:186} INFO - Started process (PID=261) to work on /home/airflow/.local/lib/python3.12/site-packages/airflow/example_dags/example_kubernetes_executor.py
[2025-04-02T19:05:23.689+0000] {processor.py:914} INFO - Processing file /home/airflow/.local/lib/python3.12/site-packages/airflow/example_dags/example_kubernetes_executor.py for tasks to queue
[2025-04-02T19:05:23.696+0000] {logging_mixin.py:190} INFO - [2025-04-02T19:05:23.695+0000] {dagbag.py:588} INFO - Filling up the DagBag from /home/airflow/.local/lib/python3.12/site-packages/airflow/example_dags/example_kubernetes_executor.py
[2025-04-02T19:05:23.775+0000] {processor.py:925} INFO - DAG(s) 'example_kubernetes_executor' retrieved from /home/airflow/.local/lib/python3.12/site-packages/airflow/example_dags/example_kubernetes_executor.py
[2025-04-02T19:05:23.896+0000] {logging_mixin.py:190} INFO - [2025-04-02T19:05:23.893+0000] {dag.py:3239} INFO - Sync 1 DAGs
[2025-04-02T19:05:23.991+0000] {logging_mixin.py:190} INFO - [2025-04-02T19:05:23.988+0000] {dag.py:4180} INFO - Setting next_dagrun for example_kubernetes_executor to None, run_after=None
[2025-04-02T19:05:24.090+0000] {processor.py:208} INFO - Processing /home/airflow/.local/lib/python3.12/site-packages/airflow/example_dags/example_kubernetes_executor.py took 0.437 seconds
[2025-04-02T19:05:54.652+0000] {processor.py:186} INFO - Started process (PID=322) to work on /home/airflow/.local/lib/python3.12/site-packages/airflow/example_dags/example_kubernetes_executor.py
[2025-04-02T19:05:54.654+0000] {processor.py:914} INFO - Processing file /home/airflow/.local/lib/python3.12/site-packages/airflow/example_dags/example_kubernetes_executor.py for tasks to queue
[2025-04-02T19:05:54.660+0000] {logging_mixin.py:190} INFO - [2025-04-02T19:05:54.659+0000] {dagbag.py:588} INFO - Filling up the DagBag from /home/airflow/.local/lib/python3.12/site-packages/airflow/example_dags/example_kubernetes_executor.py
[2025-04-02T19:05:54.701+0000] {processor.py:925} INFO - DAG(s) 'example_kubernetes_executor' retrieved from /home/airflow/.local/lib/python3.12/site-packages/airflow/example_dags/example_kubernetes_executor.py
[2025-04-02T19:05:54.782+0000] {logging_mixin.py:190} INFO - [2025-04-02T19:05:54.781+0000] {dag.py:3239} INFO - Sync 1 DAGs
[2025-04-02T19:05:54.861+0000] {logging_mixin.py:190} INFO - [2025-04-02T19:05:54.861+0000] {dag.py:4180} INFO - Setting next_dagrun for example_kubernetes_executor to None, run_after=None
[2025-04-02T19:05:54.967+0000] {processor.py:208} INFO - Processing /home/airflow/.local/lib/python3.12/site-packages/airflow/example_dags/example_kubernetes_executor.py took 0.336 seconds
[2025-04-02T19:06:25.350+0000] {processor.py:186} INFO - Started process (PID=386) to work on /home/airflow/.local/lib/python3.12/site-packages/airflow/example_dags/example_kubernetes_executor.py
[2025-04-02T19:06:25.363+0000] {processor.py:914} INFO - Processing file /home/airflow/.local/lib/python3.12/site-packages/airflow/example_dags/example_kubernetes_executor.py for tasks to queue
[2025-04-02T19:06:25.370+0000] {logging_mixin.py:190} INFO - [2025-04-02T19:06:25.369+0000] {dagbag.py:588} INFO - Filling up the DagBag from /home/airflow/.local/lib/python3.12/site-packages/airflow/example_dags/example_kubernetes_executor.py
[2025-04-02T19:06:25.520+0000] {processor.py:925} INFO - DAG(s) 'example_kubernetes_executor' retrieved from /home/airflow/.local/lib/python3.12/site-packages/airflow/example_dags/example_kubernetes_executor.py
[2025-04-02T19:06:25.708+0000] {logging_mixin.py:190} INFO - [2025-04-02T19:06:25.707+0000] {dag.py:3239} INFO - Sync 1 DAGs
[2025-04-02T19:06:25.821+0000] {logging_mixin.py:190} INFO - [2025-04-02T19:06:25.821+0000] {dag.py:4180} INFO - Setting next_dagrun for example_kubernetes_executor to None, run_after=None
[2025-04-02T19:06:26.006+0000] {processor.py:208} INFO - Processing /home/airflow/.local/lib/python3.12/site-packages/airflow/example_dags/example_kubernetes_executor.py took 0.677 seconds
[2025-04-02T19:07:10.823+0000] {processor.py:186} INFO - Started process (PID=455) to work on /home/airflow/.local/lib/python3.12/site-packages/airflow/example_dags/example_kubernetes_executor.py
[2025-04-02T19:07:10.836+0000] {processor.py:914} INFO - Processing file /home/airflow/.local/lib/python3.12/site-packages/airflow/example_dags/example_kubernetes_executor.py for tasks to queue
[2025-04-02T19:07:10.877+0000] {logging_mixin.py:190} INFO - [2025-04-02T19:07:10.876+0000] {dagbag.py:588} INFO - Filling up the DagBag from /home/airflow/.local/lib/python3.12/site-packages/airflow/example_dags/example_kubernetes_executor.py
[2025-04-02T19:07:11.146+0000] {processor.py:925} INFO - DAG(s) 'example_kubernetes_executor' retrieved from /home/airflow/.local/lib/python3.12/site-packages/airflow/example_dags/example_kubernetes_executor.py
[2025-04-02T19:07:11.405+0000] {logging_mixin.py:190} INFO - [2025-04-02T19:07:11.404+0000] {dag.py:3239} INFO - Sync 1 DAGs
[2025-04-02T19:07:11.492+0000] {logging_mixin.py:190} INFO - [2025-04-02T19:07:11.491+0000] {dag.py:4180} INFO - Setting next_dagrun for example_kubernetes_executor to None, run_after=None
[2025-04-02T19:07:11.677+0000] {processor.py:208} INFO - Processing /home/airflow/.local/lib/python3.12/site-packages/airflow/example_dags/example_kubernetes_executor.py took 0.918 seconds
[2025-04-02T19:07:48.566+0000] {processor.py:186} INFO - Started process (PID=521) to work on /home/airflow/.local/lib/python3.12/site-packages/airflow/example_dags/example_kubernetes_executor.py
[2025-04-02T19:07:48.572+0000] {processor.py:914} INFO - Processing file /home/airflow/.local/lib/python3.12/site-packages/airflow/example_dags/example_kubernetes_executor.py for tasks to queue
[2025-04-02T19:07:48.588+0000] {logging_mixin.py:190} INFO - [2025-04-02T19:07:48.577+0000] {dagbag.py:588} INFO - Filling up the DagBag from /home/airflow/.local/lib/python3.12/site-packages/airflow/example_dags/example_kubernetes_executor.py
[2025-04-02T19:07:48.717+0000] {processor.py:925} INFO - DAG(s) 'example_kubernetes_executor' retrieved from /home/airflow/.local/lib/python3.12/site-packages/airflow/example_dags/example_kubernetes_executor.py
[2025-04-02T19:07:49.025+0000] {logging_mixin.py:190} INFO - [2025-04-02T19:07:49.024+0000] {dag.py:3239} INFO - Sync 1 DAGs
[2025-04-02T19:07:49.180+0000] {logging_mixin.py:190} INFO - [2025-04-02T19:07:49.179+0000] {dag.py:4180} INFO - Setting next_dagrun for example_kubernetes_executor to None, run_after=None
[2025-04-02T19:07:49.371+0000] {processor.py:208} INFO - Processing /home/airflow/.local/lib/python3.12/site-packages/airflow/example_dags/example_kubernetes_executor.py took 0.837 seconds
[2025-04-02T19:08:23.207+0000] {processor.py:186} INFO - Started process (PID=584) to work on /home/airflow/.local/lib/python3.12/site-packages/airflow/example_dags/example_kubernetes_executor.py
[2025-04-02T19:08:23.223+0000] {processor.py:914} INFO - Processing file /home/airflow/.local/lib/python3.12/site-packages/airflow/example_dags/example_kubernetes_executor.py for tasks to queue
[2025-04-02T19:08:23.239+0000] {logging_mixin.py:190} INFO - [2025-04-02T19:08:23.238+0000] {dagbag.py:588} INFO - Filling up the DagBag from /home/airflow/.local/lib/python3.12/site-packages/airflow/example_dags/example_kubernetes_executor.py
[2025-04-02T19:08:23.402+0000] {processor.py:925} INFO - DAG(s) 'example_kubernetes_executor' retrieved from /home/airflow/.local/lib/python3.12/site-packages/airflow/example_dags/example_kubernetes_executor.py
[2025-04-02T19:08:23.585+0000] {logging_mixin.py:190} INFO - [2025-04-02T19:08:23.584+0000] {dag.py:3239} INFO - Sync 1 DAGs
[2025-04-02T19:08:23.748+0000] {logging_mixin.py:190} INFO - [2025-04-02T19:08:23.748+0000] {dag.py:4180} INFO - Setting next_dagrun for example_kubernetes_executor to None, run_after=None
[2025-04-02T19:08:23.992+0000] {processor.py:208} INFO - Processing /home/airflow/.local/lib/python3.12/site-packages/airflow/example_dags/example_kubernetes_executor.py took 0.869 seconds
[2025-04-02T19:09:18.133+0000] {processor.py:186} INFO - Started process (PID=663) to work on /home/airflow/.local/lib/python3.12/site-packages/airflow/example_dags/example_kubernetes_executor.py
[2025-04-02T19:09:18.152+0000] {processor.py:914} INFO - Processing file /home/airflow/.local/lib/python3.12/site-packages/airflow/example_dags/example_kubernetes_executor.py for tasks to queue
[2025-04-02T19:09:18.170+0000] {logging_mixin.py:190} INFO - [2025-04-02T19:09:18.169+0000] {dagbag.py:588} INFO - Filling up the DagBag from /home/airflow/.local/lib/python3.12/site-packages/airflow/example_dags/example_kubernetes_executor.py
[2025-04-02T19:09:18.326+0000] {processor.py:925} INFO - DAG(s) 'example_kubernetes_executor' retrieved from /home/airflow/.local/lib/python3.12/site-packages/airflow/example_dags/example_kubernetes_executor.py
[2025-04-02T19:09:18.574+0000] {logging_mixin.py:190} INFO - [2025-04-02T19:09:18.573+0000] {dag.py:3239} INFO - Sync 1 DAGs
[2025-04-02T19:09:18.719+0000] {logging_mixin.py:190} INFO - [2025-04-02T19:09:18.718+0000] {dag.py:4180} INFO - Setting next_dagrun for example_kubernetes_executor to None, run_after=None
[2025-04-02T19:09:18.901+0000] {processor.py:208} INFO - Processing /home/airflow/.local/lib/python3.12/site-packages/airflow/example_dags/example_kubernetes_executor.py took 0.806 seconds
[2025-04-02T19:10:29.701+0000] {processor.py:186} INFO - Started process (PID=713) to work on /home/airflow/.local/lib/python3.12/site-packages/airflow/example_dags/example_kubernetes_executor.py
[2025-04-02T19:10:29.718+0000] {processor.py:914} INFO - Processing file /home/airflow/.local/lib/python3.12/site-packages/airflow/example_dags/example_kubernetes_executor.py for tasks to queue
[2025-04-02T19:10:29.752+0000] {logging_mixin.py:190} INFO - [2025-04-02T19:10:29.749+0000] {dagbag.py:588} INFO - Filling up the DagBag from /home/airflow/.local/lib/python3.12/site-packages/airflow/example_dags/example_kubernetes_executor.py
[2025-04-02T19:10:29.926+0000] {processor.py:925} INFO - DAG(s) 'example_kubernetes_executor' retrieved from /home/airflow/.local/lib/python3.12/site-packages/airflow/example_dags/example_kubernetes_executor.py
[2025-04-02T19:10:30.197+0000] {logging_mixin.py:190} INFO - [2025-04-02T19:10:30.196+0000] {dag.py:3239} INFO - Sync 1 DAGs
[2025-04-02T19:10:30.370+0000] {logging_mixin.py:190} INFO - [2025-04-02T19:10:30.367+0000] {dag.py:4180} INFO - Setting next_dagrun for example_kubernetes_executor to None, run_after=None
[2025-04-02T19:10:30.937+0000] {processor.py:208} INFO - Processing /home/airflow/.local/lib/python3.12/site-packages/airflow/example_dags/example_kubernetes_executor.py took 1.262 seconds
[2025-04-02T19:11:03.580+0000] {processor.py:186} INFO - Started process (PID=780) to work on /home/airflow/.local/lib/python3.12/site-packages/airflow/example_dags/example_kubernetes_executor.py
[2025-04-02T19:11:03.597+0000] {processor.py:914} INFO - Processing file /home/airflow/.local/lib/python3.12/site-packages/airflow/example_dags/example_kubernetes_executor.py for tasks to queue
[2025-04-02T19:11:03.610+0000] {logging_mixin.py:190} INFO - [2025-04-02T19:11:03.609+0000] {dagbag.py:588} INFO - Filling up the DagBag from /home/airflow/.local/lib/python3.12/site-packages/airflow/example_dags/example_kubernetes_executor.py
[2025-04-02T19:11:03.741+0000] {processor.py:925} INFO - DAG(s) 'example_kubernetes_executor' retrieved from /home/airflow/.local/lib/python3.12/site-packages/airflow/example_dags/example_kubernetes_executor.py
[2025-04-02T19:11:03.976+0000] {logging_mixin.py:190} INFO - [2025-04-02T19:11:03.975+0000] {dag.py:3239} INFO - Sync 1 DAGs
[2025-04-02T19:11:04.104+0000] {logging_mixin.py:190} INFO - [2025-04-02T19:11:04.103+0000] {dag.py:4180} INFO - Setting next_dagrun for example_kubernetes_executor to None, run_after=None
[2025-04-02T19:11:04.235+0000] {processor.py:208} INFO - Processing /home/airflow/.local/lib/python3.12/site-packages/airflow/example_dags/example_kubernetes_executor.py took 0.698 seconds
[2025-04-02T19:11:35.937+0000] {processor.py:186} INFO - Started process (PID=842) to work on /home/airflow/.local/lib/python3.12/site-packages/airflow/example_dags/example_kubernetes_executor.py
[2025-04-02T19:11:35.939+0000] {processor.py:914} INFO - Processing file /home/airflow/.local/lib/python3.12/site-packages/airflow/example_dags/example_kubernetes_executor.py for tasks to queue
[2025-04-02T19:11:35.945+0000] {logging_mixin.py:190} INFO - [2025-04-02T19:11:35.944+0000] {dagbag.py:588} INFO - Filling up the DagBag from /home/airflow/.local/lib/python3.12/site-packages/airflow/example_dags/example_kubernetes_executor.py
[2025-04-02T19:11:35.985+0000] {processor.py:925} INFO - DAG(s) 'example_kubernetes_executor' retrieved from /home/airflow/.local/lib/python3.12/site-packages/airflow/example_dags/example_kubernetes_executor.py
[2025-04-02T19:11:36.054+0000] {logging_mixin.py:190} INFO - [2025-04-02T19:11:36.054+0000] {dag.py:3239} INFO - Sync 1 DAGs
[2025-04-02T19:11:36.109+0000] {logging_mixin.py:190} INFO - [2025-04-02T19:11:36.108+0000] {dag.py:4180} INFO - Setting next_dagrun for example_kubernetes_executor to None, run_after=None
[2025-04-02T19:11:36.188+0000] {processor.py:208} INFO - Processing /home/airflow/.local/lib/python3.12/site-packages/airflow/example_dags/example_kubernetes_executor.py took 0.270 seconds
[2025-04-02T19:12:14.065+0000] {processor.py:186} INFO - Started process (PID=905) to work on /home/airflow/.local/lib/python3.12/site-packages/airflow/example_dags/example_kubernetes_executor.py
[2025-04-02T19:12:14.069+0000] {processor.py:914} INFO - Processing file /home/airflow/.local/lib/python3.12/site-packages/airflow/example_dags/example_kubernetes_executor.py for tasks to queue
[2025-04-02T19:12:14.077+0000] {logging_mixin.py:190} INFO - [2025-04-02T19:12:14.076+0000] {dagbag.py:588} INFO - Filling up the DagBag from /home/airflow/.local/lib/python3.12/site-packages/airflow/example_dags/example_kubernetes_executor.py
[2025-04-02T19:12:14.126+0000] {processor.py:925} INFO - DAG(s) 'example_kubernetes_executor' retrieved from /home/airflow/.local/lib/python3.12/site-packages/airflow/example_dags/example_kubernetes_executor.py
[2025-04-02T19:12:14.207+0000] {logging_mixin.py:190} INFO - [2025-04-02T19:12:14.207+0000] {dag.py:3239} INFO - Sync 1 DAGs
[2025-04-02T19:12:14.272+0000] {logging_mixin.py:190} INFO - [2025-04-02T19:12:14.272+0000] {dag.py:4180} INFO - Setting next_dagrun for example_kubernetes_executor to None, run_after=None
[2025-04-02T19:12:14.354+0000] {processor.py:208} INFO - Processing /home/airflow/.local/lib/python3.12/site-packages/airflow/example_dags/example_kubernetes_executor.py took 0.316 seconds
[2025-04-02T19:12:48.384+0000] {processor.py:186} INFO - Started process (PID=968) to work on /home/airflow/.local/lib/python3.12/site-packages/airflow/example_dags/example_kubernetes_executor.py
[2025-04-02T19:12:48.389+0000] {processor.py:914} INFO - Processing file /home/airflow/.local/lib/python3.12/site-packages/airflow/example_dags/example_kubernetes_executor.py for tasks to queue
[2025-04-02T19:12:48.404+0000] {logging_mixin.py:190} INFO - [2025-04-02T19:12:48.394+0000] {dagbag.py:588} INFO - Filling up the DagBag from /home/airflow/.local/lib/python3.12/site-packages/airflow/example_dags/example_kubernetes_executor.py
[2025-04-02T19:12:48.573+0000] {processor.py:925} INFO - DAG(s) 'example_kubernetes_executor' retrieved from /home/airflow/.local/lib/python3.12/site-packages/airflow/example_dags/example_kubernetes_executor.py
[2025-04-02T19:12:48.728+0000] {logging_mixin.py:190} INFO - [2025-04-02T19:12:48.728+0000] {dag.py:3239} INFO - Sync 1 DAGs
[2025-04-02T19:12:48.851+0000] {logging_mixin.py:190} INFO - [2025-04-02T19:12:48.850+0000] {dag.py:4180} INFO - Setting next_dagrun for example_kubernetes_executor to None, run_after=None
[2025-04-02T19:12:48.991+0000] {processor.py:208} INFO - Processing /home/airflow/.local/lib/python3.12/site-packages/airflow/example_dags/example_kubernetes_executor.py took 0.636 seconds
[2025-04-02T19:13:37.171+0000] {processor.py:186} INFO - Started process (PID=1037) to work on /home/airflow/.local/lib/python3.12/site-packages/airflow/example_dags/example_kubernetes_executor.py
[2025-04-02T19:13:37.186+0000] {processor.py:914} INFO - Processing file /home/airflow/.local/lib/python3.12/site-packages/airflow/example_dags/example_kubernetes_executor.py for tasks to queue
[2025-04-02T19:13:37.214+0000] {logging_mixin.py:190} INFO - [2025-04-02T19:13:37.213+0000] {dagbag.py:588} INFO - Filling up the DagBag from /home/airflow/.local/lib/python3.12/site-packages/airflow/example_dags/example_kubernetes_executor.py
[2025-04-02T19:13:37.304+0000] {processor.py:925} INFO - DAG(s) 'example_kubernetes_executor' retrieved from /home/airflow/.local/lib/python3.12/site-packages/airflow/example_dags/example_kubernetes_executor.py
[2025-04-02T19:13:37.519+0000] {logging_mixin.py:190} INFO - [2025-04-02T19:13:37.516+0000] {dag.py:3239} INFO - Sync 1 DAGs
[2025-04-02T19:13:37.648+0000] {logging_mixin.py:190} INFO - [2025-04-02T19:13:37.648+0000] {dag.py:4180} INFO - Setting next_dagrun for example_kubernetes_executor to None, run_after=None
[2025-04-02T19:13:37.760+0000] {processor.py:208} INFO - Processing /home/airflow/.local/lib/python3.12/site-packages/airflow/example_dags/example_kubernetes_executor.py took 0.733 seconds
[2025-04-02T19:14:10.781+0000] {processor.py:186} INFO - Started process (PID=1100) to work on /home/airflow/.local/lib/python3.12/site-packages/airflow/example_dags/example_kubernetes_executor.py
[2025-04-02T19:14:10.784+0000] {processor.py:914} INFO - Processing file /home/airflow/.local/lib/python3.12/site-packages/airflow/example_dags/example_kubernetes_executor.py for tasks to queue
[2025-04-02T19:14:10.841+0000] {logging_mixin.py:190} INFO - [2025-04-02T19:14:10.840+0000] {dagbag.py:588} INFO - Filling up the DagBag from /home/airflow/.local/lib/python3.12/site-packages/airflow/example_dags/example_kubernetes_executor.py
[2025-04-02T19:14:10.960+0000] {processor.py:925} INFO - DAG(s) 'example_kubernetes_executor' retrieved from /home/airflow/.local/lib/python3.12/site-packages/airflow/example_dags/example_kubernetes_executor.py
[2025-04-02T19:14:11.291+0000] {logging_mixin.py:190} INFO - [2025-04-02T19:14:11.291+0000] {dag.py:3239} INFO - Sync 1 DAGs
[2025-04-02T19:14:11.406+0000] {logging_mixin.py:190} INFO - [2025-04-02T19:14:11.405+0000] {dag.py:4180} INFO - Setting next_dagrun for example_kubernetes_executor to None, run_after=None
[2025-04-02T19:14:11.582+0000] {processor.py:208} INFO - Processing /home/airflow/.local/lib/python3.12/site-packages/airflow/example_dags/example_kubernetes_executor.py took 0.864 seconds
[2025-04-02T19:15:18.488+0000] {processor.py:186} INFO - Started process (PID=1184) to work on /home/airflow/.local/lib/python3.12/site-packages/airflow/example_dags/example_kubernetes_executor.py
[2025-04-02T19:15:18.491+0000] {processor.py:914} INFO - Processing file /home/airflow/.local/lib/python3.12/site-packages/airflow/example_dags/example_kubernetes_executor.py for tasks to queue
[2025-04-02T19:15:18.498+0000] {logging_mixin.py:190} INFO - [2025-04-02T19:15:18.497+0000] {dagbag.py:588} INFO - Filling up the DagBag from /home/airflow/.local/lib/python3.12/site-packages/airflow/example_dags/example_kubernetes_executor.py
[2025-04-02T19:15:18.570+0000] {processor.py:925} INFO - DAG(s) 'example_kubernetes_executor' retrieved from /home/airflow/.local/lib/python3.12/site-packages/airflow/example_dags/example_kubernetes_executor.py
[2025-04-02T19:15:18.719+0000] {logging_mixin.py:190} INFO - [2025-04-02T19:15:18.718+0000] {dag.py:3239} INFO - Sync 1 DAGs
[2025-04-02T19:15:18.794+0000] {logging_mixin.py:190} INFO - [2025-04-02T19:15:18.794+0000] {dag.py:4180} INFO - Setting next_dagrun for example_kubernetes_executor to None, run_after=None
[2025-04-02T19:15:18.933+0000] {processor.py:208} INFO - Processing /home/airflow/.local/lib/python3.12/site-packages/airflow/example_dags/example_kubernetes_executor.py took 0.471 seconds
[2025-04-02T19:16:03.620+0000] {processor.py:186} INFO - Started process (PID=1246) to work on /home/airflow/.local/lib/python3.12/site-packages/airflow/example_dags/example_kubernetes_executor.py
[2025-04-02T19:16:03.632+0000] {processor.py:914} INFO - Processing file /home/airflow/.local/lib/python3.12/site-packages/airflow/example_dags/example_kubernetes_executor.py for tasks to queue
[2025-04-02T19:16:03.649+0000] {logging_mixin.py:190} INFO - [2025-04-02T19:16:03.648+0000] {dagbag.py:588} INFO - Filling up the DagBag from /home/airflow/.local/lib/python3.12/site-packages/airflow/example_dags/example_kubernetes_executor.py
[2025-04-02T19:16:03.797+0000] {processor.py:925} INFO - DAG(s) 'example_kubernetes_executor' retrieved from /home/airflow/.local/lib/python3.12/site-packages/airflow/example_dags/example_kubernetes_executor.py
[2025-04-02T19:16:04.032+0000] {logging_mixin.py:190} INFO - [2025-04-02T19:16:04.024+0000] {dag.py:3239} INFO - Sync 1 DAGs
[2025-04-02T19:16:04.155+0000] {logging_mixin.py:190} INFO - [2025-04-02T19:16:04.154+0000] {dag.py:4180} INFO - Setting next_dagrun for example_kubernetes_executor to None, run_after=None
[2025-04-02T19:16:04.278+0000] {processor.py:208} INFO - Processing /home/airflow/.local/lib/python3.12/site-packages/airflow/example_dags/example_kubernetes_executor.py took 0.710 seconds
[2025-04-02T19:16:43.864+0000] {processor.py:186} INFO - Started process (PID=1314) to work on /home/airflow/.local/lib/python3.12/site-packages/airflow/example_dags/example_kubernetes_executor.py
[2025-04-02T19:16:43.879+0000] {processor.py:914} INFO - Processing file /home/airflow/.local/lib/python3.12/site-packages/airflow/example_dags/example_kubernetes_executor.py for tasks to queue
[2025-04-02T19:16:43.907+0000] {logging_mixin.py:190} INFO - [2025-04-02T19:16:43.907+0000] {dagbag.py:588} INFO - Filling up the DagBag from /home/airflow/.local/lib/python3.12/site-packages/airflow/example_dags/example_kubernetes_executor.py
[2025-04-02T19:16:44.081+0000] {processor.py:925} INFO - DAG(s) 'example_kubernetes_executor' retrieved from /home/airflow/.local/lib/python3.12/site-packages/airflow/example_dags/example_kubernetes_executor.py
[2025-04-02T19:16:44.399+0000] {logging_mixin.py:190} INFO - [2025-04-02T19:16:44.394+0000] {dag.py:3239} INFO - Sync 1 DAGs
[2025-04-02T19:16:44.499+0000] {logging_mixin.py:190} INFO - [2025-04-02T19:16:44.498+0000] {dag.py:4180} INFO - Setting next_dagrun for example_kubernetes_executor to None, run_after=None
[2025-04-02T19:16:44.625+0000] {processor.py:208} INFO - Processing /home/airflow/.local/lib/python3.12/site-packages/airflow/example_dags/example_kubernetes_executor.py took 1.074 seconds
[2025-04-02T19:17:21.096+0000] {processor.py:186} INFO - Started process (PID=1381) to work on /home/airflow/.local/lib/python3.12/site-packages/airflow/example_dags/example_kubernetes_executor.py
[2025-04-02T19:17:21.105+0000] {processor.py:914} INFO - Processing file /home/airflow/.local/lib/python3.12/site-packages/airflow/example_dags/example_kubernetes_executor.py for tasks to queue
[2025-04-02T19:17:21.111+0000] {logging_mixin.py:190} INFO - [2025-04-02T19:17:21.110+0000] {dagbag.py:588} INFO - Filling up the DagBag from /home/airflow/.local/lib/python3.12/site-packages/airflow/example_dags/example_kubernetes_executor.py
[2025-04-02T19:17:21.229+0000] {processor.py:925} INFO - DAG(s) 'example_kubernetes_executor' retrieved from /home/airflow/.local/lib/python3.12/site-packages/airflow/example_dags/example_kubernetes_executor.py
[2025-04-02T19:17:21.372+0000] {logging_mixin.py:190} INFO - [2025-04-02T19:17:21.372+0000] {dag.py:3239} INFO - Sync 1 DAGs
[2025-04-02T19:17:21.512+0000] {logging_mixin.py:190} INFO - [2025-04-02T19:17:21.512+0000] {dag.py:4180} INFO - Setting next_dagrun for example_kubernetes_executor to None, run_after=None
[2025-04-02T19:17:21.619+0000] {processor.py:208} INFO - Processing /home/airflow/.local/lib/python3.12/site-packages/airflow/example_dags/example_kubernetes_executor.py took 0.575 seconds
[2025-04-02T19:17:52.971+0000] {processor.py:186} INFO - Started process (PID=1445) to work on /home/airflow/.local/lib/python3.12/site-packages/airflow/example_dags/example_kubernetes_executor.py
[2025-04-02T19:17:52.973+0000] {processor.py:914} INFO - Processing file /home/airflow/.local/lib/python3.12/site-packages/airflow/example_dags/example_kubernetes_executor.py for tasks to queue
[2025-04-02T19:17:52.982+0000] {logging_mixin.py:190} INFO - [2025-04-02T19:17:52.981+0000] {dagbag.py:588} INFO - Filling up the DagBag from /home/airflow/.local/lib/python3.12/site-packages/airflow/example_dags/example_kubernetes_executor.py
[2025-04-02T19:17:53.056+0000] {processor.py:925} INFO - DAG(s) 'example_kubernetes_executor' retrieved from /home/airflow/.local/lib/python3.12/site-packages/airflow/example_dags/example_kubernetes_executor.py
[2025-04-02T19:17:53.193+0000] {logging_mixin.py:190} INFO - [2025-04-02T19:17:53.192+0000] {dag.py:3239} INFO - Sync 1 DAGs
[2025-04-02T19:17:53.230+0000] {logging_mixin.py:190} INFO - [2025-04-02T19:17:53.229+0000] {dag.py:4180} INFO - Setting next_dagrun for example_kubernetes_executor to None, run_after=None
[2025-04-02T19:17:53.306+0000] {processor.py:208} INFO - Processing /home/airflow/.local/lib/python3.12/site-packages/airflow/example_dags/example_kubernetes_executor.py took 0.352 seconds
[2025-04-02T19:18:24.068+0000] {processor.py:186} INFO - Started process (PID=1508) to work on /home/airflow/.local/lib/python3.12/site-packages/airflow/example_dags/example_kubernetes_executor.py
[2025-04-02T19:18:24.074+0000] {processor.py:914} INFO - Processing file /home/airflow/.local/lib/python3.12/site-packages/airflow/example_dags/example_kubernetes_executor.py for tasks to queue
[2025-04-02T19:18:24.088+0000] {logging_mixin.py:190} INFO - [2025-04-02T19:18:24.086+0000] {dagbag.py:588} INFO - Filling up the DagBag from /home/airflow/.local/lib/python3.12/site-packages/airflow/example_dags/example_kubernetes_executor.py
[2025-04-02T19:18:24.152+0000] {processor.py:925} INFO - DAG(s) 'example_kubernetes_executor' retrieved from /home/airflow/.local/lib/python3.12/site-packages/airflow/example_dags/example_kubernetes_executor.py
[2025-04-02T19:18:24.221+0000] {logging_mixin.py:190} INFO - [2025-04-02T19:18:24.221+0000] {dag.py:3239} INFO - Sync 1 DAGs
[2025-04-02T19:18:24.290+0000] {logging_mixin.py:190} INFO - [2025-04-02T19:18:24.289+0000] {dag.py:4180} INFO - Setting next_dagrun for example_kubernetes_executor to None, run_after=None
[2025-04-02T19:18:24.414+0000] {processor.py:208} INFO - Processing /home/airflow/.local/lib/python3.12/site-packages/airflow/example_dags/example_kubernetes_executor.py took 0.380 seconds
[2025-04-02T19:19:05.013+0000] {processor.py:186} INFO - Started process (PID=1574) to work on /home/airflow/.local/lib/python3.12/site-packages/airflow/example_dags/example_kubernetes_executor.py
[2025-04-02T19:19:05.019+0000] {processor.py:914} INFO - Processing file /home/airflow/.local/lib/python3.12/site-packages/airflow/example_dags/example_kubernetes_executor.py for tasks to queue
[2025-04-02T19:19:05.026+0000] {logging_mixin.py:190} INFO - [2025-04-02T19:19:05.025+0000] {dagbag.py:588} INFO - Filling up the DagBag from /home/airflow/.local/lib/python3.12/site-packages/airflow/example_dags/example_kubernetes_executor.py
[2025-04-02T19:19:05.148+0000] {processor.py:925} INFO - DAG(s) 'example_kubernetes_executor' retrieved from /home/airflow/.local/lib/python3.12/site-packages/airflow/example_dags/example_kubernetes_executor.py
[2025-04-02T19:19:05.349+0000] {logging_mixin.py:190} INFO - [2025-04-02T19:19:05.348+0000] {dag.py:3239} INFO - Sync 1 DAGs
[2025-04-02T19:19:05.491+0000] {logging_mixin.py:190} INFO - [2025-04-02T19:19:05.490+0000] {dag.py:4180} INFO - Setting next_dagrun for example_kubernetes_executor to None, run_after=None
[2025-04-02T19:19:05.578+0000] {processor.py:208} INFO - Processing /home/airflow/.local/lib/python3.12/site-packages/airflow/example_dags/example_kubernetes_executor.py took 0.590 seconds
[2025-04-02T19:20:05.393+0000] {processor.py:186} INFO - Started process (PID=1654) to work on /home/airflow/.local/lib/python3.12/site-packages/airflow/example_dags/example_kubernetes_executor.py
[2025-04-02T19:20:05.407+0000] {processor.py:914} INFO - Processing file /home/airflow/.local/lib/python3.12/site-packages/airflow/example_dags/example_kubernetes_executor.py for tasks to queue
[2025-04-02T19:20:05.439+0000] {logging_mixin.py:190} INFO - [2025-04-02T19:20:05.438+0000] {dagbag.py:588} INFO - Filling up the DagBag from /home/airflow/.local/lib/python3.12/site-packages/airflow/example_dags/example_kubernetes_executor.py
[2025-04-02T19:20:05.615+0000] {processor.py:925} INFO - DAG(s) 'example_kubernetes_executor' retrieved from /home/airflow/.local/lib/python3.12/site-packages/airflow/example_dags/example_kubernetes_executor.py
[2025-04-02T19:20:05.811+0000] {logging_mixin.py:190} INFO - [2025-04-02T19:20:05.810+0000] {dag.py:3239} INFO - Sync 1 DAGs
[2025-04-02T19:20:05.931+0000] {logging_mixin.py:190} INFO - [2025-04-02T19:20:05.931+0000] {dag.py:4180} INFO - Setting next_dagrun for example_kubernetes_executor to None, run_after=None
[2025-04-02T19:20:06.129+0000] {processor.py:208} INFO - Processing /home/airflow/.local/lib/python3.12/site-packages/airflow/example_dags/example_kubernetes_executor.py took 0.757 seconds
[2025-04-02T19:20:44.390+0000] {processor.py:186} INFO - Started process (PID=1722) to work on /home/airflow/.local/lib/python3.12/site-packages/airflow/example_dags/example_kubernetes_executor.py
[2025-04-02T19:20:44.393+0000] {processor.py:914} INFO - Processing file /home/airflow/.local/lib/python3.12/site-packages/airflow/example_dags/example_kubernetes_executor.py for tasks to queue
[2025-04-02T19:20:44.400+0000] {logging_mixin.py:190} INFO - [2025-04-02T19:20:44.399+0000] {dagbag.py:588} INFO - Filling up the DagBag from /home/airflow/.local/lib/python3.12/site-packages/airflow/example_dags/example_kubernetes_executor.py
[2025-04-02T19:20:44.575+0000] {processor.py:925} INFO - DAG(s) 'example_kubernetes_executor' retrieved from /home/airflow/.local/lib/python3.12/site-packages/airflow/example_dags/example_kubernetes_executor.py
[2025-04-02T19:20:44.794+0000] {logging_mixin.py:190} INFO - [2025-04-02T19:20:44.794+0000] {dag.py:3239} INFO - Sync 1 DAGs
[2025-04-02T19:20:44.899+0000] {logging_mixin.py:190} INFO - [2025-04-02T19:20:44.898+0000] {dag.py:4180} INFO - Setting next_dagrun for example_kubernetes_executor to None, run_after=None
[2025-04-02T19:20:44.999+0000] {processor.py:208} INFO - Processing /home/airflow/.local/lib/python3.12/site-packages/airflow/example_dags/example_kubernetes_executor.py took 0.639 seconds
[2025-04-02T19:21:15.622+0000] {processor.py:186} INFO - Started process (PID=1784) to work on /home/airflow/.local/lib/python3.12/site-packages/airflow/example_dags/example_kubernetes_executor.py
[2025-04-02T19:21:15.625+0000] {processor.py:914} INFO - Processing file /home/airflow/.local/lib/python3.12/site-packages/airflow/example_dags/example_kubernetes_executor.py for tasks to queue
[2025-04-02T19:21:15.646+0000] {logging_mixin.py:190} INFO - [2025-04-02T19:21:15.645+0000] {dagbag.py:588} INFO - Filling up the DagBag from /home/airflow/.local/lib/python3.12/site-packages/airflow/example_dags/example_kubernetes_executor.py
[2025-04-02T19:21:15.820+0000] {processor.py:925} INFO - DAG(s) 'example_kubernetes_executor' retrieved from /home/airflow/.local/lib/python3.12/site-packages/airflow/example_dags/example_kubernetes_executor.py
[2025-04-02T19:21:16.045+0000] {logging_mixin.py:190} INFO - [2025-04-02T19:21:16.042+0000] {dag.py:3239} INFO - Sync 1 DAGs
[2025-04-02T19:21:16.126+0000] {logging_mixin.py:190} INFO - [2025-04-02T19:21:16.125+0000] {dag.py:4180} INFO - Setting next_dagrun for example_kubernetes_executor to None, run_after=None
[2025-04-02T19:21:16.204+0000] {processor.py:208} INFO - Processing /home/airflow/.local/lib/python3.12/site-packages/airflow/example_dags/example_kubernetes_executor.py took 0.614 seconds
[2025-04-02T19:21:49.437+0000] {processor.py:186} INFO - Started process (PID=1847) to work on /home/airflow/.local/lib/python3.12/site-packages/airflow/example_dags/example_kubernetes_executor.py
[2025-04-02T19:21:49.478+0000] {processor.py:914} INFO - Processing file /home/airflow/.local/lib/python3.12/site-packages/airflow/example_dags/example_kubernetes_executor.py for tasks to queue
[2025-04-02T19:21:49.495+0000] {logging_mixin.py:190} INFO - [2025-04-02T19:21:49.494+0000] {dagbag.py:588} INFO - Filling up the DagBag from /home/airflow/.local/lib/python3.12/site-packages/airflow/example_dags/example_kubernetes_executor.py
[2025-04-02T19:21:49.592+0000] {processor.py:925} INFO - DAG(s) 'example_kubernetes_executor' retrieved from /home/airflow/.local/lib/python3.12/site-packages/airflow/example_dags/example_kubernetes_executor.py
[2025-04-02T19:21:49.766+0000] {logging_mixin.py:190} INFO - [2025-04-02T19:21:49.766+0000] {dag.py:3239} INFO - Sync 1 DAGs
[2025-04-02T19:21:49.919+0000] {logging_mixin.py:190} INFO - [2025-04-02T19:21:49.918+0000] {dag.py:4180} INFO - Setting next_dagrun for example_kubernetes_executor to None, run_after=None
[2025-04-02T19:21:50.338+0000] {processor.py:208} INFO - Processing /home/airflow/.local/lib/python3.12/site-packages/airflow/example_dags/example_kubernetes_executor.py took 0.929 seconds
[2025-04-02T19:22:51.677+0000] {processor.py:186} INFO - Started process (PID=1925) to work on /home/airflow/.local/lib/python3.12/site-packages/airflow/example_dags/example_kubernetes_executor.py
[2025-04-02T19:22:51.679+0000] {processor.py:914} INFO - Processing file /home/airflow/.local/lib/python3.12/site-packages/airflow/example_dags/example_kubernetes_executor.py for tasks to queue
[2025-04-02T19:22:51.688+0000] {logging_mixin.py:190} INFO - [2025-04-02T19:22:51.687+0000] {dagbag.py:588} INFO - Filling up the DagBag from /home/airflow/.local/lib/python3.12/site-packages/airflow/example_dags/example_kubernetes_executor.py
[2025-04-02T19:22:51.771+0000] {processor.py:925} INFO - DAG(s) 'example_kubernetes_executor' retrieved from /home/airflow/.local/lib/python3.12/site-packages/airflow/example_dags/example_kubernetes_executor.py
[2025-04-02T19:22:51.946+0000] {logging_mixin.py:190} INFO - [2025-04-02T19:22:51.945+0000] {dag.py:3239} INFO - Sync 1 DAGs
[2025-04-02T19:22:52.066+0000] {logging_mixin.py:190} INFO - [2025-04-02T19:22:52.066+0000] {dag.py:4180} INFO - Setting next_dagrun for example_kubernetes_executor to None, run_after=None
[2025-04-02T19:22:52.217+0000] {processor.py:208} INFO - Processing /home/airflow/.local/lib/python3.12/site-packages/airflow/example_dags/example_kubernetes_executor.py took 0.566 seconds
[2025-04-02T19:23:23.036+0000] {processor.py:186} INFO - Started process (PID=1988) to work on /home/airflow/.local/lib/python3.12/site-packages/airflow/example_dags/example_kubernetes_executor.py
[2025-04-02T19:23:23.038+0000] {processor.py:914} INFO - Processing file /home/airflow/.local/lib/python3.12/site-packages/airflow/example_dags/example_kubernetes_executor.py for tasks to queue
[2025-04-02T19:23:23.044+0000] {logging_mixin.py:190} INFO - [2025-04-02T19:23:23.043+0000] {dagbag.py:588} INFO - Filling up the DagBag from /home/airflow/.local/lib/python3.12/site-packages/airflow/example_dags/example_kubernetes_executor.py
[2025-04-02T19:23:23.120+0000] {processor.py:925} INFO - DAG(s) 'example_kubernetes_executor' retrieved from /home/airflow/.local/lib/python3.12/site-packages/airflow/example_dags/example_kubernetes_executor.py
[2025-04-02T19:23:23.255+0000] {logging_mixin.py:190} INFO - [2025-04-02T19:23:23.254+0000] {dag.py:3239} INFO - Sync 1 DAGs
[2025-04-02T19:23:23.292+0000] {logging_mixin.py:190} INFO - [2025-04-02T19:23:23.291+0000] {dag.py:4180} INFO - Setting next_dagrun for example_kubernetes_executor to None, run_after=None
[2025-04-02T19:23:23.427+0000] {processor.py:208} INFO - Processing /home/airflow/.local/lib/python3.12/site-packages/airflow/example_dags/example_kubernetes_executor.py took 0.403 seconds
[2025-04-02T19:24:08.124+0000] {processor.py:186} INFO - Started process (PID=2057) to work on /home/airflow/.local/lib/python3.12/site-packages/airflow/example_dags/example_kubernetes_executor.py
[2025-04-02T19:24:08.126+0000] {processor.py:914} INFO - Processing file /home/airflow/.local/lib/python3.12/site-packages/airflow/example_dags/example_kubernetes_executor.py for tasks to queue
[2025-04-02T19:24:08.131+0000] {logging_mixin.py:190} INFO - [2025-04-02T19:24:08.131+0000] {dagbag.py:588} INFO - Filling up the DagBag from /home/airflow/.local/lib/python3.12/site-packages/airflow/example_dags/example_kubernetes_executor.py
[2025-04-02T19:24:08.184+0000] {processor.py:925} INFO - DAG(s) 'example_kubernetes_executor' retrieved from /home/airflow/.local/lib/python3.12/site-packages/airflow/example_dags/example_kubernetes_executor.py
[2025-04-02T19:24:08.288+0000] {logging_mixin.py:190} INFO - [2025-04-02T19:24:08.288+0000] {dag.py:3239} INFO - Sync 1 DAGs
[2025-04-02T19:24:08.389+0000] {logging_mixin.py:190} INFO - [2025-04-02T19:24:08.388+0000] {dag.py:4180} INFO - Setting next_dagrun for example_kubernetes_executor to None, run_after=None
[2025-04-02T19:24:08.474+0000] {processor.py:208} INFO - Processing /home/airflow/.local/lib/python3.12/site-packages/airflow/example_dags/example_kubernetes_executor.py took 0.367 seconds
