[2025-04-02T19:03:02.577+0000] {processor.py:186} INFO - Started process (PID=100) to work on /home/airflow/.local/lib/python3.12/site-packages/airflow/example_dags/example_complex.py
[2025-04-02T19:03:02.595+0000] {processor.py:914} INFO - Processing file /home/airflow/.local/lib/python3.12/site-packages/airflow/example_dags/example_complex.py for tasks to queue
[2025-04-02T19:03:02.602+0000] {logging_mixin.py:190} INFO - [2025-04-02T19:03:02.601+0000] {dagbag.py:588} INFO - Filling up the DagBag from /home/airflow/.local/lib/python3.12/site-packages/airflow/example_dags/example_complex.py
[2025-04-02T19:03:02.716+0000] {processor.py:925} INFO - DAG(s) 'example_complex' retrieved from /home/airflow/.local/lib/python3.12/site-packages/airflow/example_dags/example_complex.py
[2025-04-02T19:03:03.255+0000] {logging_mixin.py:190} INFO - [2025-04-02T19:03:03.254+0000] {override.py:1912} INFO - Created Permission View: can delete on DAG:example_complex
[2025-04-02T19:03:03.395+0000] {logging_mixin.py:190} INFO - [2025-04-02T19:03:03.394+0000] {override.py:1912} INFO - Created Permission View: can edit on DAG:example_complex
[2025-04-02T19:03:03.449+0000] {logging_mixin.py:190} INFO - [2025-04-02T19:03:03.448+0000] {override.py:1912} INFO - Created Permission View: can read on DAG:example_complex
[2025-04-02T19:03:03.507+0000] {logging_mixin.py:190} INFO - [2025-04-02T19:03:03.506+0000] {override.py:1912} INFO - Created Permission View: can delete on DAG Run:example_complex
[2025-04-02T19:03:03.616+0000] {logging_mixin.py:190} INFO - [2025-04-02T19:03:03.614+0000] {override.py:1912} INFO - Created Permission View: can read on DAG Run:example_complex
[2025-04-02T19:03:03.705+0000] {logging_mixin.py:190} INFO - [2025-04-02T19:03:03.704+0000] {override.py:1912} INFO - Created Permission View: can create on DAG Run:example_complex
[2025-04-02T19:03:03.785+0000] {logging_mixin.py:190} INFO - [2025-04-02T19:03:03.772+0000] {override.py:1912} INFO - Created Permission View: menu access on DAG Run:example_complex
[2025-04-02T19:03:03.789+0000] {logging_mixin.py:190} INFO - [2025-04-02T19:03:03.788+0000] {dag.py:3239} INFO - Sync 1 DAGs
[2025-04-02T19:03:04.160+0000] {logging_mixin.py:190} INFO - [2025-04-02T19:03:04.160+0000] {dag.py:3262} INFO - Creating ORM DAG for example_complex
[2025-04-02T19:03:04.177+0000] {logging_mixin.py:190} INFO - [2025-04-02T19:03:04.176+0000] {dag.py:4180} INFO - Setting next_dagrun for example_complex to None, run_after=None
[2025-04-02T19:03:04.422+0000] {processor.py:208} INFO - Processing /home/airflow/.local/lib/python3.12/site-packages/airflow/example_dags/example_complex.py took 1.871 seconds
[2025-04-02T19:04:25.679+0000] {processor.py:186} INFO - Started process (PID=169) to work on /home/airflow/.local/lib/python3.12/site-packages/airflow/example_dags/example_complex.py
[2025-04-02T19:04:25.682+0000] {processor.py:914} INFO - Processing file /home/airflow/.local/lib/python3.12/site-packages/airflow/example_dags/example_complex.py for tasks to queue
[2025-04-02T19:04:25.688+0000] {logging_mixin.py:190} INFO - [2025-04-02T19:04:25.687+0000] {dagbag.py:588} INFO - Filling up the DagBag from /home/airflow/.local/lib/python3.12/site-packages/airflow/example_dags/example_complex.py
[2025-04-02T19:04:25.740+0000] {processor.py:925} INFO - DAG(s) 'example_complex' retrieved from /home/airflow/.local/lib/python3.12/site-packages/airflow/example_dags/example_complex.py
[2025-04-02T19:04:25.895+0000] {logging_mixin.py:190} INFO - [2025-04-02T19:04:25.894+0000] {dag.py:3239} INFO - Sync 1 DAGs
[2025-04-02T19:04:26.033+0000] {logging_mixin.py:190} INFO - [2025-04-02T19:04:26.032+0000] {dag.py:4180} INFO - Setting next_dagrun for example_complex to None, run_after=None
[2025-04-02T19:04:26.168+0000] {processor.py:208} INFO - Processing /home/airflow/.local/lib/python3.12/site-packages/airflow/example_dags/example_complex.py took 0.512 seconds
[2025-04-02T19:04:56.659+0000] {processor.py:186} INFO - Started process (PID=232) to work on /home/airflow/.local/lib/python3.12/site-packages/airflow/example_dags/example_complex.py
[2025-04-02T19:04:56.662+0000] {processor.py:914} INFO - Processing file /home/airflow/.local/lib/python3.12/site-packages/airflow/example_dags/example_complex.py for tasks to queue
[2025-04-02T19:04:56.668+0000] {logging_mixin.py:190} INFO - [2025-04-02T19:04:56.667+0000] {dagbag.py:588} INFO - Filling up the DagBag from /home/airflow/.local/lib/python3.12/site-packages/airflow/example_dags/example_complex.py
[2025-04-02T19:04:56.720+0000] {processor.py:925} INFO - DAG(s) 'example_complex' retrieved from /home/airflow/.local/lib/python3.12/site-packages/airflow/example_dags/example_complex.py
[2025-04-02T19:04:56.838+0000] {logging_mixin.py:190} INFO - [2025-04-02T19:04:56.837+0000] {dag.py:3239} INFO - Sync 1 DAGs
[2025-04-02T19:04:56.937+0000] {logging_mixin.py:190} INFO - [2025-04-02T19:04:56.937+0000] {dag.py:4180} INFO - Setting next_dagrun for example_complex to None, run_after=None
[2025-04-02T19:04:57.164+0000] {processor.py:208} INFO - Processing /home/airflow/.local/lib/python3.12/site-packages/airflow/example_dags/example_complex.py took 0.523 seconds
[2025-04-02T19:05:34.101+0000] {processor.py:186} INFO - Started process (PID=300) to work on /home/airflow/.local/lib/python3.12/site-packages/airflow/example_dags/example_complex.py
[2025-04-02T19:05:34.103+0000] {processor.py:914} INFO - Processing file /home/airflow/.local/lib/python3.12/site-packages/airflow/example_dags/example_complex.py for tasks to queue
[2025-04-02T19:05:34.112+0000] {logging_mixin.py:190} INFO - [2025-04-02T19:05:34.111+0000] {dagbag.py:588} INFO - Filling up the DagBag from /home/airflow/.local/lib/python3.12/site-packages/airflow/example_dags/example_complex.py
[2025-04-02T19:05:34.146+0000] {processor.py:925} INFO - DAG(s) 'example_complex' retrieved from /home/airflow/.local/lib/python3.12/site-packages/airflow/example_dags/example_complex.py
[2025-04-02T19:05:34.313+0000] {logging_mixin.py:190} INFO - [2025-04-02T19:05:34.312+0000] {dag.py:3239} INFO - Sync 1 DAGs
[2025-04-02T19:05:34.365+0000] {logging_mixin.py:190} INFO - [2025-04-02T19:05:34.364+0000] {dag.py:4180} INFO - Setting next_dagrun for example_complex to None, run_after=None
[2025-04-02T19:05:34.456+0000] {processor.py:208} INFO - Processing /home/airflow/.local/lib/python3.12/site-packages/airflow/example_dags/example_complex.py took 0.375 seconds
[2025-04-02T19:06:05.109+0000] {processor.py:186} INFO - Started process (PID=364) to work on /home/airflow/.local/lib/python3.12/site-packages/airflow/example_dags/example_complex.py
[2025-04-02T19:06:05.112+0000] {processor.py:914} INFO - Processing file /home/airflow/.local/lib/python3.12/site-packages/airflow/example_dags/example_complex.py for tasks to queue
[2025-04-02T19:06:05.117+0000] {logging_mixin.py:190} INFO - [2025-04-02T19:06:05.116+0000] {dagbag.py:588} INFO - Filling up the DagBag from /home/airflow/.local/lib/python3.12/site-packages/airflow/example_dags/example_complex.py
[2025-04-02T19:06:05.145+0000] {processor.py:925} INFO - DAG(s) 'example_complex' retrieved from /home/airflow/.local/lib/python3.12/site-packages/airflow/example_dags/example_complex.py
[2025-04-02T19:06:05.289+0000] {logging_mixin.py:190} INFO - [2025-04-02T19:06:05.288+0000] {dag.py:3239} INFO - Sync 1 DAGs
[2025-04-02T19:06:05.330+0000] {logging_mixin.py:190} INFO - [2025-04-02T19:06:05.330+0000] {dag.py:4180} INFO - Setting next_dagrun for example_complex to None, run_after=None
[2025-04-02T19:06:05.371+0000] {processor.py:208} INFO - Processing /home/airflow/.local/lib/python3.12/site-packages/airflow/example_dags/example_complex.py took 0.274 seconds
[2025-04-02T19:06:40.482+0000] {processor.py:186} INFO - Started process (PID=412) to work on /home/airflow/.local/lib/python3.12/site-packages/airflow/example_dags/example_complex.py
[2025-04-02T19:06:40.485+0000] {processor.py:914} INFO - Processing file /home/airflow/.local/lib/python3.12/site-packages/airflow/example_dags/example_complex.py for tasks to queue
[2025-04-02T19:06:40.493+0000] {logging_mixin.py:190} INFO - [2025-04-02T19:06:40.491+0000] {dagbag.py:588} INFO - Filling up the DagBag from /home/airflow/.local/lib/python3.12/site-packages/airflow/example_dags/example_complex.py
[2025-04-02T19:06:40.548+0000] {processor.py:925} INFO - DAG(s) 'example_complex' retrieved from /home/airflow/.local/lib/python3.12/site-packages/airflow/example_dags/example_complex.py
[2025-04-02T19:06:40.660+0000] {logging_mixin.py:190} INFO - [2025-04-02T19:06:40.659+0000] {dag.py:3239} INFO - Sync 1 DAGs
[2025-04-02T19:06:40.717+0000] {logging_mixin.py:190} INFO - [2025-04-02T19:06:40.716+0000] {dag.py:4180} INFO - Setting next_dagrun for example_complex to None, run_after=None
[2025-04-02T19:06:40.807+0000] {processor.py:208} INFO - Processing /home/airflow/.local/lib/python3.12/site-packages/airflow/example_dags/example_complex.py took 0.363 seconds
[2025-04-02T19:07:17.726+0000] {processor.py:186} INFO - Started process (PID=469) to work on /home/airflow/.local/lib/python3.12/site-packages/airflow/example_dags/example_complex.py
[2025-04-02T19:07:17.737+0000] {processor.py:914} INFO - Processing file /home/airflow/.local/lib/python3.12/site-packages/airflow/example_dags/example_complex.py for tasks to queue
[2025-04-02T19:07:17.749+0000] {logging_mixin.py:190} INFO - [2025-04-02T19:07:17.747+0000] {dagbag.py:588} INFO - Filling up the DagBag from /home/airflow/.local/lib/python3.12/site-packages/airflow/example_dags/example_complex.py
[2025-04-02T19:07:17.821+0000] {processor.py:925} INFO - DAG(s) 'example_complex' retrieved from /home/airflow/.local/lib/python3.12/site-packages/airflow/example_dags/example_complex.py
[2025-04-02T19:07:17.924+0000] {logging_mixin.py:190} INFO - [2025-04-02T19:07:17.923+0000] {dag.py:3239} INFO - Sync 1 DAGs
[2025-04-02T19:07:18.005+0000] {logging_mixin.py:190} INFO - [2025-04-02T19:07:18.000+0000] {dag.py:4180} INFO - Setting next_dagrun for example_complex to None, run_after=None
[2025-04-02T19:07:18.107+0000] {processor.py:208} INFO - Processing /home/airflow/.local/lib/python3.12/site-packages/airflow/example_dags/example_complex.py took 0.407 seconds
[2025-04-02T19:07:52.294+0000] {processor.py:186} INFO - Started process (PID=532) to work on /home/airflow/.local/lib/python3.12/site-packages/airflow/example_dags/example_complex.py
[2025-04-02T19:07:52.307+0000] {processor.py:914} INFO - Processing file /home/airflow/.local/lib/python3.12/site-packages/airflow/example_dags/example_complex.py for tasks to queue
[2025-04-02T19:07:52.315+0000] {logging_mixin.py:190} INFO - [2025-04-02T19:07:52.312+0000] {dagbag.py:588} INFO - Filling up the DagBag from /home/airflow/.local/lib/python3.12/site-packages/airflow/example_dags/example_complex.py
[2025-04-02T19:07:52.390+0000] {processor.py:925} INFO - DAG(s) 'example_complex' retrieved from /home/airflow/.local/lib/python3.12/site-packages/airflow/example_dags/example_complex.py
[2025-04-02T19:07:52.608+0000] {logging_mixin.py:190} INFO - [2025-04-02T19:07:52.608+0000] {dag.py:3239} INFO - Sync 1 DAGs
[2025-04-02T19:07:52.705+0000] {logging_mixin.py:190} INFO - [2025-04-02T19:07:52.704+0000] {dag.py:4180} INFO - Setting next_dagrun for example_complex to None, run_after=None
[2025-04-02T19:07:52.774+0000] {processor.py:208} INFO - Processing /home/airflow/.local/lib/python3.12/site-packages/airflow/example_dags/example_complex.py took 0.518 seconds
[2025-04-02T19:08:32.912+0000] {processor.py:186} INFO - Started process (PID=600) to work on /home/airflow/.local/lib/python3.12/site-packages/airflow/example_dags/example_complex.py
[2025-04-02T19:08:32.914+0000] {processor.py:914} INFO - Processing file /home/airflow/.local/lib/python3.12/site-packages/airflow/example_dags/example_complex.py for tasks to queue
[2025-04-02T19:08:32.945+0000] {logging_mixin.py:190} INFO - [2025-04-02T19:08:32.944+0000] {dagbag.py:588} INFO - Filling up the DagBag from /home/airflow/.local/lib/python3.12/site-packages/airflow/example_dags/example_complex.py
[2025-04-02T19:08:33.081+0000] {processor.py:925} INFO - DAG(s) 'example_complex' retrieved from /home/airflow/.local/lib/python3.12/site-packages/airflow/example_dags/example_complex.py
[2025-04-02T19:08:33.339+0000] {logging_mixin.py:190} INFO - [2025-04-02T19:08:33.332+0000] {dag.py:3239} INFO - Sync 1 DAGs
[2025-04-02T19:08:33.452+0000] {logging_mixin.py:190} INFO - [2025-04-02T19:08:33.451+0000] {dag.py:4180} INFO - Setting next_dagrun for example_complex to None, run_after=None
[2025-04-02T19:08:33.596+0000] {processor.py:208} INFO - Processing /home/airflow/.local/lib/python3.12/site-packages/airflow/example_dags/example_complex.py took 0.738 seconds
[2025-04-02T19:09:14.077+0000] {processor.py:186} INFO - Started process (PID=658) to work on /home/airflow/.local/lib/python3.12/site-packages/airflow/example_dags/example_complex.py
[2025-04-02T19:09:14.080+0000] {processor.py:914} INFO - Processing file /home/airflow/.local/lib/python3.12/site-packages/airflow/example_dags/example_complex.py for tasks to queue
[2025-04-02T19:09:14.094+0000] {logging_mixin.py:190} INFO - [2025-04-02T19:09:14.087+0000] {dagbag.py:588} INFO - Filling up the DagBag from /home/airflow/.local/lib/python3.12/site-packages/airflow/example_dags/example_complex.py
[2025-04-02T19:09:14.204+0000] {processor.py:925} INFO - DAG(s) 'example_complex' retrieved from /home/airflow/.local/lib/python3.12/site-packages/airflow/example_dags/example_complex.py
[2025-04-02T19:09:14.511+0000] {logging_mixin.py:190} INFO - [2025-04-02T19:09:14.510+0000] {dag.py:3239} INFO - Sync 1 DAGs
[2025-04-02T19:09:14.630+0000] {logging_mixin.py:190} INFO - [2025-04-02T19:09:14.630+0000] {dag.py:4180} INFO - Setting next_dagrun for example_complex to None, run_after=None
[2025-04-02T19:09:14.812+0000] {processor.py:208} INFO - Processing /home/airflow/.local/lib/python3.12/site-packages/airflow/example_dags/example_complex.py took 0.795 seconds
[2025-04-02T19:10:20.575+0000] {processor.py:186} INFO - Started process (PID=701) to work on /home/airflow/.local/lib/python3.12/site-packages/airflow/example_dags/example_complex.py
[2025-04-02T19:10:20.596+0000] {processor.py:914} INFO - Processing file /home/airflow/.local/lib/python3.12/site-packages/airflow/example_dags/example_complex.py for tasks to queue
[2025-04-02T19:10:20.646+0000] {logging_mixin.py:190} INFO - [2025-04-02T19:10:20.645+0000] {dagbag.py:588} INFO - Filling up the DagBag from /home/airflow/.local/lib/python3.12/site-packages/airflow/example_dags/example_complex.py
[2025-04-02T19:10:20.906+0000] {processor.py:925} INFO - DAG(s) 'example_complex' retrieved from /home/airflow/.local/lib/python3.12/site-packages/airflow/example_dags/example_complex.py
[2025-04-02T19:10:21.309+0000] {logging_mixin.py:190} INFO - [2025-04-02T19:10:21.306+0000] {dag.py:3239} INFO - Sync 1 DAGs
[2025-04-02T19:10:21.437+0000] {logging_mixin.py:190} INFO - [2025-04-02T19:10:21.429+0000] {dag.py:4180} INFO - Setting next_dagrun for example_complex to None, run_after=None
[2025-04-02T19:10:21.737+0000] {processor.py:208} INFO - Processing /home/airflow/.local/lib/python3.12/site-packages/airflow/example_dags/example_complex.py took 1.247 seconds
[2025-04-02T19:10:53.283+0000] {processor.py:186} INFO - Started process (PID=763) to work on /home/airflow/.local/lib/python3.12/site-packages/airflow/example_dags/example_complex.py
[2025-04-02T19:10:53.348+0000] {processor.py:914} INFO - Processing file /home/airflow/.local/lib/python3.12/site-packages/airflow/example_dags/example_complex.py for tasks to queue
[2025-04-02T19:10:53.413+0000] {logging_mixin.py:190} INFO - [2025-04-02T19:10:53.411+0000] {dagbag.py:588} INFO - Filling up the DagBag from /home/airflow/.local/lib/python3.12/site-packages/airflow/example_dags/example_complex.py
[2025-04-02T19:10:53.585+0000] {processor.py:925} INFO - DAG(s) 'example_complex' retrieved from /home/airflow/.local/lib/python3.12/site-packages/airflow/example_dags/example_complex.py
[2025-04-02T19:10:54.049+0000] {logging_mixin.py:190} INFO - [2025-04-02T19:10:54.048+0000] {dag.py:3239} INFO - Sync 1 DAGs
[2025-04-02T19:10:54.210+0000] {logging_mixin.py:190} INFO - [2025-04-02T19:10:54.209+0000] {dag.py:4180} INFO - Setting next_dagrun for example_complex to None, run_after=None
[2025-04-02T19:10:54.454+0000] {processor.py:208} INFO - Processing /home/airflow/.local/lib/python3.12/site-packages/airflow/example_dags/example_complex.py took 1.228 seconds
[2025-04-02T19:11:31.188+0000] {processor.py:186} INFO - Started process (PID=825) to work on /home/airflow/.local/lib/python3.12/site-packages/airflow/example_dags/example_complex.py
[2025-04-02T19:11:31.191+0000] {processor.py:914} INFO - Processing file /home/airflow/.local/lib/python3.12/site-packages/airflow/example_dags/example_complex.py for tasks to queue
[2025-04-02T19:11:31.206+0000] {logging_mixin.py:190} INFO - [2025-04-02T19:11:31.205+0000] {dagbag.py:588} INFO - Filling up the DagBag from /home/airflow/.local/lib/python3.12/site-packages/airflow/example_dags/example_complex.py
[2025-04-02T19:11:31.299+0000] {processor.py:925} INFO - DAG(s) 'example_complex' retrieved from /home/airflow/.local/lib/python3.12/site-packages/airflow/example_dags/example_complex.py
[2025-04-02T19:11:31.463+0000] {logging_mixin.py:190} INFO - [2025-04-02T19:11:31.463+0000] {dag.py:3239} INFO - Sync 1 DAGs
[2025-04-02T19:11:31.574+0000] {logging_mixin.py:190} INFO - [2025-04-02T19:11:31.573+0000] {dag.py:4180} INFO - Setting next_dagrun for example_complex to None, run_after=None
[2025-04-02T19:11:31.702+0000] {processor.py:208} INFO - Processing /home/airflow/.local/lib/python3.12/site-packages/airflow/example_dags/example_complex.py took 0.539 seconds
[2025-04-02T19:12:07.083+0000] {processor.py:186} INFO - Started process (PID=893) to work on /home/airflow/.local/lib/python3.12/site-packages/airflow/example_dags/example_complex.py
[2025-04-02T19:12:07.123+0000] {processor.py:914} INFO - Processing file /home/airflow/.local/lib/python3.12/site-packages/airflow/example_dags/example_complex.py for tasks to queue
[2025-04-02T19:12:07.142+0000] {logging_mixin.py:190} INFO - [2025-04-02T19:12:07.141+0000] {dagbag.py:588} INFO - Filling up the DagBag from /home/airflow/.local/lib/python3.12/site-packages/airflow/example_dags/example_complex.py
[2025-04-02T19:12:07.266+0000] {processor.py:925} INFO - DAG(s) 'example_complex' retrieved from /home/airflow/.local/lib/python3.12/site-packages/airflow/example_dags/example_complex.py
[2025-04-02T19:12:07.523+0000] {logging_mixin.py:190} INFO - [2025-04-02T19:12:07.522+0000] {dag.py:3239} INFO - Sync 1 DAGs
[2025-04-02T19:12:07.626+0000] {logging_mixin.py:190} INFO - [2025-04-02T19:12:07.625+0000] {dag.py:4180} INFO - Setting next_dagrun for example_complex to None, run_after=None
[2025-04-02T19:12:07.798+0000] {processor.py:208} INFO - Processing /home/airflow/.local/lib/python3.12/site-packages/airflow/example_dags/example_complex.py took 0.753 seconds
[2025-04-02T19:12:41.806+0000] {processor.py:186} INFO - Started process (PID=956) to work on /home/airflow/.local/lib/python3.12/site-packages/airflow/example_dags/example_complex.py
[2025-04-02T19:12:41.874+0000] {processor.py:914} INFO - Processing file /home/airflow/.local/lib/python3.12/site-packages/airflow/example_dags/example_complex.py for tasks to queue
[2025-04-02T19:12:41.929+0000] {logging_mixin.py:190} INFO - [2025-04-02T19:12:41.927+0000] {dagbag.py:588} INFO - Filling up the DagBag from /home/airflow/.local/lib/python3.12/site-packages/airflow/example_dags/example_complex.py
[2025-04-02T19:12:42.106+0000] {processor.py:925} INFO - DAG(s) 'example_complex' retrieved from /home/airflow/.local/lib/python3.12/site-packages/airflow/example_dags/example_complex.py
[2025-04-02T19:12:42.372+0000] {logging_mixin.py:190} INFO - [2025-04-02T19:12:42.372+0000] {dag.py:3239} INFO - Sync 1 DAGs
[2025-04-02T19:12:42.508+0000] {logging_mixin.py:190} INFO - [2025-04-02T19:12:42.507+0000] {dag.py:4180} INFO - Setting next_dagrun for example_complex to None, run_after=None
[2025-04-02T19:12:42.625+0000] {processor.py:208} INFO - Processing /home/airflow/.local/lib/python3.12/site-packages/airflow/example_dags/example_complex.py took 0.892 seconds
[2025-04-02T19:13:18.798+0000] {processor.py:186} INFO - Started process (PID=1018) to work on /home/airflow/.local/lib/python3.12/site-packages/airflow/example_dags/example_complex.py
[2025-04-02T19:13:18.801+0000] {processor.py:914} INFO - Processing file /home/airflow/.local/lib/python3.12/site-packages/airflow/example_dags/example_complex.py for tasks to queue
[2025-04-02T19:13:18.818+0000] {logging_mixin.py:190} INFO - [2025-04-02T19:13:18.816+0000] {dagbag.py:588} INFO - Filling up the DagBag from /home/airflow/.local/lib/python3.12/site-packages/airflow/example_dags/example_complex.py
[2025-04-02T19:13:18.981+0000] {processor.py:925} INFO - DAG(s) 'example_complex' retrieved from /home/airflow/.local/lib/python3.12/site-packages/airflow/example_dags/example_complex.py
[2025-04-02T19:13:19.337+0000] {logging_mixin.py:190} INFO - [2025-04-02T19:13:19.336+0000] {dag.py:3239} INFO - Sync 1 DAGs
[2025-04-02T19:13:19.596+0000] {logging_mixin.py:190} INFO - [2025-04-02T19:13:19.596+0000] {dag.py:4180} INFO - Setting next_dagrun for example_complex to None, run_after=None
[2025-04-02T19:13:19.810+0000] {processor.py:208} INFO - Processing /home/airflow/.local/lib/python3.12/site-packages/airflow/example_dags/example_complex.py took 1.060 seconds
[2025-04-02T19:13:54.558+0000] {processor.py:186} INFO - Started process (PID=1081) to work on /home/airflow/.local/lib/python3.12/site-packages/airflow/example_dags/example_complex.py
[2025-04-02T19:13:54.571+0000] {processor.py:914} INFO - Processing file /home/airflow/.local/lib/python3.12/site-packages/airflow/example_dags/example_complex.py for tasks to queue
[2025-04-02T19:13:54.588+0000] {logging_mixin.py:190} INFO - [2025-04-02T19:13:54.588+0000] {dagbag.py:588} INFO - Filling up the DagBag from /home/airflow/.local/lib/python3.12/site-packages/airflow/example_dags/example_complex.py
[2025-04-02T19:13:54.773+0000] {processor.py:925} INFO - DAG(s) 'example_complex' retrieved from /home/airflow/.local/lib/python3.12/site-packages/airflow/example_dags/example_complex.py
[2025-04-02T19:13:55.348+0000] {logging_mixin.py:190} INFO - [2025-04-02T19:13:55.347+0000] {dag.py:3239} INFO - Sync 1 DAGs
[2025-04-02T19:13:55.585+0000] {logging_mixin.py:190} INFO - [2025-04-02T19:13:55.584+0000] {dag.py:4180} INFO - Setting next_dagrun for example_complex to None, run_after=None
[2025-04-02T19:13:55.810+0000] {processor.py:208} INFO - Processing /home/airflow/.local/lib/python3.12/site-packages/airflow/example_dags/example_complex.py took 1.284 seconds
[2025-04-02T19:14:35.603+0000] {processor.py:186} INFO - Started process (PID=1137) to work on /home/airflow/.local/lib/python3.12/site-packages/airflow/example_dags/example_complex.py
[2025-04-02T19:14:35.609+0000] {processor.py:914} INFO - Processing file /home/airflow/.local/lib/python3.12/site-packages/airflow/example_dags/example_complex.py for tasks to queue
[2025-04-02T19:14:35.618+0000] {logging_mixin.py:190} INFO - [2025-04-02T19:14:35.616+0000] {dagbag.py:588} INFO - Filling up the DagBag from /home/airflow/.local/lib/python3.12/site-packages/airflow/example_dags/example_complex.py
[2025-04-02T19:14:35.677+0000] {processor.py:925} INFO - DAG(s) 'example_complex' retrieved from /home/airflow/.local/lib/python3.12/site-packages/airflow/example_dags/example_complex.py
[2025-04-02T19:14:35.972+0000] {logging_mixin.py:190} INFO - [2025-04-02T19:14:35.972+0000] {dag.py:3239} INFO - Sync 1 DAGs
[2025-04-02T19:14:36.096+0000] {logging_mixin.py:190} INFO - [2025-04-02T19:14:36.096+0000] {dag.py:4180} INFO - Setting next_dagrun for example_complex to None, run_after=None
[2025-04-02T19:14:36.333+0000] {processor.py:208} INFO - Processing /home/airflow/.local/lib/python3.12/site-packages/airflow/example_dags/example_complex.py took 0.747 seconds
[2025-04-02T19:15:24.733+0000] {processor.py:186} INFO - Started process (PID=1190) to work on /home/airflow/.local/lib/python3.12/site-packages/airflow/example_dags/example_complex.py
[2025-04-02T19:15:24.743+0000] {processor.py:914} INFO - Processing file /home/airflow/.local/lib/python3.12/site-packages/airflow/example_dags/example_complex.py for tasks to queue
[2025-04-02T19:15:24.765+0000] {logging_mixin.py:190} INFO - [2025-04-02T19:15:24.764+0000] {dagbag.py:588} INFO - Filling up the DagBag from /home/airflow/.local/lib/python3.12/site-packages/airflow/example_dags/example_complex.py
[2025-04-02T19:15:24.913+0000] {processor.py:925} INFO - DAG(s) 'example_complex' retrieved from /home/airflow/.local/lib/python3.12/site-packages/airflow/example_dags/example_complex.py
[2025-04-02T19:15:25.292+0000] {logging_mixin.py:190} INFO - [2025-04-02T19:15:25.291+0000] {dag.py:3239} INFO - Sync 1 DAGs
[2025-04-02T19:15:25.454+0000] {logging_mixin.py:190} INFO - [2025-04-02T19:15:25.453+0000] {dag.py:4180} INFO - Setting next_dagrun for example_complex to None, run_after=None
[2025-04-02T19:15:25.694+0000] {processor.py:208} INFO - Processing /home/airflow/.local/lib/python3.12/site-packages/airflow/example_dags/example_complex.py took 0.992 seconds
[2025-04-02T19:16:07.467+0000] {processor.py:186} INFO - Started process (PID=1258) to work on /home/airflow/.local/lib/python3.12/site-packages/airflow/example_dags/example_complex.py
[2025-04-02T19:16:07.470+0000] {processor.py:914} INFO - Processing file /home/airflow/.local/lib/python3.12/site-packages/airflow/example_dags/example_complex.py for tasks to queue
[2025-04-02T19:16:07.479+0000] {logging_mixin.py:190} INFO - [2025-04-02T19:16:07.475+0000] {dagbag.py:588} INFO - Filling up the DagBag from /home/airflow/.local/lib/python3.12/site-packages/airflow/example_dags/example_complex.py
[2025-04-02T19:16:07.530+0000] {processor.py:925} INFO - DAG(s) 'example_complex' retrieved from /home/airflow/.local/lib/python3.12/site-packages/airflow/example_dags/example_complex.py
[2025-04-02T19:16:07.699+0000] {logging_mixin.py:190} INFO - [2025-04-02T19:16:07.691+0000] {dag.py:3239} INFO - Sync 1 DAGs
[2025-04-02T19:16:07.798+0000] {logging_mixin.py:190} INFO - [2025-04-02T19:16:07.797+0000] {dag.py:4180} INFO - Setting next_dagrun for example_complex to None, run_after=None
[2025-04-02T19:16:07.936+0000] {processor.py:208} INFO - Processing /home/airflow/.local/lib/python3.12/site-packages/airflow/example_dags/example_complex.py took 0.504 seconds
[2025-04-02T19:16:45.538+0000] {processor.py:186} INFO - Started process (PID=1318) to work on /home/airflow/.local/lib/python3.12/site-packages/airflow/example_dags/example_complex.py
[2025-04-02T19:16:45.543+0000] {processor.py:914} INFO - Processing file /home/airflow/.local/lib/python3.12/site-packages/airflow/example_dags/example_complex.py for tasks to queue
[2025-04-02T19:16:45.559+0000] {logging_mixin.py:190} INFO - [2025-04-02T19:16:45.558+0000] {dagbag.py:588} INFO - Filling up the DagBag from /home/airflow/.local/lib/python3.12/site-packages/airflow/example_dags/example_complex.py
[2025-04-02T19:16:45.633+0000] {processor.py:925} INFO - DAG(s) 'example_complex' retrieved from /home/airflow/.local/lib/python3.12/site-packages/airflow/example_dags/example_complex.py
[2025-04-02T19:16:45.806+0000] {logging_mixin.py:190} INFO - [2025-04-02T19:16:45.805+0000] {dag.py:3239} INFO - Sync 1 DAGs
[2025-04-02T19:16:45.920+0000] {logging_mixin.py:190} INFO - [2025-04-02T19:16:45.919+0000] {dag.py:4180} INFO - Setting next_dagrun for example_complex to None, run_after=None
[2025-04-02T19:16:46.003+0000] {processor.py:208} INFO - Processing /home/airflow/.local/lib/python3.12/site-packages/airflow/example_dags/example_complex.py took 0.481 seconds
[2025-04-02T19:17:21.359+0000] {processor.py:186} INFO - Started process (PID=1382) to work on /home/airflow/.local/lib/python3.12/site-packages/airflow/example_dags/example_complex.py
[2025-04-02T19:17:21.361+0000] {processor.py:914} INFO - Processing file /home/airflow/.local/lib/python3.12/site-packages/airflow/example_dags/example_complex.py for tasks to queue
[2025-04-02T19:17:21.394+0000] {logging_mixin.py:190} INFO - [2025-04-02T19:17:21.393+0000] {dagbag.py:588} INFO - Filling up the DagBag from /home/airflow/.local/lib/python3.12/site-packages/airflow/example_dags/example_complex.py
[2025-04-02T19:17:21.474+0000] {processor.py:925} INFO - DAG(s) 'example_complex' retrieved from /home/airflow/.local/lib/python3.12/site-packages/airflow/example_dags/example_complex.py
[2025-04-02T19:17:21.651+0000] {logging_mixin.py:190} INFO - [2025-04-02T19:17:21.651+0000] {dag.py:3239} INFO - Sync 1 DAGs
[2025-04-02T19:17:21.788+0000] {logging_mixin.py:190} INFO - [2025-04-02T19:17:21.788+0000] {dag.py:4180} INFO - Setting next_dagrun for example_complex to None, run_after=None
[2025-04-02T19:17:21.874+0000] {processor.py:208} INFO - Processing /home/airflow/.local/lib/python3.12/site-packages/airflow/example_dags/example_complex.py took 0.532 seconds
[2025-04-02T19:17:52.111+0000] {processor.py:186} INFO - Started process (PID=1442) to work on /home/airflow/.local/lib/python3.12/site-packages/airflow/example_dags/example_complex.py
[2025-04-02T19:17:52.121+0000] {processor.py:914} INFO - Processing file /home/airflow/.local/lib/python3.12/site-packages/airflow/example_dags/example_complex.py for tasks to queue
[2025-04-02T19:17:52.128+0000] {logging_mixin.py:190} INFO - [2025-04-02T19:17:52.127+0000] {dagbag.py:588} INFO - Filling up the DagBag from /home/airflow/.local/lib/python3.12/site-packages/airflow/example_dags/example_complex.py
[2025-04-02T19:17:52.187+0000] {processor.py:925} INFO - DAG(s) 'example_complex' retrieved from /home/airflow/.local/lib/python3.12/site-packages/airflow/example_dags/example_complex.py
[2025-04-02T19:17:52.340+0000] {logging_mixin.py:190} INFO - [2025-04-02T19:17:52.339+0000] {dag.py:3239} INFO - Sync 1 DAGs
[2025-04-02T19:17:52.447+0000] {logging_mixin.py:190} INFO - [2025-04-02T19:17:52.446+0000] {dag.py:4180} INFO - Setting next_dagrun for example_complex to None, run_after=None
[2025-04-02T19:17:52.536+0000] {processor.py:208} INFO - Processing /home/airflow/.local/lib/python3.12/site-packages/airflow/example_dags/example_complex.py took 0.452 seconds
[2025-04-02T19:18:22.707+0000] {processor.py:186} INFO - Started process (PID=1503) to work on /home/airflow/.local/lib/python3.12/site-packages/airflow/example_dags/example_complex.py
[2025-04-02T19:18:22.709+0000] {processor.py:914} INFO - Processing file /home/airflow/.local/lib/python3.12/site-packages/airflow/example_dags/example_complex.py for tasks to queue
[2025-04-02T19:18:22.716+0000] {logging_mixin.py:190} INFO - [2025-04-02T19:18:22.715+0000] {dagbag.py:588} INFO - Filling up the DagBag from /home/airflow/.local/lib/python3.12/site-packages/airflow/example_dags/example_complex.py
[2025-04-02T19:18:22.765+0000] {processor.py:925} INFO - DAG(s) 'example_complex' retrieved from /home/airflow/.local/lib/python3.12/site-packages/airflow/example_dags/example_complex.py
[2025-04-02T19:18:22.881+0000] {logging_mixin.py:190} INFO - [2025-04-02T19:18:22.880+0000] {dag.py:3239} INFO - Sync 1 DAGs
[2025-04-02T19:18:22.921+0000] {logging_mixin.py:190} INFO - [2025-04-02T19:18:22.921+0000] {dag.py:4180} INFO - Setting next_dagrun for example_complex to None, run_after=None
[2025-04-02T19:18:22.976+0000] {processor.py:208} INFO - Processing /home/airflow/.local/lib/python3.12/site-packages/airflow/example_dags/example_complex.py took 0.286 seconds
[2025-04-02T19:18:59.077+0000] {processor.py:186} INFO - Started process (PID=1564) to work on /home/airflow/.local/lib/python3.12/site-packages/airflow/example_dags/example_complex.py
[2025-04-02T19:18:59.085+0000] {processor.py:914} INFO - Processing file /home/airflow/.local/lib/python3.12/site-packages/airflow/example_dags/example_complex.py for tasks to queue
[2025-04-02T19:18:59.093+0000] {logging_mixin.py:190} INFO - [2025-04-02T19:18:59.093+0000] {dagbag.py:588} INFO - Filling up the DagBag from /home/airflow/.local/lib/python3.12/site-packages/airflow/example_dags/example_complex.py
[2025-04-02T19:18:59.192+0000] {processor.py:925} INFO - DAG(s) 'example_complex' retrieved from /home/airflow/.local/lib/python3.12/site-packages/airflow/example_dags/example_complex.py
[2025-04-02T19:18:59.419+0000] {logging_mixin.py:190} INFO - [2025-04-02T19:18:59.419+0000] {dag.py:3239} INFO - Sync 1 DAGs
[2025-04-02T19:18:59.545+0000] {logging_mixin.py:190} INFO - [2025-04-02T19:18:59.544+0000] {dag.py:4180} INFO - Setting next_dagrun for example_complex to None, run_after=None
[2025-04-02T19:18:59.660+0000] {processor.py:208} INFO - Processing /home/airflow/.local/lib/python3.12/site-packages/airflow/example_dags/example_complex.py took 0.635 seconds
[2025-04-02T19:19:36.766+0000] {processor.py:186} INFO - Started process (PID=1619) to work on /home/airflow/.local/lib/python3.12/site-packages/airflow/example_dags/example_complex.py
[2025-04-02T19:19:36.780+0000] {processor.py:914} INFO - Processing file /home/airflow/.local/lib/python3.12/site-packages/airflow/example_dags/example_complex.py for tasks to queue
[2025-04-02T19:19:36.797+0000] {logging_mixin.py:190} INFO - [2025-04-02T19:19:36.796+0000] {dagbag.py:588} INFO - Filling up the DagBag from /home/airflow/.local/lib/python3.12/site-packages/airflow/example_dags/example_complex.py
[2025-04-02T19:19:36.959+0000] {processor.py:925} INFO - DAG(s) 'example_complex' retrieved from /home/airflow/.local/lib/python3.12/site-packages/airflow/example_dags/example_complex.py
[2025-04-02T19:19:37.398+0000] {logging_mixin.py:190} INFO - [2025-04-02T19:19:37.398+0000] {dag.py:3239} INFO - Sync 1 DAGs
[2025-04-02T19:19:37.544+0000] {logging_mixin.py:190} INFO - [2025-04-02T19:19:37.543+0000] {dag.py:4180} INFO - Setting next_dagrun for example_complex to None, run_after=None
[2025-04-02T19:19:37.702+0000] {processor.py:208} INFO - Processing /home/airflow/.local/lib/python3.12/site-packages/airflow/example_dags/example_complex.py took 0.983 seconds
[2025-04-02T19:20:14.391+0000] {processor.py:186} INFO - Started process (PID=1673) to work on /home/airflow/.local/lib/python3.12/site-packages/airflow/example_dags/example_complex.py
[2025-04-02T19:20:14.413+0000] {processor.py:914} INFO - Processing file /home/airflow/.local/lib/python3.12/site-packages/airflow/example_dags/example_complex.py for tasks to queue
[2025-04-02T19:20:14.422+0000] {logging_mixin.py:190} INFO - [2025-04-02T19:20:14.421+0000] {dagbag.py:588} INFO - Filling up the DagBag from /home/airflow/.local/lib/python3.12/site-packages/airflow/example_dags/example_complex.py
[2025-04-02T19:20:14.579+0000] {processor.py:925} INFO - DAG(s) 'example_complex' retrieved from /home/airflow/.local/lib/python3.12/site-packages/airflow/example_dags/example_complex.py
[2025-04-02T19:20:14.913+0000] {logging_mixin.py:190} INFO - [2025-04-02T19:20:14.912+0000] {dag.py:3239} INFO - Sync 1 DAGs
[2025-04-02T19:20:15.059+0000] {logging_mixin.py:190} INFO - [2025-04-02T19:20:15.059+0000] {dag.py:4180} INFO - Setting next_dagrun for example_complex to None, run_after=None
[2025-04-02T19:20:15.275+0000] {processor.py:208} INFO - Processing /home/airflow/.local/lib/python3.12/site-packages/airflow/example_dags/example_complex.py took 0.936 seconds
[2025-04-02T19:20:53.114+0000] {processor.py:186} INFO - Started process (PID=1736) to work on /home/airflow/.local/lib/python3.12/site-packages/airflow/example_dags/example_complex.py
[2025-04-02T19:20:53.117+0000] {processor.py:914} INFO - Processing file /home/airflow/.local/lib/python3.12/site-packages/airflow/example_dags/example_complex.py for tasks to queue
[2025-04-02T19:20:53.128+0000] {logging_mixin.py:190} INFO - [2025-04-02T19:20:53.127+0000] {dagbag.py:588} INFO - Filling up the DagBag from /home/airflow/.local/lib/python3.12/site-packages/airflow/example_dags/example_complex.py
[2025-04-02T19:20:53.190+0000] {processor.py:925} INFO - DAG(s) 'example_complex' retrieved from /home/airflow/.local/lib/python3.12/site-packages/airflow/example_dags/example_complex.py
[2025-04-02T19:20:53.463+0000] {logging_mixin.py:190} INFO - [2025-04-02T19:20:53.462+0000] {dag.py:3239} INFO - Sync 1 DAGs
[2025-04-02T19:20:53.595+0000] {logging_mixin.py:190} INFO - [2025-04-02T19:20:53.595+0000] {dag.py:4180} INFO - Setting next_dagrun for example_complex to None, run_after=None
[2025-04-02T19:20:53.928+0000] {processor.py:208} INFO - Processing /home/airflow/.local/lib/python3.12/site-packages/airflow/example_dags/example_complex.py took 0.837 seconds
[2025-04-02T19:21:25.556+0000] {processor.py:186} INFO - Started process (PID=1799) to work on /home/airflow/.local/lib/python3.12/site-packages/airflow/example_dags/example_complex.py
[2025-04-02T19:21:25.593+0000] {processor.py:914} INFO - Processing file /home/airflow/.local/lib/python3.12/site-packages/airflow/example_dags/example_complex.py for tasks to queue
[2025-04-02T19:21:25.626+0000] {logging_mixin.py:190} INFO - [2025-04-02T19:21:25.613+0000] {dagbag.py:588} INFO - Filling up the DagBag from /home/airflow/.local/lib/python3.12/site-packages/airflow/example_dags/example_complex.py
[2025-04-02T19:21:25.820+0000] {processor.py:925} INFO - DAG(s) 'example_complex' retrieved from /home/airflow/.local/lib/python3.12/site-packages/airflow/example_dags/example_complex.py
[2025-04-02T19:21:26.090+0000] {logging_mixin.py:190} INFO - [2025-04-02T19:21:26.089+0000] {dag.py:3239} INFO - Sync 1 DAGs
[2025-04-02T19:21:26.197+0000] {logging_mixin.py:190} INFO - [2025-04-02T19:21:26.192+0000] {dag.py:4180} INFO - Setting next_dagrun for example_complex to None, run_after=None
[2025-04-02T19:21:26.289+0000] {processor.py:208} INFO - Processing /home/airflow/.local/lib/python3.12/site-packages/airflow/example_dags/example_complex.py took 0.782 seconds
[2025-04-02T19:21:59.118+0000] {processor.py:186} INFO - Started process (PID=1859) to work on /home/airflow/.local/lib/python3.12/site-packages/airflow/example_dags/example_complex.py
[2025-04-02T19:21:59.133+0000] {processor.py:914} INFO - Processing file /home/airflow/.local/lib/python3.12/site-packages/airflow/example_dags/example_complex.py for tasks to queue
[2025-04-02T19:21:59.151+0000] {logging_mixin.py:190} INFO - [2025-04-02T19:21:59.150+0000] {dagbag.py:588} INFO - Filling up the DagBag from /home/airflow/.local/lib/python3.12/site-packages/airflow/example_dags/example_complex.py
[2025-04-02T19:21:59.246+0000] {processor.py:925} INFO - DAG(s) 'example_complex' retrieved from /home/airflow/.local/lib/python3.12/site-packages/airflow/example_dags/example_complex.py
[2025-04-02T19:21:59.574+0000] {logging_mixin.py:190} INFO - [2025-04-02T19:21:59.573+0000] {dag.py:3239} INFO - Sync 1 DAGs
[2025-04-02T19:21:59.813+0000] {logging_mixin.py:190} INFO - [2025-04-02T19:21:59.812+0000] {dag.py:4180} INFO - Setting next_dagrun for example_complex to None, run_after=None
[2025-04-02T19:21:59.993+0000] {processor.py:208} INFO - Processing /home/airflow/.local/lib/python3.12/site-packages/airflow/example_dags/example_complex.py took 0.903 seconds
[2025-04-02T19:22:35.824+0000] {processor.py:186} INFO - Started process (PID=1910) to work on /home/airflow/.local/lib/python3.12/site-packages/airflow/example_dags/example_complex.py
[2025-04-02T19:22:35.826+0000] {processor.py:914} INFO - Processing file /home/airflow/.local/lib/python3.12/site-packages/airflow/example_dags/example_complex.py for tasks to queue
[2025-04-02T19:22:35.853+0000] {logging_mixin.py:190} INFO - [2025-04-02T19:22:35.842+0000] {dagbag.py:588} INFO - Filling up the DagBag from /home/airflow/.local/lib/python3.12/site-packages/airflow/example_dags/example_complex.py
[2025-04-02T19:22:35.998+0000] {processor.py:925} INFO - DAG(s) 'example_complex' retrieved from /home/airflow/.local/lib/python3.12/site-packages/airflow/example_dags/example_complex.py
[2025-04-02T19:22:36.341+0000] {logging_mixin.py:190} INFO - [2025-04-02T19:22:36.341+0000] {dag.py:3239} INFO - Sync 1 DAGs
[2025-04-02T19:22:36.483+0000] {logging_mixin.py:190} INFO - [2025-04-02T19:22:36.482+0000] {dag.py:4180} INFO - Setting next_dagrun for example_complex to None, run_after=None
[2025-04-02T19:22:36.643+0000] {processor.py:208} INFO - Processing /home/airflow/.local/lib/python3.12/site-packages/airflow/example_dags/example_complex.py took 0.869 seconds
[2025-04-02T19:23:09.661+0000] {processor.py:186} INFO - Started process (PID=1963) to work on /home/airflow/.local/lib/python3.12/site-packages/airflow/example_dags/example_complex.py
[2025-04-02T19:23:09.672+0000] {processor.py:914} INFO - Processing file /home/airflow/.local/lib/python3.12/site-packages/airflow/example_dags/example_complex.py for tasks to queue
[2025-04-02T19:23:09.692+0000] {logging_mixin.py:190} INFO - [2025-04-02T19:23:09.691+0000] {dagbag.py:588} INFO - Filling up the DagBag from /home/airflow/.local/lib/python3.12/site-packages/airflow/example_dags/example_complex.py
[2025-04-02T19:23:09.755+0000] {processor.py:925} INFO - DAG(s) 'example_complex' retrieved from /home/airflow/.local/lib/python3.12/site-packages/airflow/example_dags/example_complex.py
[2025-04-02T19:23:09.912+0000] {logging_mixin.py:190} INFO - [2025-04-02T19:23:09.908+0000] {dag.py:3239} INFO - Sync 1 DAGs
[2025-04-02T19:23:09.978+0000] {logging_mixin.py:190} INFO - [2025-04-02T19:23:09.978+0000] {dag.py:4180} INFO - Setting next_dagrun for example_complex to None, run_after=None
[2025-04-02T19:23:10.036+0000] {processor.py:208} INFO - Processing /home/airflow/.local/lib/python3.12/site-packages/airflow/example_dags/example_complex.py took 0.399 seconds
[2025-04-02T19:23:53.021+0000] {processor.py:186} INFO - Started process (PID=2031) to work on /home/airflow/.local/lib/python3.12/site-packages/airflow/example_dags/example_complex.py
[2025-04-02T19:23:53.033+0000] {processor.py:914} INFO - Processing file /home/airflow/.local/lib/python3.12/site-packages/airflow/example_dags/example_complex.py for tasks to queue
[2025-04-02T19:23:53.050+0000] {logging_mixin.py:190} INFO - [2025-04-02T19:23:53.049+0000] {dagbag.py:588} INFO - Filling up the DagBag from /home/airflow/.local/lib/python3.12/site-packages/airflow/example_dags/example_complex.py
[2025-04-02T19:23:53.267+0000] {processor.py:925} INFO - DAG(s) 'example_complex' retrieved from /home/airflow/.local/lib/python3.12/site-packages/airflow/example_dags/example_complex.py
[2025-04-02T19:23:53.730+0000] {logging_mixin.py:190} INFO - [2025-04-02T19:23:53.729+0000] {dag.py:3239} INFO - Sync 1 DAGs
[2025-04-02T19:23:53.914+0000] {logging_mixin.py:190} INFO - [2025-04-02T19:23:53.914+0000] {dag.py:4180} INFO - Setting next_dagrun for example_complex to None, run_after=None
[2025-04-02T19:23:54.266+0000] {processor.py:208} INFO - Processing /home/airflow/.local/lib/python3.12/site-packages/airflow/example_dags/example_complex.py took 1.306 seconds
[2025-04-02T19:24:24.932+0000] {processor.py:186} INFO - Started process (PID=2094) to work on /home/airflow/.local/lib/python3.12/site-packages/airflow/example_dags/example_complex.py
[2025-04-02T19:24:24.934+0000] {processor.py:914} INFO - Processing file /home/airflow/.local/lib/python3.12/site-packages/airflow/example_dags/example_complex.py for tasks to queue
[2025-04-02T19:24:24.940+0000] {logging_mixin.py:190} INFO - [2025-04-02T19:24:24.939+0000] {dagbag.py:588} INFO - Filling up the DagBag from /home/airflow/.local/lib/python3.12/site-packages/airflow/example_dags/example_complex.py
[2025-04-02T19:24:24.972+0000] {processor.py:925} INFO - DAG(s) 'example_complex' retrieved from /home/airflow/.local/lib/python3.12/site-packages/airflow/example_dags/example_complex.py
[2025-04-02T19:24:25.056+0000] {logging_mixin.py:190} INFO - [2025-04-02T19:24:25.056+0000] {dag.py:3239} INFO - Sync 1 DAGs
[2025-04-02T19:24:25.083+0000] {logging_mixin.py:190} INFO - [2025-04-02T19:24:25.083+0000] {dag.py:4180} INFO - Setting next_dagrun for example_complex to None, run_after=None
[2025-04-02T19:24:25.121+0000] {processor.py:208} INFO - Processing /home/airflow/.local/lib/python3.12/site-packages/airflow/example_dags/example_complex.py took 0.201 seconds
