[2025-04-02T19:03:34.544+0000] {processor.py:186} INFO - Started process (PID=118) to work on /home/airflow/.local/lib/python3.12/site-packages/airflow/example_dags/example_params_trigger_ui.py
[2025-04-02T19:03:34.549+0000] {processor.py:914} INFO - Processing file /home/airflow/.local/lib/python3.12/site-packages/airflow/example_dags/example_params_trigger_ui.py for tasks to queue
[2025-04-02T19:03:34.586+0000] {logging_mixin.py:190} INFO - [2025-04-02T19:03:34.585+0000] {dagbag.py:588} INFO - Filling up the DagBag from /home/airflow/.local/lib/python3.12/site-packages/airflow/example_dags/example_params_trigger_ui.py
[2025-04-02T19:03:34.636+0000] {processor.py:925} INFO - DAG(s) 'example_params_trigger_ui' retrieved from /home/airflow/.local/lib/python3.12/site-packages/airflow/example_dags/example_params_trigger_ui.py
[2025-04-02T19:03:35.191+0000] {logging_mixin.py:190} INFO - [2025-04-02T19:03:35.189+0000] {override.py:1912} INFO - Created Permission View: can delete on DAG:example_params_trigger_ui
[2025-04-02T19:03:35.218+0000] {logging_mixin.py:190} INFO - [2025-04-02T19:03:35.217+0000] {override.py:1912} INFO - Created Permission View: can edit on DAG:example_params_trigger_ui
[2025-04-02T19:03:35.236+0000] {logging_mixin.py:190} INFO - [2025-04-02T19:03:35.235+0000] {override.py:1912} INFO - Created Permission View: can read on DAG:example_params_trigger_ui
[2025-04-02T19:03:35.269+0000] {logging_mixin.py:190} INFO - [2025-04-02T19:03:35.268+0000] {override.py:1912} INFO - Created Permission View: can delete on DAG Run:example_params_trigger_ui
[2025-04-02T19:03:35.301+0000] {logging_mixin.py:190} INFO - [2025-04-02T19:03:35.301+0000] {override.py:1912} INFO - Created Permission View: can read on DAG Run:example_params_trigger_ui
[2025-04-02T19:03:35.319+0000] {logging_mixin.py:190} INFO - [2025-04-02T19:03:35.318+0000] {override.py:1912} INFO - Created Permission View: can create on DAG Run:example_params_trigger_ui
[2025-04-02T19:03:35.335+0000] {logging_mixin.py:190} INFO - [2025-04-02T19:03:35.334+0000] {override.py:1912} INFO - Created Permission View: menu access on DAG Run:example_params_trigger_ui
[2025-04-02T19:03:35.337+0000] {logging_mixin.py:190} INFO - [2025-04-02T19:03:35.336+0000] {dag.py:3239} INFO - Sync 1 DAGs
[2025-04-02T19:03:35.378+0000] {logging_mixin.py:190} INFO - [2025-04-02T19:03:35.377+0000] {dag.py:3262} INFO - Creating ORM DAG for example_params_trigger_ui
[2025-04-02T19:03:35.381+0000] {logging_mixin.py:190} INFO - [2025-04-02T19:03:35.381+0000] {dag.py:4180} INFO - Setting next_dagrun for example_params_trigger_ui to None, run_after=None
[2025-04-02T19:03:35.470+0000] {processor.py:208} INFO - Processing /home/airflow/.local/lib/python3.12/site-packages/airflow/example_dags/example_params_trigger_ui.py took 0.955 seconds
[2025-04-02T19:04:39.542+0000] {processor.py:186} INFO - Started process (PID=187) to work on /home/airflow/.local/lib/python3.12/site-packages/airflow/example_dags/example_params_trigger_ui.py
[2025-04-02T19:04:39.547+0000] {processor.py:914} INFO - Processing file /home/airflow/.local/lib/python3.12/site-packages/airflow/example_dags/example_params_trigger_ui.py for tasks to queue
[2025-04-02T19:04:39.555+0000] {logging_mixin.py:190} INFO - [2025-04-02T19:04:39.554+0000] {dagbag.py:588} INFO - Filling up the DagBag from /home/airflow/.local/lib/python3.12/site-packages/airflow/example_dags/example_params_trigger_ui.py
[2025-04-02T19:04:39.582+0000] {processor.py:925} INFO - DAG(s) 'example_params_trigger_ui' retrieved from /home/airflow/.local/lib/python3.12/site-packages/airflow/example_dags/example_params_trigger_ui.py
[2025-04-02T19:04:39.791+0000] {logging_mixin.py:190} INFO - [2025-04-02T19:04:39.781+0000] {dag.py:3239} INFO - Sync 1 DAGs
[2025-04-02T19:04:39.945+0000] {logging_mixin.py:190} INFO - [2025-04-02T19:04:39.945+0000] {dag.py:4180} INFO - Setting next_dagrun for example_params_trigger_ui to None, run_after=None
[2025-04-02T19:04:40.040+0000] {processor.py:208} INFO - Processing /home/airflow/.local/lib/python3.12/site-packages/airflow/example_dags/example_params_trigger_ui.py took 0.516 seconds
[2025-04-02T19:05:14.584+0000] {processor.py:186} INFO - Started process (PID=250) to work on /home/airflow/.local/lib/python3.12/site-packages/airflow/example_dags/example_params_trigger_ui.py
[2025-04-02T19:05:14.589+0000] {processor.py:914} INFO - Processing file /home/airflow/.local/lib/python3.12/site-packages/airflow/example_dags/example_params_trigger_ui.py for tasks to queue
[2025-04-02T19:05:14.611+0000] {logging_mixin.py:190} INFO - [2025-04-02T19:05:14.607+0000] {dagbag.py:588} INFO - Filling up the DagBag from /home/airflow/.local/lib/python3.12/site-packages/airflow/example_dags/example_params_trigger_ui.py
[2025-04-02T19:05:14.694+0000] {processor.py:925} INFO - DAG(s) 'example_params_trigger_ui' retrieved from /home/airflow/.local/lib/python3.12/site-packages/airflow/example_dags/example_params_trigger_ui.py
[2025-04-02T19:05:15.083+0000] {logging_mixin.py:190} INFO - [2025-04-02T19:05:15.080+0000] {dag.py:3239} INFO - Sync 1 DAGs
[2025-04-02T19:05:15.213+0000] {logging_mixin.py:190} INFO - [2025-04-02T19:05:15.213+0000] {dag.py:4180} INFO - Setting next_dagrun for example_params_trigger_ui to None, run_after=None
[2025-04-02T19:05:15.323+0000] {processor.py:208} INFO - Processing /home/airflow/.local/lib/python3.12/site-packages/airflow/example_dags/example_params_trigger_ui.py took 0.763 seconds
[2025-04-02T19:05:46.820+0000] {processor.py:186} INFO - Started process (PID=312) to work on /home/airflow/.local/lib/python3.12/site-packages/airflow/example_dags/example_params_trigger_ui.py
[2025-04-02T19:05:46.822+0000] {processor.py:914} INFO - Processing file /home/airflow/.local/lib/python3.12/site-packages/airflow/example_dags/example_params_trigger_ui.py for tasks to queue
[2025-04-02T19:05:46.829+0000] {logging_mixin.py:190} INFO - [2025-04-02T19:05:46.828+0000] {dagbag.py:588} INFO - Filling up the DagBag from /home/airflow/.local/lib/python3.12/site-packages/airflow/example_dags/example_params_trigger_ui.py
[2025-04-02T19:05:46.860+0000] {processor.py:925} INFO - DAG(s) 'example_params_trigger_ui' retrieved from /home/airflow/.local/lib/python3.12/site-packages/airflow/example_dags/example_params_trigger_ui.py
[2025-04-02T19:05:47.073+0000] {logging_mixin.py:190} INFO - [2025-04-02T19:05:47.072+0000] {dag.py:3239} INFO - Sync 1 DAGs
[2025-04-02T19:05:47.120+0000] {logging_mixin.py:190} INFO - [2025-04-02T19:05:47.119+0000] {dag.py:4180} INFO - Setting next_dagrun for example_params_trigger_ui to None, run_after=None
[2025-04-02T19:05:47.171+0000] {processor.py:208} INFO - Processing /home/airflow/.local/lib/python3.12/site-packages/airflow/example_dags/example_params_trigger_ui.py took 0.367 seconds
[2025-04-02T19:06:17.861+0000] {processor.py:186} INFO - Started process (PID=375) to work on /home/airflow/.local/lib/python3.12/site-packages/airflow/example_dags/example_params_trigger_ui.py
[2025-04-02T19:06:17.864+0000] {processor.py:914} INFO - Processing file /home/airflow/.local/lib/python3.12/site-packages/airflow/example_dags/example_params_trigger_ui.py for tasks to queue
[2025-04-02T19:06:17.870+0000] {logging_mixin.py:190} INFO - [2025-04-02T19:06:17.870+0000] {dagbag.py:588} INFO - Filling up the DagBag from /home/airflow/.local/lib/python3.12/site-packages/airflow/example_dags/example_params_trigger_ui.py
[2025-04-02T19:06:17.913+0000] {processor.py:925} INFO - DAG(s) 'example_params_trigger_ui' retrieved from /home/airflow/.local/lib/python3.12/site-packages/airflow/example_dags/example_params_trigger_ui.py
[2025-04-02T19:06:18.225+0000] {logging_mixin.py:190} INFO - [2025-04-02T19:06:18.224+0000] {dag.py:3239} INFO - Sync 1 DAGs
[2025-04-02T19:06:18.306+0000] {logging_mixin.py:190} INFO - [2025-04-02T19:06:18.305+0000] {dag.py:4180} INFO - Setting next_dagrun for example_params_trigger_ui to None, run_after=None
[2025-04-02T19:06:18.430+0000] {processor.py:208} INFO - Processing /home/airflow/.local/lib/python3.12/site-packages/airflow/example_dags/example_params_trigger_ui.py took 0.585 seconds
[2025-04-02T19:06:59.475+0000] {processor.py:186} INFO - Started process (PID=445) to work on /home/airflow/.local/lib/python3.12/site-packages/airflow/example_dags/example_params_trigger_ui.py
[2025-04-02T19:06:59.478+0000] {processor.py:914} INFO - Processing file /home/airflow/.local/lib/python3.12/site-packages/airflow/example_dags/example_params_trigger_ui.py for tasks to queue
[2025-04-02T19:06:59.507+0000] {logging_mixin.py:190} INFO - [2025-04-02T19:06:59.506+0000] {dagbag.py:588} INFO - Filling up the DagBag from /home/airflow/.local/lib/python3.12/site-packages/airflow/example_dags/example_params_trigger_ui.py
[2025-04-02T19:06:59.653+0000] {processor.py:925} INFO - DAG(s) 'example_params_trigger_ui' retrieved from /home/airflow/.local/lib/python3.12/site-packages/airflow/example_dags/example_params_trigger_ui.py
[2025-04-02T19:07:00.050+0000] {logging_mixin.py:190} INFO - [2025-04-02T19:07:00.049+0000] {dag.py:3239} INFO - Sync 1 DAGs
[2025-04-02T19:07:00.150+0000] {logging_mixin.py:190} INFO - [2025-04-02T19:07:00.149+0000] {dag.py:4180} INFO - Setting next_dagrun for example_params_trigger_ui to None, run_after=None
[2025-04-02T19:07:00.359+0000] {processor.py:208} INFO - Processing /home/airflow/.local/lib/python3.12/site-packages/airflow/example_dags/example_params_trigger_ui.py took 0.931 seconds
[2025-04-02T19:07:30.582+0000] {processor.py:186} INFO - Started process (PID=509) to work on /home/airflow/.local/lib/python3.12/site-packages/airflow/example_dags/example_params_trigger_ui.py
[2025-04-02T19:07:30.584+0000] {processor.py:914} INFO - Processing file /home/airflow/.local/lib/python3.12/site-packages/airflow/example_dags/example_params_trigger_ui.py for tasks to queue
[2025-04-02T19:07:30.593+0000] {logging_mixin.py:190} INFO - [2025-04-02T19:07:30.592+0000] {dagbag.py:588} INFO - Filling up the DagBag from /home/airflow/.local/lib/python3.12/site-packages/airflow/example_dags/example_params_trigger_ui.py
[2025-04-02T19:07:30.640+0000] {processor.py:925} INFO - DAG(s) 'example_params_trigger_ui' retrieved from /home/airflow/.local/lib/python3.12/site-packages/airflow/example_dags/example_params_trigger_ui.py
[2025-04-02T19:07:30.805+0000] {logging_mixin.py:190} INFO - [2025-04-02T19:07:30.804+0000] {dag.py:3239} INFO - Sync 1 DAGs
[2025-04-02T19:07:30.853+0000] {logging_mixin.py:190} INFO - [2025-04-02T19:07:30.853+0000] {dag.py:4180} INFO - Setting next_dagrun for example_params_trigger_ui to None, run_after=None
[2025-04-02T19:07:30.905+0000] {processor.py:208} INFO - Processing /home/airflow/.local/lib/python3.12/site-packages/airflow/example_dags/example_params_trigger_ui.py took 0.350 seconds
[2025-04-02T19:08:09.059+0000] {processor.py:186} INFO - Started process (PID=571) to work on /home/airflow/.local/lib/python3.12/site-packages/airflow/example_dags/example_params_trigger_ui.py
[2025-04-02T19:08:09.068+0000] {processor.py:914} INFO - Processing file /home/airflow/.local/lib/python3.12/site-packages/airflow/example_dags/example_params_trigger_ui.py for tasks to queue
[2025-04-02T19:08:09.087+0000] {logging_mixin.py:190} INFO - [2025-04-02T19:08:09.086+0000] {dagbag.py:588} INFO - Filling up the DagBag from /home/airflow/.local/lib/python3.12/site-packages/airflow/example_dags/example_params_trigger_ui.py
[2025-04-02T19:08:09.151+0000] {processor.py:925} INFO - DAG(s) 'example_params_trigger_ui' retrieved from /home/airflow/.local/lib/python3.12/site-packages/airflow/example_dags/example_params_trigger_ui.py
[2025-04-02T19:08:09.601+0000] {logging_mixin.py:190} INFO - [2025-04-02T19:08:09.583+0000] {dag.py:3239} INFO - Sync 1 DAGs
[2025-04-02T19:08:09.755+0000] {logging_mixin.py:190} INFO - [2025-04-02T19:08:09.754+0000] {dag.py:4180} INFO - Setting next_dagrun for example_params_trigger_ui to None, run_after=None
[2025-04-02T19:08:10.069+0000] {processor.py:208} INFO - Processing /home/airflow/.local/lib/python3.12/site-packages/airflow/example_dags/example_params_trigger_ui.py took 1.039 seconds
[2025-04-02T19:08:53.746+0000] {processor.py:186} INFO - Started process (PID=615) to work on /home/airflow/.local/lib/python3.12/site-packages/airflow/example_dags/example_params_trigger_ui.py
[2025-04-02T19:08:53.752+0000] {processor.py:914} INFO - Processing file /home/airflow/.local/lib/python3.12/site-packages/airflow/example_dags/example_params_trigger_ui.py for tasks to queue
[2025-04-02T19:08:53.765+0000] {logging_mixin.py:190} INFO - [2025-04-02T19:08:53.764+0000] {dagbag.py:588} INFO - Filling up the DagBag from /home/airflow/.local/lib/python3.12/site-packages/airflow/example_dags/example_params_trigger_ui.py
[2025-04-02T19:08:53.840+0000] {processor.py:925} INFO - DAG(s) 'example_params_trigger_ui' retrieved from /home/airflow/.local/lib/python3.12/site-packages/airflow/example_dags/example_params_trigger_ui.py
[2025-04-02T19:08:54.141+0000] {logging_mixin.py:190} INFO - [2025-04-02T19:08:54.140+0000] {dag.py:3239} INFO - Sync 1 DAGs
[2025-04-02T19:08:54.227+0000] {logging_mixin.py:190} INFO - [2025-04-02T19:08:54.226+0000] {dag.py:4180} INFO - Setting next_dagrun for example_params_trigger_ui to None, run_after=None
[2025-04-02T19:08:54.361+0000] {processor.py:208} INFO - Processing /home/airflow/.local/lib/python3.12/site-packages/airflow/example_dags/example_params_trigger_ui.py took 0.676 seconds
[2025-04-02T19:09:39.395+0000] {processor.py:186} INFO - Started process (PID=681) to work on /home/airflow/.local/lib/python3.12/site-packages/airflow/example_dags/example_params_trigger_ui.py
[2025-04-02T19:09:39.408+0000] {processor.py:914} INFO - Processing file /home/airflow/.local/lib/python3.12/site-packages/airflow/example_dags/example_params_trigger_ui.py for tasks to queue
[2025-04-02T19:09:39.427+0000] {logging_mixin.py:190} INFO - [2025-04-02T19:09:39.426+0000] {dagbag.py:588} INFO - Filling up the DagBag from /home/airflow/.local/lib/python3.12/site-packages/airflow/example_dags/example_params_trigger_ui.py
[2025-04-02T19:09:39.589+0000] {processor.py:925} INFO - DAG(s) 'example_params_trigger_ui' retrieved from /home/airflow/.local/lib/python3.12/site-packages/airflow/example_dags/example_params_trigger_ui.py
[2025-04-02T19:09:40.035+0000] {logging_mixin.py:190} INFO - [2025-04-02T19:09:40.034+0000] {dag.py:3239} INFO - Sync 1 DAGs
[2025-04-02T19:09:40.165+0000] {logging_mixin.py:190} INFO - [2025-04-02T19:09:40.165+0000] {dag.py:4180} INFO - Setting next_dagrun for example_params_trigger_ui to None, run_after=None
[2025-04-02T19:09:40.321+0000] {processor.py:208} INFO - Processing /home/airflow/.local/lib/python3.12/site-packages/airflow/example_dags/example_params_trigger_ui.py took 0.978 seconds
[2025-04-02T19:10:41.639+0000] {processor.py:186} INFO - Started process (PID=748) to work on /home/airflow/.local/lib/python3.12/site-packages/airflow/example_dags/example_params_trigger_ui.py
[2025-04-02T19:10:41.644+0000] {processor.py:914} INFO - Processing file /home/airflow/.local/lib/python3.12/site-packages/airflow/example_dags/example_params_trigger_ui.py for tasks to queue
[2025-04-02T19:10:41.656+0000] {logging_mixin.py:190} INFO - [2025-04-02T19:10:41.655+0000] {dagbag.py:588} INFO - Filling up the DagBag from /home/airflow/.local/lib/python3.12/site-packages/airflow/example_dags/example_params_trigger_ui.py
[2025-04-02T19:10:41.806+0000] {processor.py:925} INFO - DAG(s) 'example_params_trigger_ui' retrieved from /home/airflow/.local/lib/python3.12/site-packages/airflow/example_dags/example_params_trigger_ui.py
[2025-04-02T19:10:42.207+0000] {logging_mixin.py:190} INFO - [2025-04-02T19:10:42.206+0000] {dag.py:3239} INFO - Sync 1 DAGs
[2025-04-02T19:10:42.248+0000] {logging_mixin.py:190} INFO - [2025-04-02T19:10:42.247+0000] {dag.py:4180} INFO - Setting next_dagrun for example_params_trigger_ui to None, run_after=None
[2025-04-02T19:10:42.297+0000] {processor.py:208} INFO - Processing /home/airflow/.local/lib/python3.12/site-packages/airflow/example_dags/example_params_trigger_ui.py took 0.851 seconds
[2025-04-02T19:11:20.620+0000] {processor.py:186} INFO - Started process (PID=815) to work on /home/airflow/.local/lib/python3.12/site-packages/airflow/example_dags/example_params_trigger_ui.py
[2025-04-02T19:11:20.625+0000] {processor.py:914} INFO - Processing file /home/airflow/.local/lib/python3.12/site-packages/airflow/example_dags/example_params_trigger_ui.py for tasks to queue
[2025-04-02T19:11:20.645+0000] {logging_mixin.py:190} INFO - [2025-04-02T19:11:20.644+0000] {dagbag.py:588} INFO - Filling up the DagBag from /home/airflow/.local/lib/python3.12/site-packages/airflow/example_dags/example_params_trigger_ui.py
[2025-04-02T19:11:20.793+0000] {processor.py:925} INFO - DAG(s) 'example_params_trigger_ui' retrieved from /home/airflow/.local/lib/python3.12/site-packages/airflow/example_dags/example_params_trigger_ui.py
[2025-04-02T19:11:21.120+0000] {logging_mixin.py:190} INFO - [2025-04-02T19:11:21.119+0000] {dag.py:3239} INFO - Sync 1 DAGs
[2025-04-02T19:11:21.205+0000] {logging_mixin.py:190} INFO - [2025-04-02T19:11:21.204+0000] {dag.py:4180} INFO - Setting next_dagrun for example_params_trigger_ui to None, run_after=None
[2025-04-02T19:11:21.345+0000] {processor.py:208} INFO - Processing /home/airflow/.local/lib/python3.12/site-packages/airflow/example_dags/example_params_trigger_ui.py took 0.750 seconds
[2025-04-02T19:11:52.843+0000] {processor.py:186} INFO - Started process (PID=876) to work on /home/airflow/.local/lib/python3.12/site-packages/airflow/example_dags/example_params_trigger_ui.py
[2025-04-02T19:11:52.846+0000] {processor.py:914} INFO - Processing file /home/airflow/.local/lib/python3.12/site-packages/airflow/example_dags/example_params_trigger_ui.py for tasks to queue
[2025-04-02T19:11:52.854+0000] {logging_mixin.py:190} INFO - [2025-04-02T19:11:52.853+0000] {dagbag.py:588} INFO - Filling up the DagBag from /home/airflow/.local/lib/python3.12/site-packages/airflow/example_dags/example_params_trigger_ui.py
[2025-04-02T19:11:52.892+0000] {processor.py:925} INFO - DAG(s) 'example_params_trigger_ui' retrieved from /home/airflow/.local/lib/python3.12/site-packages/airflow/example_dags/example_params_trigger_ui.py
[2025-04-02T19:11:53.128+0000] {logging_mixin.py:190} INFO - [2025-04-02T19:11:53.128+0000] {dag.py:3239} INFO - Sync 1 DAGs
[2025-04-02T19:11:53.191+0000] {logging_mixin.py:190} INFO - [2025-04-02T19:11:53.191+0000] {dag.py:4180} INFO - Setting next_dagrun for example_params_trigger_ui to None, run_after=None
[2025-04-02T19:11:53.357+0000] {processor.py:208} INFO - Processing /home/airflow/.local/lib/python3.12/site-packages/airflow/example_dags/example_params_trigger_ui.py took 0.530 seconds
[2025-04-02T19:12:24.329+0000] {processor.py:186} INFO - Started process (PID=939) to work on /home/airflow/.local/lib/python3.12/site-packages/airflow/example_dags/example_params_trigger_ui.py
[2025-04-02T19:12:24.334+0000] {processor.py:914} INFO - Processing file /home/airflow/.local/lib/python3.12/site-packages/airflow/example_dags/example_params_trigger_ui.py for tasks to queue
[2025-04-02T19:12:24.341+0000] {logging_mixin.py:190} INFO - [2025-04-02T19:12:24.340+0000] {dagbag.py:588} INFO - Filling up the DagBag from /home/airflow/.local/lib/python3.12/site-packages/airflow/example_dags/example_params_trigger_ui.py
[2025-04-02T19:12:24.371+0000] {processor.py:925} INFO - DAG(s) 'example_params_trigger_ui' retrieved from /home/airflow/.local/lib/python3.12/site-packages/airflow/example_dags/example_params_trigger_ui.py
[2025-04-02T19:12:24.544+0000] {logging_mixin.py:190} INFO - [2025-04-02T19:12:24.544+0000] {dag.py:3239} INFO - Sync 1 DAGs
[2025-04-02T19:12:24.574+0000] {logging_mixin.py:190} INFO - [2025-04-02T19:12:24.573+0000] {dag.py:4180} INFO - Setting next_dagrun for example_params_trigger_ui to None, run_after=None
[2025-04-02T19:12:24.622+0000] {processor.py:208} INFO - Processing /home/airflow/.local/lib/python3.12/site-packages/airflow/example_dags/example_params_trigger_ui.py took 0.309 seconds
[2025-04-02T19:12:59.722+0000] {processor.py:186} INFO - Started process (PID=996) to work on /home/airflow/.local/lib/python3.12/site-packages/airflow/example_dags/example_params_trigger_ui.py
[2025-04-02T19:12:59.731+0000] {processor.py:914} INFO - Processing file /home/airflow/.local/lib/python3.12/site-packages/airflow/example_dags/example_params_trigger_ui.py for tasks to queue
[2025-04-02T19:12:59.739+0000] {logging_mixin.py:190} INFO - [2025-04-02T19:12:59.738+0000] {dagbag.py:588} INFO - Filling up the DagBag from /home/airflow/.local/lib/python3.12/site-packages/airflow/example_dags/example_params_trigger_ui.py
[2025-04-02T19:12:59.798+0000] {processor.py:925} INFO - DAG(s) 'example_params_trigger_ui' retrieved from /home/airflow/.local/lib/python3.12/site-packages/airflow/example_dags/example_params_trigger_ui.py
[2025-04-02T19:12:59.982+0000] {logging_mixin.py:190} INFO - [2025-04-02T19:12:59.982+0000] {dag.py:3239} INFO - Sync 1 DAGs
[2025-04-02T19:13:00.058+0000] {logging_mixin.py:190} INFO - [2025-04-02T19:13:00.051+0000] {dag.py:4180} INFO - Setting next_dagrun for example_params_trigger_ui to None, run_after=None
[2025-04-02T19:13:00.127+0000] {processor.py:208} INFO - Processing /home/airflow/.local/lib/python3.12/site-packages/airflow/example_dags/example_params_trigger_ui.py took 0.426 seconds
[2025-04-02T19:13:43.660+0000] {processor.py:186} INFO - Started process (PID=1053) to work on /home/airflow/.local/lib/python3.12/site-packages/airflow/example_dags/example_params_trigger_ui.py
[2025-04-02T19:13:43.666+0000] {processor.py:914} INFO - Processing file /home/airflow/.local/lib/python3.12/site-packages/airflow/example_dags/example_params_trigger_ui.py for tasks to queue
[2025-04-02T19:13:43.674+0000] {logging_mixin.py:190} INFO - [2025-04-02T19:13:43.673+0000] {dagbag.py:588} INFO - Filling up the DagBag from /home/airflow/.local/lib/python3.12/site-packages/airflow/example_dags/example_params_trigger_ui.py
[2025-04-02T19:13:43.710+0000] {processor.py:925} INFO - DAG(s) 'example_params_trigger_ui' retrieved from /home/airflow/.local/lib/python3.12/site-packages/airflow/example_dags/example_params_trigger_ui.py
[2025-04-02T19:13:43.894+0000] {logging_mixin.py:190} INFO - [2025-04-02T19:13:43.893+0000] {dag.py:3239} INFO - Sync 1 DAGs
[2025-04-02T19:13:43.933+0000] {logging_mixin.py:190} INFO - [2025-04-02T19:13:43.933+0000] {dag.py:4180} INFO - Setting next_dagrun for example_params_trigger_ui to None, run_after=None
[2025-04-02T19:13:44.000+0000] {processor.py:208} INFO - Processing /home/airflow/.local/lib/python3.12/site-packages/airflow/example_dags/example_params_trigger_ui.py took 0.364 seconds
[2025-04-02T19:14:23.919+0000] {processor.py:186} INFO - Started process (PID=1116) to work on /home/airflow/.local/lib/python3.12/site-packages/airflow/example_dags/example_params_trigger_ui.py
[2025-04-02T19:14:23.922+0000] {processor.py:914} INFO - Processing file /home/airflow/.local/lib/python3.12/site-packages/airflow/example_dags/example_params_trigger_ui.py for tasks to queue
[2025-04-02T19:14:23.932+0000] {logging_mixin.py:190} INFO - [2025-04-02T19:14:23.931+0000] {dagbag.py:588} INFO - Filling up the DagBag from /home/airflow/.local/lib/python3.12/site-packages/airflow/example_dags/example_params_trigger_ui.py
[2025-04-02T19:14:24.009+0000] {processor.py:925} INFO - DAG(s) 'example_params_trigger_ui' retrieved from /home/airflow/.local/lib/python3.12/site-packages/airflow/example_dags/example_params_trigger_ui.py
[2025-04-02T19:14:24.370+0000] {logging_mixin.py:190} INFO - [2025-04-02T19:14:24.370+0000] {dag.py:3239} INFO - Sync 1 DAGs
[2025-04-02T19:14:24.432+0000] {logging_mixin.py:190} INFO - [2025-04-02T19:14:24.430+0000] {dag.py:4180} INFO - Setting next_dagrun for example_params_trigger_ui to None, run_after=None
[2025-04-02T19:14:24.539+0000] {processor.py:208} INFO - Processing /home/airflow/.local/lib/python3.12/site-packages/airflow/example_dags/example_params_trigger_ui.py took 0.658 seconds
[2025-04-02T19:15:12.561+0000] {processor.py:186} INFO - Started process (PID=1175) to work on /home/airflow/.local/lib/python3.12/site-packages/airflow/example_dags/example_params_trigger_ui.py
[2025-04-02T19:15:12.623+0000] {processor.py:914} INFO - Processing file /home/airflow/.local/lib/python3.12/site-packages/airflow/example_dags/example_params_trigger_ui.py for tasks to queue
[2025-04-02T19:15:12.640+0000] {logging_mixin.py:190} INFO - [2025-04-02T19:15:12.640+0000] {dagbag.py:588} INFO - Filling up the DagBag from /home/airflow/.local/lib/python3.12/site-packages/airflow/example_dags/example_params_trigger_ui.py
[2025-04-02T19:15:12.753+0000] {processor.py:925} INFO - DAG(s) 'example_params_trigger_ui' retrieved from /home/airflow/.local/lib/python3.12/site-packages/airflow/example_dags/example_params_trigger_ui.py
[2025-04-02T19:15:13.163+0000] {logging_mixin.py:190} INFO - [2025-04-02T19:15:13.161+0000] {dag.py:3239} INFO - Sync 1 DAGs
[2025-04-02T19:15:13.310+0000] {logging_mixin.py:190} INFO - [2025-04-02T19:15:13.309+0000] {dag.py:4180} INFO - Setting next_dagrun for example_params_trigger_ui to None, run_after=None
[2025-04-02T19:15:13.396+0000] {processor.py:208} INFO - Processing /home/airflow/.local/lib/python3.12/site-packages/airflow/example_dags/example_params_trigger_ui.py took 0.886 seconds
[2025-04-02T19:15:56.496+0000] {processor.py:186} INFO - Started process (PID=1237) to work on /home/airflow/.local/lib/python3.12/site-packages/airflow/example_dags/example_params_trigger_ui.py
[2025-04-02T19:15:56.510+0000] {processor.py:914} INFO - Processing file /home/airflow/.local/lib/python3.12/site-packages/airflow/example_dags/example_params_trigger_ui.py for tasks to queue
[2025-04-02T19:15:56.549+0000] {logging_mixin.py:190} INFO - [2025-04-02T19:15:56.548+0000] {dagbag.py:588} INFO - Filling up the DagBag from /home/airflow/.local/lib/python3.12/site-packages/airflow/example_dags/example_params_trigger_ui.py
[2025-04-02T19:15:56.748+0000] {processor.py:925} INFO - DAG(s) 'example_params_trigger_ui' retrieved from /home/airflow/.local/lib/python3.12/site-packages/airflow/example_dags/example_params_trigger_ui.py
[2025-04-02T19:15:57.249+0000] {logging_mixin.py:190} INFO - [2025-04-02T19:15:57.248+0000] {dag.py:3239} INFO - Sync 1 DAGs
[2025-04-02T19:15:57.329+0000] {logging_mixin.py:190} INFO - [2025-04-02T19:15:57.329+0000] {dag.py:4180} INFO - Setting next_dagrun for example_params_trigger_ui to None, run_after=None
[2025-04-02T19:15:57.483+0000] {processor.py:208} INFO - Processing /home/airflow/.local/lib/python3.12/site-packages/airflow/example_dags/example_params_trigger_ui.py took 1.039 seconds
[2025-04-02T19:16:28.184+0000] {processor.py:186} INFO - Started process (PID=1299) to work on /home/airflow/.local/lib/python3.12/site-packages/airflow/example_dags/example_params_trigger_ui.py
[2025-04-02T19:16:28.189+0000] {processor.py:914} INFO - Processing file /home/airflow/.local/lib/python3.12/site-packages/airflow/example_dags/example_params_trigger_ui.py for tasks to queue
[2025-04-02T19:16:28.201+0000] {logging_mixin.py:190} INFO - [2025-04-02T19:16:28.200+0000] {dagbag.py:588} INFO - Filling up the DagBag from /home/airflow/.local/lib/python3.12/site-packages/airflow/example_dags/example_params_trigger_ui.py
[2025-04-02T19:16:28.300+0000] {processor.py:925} INFO - DAG(s) 'example_params_trigger_ui' retrieved from /home/airflow/.local/lib/python3.12/site-packages/airflow/example_dags/example_params_trigger_ui.py
[2025-04-02T19:16:28.611+0000] {logging_mixin.py:190} INFO - [2025-04-02T19:16:28.610+0000] {dag.py:3239} INFO - Sync 1 DAGs
[2025-04-02T19:16:28.706+0000] {logging_mixin.py:190} INFO - [2025-04-02T19:16:28.706+0000] {dag.py:4180} INFO - Setting next_dagrun for example_params_trigger_ui to None, run_after=None
[2025-04-02T19:16:28.881+0000] {processor.py:208} INFO - Processing /home/airflow/.local/lib/python3.12/site-packages/airflow/example_dags/example_params_trigger_ui.py took 0.732 seconds
[2025-04-02T19:17:11.473+0000] {processor.py:186} INFO - Started process (PID=1369) to work on /home/airflow/.local/lib/python3.12/site-packages/airflow/example_dags/example_params_trigger_ui.py
[2025-04-02T19:17:11.481+0000] {processor.py:914} INFO - Processing file /home/airflow/.local/lib/python3.12/site-packages/airflow/example_dags/example_params_trigger_ui.py for tasks to queue
[2025-04-02T19:17:11.488+0000] {logging_mixin.py:190} INFO - [2025-04-02T19:17:11.487+0000] {dagbag.py:588} INFO - Filling up the DagBag from /home/airflow/.local/lib/python3.12/site-packages/airflow/example_dags/example_params_trigger_ui.py
[2025-04-02T19:17:11.547+0000] {processor.py:925} INFO - DAG(s) 'example_params_trigger_ui' retrieved from /home/airflow/.local/lib/python3.12/site-packages/airflow/example_dags/example_params_trigger_ui.py
[2025-04-02T19:17:11.756+0000] {logging_mixin.py:190} INFO - [2025-04-02T19:17:11.755+0000] {dag.py:3239} INFO - Sync 1 DAGs
[2025-04-02T19:17:11.816+0000] {logging_mixin.py:190} INFO - [2025-04-02T19:17:11.815+0000] {dag.py:4180} INFO - Setting next_dagrun for example_params_trigger_ui to None, run_after=None
[2025-04-02T19:17:11.947+0000] {processor.py:208} INFO - Processing /home/airflow/.local/lib/python3.12/site-packages/airflow/example_dags/example_params_trigger_ui.py took 0.501 seconds
[2025-04-02T19:17:42.564+0000] {processor.py:186} INFO - Started process (PID=1431) to work on /home/airflow/.local/lib/python3.12/site-packages/airflow/example_dags/example_params_trigger_ui.py
[2025-04-02T19:17:42.567+0000] {processor.py:914} INFO - Processing file /home/airflow/.local/lib/python3.12/site-packages/airflow/example_dags/example_params_trigger_ui.py for tasks to queue
[2025-04-02T19:17:42.580+0000] {logging_mixin.py:190} INFO - [2025-04-02T19:17:42.579+0000] {dagbag.py:588} INFO - Filling up the DagBag from /home/airflow/.local/lib/python3.12/site-packages/airflow/example_dags/example_params_trigger_ui.py
[2025-04-02T19:17:42.622+0000] {processor.py:925} INFO - DAG(s) 'example_params_trigger_ui' retrieved from /home/airflow/.local/lib/python3.12/site-packages/airflow/example_dags/example_params_trigger_ui.py
[2025-04-02T19:17:42.863+0000] {logging_mixin.py:190} INFO - [2025-04-02T19:17:42.863+0000] {dag.py:3239} INFO - Sync 1 DAGs
[2025-04-02T19:17:42.939+0000] {logging_mixin.py:190} INFO - [2025-04-02T19:17:42.938+0000] {dag.py:4180} INFO - Setting next_dagrun for example_params_trigger_ui to None, run_after=None
[2025-04-02T19:17:43.084+0000] {processor.py:208} INFO - Processing /home/airflow/.local/lib/python3.12/site-packages/airflow/example_dags/example_params_trigger_ui.py took 0.545 seconds
[2025-04-02T19:18:15.529+0000] {processor.py:186} INFO - Started process (PID=1494) to work on /home/airflow/.local/lib/python3.12/site-packages/airflow/example_dags/example_params_trigger_ui.py
[2025-04-02T19:18:15.532+0000] {processor.py:914} INFO - Processing file /home/airflow/.local/lib/python3.12/site-packages/airflow/example_dags/example_params_trigger_ui.py for tasks to queue
[2025-04-02T19:18:15.545+0000] {logging_mixin.py:190} INFO - [2025-04-02T19:18:15.544+0000] {dagbag.py:588} INFO - Filling up the DagBag from /home/airflow/.local/lib/python3.12/site-packages/airflow/example_dags/example_params_trigger_ui.py
[2025-04-02T19:18:15.615+0000] {processor.py:925} INFO - DAG(s) 'example_params_trigger_ui' retrieved from /home/airflow/.local/lib/python3.12/site-packages/airflow/example_dags/example_params_trigger_ui.py
[2025-04-02T19:18:15.956+0000] {logging_mixin.py:190} INFO - [2025-04-02T19:18:15.955+0000] {dag.py:3239} INFO - Sync 1 DAGs
[2025-04-02T19:18:16.029+0000] {logging_mixin.py:190} INFO - [2025-04-02T19:18:16.028+0000] {dag.py:4180} INFO - Setting next_dagrun for example_params_trigger_ui to None, run_after=None
[2025-04-02T19:18:16.135+0000] {processor.py:208} INFO - Processing /home/airflow/.local/lib/python3.12/site-packages/airflow/example_dags/example_params_trigger_ui.py took 0.633 seconds
[2025-04-02T19:18:52.888+0000] {processor.py:186} INFO - Started process (PID=1551) to work on /home/airflow/.local/lib/python3.12/site-packages/airflow/example_dags/example_params_trigger_ui.py
[2025-04-02T19:18:52.891+0000] {processor.py:914} INFO - Processing file /home/airflow/.local/lib/python3.12/site-packages/airflow/example_dags/example_params_trigger_ui.py for tasks to queue
[2025-04-02T19:18:52.898+0000] {logging_mixin.py:190} INFO - [2025-04-02T19:18:52.897+0000] {dagbag.py:588} INFO - Filling up the DagBag from /home/airflow/.local/lib/python3.12/site-packages/airflow/example_dags/example_params_trigger_ui.py
[2025-04-02T19:18:52.973+0000] {processor.py:925} INFO - DAG(s) 'example_params_trigger_ui' retrieved from /home/airflow/.local/lib/python3.12/site-packages/airflow/example_dags/example_params_trigger_ui.py
[2025-04-02T19:18:53.312+0000] {logging_mixin.py:190} INFO - [2025-04-02T19:18:53.311+0000] {dag.py:3239} INFO - Sync 1 DAGs
[2025-04-02T19:18:53.447+0000] {logging_mixin.py:190} INFO - [2025-04-02T19:18:53.446+0000] {dag.py:4180} INFO - Setting next_dagrun for example_params_trigger_ui to None, run_after=None
[2025-04-02T19:18:53.602+0000] {processor.py:208} INFO - Processing /home/airflow/.local/lib/python3.12/site-packages/airflow/example_dags/example_params_trigger_ui.py took 0.728 seconds
[2025-04-02T19:19:29.084+0000] {processor.py:186} INFO - Started process (PID=1614) to work on /home/airflow/.local/lib/python3.12/site-packages/airflow/example_dags/example_params_trigger_ui.py
[2025-04-02T19:19:29.156+0000] {processor.py:914} INFO - Processing file /home/airflow/.local/lib/python3.12/site-packages/airflow/example_dags/example_params_trigger_ui.py for tasks to queue
[2025-04-02T19:19:29.190+0000] {logging_mixin.py:190} INFO - [2025-04-02T19:19:29.181+0000] {dagbag.py:588} INFO - Filling up the DagBag from /home/airflow/.local/lib/python3.12/site-packages/airflow/example_dags/example_params_trigger_ui.py
[2025-04-02T19:19:29.368+0000] {processor.py:925} INFO - DAG(s) 'example_params_trigger_ui' retrieved from /home/airflow/.local/lib/python3.12/site-packages/airflow/example_dags/example_params_trigger_ui.py
[2025-04-02T19:19:29.945+0000] {logging_mixin.py:190} INFO - [2025-04-02T19:19:29.944+0000] {dag.py:3239} INFO - Sync 1 DAGs
[2025-04-02T19:19:30.072+0000] {logging_mixin.py:190} INFO - [2025-04-02T19:19:30.071+0000] {dag.py:4180} INFO - Setting next_dagrun for example_params_trigger_ui to None, run_after=None
[2025-04-02T19:19:30.277+0000] {processor.py:208} INFO - Processing /home/airflow/.local/lib/python3.12/site-packages/airflow/example_dags/example_params_trigger_ui.py took 1.249 seconds
[2025-04-02T19:20:23.590+0000] {processor.py:186} INFO - Started process (PID=1680) to work on /home/airflow/.local/lib/python3.12/site-packages/airflow/example_dags/example_params_trigger_ui.py
[2025-04-02T19:20:23.592+0000] {processor.py:914} INFO - Processing file /home/airflow/.local/lib/python3.12/site-packages/airflow/example_dags/example_params_trigger_ui.py for tasks to queue
[2025-04-02T19:20:23.598+0000] {logging_mixin.py:190} INFO - [2025-04-02T19:20:23.597+0000] {dagbag.py:588} INFO - Filling up the DagBag from /home/airflow/.local/lib/python3.12/site-packages/airflow/example_dags/example_params_trigger_ui.py
[2025-04-02T19:20:23.622+0000] {processor.py:925} INFO - DAG(s) 'example_params_trigger_ui' retrieved from /home/airflow/.local/lib/python3.12/site-packages/airflow/example_dags/example_params_trigger_ui.py
[2025-04-02T19:20:23.859+0000] {logging_mixin.py:190} INFO - [2025-04-02T19:20:23.858+0000] {dag.py:3239} INFO - Sync 1 DAGs
[2025-04-02T19:20:23.903+0000] {logging_mixin.py:190} INFO - [2025-04-02T19:20:23.903+0000] {dag.py:4180} INFO - Setting next_dagrun for example_params_trigger_ui to None, run_after=None
[2025-04-02T19:20:24.019+0000] {processor.py:208} INFO - Processing /home/airflow/.local/lib/python3.12/site-packages/airflow/example_dags/example_params_trigger_ui.py took 0.442 seconds
[2025-04-02T19:20:57.983+0000] {processor.py:186} INFO - Started process (PID=1743) to work on /home/airflow/.local/lib/python3.12/site-packages/airflow/example_dags/example_params_trigger_ui.py
[2025-04-02T19:20:57.986+0000] {processor.py:914} INFO - Processing file /home/airflow/.local/lib/python3.12/site-packages/airflow/example_dags/example_params_trigger_ui.py for tasks to queue
[2025-04-02T19:20:57.995+0000] {logging_mixin.py:190} INFO - [2025-04-02T19:20:57.994+0000] {dagbag.py:588} INFO - Filling up the DagBag from /home/airflow/.local/lib/python3.12/site-packages/airflow/example_dags/example_params_trigger_ui.py
[2025-04-02T19:20:58.064+0000] {processor.py:925} INFO - DAG(s) 'example_params_trigger_ui' retrieved from /home/airflow/.local/lib/python3.12/site-packages/airflow/example_dags/example_params_trigger_ui.py
[2025-04-02T19:20:58.251+0000] {logging_mixin.py:190} INFO - [2025-04-02T19:20:58.250+0000] {dag.py:3239} INFO - Sync 1 DAGs
[2025-04-02T19:20:58.330+0000] {logging_mixin.py:190} INFO - [2025-04-02T19:20:58.329+0000] {dag.py:4180} INFO - Setting next_dagrun for example_params_trigger_ui to None, run_after=None
[2025-04-02T19:20:58.418+0000] {processor.py:208} INFO - Processing /home/airflow/.local/lib/python3.12/site-packages/airflow/example_dags/example_params_trigger_ui.py took 0.452 seconds
[2025-04-02T19:21:29.066+0000] {processor.py:186} INFO - Started process (PID=1805) to work on /home/airflow/.local/lib/python3.12/site-packages/airflow/example_dags/example_params_trigger_ui.py
[2025-04-02T19:21:29.077+0000] {processor.py:914} INFO - Processing file /home/airflow/.local/lib/python3.12/site-packages/airflow/example_dags/example_params_trigger_ui.py for tasks to queue
[2025-04-02T19:21:29.085+0000] {logging_mixin.py:190} INFO - [2025-04-02T19:21:29.083+0000] {dagbag.py:588} INFO - Filling up the DagBag from /home/airflow/.local/lib/python3.12/site-packages/airflow/example_dags/example_params_trigger_ui.py
[2025-04-02T19:21:29.121+0000] {processor.py:925} INFO - DAG(s) 'example_params_trigger_ui' retrieved from /home/airflow/.local/lib/python3.12/site-packages/airflow/example_dags/example_params_trigger_ui.py
[2025-04-02T19:21:29.414+0000] {logging_mixin.py:190} INFO - [2025-04-02T19:21:29.413+0000] {dag.py:3239} INFO - Sync 1 DAGs
[2025-04-02T19:21:29.541+0000] {logging_mixin.py:190} INFO - [2025-04-02T19:21:29.540+0000] {dag.py:4180} INFO - Setting next_dagrun for example_params_trigger_ui to None, run_after=None
[2025-04-02T19:21:29.679+0000] {processor.py:208} INFO - Processing /home/airflow/.local/lib/python3.12/site-packages/airflow/example_dags/example_params_trigger_ui.py took 0.648 seconds
[2025-04-02T19:22:04.676+0000] {processor.py:186} INFO - Started process (PID=1867) to work on /home/airflow/.local/lib/python3.12/site-packages/airflow/example_dags/example_params_trigger_ui.py
[2025-04-02T19:22:04.690+0000] {processor.py:914} INFO - Processing file /home/airflow/.local/lib/python3.12/site-packages/airflow/example_dags/example_params_trigger_ui.py for tasks to queue
[2025-04-02T19:22:04.743+0000] {logging_mixin.py:190} INFO - [2025-04-02T19:22:04.731+0000] {dagbag.py:588} INFO - Filling up the DagBag from /home/airflow/.local/lib/python3.12/site-packages/airflow/example_dags/example_params_trigger_ui.py
[2025-04-02T19:22:04.847+0000] {processor.py:925} INFO - DAG(s) 'example_params_trigger_ui' retrieved from /home/airflow/.local/lib/python3.12/site-packages/airflow/example_dags/example_params_trigger_ui.py
[2025-04-02T19:22:05.364+0000] {logging_mixin.py:190} INFO - [2025-04-02T19:22:05.363+0000] {dag.py:3239} INFO - Sync 1 DAGs
[2025-04-02T19:22:05.646+0000] {logging_mixin.py:190} INFO - [2025-04-02T19:22:05.646+0000] {dag.py:4180} INFO - Setting next_dagrun for example_params_trigger_ui to None, run_after=None
[2025-04-02T19:22:05.853+0000] {processor.py:208} INFO - Processing /home/airflow/.local/lib/python3.12/site-packages/airflow/example_dags/example_params_trigger_ui.py took 1.209 seconds
[2025-04-02T19:23:05.524+0000] {processor.py:186} INFO - Started process (PID=1948) to work on /home/airflow/.local/lib/python3.12/site-packages/airflow/example_dags/example_params_trigger_ui.py
[2025-04-02T19:23:05.526+0000] {processor.py:914} INFO - Processing file /home/airflow/.local/lib/python3.12/site-packages/airflow/example_dags/example_params_trigger_ui.py for tasks to queue
[2025-04-02T19:23:05.532+0000] {logging_mixin.py:190} INFO - [2025-04-02T19:23:05.531+0000] {dagbag.py:588} INFO - Filling up the DagBag from /home/airflow/.local/lib/python3.12/site-packages/airflow/example_dags/example_params_trigger_ui.py
[2025-04-02T19:23:05.559+0000] {processor.py:925} INFO - DAG(s) 'example_params_trigger_ui' retrieved from /home/airflow/.local/lib/python3.12/site-packages/airflow/example_dags/example_params_trigger_ui.py
[2025-04-02T19:23:05.737+0000] {logging_mixin.py:190} INFO - [2025-04-02T19:23:05.737+0000] {dag.py:3239} INFO - Sync 1 DAGs
[2025-04-02T19:23:05.775+0000] {logging_mixin.py:190} INFO - [2025-04-02T19:23:05.774+0000] {dag.py:4180} INFO - Setting next_dagrun for example_params_trigger_ui to None, run_after=None
[2025-04-02T19:23:05.815+0000] {processor.py:208} INFO - Processing /home/airflow/.local/lib/python3.12/site-packages/airflow/example_dags/example_params_trigger_ui.py took 0.302 seconds
[2025-04-02T19:23:36.637+0000] {processor.py:186} INFO - Started process (PID=2010) to work on /home/airflow/.local/lib/python3.12/site-packages/airflow/example_dags/example_params_trigger_ui.py
[2025-04-02T19:23:36.639+0000] {processor.py:914} INFO - Processing file /home/airflow/.local/lib/python3.12/site-packages/airflow/example_dags/example_params_trigger_ui.py for tasks to queue
[2025-04-02T19:23:36.670+0000] {logging_mixin.py:190} INFO - [2025-04-02T19:23:36.668+0000] {dagbag.py:588} INFO - Filling up the DagBag from /home/airflow/.local/lib/python3.12/site-packages/airflow/example_dags/example_params_trigger_ui.py
[2025-04-02T19:23:36.796+0000] {processor.py:925} INFO - DAG(s) 'example_params_trigger_ui' retrieved from /home/airflow/.local/lib/python3.12/site-packages/airflow/example_dags/example_params_trigger_ui.py
[2025-04-02T19:23:37.358+0000] {logging_mixin.py:190} INFO - [2025-04-02T19:23:37.357+0000] {dag.py:3239} INFO - Sync 1 DAGs
[2025-04-02T19:23:37.657+0000] {logging_mixin.py:190} INFO - [2025-04-02T19:23:37.643+0000] {dag.py:4180} INFO - Setting next_dagrun for example_params_trigger_ui to None, run_after=None
[2025-04-02T19:23:38.005+0000] {processor.py:208} INFO - Processing /home/airflow/.local/lib/python3.12/site-packages/airflow/example_dags/example_params_trigger_ui.py took 1.410 seconds
[2025-04-02T19:24:10.979+0000] {processor.py:186} INFO - Started process (PID=2072) to work on /home/airflow/.local/lib/python3.12/site-packages/airflow/example_dags/example_params_trigger_ui.py
[2025-04-02T19:24:10.980+0000] {processor.py:914} INFO - Processing file /home/airflow/.local/lib/python3.12/site-packages/airflow/example_dags/example_params_trigger_ui.py for tasks to queue
[2025-04-02T19:24:10.985+0000] {logging_mixin.py:190} INFO - [2025-04-02T19:24:10.985+0000] {dagbag.py:588} INFO - Filling up the DagBag from /home/airflow/.local/lib/python3.12/site-packages/airflow/example_dags/example_params_trigger_ui.py
[2025-04-02T19:24:11.018+0000] {processor.py:925} INFO - DAG(s) 'example_params_trigger_ui' retrieved from /home/airflow/.local/lib/python3.12/site-packages/airflow/example_dags/example_params_trigger_ui.py
[2025-04-02T19:24:11.128+0000] {logging_mixin.py:190} INFO - [2025-04-02T19:24:11.127+0000] {dag.py:3239} INFO - Sync 1 DAGs
[2025-04-02T19:24:11.174+0000] {logging_mixin.py:190} INFO - [2025-04-02T19:24:11.173+0000] {dag.py:4180} INFO - Setting next_dagrun for example_params_trigger_ui to None, run_after=None
[2025-04-02T19:24:11.218+0000] {processor.py:208} INFO - Processing /home/airflow/.local/lib/python3.12/site-packages/airflow/example_dags/example_params_trigger_ui.py took 0.249 seconds
