[2025-04-02T19:02:50.375+0000] {processor.py:186} INFO - Started process (PID=86) to work on /home/airflow/.local/lib/python3.12/site-packages/airflow/example_dags/example_dynamic_task_mapping.py
[2025-04-02T19:02:50.392+0000] {processor.py:914} INFO - Processing file /home/airflow/.local/lib/python3.12/site-packages/airflow/example_dags/example_dynamic_task_mapping.py for tasks to queue
[2025-04-02T19:02:50.414+0000] {logging_mixin.py:190} INFO - [2025-04-02T19:02:50.413+0000] {dagbag.py:588} INFO - Filling up the DagBag from /home/airflow/.local/lib/python3.12/site-packages/airflow/example_dags/example_dynamic_task_mapping.py
[2025-04-02T19:02:50.532+0000] {processor.py:925} INFO - DAG(s) 'example_dynamic_task_mapping' retrieved from /home/airflow/.local/lib/python3.12/site-packages/airflow/example_dags/example_dynamic_task_mapping.py
[2025-04-02T19:02:51.868+0000] {logging_mixin.py:190} INFO - [2025-04-02T19:02:51.866+0000] {override.py:1912} INFO - Created Permission View: can delete on DAG:example_dynamic_task_mapping
[2025-04-02T19:02:52.072+0000] {logging_mixin.py:190} INFO - [2025-04-02T19:02:52.072+0000] {override.py:1912} INFO - Created Permission View: can edit on DAG:example_dynamic_task_mapping
[2025-04-02T19:02:52.121+0000] {logging_mixin.py:190} INFO - [2025-04-02T19:02:52.121+0000] {override.py:1912} INFO - Created Permission View: can read on DAG:example_dynamic_task_mapping
[2025-04-02T19:02:52.220+0000] {logging_mixin.py:190} INFO - [2025-04-02T19:02:52.215+0000] {override.py:1912} INFO - Created Permission View: can delete on DAG Run:example_dynamic_task_mapping
[2025-04-02T19:02:52.311+0000] {logging_mixin.py:190} INFO - [2025-04-02T19:02:52.311+0000] {override.py:1912} INFO - Created Permission View: can read on DAG Run:example_dynamic_task_mapping
[2025-04-02T19:02:52.364+0000] {logging_mixin.py:190} INFO - [2025-04-02T19:02:52.363+0000] {override.py:1912} INFO - Created Permission View: can create on DAG Run:example_dynamic_task_mapping
[2025-04-02T19:02:52.423+0000] {logging_mixin.py:190} INFO - [2025-04-02T19:02:52.423+0000] {override.py:1912} INFO - Created Permission View: menu access on DAG Run:example_dynamic_task_mapping
[2025-04-02T19:02:52.441+0000] {logging_mixin.py:190} INFO - [2025-04-02T19:02:52.441+0000] {dag.py:3239} INFO - Sync 1 DAGs
[2025-04-02T19:02:52.632+0000] {logging_mixin.py:190} INFO - [2025-04-02T19:02:52.625+0000] {dag.py:3262} INFO - Creating ORM DAG for example_dynamic_task_mapping
[2025-04-02T19:02:52.783+0000] {logging_mixin.py:190} INFO - [2025-04-02T19:02:52.783+0000] {dag.py:4180} INFO - Setting next_dagrun for example_dynamic_task_mapping to None, run_after=None
[2025-04-02T19:02:53.409+0000] {processor.py:208} INFO - Processing /home/airflow/.local/lib/python3.12/site-packages/airflow/example_dags/example_dynamic_task_mapping.py took 3.123 seconds
[2025-04-02T19:04:21.787+0000] {processor.py:186} INFO - Started process (PID=161) to work on /home/airflow/.local/lib/python3.12/site-packages/airflow/example_dags/example_dynamic_task_mapping.py
[2025-04-02T19:04:21.826+0000] {processor.py:914} INFO - Processing file /home/airflow/.local/lib/python3.12/site-packages/airflow/example_dags/example_dynamic_task_mapping.py for tasks to queue
[2025-04-02T19:04:21.843+0000] {logging_mixin.py:190} INFO - [2025-04-02T19:04:21.842+0000] {dagbag.py:588} INFO - Filling up the DagBag from /home/airflow/.local/lib/python3.12/site-packages/airflow/example_dags/example_dynamic_task_mapping.py
[2025-04-02T19:04:21.924+0000] {processor.py:925} INFO - DAG(s) 'example_dynamic_task_mapping' retrieved from /home/airflow/.local/lib/python3.12/site-packages/airflow/example_dags/example_dynamic_task_mapping.py
[2025-04-02T19:04:22.057+0000] {logging_mixin.py:190} INFO - [2025-04-02T19:04:22.057+0000] {dag.py:3239} INFO - Sync 1 DAGs
[2025-04-02T19:04:22.199+0000] {logging_mixin.py:190} INFO - [2025-04-02T19:04:22.198+0000] {dag.py:4180} INFO - Setting next_dagrun for example_dynamic_task_mapping to None, run_after=None
[2025-04-02T19:04:22.394+0000] {processor.py:208} INFO - Processing /home/airflow/.local/lib/python3.12/site-packages/airflow/example_dags/example_dynamic_task_mapping.py took 0.677 seconds
[2025-04-02T19:04:53.112+0000] {processor.py:186} INFO - Started process (PID=224) to work on /home/airflow/.local/lib/python3.12/site-packages/airflow/example_dags/example_dynamic_task_mapping.py
[2025-04-02T19:04:53.114+0000] {processor.py:914} INFO - Processing file /home/airflow/.local/lib/python3.12/site-packages/airflow/example_dags/example_dynamic_task_mapping.py for tasks to queue
[2025-04-02T19:04:53.126+0000] {logging_mixin.py:190} INFO - [2025-04-02T19:04:53.124+0000] {dagbag.py:588} INFO - Filling up the DagBag from /home/airflow/.local/lib/python3.12/site-packages/airflow/example_dags/example_dynamic_task_mapping.py
[2025-04-02T19:04:53.163+0000] {processor.py:925} INFO - DAG(s) 'example_dynamic_task_mapping' retrieved from /home/airflow/.local/lib/python3.12/site-packages/airflow/example_dags/example_dynamic_task_mapping.py
[2025-04-02T19:04:53.244+0000] {logging_mixin.py:190} INFO - [2025-04-02T19:04:53.244+0000] {dag.py:3239} INFO - Sync 1 DAGs
[2025-04-02T19:04:53.281+0000] {logging_mixin.py:190} INFO - [2025-04-02T19:04:53.281+0000] {dag.py:4180} INFO - Setting next_dagrun for example_dynamic_task_mapping to None, run_after=None
[2025-04-02T19:04:53.328+0000] {processor.py:208} INFO - Processing /home/airflow/.local/lib/python3.12/site-packages/airflow/example_dags/example_dynamic_task_mapping.py took 0.238 seconds
[2025-04-02T19:05:26.831+0000] {processor.py:186} INFO - Started process (PID=270) to work on /home/airflow/.local/lib/python3.12/site-packages/airflow/example_dags/example_dynamic_task_mapping.py
[2025-04-02T19:05:26.835+0000] {processor.py:914} INFO - Processing file /home/airflow/.local/lib/python3.12/site-packages/airflow/example_dags/example_dynamic_task_mapping.py for tasks to queue
[2025-04-02T19:05:26.852+0000] {logging_mixin.py:190} INFO - [2025-04-02T19:05:26.851+0000] {dagbag.py:588} INFO - Filling up the DagBag from /home/airflow/.local/lib/python3.12/site-packages/airflow/example_dags/example_dynamic_task_mapping.py
[2025-04-02T19:05:26.911+0000] {processor.py:925} INFO - DAG(s) 'example_dynamic_task_mapping' retrieved from /home/airflow/.local/lib/python3.12/site-packages/airflow/example_dags/example_dynamic_task_mapping.py
[2025-04-02T19:05:27.007+0000] {logging_mixin.py:190} INFO - [2025-04-02T19:05:27.006+0000] {dag.py:3239} INFO - Sync 1 DAGs
[2025-04-02T19:05:27.081+0000] {logging_mixin.py:190} INFO - [2025-04-02T19:05:27.080+0000] {dag.py:4180} INFO - Setting next_dagrun for example_dynamic_task_mapping to None, run_after=None
[2025-04-02T19:05:27.282+0000] {processor.py:208} INFO - Processing /home/airflow/.local/lib/python3.12/site-packages/airflow/example_dags/example_dynamic_task_mapping.py took 0.486 seconds
[2025-04-02T19:05:57.700+0000] {processor.py:186} INFO - Started process (PID=339) to work on /home/airflow/.local/lib/python3.12/site-packages/airflow/example_dags/example_dynamic_task_mapping.py
[2025-04-02T19:05:57.706+0000] {processor.py:914} INFO - Processing file /home/airflow/.local/lib/python3.12/site-packages/airflow/example_dags/example_dynamic_task_mapping.py for tasks to queue
[2025-04-02T19:05:57.723+0000] {logging_mixin.py:190} INFO - [2025-04-02T19:05:57.723+0000] {dagbag.py:588} INFO - Filling up the DagBag from /home/airflow/.local/lib/python3.12/site-packages/airflow/example_dags/example_dynamic_task_mapping.py
[2025-04-02T19:05:57.770+0000] {processor.py:925} INFO - DAG(s) 'example_dynamic_task_mapping' retrieved from /home/airflow/.local/lib/python3.12/site-packages/airflow/example_dags/example_dynamic_task_mapping.py
[2025-04-02T19:05:57.814+0000] {logging_mixin.py:190} INFO - [2025-04-02T19:05:57.813+0000] {dag.py:3239} INFO - Sync 1 DAGs
[2025-04-02T19:05:57.844+0000] {logging_mixin.py:190} INFO - [2025-04-02T19:05:57.844+0000] {dag.py:4180} INFO - Setting next_dagrun for example_dynamic_task_mapping to None, run_after=None
[2025-04-02T19:05:57.880+0000] {processor.py:208} INFO - Processing /home/airflow/.local/lib/python3.12/site-packages/airflow/example_dags/example_dynamic_task_mapping.py took 0.203 seconds
[2025-04-02T19:06:34.284+0000] {processor.py:186} INFO - Started process (PID=399) to work on /home/airflow/.local/lib/python3.12/site-packages/airflow/example_dags/example_dynamic_task_mapping.py
[2025-04-02T19:06:34.286+0000] {processor.py:914} INFO - Processing file /home/airflow/.local/lib/python3.12/site-packages/airflow/example_dags/example_dynamic_task_mapping.py for tasks to queue
[2025-04-02T19:06:34.317+0000] {logging_mixin.py:190} INFO - [2025-04-02T19:06:34.316+0000] {dagbag.py:588} INFO - Filling up the DagBag from /home/airflow/.local/lib/python3.12/site-packages/airflow/example_dags/example_dynamic_task_mapping.py
[2025-04-02T19:06:34.396+0000] {processor.py:925} INFO - DAG(s) 'example_dynamic_task_mapping' retrieved from /home/airflow/.local/lib/python3.12/site-packages/airflow/example_dags/example_dynamic_task_mapping.py
[2025-04-02T19:06:34.538+0000] {logging_mixin.py:190} INFO - [2025-04-02T19:06:34.537+0000] {dag.py:3239} INFO - Sync 1 DAGs
[2025-04-02T19:06:34.695+0000] {logging_mixin.py:190} INFO - [2025-04-02T19:06:34.695+0000] {dag.py:4180} INFO - Setting next_dagrun for example_dynamic_task_mapping to None, run_after=None
[2025-04-02T19:06:34.855+0000] {processor.py:208} INFO - Processing /home/airflow/.local/lib/python3.12/site-packages/airflow/example_dags/example_dynamic_task_mapping.py took 0.609 seconds
[2025-04-02T19:07:14.324+0000] {processor.py:186} INFO - Started process (PID=461) to work on /home/airflow/.local/lib/python3.12/site-packages/airflow/example_dags/example_dynamic_task_mapping.py
[2025-04-02T19:07:14.327+0000] {processor.py:914} INFO - Processing file /home/airflow/.local/lib/python3.12/site-packages/airflow/example_dags/example_dynamic_task_mapping.py for tasks to queue
[2025-04-02T19:07:14.335+0000] {logging_mixin.py:190} INFO - [2025-04-02T19:07:14.334+0000] {dagbag.py:588} INFO - Filling up the DagBag from /home/airflow/.local/lib/python3.12/site-packages/airflow/example_dags/example_dynamic_task_mapping.py
[2025-04-02T19:07:14.424+0000] {processor.py:925} INFO - DAG(s) 'example_dynamic_task_mapping' retrieved from /home/airflow/.local/lib/python3.12/site-packages/airflow/example_dags/example_dynamic_task_mapping.py
[2025-04-02T19:07:14.560+0000] {logging_mixin.py:190} INFO - [2025-04-02T19:07:14.559+0000] {dag.py:3239} INFO - Sync 1 DAGs
[2025-04-02T19:07:14.655+0000] {logging_mixin.py:190} INFO - [2025-04-02T19:07:14.654+0000] {dag.py:4180} INFO - Setting next_dagrun for example_dynamic_task_mapping to None, run_after=None
[2025-04-02T19:07:14.771+0000] {processor.py:208} INFO - Processing /home/airflow/.local/lib/python3.12/site-packages/airflow/example_dags/example_dynamic_task_mapping.py took 0.469 seconds
[2025-04-02T19:07:48.065+0000] {processor.py:186} INFO - Started process (PID=519) to work on /home/airflow/.local/lib/python3.12/site-packages/airflow/example_dags/example_dynamic_task_mapping.py
[2025-04-02T19:07:48.068+0000] {processor.py:914} INFO - Processing file /home/airflow/.local/lib/python3.12/site-packages/airflow/example_dags/example_dynamic_task_mapping.py for tasks to queue
[2025-04-02T19:07:48.084+0000] {logging_mixin.py:190} INFO - [2025-04-02T19:07:48.073+0000] {dagbag.py:588} INFO - Filling up the DagBag from /home/airflow/.local/lib/python3.12/site-packages/airflow/example_dags/example_dynamic_task_mapping.py
[2025-04-02T19:07:48.136+0000] {processor.py:925} INFO - DAG(s) 'example_dynamic_task_mapping' retrieved from /home/airflow/.local/lib/python3.12/site-packages/airflow/example_dags/example_dynamic_task_mapping.py
[2025-04-02T19:07:48.233+0000] {logging_mixin.py:190} INFO - [2025-04-02T19:07:48.233+0000] {dag.py:3239} INFO - Sync 1 DAGs
[2025-04-02T19:07:48.301+0000] {logging_mixin.py:190} INFO - [2025-04-02T19:07:48.300+0000] {dag.py:4180} INFO - Setting next_dagrun for example_dynamic_task_mapping to None, run_after=None
[2025-04-02T19:07:48.431+0000] {processor.py:208} INFO - Processing /home/airflow/.local/lib/python3.12/site-packages/airflow/example_dags/example_dynamic_task_mapping.py took 0.404 seconds
[2025-04-02T19:08:19.136+0000] {processor.py:186} INFO - Started process (PID=582) to work on /home/airflow/.local/lib/python3.12/site-packages/airflow/example_dags/example_dynamic_task_mapping.py
[2025-04-02T19:08:19.138+0000] {processor.py:914} INFO - Processing file /home/airflow/.local/lib/python3.12/site-packages/airflow/example_dags/example_dynamic_task_mapping.py for tasks to queue
[2025-04-02T19:08:19.150+0000] {logging_mixin.py:190} INFO - [2025-04-02T19:08:19.148+0000] {dagbag.py:588} INFO - Filling up the DagBag from /home/airflow/.local/lib/python3.12/site-packages/airflow/example_dags/example_dynamic_task_mapping.py
[2025-04-02T19:08:19.207+0000] {processor.py:925} INFO - DAG(s) 'example_dynamic_task_mapping' retrieved from /home/airflow/.local/lib/python3.12/site-packages/airflow/example_dags/example_dynamic_task_mapping.py
[2025-04-02T19:08:19.435+0000] {logging_mixin.py:190} INFO - [2025-04-02T19:08:19.434+0000] {dag.py:3239} INFO - Sync 1 DAGs
[2025-04-02T19:08:19.610+0000] {logging_mixin.py:190} INFO - [2025-04-02T19:08:19.610+0000] {dag.py:4180} INFO - Setting next_dagrun for example_dynamic_task_mapping to None, run_after=None
[2025-04-02T19:08:19.785+0000] {processor.py:208} INFO - Processing /home/airflow/.local/lib/python3.12/site-packages/airflow/example_dags/example_dynamic_task_mapping.py took 0.667 seconds
[2025-04-02T19:09:06.332+0000] {processor.py:186} INFO - Started process (PID=650) to work on /home/airflow/.local/lib/python3.12/site-packages/airflow/example_dags/example_dynamic_task_mapping.py
[2025-04-02T19:09:06.358+0000] {processor.py:914} INFO - Processing file /home/airflow/.local/lib/python3.12/site-packages/airflow/example_dags/example_dynamic_task_mapping.py for tasks to queue
[2025-04-02T19:09:06.376+0000] {logging_mixin.py:190} INFO - [2025-04-02T19:09:06.375+0000] {dagbag.py:588} INFO - Filling up the DagBag from /home/airflow/.local/lib/python3.12/site-packages/airflow/example_dags/example_dynamic_task_mapping.py
[2025-04-02T19:09:06.421+0000] {processor.py:925} INFO - DAG(s) 'example_dynamic_task_mapping' retrieved from /home/airflow/.local/lib/python3.12/site-packages/airflow/example_dags/example_dynamic_task_mapping.py
[2025-04-02T19:09:06.565+0000] {logging_mixin.py:190} INFO - [2025-04-02T19:09:06.562+0000] {dag.py:3239} INFO - Sync 1 DAGs
[2025-04-02T19:09:06.663+0000] {logging_mixin.py:190} INFO - [2025-04-02T19:09:06.663+0000] {dag.py:4180} INFO - Setting next_dagrun for example_dynamic_task_mapping to None, run_after=None
[2025-04-02T19:09:06.815+0000] {processor.py:208} INFO - Processing /home/airflow/.local/lib/python3.12/site-packages/airflow/example_dags/example_dynamic_task_mapping.py took 0.535 seconds
[2025-04-02T19:10:12.762+0000] {processor.py:186} INFO - Started process (PID=693) to work on /home/airflow/.local/lib/python3.12/site-packages/airflow/example_dags/example_dynamic_task_mapping.py
[2025-04-02T19:10:12.765+0000] {processor.py:914} INFO - Processing file /home/airflow/.local/lib/python3.12/site-packages/airflow/example_dags/example_dynamic_task_mapping.py for tasks to queue
[2025-04-02T19:10:12.814+0000] {logging_mixin.py:190} INFO - [2025-04-02T19:10:12.813+0000] {dagbag.py:588} INFO - Filling up the DagBag from /home/airflow/.local/lib/python3.12/site-packages/airflow/example_dags/example_dynamic_task_mapping.py
[2025-04-02T19:10:12.883+0000] {processor.py:925} INFO - DAG(s) 'example_dynamic_task_mapping' retrieved from /home/airflow/.local/lib/python3.12/site-packages/airflow/example_dags/example_dynamic_task_mapping.py
[2025-04-02T19:10:13.028+0000] {logging_mixin.py:190} INFO - [2025-04-02T19:10:13.028+0000] {dag.py:3239} INFO - Sync 1 DAGs
[2025-04-02T19:10:13.177+0000] {logging_mixin.py:190} INFO - [2025-04-02T19:10:13.176+0000] {dag.py:4180} INFO - Setting next_dagrun for example_dynamic_task_mapping to None, run_after=None
[2025-04-02T19:10:13.341+0000] {processor.py:208} INFO - Processing /home/airflow/.local/lib/python3.12/site-packages/airflow/example_dags/example_dynamic_task_mapping.py took 0.615 seconds
[2025-04-02T19:10:46.043+0000] {processor.py:186} INFO - Started process (PID=755) to work on /home/airflow/.local/lib/python3.12/site-packages/airflow/example_dags/example_dynamic_task_mapping.py
[2025-04-02T19:10:46.046+0000] {processor.py:914} INFO - Processing file /home/airflow/.local/lib/python3.12/site-packages/airflow/example_dags/example_dynamic_task_mapping.py for tasks to queue
[2025-04-02T19:10:46.052+0000] {logging_mixin.py:190} INFO - [2025-04-02T19:10:46.052+0000] {dagbag.py:588} INFO - Filling up the DagBag from /home/airflow/.local/lib/python3.12/site-packages/airflow/example_dags/example_dynamic_task_mapping.py
[2025-04-02T19:10:46.074+0000] {processor.py:925} INFO - DAG(s) 'example_dynamic_task_mapping' retrieved from /home/airflow/.local/lib/python3.12/site-packages/airflow/example_dags/example_dynamic_task_mapping.py
[2025-04-02T19:10:46.118+0000] {logging_mixin.py:190} INFO - [2025-04-02T19:10:46.117+0000] {dag.py:3239} INFO - Sync 1 DAGs
[2025-04-02T19:10:46.149+0000] {logging_mixin.py:190} INFO - [2025-04-02T19:10:46.148+0000] {dag.py:4180} INFO - Setting next_dagrun for example_dynamic_task_mapping to None, run_after=None
[2025-04-02T19:10:46.196+0000] {processor.py:208} INFO - Processing /home/airflow/.local/lib/python3.12/site-packages/airflow/example_dags/example_dynamic_task_mapping.py took 0.168 seconds
[2025-04-02T19:11:18.236+0000] {processor.py:186} INFO - Started process (PID=810) to work on /home/airflow/.local/lib/python3.12/site-packages/airflow/example_dags/example_dynamic_task_mapping.py
[2025-04-02T19:11:18.246+0000] {processor.py:914} INFO - Processing file /home/airflow/.local/lib/python3.12/site-packages/airflow/example_dags/example_dynamic_task_mapping.py for tasks to queue
[2025-04-02T19:11:18.266+0000] {logging_mixin.py:190} INFO - [2025-04-02T19:11:18.262+0000] {dagbag.py:588} INFO - Filling up the DagBag from /home/airflow/.local/lib/python3.12/site-packages/airflow/example_dags/example_dynamic_task_mapping.py
[2025-04-02T19:11:18.293+0000] {processor.py:925} INFO - DAG(s) 'example_dynamic_task_mapping' retrieved from /home/airflow/.local/lib/python3.12/site-packages/airflow/example_dags/example_dynamic_task_mapping.py
[2025-04-02T19:11:18.378+0000] {logging_mixin.py:190} INFO - [2025-04-02T19:11:18.377+0000] {dag.py:3239} INFO - Sync 1 DAGs
[2025-04-02T19:11:18.485+0000] {logging_mixin.py:190} INFO - [2025-04-02T19:11:18.485+0000] {dag.py:4180} INFO - Setting next_dagrun for example_dynamic_task_mapping to None, run_after=None
[2025-04-02T19:11:18.581+0000] {processor.py:208} INFO - Processing /home/airflow/.local/lib/python3.12/site-packages/airflow/example_dags/example_dynamic_task_mapping.py took 0.386 seconds
[2025-04-02T19:11:50.655+0000] {processor.py:186} INFO - Started process (PID=872) to work on /home/airflow/.local/lib/python3.12/site-packages/airflow/example_dags/example_dynamic_task_mapping.py
[2025-04-02T19:11:50.660+0000] {processor.py:914} INFO - Processing file /home/airflow/.local/lib/python3.12/site-packages/airflow/example_dags/example_dynamic_task_mapping.py for tasks to queue
[2025-04-02T19:11:50.673+0000] {logging_mixin.py:190} INFO - [2025-04-02T19:11:50.673+0000] {dagbag.py:588} INFO - Filling up the DagBag from /home/airflow/.local/lib/python3.12/site-packages/airflow/example_dags/example_dynamic_task_mapping.py
[2025-04-02T19:11:50.733+0000] {processor.py:925} INFO - DAG(s) 'example_dynamic_task_mapping' retrieved from /home/airflow/.local/lib/python3.12/site-packages/airflow/example_dags/example_dynamic_task_mapping.py
[2025-04-02T19:11:50.881+0000] {logging_mixin.py:190} INFO - [2025-04-02T19:11:50.880+0000] {dag.py:3239} INFO - Sync 1 DAGs
[2025-04-02T19:11:51.057+0000] {logging_mixin.py:190} INFO - [2025-04-02T19:11:51.057+0000] {dag.py:4180} INFO - Setting next_dagrun for example_dynamic_task_mapping to None, run_after=None
[2025-04-02T19:11:51.237+0000] {processor.py:208} INFO - Processing /home/airflow/.local/lib/python3.12/site-packages/airflow/example_dags/example_dynamic_task_mapping.py took 0.610 seconds
[2025-04-02T19:12:22.676+0000] {processor.py:186} INFO - Started process (PID=935) to work on /home/airflow/.local/lib/python3.12/site-packages/airflow/example_dags/example_dynamic_task_mapping.py
[2025-04-02T19:12:22.680+0000] {processor.py:914} INFO - Processing file /home/airflow/.local/lib/python3.12/site-packages/airflow/example_dags/example_dynamic_task_mapping.py for tasks to queue
[2025-04-02T19:12:22.689+0000] {logging_mixin.py:190} INFO - [2025-04-02T19:12:22.688+0000] {dagbag.py:588} INFO - Filling up the DagBag from /home/airflow/.local/lib/python3.12/site-packages/airflow/example_dags/example_dynamic_task_mapping.py
[2025-04-02T19:12:22.721+0000] {processor.py:925} INFO - DAG(s) 'example_dynamic_task_mapping' retrieved from /home/airflow/.local/lib/python3.12/site-packages/airflow/example_dags/example_dynamic_task_mapping.py
[2025-04-02T19:12:22.818+0000] {logging_mixin.py:190} INFO - [2025-04-02T19:12:22.818+0000] {dag.py:3239} INFO - Sync 1 DAGs
[2025-04-02T19:12:22.857+0000] {logging_mixin.py:190} INFO - [2025-04-02T19:12:22.857+0000] {dag.py:4180} INFO - Setting next_dagrun for example_dynamic_task_mapping to None, run_after=None
[2025-04-02T19:12:22.924+0000] {processor.py:208} INFO - Processing /home/airflow/.local/lib/python3.12/site-packages/airflow/example_dags/example_dynamic_task_mapping.py took 0.269 seconds
[2025-04-02T19:12:57.496+0000] {processor.py:186} INFO - Started process (PID=990) to work on /home/airflow/.local/lib/python3.12/site-packages/airflow/example_dags/example_dynamic_task_mapping.py
[2025-04-02T19:12:57.498+0000] {processor.py:914} INFO - Processing file /home/airflow/.local/lib/python3.12/site-packages/airflow/example_dags/example_dynamic_task_mapping.py for tasks to queue
[2025-04-02T19:12:57.503+0000] {logging_mixin.py:190} INFO - [2025-04-02T19:12:57.502+0000] {dagbag.py:588} INFO - Filling up the DagBag from /home/airflow/.local/lib/python3.12/site-packages/airflow/example_dags/example_dynamic_task_mapping.py
[2025-04-02T19:12:57.517+0000] {processor.py:925} INFO - DAG(s) 'example_dynamic_task_mapping' retrieved from /home/airflow/.local/lib/python3.12/site-packages/airflow/example_dags/example_dynamic_task_mapping.py
[2025-04-02T19:12:57.589+0000] {logging_mixin.py:190} INFO - [2025-04-02T19:12:57.589+0000] {dag.py:3239} INFO - Sync 1 DAGs
[2025-04-02T19:12:57.646+0000] {logging_mixin.py:190} INFO - [2025-04-02T19:12:57.646+0000] {dag.py:4180} INFO - Setting next_dagrun for example_dynamic_task_mapping to None, run_after=None
[2025-04-02T19:12:57.710+0000] {processor.py:208} INFO - Processing /home/airflow/.local/lib/python3.12/site-packages/airflow/example_dags/example_dynamic_task_mapping.py took 0.228 seconds
[2025-04-02T19:13:38.957+0000] {processor.py:186} INFO - Started process (PID=1041) to work on /home/airflow/.local/lib/python3.12/site-packages/airflow/example_dags/example_dynamic_task_mapping.py
[2025-04-02T19:13:38.967+0000] {processor.py:914} INFO - Processing file /home/airflow/.local/lib/python3.12/site-packages/airflow/example_dags/example_dynamic_task_mapping.py for tasks to queue
[2025-04-02T19:13:38.976+0000] {logging_mixin.py:190} INFO - [2025-04-02T19:13:38.975+0000] {dagbag.py:588} INFO - Filling up the DagBag from /home/airflow/.local/lib/python3.12/site-packages/airflow/example_dags/example_dynamic_task_mapping.py
[2025-04-02T19:13:39.013+0000] {processor.py:925} INFO - DAG(s) 'example_dynamic_task_mapping' retrieved from /home/airflow/.local/lib/python3.12/site-packages/airflow/example_dags/example_dynamic_task_mapping.py
[2025-04-02T19:13:39.067+0000] {logging_mixin.py:190} INFO - [2025-04-02T19:13:39.067+0000] {dag.py:3239} INFO - Sync 1 DAGs
[2025-04-02T19:13:39.137+0000] {logging_mixin.py:190} INFO - [2025-04-02T19:13:39.136+0000] {dag.py:4180} INFO - Setting next_dagrun for example_dynamic_task_mapping to None, run_after=None
[2025-04-02T19:13:39.228+0000] {processor.py:208} INFO - Processing /home/airflow/.local/lib/python3.12/site-packages/airflow/example_dags/example_dynamic_task_mapping.py took 0.294 seconds
[2025-04-02T19:14:12.738+0000] {processor.py:186} INFO - Started process (PID=1103) to work on /home/airflow/.local/lib/python3.12/site-packages/airflow/example_dags/example_dynamic_task_mapping.py
[2025-04-02T19:14:12.743+0000] {processor.py:914} INFO - Processing file /home/airflow/.local/lib/python3.12/site-packages/airflow/example_dags/example_dynamic_task_mapping.py for tasks to queue
[2025-04-02T19:14:12.756+0000] {logging_mixin.py:190} INFO - [2025-04-02T19:14:12.755+0000] {dagbag.py:588} INFO - Filling up the DagBag from /home/airflow/.local/lib/python3.12/site-packages/airflow/example_dags/example_dynamic_task_mapping.py
[2025-04-02T19:14:12.814+0000] {processor.py:925} INFO - DAG(s) 'example_dynamic_task_mapping' retrieved from /home/airflow/.local/lib/python3.12/site-packages/airflow/example_dags/example_dynamic_task_mapping.py
[2025-04-02T19:14:12.918+0000] {logging_mixin.py:190} INFO - [2025-04-02T19:14:12.917+0000] {dag.py:3239} INFO - Sync 1 DAGs
[2025-04-02T19:14:13.109+0000] {logging_mixin.py:190} INFO - [2025-04-02T19:14:13.108+0000] {dag.py:4180} INFO - Setting next_dagrun for example_dynamic_task_mapping to None, run_after=None
[2025-04-02T19:14:13.232+0000] {processor.py:208} INFO - Processing /home/airflow/.local/lib/python3.12/site-packages/airflow/example_dags/example_dynamic_task_mapping.py took 0.550 seconds
[2025-04-02T19:14:56.232+0000] {processor.py:186} INFO - Started process (PID=1156) to work on /home/airflow/.local/lib/python3.12/site-packages/airflow/example_dags/example_dynamic_task_mapping.py
[2025-04-02T19:14:56.240+0000] {processor.py:914} INFO - Processing file /home/airflow/.local/lib/python3.12/site-packages/airflow/example_dags/example_dynamic_task_mapping.py for tasks to queue
[2025-04-02T19:14:56.266+0000] {logging_mixin.py:190} INFO - [2025-04-02T19:14:56.265+0000] {dagbag.py:588} INFO - Filling up the DagBag from /home/airflow/.local/lib/python3.12/site-packages/airflow/example_dags/example_dynamic_task_mapping.py
[2025-04-02T19:14:56.336+0000] {processor.py:925} INFO - DAG(s) 'example_dynamic_task_mapping' retrieved from /home/airflow/.local/lib/python3.12/site-packages/airflow/example_dags/example_dynamic_task_mapping.py
[2025-04-02T19:14:56.459+0000] {logging_mixin.py:190} INFO - [2025-04-02T19:14:56.459+0000] {dag.py:3239} INFO - Sync 1 DAGs
[2025-04-02T19:14:56.644+0000] {logging_mixin.py:190} INFO - [2025-04-02T19:14:56.642+0000] {dag.py:4180} INFO - Setting next_dagrun for example_dynamic_task_mapping to None, run_after=None
[2025-04-02T19:14:56.740+0000] {processor.py:208} INFO - Processing /home/airflow/.local/lib/python3.12/site-packages/airflow/example_dags/example_dynamic_task_mapping.py took 0.540 seconds
[2025-04-02T19:15:40.311+0000] {processor.py:186} INFO - Started process (PID=1213) to work on /home/airflow/.local/lib/python3.12/site-packages/airflow/example_dags/example_dynamic_task_mapping.py
[2025-04-02T19:15:40.325+0000] {processor.py:914} INFO - Processing file /home/airflow/.local/lib/python3.12/site-packages/airflow/example_dags/example_dynamic_task_mapping.py for tasks to queue
[2025-04-02T19:15:40.347+0000] {logging_mixin.py:190} INFO - [2025-04-02T19:15:40.346+0000] {dagbag.py:588} INFO - Filling up the DagBag from /home/airflow/.local/lib/python3.12/site-packages/airflow/example_dags/example_dynamic_task_mapping.py
[2025-04-02T19:15:40.462+0000] {processor.py:925} INFO - DAG(s) 'example_dynamic_task_mapping' retrieved from /home/airflow/.local/lib/python3.12/site-packages/airflow/example_dags/example_dynamic_task_mapping.py
[2025-04-02T19:15:40.607+0000] {logging_mixin.py:190} INFO - [2025-04-02T19:15:40.607+0000] {dag.py:3239} INFO - Sync 1 DAGs
[2025-04-02T19:15:40.748+0000] {logging_mixin.py:190} INFO - [2025-04-02T19:15:40.747+0000] {dag.py:4180} INFO - Setting next_dagrun for example_dynamic_task_mapping to None, run_after=None
[2025-04-02T19:15:40.856+0000] {processor.py:208} INFO - Processing /home/airflow/.local/lib/python3.12/site-packages/airflow/example_dags/example_dynamic_task_mapping.py took 0.602 seconds
[2025-04-02T19:16:15.290+0000] {processor.py:186} INFO - Started process (PID=1273) to work on /home/airflow/.local/lib/python3.12/site-packages/airflow/example_dags/example_dynamic_task_mapping.py
[2025-04-02T19:16:15.293+0000] {processor.py:914} INFO - Processing file /home/airflow/.local/lib/python3.12/site-packages/airflow/example_dags/example_dynamic_task_mapping.py for tasks to queue
[2025-04-02T19:16:15.303+0000] {logging_mixin.py:190} INFO - [2025-04-02T19:16:15.302+0000] {dagbag.py:588} INFO - Filling up the DagBag from /home/airflow/.local/lib/python3.12/site-packages/airflow/example_dags/example_dynamic_task_mapping.py
[2025-04-02T19:16:15.358+0000] {processor.py:925} INFO - DAG(s) 'example_dynamic_task_mapping' retrieved from /home/airflow/.local/lib/python3.12/site-packages/airflow/example_dags/example_dynamic_task_mapping.py
[2025-04-02T19:16:15.539+0000] {logging_mixin.py:190} INFO - [2025-04-02T19:16:15.538+0000] {dag.py:3239} INFO - Sync 1 DAGs
[2025-04-02T19:16:15.732+0000] {logging_mixin.py:190} INFO - [2025-04-02T19:16:15.729+0000] {dag.py:4180} INFO - Setting next_dagrun for example_dynamic_task_mapping to None, run_after=None
[2025-04-02T19:16:15.807+0000] {processor.py:208} INFO - Processing /home/airflow/.local/lib/python3.12/site-packages/airflow/example_dags/example_dynamic_task_mapping.py took 0.569 seconds
[2025-04-02T19:16:56.067+0000] {processor.py:186} INFO - Started process (PID=1332) to work on /home/airflow/.local/lib/python3.12/site-packages/airflow/example_dags/example_dynamic_task_mapping.py
[2025-04-02T19:16:56.072+0000] {processor.py:914} INFO - Processing file /home/airflow/.local/lib/python3.12/site-packages/airflow/example_dags/example_dynamic_task_mapping.py for tasks to queue
[2025-04-02T19:16:56.090+0000] {logging_mixin.py:190} INFO - [2025-04-02T19:16:56.081+0000] {dagbag.py:588} INFO - Filling up the DagBag from /home/airflow/.local/lib/python3.12/site-packages/airflow/example_dags/example_dynamic_task_mapping.py
[2025-04-02T19:16:56.163+0000] {processor.py:925} INFO - DAG(s) 'example_dynamic_task_mapping' retrieved from /home/airflow/.local/lib/python3.12/site-packages/airflow/example_dags/example_dynamic_task_mapping.py
[2025-04-02T19:16:56.298+0000] {logging_mixin.py:190} INFO - [2025-04-02T19:16:56.298+0000] {dag.py:3239} INFO - Sync 1 DAGs
[2025-04-02T19:16:56.437+0000] {logging_mixin.py:190} INFO - [2025-04-02T19:16:56.437+0000] {dag.py:4180} INFO - Setting next_dagrun for example_dynamic_task_mapping to None, run_after=None
[2025-04-02T19:16:56.536+0000] {processor.py:208} INFO - Processing /home/airflow/.local/lib/python3.12/site-packages/airflow/example_dags/example_dynamic_task_mapping.py took 0.517 seconds
[2025-04-02T19:17:30.308+0000] {processor.py:186} INFO - Started process (PID=1396) to work on /home/airflow/.local/lib/python3.12/site-packages/airflow/example_dags/example_dynamic_task_mapping.py
[2025-04-02T19:17:30.312+0000] {processor.py:914} INFO - Processing file /home/airflow/.local/lib/python3.12/site-packages/airflow/example_dags/example_dynamic_task_mapping.py for tasks to queue
[2025-04-02T19:17:30.316+0000] {logging_mixin.py:190} INFO - [2025-04-02T19:17:30.315+0000] {dagbag.py:588} INFO - Filling up the DagBag from /home/airflow/.local/lib/python3.12/site-packages/airflow/example_dags/example_dynamic_task_mapping.py
[2025-04-02T19:17:30.344+0000] {processor.py:925} INFO - DAG(s) 'example_dynamic_task_mapping' retrieved from /home/airflow/.local/lib/python3.12/site-packages/airflow/example_dags/example_dynamic_task_mapping.py
[2025-04-02T19:17:30.399+0000] {logging_mixin.py:190} INFO - [2025-04-02T19:17:30.398+0000] {dag.py:3239} INFO - Sync 1 DAGs
[2025-04-02T19:17:30.475+0000] {logging_mixin.py:190} INFO - [2025-04-02T19:17:30.474+0000] {dag.py:4180} INFO - Setting next_dagrun for example_dynamic_task_mapping to None, run_after=None
[2025-04-02T19:17:30.580+0000] {processor.py:208} INFO - Processing /home/airflow/.local/lib/python3.12/site-packages/airflow/example_dags/example_dynamic_task_mapping.py took 0.299 seconds
[2025-04-02T19:18:01.081+0000] {processor.py:186} INFO - Started process (PID=1458) to work on /home/airflow/.local/lib/python3.12/site-packages/airflow/example_dags/example_dynamic_task_mapping.py
[2025-04-02T19:18:01.093+0000] {processor.py:914} INFO - Processing file /home/airflow/.local/lib/python3.12/site-packages/airflow/example_dags/example_dynamic_task_mapping.py for tasks to queue
[2025-04-02T19:18:01.110+0000] {logging_mixin.py:190} INFO - [2025-04-02T19:18:01.109+0000] {dagbag.py:588} INFO - Filling up the DagBag from /home/airflow/.local/lib/python3.12/site-packages/airflow/example_dags/example_dynamic_task_mapping.py
[2025-04-02T19:18:01.162+0000] {processor.py:925} INFO - DAG(s) 'example_dynamic_task_mapping' retrieved from /home/airflow/.local/lib/python3.12/site-packages/airflow/example_dags/example_dynamic_task_mapping.py
[2025-04-02T19:18:01.269+0000] {logging_mixin.py:190} INFO - [2025-04-02T19:18:01.268+0000] {dag.py:3239} INFO - Sync 1 DAGs
[2025-04-02T19:18:01.394+0000] {logging_mixin.py:190} INFO - [2025-04-02T19:18:01.393+0000] {dag.py:4180} INFO - Setting next_dagrun for example_dynamic_task_mapping to None, run_after=None
[2025-04-02T19:18:01.507+0000] {processor.py:208} INFO - Processing /home/airflow/.local/lib/python3.12/site-packages/airflow/example_dags/example_dynamic_task_mapping.py took 0.464 seconds
[2025-04-02T19:18:31.747+0000] {processor.py:186} INFO - Started process (PID=1521) to work on /home/airflow/.local/lib/python3.12/site-packages/airflow/example_dags/example_dynamic_task_mapping.py
[2025-04-02T19:18:31.755+0000] {processor.py:914} INFO - Processing file /home/airflow/.local/lib/python3.12/site-packages/airflow/example_dags/example_dynamic_task_mapping.py for tasks to queue
[2025-04-02T19:18:31.761+0000] {logging_mixin.py:190} INFO - [2025-04-02T19:18:31.760+0000] {dagbag.py:588} INFO - Filling up the DagBag from /home/airflow/.local/lib/python3.12/site-packages/airflow/example_dags/example_dynamic_task_mapping.py
[2025-04-02T19:18:31.783+0000] {processor.py:925} INFO - DAG(s) 'example_dynamic_task_mapping' retrieved from /home/airflow/.local/lib/python3.12/site-packages/airflow/example_dags/example_dynamic_task_mapping.py
[2025-04-02T19:18:31.829+0000] {logging_mixin.py:190} INFO - [2025-04-02T19:18:31.828+0000] {dag.py:3239} INFO - Sync 1 DAGs
[2025-04-02T19:18:31.890+0000] {logging_mixin.py:190} INFO - [2025-04-02T19:18:31.890+0000] {dag.py:4180} INFO - Setting next_dagrun for example_dynamic_task_mapping to None, run_after=None
[2025-04-02T19:18:31.959+0000] {processor.py:208} INFO - Processing /home/airflow/.local/lib/python3.12/site-packages/airflow/example_dags/example_dynamic_task_mapping.py took 0.234 seconds
[2025-04-02T19:19:07.528+0000] {processor.py:186} INFO - Started process (PID=1580) to work on /home/airflow/.local/lib/python3.12/site-packages/airflow/example_dags/example_dynamic_task_mapping.py
[2025-04-02T19:19:07.529+0000] {processor.py:914} INFO - Processing file /home/airflow/.local/lib/python3.12/site-packages/airflow/example_dags/example_dynamic_task_mapping.py for tasks to queue
[2025-04-02T19:19:07.535+0000] {logging_mixin.py:190} INFO - [2025-04-02T19:19:07.534+0000] {dagbag.py:588} INFO - Filling up the DagBag from /home/airflow/.local/lib/python3.12/site-packages/airflow/example_dags/example_dynamic_task_mapping.py
[2025-04-02T19:19:07.590+0000] {processor.py:925} INFO - DAG(s) 'example_dynamic_task_mapping' retrieved from /home/airflow/.local/lib/python3.12/site-packages/airflow/example_dags/example_dynamic_task_mapping.py
[2025-04-02T19:19:07.678+0000] {logging_mixin.py:190} INFO - [2025-04-02T19:19:07.677+0000] {dag.py:3239} INFO - Sync 1 DAGs
[2025-04-02T19:19:07.741+0000] {logging_mixin.py:190} INFO - [2025-04-02T19:19:07.741+0000] {dag.py:4180} INFO - Setting next_dagrun for example_dynamic_task_mapping to None, run_after=None
[2025-04-02T19:19:07.803+0000] {processor.py:208} INFO - Processing /home/airflow/.local/lib/python3.12/site-packages/airflow/example_dags/example_dynamic_task_mapping.py took 0.293 seconds
[2025-04-02T19:19:46.297+0000] {processor.py:186} INFO - Started process (PID=1639) to work on /home/airflow/.local/lib/python3.12/site-packages/airflow/example_dags/example_dynamic_task_mapping.py
[2025-04-02T19:19:46.300+0000] {processor.py:914} INFO - Processing file /home/airflow/.local/lib/python3.12/site-packages/airflow/example_dags/example_dynamic_task_mapping.py for tasks to queue
[2025-04-02T19:19:46.330+0000] {logging_mixin.py:190} INFO - [2025-04-02T19:19:46.328+0000] {dagbag.py:588} INFO - Filling up the DagBag from /home/airflow/.local/lib/python3.12/site-packages/airflow/example_dags/example_dynamic_task_mapping.py
[2025-04-02T19:19:46.425+0000] {processor.py:925} INFO - DAG(s) 'example_dynamic_task_mapping' retrieved from /home/airflow/.local/lib/python3.12/site-packages/airflow/example_dags/example_dynamic_task_mapping.py
[2025-04-02T19:19:46.744+0000] {logging_mixin.py:190} INFO - [2025-04-02T19:19:46.743+0000] {dag.py:3239} INFO - Sync 1 DAGs
[2025-04-02T19:19:46.920+0000] {logging_mixin.py:190} INFO - [2025-04-02T19:19:46.919+0000] {dag.py:4180} INFO - Setting next_dagrun for example_dynamic_task_mapping to None, run_after=None
[2025-04-02T19:19:47.055+0000] {processor.py:208} INFO - Processing /home/airflow/.local/lib/python3.12/site-packages/airflow/example_dags/example_dynamic_task_mapping.py took 0.812 seconds
[2025-04-02T19:20:27.851+0000] {processor.py:186} INFO - Started process (PID=1695) to work on /home/airflow/.local/lib/python3.12/site-packages/airflow/example_dags/example_dynamic_task_mapping.py
[2025-04-02T19:20:27.854+0000] {processor.py:914} INFO - Processing file /home/airflow/.local/lib/python3.12/site-packages/airflow/example_dags/example_dynamic_task_mapping.py for tasks to queue
[2025-04-02T19:20:27.861+0000] {logging_mixin.py:190} INFO - [2025-04-02T19:20:27.860+0000] {dagbag.py:588} INFO - Filling up the DagBag from /home/airflow/.local/lib/python3.12/site-packages/airflow/example_dags/example_dynamic_task_mapping.py
[2025-04-02T19:20:27.908+0000] {processor.py:925} INFO - DAG(s) 'example_dynamic_task_mapping' retrieved from /home/airflow/.local/lib/python3.12/site-packages/airflow/example_dags/example_dynamic_task_mapping.py
[2025-04-02T19:20:27.956+0000] {logging_mixin.py:190} INFO - [2025-04-02T19:20:27.955+0000] {dag.py:3239} INFO - Sync 1 DAGs
[2025-04-02T19:20:27.995+0000] {logging_mixin.py:190} INFO - [2025-04-02T19:20:27.995+0000] {dag.py:4180} INFO - Setting next_dagrun for example_dynamic_task_mapping to None, run_after=None
[2025-04-02T19:20:28.210+0000] {processor.py:208} INFO - Processing /home/airflow/.local/lib/python3.12/site-packages/airflow/example_dags/example_dynamic_task_mapping.py took 0.404 seconds
[2025-04-02T19:21:00.684+0000] {processor.py:186} INFO - Started process (PID=1751) to work on /home/airflow/.local/lib/python3.12/site-packages/airflow/example_dags/example_dynamic_task_mapping.py
[2025-04-02T19:21:00.687+0000] {processor.py:914} INFO - Processing file /home/airflow/.local/lib/python3.12/site-packages/airflow/example_dags/example_dynamic_task_mapping.py for tasks to queue
[2025-04-02T19:21:00.698+0000] {logging_mixin.py:190} INFO - [2025-04-02T19:21:00.697+0000] {dagbag.py:588} INFO - Filling up the DagBag from /home/airflow/.local/lib/python3.12/site-packages/airflow/example_dags/example_dynamic_task_mapping.py
[2025-04-02T19:21:00.730+0000] {processor.py:925} INFO - DAG(s) 'example_dynamic_task_mapping' retrieved from /home/airflow/.local/lib/python3.12/site-packages/airflow/example_dags/example_dynamic_task_mapping.py
[2025-04-02T19:21:00.783+0000] {logging_mixin.py:190} INFO - [2025-04-02T19:21:00.782+0000] {dag.py:3239} INFO - Sync 1 DAGs
[2025-04-02T19:21:00.844+0000] {logging_mixin.py:190} INFO - [2025-04-02T19:21:00.843+0000] {dag.py:4180} INFO - Setting next_dagrun for example_dynamic_task_mapping to None, run_after=None
[2025-04-02T19:21:00.917+0000] {processor.py:208} INFO - Processing /home/airflow/.local/lib/python3.12/site-packages/airflow/example_dags/example_dynamic_task_mapping.py took 0.255 seconds
[2025-04-02T19:21:35.092+0000] {processor.py:186} INFO - Started process (PID=1811) to work on /home/airflow/.local/lib/python3.12/site-packages/airflow/example_dags/example_dynamic_task_mapping.py
[2025-04-02T19:21:35.118+0000] {processor.py:914} INFO - Processing file /home/airflow/.local/lib/python3.12/site-packages/airflow/example_dags/example_dynamic_task_mapping.py for tasks to queue
[2025-04-02T19:21:35.157+0000] {logging_mixin.py:190} INFO - [2025-04-02T19:21:35.155+0000] {dagbag.py:588} INFO - Filling up the DagBag from /home/airflow/.local/lib/python3.12/site-packages/airflow/example_dags/example_dynamic_task_mapping.py
[2025-04-02T19:21:35.280+0000] {processor.py:925} INFO - DAG(s) 'example_dynamic_task_mapping' retrieved from /home/airflow/.local/lib/python3.12/site-packages/airflow/example_dags/example_dynamic_task_mapping.py
[2025-04-02T19:21:35.485+0000] {logging_mixin.py:190} INFO - [2025-04-02T19:21:35.473+0000] {dag.py:3239} INFO - Sync 1 DAGs
[2025-04-02T19:21:35.668+0000] {logging_mixin.py:190} INFO - [2025-04-02T19:21:35.667+0000] {dag.py:4180} INFO - Setting next_dagrun for example_dynamic_task_mapping to None, run_after=None
[2025-04-02T19:21:35.860+0000] {processor.py:208} INFO - Processing /home/airflow/.local/lib/python3.12/site-packages/airflow/example_dags/example_dynamic_task_mapping.py took 0.842 seconds
[2025-04-02T19:22:09.435+0000] {processor.py:186} INFO - Started process (PID=1871) to work on /home/airflow/.local/lib/python3.12/site-packages/airflow/example_dags/example_dynamic_task_mapping.py
[2025-04-02T19:22:09.455+0000] {processor.py:914} INFO - Processing file /home/airflow/.local/lib/python3.12/site-packages/airflow/example_dags/example_dynamic_task_mapping.py for tasks to queue
[2025-04-02T19:22:09.469+0000] {logging_mixin.py:190} INFO - [2025-04-02T19:22:09.468+0000] {dagbag.py:588} INFO - Filling up the DagBag from /home/airflow/.local/lib/python3.12/site-packages/airflow/example_dags/example_dynamic_task_mapping.py
[2025-04-02T19:22:09.517+0000] {processor.py:925} INFO - DAG(s) 'example_dynamic_task_mapping' retrieved from /home/airflow/.local/lib/python3.12/site-packages/airflow/example_dags/example_dynamic_task_mapping.py
[2025-04-02T19:22:09.642+0000] {logging_mixin.py:190} INFO - [2025-04-02T19:22:09.642+0000] {dag.py:3239} INFO - Sync 1 DAGs
[2025-04-02T19:22:09.763+0000] {logging_mixin.py:190} INFO - [2025-04-02T19:22:09.763+0000] {dag.py:4180} INFO - Setting next_dagrun for example_dynamic_task_mapping to None, run_after=None
[2025-04-02T19:22:09.906+0000] {processor.py:208} INFO - Processing /home/airflow/.local/lib/python3.12/site-packages/airflow/example_dags/example_dynamic_task_mapping.py took 0.523 seconds
[2025-04-02T19:22:56.850+0000] {processor.py:186} INFO - Started process (PID=1936) to work on /home/airflow/.local/lib/python3.12/site-packages/airflow/example_dags/example_dynamic_task_mapping.py
[2025-04-02T19:22:56.877+0000] {processor.py:914} INFO - Processing file /home/airflow/.local/lib/python3.12/site-packages/airflow/example_dags/example_dynamic_task_mapping.py for tasks to queue
[2025-04-02T19:22:56.898+0000] {logging_mixin.py:190} INFO - [2025-04-02T19:22:56.897+0000] {dagbag.py:588} INFO - Filling up the DagBag from /home/airflow/.local/lib/python3.12/site-packages/airflow/example_dags/example_dynamic_task_mapping.py
[2025-04-02T19:22:57.048+0000] {processor.py:925} INFO - DAG(s) 'example_dynamic_task_mapping' retrieved from /home/airflow/.local/lib/python3.12/site-packages/airflow/example_dags/example_dynamic_task_mapping.py
[2025-04-02T19:22:57.430+0000] {logging_mixin.py:190} INFO - [2025-04-02T19:22:57.429+0000] {dag.py:3239} INFO - Sync 1 DAGs
[2025-04-02T19:22:57.531+0000] {logging_mixin.py:190} INFO - [2025-04-02T19:22:57.529+0000] {dag.py:4180} INFO - Setting next_dagrun for example_dynamic_task_mapping to None, run_after=None
[2025-04-02T19:22:57.725+0000] {processor.py:208} INFO - Processing /home/airflow/.local/lib/python3.12/site-packages/airflow/example_dags/example_dynamic_task_mapping.py took 0.912 seconds
[2025-04-02T19:23:28.150+0000] {processor.py:186} INFO - Started process (PID=1999) to work on /home/airflow/.local/lib/python3.12/site-packages/airflow/example_dags/example_dynamic_task_mapping.py
[2025-04-02T19:23:28.152+0000] {processor.py:914} INFO - Processing file /home/airflow/.local/lib/python3.12/site-packages/airflow/example_dags/example_dynamic_task_mapping.py for tasks to queue
[2025-04-02T19:23:28.156+0000] {logging_mixin.py:190} INFO - [2025-04-02T19:23:28.155+0000] {dagbag.py:588} INFO - Filling up the DagBag from /home/airflow/.local/lib/python3.12/site-packages/airflow/example_dags/example_dynamic_task_mapping.py
[2025-04-02T19:23:28.181+0000] {processor.py:925} INFO - DAG(s) 'example_dynamic_task_mapping' retrieved from /home/airflow/.local/lib/python3.12/site-packages/airflow/example_dags/example_dynamic_task_mapping.py
[2025-04-02T19:23:28.243+0000] {logging_mixin.py:190} INFO - [2025-04-02T19:23:28.242+0000] {dag.py:3239} INFO - Sync 1 DAGs
[2025-04-02T19:23:28.299+0000] {logging_mixin.py:190} INFO - [2025-04-02T19:23:28.298+0000] {dag.py:4180} INFO - Setting next_dagrun for example_dynamic_task_mapping to None, run_after=None
[2025-04-02T19:23:28.355+0000] {processor.py:208} INFO - Processing /home/airflow/.local/lib/python3.12/site-packages/airflow/example_dags/example_dynamic_task_mapping.py took 0.217 seconds
[2025-04-02T19:24:01.604+0000] {processor.py:186} INFO - Started process (PID=2050) to work on /home/airflow/.local/lib/python3.12/site-packages/airflow/example_dags/example_dynamic_task_mapping.py
[2025-04-02T19:24:01.620+0000] {processor.py:914} INFO - Processing file /home/airflow/.local/lib/python3.12/site-packages/airflow/example_dags/example_dynamic_task_mapping.py for tasks to queue
[2025-04-02T19:24:01.639+0000] {logging_mixin.py:190} INFO - [2025-04-02T19:24:01.638+0000] {dagbag.py:588} INFO - Filling up the DagBag from /home/airflow/.local/lib/python3.12/site-packages/airflow/example_dags/example_dynamic_task_mapping.py
[2025-04-02T19:24:01.692+0000] {processor.py:925} INFO - DAG(s) 'example_dynamic_task_mapping' retrieved from /home/airflow/.local/lib/python3.12/site-packages/airflow/example_dags/example_dynamic_task_mapping.py
[2025-04-02T19:24:01.867+0000] {logging_mixin.py:190} INFO - [2025-04-02T19:24:01.866+0000] {dag.py:3239} INFO - Sync 1 DAGs
[2025-04-02T19:24:01.945+0000] {logging_mixin.py:190} INFO - [2025-04-02T19:24:01.944+0000] {dag.py:4180} INFO - Setting next_dagrun for example_dynamic_task_mapping to None, run_after=None
[2025-04-02T19:24:02.041+0000] {processor.py:208} INFO - Processing /home/airflow/.local/lib/python3.12/site-packages/airflow/example_dags/example_dynamic_task_mapping.py took 0.531 seconds
[2025-04-02T19:24:37.320+0000] {logging_mixin.py:190} INFO - [2025-04-02T19:24:37.318+0000] {process_utils.py:266} INFO - Waiting up to 5 seconds for processes to exit...
