[2025-04-02T19:04:11.031+0000] {processor.py:186} INFO - Started process (PID=146) to work on /home/airflow/.local/lib/python3.12/site-packages/airflow/example_dags/example_latest_only.py
[2025-04-02T19:04:11.034+0000] {processor.py:914} INFO - Processing file /home/airflow/.local/lib/python3.12/site-packages/airflow/example_dags/example_latest_only.py for tasks to queue
[2025-04-02T19:04:11.049+0000] {logging_mixin.py:190} INFO - [2025-04-02T19:04:11.048+0000] {dagbag.py:588} INFO - Filling up the DagBag from /home/airflow/.local/lib/python3.12/site-packages/airflow/example_dags/example_latest_only.py
[2025-04-02T19:04:11.099+0000] {processor.py:925} INFO - DAG(s) 'latest_only' retrieved from /home/airflow/.local/lib/python3.12/site-packages/airflow/example_dags/example_latest_only.py
[2025-04-02T19:04:12.644+0000] {logging_mixin.py:190} INFO - [2025-04-02T19:04:12.642+0000] {override.py:1912} INFO - Created Permission View: can delete on DAG:latest_only
[2025-04-02T19:04:12.712+0000] {logging_mixin.py:190} INFO - [2025-04-02T19:04:12.711+0000] {override.py:1912} INFO - Created Permission View: can edit on DAG:latest_only
[2025-04-02T19:04:12.732+0000] {logging_mixin.py:190} INFO - [2025-04-02T19:04:12.731+0000] {override.py:1912} INFO - Created Permission View: can read on DAG:latest_only
[2025-04-02T19:04:12.780+0000] {logging_mixin.py:190} INFO - [2025-04-02T19:04:12.780+0000] {override.py:1912} INFO - Created Permission View: can delete on DAG Run:latest_only
[2025-04-02T19:04:12.809+0000] {logging_mixin.py:190} INFO - [2025-04-02T19:04:12.808+0000] {override.py:1912} INFO - Created Permission View: can read on DAG Run:latest_only
[2025-04-02T19:04:12.884+0000] {logging_mixin.py:190} INFO - [2025-04-02T19:04:12.881+0000] {override.py:1912} INFO - Created Permission View: can create on DAG Run:latest_only
[2025-04-02T19:04:12.959+0000] {logging_mixin.py:190} INFO - [2025-04-02T19:04:12.956+0000] {override.py:1912} INFO - Created Permission View: menu access on DAG Run:latest_only
[2025-04-02T19:04:12.961+0000] {logging_mixin.py:190} INFO - [2025-04-02T19:04:12.960+0000] {dag.py:3239} INFO - Sync 1 DAGs
[2025-04-02T19:04:13.021+0000] {logging_mixin.py:190} INFO - [2025-04-02T19:04:13.020+0000] {dag.py:3262} INFO - Creating ORM DAG for latest_only
[2025-04-02T19:04:13.047+0000] {logging_mixin.py:190} INFO - [2025-04-02T19:04:13.047+0000] {dag.py:4180} INFO - Setting next_dagrun for latest_only to 2025-04-02 12:00:00+00:00, run_after=2025-04-02 16:00:00+00:00
[2025-04-02T19:04:13.160+0000] {processor.py:208} INFO - Processing /home/airflow/.local/lib/python3.12/site-packages/airflow/example_dags/example_latest_only.py took 2.267 seconds
[2025-04-02T19:04:46.783+0000] {processor.py:186} INFO - Started process (PID=209) to work on /home/airflow/.local/lib/python3.12/site-packages/airflow/example_dags/example_latest_only.py
[2025-04-02T19:04:46.786+0000] {processor.py:914} INFO - Processing file /home/airflow/.local/lib/python3.12/site-packages/airflow/example_dags/example_latest_only.py for tasks to queue
[2025-04-02T19:04:46.792+0000] {logging_mixin.py:190} INFO - [2025-04-02T19:04:46.791+0000] {dagbag.py:588} INFO - Filling up the DagBag from /home/airflow/.local/lib/python3.12/site-packages/airflow/example_dags/example_latest_only.py
[2025-04-02T19:04:46.806+0000] {processor.py:925} INFO - DAG(s) 'latest_only' retrieved from /home/airflow/.local/lib/python3.12/site-packages/airflow/example_dags/example_latest_only.py
[2025-04-02T19:04:46.874+0000] {logging_mixin.py:190} INFO - [2025-04-02T19:04:46.873+0000] {dag.py:3239} INFO - Sync 1 DAGs
[2025-04-02T19:04:46.995+0000] {logging_mixin.py:190} INFO - [2025-04-02T19:04:46.995+0000] {dag.py:4180} INFO - Setting next_dagrun for latest_only to 2025-04-02 12:00:00+00:00, run_after=2025-04-02 16:00:00+00:00
[2025-04-02T19:04:47.047+0000] {processor.py:208} INFO - Processing /home/airflow/.local/lib/python3.12/site-packages/airflow/example_dags/example_latest_only.py took 0.283 seconds
[2025-04-02T19:05:30.695+0000] {processor.py:186} INFO - Started process (PID=284) to work on /home/airflow/.local/lib/python3.12/site-packages/airflow/example_dags/example_latest_only.py
[2025-04-02T19:05:30.706+0000] {processor.py:914} INFO - Processing file /home/airflow/.local/lib/python3.12/site-packages/airflow/example_dags/example_latest_only.py for tasks to queue
[2025-04-02T19:05:30.727+0000] {logging_mixin.py:190} INFO - [2025-04-02T19:05:30.726+0000] {dagbag.py:588} INFO - Filling up the DagBag from /home/airflow/.local/lib/python3.12/site-packages/airflow/example_dags/example_latest_only.py
[2025-04-02T19:05:30.775+0000] {processor.py:925} INFO - DAG(s) 'latest_only' retrieved from /home/airflow/.local/lib/python3.12/site-packages/airflow/example_dags/example_latest_only.py
[2025-04-02T19:05:30.898+0000] {logging_mixin.py:190} INFO - [2025-04-02T19:05:30.895+0000] {dag.py:3239} INFO - Sync 1 DAGs
[2025-04-02T19:05:31.025+0000] {logging_mixin.py:190} INFO - [2025-04-02T19:05:31.024+0000] {dag.py:4180} INFO - Setting next_dagrun for latest_only to 2025-04-02 12:00:00+00:00, run_after=2025-04-02 16:00:00+00:00
[2025-04-02T19:05:31.088+0000] {processor.py:208} INFO - Processing /home/airflow/.local/lib/python3.12/site-packages/airflow/example_dags/example_latest_only.py took 0.425 seconds
[2025-04-02T19:06:01.409+0000] {processor.py:186} INFO - Started process (PID=348) to work on /home/airflow/.local/lib/python3.12/site-packages/airflow/example_dags/example_latest_only.py
[2025-04-02T19:06:01.411+0000] {processor.py:914} INFO - Processing file /home/airflow/.local/lib/python3.12/site-packages/airflow/example_dags/example_latest_only.py for tasks to queue
[2025-04-02T19:06:01.422+0000] {logging_mixin.py:190} INFO - [2025-04-02T19:06:01.421+0000] {dagbag.py:588} INFO - Filling up the DagBag from /home/airflow/.local/lib/python3.12/site-packages/airflow/example_dags/example_latest_only.py
[2025-04-02T19:06:01.450+0000] {processor.py:925} INFO - DAG(s) 'latest_only' retrieved from /home/airflow/.local/lib/python3.12/site-packages/airflow/example_dags/example_latest_only.py
[2025-04-02T19:06:01.486+0000] {logging_mixin.py:190} INFO - [2025-04-02T19:06:01.485+0000] {dag.py:3239} INFO - Sync 1 DAGs
[2025-04-02T19:06:01.577+0000] {logging_mixin.py:190} INFO - [2025-04-02T19:06:01.576+0000] {dag.py:4180} INFO - Setting next_dagrun for latest_only to 2025-04-02 12:00:00+00:00, run_after=2025-04-02 16:00:00+00:00
[2025-04-02T19:06:01.726+0000] {processor.py:208} INFO - Processing /home/airflow/.local/lib/python3.12/site-packages/airflow/example_dags/example_latest_only.py took 0.342 seconds
[2025-04-02T19:06:43.024+0000] {processor.py:186} INFO - Started process (PID=421) to work on /home/airflow/.local/lib/python3.12/site-packages/airflow/example_dags/example_latest_only.py
[2025-04-02T19:06:43.031+0000] {processor.py:914} INFO - Processing file /home/airflow/.local/lib/python3.12/site-packages/airflow/example_dags/example_latest_only.py for tasks to queue
[2025-04-02T19:06:43.040+0000] {logging_mixin.py:190} INFO - [2025-04-02T19:06:43.039+0000] {dagbag.py:588} INFO - Filling up the DagBag from /home/airflow/.local/lib/python3.12/site-packages/airflow/example_dags/example_latest_only.py
[2025-04-02T19:06:43.071+0000] {processor.py:925} INFO - DAG(s) 'latest_only' retrieved from /home/airflow/.local/lib/python3.12/site-packages/airflow/example_dags/example_latest_only.py
[2025-04-02T19:06:43.117+0000] {logging_mixin.py:190} INFO - [2025-04-02T19:06:43.117+0000] {dag.py:3239} INFO - Sync 1 DAGs
[2025-04-02T19:06:43.192+0000] {logging_mixin.py:190} INFO - [2025-04-02T19:06:43.191+0000] {dag.py:4180} INFO - Setting next_dagrun for latest_only to 2025-04-02 12:00:00+00:00, run_after=2025-04-02 16:00:00+00:00
[2025-04-02T19:06:43.269+0000] {processor.py:208} INFO - Processing /home/airflow/.local/lib/python3.12/site-packages/airflow/example_dags/example_latest_only.py took 0.269 seconds
[2025-04-02T19:07:25.643+0000] {processor.py:186} INFO - Started process (PID=485) to work on /home/airflow/.local/lib/python3.12/site-packages/airflow/example_dags/example_latest_only.py
[2025-04-02T19:07:25.645+0000] {processor.py:914} INFO - Processing file /home/airflow/.local/lib/python3.12/site-packages/airflow/example_dags/example_latest_only.py for tasks to queue
[2025-04-02T19:07:25.649+0000] {logging_mixin.py:190} INFO - [2025-04-02T19:07:25.649+0000] {dagbag.py:588} INFO - Filling up the DagBag from /home/airflow/.local/lib/python3.12/site-packages/airflow/example_dags/example_latest_only.py
[2025-04-02T19:07:25.663+0000] {processor.py:925} INFO - DAG(s) 'latest_only' retrieved from /home/airflow/.local/lib/python3.12/site-packages/airflow/example_dags/example_latest_only.py
[2025-04-02T19:07:25.708+0000] {logging_mixin.py:190} INFO - [2025-04-02T19:07:25.706+0000] {dag.py:3239} INFO - Sync 1 DAGs
[2025-04-02T19:07:25.809+0000] {logging_mixin.py:190} INFO - [2025-04-02T19:07:25.809+0000] {dag.py:4180} INFO - Setting next_dagrun for latest_only to 2025-04-02 12:00:00+00:00, run_after=2025-04-02 16:00:00+00:00
[2025-04-02T19:07:25.872+0000] {processor.py:208} INFO - Processing /home/airflow/.local/lib/python3.12/site-packages/airflow/example_dags/example_latest_only.py took 0.245 seconds
[2025-04-02T19:08:03.528+0000] {processor.py:186} INFO - Started process (PID=557) to work on /home/airflow/.local/lib/python3.12/site-packages/airflow/example_dags/example_latest_only.py
[2025-04-02T19:08:03.532+0000] {processor.py:914} INFO - Processing file /home/airflow/.local/lib/python3.12/site-packages/airflow/example_dags/example_latest_only.py for tasks to queue
[2025-04-02T19:08:03.541+0000] {logging_mixin.py:190} INFO - [2025-04-02T19:08:03.540+0000] {dagbag.py:588} INFO - Filling up the DagBag from /home/airflow/.local/lib/python3.12/site-packages/airflow/example_dags/example_latest_only.py
[2025-04-02T19:08:03.568+0000] {processor.py:925} INFO - DAG(s) 'latest_only' retrieved from /home/airflow/.local/lib/python3.12/site-packages/airflow/example_dags/example_latest_only.py
[2025-04-02T19:08:03.609+0000] {logging_mixin.py:190} INFO - [2025-04-02T19:08:03.609+0000] {dag.py:3239} INFO - Sync 1 DAGs
[2025-04-02T19:08:03.654+0000] {logging_mixin.py:190} INFO - [2025-04-02T19:08:03.654+0000] {dag.py:4180} INFO - Setting next_dagrun for latest_only to 2025-04-02 12:00:00+00:00, run_after=2025-04-02 16:00:00+00:00
[2025-04-02T19:08:03.693+0000] {processor.py:208} INFO - Processing /home/airflow/.local/lib/python3.12/site-packages/airflow/example_dags/example_latest_only.py took 0.187 seconds
[2025-04-02T19:09:01.707+0000] {processor.py:186} INFO - Started process (PID=636) to work on /home/airflow/.local/lib/python3.12/site-packages/airflow/example_dags/example_latest_only.py
[2025-04-02T19:09:01.717+0000] {processor.py:914} INFO - Processing file /home/airflow/.local/lib/python3.12/site-packages/airflow/example_dags/example_latest_only.py for tasks to queue
[2025-04-02T19:09:01.784+0000] {logging_mixin.py:190} INFO - [2025-04-02T19:09:01.770+0000] {dagbag.py:588} INFO - Filling up the DagBag from /home/airflow/.local/lib/python3.12/site-packages/airflow/example_dags/example_latest_only.py
[2025-04-02T19:09:01.863+0000] {processor.py:925} INFO - DAG(s) 'latest_only' retrieved from /home/airflow/.local/lib/python3.12/site-packages/airflow/example_dags/example_latest_only.py
[2025-04-02T19:09:01.995+0000] {logging_mixin.py:190} INFO - [2025-04-02T19:09:01.994+0000] {dag.py:3239} INFO - Sync 1 DAGs
[2025-04-02T19:09:02.177+0000] {logging_mixin.py:190} INFO - [2025-04-02T19:09:02.176+0000] {dag.py:4180} INFO - Setting next_dagrun for latest_only to 2025-04-02 12:00:00+00:00, run_after=2025-04-02 16:00:00+00:00
[2025-04-02T19:09:02.334+0000] {processor.py:208} INFO - Processing /home/airflow/.local/lib/python3.12/site-packages/airflow/example_dags/example_latest_only.py took 0.687 seconds
[2025-04-02T19:10:33.738+0000] {processor.py:186} INFO - Started process (PID=726) to work on /home/airflow/.local/lib/python3.12/site-packages/airflow/example_dags/example_latest_only.py
[2025-04-02T19:10:33.751+0000] {processor.py:914} INFO - Processing file /home/airflow/.local/lib/python3.12/site-packages/airflow/example_dags/example_latest_only.py for tasks to queue
[2025-04-02T19:10:33.764+0000] {logging_mixin.py:190} INFO - [2025-04-02T19:10:33.763+0000] {dagbag.py:588} INFO - Filling up the DagBag from /home/airflow/.local/lib/python3.12/site-packages/airflow/example_dags/example_latest_only.py
[2025-04-02T19:10:33.795+0000] {processor.py:925} INFO - DAG(s) 'latest_only' retrieved from /home/airflow/.local/lib/python3.12/site-packages/airflow/example_dags/example_latest_only.py
[2025-04-02T19:10:33.864+0000] {logging_mixin.py:190} INFO - [2025-04-02T19:10:33.863+0000] {dag.py:3239} INFO - Sync 1 DAGs
[2025-04-02T19:10:33.997+0000] {logging_mixin.py:190} INFO - [2025-04-02T19:10:33.996+0000] {dag.py:4180} INFO - Setting next_dagrun for latest_only to 2025-04-02 12:00:00+00:00, run_after=2025-04-02 16:00:00+00:00
[2025-04-02T19:10:34.049+0000] {processor.py:208} INFO - Processing /home/airflow/.local/lib/python3.12/site-packages/airflow/example_dags/example_latest_only.py took 0.347 seconds
[2025-04-02T19:11:06.174+0000] {processor.py:186} INFO - Started process (PID=788) to work on /home/airflow/.local/lib/python3.12/site-packages/airflow/example_dags/example_latest_only.py
[2025-04-02T19:11:06.226+0000] {processor.py:914} INFO - Processing file /home/airflow/.local/lib/python3.12/site-packages/airflow/example_dags/example_latest_only.py for tasks to queue
[2025-04-02T19:11:06.245+0000] {logging_mixin.py:190} INFO - [2025-04-02T19:11:06.244+0000] {dagbag.py:588} INFO - Filling up the DagBag from /home/airflow/.local/lib/python3.12/site-packages/airflow/example_dags/example_latest_only.py
[2025-04-02T19:11:06.308+0000] {processor.py:925} INFO - DAG(s) 'latest_only' retrieved from /home/airflow/.local/lib/python3.12/site-packages/airflow/example_dags/example_latest_only.py
[2025-04-02T19:11:06.521+0000] {logging_mixin.py:190} INFO - [2025-04-02T19:11:06.510+0000] {dag.py:3239} INFO - Sync 1 DAGs
[2025-04-02T19:11:06.781+0000] {logging_mixin.py:190} INFO - [2025-04-02T19:11:06.780+0000] {dag.py:4180} INFO - Setting next_dagrun for latest_only to 2025-04-02 12:00:00+00:00, run_after=2025-04-02 16:00:00+00:00
[2025-04-02T19:11:07.013+0000] {processor.py:208} INFO - Processing /home/airflow/.local/lib/python3.12/site-packages/airflow/example_dags/example_latest_only.py took 0.876 seconds
[2025-04-02T19:11:37.544+0000] {processor.py:186} INFO - Started process (PID=850) to work on /home/airflow/.local/lib/python3.12/site-packages/airflow/example_dags/example_latest_only.py
[2025-04-02T19:11:37.546+0000] {processor.py:914} INFO - Processing file /home/airflow/.local/lib/python3.12/site-packages/airflow/example_dags/example_latest_only.py for tasks to queue
[2025-04-02T19:11:37.552+0000] {logging_mixin.py:190} INFO - [2025-04-02T19:11:37.551+0000] {dagbag.py:588} INFO - Filling up the DagBag from /home/airflow/.local/lib/python3.12/site-packages/airflow/example_dags/example_latest_only.py
[2025-04-02T19:11:37.586+0000] {processor.py:925} INFO - DAG(s) 'latest_only' retrieved from /home/airflow/.local/lib/python3.12/site-packages/airflow/example_dags/example_latest_only.py
[2025-04-02T19:11:37.654+0000] {logging_mixin.py:190} INFO - [2025-04-02T19:11:37.653+0000] {dag.py:3239} INFO - Sync 1 DAGs
[2025-04-02T19:11:37.758+0000] {logging_mixin.py:190} INFO - [2025-04-02T19:11:37.757+0000] {dag.py:4180} INFO - Setting next_dagrun for latest_only to 2025-04-02 12:00:00+00:00, run_after=2025-04-02 16:00:00+00:00
[2025-04-02T19:11:37.823+0000] {processor.py:208} INFO - Processing /home/airflow/.local/lib/python3.12/site-packages/airflow/example_dags/example_latest_only.py took 0.294 seconds
[2025-04-02T19:12:16.541+0000] {processor.py:186} INFO - Started process (PID=913) to work on /home/airflow/.local/lib/python3.12/site-packages/airflow/example_dags/example_latest_only.py
[2025-04-02T19:12:16.558+0000] {processor.py:914} INFO - Processing file /home/airflow/.local/lib/python3.12/site-packages/airflow/example_dags/example_latest_only.py for tasks to queue
[2025-04-02T19:12:16.566+0000] {logging_mixin.py:190} INFO - [2025-04-02T19:12:16.564+0000] {dagbag.py:588} INFO - Filling up the DagBag from /home/airflow/.local/lib/python3.12/site-packages/airflow/example_dags/example_latest_only.py
[2025-04-02T19:12:16.595+0000] {processor.py:925} INFO - DAG(s) 'latest_only' retrieved from /home/airflow/.local/lib/python3.12/site-packages/airflow/example_dags/example_latest_only.py
[2025-04-02T19:12:16.696+0000] {logging_mixin.py:190} INFO - [2025-04-02T19:12:16.695+0000] {dag.py:3239} INFO - Sync 1 DAGs
[2025-04-02T19:12:16.824+0000] {logging_mixin.py:190} INFO - [2025-04-02T19:12:16.823+0000] {dag.py:4180} INFO - Setting next_dagrun for latest_only to 2025-04-02 12:00:00+00:00, run_after=2025-04-02 16:00:00+00:00
[2025-04-02T19:12:16.919+0000] {processor.py:208} INFO - Processing /home/airflow/.local/lib/python3.12/site-packages/airflow/example_dags/example_latest_only.py took 0.399 seconds
[2025-04-02T19:12:55.697+0000] {processor.py:186} INFO - Started process (PID=982) to work on /home/airflow/.local/lib/python3.12/site-packages/airflow/example_dags/example_latest_only.py
[2025-04-02T19:12:55.709+0000] {processor.py:914} INFO - Processing file /home/airflow/.local/lib/python3.12/site-packages/airflow/example_dags/example_latest_only.py for tasks to queue
[2025-04-02T19:12:55.728+0000] {logging_mixin.py:190} INFO - [2025-04-02T19:12:55.727+0000] {dagbag.py:588} INFO - Filling up the DagBag from /home/airflow/.local/lib/python3.12/site-packages/airflow/example_dags/example_latest_only.py
[2025-04-02T19:12:55.768+0000] {processor.py:925} INFO - DAG(s) 'latest_only' retrieved from /home/airflow/.local/lib/python3.12/site-packages/airflow/example_dags/example_latest_only.py
[2025-04-02T19:12:55.846+0000] {logging_mixin.py:190} INFO - [2025-04-02T19:12:55.845+0000] {dag.py:3239} INFO - Sync 1 DAGs
[2025-04-02T19:12:55.993+0000] {logging_mixin.py:190} INFO - [2025-04-02T19:12:55.992+0000] {dag.py:4180} INFO - Setting next_dagrun for latest_only to 2025-04-02 12:00:00+00:00, run_after=2025-04-02 16:00:00+00:00
[2025-04-02T19:12:56.065+0000] {processor.py:208} INFO - Processing /home/airflow/.local/lib/python3.12/site-packages/airflow/example_dags/example_latest_only.py took 0.390 seconds
[2025-04-02T19:13:45.383+0000] {processor.py:186} INFO - Started process (PID=1062) to work on /home/airflow/.local/lib/python3.12/site-packages/airflow/example_dags/example_latest_only.py
[2025-04-02T19:13:45.385+0000] {processor.py:914} INFO - Processing file /home/airflow/.local/lib/python3.12/site-packages/airflow/example_dags/example_latest_only.py for tasks to queue
[2025-04-02T19:13:45.394+0000] {logging_mixin.py:190} INFO - [2025-04-02T19:13:45.393+0000] {dagbag.py:588} INFO - Filling up the DagBag from /home/airflow/.local/lib/python3.12/site-packages/airflow/example_dags/example_latest_only.py
[2025-04-02T19:13:45.429+0000] {processor.py:925} INFO - DAG(s) 'latest_only' retrieved from /home/airflow/.local/lib/python3.12/site-packages/airflow/example_dags/example_latest_only.py
[2025-04-02T19:13:45.510+0000] {logging_mixin.py:190} INFO - [2025-04-02T19:13:45.509+0000] {dag.py:3239} INFO - Sync 1 DAGs
[2025-04-02T19:13:45.671+0000] {logging_mixin.py:190} INFO - [2025-04-02T19:13:45.670+0000] {dag.py:4180} INFO - Setting next_dagrun for latest_only to 2025-04-02 12:00:00+00:00, run_after=2025-04-02 16:00:00+00:00
[2025-04-02T19:13:45.755+0000] {processor.py:208} INFO - Processing /home/airflow/.local/lib/python3.12/site-packages/airflow/example_dags/example_latest_only.py took 0.394 seconds
[2025-04-02T19:14:31.315+0000] {processor.py:186} INFO - Started process (PID=1125) to work on /home/airflow/.local/lib/python3.12/site-packages/airflow/example_dags/example_latest_only.py
[2025-04-02T19:14:31.370+0000] {processor.py:914} INFO - Processing file /home/airflow/.local/lib/python3.12/site-packages/airflow/example_dags/example_latest_only.py for tasks to queue
[2025-04-02T19:14:31.389+0000] {logging_mixin.py:190} INFO - [2025-04-02T19:14:31.388+0000] {dagbag.py:588} INFO - Filling up the DagBag from /home/airflow/.local/lib/python3.12/site-packages/airflow/example_dags/example_latest_only.py
[2025-04-02T19:14:31.494+0000] {processor.py:925} INFO - DAG(s) 'latest_only' retrieved from /home/airflow/.local/lib/python3.12/site-packages/airflow/example_dags/example_latest_only.py
[2025-04-02T19:14:31.731+0000] {logging_mixin.py:190} INFO - [2025-04-02T19:14:31.731+0000] {dag.py:3239} INFO - Sync 1 DAGs
[2025-04-02T19:14:32.162+0000] {logging_mixin.py:190} INFO - [2025-04-02T19:14:32.162+0000] {dag.py:4180} INFO - Setting next_dagrun for latest_only to 2025-04-02 12:00:00+00:00, run_after=2025-04-02 16:00:00+00:00
[2025-04-02T19:14:32.451+0000] {processor.py:208} INFO - Processing /home/airflow/.local/lib/python3.12/site-packages/airflow/example_dags/example_latest_only.py took 1.157 seconds
[2025-04-02T19:15:36.036+0000] {processor.py:186} INFO - Started process (PID=1203) to work on /home/airflow/.local/lib/python3.12/site-packages/airflow/example_dags/example_latest_only.py
[2025-04-02T19:15:36.065+0000] {processor.py:914} INFO - Processing file /home/airflow/.local/lib/python3.12/site-packages/airflow/example_dags/example_latest_only.py for tasks to queue
[2025-04-02T19:15:36.123+0000] {logging_mixin.py:190} INFO - [2025-04-02T19:15:36.121+0000] {dagbag.py:588} INFO - Filling up the DagBag from /home/airflow/.local/lib/python3.12/site-packages/airflow/example_dags/example_latest_only.py
[2025-04-02T19:15:36.200+0000] {processor.py:925} INFO - DAG(s) 'latest_only' retrieved from /home/airflow/.local/lib/python3.12/site-packages/airflow/example_dags/example_latest_only.py
[2025-04-02T19:15:36.399+0000] {logging_mixin.py:190} INFO - [2025-04-02T19:15:36.398+0000] {dag.py:3239} INFO - Sync 1 DAGs
[2025-04-02T19:15:36.660+0000] {logging_mixin.py:190} INFO - [2025-04-02T19:15:36.659+0000] {dag.py:4180} INFO - Setting next_dagrun for latest_only to 2025-04-02 12:00:00+00:00, run_after=2025-04-02 16:00:00+00:00
[2025-04-02T19:15:36.946+0000] {processor.py:208} INFO - Processing /home/airflow/.local/lib/python3.12/site-packages/airflow/example_dags/example_latest_only.py took 1.037 seconds
[2025-04-02T19:16:17.187+0000] {processor.py:186} INFO - Started process (PID=1281) to work on /home/airflow/.local/lib/python3.12/site-packages/airflow/example_dags/example_latest_only.py
[2025-04-02T19:16:17.200+0000] {processor.py:914} INFO - Processing file /home/airflow/.local/lib/python3.12/site-packages/airflow/example_dags/example_latest_only.py for tasks to queue
[2025-04-02T19:16:17.211+0000] {logging_mixin.py:190} INFO - [2025-04-02T19:16:17.210+0000] {dagbag.py:588} INFO - Filling up the DagBag from /home/airflow/.local/lib/python3.12/site-packages/airflow/example_dags/example_latest_only.py
[2025-04-02T19:16:17.257+0000] {processor.py:925} INFO - DAG(s) 'latest_only' retrieved from /home/airflow/.local/lib/python3.12/site-packages/airflow/example_dags/example_latest_only.py
[2025-04-02T19:16:17.338+0000] {logging_mixin.py:190} INFO - [2025-04-02T19:16:17.338+0000] {dag.py:3239} INFO - Sync 1 DAGs
[2025-04-02T19:16:17.408+0000] {logging_mixin.py:190} INFO - [2025-04-02T19:16:17.408+0000] {dag.py:4180} INFO - Setting next_dagrun for latest_only to 2025-04-02 12:00:00+00:00, run_after=2025-04-02 16:00:00+00:00
[2025-04-02T19:16:17.483+0000] {processor.py:208} INFO - Processing /home/airflow/.local/lib/python3.12/site-packages/airflow/example_dags/example_latest_only.py took 0.322 seconds
[2025-04-02T19:17:05.370+0000] {processor.py:186} INFO - Started process (PID=1346) to work on /home/airflow/.local/lib/python3.12/site-packages/airflow/example_dags/example_latest_only.py
[2025-04-02T19:17:05.380+0000] {processor.py:914} INFO - Processing file /home/airflow/.local/lib/python3.12/site-packages/airflow/example_dags/example_latest_only.py for tasks to queue
[2025-04-02T19:17:05.385+0000] {logging_mixin.py:190} INFO - [2025-04-02T19:17:05.384+0000] {dagbag.py:588} INFO - Filling up the DagBag from /home/airflow/.local/lib/python3.12/site-packages/airflow/example_dags/example_latest_only.py
[2025-04-02T19:17:05.407+0000] {processor.py:925} INFO - DAG(s) 'latest_only' retrieved from /home/airflow/.local/lib/python3.12/site-packages/airflow/example_dags/example_latest_only.py
[2025-04-02T19:17:05.539+0000] {logging_mixin.py:190} INFO - [2025-04-02T19:17:05.538+0000] {dag.py:3239} INFO - Sync 1 DAGs
[2025-04-02T19:17:05.682+0000] {logging_mixin.py:190} INFO - [2025-04-02T19:17:05.682+0000] {dag.py:4180} INFO - Setting next_dagrun for latest_only to 2025-04-02 12:00:00+00:00, run_after=2025-04-02 16:00:00+00:00
[2025-04-02T19:17:05.862+0000] {processor.py:208} INFO - Processing /home/airflow/.local/lib/python3.12/site-packages/airflow/example_dags/example_latest_only.py took 0.539 seconds
[2025-04-02T19:17:36.343+0000] {processor.py:186} INFO - Started process (PID=1409) to work on /home/airflow/.local/lib/python3.12/site-packages/airflow/example_dags/example_latest_only.py
[2025-04-02T19:17:36.347+0000] {processor.py:914} INFO - Processing file /home/airflow/.local/lib/python3.12/site-packages/airflow/example_dags/example_latest_only.py for tasks to queue
[2025-04-02T19:17:36.356+0000] {logging_mixin.py:190} INFO - [2025-04-02T19:17:36.354+0000] {dagbag.py:588} INFO - Filling up the DagBag from /home/airflow/.local/lib/python3.12/site-packages/airflow/example_dags/example_latest_only.py
[2025-04-02T19:17:36.383+0000] {processor.py:925} INFO - DAG(s) 'latest_only' retrieved from /home/airflow/.local/lib/python3.12/site-packages/airflow/example_dags/example_latest_only.py
[2025-04-02T19:17:36.447+0000] {logging_mixin.py:190} INFO - [2025-04-02T19:17:36.446+0000] {dag.py:3239} INFO - Sync 1 DAGs
[2025-04-02T19:17:36.513+0000] {logging_mixin.py:190} INFO - [2025-04-02T19:17:36.513+0000] {dag.py:4180} INFO - Setting next_dagrun for latest_only to 2025-04-02 12:00:00+00:00, run_after=2025-04-02 16:00:00+00:00
[2025-04-02T19:17:36.564+0000] {processor.py:208} INFO - Processing /home/airflow/.local/lib/python3.12/site-packages/airflow/example_dags/example_latest_only.py took 0.246 seconds
[2025-04-02T19:18:08.674+0000] {processor.py:186} INFO - Started process (PID=1478) to work on /home/airflow/.local/lib/python3.12/site-packages/airflow/example_dags/example_latest_only.py
[2025-04-02T19:18:08.678+0000] {processor.py:914} INFO - Processing file /home/airflow/.local/lib/python3.12/site-packages/airflow/example_dags/example_latest_only.py for tasks to queue
[2025-04-02T19:18:08.690+0000] {logging_mixin.py:190} INFO - [2025-04-02T19:18:08.689+0000] {dagbag.py:588} INFO - Filling up the DagBag from /home/airflow/.local/lib/python3.12/site-packages/airflow/example_dags/example_latest_only.py
[2025-04-02T19:18:08.715+0000] {processor.py:925} INFO - DAG(s) 'latest_only' retrieved from /home/airflow/.local/lib/python3.12/site-packages/airflow/example_dags/example_latest_only.py
[2025-04-02T19:18:08.799+0000] {logging_mixin.py:190} INFO - [2025-04-02T19:18:08.798+0000] {dag.py:3239} INFO - Sync 1 DAGs
[2025-04-02T19:18:08.960+0000] {logging_mixin.py:190} INFO - [2025-04-02T19:18:08.959+0000] {dag.py:4180} INFO - Setting next_dagrun for latest_only to 2025-04-02 12:00:00+00:00, run_after=2025-04-02 16:00:00+00:00
[2025-04-02T19:18:09.079+0000] {processor.py:208} INFO - Processing /home/airflow/.local/lib/python3.12/site-packages/airflow/example_dags/example_latest_only.py took 0.445 seconds
[2025-04-02T19:18:41.666+0000] {processor.py:186} INFO - Started process (PID=1540) to work on /home/airflow/.local/lib/python3.12/site-packages/airflow/example_dags/example_latest_only.py
[2025-04-02T19:18:41.678+0000] {processor.py:914} INFO - Processing file /home/airflow/.local/lib/python3.12/site-packages/airflow/example_dags/example_latest_only.py for tasks to queue
[2025-04-02T19:18:41.694+0000] {logging_mixin.py:190} INFO - [2025-04-02T19:18:41.692+0000] {dagbag.py:588} INFO - Filling up the DagBag from /home/airflow/.local/lib/python3.12/site-packages/airflow/example_dags/example_latest_only.py
[2025-04-02T19:18:41.744+0000] {processor.py:925} INFO - DAG(s) 'latest_only' retrieved from /home/airflow/.local/lib/python3.12/site-packages/airflow/example_dags/example_latest_only.py
[2025-04-02T19:18:41.815+0000] {logging_mixin.py:190} INFO - [2025-04-02T19:18:41.814+0000] {dag.py:3239} INFO - Sync 1 DAGs
[2025-04-02T19:18:41.953+0000] {logging_mixin.py:190} INFO - [2025-04-02T19:18:41.953+0000] {dag.py:4180} INFO - Setting next_dagrun for latest_only to 2025-04-02 12:00:00+00:00, run_after=2025-04-02 16:00:00+00:00
[2025-04-02T19:18:42.037+0000] {processor.py:208} INFO - Processing /home/airflow/.local/lib/python3.12/site-packages/airflow/example_dags/example_latest_only.py took 0.426 seconds
[2025-04-02T19:19:15.875+0000] {processor.py:186} INFO - Started process (PID=1603) to work on /home/airflow/.local/lib/python3.12/site-packages/airflow/example_dags/example_latest_only.py
[2025-04-02T19:19:15.905+0000] {processor.py:914} INFO - Processing file /home/airflow/.local/lib/python3.12/site-packages/airflow/example_dags/example_latest_only.py for tasks to queue
[2025-04-02T19:19:15.922+0000] {logging_mixin.py:190} INFO - [2025-04-02T19:19:15.921+0000] {dagbag.py:588} INFO - Filling up the DagBag from /home/airflow/.local/lib/python3.12/site-packages/airflow/example_dags/example_latest_only.py
[2025-04-02T19:19:16.033+0000] {processor.py:925} INFO - DAG(s) 'latest_only' retrieved from /home/airflow/.local/lib/python3.12/site-packages/airflow/example_dags/example_latest_only.py
[2025-04-02T19:19:16.252+0000] {logging_mixin.py:190} INFO - [2025-04-02T19:19:16.252+0000] {dag.py:3239} INFO - Sync 1 DAGs
[2025-04-02T19:19:16.517+0000] {logging_mixin.py:190} INFO - [2025-04-02T19:19:16.516+0000] {dag.py:4180} INFO - Setting next_dagrun for latest_only to 2025-04-02 12:00:00+00:00, run_after=2025-04-02 16:00:00+00:00
[2025-04-02T19:19:16.761+0000] {processor.py:208} INFO - Processing /home/airflow/.local/lib/python3.12/site-packages/airflow/example_dags/example_latest_only.py took 1.008 seconds
[2025-04-02T19:20:25.422+0000] {processor.py:186} INFO - Started process (PID=1686) to work on /home/airflow/.local/lib/python3.12/site-packages/airflow/example_dags/example_latest_only.py
[2025-04-02T19:20:25.424+0000] {processor.py:914} INFO - Processing file /home/airflow/.local/lib/python3.12/site-packages/airflow/example_dags/example_latest_only.py for tasks to queue
[2025-04-02T19:20:25.431+0000] {logging_mixin.py:190} INFO - [2025-04-02T19:20:25.430+0000] {dagbag.py:588} INFO - Filling up the DagBag from /home/airflow/.local/lib/python3.12/site-packages/airflow/example_dags/example_latest_only.py
[2025-04-02T19:20:25.456+0000] {processor.py:925} INFO - DAG(s) 'latest_only' retrieved from /home/airflow/.local/lib/python3.12/site-packages/airflow/example_dags/example_latest_only.py
[2025-04-02T19:20:25.547+0000] {logging_mixin.py:190} INFO - [2025-04-02T19:20:25.547+0000] {dag.py:3239} INFO - Sync 1 DAGs
[2025-04-02T19:20:25.610+0000] {logging_mixin.py:190} INFO - [2025-04-02T19:20:25.610+0000] {dag.py:4180} INFO - Setting next_dagrun for latest_only to 2025-04-02 12:00:00+00:00, run_after=2025-04-02 16:00:00+00:00
[2025-04-02T19:20:25.650+0000] {processor.py:208} INFO - Processing /home/airflow/.local/lib/python3.12/site-packages/airflow/example_dags/example_latest_only.py took 0.244 seconds
[2025-04-02T19:20:59.862+0000] {processor.py:186} INFO - Started process (PID=1748) to work on /home/airflow/.local/lib/python3.12/site-packages/airflow/example_dags/example_latest_only.py
[2025-04-02T19:20:59.864+0000] {processor.py:914} INFO - Processing file /home/airflow/.local/lib/python3.12/site-packages/airflow/example_dags/example_latest_only.py for tasks to queue
[2025-04-02T19:20:59.880+0000] {logging_mixin.py:190} INFO - [2025-04-02T19:20:59.879+0000] {dagbag.py:588} INFO - Filling up the DagBag from /home/airflow/.local/lib/python3.12/site-packages/airflow/example_dags/example_latest_only.py
[2025-04-02T19:20:59.915+0000] {processor.py:925} INFO - DAG(s) 'latest_only' retrieved from /home/airflow/.local/lib/python3.12/site-packages/airflow/example_dags/example_latest_only.py
[2025-04-02T19:21:00.000+0000] {logging_mixin.py:190} INFO - [2025-04-02T19:21:00.000+0000] {dag.py:3239} INFO - Sync 1 DAGs
[2025-04-02T19:21:00.220+0000] {logging_mixin.py:190} INFO - [2025-04-02T19:21:00.219+0000] {dag.py:4180} INFO - Setting next_dagrun for latest_only to 2025-04-02 12:00:00+00:00, run_after=2025-04-02 16:00:00+00:00
[2025-04-02T19:21:00.336+0000] {processor.py:208} INFO - Processing /home/airflow/.local/lib/python3.12/site-packages/airflow/example_dags/example_latest_only.py took 0.499 seconds
[2025-04-02T19:21:38.982+0000] {processor.py:186} INFO - Started process (PID=1819) to work on /home/airflow/.local/lib/python3.12/site-packages/airflow/example_dags/example_latest_only.py
[2025-04-02T19:21:38.984+0000] {processor.py:914} INFO - Processing file /home/airflow/.local/lib/python3.12/site-packages/airflow/example_dags/example_latest_only.py for tasks to queue
[2025-04-02T19:21:38.995+0000] {logging_mixin.py:190} INFO - [2025-04-02T19:21:38.989+0000] {dagbag.py:588} INFO - Filling up the DagBag from /home/airflow/.local/lib/python3.12/site-packages/airflow/example_dags/example_latest_only.py
[2025-04-02T19:21:39.038+0000] {processor.py:925} INFO - DAG(s) 'latest_only' retrieved from /home/airflow/.local/lib/python3.12/site-packages/airflow/example_dags/example_latest_only.py
[2025-04-02T19:21:39.160+0000] {logging_mixin.py:190} INFO - [2025-04-02T19:21:39.159+0000] {dag.py:3239} INFO - Sync 1 DAGs
[2025-04-02T19:21:39.301+0000] {logging_mixin.py:190} INFO - [2025-04-02T19:21:39.300+0000] {dag.py:4180} INFO - Setting next_dagrun for latest_only to 2025-04-02 12:00:00+00:00, run_after=2025-04-02 16:00:00+00:00
[2025-04-02T19:21:39.418+0000] {processor.py:208} INFO - Processing /home/airflow/.local/lib/python3.12/site-packages/airflow/example_dags/example_latest_only.py took 0.464 seconds
[2025-04-02T19:22:17.406+0000] {processor.py:186} INFO - Started process (PID=1888) to work on /home/airflow/.local/lib/python3.12/site-packages/airflow/example_dags/example_latest_only.py
[2025-04-02T19:22:17.409+0000] {processor.py:914} INFO - Processing file /home/airflow/.local/lib/python3.12/site-packages/airflow/example_dags/example_latest_only.py for tasks to queue
[2025-04-02T19:22:17.438+0000] {logging_mixin.py:190} INFO - [2025-04-02T19:22:17.428+0000] {dagbag.py:588} INFO - Filling up the DagBag from /home/airflow/.local/lib/python3.12/site-packages/airflow/example_dags/example_latest_only.py
[2025-04-02T19:22:17.490+0000] {processor.py:925} INFO - DAG(s) 'latest_only' retrieved from /home/airflow/.local/lib/python3.12/site-packages/airflow/example_dags/example_latest_only.py
[2025-04-02T19:22:17.612+0000] {logging_mixin.py:190} INFO - [2025-04-02T19:22:17.611+0000] {dag.py:3239} INFO - Sync 1 DAGs
[2025-04-02T19:22:17.796+0000] {logging_mixin.py:190} INFO - [2025-04-02T19:22:17.796+0000] {dag.py:4180} INFO - Setting next_dagrun for latest_only to 2025-04-02 12:00:00+00:00, run_after=2025-04-02 16:00:00+00:00
[2025-04-02T19:22:18.016+0000] {processor.py:208} INFO - Processing /home/airflow/.local/lib/python3.12/site-packages/airflow/example_dags/example_latest_only.py took 0.664 seconds
[2025-04-02T19:23:08.393+0000] {processor.py:186} INFO - Started process (PID=1957) to work on /home/airflow/.local/lib/python3.12/site-packages/airflow/example_dags/example_latest_only.py
[2025-04-02T19:23:08.395+0000] {processor.py:914} INFO - Processing file /home/airflow/.local/lib/python3.12/site-packages/airflow/example_dags/example_latest_only.py for tasks to queue
[2025-04-02T19:23:08.403+0000] {logging_mixin.py:190} INFO - [2025-04-02T19:23:08.402+0000] {dagbag.py:588} INFO - Filling up the DagBag from /home/airflow/.local/lib/python3.12/site-packages/airflow/example_dags/example_latest_only.py
[2025-04-02T19:23:08.429+0000] {processor.py:925} INFO - DAG(s) 'latest_only' retrieved from /home/airflow/.local/lib/python3.12/site-packages/airflow/example_dags/example_latest_only.py
[2025-04-02T19:23:08.523+0000] {logging_mixin.py:190} INFO - [2025-04-02T19:23:08.522+0000] {dag.py:3239} INFO - Sync 1 DAGs
[2025-04-02T19:23:08.627+0000] {logging_mixin.py:190} INFO - [2025-04-02T19:23:08.626+0000] {dag.py:4180} INFO - Setting next_dagrun for latest_only to 2025-04-02 12:00:00+00:00, run_after=2025-04-02 16:00:00+00:00
[2025-04-02T19:23:08.702+0000] {processor.py:208} INFO - Processing /home/airflow/.local/lib/python3.12/site-packages/airflow/example_dags/example_latest_only.py took 0.330 seconds
[2025-04-02T19:23:49.977+0000] {processor.py:186} INFO - Started process (PID=2026) to work on /home/airflow/.local/lib/python3.12/site-packages/airflow/example_dags/example_latest_only.py
[2025-04-02T19:23:49.990+0000] {processor.py:914} INFO - Processing file /home/airflow/.local/lib/python3.12/site-packages/airflow/example_dags/example_latest_only.py for tasks to queue
[2025-04-02T19:23:50.022+0000] {logging_mixin.py:190} INFO - [2025-04-02T19:23:50.012+0000] {dagbag.py:588} INFO - Filling up the DagBag from /home/airflow/.local/lib/python3.12/site-packages/airflow/example_dags/example_latest_only.py
[2025-04-02T19:23:50.072+0000] {processor.py:925} INFO - DAG(s) 'latest_only' retrieved from /home/airflow/.local/lib/python3.12/site-packages/airflow/example_dags/example_latest_only.py
[2025-04-02T19:23:50.194+0000] {logging_mixin.py:190} INFO - [2025-04-02T19:23:50.193+0000] {dag.py:3239} INFO - Sync 1 DAGs
[2025-04-02T19:23:50.347+0000] {logging_mixin.py:190} INFO - [2025-04-02T19:23:50.346+0000] {dag.py:4180} INFO - Setting next_dagrun for latest_only to 2025-04-02 12:00:00+00:00, run_after=2025-04-02 16:00:00+00:00
[2025-04-02T19:23:50.457+0000] {processor.py:208} INFO - Processing /home/airflow/.local/lib/python3.12/site-packages/airflow/example_dags/example_latest_only.py took 0.516 seconds
[2025-04-02T19:24:21.254+0000] {processor.py:186} INFO - Started process (PID=2089) to work on /home/airflow/.local/lib/python3.12/site-packages/airflow/example_dags/example_latest_only.py
[2025-04-02T19:24:21.256+0000] {processor.py:914} INFO - Processing file /home/airflow/.local/lib/python3.12/site-packages/airflow/example_dags/example_latest_only.py for tasks to queue
[2025-04-02T19:24:21.260+0000] {logging_mixin.py:190} INFO - [2025-04-02T19:24:21.259+0000] {dagbag.py:588} INFO - Filling up the DagBag from /home/airflow/.local/lib/python3.12/site-packages/airflow/example_dags/example_latest_only.py
[2025-04-02T19:24:21.272+0000] {processor.py:925} INFO - DAG(s) 'latest_only' retrieved from /home/airflow/.local/lib/python3.12/site-packages/airflow/example_dags/example_latest_only.py
[2025-04-02T19:24:21.310+0000] {logging_mixin.py:190} INFO - [2025-04-02T19:24:21.310+0000] {dag.py:3239} INFO - Sync 1 DAGs
[2025-04-02T19:24:21.355+0000] {logging_mixin.py:190} INFO - [2025-04-02T19:24:21.354+0000] {dag.py:4180} INFO - Setting next_dagrun for latest_only to 2025-04-02 12:00:00+00:00, run_after=2025-04-02 16:00:00+00:00
[2025-04-02T19:24:21.393+0000] {processor.py:208} INFO - Processing /home/airflow/.local/lib/python3.12/site-packages/airflow/example_dags/example_latest_only.py took 0.153 seconds
