[2025-04-02T19:04:13.361+0000] {processor.py:186} INFO - Started process (PID=148) to work on /home/airflow/.local/lib/python3.12/site-packages/airflow/example_dags/example_sla_dag.py
[2025-04-02T19:04:13.364+0000] {processor.py:914} INFO - Processing file /home/airflow/.local/lib/python3.12/site-packages/airflow/example_dags/example_sla_dag.py for tasks to queue
[2025-04-02T19:04:13.379+0000] {logging_mixin.py:190} INFO - [2025-04-02T19:04:13.378+0000] {dagbag.py:588} INFO - Filling up the DagBag from /home/airflow/.local/lib/python3.12/site-packages/airflow/example_dags/example_sla_dag.py
[2025-04-02T19:04:13.454+0000] {processor.py:925} INFO - DAG(s) 'example_sla_dag' retrieved from /home/airflow/.local/lib/python3.12/site-packages/airflow/example_dags/example_sla_dag.py
[2025-04-02T19:04:14.218+0000] {logging_mixin.py:190} INFO - [2025-04-02T19:04:14.217+0000] {override.py:1912} INFO - Created Permission View: can delete on DAG:example_sla_dag
[2025-04-02T19:04:14.319+0000] {logging_mixin.py:190} INFO - [2025-04-02T19:04:14.315+0000] {override.py:1912} INFO - Created Permission View: can edit on DAG:example_sla_dag
[2025-04-02T19:04:14.425+0000] {logging_mixin.py:190} INFO - [2025-04-02T19:04:14.424+0000] {override.py:1912} INFO - Created Permission View: can read on DAG:example_sla_dag
[2025-04-02T19:04:14.583+0000] {logging_mixin.py:190} INFO - [2025-04-02T19:04:14.582+0000] {override.py:1912} INFO - Created Permission View: can delete on DAG Run:example_sla_dag
[2025-04-02T19:04:14.653+0000] {logging_mixin.py:190} INFO - [2025-04-02T19:04:14.652+0000] {override.py:1912} INFO - Created Permission View: can read on DAG Run:example_sla_dag
[2025-04-02T19:04:14.725+0000] {logging_mixin.py:190} INFO - [2025-04-02T19:04:14.724+0000] {override.py:1912} INFO - Created Permission View: can create on DAG Run:example_sla_dag
[2025-04-02T19:04:14.788+0000] {logging_mixin.py:190} INFO - [2025-04-02T19:04:14.787+0000] {override.py:1912} INFO - Created Permission View: menu access on DAG Run:example_sla_dag
[2025-04-02T19:04:14.816+0000] {logging_mixin.py:190} INFO - [2025-04-02T19:04:14.816+0000] {dag.py:3239} INFO - Sync 1 DAGs
[2025-04-02T19:04:15.000+0000] {logging_mixin.py:190} INFO - [2025-04-02T19:04:14.999+0000] {dag.py:3262} INFO - Creating ORM DAG for example_sla_dag
[2025-04-02T19:04:15.068+0000] {logging_mixin.py:190} INFO - [2025-04-02T19:04:15.059+0000] {dag.py:4180} INFO - Setting next_dagrun for example_sla_dag to 2025-04-02 19:02:00+00:00, run_after=2025-04-02 19:04:00+00:00
[2025-04-02T19:04:15.224+0000] {processor.py:208} INFO - Processing /home/airflow/.local/lib/python3.12/site-packages/airflow/example_dags/example_sla_dag.py took 1.897 seconds
[2025-04-02T19:04:47.247+0000] {processor.py:186} INFO - Started process (PID=211) to work on /home/airflow/.local/lib/python3.12/site-packages/airflow/example_dags/example_sla_dag.py
[2025-04-02T19:04:47.249+0000] {processor.py:914} INFO - Processing file /home/airflow/.local/lib/python3.12/site-packages/airflow/example_dags/example_sla_dag.py for tasks to queue
[2025-04-02T19:04:47.255+0000] {logging_mixin.py:190} INFO - [2025-04-02T19:04:47.254+0000] {dagbag.py:588} INFO - Filling up the DagBag from /home/airflow/.local/lib/python3.12/site-packages/airflow/example_dags/example_sla_dag.py
[2025-04-02T19:04:47.282+0000] {processor.py:925} INFO - DAG(s) 'example_sla_dag' retrieved from /home/airflow/.local/lib/python3.12/site-packages/airflow/example_dags/example_sla_dag.py
[2025-04-02T19:04:47.352+0000] {logging_mixin.py:190} INFO - [2025-04-02T19:04:47.352+0000] {dag.py:3239} INFO - Sync 1 DAGs
[2025-04-02T19:04:47.448+0000] {logging_mixin.py:190} INFO - [2025-04-02T19:04:47.448+0000] {dag.py:4180} INFO - Setting next_dagrun for example_sla_dag to 2025-04-02 19:02:00+00:00, run_after=2025-04-02 19:04:00+00:00
[2025-04-02T19:04:47.503+0000] {processor.py:208} INFO - Processing /home/airflow/.local/lib/python3.12/site-packages/airflow/example_dags/example_sla_dag.py took 0.284 seconds
[2025-04-02T19:05:31.281+0000] {processor.py:186} INFO - Started process (PID=286) to work on /home/airflow/.local/lib/python3.12/site-packages/airflow/example_dags/example_sla_dag.py
[2025-04-02T19:05:31.283+0000] {processor.py:914} INFO - Processing file /home/airflow/.local/lib/python3.12/site-packages/airflow/example_dags/example_sla_dag.py for tasks to queue
[2025-04-02T19:05:31.290+0000] {logging_mixin.py:190} INFO - [2025-04-02T19:05:31.289+0000] {dagbag.py:588} INFO - Filling up the DagBag from /home/airflow/.local/lib/python3.12/site-packages/airflow/example_dags/example_sla_dag.py
[2025-04-02T19:05:31.319+0000] {processor.py:925} INFO - DAG(s) 'example_sla_dag' retrieved from /home/airflow/.local/lib/python3.12/site-packages/airflow/example_dags/example_sla_dag.py
[2025-04-02T19:05:31.400+0000] {logging_mixin.py:190} INFO - [2025-04-02T19:05:31.400+0000] {dag.py:3239} INFO - Sync 1 DAGs
[2025-04-02T19:05:31.527+0000] {logging_mixin.py:190} INFO - [2025-04-02T19:05:31.526+0000] {dag.py:4180} INFO - Setting next_dagrun for example_sla_dag to 2025-04-02 19:02:00+00:00, run_after=2025-04-02 19:04:00+00:00
[2025-04-02T19:05:31.584+0000] {processor.py:208} INFO - Processing /home/airflow/.local/lib/python3.12/site-packages/airflow/example_dags/example_sla_dag.py took 0.322 seconds
[2025-04-02T19:06:01.821+0000] {processor.py:186} INFO - Started process (PID=350) to work on /home/airflow/.local/lib/python3.12/site-packages/airflow/example_dags/example_sla_dag.py
[2025-04-02T19:06:01.823+0000] {processor.py:914} INFO - Processing file /home/airflow/.local/lib/python3.12/site-packages/airflow/example_dags/example_sla_dag.py for tasks to queue
[2025-04-02T19:06:01.829+0000] {logging_mixin.py:190} INFO - [2025-04-02T19:06:01.828+0000] {dagbag.py:588} INFO - Filling up the DagBag from /home/airflow/.local/lib/python3.12/site-packages/airflow/example_dags/example_sla_dag.py
[2025-04-02T19:06:01.885+0000] {processor.py:925} INFO - DAG(s) 'example_sla_dag' retrieved from /home/airflow/.local/lib/python3.12/site-packages/airflow/example_dags/example_sla_dag.py
[2025-04-02T19:06:01.959+0000] {logging_mixin.py:190} INFO - [2025-04-02T19:06:01.958+0000] {dag.py:3239} INFO - Sync 1 DAGs
[2025-04-02T19:06:02.043+0000] {logging_mixin.py:190} INFO - [2025-04-02T19:06:02.043+0000] {dag.py:4180} INFO - Setting next_dagrun for example_sla_dag to 2025-04-02 19:04:00+00:00, run_after=2025-04-02 19:06:00+00:00
[2025-04-02T19:06:02.078+0000] {processor.py:208} INFO - Processing /home/airflow/.local/lib/python3.12/site-packages/airflow/example_dags/example_sla_dag.py took 0.272 seconds
[2025-04-02T19:06:43.378+0000] {processor.py:186} INFO - Started process (PID=423) to work on /home/airflow/.local/lib/python3.12/site-packages/airflow/example_dags/example_sla_dag.py
[2025-04-02T19:06:43.381+0000] {processor.py:914} INFO - Processing file /home/airflow/.local/lib/python3.12/site-packages/airflow/example_dags/example_sla_dag.py for tasks to queue
[2025-04-02T19:06:43.385+0000] {logging_mixin.py:190} INFO - [2025-04-02T19:06:43.385+0000] {dagbag.py:588} INFO - Filling up the DagBag from /home/airflow/.local/lib/python3.12/site-packages/airflow/example_dags/example_sla_dag.py
[2025-04-02T19:06:43.416+0000] {processor.py:925} INFO - DAG(s) 'example_sla_dag' retrieved from /home/airflow/.local/lib/python3.12/site-packages/airflow/example_dags/example_sla_dag.py
[2025-04-02T19:06:43.516+0000] {logging_mixin.py:190} INFO - [2025-04-02T19:06:43.515+0000] {dag.py:3239} INFO - Sync 1 DAGs
[2025-04-02T19:06:43.605+0000] {logging_mixin.py:190} INFO - [2025-04-02T19:06:43.604+0000] {dag.py:4180} INFO - Setting next_dagrun for example_sla_dag to 2025-04-02 19:04:00+00:00, run_after=2025-04-02 19:06:00+00:00
[2025-04-02T19:06:43.656+0000] {processor.py:208} INFO - Processing /home/airflow/.local/lib/python3.12/site-packages/airflow/example_dags/example_sla_dag.py took 0.289 seconds
[2025-04-02T19:07:26.265+0000] {processor.py:186} INFO - Started process (PID=487) to work on /home/airflow/.local/lib/python3.12/site-packages/airflow/example_dags/example_sla_dag.py
[2025-04-02T19:07:26.266+0000] {processor.py:914} INFO - Processing file /home/airflow/.local/lib/python3.12/site-packages/airflow/example_dags/example_sla_dag.py for tasks to queue
[2025-04-02T19:07:26.270+0000] {logging_mixin.py:190} INFO - [2025-04-02T19:07:26.270+0000] {dagbag.py:588} INFO - Filling up the DagBag from /home/airflow/.local/lib/python3.12/site-packages/airflow/example_dags/example_sla_dag.py
[2025-04-02T19:07:26.293+0000] {processor.py:925} INFO - DAG(s) 'example_sla_dag' retrieved from /home/airflow/.local/lib/python3.12/site-packages/airflow/example_dags/example_sla_dag.py
[2025-04-02T19:07:26.349+0000] {logging_mixin.py:190} INFO - [2025-04-02T19:07:26.348+0000] {dag.py:3239} INFO - Sync 1 DAGs
[2025-04-02T19:07:26.442+0000] {logging_mixin.py:190} INFO - [2025-04-02T19:07:26.441+0000] {dag.py:4180} INFO - Setting next_dagrun for example_sla_dag to 2025-04-02 19:04:00+00:00, run_after=2025-04-02 19:06:00+00:00
[2025-04-02T19:07:26.493+0000] {processor.py:208} INFO - Processing /home/airflow/.local/lib/python3.12/site-packages/airflow/example_dags/example_sla_dag.py took 0.240 seconds
[2025-04-02T19:08:03.773+0000] {processor.py:186} INFO - Started process (PID=559) to work on /home/airflow/.local/lib/python3.12/site-packages/airflow/example_dags/example_sla_dag.py
[2025-04-02T19:08:03.775+0000] {processor.py:914} INFO - Processing file /home/airflow/.local/lib/python3.12/site-packages/airflow/example_dags/example_sla_dag.py for tasks to queue
[2025-04-02T19:08:03.786+0000] {logging_mixin.py:190} INFO - [2025-04-02T19:08:03.785+0000] {dagbag.py:588} INFO - Filling up the DagBag from /home/airflow/.local/lib/python3.12/site-packages/airflow/example_dags/example_sla_dag.py
[2025-04-02T19:08:03.821+0000] {processor.py:925} INFO - DAG(s) 'example_sla_dag' retrieved from /home/airflow/.local/lib/python3.12/site-packages/airflow/example_dags/example_sla_dag.py
[2025-04-02T19:08:03.911+0000] {logging_mixin.py:190} INFO - [2025-04-02T19:08:03.911+0000] {dag.py:3239} INFO - Sync 1 DAGs
[2025-04-02T19:08:04.074+0000] {logging_mixin.py:190} INFO - [2025-04-02T19:08:04.074+0000] {dag.py:4180} INFO - Setting next_dagrun for example_sla_dag to 2025-04-02 19:06:00+00:00, run_after=2025-04-02 19:08:00+00:00
[2025-04-02T19:08:04.226+0000] {processor.py:208} INFO - Processing /home/airflow/.local/lib/python3.12/site-packages/airflow/example_dags/example_sla_dag.py took 0.475 seconds
[2025-04-02T19:09:02.716+0000] {processor.py:186} INFO - Started process (PID=638) to work on /home/airflow/.local/lib/python3.12/site-packages/airflow/example_dags/example_sla_dag.py
[2025-04-02T19:09:02.721+0000] {processor.py:914} INFO - Processing file /home/airflow/.local/lib/python3.12/site-packages/airflow/example_dags/example_sla_dag.py for tasks to queue
[2025-04-02T19:09:02.729+0000] {logging_mixin.py:190} INFO - [2025-04-02T19:09:02.728+0000] {dagbag.py:588} INFO - Filling up the DagBag from /home/airflow/.local/lib/python3.12/site-packages/airflow/example_dags/example_sla_dag.py
[2025-04-02T19:09:02.777+0000] {processor.py:925} INFO - DAG(s) 'example_sla_dag' retrieved from /home/airflow/.local/lib/python3.12/site-packages/airflow/example_dags/example_sla_dag.py
[2025-04-02T19:09:02.926+0000] {logging_mixin.py:190} INFO - [2025-04-02T19:09:02.925+0000] {dag.py:3239} INFO - Sync 1 DAGs
[2025-04-02T19:09:03.089+0000] {logging_mixin.py:190} INFO - [2025-04-02T19:09:03.088+0000] {dag.py:4180} INFO - Setting next_dagrun for example_sla_dag to 2025-04-02 19:06:00+00:00, run_after=2025-04-02 19:08:00+00:00
[2025-04-02T19:09:03.246+0000] {processor.py:208} INFO - Processing /home/airflow/.local/lib/python3.12/site-packages/airflow/example_dags/example_sla_dag.py took 0.565 seconds
[2025-04-02T19:10:34.150+0000] {processor.py:186} INFO - Started process (PID=728) to work on /home/airflow/.local/lib/python3.12/site-packages/airflow/example_dags/example_sla_dag.py
[2025-04-02T19:10:34.153+0000] {processor.py:914} INFO - Processing file /home/airflow/.local/lib/python3.12/site-packages/airflow/example_dags/example_sla_dag.py for tasks to queue
[2025-04-02T19:10:34.167+0000] {logging_mixin.py:190} INFO - [2025-04-02T19:10:34.167+0000] {dagbag.py:588} INFO - Filling up the DagBag from /home/airflow/.local/lib/python3.12/site-packages/airflow/example_dags/example_sla_dag.py
[2025-04-02T19:10:34.251+0000] {processor.py:925} INFO - DAG(s) 'example_sla_dag' retrieved from /home/airflow/.local/lib/python3.12/site-packages/airflow/example_dags/example_sla_dag.py
[2025-04-02T19:10:34.312+0000] {logging_mixin.py:190} INFO - [2025-04-02T19:10:34.311+0000] {dag.py:3239} INFO - Sync 1 DAGs
[2025-04-02T19:10:34.454+0000] {logging_mixin.py:190} INFO - [2025-04-02T19:10:34.454+0000] {dag.py:4180} INFO - Setting next_dagrun for example_sla_dag to 2025-04-02 19:08:00+00:00, run_after=2025-04-02 19:10:00+00:00
[2025-04-02T19:10:34.580+0000] {processor.py:208} INFO - Processing /home/airflow/.local/lib/python3.12/site-packages/airflow/example_dags/example_sla_dag.py took 0.459 seconds
[2025-04-02T19:11:07.980+0000] {processor.py:186} INFO - Started process (PID=790) to work on /home/airflow/.local/lib/python3.12/site-packages/airflow/example_dags/example_sla_dag.py
[2025-04-02T19:11:08.043+0000] {processor.py:914} INFO - Processing file /home/airflow/.local/lib/python3.12/site-packages/airflow/example_dags/example_sla_dag.py for tasks to queue
[2025-04-02T19:11:08.093+0000] {logging_mixin.py:190} INFO - [2025-04-02T19:11:08.079+0000] {dagbag.py:588} INFO - Filling up the DagBag from /home/airflow/.local/lib/python3.12/site-packages/airflow/example_dags/example_sla_dag.py
[2025-04-02T19:11:08.305+0000] {processor.py:925} INFO - DAG(s) 'example_sla_dag' retrieved from /home/airflow/.local/lib/python3.12/site-packages/airflow/example_dags/example_sla_dag.py
[2025-04-02T19:11:08.633+0000] {logging_mixin.py:190} INFO - [2025-04-02T19:11:08.632+0000] {dag.py:3239} INFO - Sync 1 DAGs
[2025-04-02T19:11:09.025+0000] {logging_mixin.py:190} INFO - [2025-04-02T19:11:09.024+0000] {dag.py:4180} INFO - Setting next_dagrun for example_sla_dag to 2025-04-02 19:08:00+00:00, run_after=2025-04-02 19:10:00+00:00
[2025-04-02T19:11:09.140+0000] {processor.py:208} INFO - Processing /home/airflow/.local/lib/python3.12/site-packages/airflow/example_dags/example_sla_dag.py took 1.237 seconds
[2025-04-02T19:11:39.885+0000] {processor.py:186} INFO - Started process (PID=852) to work on /home/airflow/.local/lib/python3.12/site-packages/airflow/example_dags/example_sla_dag.py
[2025-04-02T19:11:39.900+0000] {processor.py:914} INFO - Processing file /home/airflow/.local/lib/python3.12/site-packages/airflow/example_dags/example_sla_dag.py for tasks to queue
[2025-04-02T19:11:39.918+0000] {logging_mixin.py:190} INFO - [2025-04-02T19:11:39.917+0000] {dagbag.py:588} INFO - Filling up the DagBag from /home/airflow/.local/lib/python3.12/site-packages/airflow/example_dags/example_sla_dag.py
[2025-04-02T19:11:39.993+0000] {processor.py:925} INFO - DAG(s) 'example_sla_dag' retrieved from /home/airflow/.local/lib/python3.12/site-packages/airflow/example_dags/example_sla_dag.py
[2025-04-02T19:11:40.122+0000] {logging_mixin.py:190} INFO - [2025-04-02T19:11:40.120+0000] {dag.py:3239} INFO - Sync 1 DAGs
[2025-04-02T19:11:40.272+0000] {logging_mixin.py:190} INFO - [2025-04-02T19:11:40.271+0000] {dag.py:4180} INFO - Setting next_dagrun for example_sla_dag to 2025-04-02 19:08:00+00:00, run_after=2025-04-02 19:10:00+00:00
[2025-04-02T19:11:40.359+0000] {processor.py:208} INFO - Processing /home/airflow/.local/lib/python3.12/site-packages/airflow/example_dags/example_sla_dag.py took 0.513 seconds
[2025-04-02T19:12:17.004+0000] {processor.py:186} INFO - Started process (PID=915) to work on /home/airflow/.local/lib/python3.12/site-packages/airflow/example_dags/example_sla_dag.py
[2025-04-02T19:12:17.006+0000] {processor.py:914} INFO - Processing file /home/airflow/.local/lib/python3.12/site-packages/airflow/example_dags/example_sla_dag.py for tasks to queue
[2025-04-02T19:12:17.013+0000] {logging_mixin.py:190} INFO - [2025-04-02T19:12:17.012+0000] {dagbag.py:588} INFO - Filling up the DagBag from /home/airflow/.local/lib/python3.12/site-packages/airflow/example_dags/example_sla_dag.py
[2025-04-02T19:12:17.038+0000] {processor.py:925} INFO - DAG(s) 'example_sla_dag' retrieved from /home/airflow/.local/lib/python3.12/site-packages/airflow/example_dags/example_sla_dag.py
[2025-04-02T19:12:17.116+0000] {logging_mixin.py:190} INFO - [2025-04-02T19:12:17.115+0000] {dag.py:3239} INFO - Sync 1 DAGs
[2025-04-02T19:12:17.227+0000] {logging_mixin.py:190} INFO - [2025-04-02T19:12:17.226+0000] {dag.py:4180} INFO - Setting next_dagrun for example_sla_dag to 2025-04-02 19:10:00+00:00, run_after=2025-04-02 19:12:00+00:00
[2025-04-02T19:12:17.283+0000] {processor.py:208} INFO - Processing /home/airflow/.local/lib/python3.12/site-packages/airflow/example_dags/example_sla_dag.py took 0.293 seconds
[2025-04-02T19:12:56.171+0000] {processor.py:186} INFO - Started process (PID=984) to work on /home/airflow/.local/lib/python3.12/site-packages/airflow/example_dags/example_sla_dag.py
[2025-04-02T19:12:56.173+0000] {processor.py:914} INFO - Processing file /home/airflow/.local/lib/python3.12/site-packages/airflow/example_dags/example_sla_dag.py for tasks to queue
[2025-04-02T19:12:56.179+0000] {logging_mixin.py:190} INFO - [2025-04-02T19:12:56.178+0000] {dagbag.py:588} INFO - Filling up the DagBag from /home/airflow/.local/lib/python3.12/site-packages/airflow/example_dags/example_sla_dag.py
[2025-04-02T19:12:56.252+0000] {processor.py:925} INFO - DAG(s) 'example_sla_dag' retrieved from /home/airflow/.local/lib/python3.12/site-packages/airflow/example_dags/example_sla_dag.py
[2025-04-02T19:12:56.366+0000] {logging_mixin.py:190} INFO - [2025-04-02T19:12:56.366+0000] {dag.py:3239} INFO - Sync 1 DAGs
[2025-04-02T19:12:56.539+0000] {logging_mixin.py:190} INFO - [2025-04-02T19:12:56.538+0000] {dag.py:4180} INFO - Setting next_dagrun for example_sla_dag to 2025-04-02 19:10:00+00:00, run_after=2025-04-02 19:12:00+00:00
[2025-04-02T19:12:56.609+0000] {processor.py:208} INFO - Processing /home/airflow/.local/lib/python3.12/site-packages/airflow/example_dags/example_sla_dag.py took 0.454 seconds
[2025-04-02T19:13:45.981+0000] {processor.py:186} INFO - Started process (PID=1064) to work on /home/airflow/.local/lib/python3.12/site-packages/airflow/example_dags/example_sla_dag.py
[2025-04-02T19:13:45.986+0000] {processor.py:914} INFO - Processing file /home/airflow/.local/lib/python3.12/site-packages/airflow/example_dags/example_sla_dag.py for tasks to queue
[2025-04-02T19:13:46.012+0000] {logging_mixin.py:190} INFO - [2025-04-02T19:13:46.011+0000] {dagbag.py:588} INFO - Filling up the DagBag from /home/airflow/.local/lib/python3.12/site-packages/airflow/example_dags/example_sla_dag.py
[2025-04-02T19:13:46.063+0000] {processor.py:925} INFO - DAG(s) 'example_sla_dag' retrieved from /home/airflow/.local/lib/python3.12/site-packages/airflow/example_dags/example_sla_dag.py
[2025-04-02T19:13:46.251+0000] {logging_mixin.py:190} INFO - [2025-04-02T19:13:46.251+0000] {dag.py:3239} INFO - Sync 1 DAGs
[2025-04-02T19:13:46.457+0000] {logging_mixin.py:190} INFO - [2025-04-02T19:13:46.456+0000] {dag.py:4180} INFO - Setting next_dagrun for example_sla_dag to 2025-04-02 19:10:00+00:00, run_after=2025-04-02 19:12:00+00:00
[2025-04-02T19:13:46.619+0000] {processor.py:208} INFO - Processing /home/airflow/.local/lib/python3.12/site-packages/airflow/example_dags/example_sla_dag.py took 0.658 seconds
[2025-04-02T19:14:32.877+0000] {processor.py:186} INFO - Started process (PID=1127) to work on /home/airflow/.local/lib/python3.12/site-packages/airflow/example_dags/example_sla_dag.py
[2025-04-02T19:14:32.890+0000] {processor.py:914} INFO - Processing file /home/airflow/.local/lib/python3.12/site-packages/airflow/example_dags/example_sla_dag.py for tasks to queue
[2025-04-02T19:14:32.905+0000] {logging_mixin.py:190} INFO - [2025-04-02T19:14:32.905+0000] {dagbag.py:588} INFO - Filling up the DagBag from /home/airflow/.local/lib/python3.12/site-packages/airflow/example_dags/example_sla_dag.py
[2025-04-02T19:14:33.005+0000] {processor.py:925} INFO - DAG(s) 'example_sla_dag' retrieved from /home/airflow/.local/lib/python3.12/site-packages/airflow/example_dags/example_sla_dag.py
[2025-04-02T19:14:33.195+0000] {logging_mixin.py:190} INFO - [2025-04-02T19:14:33.193+0000] {dag.py:3239} INFO - Sync 1 DAGs
[2025-04-02T19:14:33.403+0000] {logging_mixin.py:190} INFO - [2025-04-02T19:14:33.403+0000] {dag.py:4180} INFO - Setting next_dagrun for example_sla_dag to 2025-04-02 19:12:00+00:00, run_after=2025-04-02 19:14:00+00:00
[2025-04-02T19:14:33.514+0000] {processor.py:208} INFO - Processing /home/airflow/.local/lib/python3.12/site-packages/airflow/example_dags/example_sla_dag.py took 0.686 seconds
[2025-04-02T19:15:37.284+0000] {processor.py:186} INFO - Started process (PID=1210) to work on /home/airflow/.local/lib/python3.12/site-packages/airflow/example_dags/example_sla_dag.py
[2025-04-02T19:15:37.298+0000] {processor.py:914} INFO - Processing file /home/airflow/.local/lib/python3.12/site-packages/airflow/example_dags/example_sla_dag.py for tasks to queue
[2025-04-02T19:15:37.317+0000] {logging_mixin.py:190} INFO - [2025-04-02T19:15:37.316+0000] {dagbag.py:588} INFO - Filling up the DagBag from /home/airflow/.local/lib/python3.12/site-packages/airflow/example_dags/example_sla_dag.py
[2025-04-02T19:15:37.422+0000] {processor.py:925} INFO - DAG(s) 'example_sla_dag' retrieved from /home/airflow/.local/lib/python3.12/site-packages/airflow/example_dags/example_sla_dag.py
[2025-04-02T19:15:37.556+0000] {logging_mixin.py:190} INFO - [2025-04-02T19:15:37.555+0000] {dag.py:3239} INFO - Sync 1 DAGs
[2025-04-02T19:15:37.794+0000] {logging_mixin.py:190} INFO - [2025-04-02T19:15:37.793+0000] {dag.py:4180} INFO - Setting next_dagrun for example_sla_dag to 2025-04-02 19:12:00+00:00, run_after=2025-04-02 19:14:00+00:00
[2025-04-02T19:15:38.097+0000] {processor.py:208} INFO - Processing /home/airflow/.local/lib/python3.12/site-packages/airflow/example_dags/example_sla_dag.py took 0.845 seconds
[2025-04-02T19:16:17.704+0000] {processor.py:186} INFO - Started process (PID=1283) to work on /home/airflow/.local/lib/python3.12/site-packages/airflow/example_dags/example_sla_dag.py
[2025-04-02T19:16:17.707+0000] {processor.py:914} INFO - Processing file /home/airflow/.local/lib/python3.12/site-packages/airflow/example_dags/example_sla_dag.py for tasks to queue
[2025-04-02T19:16:17.713+0000] {logging_mixin.py:190} INFO - [2025-04-02T19:16:17.712+0000] {dagbag.py:588} INFO - Filling up the DagBag from /home/airflow/.local/lib/python3.12/site-packages/airflow/example_dags/example_sla_dag.py
[2025-04-02T19:16:17.773+0000] {processor.py:925} INFO - DAG(s) 'example_sla_dag' retrieved from /home/airflow/.local/lib/python3.12/site-packages/airflow/example_dags/example_sla_dag.py
[2025-04-02T19:16:17.857+0000] {logging_mixin.py:190} INFO - [2025-04-02T19:16:17.857+0000] {dag.py:3239} INFO - Sync 1 DAGs
[2025-04-02T19:16:17.944+0000] {logging_mixin.py:190} INFO - [2025-04-02T19:16:17.943+0000] {dag.py:4180} INFO - Setting next_dagrun for example_sla_dag to 2025-04-02 19:14:00+00:00, run_after=2025-04-02 19:16:00+00:00
[2025-04-02T19:16:18.063+0000] {processor.py:208} INFO - Processing /home/airflow/.local/lib/python3.12/site-packages/airflow/example_dags/example_sla_dag.py took 0.392 seconds
[2025-04-02T19:17:06.708+0000] {processor.py:186} INFO - Started process (PID=1348) to work on /home/airflow/.local/lib/python3.12/site-packages/airflow/example_dags/example_sla_dag.py
[2025-04-02T19:17:06.720+0000] {processor.py:914} INFO - Processing file /home/airflow/.local/lib/python3.12/site-packages/airflow/example_dags/example_sla_dag.py for tasks to queue
[2025-04-02T19:17:06.729+0000] {logging_mixin.py:190} INFO - [2025-04-02T19:17:06.728+0000] {dagbag.py:588} INFO - Filling up the DagBag from /home/airflow/.local/lib/python3.12/site-packages/airflow/example_dags/example_sla_dag.py
[2025-04-02T19:17:06.802+0000] {processor.py:925} INFO - DAG(s) 'example_sla_dag' retrieved from /home/airflow/.local/lib/python3.12/site-packages/airflow/example_dags/example_sla_dag.py
[2025-04-02T19:17:06.894+0000] {logging_mixin.py:190} INFO - [2025-04-02T19:17:06.894+0000] {dag.py:3239} INFO - Sync 1 DAGs
[2025-04-02T19:17:07.062+0000] {logging_mixin.py:190} INFO - [2025-04-02T19:17:07.062+0000] {dag.py:4180} INFO - Setting next_dagrun for example_sla_dag to 2025-04-02 19:14:00+00:00, run_after=2025-04-02 19:16:00+00:00
[2025-04-02T19:17:07.201+0000] {processor.py:208} INFO - Processing /home/airflow/.local/lib/python3.12/site-packages/airflow/example_dags/example_sla_dag.py took 0.520 seconds
[2025-04-02T19:17:37.568+0000] {processor.py:186} INFO - Started process (PID=1418) to work on /home/airflow/.local/lib/python3.12/site-packages/airflow/example_dags/example_sla_dag.py
[2025-04-02T19:17:37.570+0000] {processor.py:914} INFO - Processing file /home/airflow/.local/lib/python3.12/site-packages/airflow/example_dags/example_sla_dag.py for tasks to queue
[2025-04-02T19:17:37.587+0000] {logging_mixin.py:190} INFO - [2025-04-02T19:17:37.586+0000] {dagbag.py:588} INFO - Filling up the DagBag from /home/airflow/.local/lib/python3.12/site-packages/airflow/example_dags/example_sla_dag.py
[2025-04-02T19:17:37.643+0000] {processor.py:925} INFO - DAG(s) 'example_sla_dag' retrieved from /home/airflow/.local/lib/python3.12/site-packages/airflow/example_dags/example_sla_dag.py
[2025-04-02T19:17:37.717+0000] {logging_mixin.py:190} INFO - [2025-04-02T19:17:37.716+0000] {dag.py:3239} INFO - Sync 1 DAGs
[2025-04-02T19:17:37.803+0000] {logging_mixin.py:190} INFO - [2025-04-02T19:17:37.802+0000] {dag.py:4180} INFO - Setting next_dagrun for example_sla_dag to 2025-04-02 19:14:00+00:00, run_after=2025-04-02 19:16:00+00:00
[2025-04-02T19:17:37.852+0000] {processor.py:208} INFO - Processing /home/airflow/.local/lib/python3.12/site-packages/airflow/example_dags/example_sla_dag.py took 0.304 seconds
[2025-04-02T19:18:10.157+0000] {processor.py:186} INFO - Started process (PID=1480) to work on /home/airflow/.local/lib/python3.12/site-packages/airflow/example_dags/example_sla_dag.py
[2025-04-02T19:18:10.163+0000] {processor.py:914} INFO - Processing file /home/airflow/.local/lib/python3.12/site-packages/airflow/example_dags/example_sla_dag.py for tasks to queue
[2025-04-02T19:18:10.175+0000] {logging_mixin.py:190} INFO - [2025-04-02T19:18:10.174+0000] {dagbag.py:588} INFO - Filling up the DagBag from /home/airflow/.local/lib/python3.12/site-packages/airflow/example_dags/example_sla_dag.py
[2025-04-02T19:18:10.232+0000] {processor.py:925} INFO - DAG(s) 'example_sla_dag' retrieved from /home/airflow/.local/lib/python3.12/site-packages/airflow/example_dags/example_sla_dag.py
[2025-04-02T19:18:10.295+0000] {logging_mixin.py:190} INFO - [2025-04-02T19:18:10.294+0000] {dag.py:3239} INFO - Sync 1 DAGs
[2025-04-02T19:18:10.431+0000] {logging_mixin.py:190} INFO - [2025-04-02T19:18:10.430+0000] {dag.py:4180} INFO - Setting next_dagrun for example_sla_dag to 2025-04-02 19:16:00+00:00, run_after=2025-04-02 19:18:00+00:00
[2025-04-02T19:18:10.530+0000] {processor.py:208} INFO - Processing /home/airflow/.local/lib/python3.12/site-packages/airflow/example_dags/example_sla_dag.py took 0.402 seconds
[2025-04-02T19:18:42.277+0000] {processor.py:186} INFO - Started process (PID=1542) to work on /home/airflow/.local/lib/python3.12/site-packages/airflow/example_dags/example_sla_dag.py
[2025-04-02T19:18:42.279+0000] {processor.py:914} INFO - Processing file /home/airflow/.local/lib/python3.12/site-packages/airflow/example_dags/example_sla_dag.py for tasks to queue
[2025-04-02T19:18:42.284+0000] {logging_mixin.py:190} INFO - [2025-04-02T19:18:42.282+0000] {dagbag.py:588} INFO - Filling up the DagBag from /home/airflow/.local/lib/python3.12/site-packages/airflow/example_dags/example_sla_dag.py
[2025-04-02T19:18:42.319+0000] {processor.py:925} INFO - DAG(s) 'example_sla_dag' retrieved from /home/airflow/.local/lib/python3.12/site-packages/airflow/example_dags/example_sla_dag.py
[2025-04-02T19:18:42.400+0000] {logging_mixin.py:190} INFO - [2025-04-02T19:18:42.399+0000] {dag.py:3239} INFO - Sync 1 DAGs
[2025-04-02T19:18:42.525+0000] {logging_mixin.py:190} INFO - [2025-04-02T19:18:42.524+0000] {dag.py:4180} INFO - Setting next_dagrun for example_sla_dag to 2025-04-02 19:16:00+00:00, run_after=2025-04-02 19:18:00+00:00
[2025-04-02T19:18:42.591+0000] {processor.py:208} INFO - Processing /home/airflow/.local/lib/python3.12/site-packages/airflow/example_dags/example_sla_dag.py took 0.330 seconds
[2025-04-02T19:19:17.851+0000] {processor.py:186} INFO - Started process (PID=1605) to work on /home/airflow/.local/lib/python3.12/site-packages/airflow/example_dags/example_sla_dag.py
[2025-04-02T19:19:17.853+0000] {processor.py:914} INFO - Processing file /home/airflow/.local/lib/python3.12/site-packages/airflow/example_dags/example_sla_dag.py for tasks to queue
[2025-04-02T19:19:17.860+0000] {logging_mixin.py:190} INFO - [2025-04-02T19:19:17.859+0000] {dagbag.py:588} INFO - Filling up the DagBag from /home/airflow/.local/lib/python3.12/site-packages/airflow/example_dags/example_sla_dag.py
[2025-04-02T19:19:17.912+0000] {processor.py:925} INFO - DAG(s) 'example_sla_dag' retrieved from /home/airflow/.local/lib/python3.12/site-packages/airflow/example_dags/example_sla_dag.py
[2025-04-02T19:19:18.070+0000] {logging_mixin.py:190} INFO - [2025-04-02T19:19:18.070+0000] {dag.py:3239} INFO - Sync 1 DAGs
[2025-04-02T19:19:18.286+0000] {logging_mixin.py:190} INFO - [2025-04-02T19:19:18.283+0000] {dag.py:4180} INFO - Setting next_dagrun for example_sla_dag to 2025-04-02 19:16:00+00:00, run_after=2025-04-02 19:18:00+00:00
[2025-04-02T19:19:18.533+0000] {processor.py:208} INFO - Processing /home/airflow/.local/lib/python3.12/site-packages/airflow/example_dags/example_sla_dag.py took 0.706 seconds
[2025-04-02T19:20:26.134+0000] {processor.py:186} INFO - Started process (PID=1688) to work on /home/airflow/.local/lib/python3.12/site-packages/airflow/example_dags/example_sla_dag.py
[2025-04-02T19:20:26.136+0000] {processor.py:914} INFO - Processing file /home/airflow/.local/lib/python3.12/site-packages/airflow/example_dags/example_sla_dag.py for tasks to queue
[2025-04-02T19:20:26.141+0000] {logging_mixin.py:190} INFO - [2025-04-02T19:20:26.140+0000] {dagbag.py:588} INFO - Filling up the DagBag from /home/airflow/.local/lib/python3.12/site-packages/airflow/example_dags/example_sla_dag.py
[2025-04-02T19:20:26.168+0000] {processor.py:925} INFO - DAG(s) 'example_sla_dag' retrieved from /home/airflow/.local/lib/python3.12/site-packages/airflow/example_dags/example_sla_dag.py
[2025-04-02T19:20:26.231+0000] {logging_mixin.py:190} INFO - [2025-04-02T19:20:26.230+0000] {dag.py:3239} INFO - Sync 1 DAGs
[2025-04-02T19:20:26.337+0000] {logging_mixin.py:190} INFO - [2025-04-02T19:20:26.337+0000] {dag.py:4180} INFO - Setting next_dagrun for example_sla_dag to 2025-04-02 19:18:00+00:00, run_after=2025-04-02 19:20:00+00:00
[2025-04-02T19:20:26.383+0000] {processor.py:208} INFO - Processing /home/airflow/.local/lib/python3.12/site-packages/airflow/example_dags/example_sla_dag.py took 0.269 seconds
[2025-04-02T19:21:02.693+0000] {processor.py:186} INFO - Started process (PID=1759) to work on /home/airflow/.local/lib/python3.12/site-packages/airflow/example_dags/example_sla_dag.py
[2025-04-02T19:21:02.696+0000] {processor.py:914} INFO - Processing file /home/airflow/.local/lib/python3.12/site-packages/airflow/example_dags/example_sla_dag.py for tasks to queue
[2025-04-02T19:21:02.710+0000] {logging_mixin.py:190} INFO - [2025-04-02T19:21:02.709+0000] {dagbag.py:588} INFO - Filling up the DagBag from /home/airflow/.local/lib/python3.12/site-packages/airflow/example_dags/example_sla_dag.py
[2025-04-02T19:21:02.762+0000] {processor.py:925} INFO - DAG(s) 'example_sla_dag' retrieved from /home/airflow/.local/lib/python3.12/site-packages/airflow/example_dags/example_sla_dag.py
[2025-04-02T19:21:02.820+0000] {logging_mixin.py:190} INFO - [2025-04-02T19:21:02.820+0000] {dag.py:3239} INFO - Sync 1 DAGs
[2025-04-02T19:21:02.979+0000] {logging_mixin.py:190} INFO - [2025-04-02T19:21:02.978+0000] {dag.py:4180} INFO - Setting next_dagrun for example_sla_dag to 2025-04-02 19:18:00+00:00, run_after=2025-04-02 19:20:00+00:00
[2025-04-02T19:21:03.045+0000] {processor.py:208} INFO - Processing /home/airflow/.local/lib/python3.12/site-packages/airflow/example_dags/example_sla_dag.py took 0.375 seconds
[2025-04-02T19:21:40.184+0000] {processor.py:186} INFO - Started process (PID=1821) to work on /home/airflow/.local/lib/python3.12/site-packages/airflow/example_dags/example_sla_dag.py
[2025-04-02T19:21:40.199+0000] {processor.py:914} INFO - Processing file /home/airflow/.local/lib/python3.12/site-packages/airflow/example_dags/example_sla_dag.py for tasks to queue
[2025-04-02T19:21:40.218+0000] {logging_mixin.py:190} INFO - [2025-04-02T19:21:40.217+0000] {dagbag.py:588} INFO - Filling up the DagBag from /home/airflow/.local/lib/python3.12/site-packages/airflow/example_dags/example_sla_dag.py
[2025-04-02T19:21:40.301+0000] {processor.py:925} INFO - DAG(s) 'example_sla_dag' retrieved from /home/airflow/.local/lib/python3.12/site-packages/airflow/example_dags/example_sla_dag.py
[2025-04-02T19:21:40.506+0000] {logging_mixin.py:190} INFO - [2025-04-02T19:21:40.505+0000] {dag.py:3239} INFO - Sync 1 DAGs
[2025-04-02T19:21:40.805+0000] {logging_mixin.py:190} INFO - [2025-04-02T19:21:40.804+0000] {dag.py:4180} INFO - Setting next_dagrun for example_sla_dag to 2025-04-02 19:18:00+00:00, run_after=2025-04-02 19:20:00+00:00
[2025-04-02T19:21:40.914+0000] {processor.py:208} INFO - Processing /home/airflow/.local/lib/python3.12/site-packages/airflow/example_dags/example_sla_dag.py took 0.792 seconds
[2025-04-02T19:22:18.142+0000] {processor.py:186} INFO - Started process (PID=1890) to work on /home/airflow/.local/lib/python3.12/site-packages/airflow/example_dags/example_sla_dag.py
[2025-04-02T19:22:18.145+0000] {processor.py:914} INFO - Processing file /home/airflow/.local/lib/python3.12/site-packages/airflow/example_dags/example_sla_dag.py for tasks to queue
[2025-04-02T19:22:18.151+0000] {logging_mixin.py:190} INFO - [2025-04-02T19:22:18.150+0000] {dagbag.py:588} INFO - Filling up the DagBag from /home/airflow/.local/lib/python3.12/site-packages/airflow/example_dags/example_sla_dag.py
[2025-04-02T19:22:18.182+0000] {processor.py:925} INFO - DAG(s) 'example_sla_dag' retrieved from /home/airflow/.local/lib/python3.12/site-packages/airflow/example_dags/example_sla_dag.py
[2025-04-02T19:22:18.266+0000] {logging_mixin.py:190} INFO - [2025-04-02T19:22:18.265+0000] {dag.py:3239} INFO - Sync 1 DAGs
[2025-04-02T19:22:18.393+0000] {logging_mixin.py:190} INFO - [2025-04-02T19:22:18.392+0000] {dag.py:4180} INFO - Setting next_dagrun for example_sla_dag to 2025-04-02 19:20:00+00:00, run_after=2025-04-02 19:22:00+00:00
[2025-04-02T19:22:18.468+0000] {processor.py:208} INFO - Processing /home/airflow/.local/lib/python3.12/site-packages/airflow/example_dags/example_sla_dag.py took 0.344 seconds
[2025-04-02T19:23:08.821+0000] {processor.py:186} INFO - Started process (PID=1959) to work on /home/airflow/.local/lib/python3.12/site-packages/airflow/example_dags/example_sla_dag.py
[2025-04-02T19:23:08.824+0000] {processor.py:914} INFO - Processing file /home/airflow/.local/lib/python3.12/site-packages/airflow/example_dags/example_sla_dag.py for tasks to queue
[2025-04-02T19:23:08.830+0000] {logging_mixin.py:190} INFO - [2025-04-02T19:23:08.829+0000] {dagbag.py:588} INFO - Filling up the DagBag from /home/airflow/.local/lib/python3.12/site-packages/airflow/example_dags/example_sla_dag.py
[2025-04-02T19:23:08.858+0000] {processor.py:925} INFO - DAG(s) 'example_sla_dag' retrieved from /home/airflow/.local/lib/python3.12/site-packages/airflow/example_dags/example_sla_dag.py
[2025-04-02T19:23:08.908+0000] {logging_mixin.py:190} INFO - [2025-04-02T19:23:08.908+0000] {dag.py:3239} INFO - Sync 1 DAGs
[2025-04-02T19:23:09.076+0000] {logging_mixin.py:190} INFO - [2025-04-02T19:23:09.075+0000] {dag.py:4180} INFO - Setting next_dagrun for example_sla_dag to 2025-04-02 19:20:00+00:00, run_after=2025-04-02 19:22:00+00:00
[2025-04-02T19:23:09.139+0000] {processor.py:208} INFO - Processing /home/airflow/.local/lib/python3.12/site-packages/airflow/example_dags/example_sla_dag.py took 0.329 seconds
[2025-04-02T19:23:56.469+0000] {processor.py:186} INFO - Started process (PID=2037) to work on /home/airflow/.local/lib/python3.12/site-packages/airflow/example_dags/example_sla_dag.py
[2025-04-02T19:23:56.474+0000] {processor.py:914} INFO - Processing file /home/airflow/.local/lib/python3.12/site-packages/airflow/example_dags/example_sla_dag.py for tasks to queue
[2025-04-02T19:23:56.496+0000] {logging_mixin.py:190} INFO - [2025-04-02T19:23:56.495+0000] {dagbag.py:588} INFO - Filling up the DagBag from /home/airflow/.local/lib/python3.12/site-packages/airflow/example_dags/example_sla_dag.py
[2025-04-02T19:23:56.584+0000] {processor.py:925} INFO - DAG(s) 'example_sla_dag' retrieved from /home/airflow/.local/lib/python3.12/site-packages/airflow/example_dags/example_sla_dag.py
[2025-04-02T19:23:56.693+0000] {logging_mixin.py:190} INFO - [2025-04-02T19:23:56.691+0000] {dag.py:3239} INFO - Sync 1 DAGs
[2025-04-02T19:23:57.021+0000] {logging_mixin.py:190} INFO - [2025-04-02T19:23:57.021+0000] {dag.py:4180} INFO - Setting next_dagrun for example_sla_dag to 2025-04-02 19:20:00+00:00, run_after=2025-04-02 19:22:00+00:00
[2025-04-02T19:23:57.236+0000] {processor.py:208} INFO - Processing /home/airflow/.local/lib/python3.12/site-packages/airflow/example_dags/example_sla_dag.py took 0.830 seconds
[2025-04-02T19:24:27.603+0000] {processor.py:186} INFO - Started process (PID=2099) to work on /home/airflow/.local/lib/python3.12/site-packages/airflow/example_dags/example_sla_dag.py
[2025-04-02T19:24:27.604+0000] {processor.py:914} INFO - Processing file /home/airflow/.local/lib/python3.12/site-packages/airflow/example_dags/example_sla_dag.py for tasks to queue
[2025-04-02T19:24:27.608+0000] {logging_mixin.py:190} INFO - [2025-04-02T19:24:27.608+0000] {dagbag.py:588} INFO - Filling up the DagBag from /home/airflow/.local/lib/python3.12/site-packages/airflow/example_dags/example_sla_dag.py
[2025-04-02T19:24:27.631+0000] {processor.py:925} INFO - DAG(s) 'example_sla_dag' retrieved from /home/airflow/.local/lib/python3.12/site-packages/airflow/example_dags/example_sla_dag.py
[2025-04-02T19:24:27.739+0000] {logging_mixin.py:190} INFO - [2025-04-02T19:24:27.739+0000] {dag.py:3239} INFO - Sync 1 DAGs
[2025-04-02T19:24:27.793+0000] {logging_mixin.py:190} INFO - [2025-04-02T19:24:27.793+0000] {dag.py:4180} INFO - Setting next_dagrun for example_sla_dag to 2025-04-02 19:22:00+00:00, run_after=2025-04-02 19:24:00+00:00
[2025-04-02T19:24:27.822+0000] {processor.py:208} INFO - Processing /home/airflow/.local/lib/python3.12/site-packages/airflow/example_dags/example_sla_dag.py took 0.230 seconds
