[2025-04-02T19:02:54.302+0000] {processor.py:186} INFO - Started process (PID=88) to work on /home/airflow/.local/lib/python3.12/site-packages/airflow/example_dags/example_task_group.py
[2025-04-02T19:02:54.335+0000] {processor.py:914} INFO - Processing file /home/airflow/.local/lib/python3.12/site-packages/airflow/example_dags/example_task_group.py for tasks to queue
[2025-04-02T19:02:54.361+0000] {logging_mixin.py:190} INFO - [2025-04-02T19:02:54.360+0000] {dagbag.py:588} INFO - Filling up the DagBag from /home/airflow/.local/lib/python3.12/site-packages/airflow/example_dags/example_task_group.py
[2025-04-02T19:02:54.679+0000] {processor.py:925} INFO - DAG(s) 'example_task_group' retrieved from /home/airflow/.local/lib/python3.12/site-packages/airflow/example_dags/example_task_group.py
[2025-04-02T19:02:56.371+0000] {logging_mixin.py:190} INFO - [2025-04-02T19:02:56.368+0000] {override.py:1912} INFO - Created Permission View: can delete on DAG:example_task_group
[2025-04-02T19:02:56.437+0000] {logging_mixin.py:190} INFO - [2025-04-02T19:02:56.436+0000] {override.py:1912} INFO - Created Permission View: can edit on DAG:example_task_group
[2025-04-02T19:02:56.486+0000] {logging_mixin.py:190} INFO - [2025-04-02T19:02:56.485+0000] {override.py:1912} INFO - Created Permission View: can read on DAG:example_task_group
[2025-04-02T19:02:56.560+0000] {logging_mixin.py:190} INFO - [2025-04-02T19:02:56.559+0000] {override.py:1912} INFO - Created Permission View: can delete on DAG Run:example_task_group
[2025-04-02T19:02:56.642+0000] {logging_mixin.py:190} INFO - [2025-04-02T19:02:56.642+0000] {override.py:1912} INFO - Created Permission View: can read on DAG Run:example_task_group
[2025-04-02T19:02:56.693+0000] {logging_mixin.py:190} INFO - [2025-04-02T19:02:56.691+0000] {override.py:1912} INFO - Created Permission View: can create on DAG Run:example_task_group
[2025-04-02T19:02:56.763+0000] {logging_mixin.py:190} INFO - [2025-04-02T19:02:56.762+0000] {override.py:1912} INFO - Created Permission View: menu access on DAG Run:example_task_group
[2025-04-02T19:02:56.777+0000] {logging_mixin.py:190} INFO - [2025-04-02T19:02:56.777+0000] {dag.py:3239} INFO - Sync 1 DAGs
[2025-04-02T19:02:57.003+0000] {logging_mixin.py:190} INFO - [2025-04-02T19:02:57.002+0000] {dag.py:3262} INFO - Creating ORM DAG for example_task_group
[2025-04-02T19:02:57.018+0000] {logging_mixin.py:190} INFO - [2025-04-02T19:02:57.016+0000] {dag.py:4180} INFO - Setting next_dagrun for example_task_group to None, run_after=None
[2025-04-02T19:02:57.261+0000] {processor.py:208} INFO - Processing /home/airflow/.local/lib/python3.12/site-packages/airflow/example_dags/example_task_group.py took 3.095 seconds
[2025-04-02T19:04:22.543+0000] {processor.py:186} INFO - Started process (PID=163) to work on /home/airflow/.local/lib/python3.12/site-packages/airflow/example_dags/example_task_group.py
[2025-04-02T19:04:22.556+0000] {processor.py:914} INFO - Processing file /home/airflow/.local/lib/python3.12/site-packages/airflow/example_dags/example_task_group.py for tasks to queue
[2025-04-02T19:04:22.576+0000] {logging_mixin.py:190} INFO - [2025-04-02T19:04:22.575+0000] {dagbag.py:588} INFO - Filling up the DagBag from /home/airflow/.local/lib/python3.12/site-packages/airflow/example_dags/example_task_group.py
[2025-04-02T19:04:22.631+0000] {processor.py:925} INFO - DAG(s) 'example_task_group' retrieved from /home/airflow/.local/lib/python3.12/site-packages/airflow/example_dags/example_task_group.py
[2025-04-02T19:04:22.776+0000] {logging_mixin.py:190} INFO - [2025-04-02T19:04:22.775+0000] {dag.py:3239} INFO - Sync 1 DAGs
[2025-04-02T19:04:22.875+0000] {logging_mixin.py:190} INFO - [2025-04-02T19:04:22.873+0000] {dag.py:4180} INFO - Setting next_dagrun for example_task_group to None, run_after=None
[2025-04-02T19:04:23.070+0000] {processor.py:208} INFO - Processing /home/airflow/.local/lib/python3.12/site-packages/airflow/example_dags/example_task_group.py took 0.554 seconds
[2025-04-02T19:04:53.487+0000] {processor.py:186} INFO - Started process (PID=226) to work on /home/airflow/.local/lib/python3.12/site-packages/airflow/example_dags/example_task_group.py
[2025-04-02T19:04:53.492+0000] {processor.py:914} INFO - Processing file /home/airflow/.local/lib/python3.12/site-packages/airflow/example_dags/example_task_group.py for tasks to queue
[2025-04-02T19:04:53.498+0000] {logging_mixin.py:190} INFO - [2025-04-02T19:04:53.497+0000] {dagbag.py:588} INFO - Filling up the DagBag from /home/airflow/.local/lib/python3.12/site-packages/airflow/example_dags/example_task_group.py
[2025-04-02T19:04:53.514+0000] {processor.py:925} INFO - DAG(s) 'example_task_group' retrieved from /home/airflow/.local/lib/python3.12/site-packages/airflow/example_dags/example_task_group.py
[2025-04-02T19:04:53.551+0000] {logging_mixin.py:190} INFO - [2025-04-02T19:04:53.551+0000] {dag.py:3239} INFO - Sync 1 DAGs
[2025-04-02T19:04:53.581+0000] {logging_mixin.py:190} INFO - [2025-04-02T19:04:53.580+0000] {dag.py:4180} INFO - Setting next_dagrun for example_task_group to None, run_after=None
[2025-04-02T19:04:53.619+0000] {processor.py:208} INFO - Processing /home/airflow/.local/lib/python3.12/site-packages/airflow/example_dags/example_task_group.py took 0.159 seconds
[2025-04-02T19:05:27.511+0000] {processor.py:186} INFO - Started process (PID=277) to work on /home/airflow/.local/lib/python3.12/site-packages/airflow/example_dags/example_task_group.py
[2025-04-02T19:05:27.513+0000] {processor.py:914} INFO - Processing file /home/airflow/.local/lib/python3.12/site-packages/airflow/example_dags/example_task_group.py for tasks to queue
[2025-04-02T19:05:27.530+0000] {logging_mixin.py:190} INFO - [2025-04-02T19:05:27.529+0000] {dagbag.py:588} INFO - Filling up the DagBag from /home/airflow/.local/lib/python3.12/site-packages/airflow/example_dags/example_task_group.py
[2025-04-02T19:05:27.575+0000] {processor.py:925} INFO - DAG(s) 'example_task_group' retrieved from /home/airflow/.local/lib/python3.12/site-packages/airflow/example_dags/example_task_group.py
[2025-04-02T19:05:27.689+0000] {logging_mixin.py:190} INFO - [2025-04-02T19:05:27.687+0000] {dag.py:3239} INFO - Sync 1 DAGs
[2025-04-02T19:05:27.792+0000] {logging_mixin.py:190} INFO - [2025-04-02T19:05:27.791+0000] {dag.py:4180} INFO - Setting next_dagrun for example_task_group to None, run_after=None
[2025-04-02T19:05:27.903+0000] {processor.py:208} INFO - Processing /home/airflow/.local/lib/python3.12/site-packages/airflow/example_dags/example_task_group.py took 0.438 seconds
[2025-04-02T19:05:58.448+0000] {processor.py:186} INFO - Started process (PID=341) to work on /home/airflow/.local/lib/python3.12/site-packages/airflow/example_dags/example_task_group.py
[2025-04-02T19:05:58.451+0000] {processor.py:914} INFO - Processing file /home/airflow/.local/lib/python3.12/site-packages/airflow/example_dags/example_task_group.py for tasks to queue
[2025-04-02T19:05:58.456+0000] {logging_mixin.py:190} INFO - [2025-04-02T19:05:58.455+0000] {dagbag.py:588} INFO - Filling up the DagBag from /home/airflow/.local/lib/python3.12/site-packages/airflow/example_dags/example_task_group.py
[2025-04-02T19:05:58.477+0000] {processor.py:925} INFO - DAG(s) 'example_task_group' retrieved from /home/airflow/.local/lib/python3.12/site-packages/airflow/example_dags/example_task_group.py
[2025-04-02T19:05:58.555+0000] {logging_mixin.py:190} INFO - [2025-04-02T19:05:58.554+0000] {dag.py:3239} INFO - Sync 1 DAGs
[2025-04-02T19:05:58.602+0000] {logging_mixin.py:190} INFO - [2025-04-02T19:05:58.601+0000] {dag.py:4180} INFO - Setting next_dagrun for example_task_group to None, run_after=None
[2025-04-02T19:05:58.658+0000] {processor.py:208} INFO - Processing /home/airflow/.local/lib/python3.12/site-packages/airflow/example_dags/example_task_group.py took 0.221 seconds
[2025-04-02T19:06:35.085+0000] {processor.py:186} INFO - Started process (PID=401) to work on /home/airflow/.local/lib/python3.12/site-packages/airflow/example_dags/example_task_group.py
[2025-04-02T19:06:35.102+0000] {processor.py:914} INFO - Processing file /home/airflow/.local/lib/python3.12/site-packages/airflow/example_dags/example_task_group.py for tasks to queue
[2025-04-02T19:06:35.120+0000] {logging_mixin.py:190} INFO - [2025-04-02T19:06:35.119+0000] {dagbag.py:588} INFO - Filling up the DagBag from /home/airflow/.local/lib/python3.12/site-packages/airflow/example_dags/example_task_group.py
[2025-04-02T19:06:35.200+0000] {processor.py:925} INFO - DAG(s) 'example_task_group' retrieved from /home/airflow/.local/lib/python3.12/site-packages/airflow/example_dags/example_task_group.py
[2025-04-02T19:06:35.352+0000] {logging_mixin.py:190} INFO - [2025-04-02T19:06:35.351+0000] {dag.py:3239} INFO - Sync 1 DAGs
[2025-04-02T19:06:35.449+0000] {logging_mixin.py:190} INFO - [2025-04-02T19:06:35.448+0000] {dag.py:4180} INFO - Setting next_dagrun for example_task_group to None, run_after=None
[2025-04-02T19:06:35.584+0000] {processor.py:208} INFO - Processing /home/airflow/.local/lib/python3.12/site-packages/airflow/example_dags/example_task_group.py took 0.533 seconds
[2025-04-02T19:07:15.830+0000] {processor.py:186} INFO - Started process (PID=463) to work on /home/airflow/.local/lib/python3.12/site-packages/airflow/example_dags/example_task_group.py
[2025-04-02T19:07:15.846+0000] {processor.py:914} INFO - Processing file /home/airflow/.local/lib/python3.12/site-packages/airflow/example_dags/example_task_group.py for tasks to queue
[2025-04-02T19:07:15.864+0000] {logging_mixin.py:190} INFO - [2025-04-02T19:07:15.863+0000] {dagbag.py:588} INFO - Filling up the DagBag from /home/airflow/.local/lib/python3.12/site-packages/airflow/example_dags/example_task_group.py
[2025-04-02T19:07:15.950+0000] {processor.py:925} INFO - DAG(s) 'example_task_group' retrieved from /home/airflow/.local/lib/python3.12/site-packages/airflow/example_dags/example_task_group.py
[2025-04-02T19:07:16.159+0000] {logging_mixin.py:190} INFO - [2025-04-02T19:07:16.159+0000] {dag.py:3239} INFO - Sync 1 DAGs
[2025-04-02T19:07:16.230+0000] {logging_mixin.py:190} INFO - [2025-04-02T19:07:16.230+0000] {dag.py:4180} INFO - Setting next_dagrun for example_task_group to None, run_after=None
[2025-04-02T19:07:16.334+0000] {processor.py:208} INFO - Processing /home/airflow/.local/lib/python3.12/site-packages/airflow/example_dags/example_task_group.py took 0.573 seconds
[2025-04-02T19:07:50.671+0000] {processor.py:186} INFO - Started process (PID=526) to work on /home/airflow/.local/lib/python3.12/site-packages/airflow/example_dags/example_task_group.py
[2025-04-02T19:07:50.683+0000] {processor.py:914} INFO - Processing file /home/airflow/.local/lib/python3.12/site-packages/airflow/example_dags/example_task_group.py for tasks to queue
[2025-04-02T19:07:50.703+0000] {logging_mixin.py:190} INFO - [2025-04-02T19:07:50.700+0000] {dagbag.py:588} INFO - Filling up the DagBag from /home/airflow/.local/lib/python3.12/site-packages/airflow/example_dags/example_task_group.py
[2025-04-02T19:07:50.787+0000] {processor.py:925} INFO - DAG(s) 'example_task_group' retrieved from /home/airflow/.local/lib/python3.12/site-packages/airflow/example_dags/example_task_group.py
[2025-04-02T19:07:50.858+0000] {logging_mixin.py:190} INFO - [2025-04-02T19:07:50.857+0000] {dag.py:3239} INFO - Sync 1 DAGs
[2025-04-02T19:07:50.900+0000] {logging_mixin.py:190} INFO - [2025-04-02T19:07:50.899+0000] {dag.py:4180} INFO - Setting next_dagrun for example_task_group to None, run_after=None
[2025-04-02T19:07:50.950+0000] {processor.py:208} INFO - Processing /home/airflow/.local/lib/python3.12/site-packages/airflow/example_dags/example_task_group.py took 0.301 seconds
[2025-04-02T19:08:24.810+0000] {processor.py:186} INFO - Started process (PID=586) to work on /home/airflow/.local/lib/python3.12/site-packages/airflow/example_dags/example_task_group.py
[2025-04-02T19:08:24.899+0000] {processor.py:914} INFO - Processing file /home/airflow/.local/lib/python3.12/site-packages/airflow/example_dags/example_task_group.py for tasks to queue
[2025-04-02T19:08:25.129+0000] {logging_mixin.py:190} INFO - [2025-04-02T19:08:25.115+0000] {dagbag.py:588} INFO - Filling up the DagBag from /home/airflow/.local/lib/python3.12/site-packages/airflow/example_dags/example_task_group.py
[2025-04-02T19:08:25.413+0000] {processor.py:925} INFO - DAG(s) 'example_task_group' retrieved from /home/airflow/.local/lib/python3.12/site-packages/airflow/example_dags/example_task_group.py
[2025-04-02T19:08:25.673+0000] {logging_mixin.py:190} INFO - [2025-04-02T19:08:25.673+0000] {dag.py:3239} INFO - Sync 1 DAGs
[2025-04-02T19:08:25.882+0000] {logging_mixin.py:190} INFO - [2025-04-02T19:08:25.881+0000] {dag.py:4180} INFO - Setting next_dagrun for example_task_group to None, run_after=None
[2025-04-02T19:08:26.058+0000] {processor.py:208} INFO - Processing /home/airflow/.local/lib/python3.12/site-packages/airflow/example_dags/example_task_group.py took 1.288 seconds
[2025-04-02T19:09:07.432+0000] {processor.py:186} INFO - Started process (PID=652) to work on /home/airflow/.local/lib/python3.12/site-packages/airflow/example_dags/example_task_group.py
[2025-04-02T19:09:07.443+0000] {processor.py:914} INFO - Processing file /home/airflow/.local/lib/python3.12/site-packages/airflow/example_dags/example_task_group.py for tasks to queue
[2025-04-02T19:09:07.451+0000] {logging_mixin.py:190} INFO - [2025-04-02T19:09:07.450+0000] {dagbag.py:588} INFO - Filling up the DagBag from /home/airflow/.local/lib/python3.12/site-packages/airflow/example_dags/example_task_group.py
[2025-04-02T19:09:07.522+0000] {processor.py:925} INFO - DAG(s) 'example_task_group' retrieved from /home/airflow/.local/lib/python3.12/site-packages/airflow/example_dags/example_task_group.py
[2025-04-02T19:09:07.680+0000] {logging_mixin.py:190} INFO - [2025-04-02T19:09:07.679+0000] {dag.py:3239} INFO - Sync 1 DAGs
[2025-04-02T19:09:07.782+0000] {logging_mixin.py:190} INFO - [2025-04-02T19:09:07.781+0000] {dag.py:4180} INFO - Setting next_dagrun for example_task_group to None, run_after=None
[2025-04-02T19:09:07.918+0000] {processor.py:208} INFO - Processing /home/airflow/.local/lib/python3.12/site-packages/airflow/example_dags/example_task_group.py took 0.551 seconds
[2025-04-02T19:10:14.166+0000] {processor.py:186} INFO - Started process (PID=695) to work on /home/airflow/.local/lib/python3.12/site-packages/airflow/example_dags/example_task_group.py
[2025-04-02T19:10:14.180+0000] {processor.py:914} INFO - Processing file /home/airflow/.local/lib/python3.12/site-packages/airflow/example_dags/example_task_group.py for tasks to queue
[2025-04-02T19:10:14.215+0000] {logging_mixin.py:190} INFO - [2025-04-02T19:10:14.214+0000] {dagbag.py:588} INFO - Filling up the DagBag from /home/airflow/.local/lib/python3.12/site-packages/airflow/example_dags/example_task_group.py
[2025-04-02T19:10:14.370+0000] {processor.py:925} INFO - DAG(s) 'example_task_group' retrieved from /home/airflow/.local/lib/python3.12/site-packages/airflow/example_dags/example_task_group.py
[2025-04-02T19:10:14.623+0000] {logging_mixin.py:190} INFO - [2025-04-02T19:10:14.623+0000] {dag.py:3239} INFO - Sync 1 DAGs
[2025-04-02T19:10:14.915+0000] {logging_mixin.py:190} INFO - [2025-04-02T19:10:14.904+0000] {dag.py:4180} INFO - Setting next_dagrun for example_task_group to None, run_after=None
[2025-04-02T19:10:15.252+0000] {processor.py:208} INFO - Processing /home/airflow/.local/lib/python3.12/site-packages/airflow/example_dags/example_task_group.py took 1.138 seconds
[2025-04-02T19:10:46.287+0000] {processor.py:186} INFO - Started process (PID=757) to work on /home/airflow/.local/lib/python3.12/site-packages/airflow/example_dags/example_task_group.py
[2025-04-02T19:10:46.290+0000] {processor.py:914} INFO - Processing file /home/airflow/.local/lib/python3.12/site-packages/airflow/example_dags/example_task_group.py for tasks to queue
[2025-04-02T19:10:46.295+0000] {logging_mixin.py:190} INFO - [2025-04-02T19:10:46.294+0000] {dagbag.py:588} INFO - Filling up the DagBag from /home/airflow/.local/lib/python3.12/site-packages/airflow/example_dags/example_task_group.py
[2025-04-02T19:10:46.329+0000] {processor.py:925} INFO - DAG(s) 'example_task_group' retrieved from /home/airflow/.local/lib/python3.12/site-packages/airflow/example_dags/example_task_group.py
[2025-04-02T19:10:46.386+0000] {logging_mixin.py:190} INFO - [2025-04-02T19:10:46.385+0000] {dag.py:3239} INFO - Sync 1 DAGs
[2025-04-02T19:10:46.417+0000] {logging_mixin.py:190} INFO - [2025-04-02T19:10:46.417+0000] {dag.py:4180} INFO - Setting next_dagrun for example_task_group to None, run_after=None
[2025-04-02T19:10:46.463+0000] {processor.py:208} INFO - Processing /home/airflow/.local/lib/python3.12/site-packages/airflow/example_dags/example_task_group.py took 0.193 seconds
[2025-04-02T19:11:19.271+0000] {processor.py:186} INFO - Started process (PID=812) to work on /home/airflow/.local/lib/python3.12/site-packages/airflow/example_dags/example_task_group.py
[2025-04-02T19:11:19.277+0000] {processor.py:914} INFO - Processing file /home/airflow/.local/lib/python3.12/site-packages/airflow/example_dags/example_task_group.py for tasks to queue
[2025-04-02T19:11:19.287+0000] {logging_mixin.py:190} INFO - [2025-04-02T19:11:19.286+0000] {dagbag.py:588} INFO - Filling up the DagBag from /home/airflow/.local/lib/python3.12/site-packages/airflow/example_dags/example_task_group.py
[2025-04-02T19:11:19.320+0000] {processor.py:925} INFO - DAG(s) 'example_task_group' retrieved from /home/airflow/.local/lib/python3.12/site-packages/airflow/example_dags/example_task_group.py
[2025-04-02T19:11:19.407+0000] {logging_mixin.py:190} INFO - [2025-04-02T19:11:19.407+0000] {dag.py:3239} INFO - Sync 1 DAGs
[2025-04-02T19:11:19.511+0000] {logging_mixin.py:190} INFO - [2025-04-02T19:11:19.508+0000] {dag.py:4180} INFO - Setting next_dagrun for example_task_group to None, run_after=None
[2025-04-02T19:11:19.588+0000] {processor.py:208} INFO - Processing /home/airflow/.local/lib/python3.12/site-packages/airflow/example_dags/example_task_group.py took 0.358 seconds
[2025-04-02T19:11:51.624+0000] {processor.py:186} INFO - Started process (PID=874) to work on /home/airflow/.local/lib/python3.12/site-packages/airflow/example_dags/example_task_group.py
[2025-04-02T19:11:51.627+0000] {processor.py:914} INFO - Processing file /home/airflow/.local/lib/python3.12/site-packages/airflow/example_dags/example_task_group.py for tasks to queue
[2025-04-02T19:11:51.652+0000] {logging_mixin.py:190} INFO - [2025-04-02T19:11:51.641+0000] {dagbag.py:588} INFO - Filling up the DagBag from /home/airflow/.local/lib/python3.12/site-packages/airflow/example_dags/example_task_group.py
[2025-04-02T19:11:51.854+0000] {processor.py:925} INFO - DAG(s) 'example_task_group' retrieved from /home/airflow/.local/lib/python3.12/site-packages/airflow/example_dags/example_task_group.py
[2025-04-02T19:11:52.111+0000] {logging_mixin.py:190} INFO - [2025-04-02T19:11:52.110+0000] {dag.py:3239} INFO - Sync 1 DAGs
[2025-04-02T19:11:52.341+0000] {logging_mixin.py:190} INFO - [2025-04-02T19:11:52.341+0000] {dag.py:4180} INFO - Setting next_dagrun for example_task_group to None, run_after=None
[2025-04-02T19:11:52.531+0000] {processor.py:208} INFO - Processing /home/airflow/.local/lib/python3.12/site-packages/airflow/example_dags/example_task_group.py took 0.940 seconds
[2025-04-02T19:12:23.430+0000] {processor.py:186} INFO - Started process (PID=937) to work on /home/airflow/.local/lib/python3.12/site-packages/airflow/example_dags/example_task_group.py
[2025-04-02T19:12:23.433+0000] {processor.py:914} INFO - Processing file /home/airflow/.local/lib/python3.12/site-packages/airflow/example_dags/example_task_group.py for tasks to queue
[2025-04-02T19:12:23.441+0000] {logging_mixin.py:190} INFO - [2025-04-02T19:12:23.439+0000] {dagbag.py:588} INFO - Filling up the DagBag from /home/airflow/.local/lib/python3.12/site-packages/airflow/example_dags/example_task_group.py
[2025-04-02T19:12:23.488+0000] {processor.py:925} INFO - DAG(s) 'example_task_group' retrieved from /home/airflow/.local/lib/python3.12/site-packages/airflow/example_dags/example_task_group.py
[2025-04-02T19:12:23.724+0000] {logging_mixin.py:190} INFO - [2025-04-02T19:12:23.723+0000] {dag.py:3239} INFO - Sync 1 DAGs
[2025-04-02T19:12:23.829+0000] {logging_mixin.py:190} INFO - [2025-04-02T19:12:23.829+0000] {dag.py:4180} INFO - Setting next_dagrun for example_task_group to None, run_after=None
[2025-04-02T19:12:23.891+0000] {processor.py:208} INFO - Processing /home/airflow/.local/lib/python3.12/site-packages/airflow/example_dags/example_task_group.py took 0.484 seconds
[2025-04-02T19:12:58.116+0000] {processor.py:186} INFO - Started process (PID=992) to work on /home/airflow/.local/lib/python3.12/site-packages/airflow/example_dags/example_task_group.py
[2025-04-02T19:12:58.119+0000] {processor.py:914} INFO - Processing file /home/airflow/.local/lib/python3.12/site-packages/airflow/example_dags/example_task_group.py for tasks to queue
[2025-04-02T19:12:58.125+0000] {logging_mixin.py:190} INFO - [2025-04-02T19:12:58.124+0000] {dagbag.py:588} INFO - Filling up the DagBag from /home/airflow/.local/lib/python3.12/site-packages/airflow/example_dags/example_task_group.py
[2025-04-02T19:12:58.151+0000] {processor.py:925} INFO - DAG(s) 'example_task_group' retrieved from /home/airflow/.local/lib/python3.12/site-packages/airflow/example_dags/example_task_group.py
[2025-04-02T19:12:58.249+0000] {logging_mixin.py:190} INFO - [2025-04-02T19:12:58.248+0000] {dag.py:3239} INFO - Sync 1 DAGs
[2025-04-02T19:12:58.318+0000] {logging_mixin.py:190} INFO - [2025-04-02T19:12:58.318+0000] {dag.py:4180} INFO - Setting next_dagrun for example_task_group to None, run_after=None
[2025-04-02T19:12:58.376+0000] {processor.py:208} INFO - Processing /home/airflow/.local/lib/python3.12/site-packages/airflow/example_dags/example_task_group.py took 0.275 seconds
[2025-04-02T19:13:39.660+0000] {processor.py:186} INFO - Started process (PID=1043) to work on /home/airflow/.local/lib/python3.12/site-packages/airflow/example_dags/example_task_group.py
[2025-04-02T19:13:39.665+0000] {processor.py:914} INFO - Processing file /home/airflow/.local/lib/python3.12/site-packages/airflow/example_dags/example_task_group.py for tasks to queue
[2025-04-02T19:13:39.693+0000] {logging_mixin.py:190} INFO - [2025-04-02T19:13:39.692+0000] {dagbag.py:588} INFO - Filling up the DagBag from /home/airflow/.local/lib/python3.12/site-packages/airflow/example_dags/example_task_group.py
[2025-04-02T19:13:39.767+0000] {processor.py:925} INFO - DAG(s) 'example_task_group' retrieved from /home/airflow/.local/lib/python3.12/site-packages/airflow/example_dags/example_task_group.py
[2025-04-02T19:13:39.850+0000] {logging_mixin.py:190} INFO - [2025-04-02T19:13:39.850+0000] {dag.py:3239} INFO - Sync 1 DAGs
[2025-04-02T19:13:39.929+0000] {logging_mixin.py:190} INFO - [2025-04-02T19:13:39.928+0000] {dag.py:4180} INFO - Setting next_dagrun for example_task_group to None, run_after=None
[2025-04-02T19:13:40.009+0000] {processor.py:208} INFO - Processing /home/airflow/.local/lib/python3.12/site-packages/airflow/example_dags/example_task_group.py took 0.416 seconds
[2025-04-02T19:14:13.434+0000] {processor.py:186} INFO - Started process (PID=1105) to work on /home/airflow/.local/lib/python3.12/site-packages/airflow/example_dags/example_task_group.py
[2025-04-02T19:14:13.450+0000] {processor.py:914} INFO - Processing file /home/airflow/.local/lib/python3.12/site-packages/airflow/example_dags/example_task_group.py for tasks to queue
[2025-04-02T19:14:13.482+0000] {logging_mixin.py:190} INFO - [2025-04-02T19:14:13.478+0000] {dagbag.py:588} INFO - Filling up the DagBag from /home/airflow/.local/lib/python3.12/site-packages/airflow/example_dags/example_task_group.py
[2025-04-02T19:14:13.567+0000] {processor.py:925} INFO - DAG(s) 'example_task_group' retrieved from /home/airflow/.local/lib/python3.12/site-packages/airflow/example_dags/example_task_group.py
[2025-04-02T19:14:13.678+0000] {logging_mixin.py:190} INFO - [2025-04-02T19:14:13.678+0000] {dag.py:3239} INFO - Sync 1 DAGs
[2025-04-02T19:14:13.826+0000] {logging_mixin.py:190} INFO - [2025-04-02T19:14:13.826+0000] {dag.py:4180} INFO - Setting next_dagrun for example_task_group to None, run_after=None
[2025-04-02T19:14:15.320+0000] {processor.py:208} INFO - Processing /home/airflow/.local/lib/python3.12/site-packages/airflow/example_dags/example_task_group.py took 1.920 seconds
[2025-04-02T19:14:57.297+0000] {processor.py:186} INFO - Started process (PID=1158) to work on /home/airflow/.local/lib/python3.12/site-packages/airflow/example_dags/example_task_group.py
[2025-04-02T19:14:57.300+0000] {processor.py:914} INFO - Processing file /home/airflow/.local/lib/python3.12/site-packages/airflow/example_dags/example_task_group.py for tasks to queue
[2025-04-02T19:14:57.329+0000] {logging_mixin.py:190} INFO - [2025-04-02T19:14:57.327+0000] {dagbag.py:588} INFO - Filling up the DagBag from /home/airflow/.local/lib/python3.12/site-packages/airflow/example_dags/example_task_group.py
[2025-04-02T19:14:57.398+0000] {processor.py:925} INFO - DAG(s) 'example_task_group' retrieved from /home/airflow/.local/lib/python3.12/site-packages/airflow/example_dags/example_task_group.py
[2025-04-02T19:14:57.695+0000] {logging_mixin.py:190} INFO - [2025-04-02T19:14:57.658+0000] {dag.py:3239} INFO - Sync 1 DAGs
[2025-04-02T19:14:57.942+0000] {logging_mixin.py:190} INFO - [2025-04-02T19:14:57.941+0000] {dag.py:4180} INFO - Setting next_dagrun for example_task_group to None, run_after=None
[2025-04-02T19:14:58.427+0000] {processor.py:208} INFO - Processing /home/airflow/.local/lib/python3.12/site-packages/airflow/example_dags/example_task_group.py took 1.181 seconds
[2025-04-02T19:15:41.174+0000] {processor.py:186} INFO - Started process (PID=1215) to work on /home/airflow/.local/lib/python3.12/site-packages/airflow/example_dags/example_task_group.py
[2025-04-02T19:15:41.188+0000] {processor.py:914} INFO - Processing file /home/airflow/.local/lib/python3.12/site-packages/airflow/example_dags/example_task_group.py for tasks to queue
[2025-04-02T19:15:41.197+0000] {logging_mixin.py:190} INFO - [2025-04-02T19:15:41.195+0000] {dagbag.py:588} INFO - Filling up the DagBag from /home/airflow/.local/lib/python3.12/site-packages/airflow/example_dags/example_task_group.py
[2025-04-02T19:15:41.273+0000] {processor.py:925} INFO - DAG(s) 'example_task_group' retrieved from /home/airflow/.local/lib/python3.12/site-packages/airflow/example_dags/example_task_group.py
[2025-04-02T19:15:41.397+0000] {logging_mixin.py:190} INFO - [2025-04-02T19:15:41.396+0000] {dag.py:3239} INFO - Sync 1 DAGs
[2025-04-02T19:15:41.488+0000] {logging_mixin.py:190} INFO - [2025-04-02T19:15:41.487+0000] {dag.py:4180} INFO - Setting next_dagrun for example_task_group to None, run_after=None
[2025-04-02T19:15:41.571+0000] {processor.py:208} INFO - Processing /home/airflow/.local/lib/python3.12/site-packages/airflow/example_dags/example_task_group.py took 0.448 seconds
[2025-04-02T19:16:15.928+0000] {processor.py:186} INFO - Started process (PID=1275) to work on /home/airflow/.local/lib/python3.12/site-packages/airflow/example_dags/example_task_group.py
[2025-04-02T19:16:15.934+0000] {processor.py:914} INFO - Processing file /home/airflow/.local/lib/python3.12/site-packages/airflow/example_dags/example_task_group.py for tasks to queue
[2025-04-02T19:16:15.941+0000] {logging_mixin.py:190} INFO - [2025-04-02T19:16:15.940+0000] {dagbag.py:588} INFO - Filling up the DagBag from /home/airflow/.local/lib/python3.12/site-packages/airflow/example_dags/example_task_group.py
[2025-04-02T19:16:16.011+0000] {processor.py:925} INFO - DAG(s) 'example_task_group' retrieved from /home/airflow/.local/lib/python3.12/site-packages/airflow/example_dags/example_task_group.py
[2025-04-02T19:16:16.090+0000] {logging_mixin.py:190} INFO - [2025-04-02T19:16:16.089+0000] {dag.py:3239} INFO - Sync 1 DAGs
[2025-04-02T19:16:16.188+0000] {logging_mixin.py:190} INFO - [2025-04-02T19:16:16.188+0000] {dag.py:4180} INFO - Setting next_dagrun for example_task_group to None, run_after=None
[2025-04-02T19:16:16.262+0000] {processor.py:208} INFO - Processing /home/airflow/.local/lib/python3.12/site-packages/airflow/example_dags/example_task_group.py took 0.371 seconds
[2025-04-02T19:16:56.788+0000] {processor.py:186} INFO - Started process (PID=1334) to work on /home/airflow/.local/lib/python3.12/site-packages/airflow/example_dags/example_task_group.py
[2025-04-02T19:16:56.793+0000] {processor.py:914} INFO - Processing file /home/airflow/.local/lib/python3.12/site-packages/airflow/example_dags/example_task_group.py for tasks to queue
[2025-04-02T19:16:56.807+0000] {logging_mixin.py:190} INFO - [2025-04-02T19:16:56.807+0000] {dagbag.py:588} INFO - Filling up the DagBag from /home/airflow/.local/lib/python3.12/site-packages/airflow/example_dags/example_task_group.py
[2025-04-02T19:16:56.866+0000] {processor.py:925} INFO - DAG(s) 'example_task_group' retrieved from /home/airflow/.local/lib/python3.12/site-packages/airflow/example_dags/example_task_group.py
[2025-04-02T19:16:57.031+0000] {logging_mixin.py:190} INFO - [2025-04-02T19:16:57.019+0000] {dag.py:3239} INFO - Sync 1 DAGs
[2025-04-02T19:16:57.205+0000] {logging_mixin.py:190} INFO - [2025-04-02T19:16:57.204+0000] {dag.py:4180} INFO - Setting next_dagrun for example_task_group to None, run_after=None
[2025-04-02T19:16:57.555+0000] {processor.py:208} INFO - Processing /home/airflow/.local/lib/python3.12/site-packages/airflow/example_dags/example_task_group.py took 0.808 seconds
[2025-04-02T19:17:31.173+0000] {processor.py:186} INFO - Started process (PID=1398) to work on /home/airflow/.local/lib/python3.12/site-packages/airflow/example_dags/example_task_group.py
[2025-04-02T19:17:31.176+0000] {processor.py:914} INFO - Processing file /home/airflow/.local/lib/python3.12/site-packages/airflow/example_dags/example_task_group.py for tasks to queue
[2025-04-02T19:17:31.181+0000] {logging_mixin.py:190} INFO - [2025-04-02T19:17:31.180+0000] {dagbag.py:588} INFO - Filling up the DagBag from /home/airflow/.local/lib/python3.12/site-packages/airflow/example_dags/example_task_group.py
[2025-04-02T19:17:31.231+0000] {processor.py:925} INFO - DAG(s) 'example_task_group' retrieved from /home/airflow/.local/lib/python3.12/site-packages/airflow/example_dags/example_task_group.py
[2025-04-02T19:17:31.362+0000] {logging_mixin.py:190} INFO - [2025-04-02T19:17:31.361+0000] {dag.py:3239} INFO - Sync 1 DAGs
[2025-04-02T19:17:31.423+0000] {logging_mixin.py:190} INFO - [2025-04-02T19:17:31.422+0000] {dag.py:4180} INFO - Setting next_dagrun for example_task_group to None, run_after=None
[2025-04-02T19:17:31.491+0000] {processor.py:208} INFO - Processing /home/airflow/.local/lib/python3.12/site-packages/airflow/example_dags/example_task_group.py took 0.343 seconds
[2025-04-02T19:18:02.697+0000] {processor.py:186} INFO - Started process (PID=1461) to work on /home/airflow/.local/lib/python3.12/site-packages/airflow/example_dags/example_task_group.py
[2025-04-02T19:18:02.702+0000] {processor.py:914} INFO - Processing file /home/airflow/.local/lib/python3.12/site-packages/airflow/example_dags/example_task_group.py for tasks to queue
[2025-04-02T19:18:02.714+0000] {logging_mixin.py:190} INFO - [2025-04-02T19:18:02.712+0000] {dagbag.py:588} INFO - Filling up the DagBag from /home/airflow/.local/lib/python3.12/site-packages/airflow/example_dags/example_task_group.py
[2025-04-02T19:18:02.772+0000] {processor.py:925} INFO - DAG(s) 'example_task_group' retrieved from /home/airflow/.local/lib/python3.12/site-packages/airflow/example_dags/example_task_group.py
[2025-04-02T19:18:02.845+0000] {logging_mixin.py:190} INFO - [2025-04-02T19:18:02.843+0000] {dag.py:3239} INFO - Sync 1 DAGs
[2025-04-02T19:18:02.945+0000] {logging_mixin.py:190} INFO - [2025-04-02T19:18:02.944+0000] {dag.py:4180} INFO - Setting next_dagrun for example_task_group to None, run_after=None
[2025-04-02T19:18:03.071+0000] {processor.py:208} INFO - Processing /home/airflow/.local/lib/python3.12/site-packages/airflow/example_dags/example_task_group.py took 0.400 seconds
[2025-04-02T19:18:33.214+0000] {processor.py:186} INFO - Started process (PID=1523) to work on /home/airflow/.local/lib/python3.12/site-packages/airflow/example_dags/example_task_group.py
[2025-04-02T19:18:33.220+0000] {processor.py:914} INFO - Processing file /home/airflow/.local/lib/python3.12/site-packages/airflow/example_dags/example_task_group.py for tasks to queue
[2025-04-02T19:18:33.225+0000] {logging_mixin.py:190} INFO - [2025-04-02T19:18:33.224+0000] {dagbag.py:588} INFO - Filling up the DagBag from /home/airflow/.local/lib/python3.12/site-packages/airflow/example_dags/example_task_group.py
[2025-04-02T19:18:33.270+0000] {processor.py:925} INFO - DAG(s) 'example_task_group' retrieved from /home/airflow/.local/lib/python3.12/site-packages/airflow/example_dags/example_task_group.py
[2025-04-02T19:18:33.355+0000] {logging_mixin.py:190} INFO - [2025-04-02T19:18:33.355+0000] {dag.py:3239} INFO - Sync 1 DAGs
[2025-04-02T19:18:33.396+0000] {logging_mixin.py:190} INFO - [2025-04-02T19:18:33.396+0000] {dag.py:4180} INFO - Setting next_dagrun for example_task_group to None, run_after=None
[2025-04-02T19:18:33.495+0000] {processor.py:208} INFO - Processing /home/airflow/.local/lib/python3.12/site-packages/airflow/example_dags/example_task_group.py took 0.301 seconds
[2025-04-02T19:19:08.025+0000] {processor.py:186} INFO - Started process (PID=1582) to work on /home/airflow/.local/lib/python3.12/site-packages/airflow/example_dags/example_task_group.py
[2025-04-02T19:19:08.028+0000] {processor.py:914} INFO - Processing file /home/airflow/.local/lib/python3.12/site-packages/airflow/example_dags/example_task_group.py for tasks to queue
[2025-04-02T19:19:08.034+0000] {logging_mixin.py:190} INFO - [2025-04-02T19:19:08.033+0000] {dagbag.py:588} INFO - Filling up the DagBag from /home/airflow/.local/lib/python3.12/site-packages/airflow/example_dags/example_task_group.py
[2025-04-02T19:19:08.070+0000] {processor.py:925} INFO - DAG(s) 'example_task_group' retrieved from /home/airflow/.local/lib/python3.12/site-packages/airflow/example_dags/example_task_group.py
[2025-04-02T19:19:08.191+0000] {logging_mixin.py:190} INFO - [2025-04-02T19:19:08.190+0000] {dag.py:3239} INFO - Sync 1 DAGs
[2025-04-02T19:19:08.273+0000] {logging_mixin.py:190} INFO - [2025-04-02T19:19:08.272+0000] {dag.py:4180} INFO - Setting next_dagrun for example_task_group to None, run_after=None
[2025-04-02T19:19:08.459+0000] {processor.py:208} INFO - Processing /home/airflow/.local/lib/python3.12/site-packages/airflow/example_dags/example_task_group.py took 0.456 seconds
[2025-04-02T19:19:47.303+0000] {processor.py:186} INFO - Started process (PID=1641) to work on /home/airflow/.local/lib/python3.12/site-packages/airflow/example_dags/example_task_group.py
[2025-04-02T19:19:47.308+0000] {processor.py:914} INFO - Processing file /home/airflow/.local/lib/python3.12/site-packages/airflow/example_dags/example_task_group.py for tasks to queue
[2025-04-02T19:19:47.342+0000] {logging_mixin.py:190} INFO - [2025-04-02T19:19:47.341+0000] {dagbag.py:588} INFO - Filling up the DagBag from /home/airflow/.local/lib/python3.12/site-packages/airflow/example_dags/example_task_group.py
[2025-04-02T19:19:47.429+0000] {processor.py:925} INFO - DAG(s) 'example_task_group' retrieved from /home/airflow/.local/lib/python3.12/site-packages/airflow/example_dags/example_task_group.py
[2025-04-02T19:19:47.634+0000] {logging_mixin.py:190} INFO - [2025-04-02T19:19:47.624+0000] {dag.py:3239} INFO - Sync 1 DAGs
[2025-04-02T19:19:47.744+0000] {logging_mixin.py:190} INFO - [2025-04-02T19:19:47.743+0000] {dag.py:4180} INFO - Setting next_dagrun for example_task_group to None, run_after=None
[2025-04-02T19:19:47.900+0000] {processor.py:208} INFO - Processing /home/airflow/.local/lib/python3.12/site-packages/airflow/example_dags/example_task_group.py took 0.610 seconds
[2025-04-02T19:20:28.635+0000] {processor.py:186} INFO - Started process (PID=1697) to work on /home/airflow/.local/lib/python3.12/site-packages/airflow/example_dags/example_task_group.py
[2025-04-02T19:20:28.648+0000] {processor.py:914} INFO - Processing file /home/airflow/.local/lib/python3.12/site-packages/airflow/example_dags/example_task_group.py for tasks to queue
[2025-04-02T19:20:28.655+0000] {logging_mixin.py:190} INFO - [2025-04-02T19:20:28.654+0000] {dagbag.py:588} INFO - Filling up the DagBag from /home/airflow/.local/lib/python3.12/site-packages/airflow/example_dags/example_task_group.py
[2025-04-02T19:20:28.696+0000] {processor.py:925} INFO - DAG(s) 'example_task_group' retrieved from /home/airflow/.local/lib/python3.12/site-packages/airflow/example_dags/example_task_group.py
[2025-04-02T19:20:28.815+0000] {logging_mixin.py:190} INFO - [2025-04-02T19:20:28.814+0000] {dag.py:3239} INFO - Sync 1 DAGs
[2025-04-02T19:20:28.921+0000] {logging_mixin.py:190} INFO - [2025-04-02T19:20:28.912+0000] {dag.py:4180} INFO - Setting next_dagrun for example_task_group to None, run_after=None
[2025-04-02T19:20:28.985+0000] {processor.py:208} INFO - Processing /home/airflow/.local/lib/python3.12/site-packages/airflow/example_dags/example_task_group.py took 0.381 seconds
[2025-04-02T19:21:01.040+0000] {processor.py:186} INFO - Started process (PID=1753) to work on /home/airflow/.local/lib/python3.12/site-packages/airflow/example_dags/example_task_group.py
[2025-04-02T19:21:01.043+0000] {processor.py:914} INFO - Processing file /home/airflow/.local/lib/python3.12/site-packages/airflow/example_dags/example_task_group.py for tasks to queue
[2025-04-02T19:21:01.051+0000] {logging_mixin.py:190} INFO - [2025-04-02T19:21:01.050+0000] {dagbag.py:588} INFO - Filling up the DagBag from /home/airflow/.local/lib/python3.12/site-packages/airflow/example_dags/example_task_group.py
[2025-04-02T19:21:01.081+0000] {processor.py:925} INFO - DAG(s) 'example_task_group' retrieved from /home/airflow/.local/lib/python3.12/site-packages/airflow/example_dags/example_task_group.py
[2025-04-02T19:21:01.151+0000] {logging_mixin.py:190} INFO - [2025-04-02T19:21:01.151+0000] {dag.py:3239} INFO - Sync 1 DAGs
[2025-04-02T19:21:01.220+0000] {logging_mixin.py:190} INFO - [2025-04-02T19:21:01.220+0000] {dag.py:4180} INFO - Setting next_dagrun for example_task_group to None, run_after=None
[2025-04-02T19:21:01.275+0000] {processor.py:208} INFO - Processing /home/airflow/.local/lib/python3.12/site-packages/airflow/example_dags/example_task_group.py took 0.247 seconds
[2025-04-02T19:21:36.096+0000] {processor.py:186} INFO - Started process (PID=1813) to work on /home/airflow/.local/lib/python3.12/site-packages/airflow/example_dags/example_task_group.py
[2025-04-02T19:21:36.110+0000] {processor.py:914} INFO - Processing file /home/airflow/.local/lib/python3.12/site-packages/airflow/example_dags/example_task_group.py for tasks to queue
[2025-04-02T19:21:36.134+0000] {logging_mixin.py:190} INFO - [2025-04-02T19:21:36.132+0000] {dagbag.py:588} INFO - Filling up the DagBag from /home/airflow/.local/lib/python3.12/site-packages/airflow/example_dags/example_task_group.py
[2025-04-02T19:21:36.173+0000] {processor.py:925} INFO - DAG(s) 'example_task_group' retrieved from /home/airflow/.local/lib/python3.12/site-packages/airflow/example_dags/example_task_group.py
[2025-04-02T19:21:36.304+0000] {logging_mixin.py:190} INFO - [2025-04-02T19:21:36.304+0000] {dag.py:3239} INFO - Sync 1 DAGs
[2025-04-02T19:21:36.354+0000] {logging_mixin.py:190} INFO - [2025-04-02T19:21:36.353+0000] {dag.py:4180} INFO - Setting next_dagrun for example_task_group to None, run_after=None
[2025-04-02T19:21:36.414+0000] {processor.py:208} INFO - Processing /home/airflow/.local/lib/python3.12/site-packages/airflow/example_dags/example_task_group.py took 0.349 seconds
[2025-04-02T19:22:10.340+0000] {processor.py:186} INFO - Started process (PID=1873) to work on /home/airflow/.local/lib/python3.12/site-packages/airflow/example_dags/example_task_group.py
[2025-04-02T19:22:10.343+0000] {processor.py:914} INFO - Processing file /home/airflow/.local/lib/python3.12/site-packages/airflow/example_dags/example_task_group.py for tasks to queue
[2025-04-02T19:22:10.356+0000] {logging_mixin.py:190} INFO - [2025-04-02T19:22:10.355+0000] {dagbag.py:588} INFO - Filling up the DagBag from /home/airflow/.local/lib/python3.12/site-packages/airflow/example_dags/example_task_group.py
[2025-04-02T19:22:10.401+0000] {processor.py:925} INFO - DAG(s) 'example_task_group' retrieved from /home/airflow/.local/lib/python3.12/site-packages/airflow/example_dags/example_task_group.py
[2025-04-02T19:22:10.557+0000] {logging_mixin.py:190} INFO - [2025-04-02T19:22:10.556+0000] {dag.py:3239} INFO - Sync 1 DAGs
[2025-04-02T19:22:10.730+0000] {logging_mixin.py:190} INFO - [2025-04-02T19:22:10.730+0000] {dag.py:4180} INFO - Setting next_dagrun for example_task_group to None, run_after=None
[2025-04-02T19:22:11.126+0000] {processor.py:208} INFO - Processing /home/airflow/.local/lib/python3.12/site-packages/airflow/example_dags/example_task_group.py took 0.831 seconds
[2025-04-02T19:22:58.044+0000] {processor.py:186} INFO - Started process (PID=1938) to work on /home/airflow/.local/lib/python3.12/site-packages/airflow/example_dags/example_task_group.py
[2025-04-02T19:22:58.060+0000] {processor.py:914} INFO - Processing file /home/airflow/.local/lib/python3.12/site-packages/airflow/example_dags/example_task_group.py for tasks to queue
[2025-04-02T19:22:58.084+0000] {logging_mixin.py:190} INFO - [2025-04-02T19:22:58.083+0000] {dagbag.py:588} INFO - Filling up the DagBag from /home/airflow/.local/lib/python3.12/site-packages/airflow/example_dags/example_task_group.py
[2025-04-02T19:22:58.196+0000] {processor.py:925} INFO - DAG(s) 'example_task_group' retrieved from /home/airflow/.local/lib/python3.12/site-packages/airflow/example_dags/example_task_group.py
[2025-04-02T19:22:58.371+0000] {logging_mixin.py:190} INFO - [2025-04-02T19:22:58.370+0000] {dag.py:3239} INFO - Sync 1 DAGs
[2025-04-02T19:22:58.500+0000] {logging_mixin.py:190} INFO - [2025-04-02T19:22:58.500+0000] {dag.py:4180} INFO - Setting next_dagrun for example_task_group to None, run_after=None
[2025-04-02T19:22:58.661+0000] {processor.py:208} INFO - Processing /home/airflow/.local/lib/python3.12/site-packages/airflow/example_dags/example_task_group.py took 0.653 seconds
[2025-04-02T19:23:29.199+0000] {processor.py:186} INFO - Started process (PID=2001) to work on /home/airflow/.local/lib/python3.12/site-packages/airflow/example_dags/example_task_group.py
[2025-04-02T19:23:29.202+0000] {processor.py:914} INFO - Processing file /home/airflow/.local/lib/python3.12/site-packages/airflow/example_dags/example_task_group.py for tasks to queue
[2025-04-02T19:23:29.211+0000] {logging_mixin.py:190} INFO - [2025-04-02T19:23:29.211+0000] {dagbag.py:588} INFO - Filling up the DagBag from /home/airflow/.local/lib/python3.12/site-packages/airflow/example_dags/example_task_group.py
[2025-04-02T19:23:29.242+0000] {processor.py:925} INFO - DAG(s) 'example_task_group' retrieved from /home/airflow/.local/lib/python3.12/site-packages/airflow/example_dags/example_task_group.py
[2025-04-02T19:23:29.295+0000] {logging_mixin.py:190} INFO - [2025-04-02T19:23:29.295+0000] {dag.py:3239} INFO - Sync 1 DAGs
[2025-04-02T19:23:29.356+0000] {logging_mixin.py:190} INFO - [2025-04-02T19:23:29.356+0000] {dag.py:4180} INFO - Setting next_dagrun for example_task_group to None, run_after=None
[2025-04-02T19:23:29.410+0000] {processor.py:208} INFO - Processing /home/airflow/.local/lib/python3.12/site-packages/airflow/example_dags/example_task_group.py took 0.232 seconds
[2025-04-02T19:24:02.464+0000] {processor.py:186} INFO - Started process (PID=2052) to work on /home/airflow/.local/lib/python3.12/site-packages/airflow/example_dags/example_task_group.py
[2025-04-02T19:24:02.467+0000] {processor.py:914} INFO - Processing file /home/airflow/.local/lib/python3.12/site-packages/airflow/example_dags/example_task_group.py for tasks to queue
[2025-04-02T19:24:02.474+0000] {logging_mixin.py:190} INFO - [2025-04-02T19:24:02.473+0000] {dagbag.py:588} INFO - Filling up the DagBag from /home/airflow/.local/lib/python3.12/site-packages/airflow/example_dags/example_task_group.py
[2025-04-02T19:24:02.530+0000] {processor.py:925} INFO - DAG(s) 'example_task_group' retrieved from /home/airflow/.local/lib/python3.12/site-packages/airflow/example_dags/example_task_group.py
[2025-04-02T19:24:02.754+0000] {logging_mixin.py:190} INFO - [2025-04-02T19:24:02.754+0000] {dag.py:3239} INFO - Sync 1 DAGs
[2025-04-02T19:24:03.022+0000] {logging_mixin.py:190} INFO - [2025-04-02T19:24:03.021+0000] {dag.py:4180} INFO - Setting next_dagrun for example_task_group to None, run_after=None
[2025-04-02T19:24:03.468+0000] {processor.py:208} INFO - Processing /home/airflow/.local/lib/python3.12/site-packages/airflow/example_dags/example_task_group.py took 1.044 seconds
