[2025-04-02T19:04:12.558+0000] {processor.py:186} INFO - Started process (PID=147) to work on /home/airflow/.local/lib/python3.12/site-packages/airflow/example_dags/example_xcomargs.py
[2025-04-02T19:04:12.567+0000] {processor.py:914} INFO - Processing file /home/airflow/.local/lib/python3.12/site-packages/airflow/example_dags/example_xcomargs.py for tasks to queue
[2025-04-02T19:04:12.576+0000] {logging_mixin.py:190} INFO - [2025-04-02T19:04:12.575+0000] {dagbag.py:588} INFO - Filling up the DagBag from /home/airflow/.local/lib/python3.12/site-packages/airflow/example_dags/example_xcomargs.py
[2025-04-02T19:04:12.660+0000] {processor.py:925} INFO - DAG(s) 'example_xcom_args_with_operators', 'example_xcom_args' retrieved from /home/airflow/.local/lib/python3.12/site-packages/airflow/example_dags/example_xcomargs.py
[2025-04-02T19:04:13.504+0000] {logging_mixin.py:190} INFO - [2025-04-02T19:04:13.503+0000] {override.py:1912} INFO - Created Permission View: can delete on DAG:example_xcom_args_with_operators
[2025-04-02T19:04:13.604+0000] {logging_mixin.py:190} INFO - [2025-04-02T19:04:13.598+0000] {override.py:1912} INFO - Created Permission View: can edit on DAG:example_xcom_args_with_operators
[2025-04-02T19:04:13.705+0000] {logging_mixin.py:190} INFO - [2025-04-02T19:04:13.704+0000] {override.py:1912} INFO - Created Permission View: can read on DAG:example_xcom_args_with_operators
[2025-04-02T19:04:13.813+0000] {logging_mixin.py:190} INFO - [2025-04-02T19:04:13.812+0000] {override.py:1912} INFO - Created Permission View: can delete on DAG Run:example_xcom_args_with_operators
[2025-04-02T19:04:13.851+0000] {logging_mixin.py:190} INFO - [2025-04-02T19:04:13.850+0000] {override.py:1912} INFO - Created Permission View: can read on DAG Run:example_xcom_args_with_operators
[2025-04-02T19:04:13.967+0000] {logging_mixin.py:190} INFO - [2025-04-02T19:04:13.966+0000] {override.py:1912} INFO - Created Permission View: can create on DAG Run:example_xcom_args_with_operators
[2025-04-02T19:04:14.042+0000] {logging_mixin.py:190} INFO - [2025-04-02T19:04:14.042+0000] {override.py:1912} INFO - Created Permission View: menu access on DAG Run:example_xcom_args_with_operators
[2025-04-02T19:04:14.112+0000] {logging_mixin.py:190} INFO - [2025-04-02T19:04:14.112+0000] {override.py:1912} INFO - Created Permission View: can delete on DAG:example_xcom_args
[2025-04-02T19:04:14.181+0000] {logging_mixin.py:190} INFO - [2025-04-02T19:04:14.180+0000] {override.py:1912} INFO - Created Permission View: can edit on DAG:example_xcom_args
[2025-04-02T19:04:14.274+0000] {logging_mixin.py:190} INFO - [2025-04-02T19:04:14.274+0000] {override.py:1912} INFO - Created Permission View: can read on DAG:example_xcom_args
[2025-04-02T19:04:14.398+0000] {logging_mixin.py:190} INFO - [2025-04-02T19:04:14.398+0000] {override.py:1912} INFO - Created Permission View: can delete on DAG Run:example_xcom_args
[2025-04-02T19:04:14.485+0000] {logging_mixin.py:190} INFO - [2025-04-02T19:04:14.484+0000] {override.py:1912} INFO - Created Permission View: can read on DAG Run:example_xcom_args
[2025-04-02T19:04:14.571+0000] {logging_mixin.py:190} INFO - [2025-04-02T19:04:14.570+0000] {override.py:1912} INFO - Created Permission View: can create on DAG Run:example_xcom_args
[2025-04-02T19:04:14.664+0000] {logging_mixin.py:190} INFO - [2025-04-02T19:04:14.663+0000] {override.py:1912} INFO - Created Permission View: menu access on DAG Run:example_xcom_args
[2025-04-02T19:04:14.680+0000] {logging_mixin.py:190} INFO - [2025-04-02T19:04:14.679+0000] {dag.py:3239} INFO - Sync 2 DAGs
[2025-04-02T19:04:14.813+0000] {logging_mixin.py:190} INFO - [2025-04-02T19:04:14.813+0000] {dag.py:3262} INFO - Creating ORM DAG for example_xcom_args
[2025-04-02T19:04:14.827+0000] {logging_mixin.py:190} INFO - [2025-04-02T19:04:14.826+0000] {dag.py:3262} INFO - Creating ORM DAG for example_xcom_args_with_operators
[2025-04-02T19:04:14.851+0000] {logging_mixin.py:190} INFO - [2025-04-02T19:04:14.851+0000] {dag.py:4180} INFO - Setting next_dagrun for example_xcom_args to None, run_after=None
[2025-04-02T19:04:14.864+0000] {logging_mixin.py:190} INFO - [2025-04-02T19:04:14.863+0000] {dag.py:4180} INFO - Setting next_dagrun for example_xcom_args_with_operators to None, run_after=None
[2025-04-02T19:04:15.036+0000] {processor.py:208} INFO - Processing /home/airflow/.local/lib/python3.12/site-packages/airflow/example_dags/example_xcomargs.py took 2.502 seconds
[2025-04-02T19:04:46.810+0000] {processor.py:186} INFO - Started process (PID=210) to work on /home/airflow/.local/lib/python3.12/site-packages/airflow/example_dags/example_xcomargs.py
[2025-04-02T19:04:46.812+0000] {processor.py:914} INFO - Processing file /home/airflow/.local/lib/python3.12/site-packages/airflow/example_dags/example_xcomargs.py for tasks to queue
[2025-04-02T19:04:46.817+0000] {logging_mixin.py:190} INFO - [2025-04-02T19:04:46.817+0000] {dagbag.py:588} INFO - Filling up the DagBag from /home/airflow/.local/lib/python3.12/site-packages/airflow/example_dags/example_xcomargs.py
[2025-04-02T19:04:46.844+0000] {processor.py:925} INFO - DAG(s) 'example_xcom_args', 'example_xcom_args_with_operators' retrieved from /home/airflow/.local/lib/python3.12/site-packages/airflow/example_dags/example_xcomargs.py
[2025-04-02T19:04:46.963+0000] {logging_mixin.py:190} INFO - [2025-04-02T19:04:46.961+0000] {dag.py:3239} INFO - Sync 2 DAGs
[2025-04-02T19:04:47.011+0000] {logging_mixin.py:190} INFO - [2025-04-02T19:04:47.011+0000] {dag.py:4180} INFO - Setting next_dagrun for example_xcom_args to None, run_after=None
[2025-04-02T19:04:47.021+0000] {logging_mixin.py:190} INFO - [2025-04-02T19:04:47.021+0000] {dag.py:4180} INFO - Setting next_dagrun for example_xcom_args_with_operators to None, run_after=None
[2025-04-02T19:04:47.058+0000] {processor.py:208} INFO - Processing /home/airflow/.local/lib/python3.12/site-packages/airflow/example_dags/example_xcomargs.py took 0.262 seconds
[2025-04-02T19:05:30.927+0000] {processor.py:186} INFO - Started process (PID=285) to work on /home/airflow/.local/lib/python3.12/site-packages/airflow/example_dags/example_xcomargs.py
[2025-04-02T19:05:30.929+0000] {processor.py:914} INFO - Processing file /home/airflow/.local/lib/python3.12/site-packages/airflow/example_dags/example_xcomargs.py for tasks to queue
[2025-04-02T19:05:30.943+0000] {logging_mixin.py:190} INFO - [2025-04-02T19:05:30.942+0000] {dagbag.py:588} INFO - Filling up the DagBag from /home/airflow/.local/lib/python3.12/site-packages/airflow/example_dags/example_xcomargs.py
[2025-04-02T19:05:30.988+0000] {processor.py:925} INFO - DAG(s) 'example_xcom_args_with_operators', 'example_xcom_args' retrieved from /home/airflow/.local/lib/python3.12/site-packages/airflow/example_dags/example_xcomargs.py
[2025-04-02T19:05:31.096+0000] {logging_mixin.py:190} INFO - [2025-04-02T19:05:31.095+0000] {dag.py:3239} INFO - Sync 2 DAGs
[2025-04-02T19:05:31.217+0000] {logging_mixin.py:190} INFO - [2025-04-02T19:05:31.216+0000] {dag.py:4180} INFO - Setting next_dagrun for example_xcom_args to None, run_after=None
[2025-04-02T19:05:31.246+0000] {logging_mixin.py:190} INFO - [2025-04-02T19:05:31.245+0000] {dag.py:4180} INFO - Setting next_dagrun for example_xcom_args_with_operators to None, run_after=None
[2025-04-02T19:05:31.309+0000] {processor.py:208} INFO - Processing /home/airflow/.local/lib/python3.12/site-packages/airflow/example_dags/example_xcomargs.py took 0.426 seconds
[2025-04-02T19:06:01.468+0000] {processor.py:186} INFO - Started process (PID=349) to work on /home/airflow/.local/lib/python3.12/site-packages/airflow/example_dags/example_xcomargs.py
[2025-04-02T19:06:01.470+0000] {processor.py:914} INFO - Processing file /home/airflow/.local/lib/python3.12/site-packages/airflow/example_dags/example_xcomargs.py for tasks to queue
[2025-04-02T19:06:01.475+0000] {logging_mixin.py:190} INFO - [2025-04-02T19:06:01.474+0000] {dagbag.py:588} INFO - Filling up the DagBag from /home/airflow/.local/lib/python3.12/site-packages/airflow/example_dags/example_xcomargs.py
[2025-04-02T19:06:01.494+0000] {processor.py:925} INFO - DAG(s) 'example_xcom_args', 'example_xcom_args_with_operators' retrieved from /home/airflow/.local/lib/python3.12/site-packages/airflow/example_dags/example_xcomargs.py
[2025-04-02T19:06:01.613+0000] {logging_mixin.py:190} INFO - [2025-04-02T19:06:01.613+0000] {dag.py:3239} INFO - Sync 2 DAGs
[2025-04-02T19:06:01.747+0000] {logging_mixin.py:190} INFO - [2025-04-02T19:06:01.747+0000] {dag.py:4180} INFO - Setting next_dagrun for example_xcom_args to None, run_after=None
[2025-04-02T19:06:01.760+0000] {logging_mixin.py:190} INFO - [2025-04-02T19:06:01.758+0000] {dag.py:4180} INFO - Setting next_dagrun for example_xcom_args_with_operators to None, run_after=None
[2025-04-02T19:06:01.846+0000] {processor.py:208} INFO - Processing /home/airflow/.local/lib/python3.12/site-packages/airflow/example_dags/example_xcomargs.py took 0.391 seconds
[2025-04-02T19:06:43.056+0000] {processor.py:186} INFO - Started process (PID=422) to work on /home/airflow/.local/lib/python3.12/site-packages/airflow/example_dags/example_xcomargs.py
[2025-04-02T19:06:43.059+0000] {processor.py:914} INFO - Processing file /home/airflow/.local/lib/python3.12/site-packages/airflow/example_dags/example_xcomargs.py for tasks to queue
[2025-04-02T19:06:43.068+0000] {logging_mixin.py:190} INFO - [2025-04-02T19:06:43.067+0000] {dagbag.py:588} INFO - Filling up the DagBag from /home/airflow/.local/lib/python3.12/site-packages/airflow/example_dags/example_xcomargs.py
[2025-04-02T19:06:43.097+0000] {processor.py:925} INFO - DAG(s) 'example_xcom_args_with_operators', 'example_xcom_args' retrieved from /home/airflow/.local/lib/python3.12/site-packages/airflow/example_dags/example_xcomargs.py
[2025-04-02T19:06:43.161+0000] {logging_mixin.py:190} INFO - [2025-04-02T19:06:43.160+0000] {dag.py:3239} INFO - Sync 2 DAGs
[2025-04-02T19:06:43.219+0000] {logging_mixin.py:190} INFO - [2025-04-02T19:06:43.219+0000] {dag.py:4180} INFO - Setting next_dagrun for example_xcom_args to None, run_after=None
[2025-04-02T19:06:43.233+0000] {logging_mixin.py:190} INFO - [2025-04-02T19:06:43.233+0000] {dag.py:4180} INFO - Setting next_dagrun for example_xcom_args_with_operators to None, run_after=None
[2025-04-02T19:06:43.318+0000] {processor.py:208} INFO - Processing /home/airflow/.local/lib/python3.12/site-packages/airflow/example_dags/example_xcomargs.py took 0.282 seconds
[2025-04-02T19:07:25.935+0000] {processor.py:186} INFO - Started process (PID=486) to work on /home/airflow/.local/lib/python3.12/site-packages/airflow/example_dags/example_xcomargs.py
[2025-04-02T19:07:25.936+0000] {processor.py:914} INFO - Processing file /home/airflow/.local/lib/python3.12/site-packages/airflow/example_dags/example_xcomargs.py for tasks to queue
[2025-04-02T19:07:25.940+0000] {logging_mixin.py:190} INFO - [2025-04-02T19:07:25.939+0000] {dagbag.py:588} INFO - Filling up the DagBag from /home/airflow/.local/lib/python3.12/site-packages/airflow/example_dags/example_xcomargs.py
[2025-04-02T19:07:25.958+0000] {processor.py:925} INFO - DAG(s) 'example_xcom_args_with_operators', 'example_xcom_args' retrieved from /home/airflow/.local/lib/python3.12/site-packages/airflow/example_dags/example_xcomargs.py
[2025-04-02T19:07:26.095+0000] {logging_mixin.py:190} INFO - [2025-04-02T19:07:26.095+0000] {dag.py:3239} INFO - Sync 2 DAGs
[2025-04-02T19:07:26.144+0000] {logging_mixin.py:190} INFO - [2025-04-02T19:07:26.144+0000] {dag.py:4180} INFO - Setting next_dagrun for example_xcom_args to None, run_after=None
[2025-04-02T19:07:26.152+0000] {logging_mixin.py:190} INFO - [2025-04-02T19:07:26.152+0000] {dag.py:4180} INFO - Setting next_dagrun for example_xcom_args_with_operators to None, run_after=None
[2025-04-02T19:07:26.202+0000] {processor.py:208} INFO - Processing /home/airflow/.local/lib/python3.12/site-packages/airflow/example_dags/example_xcomargs.py took 0.278 seconds
[2025-04-02T19:08:03.610+0000] {processor.py:186} INFO - Started process (PID=558) to work on /home/airflow/.local/lib/python3.12/site-packages/airflow/example_dags/example_xcomargs.py
[2025-04-02T19:08:03.612+0000] {processor.py:914} INFO - Processing file /home/airflow/.local/lib/python3.12/site-packages/airflow/example_dags/example_xcomargs.py for tasks to queue
[2025-04-02T19:08:03.616+0000] {logging_mixin.py:190} INFO - [2025-04-02T19:08:03.615+0000] {dagbag.py:588} INFO - Filling up the DagBag from /home/airflow/.local/lib/python3.12/site-packages/airflow/example_dags/example_xcomargs.py
[2025-04-02T19:08:03.634+0000] {processor.py:925} INFO - DAG(s) 'example_xcom_args', 'example_xcom_args_with_operators' retrieved from /home/airflow/.local/lib/python3.12/site-packages/airflow/example_dags/example_xcomargs.py
[2025-04-02T19:08:03.676+0000] {logging_mixin.py:190} INFO - [2025-04-02T19:08:03.676+0000] {dag.py:3239} INFO - Sync 2 DAGs
[2025-04-02T19:08:03.716+0000] {logging_mixin.py:190} INFO - [2025-04-02T19:08:03.716+0000] {dag.py:4180} INFO - Setting next_dagrun for example_xcom_args to None, run_after=None
[2025-04-02T19:08:03.725+0000] {logging_mixin.py:190} INFO - [2025-04-02T19:08:03.725+0000] {dag.py:4180} INFO - Setting next_dagrun for example_xcom_args_with_operators to None, run_after=None
[2025-04-02T19:08:03.773+0000] {processor.py:208} INFO - Processing /home/airflow/.local/lib/python3.12/site-packages/airflow/example_dags/example_xcomargs.py took 0.176 seconds
[2025-04-02T19:09:01.975+0000] {processor.py:186} INFO - Started process (PID=637) to work on /home/airflow/.local/lib/python3.12/site-packages/airflow/example_dags/example_xcomargs.py
[2025-04-02T19:09:01.978+0000] {processor.py:914} INFO - Processing file /home/airflow/.local/lib/python3.12/site-packages/airflow/example_dags/example_xcomargs.py for tasks to queue
[2025-04-02T19:09:01.993+0000] {logging_mixin.py:190} INFO - [2025-04-02T19:09:01.992+0000] {dagbag.py:588} INFO - Filling up the DagBag from /home/airflow/.local/lib/python3.12/site-packages/airflow/example_dags/example_xcomargs.py
[2025-04-02T19:09:02.078+0000] {processor.py:925} INFO - DAG(s) 'example_xcom_args', 'example_xcom_args_with_operators' retrieved from /home/airflow/.local/lib/python3.12/site-packages/airflow/example_dags/example_xcomargs.py
[2025-04-02T19:09:02.277+0000] {logging_mixin.py:190} INFO - [2025-04-02T19:09:02.276+0000] {dag.py:3239} INFO - Sync 2 DAGs
[2025-04-02T19:09:02.491+0000] {logging_mixin.py:190} INFO - [2025-04-02T19:09:02.490+0000] {dag.py:4180} INFO - Setting next_dagrun for example_xcom_args to None, run_after=None
[2025-04-02T19:09:02.533+0000] {logging_mixin.py:190} INFO - [2025-04-02T19:09:02.532+0000] {dag.py:4180} INFO - Setting next_dagrun for example_xcom_args_with_operators to None, run_after=None
[2025-04-02T19:09:02.696+0000] {processor.py:208} INFO - Processing /home/airflow/.local/lib/python3.12/site-packages/airflow/example_dags/example_xcomargs.py took 0.752 seconds
[2025-04-02T19:10:33.854+0000] {processor.py:186} INFO - Started process (PID=727) to work on /home/airflow/.local/lib/python3.12/site-packages/airflow/example_dags/example_xcomargs.py
[2025-04-02T19:10:33.862+0000] {processor.py:914} INFO - Processing file /home/airflow/.local/lib/python3.12/site-packages/airflow/example_dags/example_xcomargs.py for tasks to queue
[2025-04-02T19:10:33.872+0000] {logging_mixin.py:190} INFO - [2025-04-02T19:10:33.871+0000] {dagbag.py:588} INFO - Filling up the DagBag from /home/airflow/.local/lib/python3.12/site-packages/airflow/example_dags/example_xcomargs.py
[2025-04-02T19:10:33.920+0000] {processor.py:925} INFO - DAG(s) 'example_xcom_args_with_operators', 'example_xcom_args' retrieved from /home/airflow/.local/lib/python3.12/site-packages/airflow/example_dags/example_xcomargs.py
[2025-04-02T19:10:34.018+0000] {logging_mixin.py:190} INFO - [2025-04-02T19:10:34.018+0000] {dag.py:3239} INFO - Sync 2 DAGs
[2025-04-02T19:10:34.062+0000] {logging_mixin.py:190} INFO - [2025-04-02T19:10:34.062+0000] {dag.py:4180} INFO - Setting next_dagrun for example_xcom_args to None, run_after=None
[2025-04-02T19:10:34.073+0000] {logging_mixin.py:190} INFO - [2025-04-02T19:10:34.073+0000] {dag.py:4180} INFO - Setting next_dagrun for example_xcom_args_with_operators to None, run_after=None
[2025-04-02T19:10:34.149+0000] {processor.py:208} INFO - Processing /home/airflow/.local/lib/python3.12/site-packages/airflow/example_dags/example_xcomargs.py took 0.319 seconds
[2025-04-02T19:11:07.844+0000] {processor.py:186} INFO - Started process (PID=789) to work on /home/airflow/.local/lib/python3.12/site-packages/airflow/example_dags/example_xcomargs.py
[2025-04-02T19:11:07.866+0000] {processor.py:914} INFO - Processing file /home/airflow/.local/lib/python3.12/site-packages/airflow/example_dags/example_xcomargs.py for tasks to queue
[2025-04-02T19:11:07.907+0000] {logging_mixin.py:190} INFO - [2025-04-02T19:11:07.906+0000] {dagbag.py:588} INFO - Filling up the DagBag from /home/airflow/.local/lib/python3.12/site-packages/airflow/example_dags/example_xcomargs.py
[2025-04-02T19:11:08.035+0000] {processor.py:925} INFO - DAG(s) 'example_xcom_args_with_operators', 'example_xcom_args' retrieved from /home/airflow/.local/lib/python3.12/site-packages/airflow/example_dags/example_xcomargs.py
[2025-04-02T19:11:08.484+0000] {logging_mixin.py:190} INFO - [2025-04-02T19:11:08.483+0000] {dag.py:3239} INFO - Sync 2 DAGs
[2025-04-02T19:11:08.776+0000] {logging_mixin.py:190} INFO - [2025-04-02T19:11:08.776+0000] {dag.py:4180} INFO - Setting next_dagrun for example_xcom_args to None, run_after=None
[2025-04-02T19:11:08.941+0000] {logging_mixin.py:190} INFO - [2025-04-02T19:11:08.936+0000] {dag.py:4180} INFO - Setting next_dagrun for example_xcom_args_with_operators to None, run_after=None
[2025-04-02T19:11:09.127+0000] {processor.py:208} INFO - Processing /home/airflow/.local/lib/python3.12/site-packages/airflow/example_dags/example_xcomargs.py took 1.321 seconds
[2025-04-02T19:11:39.881+0000] {processor.py:186} INFO - Started process (PID=851) to work on /home/airflow/.local/lib/python3.12/site-packages/airflow/example_dags/example_xcomargs.py
[2025-04-02T19:11:39.900+0000] {processor.py:914} INFO - Processing file /home/airflow/.local/lib/python3.12/site-packages/airflow/example_dags/example_xcomargs.py for tasks to queue
[2025-04-02T19:11:39.916+0000] {logging_mixin.py:190} INFO - [2025-04-02T19:11:39.915+0000] {dagbag.py:588} INFO - Filling up the DagBag from /home/airflow/.local/lib/python3.12/site-packages/airflow/example_dags/example_xcomargs.py
[2025-04-02T19:11:39.992+0000] {processor.py:925} INFO - DAG(s) 'example_xcom_args', 'example_xcom_args_with_operators' retrieved from /home/airflow/.local/lib/python3.12/site-packages/airflow/example_dags/example_xcomargs.py
[2025-04-02T19:11:40.153+0000] {logging_mixin.py:190} INFO - [2025-04-02T19:11:40.152+0000] {dag.py:3239} INFO - Sync 2 DAGs
[2025-04-02T19:11:40.245+0000] {logging_mixin.py:190} INFO - [2025-04-02T19:11:40.244+0000] {dag.py:4180} INFO - Setting next_dagrun for example_xcom_args to None, run_after=None
[2025-04-02T19:11:40.260+0000] {logging_mixin.py:190} INFO - [2025-04-02T19:11:40.259+0000] {dag.py:4180} INFO - Setting next_dagrun for example_xcom_args_with_operators to None, run_after=None
[2025-04-02T19:11:40.323+0000] {processor.py:208} INFO - Processing /home/airflow/.local/lib/python3.12/site-packages/airflow/example_dags/example_xcomargs.py took 0.468 seconds
[2025-04-02T19:12:16.760+0000] {processor.py:186} INFO - Started process (PID=914) to work on /home/airflow/.local/lib/python3.12/site-packages/airflow/example_dags/example_xcomargs.py
[2025-04-02T19:12:16.765+0000] {processor.py:914} INFO - Processing file /home/airflow/.local/lib/python3.12/site-packages/airflow/example_dags/example_xcomargs.py for tasks to queue
[2025-04-02T19:12:16.771+0000] {logging_mixin.py:190} INFO - [2025-04-02T19:12:16.770+0000] {dagbag.py:588} INFO - Filling up the DagBag from /home/airflow/.local/lib/python3.12/site-packages/airflow/example_dags/example_xcomargs.py
[2025-04-02T19:12:16.817+0000] {processor.py:925} INFO - DAG(s) 'example_xcom_args_with_operators', 'example_xcom_args' retrieved from /home/airflow/.local/lib/python3.12/site-packages/airflow/example_dags/example_xcomargs.py
[2025-04-02T19:12:16.966+0000] {logging_mixin.py:190} INFO - [2025-04-02T19:12:16.958+0000] {dag.py:3239} INFO - Sync 2 DAGs
[2025-04-02T19:12:17.006+0000] {logging_mixin.py:190} INFO - [2025-04-02T19:12:17.006+0000] {dag.py:4180} INFO - Setting next_dagrun for example_xcom_args to None, run_after=None
[2025-04-02T19:12:17.016+0000] {logging_mixin.py:190} INFO - [2025-04-02T19:12:17.016+0000] {dag.py:4180} INFO - Setting next_dagrun for example_xcom_args_with_operators to None, run_after=None
[2025-04-02T19:12:17.068+0000] {processor.py:208} INFO - Processing /home/airflow/.local/lib/python3.12/site-packages/airflow/example_dags/example_xcomargs.py took 0.330 seconds
[2025-04-02T19:12:55.793+0000] {processor.py:186} INFO - Started process (PID=983) to work on /home/airflow/.local/lib/python3.12/site-packages/airflow/example_dags/example_xcomargs.py
[2025-04-02T19:12:55.795+0000] {processor.py:914} INFO - Processing file /home/airflow/.local/lib/python3.12/site-packages/airflow/example_dags/example_xcomargs.py for tasks to queue
[2025-04-02T19:12:55.807+0000] {logging_mixin.py:190} INFO - [2025-04-02T19:12:55.801+0000] {dagbag.py:588} INFO - Filling up the DagBag from /home/airflow/.local/lib/python3.12/site-packages/airflow/example_dags/example_xcomargs.py
[2025-04-02T19:12:55.843+0000] {processor.py:925} INFO - DAG(s) 'example_xcom_args_with_operators', 'example_xcom_args' retrieved from /home/airflow/.local/lib/python3.12/site-packages/airflow/example_dags/example_xcomargs.py
[2025-04-02T19:12:55.995+0000] {logging_mixin.py:190} INFO - [2025-04-02T19:12:55.995+0000] {dag.py:3239} INFO - Sync 2 DAGs
[2025-04-02T19:12:56.056+0000] {logging_mixin.py:190} INFO - [2025-04-02T19:12:56.054+0000] {dag.py:4180} INFO - Setting next_dagrun for example_xcom_args to None, run_after=None
[2025-04-02T19:12:56.069+0000] {logging_mixin.py:190} INFO - [2025-04-02T19:12:56.069+0000] {dag.py:4180} INFO - Setting next_dagrun for example_xcom_args_with_operators to None, run_after=None
[2025-04-02T19:12:56.130+0000] {processor.py:208} INFO - Processing /home/airflow/.local/lib/python3.12/site-packages/airflow/example_dags/example_xcomargs.py took 0.366 seconds
[2025-04-02T19:13:45.749+0000] {processor.py:186} INFO - Started process (PID=1063) to work on /home/airflow/.local/lib/python3.12/site-packages/airflow/example_dags/example_xcomargs.py
[2025-04-02T19:13:45.753+0000] {processor.py:914} INFO - Processing file /home/airflow/.local/lib/python3.12/site-packages/airflow/example_dags/example_xcomargs.py for tasks to queue
[2025-04-02T19:13:45.769+0000] {logging_mixin.py:190} INFO - [2025-04-02T19:13:45.768+0000] {dagbag.py:588} INFO - Filling up the DagBag from /home/airflow/.local/lib/python3.12/site-packages/airflow/example_dags/example_xcomargs.py
[2025-04-02T19:13:45.841+0000] {processor.py:925} INFO - DAG(s) 'example_xcom_args_with_operators', 'example_xcom_args' retrieved from /home/airflow/.local/lib/python3.12/site-packages/airflow/example_dags/example_xcomargs.py
[2025-04-02T19:13:46.044+0000] {logging_mixin.py:190} INFO - [2025-04-02T19:13:46.043+0000] {dag.py:3239} INFO - Sync 2 DAGs
[2025-04-02T19:13:46.186+0000] {logging_mixin.py:190} INFO - [2025-04-02T19:13:46.186+0000] {dag.py:4180} INFO - Setting next_dagrun for example_xcom_args to None, run_after=None
[2025-04-02T19:13:46.218+0000] {logging_mixin.py:190} INFO - [2025-04-02T19:13:46.217+0000] {dag.py:4180} INFO - Setting next_dagrun for example_xcom_args_with_operators to None, run_after=None
[2025-04-02T19:13:46.352+0000] {processor.py:208} INFO - Processing /home/airflow/.local/lib/python3.12/site-packages/airflow/example_dags/example_xcomargs.py took 0.629 seconds
[2025-04-02T19:14:32.689+0000] {processor.py:186} INFO - Started process (PID=1126) to work on /home/airflow/.local/lib/python3.12/site-packages/airflow/example_dags/example_xcomargs.py
[2025-04-02T19:14:32.704+0000] {processor.py:914} INFO - Processing file /home/airflow/.local/lib/python3.12/site-packages/airflow/example_dags/example_xcomargs.py for tasks to queue
[2025-04-02T19:14:32.756+0000] {logging_mixin.py:190} INFO - [2025-04-02T19:14:32.727+0000] {dagbag.py:588} INFO - Filling up the DagBag from /home/airflow/.local/lib/python3.12/site-packages/airflow/example_dags/example_xcomargs.py
[2025-04-02T19:14:32.920+0000] {processor.py:925} INFO - DAG(s) 'example_xcom_args_with_operators', 'example_xcom_args' retrieved from /home/airflow/.local/lib/python3.12/site-packages/airflow/example_dags/example_xcomargs.py
[2025-04-02T19:14:33.254+0000] {logging_mixin.py:190} INFO - [2025-04-02T19:14:33.253+0000] {dag.py:3239} INFO - Sync 2 DAGs
[2025-04-02T19:14:33.394+0000] {logging_mixin.py:190} INFO - [2025-04-02T19:14:33.393+0000] {dag.py:4180} INFO - Setting next_dagrun for example_xcom_args to None, run_after=None
[2025-04-02T19:14:33.410+0000] {logging_mixin.py:190} INFO - [2025-04-02T19:14:33.410+0000] {dag.py:4180} INFO - Setting next_dagrun for example_xcom_args_with_operators to None, run_after=None
[2025-04-02T19:14:33.501+0000] {processor.py:208} INFO - Processing /home/airflow/.local/lib/python3.12/site-packages/airflow/example_dags/example_xcomargs.py took 0.906 seconds
[2025-04-02T19:15:37.040+0000] {processor.py:186} INFO - Started process (PID=1209) to work on /home/airflow/.local/lib/python3.12/site-packages/airflow/example_dags/example_xcomargs.py
[2025-04-02T19:15:37.056+0000] {processor.py:914} INFO - Processing file /home/airflow/.local/lib/python3.12/site-packages/airflow/example_dags/example_xcomargs.py for tasks to queue
[2025-04-02T19:15:37.090+0000] {logging_mixin.py:190} INFO - [2025-04-02T19:15:37.089+0000] {dagbag.py:588} INFO - Filling up the DagBag from /home/airflow/.local/lib/python3.12/site-packages/airflow/example_dags/example_xcomargs.py
[2025-04-02T19:15:37.181+0000] {processor.py:925} INFO - DAG(s) 'example_xcom_args', 'example_xcom_args_with_operators' retrieved from /home/airflow/.local/lib/python3.12/site-packages/airflow/example_dags/example_xcomargs.py
[2025-04-02T19:15:37.338+0000] {logging_mixin.py:190} INFO - [2025-04-02T19:15:37.338+0000] {dag.py:3239} INFO - Sync 2 DAGs
[2025-04-02T19:15:37.519+0000] {logging_mixin.py:190} INFO - [2025-04-02T19:15:37.507+0000] {dag.py:4180} INFO - Setting next_dagrun for example_xcom_args to None, run_after=None
[2025-04-02T19:15:37.538+0000] {logging_mixin.py:190} INFO - [2025-04-02T19:15:37.538+0000] {dag.py:4180} INFO - Setting next_dagrun for example_xcom_args_with_operators to None, run_after=None
[2025-04-02T19:15:37.730+0000] {processor.py:208} INFO - Processing /home/airflow/.local/lib/python3.12/site-packages/airflow/example_dags/example_xcomargs.py took 0.744 seconds
[2025-04-02T19:16:17.594+0000] {processor.py:186} INFO - Started process (PID=1282) to work on /home/airflow/.local/lib/python3.12/site-packages/airflow/example_dags/example_xcomargs.py
[2025-04-02T19:16:17.599+0000] {processor.py:914} INFO - Processing file /home/airflow/.local/lib/python3.12/site-packages/airflow/example_dags/example_xcomargs.py for tasks to queue
[2025-04-02T19:16:17.606+0000] {logging_mixin.py:190} INFO - [2025-04-02T19:16:17.606+0000] {dagbag.py:588} INFO - Filling up the DagBag from /home/airflow/.local/lib/python3.12/site-packages/airflow/example_dags/example_xcomargs.py
[2025-04-02T19:16:17.641+0000] {processor.py:925} INFO - DAG(s) 'example_xcom_args_with_operators', 'example_xcom_args' retrieved from /home/airflow/.local/lib/python3.12/site-packages/airflow/example_dags/example_xcomargs.py
[2025-04-02T19:16:17.752+0000] {logging_mixin.py:190} INFO - [2025-04-02T19:16:17.751+0000] {dag.py:3239} INFO - Sync 2 DAGs
[2025-04-02T19:16:17.852+0000] {logging_mixin.py:190} INFO - [2025-04-02T19:16:17.851+0000] {dag.py:4180} INFO - Setting next_dagrun for example_xcom_args to None, run_after=None
[2025-04-02T19:16:17.862+0000] {logging_mixin.py:190} INFO - [2025-04-02T19:16:17.862+0000] {dag.py:4180} INFO - Setting next_dagrun for example_xcom_args_with_operators to None, run_after=None
[2025-04-02T19:16:17.920+0000] {processor.py:208} INFO - Processing /home/airflow/.local/lib/python3.12/site-packages/airflow/example_dags/example_xcomargs.py took 0.349 seconds
[2025-04-02T19:17:06.198+0000] {processor.py:186} INFO - Started process (PID=1347) to work on /home/airflow/.local/lib/python3.12/site-packages/airflow/example_dags/example_xcomargs.py
[2025-04-02T19:17:06.230+0000] {processor.py:914} INFO - Processing file /home/airflow/.local/lib/python3.12/site-packages/airflow/example_dags/example_xcomargs.py for tasks to queue
[2025-04-02T19:17:06.289+0000] {logging_mixin.py:190} INFO - [2025-04-02T19:17:06.287+0000] {dagbag.py:588} INFO - Filling up the DagBag from /home/airflow/.local/lib/python3.12/site-packages/airflow/example_dags/example_xcomargs.py
[2025-04-02T19:17:06.430+0000] {processor.py:925} INFO - DAG(s) 'example_xcom_args', 'example_xcom_args_with_operators' retrieved from /home/airflow/.local/lib/python3.12/site-packages/airflow/example_dags/example_xcomargs.py
[2025-04-02T19:17:06.616+0000] {logging_mixin.py:190} INFO - [2025-04-02T19:17:06.613+0000] {dag.py:3239} INFO - Sync 2 DAGs
[2025-04-02T19:17:06.698+0000] {logging_mixin.py:190} INFO - [2025-04-02T19:17:06.697+0000] {dag.py:4180} INFO - Setting next_dagrun for example_xcom_args to None, run_after=None
[2025-04-02T19:17:06.723+0000] {logging_mixin.py:190} INFO - [2025-04-02T19:17:06.723+0000] {dag.py:4180} INFO - Setting next_dagrun for example_xcom_args_with_operators to None, run_after=None
[2025-04-02T19:17:06.845+0000] {processor.py:208} INFO - Processing /home/airflow/.local/lib/python3.12/site-packages/airflow/example_dags/example_xcomargs.py took 0.695 seconds
[2025-04-02T19:17:37.002+0000] {processor.py:186} INFO - Started process (PID=1411) to work on /home/airflow/.local/lib/python3.12/site-packages/airflow/example_dags/example_xcomargs.py
[2025-04-02T19:17:37.003+0000] {processor.py:914} INFO - Processing file /home/airflow/.local/lib/python3.12/site-packages/airflow/example_dags/example_xcomargs.py for tasks to queue
[2025-04-02T19:17:37.012+0000] {logging_mixin.py:190} INFO - [2025-04-02T19:17:37.011+0000] {dagbag.py:588} INFO - Filling up the DagBag from /home/airflow/.local/lib/python3.12/site-packages/airflow/example_dags/example_xcomargs.py
[2025-04-02T19:17:37.044+0000] {processor.py:925} INFO - DAG(s) 'example_xcom_args', 'example_xcom_args_with_operators' retrieved from /home/airflow/.local/lib/python3.12/site-packages/airflow/example_dags/example_xcomargs.py
[2025-04-02T19:17:37.152+0000] {logging_mixin.py:190} INFO - [2025-04-02T19:17:37.152+0000] {dag.py:3239} INFO - Sync 2 DAGs
[2025-04-02T19:17:37.213+0000] {logging_mixin.py:190} INFO - [2025-04-02T19:17:37.213+0000] {dag.py:4180} INFO - Setting next_dagrun for example_xcom_args to None, run_after=None
[2025-04-02T19:17:37.226+0000] {logging_mixin.py:190} INFO - [2025-04-02T19:17:37.225+0000] {dag.py:4180} INFO - Setting next_dagrun for example_xcom_args_with_operators to None, run_after=None
[2025-04-02T19:17:37.332+0000] {processor.py:208} INFO - Processing /home/airflow/.local/lib/python3.12/site-packages/airflow/example_dags/example_xcomargs.py took 0.347 seconds
[2025-04-02T19:18:09.360+0000] {processor.py:186} INFO - Started process (PID=1479) to work on /home/airflow/.local/lib/python3.12/site-packages/airflow/example_dags/example_xcomargs.py
[2025-04-02T19:18:09.378+0000] {processor.py:914} INFO - Processing file /home/airflow/.local/lib/python3.12/site-packages/airflow/example_dags/example_xcomargs.py for tasks to queue
[2025-04-02T19:18:09.396+0000] {logging_mixin.py:190} INFO - [2025-04-02T19:18:09.395+0000] {dagbag.py:588} INFO - Filling up the DagBag from /home/airflow/.local/lib/python3.12/site-packages/airflow/example_dags/example_xcomargs.py
[2025-04-02T19:18:09.514+0000] {processor.py:925} INFO - DAG(s) 'example_xcom_args_with_operators', 'example_xcom_args' retrieved from /home/airflow/.local/lib/python3.12/site-packages/airflow/example_dags/example_xcomargs.py
[2025-04-02T19:18:09.761+0000] {logging_mixin.py:190} INFO - [2025-04-02T19:18:09.760+0000] {dag.py:3239} INFO - Sync 2 DAGs
[2025-04-02T19:18:09.867+0000] {logging_mixin.py:190} INFO - [2025-04-02T19:18:09.867+0000] {dag.py:4180} INFO - Setting next_dagrun for example_xcom_args to None, run_after=None
[2025-04-02T19:18:09.881+0000] {logging_mixin.py:190} INFO - [2025-04-02T19:18:09.881+0000] {dag.py:4180} INFO - Setting next_dagrun for example_xcom_args_with_operators to None, run_after=None
[2025-04-02T19:18:09.990+0000] {processor.py:208} INFO - Processing /home/airflow/.local/lib/python3.12/site-packages/airflow/example_dags/example_xcomargs.py took 0.692 seconds
[2025-04-02T19:18:41.674+0000] {processor.py:186} INFO - Started process (PID=1541) to work on /home/airflow/.local/lib/python3.12/site-packages/airflow/example_dags/example_xcomargs.py
[2025-04-02T19:18:41.678+0000] {processor.py:914} INFO - Processing file /home/airflow/.local/lib/python3.12/site-packages/airflow/example_dags/example_xcomargs.py for tasks to queue
[2025-04-02T19:18:41.716+0000] {logging_mixin.py:190} INFO - [2025-04-02T19:18:41.715+0000] {dagbag.py:588} INFO - Filling up the DagBag from /home/airflow/.local/lib/python3.12/site-packages/airflow/example_dags/example_xcomargs.py
[2025-04-02T19:18:41.763+0000] {processor.py:925} INFO - DAG(s) 'example_xcom_args', 'example_xcom_args_with_operators' retrieved from /home/airflow/.local/lib/python3.12/site-packages/airflow/example_dags/example_xcomargs.py
[2025-04-02T19:18:41.851+0000] {logging_mixin.py:190} INFO - [2025-04-02T19:18:41.849+0000] {dag.py:3239} INFO - Sync 2 DAGs
[2025-04-02T19:18:41.947+0000] {logging_mixin.py:190} INFO - [2025-04-02T19:18:41.946+0000] {dag.py:4180} INFO - Setting next_dagrun for example_xcom_args to None, run_after=None
[2025-04-02T19:18:41.968+0000] {logging_mixin.py:190} INFO - [2025-04-02T19:18:41.968+0000] {dag.py:4180} INFO - Setting next_dagrun for example_xcom_args_with_operators to None, run_after=None
[2025-04-02T19:18:42.064+0000] {processor.py:208} INFO - Processing /home/airflow/.local/lib/python3.12/site-packages/airflow/example_dags/example_xcomargs.py took 0.441 seconds
[2025-04-02T19:19:17.054+0000] {processor.py:186} INFO - Started process (PID=1604) to work on /home/airflow/.local/lib/python3.12/site-packages/airflow/example_dags/example_xcomargs.py
[2025-04-02T19:19:17.062+0000] {processor.py:914} INFO - Processing file /home/airflow/.local/lib/python3.12/site-packages/airflow/example_dags/example_xcomargs.py for tasks to queue
[2025-04-02T19:19:17.074+0000] {logging_mixin.py:190} INFO - [2025-04-02T19:19:17.073+0000] {dagbag.py:588} INFO - Filling up the DagBag from /home/airflow/.local/lib/python3.12/site-packages/airflow/example_dags/example_xcomargs.py
[2025-04-02T19:19:17.129+0000] {processor.py:925} INFO - DAG(s) 'example_xcom_args', 'example_xcom_args_with_operators' retrieved from /home/airflow/.local/lib/python3.12/site-packages/airflow/example_dags/example_xcomargs.py
[2025-04-02T19:19:17.278+0000] {logging_mixin.py:190} INFO - [2025-04-02T19:19:17.277+0000] {dag.py:3239} INFO - Sync 2 DAGs
[2025-04-02T19:19:17.476+0000] {logging_mixin.py:190} INFO - [2025-04-02T19:19:17.476+0000] {dag.py:4180} INFO - Setting next_dagrun for example_xcom_args to None, run_after=None
[2025-04-02T19:19:17.528+0000] {logging_mixin.py:190} INFO - [2025-04-02T19:19:17.528+0000] {dag.py:4180} INFO - Setting next_dagrun for example_xcom_args_with_operators to None, run_after=None
[2025-04-02T19:19:17.619+0000] {processor.py:208} INFO - Processing /home/airflow/.local/lib/python3.12/site-packages/airflow/example_dags/example_xcomargs.py took 0.667 seconds
[2025-04-02T19:20:25.801+0000] {processor.py:186} INFO - Started process (PID=1687) to work on /home/airflow/.local/lib/python3.12/site-packages/airflow/example_dags/example_xcomargs.py
[2025-04-02T19:20:25.804+0000] {processor.py:914} INFO - Processing file /home/airflow/.local/lib/python3.12/site-packages/airflow/example_dags/example_xcomargs.py for tasks to queue
[2025-04-02T19:20:25.812+0000] {logging_mixin.py:190} INFO - [2025-04-02T19:20:25.811+0000] {dagbag.py:588} INFO - Filling up the DagBag from /home/airflow/.local/lib/python3.12/site-packages/airflow/example_dags/example_xcomargs.py
[2025-04-02T19:20:25.846+0000] {processor.py:925} INFO - DAG(s) 'example_xcom_args', 'example_xcom_args_with_operators' retrieved from /home/airflow/.local/lib/python3.12/site-packages/airflow/example_dags/example_xcomargs.py
[2025-04-02T19:20:25.898+0000] {logging_mixin.py:190} INFO - [2025-04-02T19:20:25.897+0000] {dag.py:3239} INFO - Sync 2 DAGs
[2025-04-02T19:20:25.947+0000] {logging_mixin.py:190} INFO - [2025-04-02T19:20:25.946+0000] {dag.py:4180} INFO - Setting next_dagrun for example_xcom_args to None, run_after=None
[2025-04-02T19:20:25.964+0000] {logging_mixin.py:190} INFO - [2025-04-02T19:20:25.963+0000] {dag.py:4180} INFO - Setting next_dagrun for example_xcom_args_with_operators to None, run_after=None
[2025-04-02T19:20:26.048+0000] {processor.py:208} INFO - Processing /home/airflow/.local/lib/python3.12/site-packages/airflow/example_dags/example_xcomargs.py took 0.273 seconds
[2025-04-02T19:21:02.346+0000] {processor.py:186} INFO - Started process (PID=1758) to work on /home/airflow/.local/lib/python3.12/site-packages/airflow/example_dags/example_xcomargs.py
[2025-04-02T19:21:02.351+0000] {processor.py:914} INFO - Processing file /home/airflow/.local/lib/python3.12/site-packages/airflow/example_dags/example_xcomargs.py for tasks to queue
[2025-04-02T19:21:02.367+0000] {logging_mixin.py:190} INFO - [2025-04-02T19:21:02.366+0000] {dagbag.py:588} INFO - Filling up the DagBag from /home/airflow/.local/lib/python3.12/site-packages/airflow/example_dags/example_xcomargs.py
[2025-04-02T19:21:02.417+0000] {processor.py:925} INFO - DAG(s) 'example_xcom_args', 'example_xcom_args_with_operators' retrieved from /home/airflow/.local/lib/python3.12/site-packages/airflow/example_dags/example_xcomargs.py
[2025-04-02T19:21:02.499+0000] {logging_mixin.py:190} INFO - [2025-04-02T19:21:02.498+0000] {dag.py:3239} INFO - Sync 2 DAGs
[2025-04-02T19:21:02.533+0000] {logging_mixin.py:190} INFO - [2025-04-02T19:21:02.533+0000] {dag.py:4180} INFO - Setting next_dagrun for example_xcom_args to None, run_after=None
[2025-04-02T19:21:02.549+0000] {logging_mixin.py:190} INFO - [2025-04-02T19:21:02.548+0000] {dag.py:4180} INFO - Setting next_dagrun for example_xcom_args_with_operators to None, run_after=None
[2025-04-02T19:21:02.592+0000] {processor.py:208} INFO - Processing /home/airflow/.local/lib/python3.12/site-packages/airflow/example_dags/example_xcomargs.py took 0.276 seconds
[2025-04-02T19:21:39.306+0000] {processor.py:186} INFO - Started process (PID=1820) to work on /home/airflow/.local/lib/python3.12/site-packages/airflow/example_dags/example_xcomargs.py
[2025-04-02T19:21:39.318+0000] {processor.py:914} INFO - Processing file /home/airflow/.local/lib/python3.12/site-packages/airflow/example_dags/example_xcomargs.py for tasks to queue
[2025-04-02T19:21:39.335+0000] {logging_mixin.py:190} INFO - [2025-04-02T19:21:39.334+0000] {dagbag.py:588} INFO - Filling up the DagBag from /home/airflow/.local/lib/python3.12/site-packages/airflow/example_dags/example_xcomargs.py
[2025-04-02T19:21:39.415+0000] {processor.py:925} INFO - DAG(s) 'example_xcom_args_with_operators', 'example_xcom_args' retrieved from /home/airflow/.local/lib/python3.12/site-packages/airflow/example_dags/example_xcomargs.py
[2025-04-02T19:21:39.573+0000] {logging_mixin.py:190} INFO - [2025-04-02T19:21:39.572+0000] {dag.py:3239} INFO - Sync 2 DAGs
[2025-04-02T19:21:39.704+0000] {logging_mixin.py:190} INFO - [2025-04-02T19:21:39.703+0000] {dag.py:4180} INFO - Setting next_dagrun for example_xcom_args to None, run_after=None
[2025-04-02T19:21:39.792+0000] {logging_mixin.py:190} INFO - [2025-04-02T19:21:39.792+0000] {dag.py:4180} INFO - Setting next_dagrun for example_xcom_args_with_operators to None, run_after=None
[2025-04-02T19:21:40.047+0000] {processor.py:208} INFO - Processing /home/airflow/.local/lib/python3.12/site-packages/airflow/example_dags/example_xcomargs.py took 0.778 seconds
[2025-04-02T19:22:17.947+0000] {processor.py:186} INFO - Started process (PID=1889) to work on /home/airflow/.local/lib/python3.12/site-packages/airflow/example_dags/example_xcomargs.py
[2025-04-02T19:22:17.955+0000] {processor.py:914} INFO - Processing file /home/airflow/.local/lib/python3.12/site-packages/airflow/example_dags/example_xcomargs.py for tasks to queue
[2025-04-02T19:22:17.979+0000] {logging_mixin.py:190} INFO - [2025-04-02T19:22:17.977+0000] {dagbag.py:588} INFO - Filling up the DagBag from /home/airflow/.local/lib/python3.12/site-packages/airflow/example_dags/example_xcomargs.py
[2025-04-02T19:22:18.040+0000] {processor.py:925} INFO - DAG(s) 'example_xcom_args_with_operators', 'example_xcom_args' retrieved from /home/airflow/.local/lib/python3.12/site-packages/airflow/example_dags/example_xcomargs.py
[2025-04-02T19:22:18.135+0000] {logging_mixin.py:190} INFO - [2025-04-02T19:22:18.134+0000] {dag.py:3239} INFO - Sync 2 DAGs
[2025-04-02T19:22:18.174+0000] {logging_mixin.py:190} INFO - [2025-04-02T19:22:18.174+0000] {dag.py:4180} INFO - Setting next_dagrun for example_xcom_args to None, run_after=None
[2025-04-02T19:22:18.189+0000] {logging_mixin.py:190} INFO - [2025-04-02T19:22:18.189+0000] {dag.py:4180} INFO - Setting next_dagrun for example_xcom_args_with_operators to None, run_after=None
[2025-04-02T19:22:18.290+0000] {processor.py:208} INFO - Processing /home/airflow/.local/lib/python3.12/site-packages/airflow/example_dags/example_xcomargs.py took 0.397 seconds
[2025-04-02T19:23:08.634+0000] {processor.py:186} INFO - Started process (PID=1958) to work on /home/airflow/.local/lib/python3.12/site-packages/airflow/example_dags/example_xcomargs.py
[2025-04-02T19:23:08.637+0000] {processor.py:914} INFO - Processing file /home/airflow/.local/lib/python3.12/site-packages/airflow/example_dags/example_xcomargs.py for tasks to queue
[2025-04-02T19:23:08.647+0000] {logging_mixin.py:190} INFO - [2025-04-02T19:23:08.646+0000] {dagbag.py:588} INFO - Filling up the DagBag from /home/airflow/.local/lib/python3.12/site-packages/airflow/example_dags/example_xcomargs.py
[2025-04-02T19:23:08.701+0000] {processor.py:925} INFO - DAG(s) 'example_xcom_args_with_operators', 'example_xcom_args' retrieved from /home/airflow/.local/lib/python3.12/site-packages/airflow/example_dags/example_xcomargs.py
[2025-04-02T19:23:08.812+0000] {logging_mixin.py:190} INFO - [2025-04-02T19:23:08.811+0000] {dag.py:3239} INFO - Sync 2 DAGs
[2025-04-02T19:23:08.853+0000] {logging_mixin.py:190} INFO - [2025-04-02T19:23:08.852+0000] {dag.py:4180} INFO - Setting next_dagrun for example_xcom_args to None, run_after=None
[2025-04-02T19:23:08.863+0000] {logging_mixin.py:190} INFO - [2025-04-02T19:23:08.862+0000] {dag.py:4180} INFO - Setting next_dagrun for example_xcom_args_with_operators to None, run_after=None
[2025-04-02T19:23:08.907+0000] {processor.py:208} INFO - Processing /home/airflow/.local/lib/python3.12/site-packages/airflow/example_dags/example_xcomargs.py took 0.289 seconds
[2025-04-02T19:23:50.737+0000] {processor.py:186} INFO - Started process (PID=2027) to work on /home/airflow/.local/lib/python3.12/site-packages/airflow/example_dags/example_xcomargs.py
[2025-04-02T19:23:50.750+0000] {processor.py:914} INFO - Processing file /home/airflow/.local/lib/python3.12/site-packages/airflow/example_dags/example_xcomargs.py for tasks to queue
[2025-04-02T19:23:50.766+0000] {logging_mixin.py:190} INFO - [2025-04-02T19:23:50.765+0000] {dagbag.py:588} INFO - Filling up the DagBag from /home/airflow/.local/lib/python3.12/site-packages/airflow/example_dags/example_xcomargs.py
[2025-04-02T19:23:50.832+0000] {processor.py:925} INFO - DAG(s) 'example_xcom_args_with_operators', 'example_xcom_args' retrieved from /home/airflow/.local/lib/python3.12/site-packages/airflow/example_dags/example_xcomargs.py
[2025-04-02T19:23:50.989+0000] {logging_mixin.py:190} INFO - [2025-04-02T19:23:50.978+0000] {dag.py:3239} INFO - Sync 2 DAGs
[2025-04-02T19:23:51.104+0000] {logging_mixin.py:190} INFO - [2025-04-02T19:23:51.104+0000] {dag.py:4180} INFO - Setting next_dagrun for example_xcom_args to None, run_after=None
[2025-04-02T19:23:51.135+0000] {logging_mixin.py:190} INFO - [2025-04-02T19:23:51.135+0000] {dag.py:4180} INFO - Setting next_dagrun for example_xcom_args_with_operators to None, run_after=None
[2025-04-02T19:23:51.231+0000] {processor.py:208} INFO - Processing /home/airflow/.local/lib/python3.12/site-packages/airflow/example_dags/example_xcomargs.py took 0.517 seconds
[2025-04-02T19:24:21.456+0000] {processor.py:186} INFO - Started process (PID=2090) to work on /home/airflow/.local/lib/python3.12/site-packages/airflow/example_dags/example_xcomargs.py
[2025-04-02T19:24:21.458+0000] {processor.py:914} INFO - Processing file /home/airflow/.local/lib/python3.12/site-packages/airflow/example_dags/example_xcomargs.py for tasks to queue
[2025-04-02T19:24:21.461+0000] {logging_mixin.py:190} INFO - [2025-04-02T19:24:21.461+0000] {dagbag.py:588} INFO - Filling up the DagBag from /home/airflow/.local/lib/python3.12/site-packages/airflow/example_dags/example_xcomargs.py
[2025-04-02T19:24:21.478+0000] {processor.py:925} INFO - DAG(s) 'example_xcom_args', 'example_xcom_args_with_operators' retrieved from /home/airflow/.local/lib/python3.12/site-packages/airflow/example_dags/example_xcomargs.py
[2025-04-02T19:24:21.517+0000] {logging_mixin.py:190} INFO - [2025-04-02T19:24:21.516+0000] {dag.py:3239} INFO - Sync 2 DAGs
[2025-04-02T19:24:21.541+0000] {logging_mixin.py:190} INFO - [2025-04-02T19:24:21.541+0000] {dag.py:4180} INFO - Setting next_dagrun for example_xcom_args to None, run_after=None
[2025-04-02T19:24:21.548+0000] {logging_mixin.py:190} INFO - [2025-04-02T19:24:21.547+0000] {dag.py:4180} INFO - Setting next_dagrun for example_xcom_args_with_operators to None, run_after=None
[2025-04-02T19:24:21.577+0000] {processor.py:208} INFO - Processing /home/airflow/.local/lib/python3.12/site-packages/airflow/example_dags/example_xcomargs.py took 0.132 seconds
