[2025-04-02T19:03:47.795+0000] {processor.py:186} INFO - Started process (PID=125) to work on /home/airflow/.local/lib/python3.12/site-packages/airflow/example_dags/example_dataset_alias.py
[2025-04-02T19:03:47.797+0000] {processor.py:914} INFO - Processing file /home/airflow/.local/lib/python3.12/site-packages/airflow/example_dags/example_dataset_alias.py for tasks to queue
[2025-04-02T19:03:47.844+0000] {logging_mixin.py:190} INFO - [2025-04-02T19:03:47.844+0000] {dagbag.py:588} INFO - Filling up the DagBag from /home/airflow/.local/lib/python3.12/site-packages/airflow/example_dags/example_dataset_alias.py
[2025-04-02T19:03:53.848+0000] {processor.py:925} INFO - DAG(s) 'dataset_alias_example_alias_producer', 'dataset_alias_example_alias_consumer', 'dataset_s3_bucket_producer', 'dataset_s3_bucket_consumer' retrieved from /home/airflow/.local/lib/python3.12/site-packages/airflow/example_dags/example_dataset_alias.py
[2025-04-02T19:03:55.105+0000] {logging_mixin.py:190} INFO - [2025-04-02T19:03:55.101+0000] {override.py:1912} INFO - Created Permission View: can delete on DAG:dataset_alias_example_alias_producer
[2025-04-02T19:03:55.345+0000] {logging_mixin.py:190} INFO - [2025-04-02T19:03:55.341+0000] {override.py:1912} INFO - Created Permission View: can edit on DAG:dataset_alias_example_alias_producer
[2025-04-02T19:03:55.531+0000] {logging_mixin.py:190} INFO - [2025-04-02T19:03:55.530+0000] {override.py:1912} INFO - Created Permission View: can read on DAG:dataset_alias_example_alias_producer
[2025-04-02T19:03:55.605+0000] {logging_mixin.py:190} INFO - [2025-04-02T19:03:55.604+0000] {override.py:1912} INFO - Created Permission View: can delete on DAG Run:dataset_alias_example_alias_producer
[2025-04-02T19:03:55.698+0000] {logging_mixin.py:190} INFO - [2025-04-02T19:03:55.676+0000] {override.py:1912} INFO - Created Permission View: can read on DAG Run:dataset_alias_example_alias_producer
[2025-04-02T19:03:55.813+0000] {logging_mixin.py:190} INFO - [2025-04-02T19:03:55.811+0000] {override.py:1912} INFO - Created Permission View: can create on DAG Run:dataset_alias_example_alias_producer
[2025-04-02T19:03:55.900+0000] {logging_mixin.py:190} INFO - [2025-04-02T19:03:55.899+0000] {override.py:1912} INFO - Created Permission View: menu access on DAG Run:dataset_alias_example_alias_producer
[2025-04-02T19:03:56.137+0000] {logging_mixin.py:190} INFO - [2025-04-02T19:03:56.132+0000] {override.py:1912} INFO - Created Permission View: can delete on DAG:dataset_alias_example_alias_consumer
[2025-04-02T19:03:56.377+0000] {logging_mixin.py:190} INFO - [2025-04-02T19:03:56.376+0000] {override.py:1912} INFO - Created Permission View: can edit on DAG:dataset_alias_example_alias_consumer
[2025-04-02T19:03:56.612+0000] {logging_mixin.py:190} INFO - [2025-04-02T19:03:56.612+0000] {override.py:1912} INFO - Created Permission View: can read on DAG:dataset_alias_example_alias_consumer
[2025-04-02T19:03:56.756+0000] {logging_mixin.py:190} INFO - [2025-04-02T19:03:56.756+0000] {override.py:1912} INFO - Created Permission View: can delete on DAG Run:dataset_alias_example_alias_consumer
[2025-04-02T19:03:56.847+0000] {logging_mixin.py:190} INFO - [2025-04-02T19:03:56.847+0000] {override.py:1912} INFO - Created Permission View: can read on DAG Run:dataset_alias_example_alias_consumer
[2025-04-02T19:03:56.989+0000] {logging_mixin.py:190} INFO - [2025-04-02T19:03:56.988+0000] {override.py:1912} INFO - Created Permission View: can create on DAG Run:dataset_alias_example_alias_consumer
[2025-04-02T19:03:57.070+0000] {logging_mixin.py:190} INFO - [2025-04-02T19:03:57.068+0000] {override.py:1912} INFO - Created Permission View: menu access on DAG Run:dataset_alias_example_alias_consumer
[2025-04-02T19:03:57.246+0000] {logging_mixin.py:190} INFO - [2025-04-02T19:03:57.245+0000] {override.py:1912} INFO - Created Permission View: can delete on DAG:dataset_s3_bucket_producer
[2025-04-02T19:03:57.292+0000] {logging_mixin.py:190} INFO - [2025-04-02T19:03:57.291+0000] {override.py:1912} INFO - Created Permission View: can edit on DAG:dataset_s3_bucket_producer
[2025-04-02T19:03:57.434+0000] {logging_mixin.py:190} INFO - [2025-04-02T19:03:57.432+0000] {override.py:1912} INFO - Created Permission View: can read on DAG:dataset_s3_bucket_producer
[2025-04-02T19:03:57.493+0000] {logging_mixin.py:190} INFO - [2025-04-02T19:03:57.492+0000] {override.py:1912} INFO - Created Permission View: can delete on DAG Run:dataset_s3_bucket_producer
[2025-04-02T19:03:57.521+0000] {logging_mixin.py:190} INFO - [2025-04-02T19:03:57.520+0000] {override.py:1912} INFO - Created Permission View: can read on DAG Run:dataset_s3_bucket_producer
[2025-04-02T19:03:57.557+0000] {logging_mixin.py:190} INFO - [2025-04-02T19:03:57.556+0000] {override.py:1912} INFO - Created Permission View: can create on DAG Run:dataset_s3_bucket_producer
[2025-04-02T19:03:57.619+0000] {logging_mixin.py:190} INFO - [2025-04-02T19:03:57.619+0000] {override.py:1912} INFO - Created Permission View: menu access on DAG Run:dataset_s3_bucket_producer
[2025-04-02T19:03:57.825+0000] {logging_mixin.py:190} INFO - [2025-04-02T19:03:57.819+0000] {override.py:1912} INFO - Created Permission View: can delete on DAG:dataset_s3_bucket_consumer
[2025-04-02T19:03:57.922+0000] {logging_mixin.py:190} INFO - [2025-04-02T19:03:57.921+0000] {override.py:1912} INFO - Created Permission View: can edit on DAG:dataset_s3_bucket_consumer
[2025-04-02T19:03:58.003+0000] {logging_mixin.py:190} INFO - [2025-04-02T19:03:58.002+0000] {override.py:1912} INFO - Created Permission View: can read on DAG:dataset_s3_bucket_consumer
[2025-04-02T19:03:58.132+0000] {logging_mixin.py:190} INFO - [2025-04-02T19:03:58.132+0000] {override.py:1912} INFO - Created Permission View: can delete on DAG Run:dataset_s3_bucket_consumer
[2025-04-02T19:03:58.192+0000] {logging_mixin.py:190} INFO - [2025-04-02T19:03:58.191+0000] {override.py:1912} INFO - Created Permission View: can read on DAG Run:dataset_s3_bucket_consumer
[2025-04-02T19:03:58.233+0000] {logging_mixin.py:190} INFO - [2025-04-02T19:03:58.232+0000] {override.py:1912} INFO - Created Permission View: can create on DAG Run:dataset_s3_bucket_consumer
[2025-04-02T19:03:58.316+0000] {logging_mixin.py:190} INFO - [2025-04-02T19:03:58.307+0000] {override.py:1912} INFO - Created Permission View: menu access on DAG Run:dataset_s3_bucket_consumer
[2025-04-02T19:03:58.322+0000] {logging_mixin.py:190} INFO - [2025-04-02T19:03:58.320+0000] {dag.py:3239} INFO - Sync 4 DAGs
[2025-04-02T19:03:58.430+0000] {logging_mixin.py:190} INFO - [2025-04-02T19:03:58.429+0000] {dag.py:3262} INFO - Creating ORM DAG for dataset_alias_example_alias_producer
[2025-04-02T19:03:58.434+0000] {logging_mixin.py:190} INFO - [2025-04-02T19:03:58.433+0000] {dag.py:3262} INFO - Creating ORM DAG for dataset_alias_example_alias_consumer
[2025-04-02T19:03:58.438+0000] {logging_mixin.py:190} INFO - [2025-04-02T19:03:58.436+0000] {dag.py:3262} INFO - Creating ORM DAG for dataset_s3_bucket_consumer
[2025-04-02T19:03:58.446+0000] {logging_mixin.py:190} INFO - [2025-04-02T19:03:58.443+0000] {dag.py:3262} INFO - Creating ORM DAG for dataset_s3_bucket_producer
[2025-04-02T19:03:58.544+0000] {logging_mixin.py:190} INFO - [2025-04-02T19:03:58.544+0000] {dag.py:4180} INFO - Setting next_dagrun for dataset_alias_example_alias_consumer to None, run_after=None
[2025-04-02T19:03:58.551+0000] {logging_mixin.py:190} INFO - [2025-04-02T19:03:58.550+0000] {dag.py:4180} INFO - Setting next_dagrun for dataset_alias_example_alias_producer to None, run_after=None
[2025-04-02T19:03:58.558+0000] {logging_mixin.py:190} INFO - [2025-04-02T19:03:58.558+0000] {dag.py:4180} INFO - Setting next_dagrun for dataset_s3_bucket_consumer to None, run_after=None
[2025-04-02T19:03:58.565+0000] {logging_mixin.py:190} INFO - [2025-04-02T19:03:58.565+0000] {dag.py:4180} INFO - Setting next_dagrun for dataset_s3_bucket_producer to None, run_after=None
[2025-04-02T19:03:58.842+0000] {processor.py:208} INFO - Processing /home/airflow/.local/lib/python3.12/site-packages/airflow/example_dags/example_dataset_alias.py took 11.091 seconds
[2025-04-02T19:04:42.305+0000] {processor.py:186} INFO - Started process (PID=194) to work on /home/airflow/.local/lib/python3.12/site-packages/airflow/example_dags/example_dataset_alias.py
[2025-04-02T19:04:42.307+0000] {processor.py:914} INFO - Processing file /home/airflow/.local/lib/python3.12/site-packages/airflow/example_dags/example_dataset_alias.py for tasks to queue
[2025-04-02T19:04:42.311+0000] {logging_mixin.py:190} INFO - [2025-04-02T19:04:42.311+0000] {dagbag.py:588} INFO - Filling up the DagBag from /home/airflow/.local/lib/python3.12/site-packages/airflow/example_dags/example_dataset_alias.py
[2025-04-02T19:04:44.556+0000] {processor.py:925} INFO - DAG(s) 'dataset_alias_example_alias_producer', 'dataset_s3_bucket_consumer', 'dataset_alias_example_alias_consumer', 'dataset_s3_bucket_producer' retrieved from /home/airflow/.local/lib/python3.12/site-packages/airflow/example_dags/example_dataset_alias.py
[2025-04-02T19:04:44.614+0000] {logging_mixin.py:190} INFO - [2025-04-02T19:04:44.613+0000] {dag.py:3239} INFO - Sync 4 DAGs
[2025-04-02T19:04:44.740+0000] {logging_mixin.py:190} INFO - [2025-04-02T19:04:44.738+0000] {dag.py:4180} INFO - Setting next_dagrun for dataset_alias_example_alias_consumer to None, run_after=None
[2025-04-02T19:04:44.749+0000] {logging_mixin.py:190} INFO - [2025-04-02T19:04:44.749+0000] {dag.py:4180} INFO - Setting next_dagrun for dataset_alias_example_alias_producer to None, run_after=None
[2025-04-02T19:04:44.762+0000] {logging_mixin.py:190} INFO - [2025-04-02T19:04:44.761+0000] {dag.py:4180} INFO - Setting next_dagrun for dataset_s3_bucket_consumer to None, run_after=None
[2025-04-02T19:04:44.767+0000] {logging_mixin.py:190} INFO - [2025-04-02T19:04:44.766+0000] {dag.py:4180} INFO - Setting next_dagrun for dataset_s3_bucket_producer to None, run_after=None
[2025-04-02T19:04:44.829+0000] {processor.py:208} INFO - Processing /home/airflow/.local/lib/python3.12/site-packages/airflow/example_dags/example_dataset_alias.py took 2.536 seconds
[2025-04-02T19:05:20.369+0000] {processor.py:186} INFO - Started process (PID=257) to work on /home/airflow/.local/lib/python3.12/site-packages/airflow/example_dags/example_dataset_alias.py
[2025-04-02T19:05:20.390+0000] {processor.py:914} INFO - Processing file /home/airflow/.local/lib/python3.12/site-packages/airflow/example_dags/example_dataset_alias.py for tasks to queue
[2025-04-02T19:05:20.446+0000] {logging_mixin.py:190} INFO - [2025-04-02T19:05:20.445+0000] {dagbag.py:588} INFO - Filling up the DagBag from /home/airflow/.local/lib/python3.12/site-packages/airflow/example_dags/example_dataset_alias.py
[2025-04-02T19:05:24.096+0000] {processor.py:925} INFO - DAG(s) 'dataset_alias_example_alias_producer', 'dataset_s3_bucket_consumer', 'dataset_alias_example_alias_consumer', 'dataset_s3_bucket_producer' retrieved from /home/airflow/.local/lib/python3.12/site-packages/airflow/example_dags/example_dataset_alias.py
[2025-04-02T19:05:24.209+0000] {logging_mixin.py:190} INFO - [2025-04-02T19:05:24.208+0000] {dag.py:3239} INFO - Sync 4 DAGs
[2025-04-02T19:05:24.370+0000] {logging_mixin.py:190} INFO - [2025-04-02T19:05:24.369+0000] {dag.py:4180} INFO - Setting next_dagrun for dataset_alias_example_alias_consumer to None, run_after=None
[2025-04-02T19:05:24.379+0000] {logging_mixin.py:190} INFO - [2025-04-02T19:05:24.379+0000] {dag.py:4180} INFO - Setting next_dagrun for dataset_alias_example_alias_producer to None, run_after=None
[2025-04-02T19:05:24.387+0000] {logging_mixin.py:190} INFO - [2025-04-02T19:05:24.386+0000] {dag.py:4180} INFO - Setting next_dagrun for dataset_s3_bucket_consumer to None, run_after=None
[2025-04-02T19:05:24.393+0000] {logging_mixin.py:190} INFO - [2025-04-02T19:05:24.392+0000] {dag.py:4180} INFO - Setting next_dagrun for dataset_s3_bucket_producer to None, run_after=None
[2025-04-02T19:05:24.523+0000] {processor.py:208} INFO - Processing /home/airflow/.local/lib/python3.12/site-packages/airflow/example_dags/example_dataset_alias.py took 4.230 seconds
[2025-04-02T19:05:54.973+0000] {processor.py:186} INFO - Started process (PID=323) to work on /home/airflow/.local/lib/python3.12/site-packages/airflow/example_dags/example_dataset_alias.py
[2025-04-02T19:05:54.976+0000] {processor.py:914} INFO - Processing file /home/airflow/.local/lib/python3.12/site-packages/airflow/example_dags/example_dataset_alias.py for tasks to queue
[2025-04-02T19:05:54.981+0000] {logging_mixin.py:190} INFO - [2025-04-02T19:05:54.981+0000] {dagbag.py:588} INFO - Filling up the DagBag from /home/airflow/.local/lib/python3.12/site-packages/airflow/example_dags/example_dataset_alias.py
[2025-04-02T19:05:56.925+0000] {processor.py:925} INFO - DAG(s) 'dataset_s3_bucket_consumer', 'dataset_alias_example_alias_consumer', 'dataset_s3_bucket_producer', 'dataset_alias_example_alias_producer' retrieved from /home/airflow/.local/lib/python3.12/site-packages/airflow/example_dags/example_dataset_alias.py
[2025-04-02T19:05:56.968+0000] {logging_mixin.py:190} INFO - [2025-04-02T19:05:56.967+0000] {dag.py:3239} INFO - Sync 4 DAGs
[2025-04-02T19:05:57.015+0000] {logging_mixin.py:190} INFO - [2025-04-02T19:05:57.015+0000] {dag.py:4180} INFO - Setting next_dagrun for dataset_alias_example_alias_consumer to None, run_after=None
[2025-04-02T19:05:57.021+0000] {logging_mixin.py:190} INFO - [2025-04-02T19:05:57.020+0000] {dag.py:4180} INFO - Setting next_dagrun for dataset_alias_example_alias_producer to None, run_after=None
[2025-04-02T19:05:57.024+0000] {logging_mixin.py:190} INFO - [2025-04-02T19:05:57.024+0000] {dag.py:4180} INFO - Setting next_dagrun for dataset_s3_bucket_consumer to None, run_after=None
[2025-04-02T19:05:57.028+0000] {logging_mixin.py:190} INFO - [2025-04-02T19:05:57.028+0000] {dag.py:4180} INFO - Setting next_dagrun for dataset_s3_bucket_producer to None, run_after=None
[2025-04-02T19:05:57.084+0000] {processor.py:208} INFO - Processing /home/airflow/.local/lib/python3.12/site-packages/airflow/example_dags/example_dataset_alias.py took 2.130 seconds
[2025-04-02T19:06:36.017+0000] {processor.py:186} INFO - Started process (PID=404) to work on /home/airflow/.local/lib/python3.12/site-packages/airflow/example_dags/example_dataset_alias.py
[2025-04-02T19:06:36.022+0000] {processor.py:914} INFO - Processing file /home/airflow/.local/lib/python3.12/site-packages/airflow/example_dags/example_dataset_alias.py for tasks to queue
[2025-04-02T19:06:36.050+0000] {logging_mixin.py:190} INFO - [2025-04-02T19:06:36.049+0000] {dagbag.py:588} INFO - Filling up the DagBag from /home/airflow/.local/lib/python3.12/site-packages/airflow/example_dags/example_dataset_alias.py
[2025-04-02T19:06:39.901+0000] {processor.py:925} INFO - DAG(s) 'dataset_alias_example_alias_consumer', 'dataset_alias_example_alias_producer', 'dataset_s3_bucket_consumer', 'dataset_s3_bucket_producer' retrieved from /home/airflow/.local/lib/python3.12/site-packages/airflow/example_dags/example_dataset_alias.py
[2025-04-02T19:06:40.015+0000] {logging_mixin.py:190} INFO - [2025-04-02T19:06:40.012+0000] {dag.py:3239} INFO - Sync 4 DAGs
[2025-04-02T19:06:40.108+0000] {logging_mixin.py:190} INFO - [2025-04-02T19:06:40.107+0000] {dag.py:4180} INFO - Setting next_dagrun for dataset_alias_example_alias_consumer to None, run_after=None
[2025-04-02T19:06:40.117+0000] {logging_mixin.py:190} INFO - [2025-04-02T19:06:40.116+0000] {dag.py:4180} INFO - Setting next_dagrun for dataset_alias_example_alias_producer to None, run_after=None
[2025-04-02T19:06:40.125+0000] {logging_mixin.py:190} INFO - [2025-04-02T19:06:40.124+0000] {dag.py:4180} INFO - Setting next_dagrun for dataset_s3_bucket_consumer to None, run_after=None
[2025-04-02T19:06:40.129+0000] {logging_mixin.py:190} INFO - [2025-04-02T19:06:40.129+0000] {dag.py:4180} INFO - Setting next_dagrun for dataset_s3_bucket_producer to None, run_after=None
[2025-04-02T19:06:40.219+0000] {processor.py:208} INFO - Processing /home/airflow/.local/lib/python3.12/site-packages/airflow/example_dags/example_dataset_alias.py took 4.241 seconds
[2025-04-02T19:07:20.817+0000] {processor.py:186} INFO - Started process (PID=477) to work on /home/airflow/.local/lib/python3.12/site-packages/airflow/example_dags/example_dataset_alias.py
[2025-04-02T19:07:20.820+0000] {processor.py:914} INFO - Processing file /home/airflow/.local/lib/python3.12/site-packages/airflow/example_dags/example_dataset_alias.py for tasks to queue
[2025-04-02T19:07:20.833+0000] {logging_mixin.py:190} INFO - [2025-04-02T19:07:20.831+0000] {dagbag.py:588} INFO - Filling up the DagBag from /home/airflow/.local/lib/python3.12/site-packages/airflow/example_dags/example_dataset_alias.py
[2025-04-02T19:07:24.074+0000] {processor.py:925} INFO - DAG(s) 'dataset_alias_example_alias_consumer', 'dataset_alias_example_alias_producer', 'dataset_s3_bucket_producer', 'dataset_s3_bucket_consumer' retrieved from /home/airflow/.local/lib/python3.12/site-packages/airflow/example_dags/example_dataset_alias.py
[2025-04-02T19:07:24.174+0000] {logging_mixin.py:190} INFO - [2025-04-02T19:07:24.172+0000] {dag.py:3239} INFO - Sync 4 DAGs
[2025-04-02T19:07:24.240+0000] {logging_mixin.py:190} INFO - [2025-04-02T19:07:24.239+0000] {dag.py:4180} INFO - Setting next_dagrun for dataset_alias_example_alias_consumer to None, run_after=None
[2025-04-02T19:07:24.246+0000] {logging_mixin.py:190} INFO - [2025-04-02T19:07:24.246+0000] {dag.py:4180} INFO - Setting next_dagrun for dataset_alias_example_alias_producer to None, run_after=None
[2025-04-02T19:07:24.252+0000] {logging_mixin.py:190} INFO - [2025-04-02T19:07:24.251+0000] {dag.py:4180} INFO - Setting next_dagrun for dataset_s3_bucket_consumer to None, run_after=None
[2025-04-02T19:07:24.256+0000] {logging_mixin.py:190} INFO - [2025-04-02T19:07:24.255+0000] {dag.py:4180} INFO - Setting next_dagrun for dataset_s3_bucket_producer to None, run_after=None
[2025-04-02T19:07:24.351+0000] {processor.py:208} INFO - Processing /home/airflow/.local/lib/python3.12/site-packages/airflow/example_dags/example_dataset_alias.py took 3.596 seconds
[2025-04-02T19:07:55.282+0000] {processor.py:186} INFO - Started process (PID=540) to work on /home/airflow/.local/lib/python3.12/site-packages/airflow/example_dags/example_dataset_alias.py
[2025-04-02T19:07:55.285+0000] {processor.py:914} INFO - Processing file /home/airflow/.local/lib/python3.12/site-packages/airflow/example_dags/example_dataset_alias.py for tasks to queue
[2025-04-02T19:07:55.337+0000] {logging_mixin.py:190} INFO - [2025-04-02T19:07:55.336+0000] {dagbag.py:588} INFO - Filling up the DagBag from /home/airflow/.local/lib/python3.12/site-packages/airflow/example_dags/example_dataset_alias.py
[2025-04-02T19:07:59.716+0000] {processor.py:925} INFO - DAG(s) 'dataset_alias_example_alias_producer', 'dataset_s3_bucket_consumer', 'dataset_s3_bucket_producer', 'dataset_alias_example_alias_consumer' retrieved from /home/airflow/.local/lib/python3.12/site-packages/airflow/example_dags/example_dataset_alias.py
[2025-04-02T19:08:00.107+0000] {logging_mixin.py:190} INFO - [2025-04-02T19:08:00.096+0000] {dag.py:3239} INFO - Sync 4 DAGs
[2025-04-02T19:08:00.272+0000] {logging_mixin.py:190} INFO - [2025-04-02T19:08:00.271+0000] {dag.py:4180} INFO - Setting next_dagrun for dataset_alias_example_alias_consumer to None, run_after=None
[2025-04-02T19:08:00.280+0000] {logging_mixin.py:190} INFO - [2025-04-02T19:08:00.279+0000] {dag.py:4180} INFO - Setting next_dagrun for dataset_alias_example_alias_producer to None, run_after=None
[2025-04-02T19:08:00.285+0000] {logging_mixin.py:190} INFO - [2025-04-02T19:08:00.284+0000] {dag.py:4180} INFO - Setting next_dagrun for dataset_s3_bucket_consumer to None, run_after=None
[2025-04-02T19:08:00.290+0000] {logging_mixin.py:190} INFO - [2025-04-02T19:08:00.289+0000] {dag.py:4180} INFO - Setting next_dagrun for dataset_s3_bucket_producer to None, run_after=None
[2025-04-02T19:08:00.359+0000] {processor.py:208} INFO - Processing /home/airflow/.local/lib/python3.12/site-packages/airflow/example_dags/example_dataset_alias.py took 5.117 seconds
[2025-04-02T19:08:42.253+0000] {processor.py:186} INFO - Started process (PID=609) to work on /home/airflow/.local/lib/python3.12/site-packages/airflow/example_dags/example_dataset_alias.py
[2025-04-02T19:08:42.271+0000] {processor.py:914} INFO - Processing file /home/airflow/.local/lib/python3.12/site-packages/airflow/example_dags/example_dataset_alias.py for tasks to queue
[2025-04-02T19:08:42.289+0000] {logging_mixin.py:190} INFO - [2025-04-02T19:08:42.287+0000] {dagbag.py:588} INFO - Filling up the DagBag from /home/airflow/.local/lib/python3.12/site-packages/airflow/example_dags/example_dataset_alias.py
[2025-04-02T19:08:47.788+0000] {processor.py:925} INFO - DAG(s) 'dataset_s3_bucket_consumer', 'dataset_alias_example_alias_producer', 'dataset_s3_bucket_producer', 'dataset_alias_example_alias_consumer' retrieved from /home/airflow/.local/lib/python3.12/site-packages/airflow/example_dags/example_dataset_alias.py
[2025-04-02T19:08:47.955+0000] {logging_mixin.py:190} INFO - [2025-04-02T19:08:47.952+0000] {dag.py:3239} INFO - Sync 4 DAGs
[2025-04-02T19:08:48.170+0000] {logging_mixin.py:190} INFO - [2025-04-02T19:08:48.169+0000] {dag.py:4180} INFO - Setting next_dagrun for dataset_alias_example_alias_consumer to None, run_after=None
[2025-04-02T19:08:48.195+0000] {logging_mixin.py:190} INFO - [2025-04-02T19:08:48.189+0000] {dag.py:4180} INFO - Setting next_dagrun for dataset_alias_example_alias_producer to None, run_after=None
[2025-04-02T19:08:48.212+0000] {logging_mixin.py:190} INFO - [2025-04-02T19:08:48.205+0000] {dag.py:4180} INFO - Setting next_dagrun for dataset_s3_bucket_consumer to None, run_after=None
[2025-04-02T19:08:48.235+0000] {logging_mixin.py:190} INFO - [2025-04-02T19:08:48.234+0000] {dag.py:4180} INFO - Setting next_dagrun for dataset_s3_bucket_producer to None, run_after=None
[2025-04-02T19:08:48.355+0000] {processor.py:208} INFO - Processing /home/airflow/.local/lib/python3.12/site-packages/airflow/example_dags/example_dataset_alias.py took 6.141 seconds
[2025-04-02T19:09:40.605+0000] {processor.py:186} INFO - Started process (PID=683) to work on /home/airflow/.local/lib/python3.12/site-packages/airflow/example_dags/example_dataset_alias.py
[2025-04-02T19:09:40.610+0000] {processor.py:914} INFO - Processing file /home/airflow/.local/lib/python3.12/site-packages/airflow/example_dags/example_dataset_alias.py for tasks to queue
[2025-04-02T19:09:40.633+0000] {logging_mixin.py:190} INFO - [2025-04-02T19:09:40.633+0000] {dagbag.py:588} INFO - Filling up the DagBag from /home/airflow/.local/lib/python3.12/site-packages/airflow/example_dags/example_dataset_alias.py
[2025-04-02T19:09:49.801+0000] {processor.py:925} INFO - DAG(s) 'dataset_alias_example_alias_producer', 'dataset_alias_example_alias_consumer', 'dataset_s3_bucket_consumer', 'dataset_s3_bucket_producer' retrieved from /home/airflow/.local/lib/python3.12/site-packages/airflow/example_dags/example_dataset_alias.py
[2025-04-02T19:09:50.077+0000] {logging_mixin.py:190} INFO - [2025-04-02T19:09:50.076+0000] {dag.py:3239} INFO - Sync 4 DAGs
[2025-04-02T19:09:50.395+0000] {logging_mixin.py:190} INFO - [2025-04-02T19:09:50.394+0000] {dag.py:4180} INFO - Setting next_dagrun for dataset_alias_example_alias_consumer to None, run_after=None
[2025-04-02T19:09:50.459+0000] {logging_mixin.py:190} INFO - [2025-04-02T19:09:50.458+0000] {dag.py:4180} INFO - Setting next_dagrun for dataset_alias_example_alias_producer to None, run_after=None
[2025-04-02T19:09:50.498+0000] {logging_mixin.py:190} INFO - [2025-04-02T19:09:50.486+0000] {dag.py:4180} INFO - Setting next_dagrun for dataset_s3_bucket_consumer to None, run_after=None
[2025-04-02T19:09:50.514+0000] {logging_mixin.py:190} INFO - [2025-04-02T19:09:50.513+0000] {dag.py:4180} INFO - Setting next_dagrun for dataset_s3_bucket_producer to None, run_after=None
[2025-04-02T19:09:50.745+0000] {processor.py:208} INFO - Processing /home/airflow/.local/lib/python3.12/site-packages/airflow/example_dags/example_dataset_alias.py took 10.200 seconds
[2025-04-02T19:10:43.136+0000] {processor.py:186} INFO - Started process (PID=750) to work on /home/airflow/.local/lib/python3.12/site-packages/airflow/example_dags/example_dataset_alias.py
[2025-04-02T19:10:43.137+0000] {processor.py:914} INFO - Processing file /home/airflow/.local/lib/python3.12/site-packages/airflow/example_dags/example_dataset_alias.py for tasks to queue
[2025-04-02T19:10:43.143+0000] {logging_mixin.py:190} INFO - [2025-04-02T19:10:43.142+0000] {dagbag.py:588} INFO - Filling up the DagBag from /home/airflow/.local/lib/python3.12/site-packages/airflow/example_dags/example_dataset_alias.py
[2025-04-02T19:10:45.495+0000] {processor.py:925} INFO - DAG(s) 'dataset_s3_bucket_producer', 'dataset_s3_bucket_consumer', 'dataset_alias_example_alias_consumer', 'dataset_alias_example_alias_producer' retrieved from /home/airflow/.local/lib/python3.12/site-packages/airflow/example_dags/example_dataset_alias.py
[2025-04-02T19:10:45.552+0000] {logging_mixin.py:190} INFO - [2025-04-02T19:10:45.551+0000] {dag.py:3239} INFO - Sync 4 DAGs
[2025-04-02T19:10:45.614+0000] {logging_mixin.py:190} INFO - [2025-04-02T19:10:45.614+0000] {dag.py:4180} INFO - Setting next_dagrun for dataset_alias_example_alias_consumer to None, run_after=None
[2025-04-02T19:10:45.623+0000] {logging_mixin.py:190} INFO - [2025-04-02T19:10:45.622+0000] {dag.py:4180} INFO - Setting next_dagrun for dataset_alias_example_alias_producer to None, run_after=None
[2025-04-02T19:10:45.629+0000] {logging_mixin.py:190} INFO - [2025-04-02T19:10:45.628+0000] {dag.py:4180} INFO - Setting next_dagrun for dataset_s3_bucket_consumer to None, run_after=None
[2025-04-02T19:10:45.635+0000] {logging_mixin.py:190} INFO - [2025-04-02T19:10:45.635+0000] {dag.py:4180} INFO - Setting next_dagrun for dataset_s3_bucket_producer to None, run_after=None
[2025-04-02T19:10:45.708+0000] {processor.py:208} INFO - Processing /home/airflow/.local/lib/python3.12/site-packages/airflow/example_dags/example_dataset_alias.py took 2.586 seconds
[2025-04-02T19:11:26.452+0000] {processor.py:186} INFO - Started process (PID=817) to work on /home/airflow/.local/lib/python3.12/site-packages/airflow/example_dags/example_dataset_alias.py
[2025-04-02T19:11:26.465+0000] {processor.py:914} INFO - Processing file /home/airflow/.local/lib/python3.12/site-packages/airflow/example_dags/example_dataset_alias.py for tasks to queue
[2025-04-02T19:11:26.475+0000] {logging_mixin.py:190} INFO - [2025-04-02T19:11:26.474+0000] {dagbag.py:588} INFO - Filling up the DagBag from /home/airflow/.local/lib/python3.12/site-packages/airflow/example_dags/example_dataset_alias.py
[2025-04-02T19:11:29.532+0000] {processor.py:925} INFO - DAG(s) 'dataset_alias_example_alias_consumer', 'dataset_s3_bucket_producer', 'dataset_alias_example_alias_producer', 'dataset_s3_bucket_consumer' retrieved from /home/airflow/.local/lib/python3.12/site-packages/airflow/example_dags/example_dataset_alias.py
[2025-04-02T19:11:29.617+0000] {logging_mixin.py:190} INFO - [2025-04-02T19:11:29.615+0000] {dag.py:3239} INFO - Sync 4 DAGs
[2025-04-02T19:11:29.758+0000] {logging_mixin.py:190} INFO - [2025-04-02T19:11:29.757+0000] {dag.py:4180} INFO - Setting next_dagrun for dataset_alias_example_alias_consumer to None, run_after=None
[2025-04-02T19:11:29.774+0000] {logging_mixin.py:190} INFO - [2025-04-02T19:11:29.773+0000] {dag.py:4180} INFO - Setting next_dagrun for dataset_alias_example_alias_producer to None, run_after=None
[2025-04-02T19:11:29.793+0000] {logging_mixin.py:190} INFO - [2025-04-02T19:11:29.792+0000] {dag.py:4180} INFO - Setting next_dagrun for dataset_s3_bucket_consumer to None, run_after=None
[2025-04-02T19:11:29.797+0000] {logging_mixin.py:190} INFO - [2025-04-02T19:11:29.797+0000] {dag.py:4180} INFO - Setting next_dagrun for dataset_s3_bucket_producer to None, run_after=None
[2025-04-02T19:11:29.940+0000] {processor.py:208} INFO - Processing /home/airflow/.local/lib/python3.12/site-packages/airflow/example_dags/example_dataset_alias.py took 3.540 seconds
[2025-04-02T19:12:02.317+0000] {processor.py:186} INFO - Started process (PID=881) to work on /home/airflow/.local/lib/python3.12/site-packages/airflow/example_dags/example_dataset_alias.py
[2025-04-02T19:12:02.321+0000] {processor.py:914} INFO - Processing file /home/airflow/.local/lib/python3.12/site-packages/airflow/example_dags/example_dataset_alias.py for tasks to queue
[2025-04-02T19:12:02.334+0000] {logging_mixin.py:190} INFO - [2025-04-02T19:12:02.333+0000] {dagbag.py:588} INFO - Filling up the DagBag from /home/airflow/.local/lib/python3.12/site-packages/airflow/example_dags/example_dataset_alias.py
[2025-04-02T19:12:05.637+0000] {processor.py:925} INFO - DAG(s) 'dataset_alias_example_alias_consumer', 'dataset_s3_bucket_producer', 'dataset_s3_bucket_consumer', 'dataset_alias_example_alias_producer' retrieved from /home/airflow/.local/lib/python3.12/site-packages/airflow/example_dags/example_dataset_alias.py
[2025-04-02T19:12:05.862+0000] {logging_mixin.py:190} INFO - [2025-04-02T19:12:05.851+0000] {dag.py:3239} INFO - Sync 4 DAGs
[2025-04-02T19:12:05.999+0000] {logging_mixin.py:190} INFO - [2025-04-02T19:12:05.999+0000] {dag.py:4180} INFO - Setting next_dagrun for dataset_alias_example_alias_consumer to None, run_after=None
[2025-04-02T19:12:06.016+0000] {logging_mixin.py:190} INFO - [2025-04-02T19:12:06.015+0000] {dag.py:4180} INFO - Setting next_dagrun for dataset_alias_example_alias_producer to None, run_after=None
[2025-04-02T19:12:06.021+0000] {logging_mixin.py:190} INFO - [2025-04-02T19:12:06.020+0000] {dag.py:4180} INFO - Setting next_dagrun for dataset_s3_bucket_consumer to None, run_after=None
[2025-04-02T19:12:06.031+0000] {logging_mixin.py:190} INFO - [2025-04-02T19:12:06.029+0000] {dag.py:4180} INFO - Setting next_dagrun for dataset_s3_bucket_producer to None, run_after=None
[2025-04-02T19:12:06.127+0000] {processor.py:208} INFO - Processing /home/airflow/.local/lib/python3.12/site-packages/airflow/example_dags/example_dataset_alias.py took 3.840 seconds
[2025-04-02T19:12:37.284+0000] {processor.py:186} INFO - Started process (PID=952) to work on /home/airflow/.local/lib/python3.12/site-packages/airflow/example_dags/example_dataset_alias.py
[2025-04-02T19:12:37.286+0000] {processor.py:914} INFO - Processing file /home/airflow/.local/lib/python3.12/site-packages/airflow/example_dags/example_dataset_alias.py for tasks to queue
[2025-04-02T19:12:37.302+0000] {logging_mixin.py:190} INFO - [2025-04-02T19:12:37.301+0000] {dagbag.py:588} INFO - Filling up the DagBag from /home/airflow/.local/lib/python3.12/site-packages/airflow/example_dags/example_dataset_alias.py
[2025-04-02T19:12:40.768+0000] {processor.py:925} INFO - DAG(s) 'dataset_alias_example_alias_consumer', 'dataset_s3_bucket_consumer', 'dataset_s3_bucket_producer', 'dataset_alias_example_alias_producer' retrieved from /home/airflow/.local/lib/python3.12/site-packages/airflow/example_dags/example_dataset_alias.py
[2025-04-02T19:12:40.937+0000] {logging_mixin.py:190} INFO - [2025-04-02T19:12:40.935+0000] {dag.py:3239} INFO - Sync 4 DAGs
[2025-04-02T19:12:41.092+0000] {logging_mixin.py:190} INFO - [2025-04-02T19:12:41.091+0000] {dag.py:4180} INFO - Setting next_dagrun for dataset_alias_example_alias_consumer to None, run_after=None
[2025-04-02T19:12:41.110+0000] {logging_mixin.py:190} INFO - [2025-04-02T19:12:41.110+0000] {dag.py:4180} INFO - Setting next_dagrun for dataset_alias_example_alias_producer to None, run_after=None
[2025-04-02T19:12:41.119+0000] {logging_mixin.py:190} INFO - [2025-04-02T19:12:41.118+0000] {dag.py:4180} INFO - Setting next_dagrun for dataset_s3_bucket_consumer to None, run_after=None
[2025-04-02T19:12:41.132+0000] {logging_mixin.py:190} INFO - [2025-04-02T19:12:41.131+0000] {dag.py:4180} INFO - Setting next_dagrun for dataset_s3_bucket_producer to None, run_after=None
[2025-04-02T19:12:41.367+0000] {processor.py:208} INFO - Processing /home/airflow/.local/lib/python3.12/site-packages/airflow/example_dags/example_dataset_alias.py took 4.112 seconds
[2025-04-02T19:13:22.320+0000] {processor.py:186} INFO - Started process (PID=1022) to work on /home/airflow/.local/lib/python3.12/site-packages/airflow/example_dags/example_dataset_alias.py
[2025-04-02T19:13:22.350+0000] {processor.py:914} INFO - Processing file /home/airflow/.local/lib/python3.12/site-packages/airflow/example_dags/example_dataset_alias.py for tasks to queue
[2025-04-02T19:13:22.395+0000] {logging_mixin.py:190} INFO - [2025-04-02T19:13:22.393+0000] {dagbag.py:588} INFO - Filling up the DagBag from /home/airflow/.local/lib/python3.12/site-packages/airflow/example_dags/example_dataset_alias.py
[2025-04-02T19:13:29.497+0000] {processor.py:925} INFO - DAG(s) 'dataset_alias_example_alias_producer', 'dataset_s3_bucket_producer', 'dataset_alias_example_alias_consumer', 'dataset_s3_bucket_consumer' retrieved from /home/airflow/.local/lib/python3.12/site-packages/airflow/example_dags/example_dataset_alias.py
[2025-04-02T19:13:29.722+0000] {logging_mixin.py:190} INFO - [2025-04-02T19:13:29.721+0000] {dag.py:3239} INFO - Sync 4 DAGs
[2025-04-02T19:13:29.938+0000] {logging_mixin.py:190} INFO - [2025-04-02T19:13:29.937+0000] {dag.py:4180} INFO - Setting next_dagrun for dataset_alias_example_alias_consumer to None, run_after=None
[2025-04-02T19:13:29.989+0000] {logging_mixin.py:190} INFO - [2025-04-02T19:13:29.988+0000] {dag.py:4180} INFO - Setting next_dagrun for dataset_alias_example_alias_producer to None, run_after=None
[2025-04-02T19:13:30.028+0000] {logging_mixin.py:190} INFO - [2025-04-02T19:13:30.027+0000] {dag.py:4180} INFO - Setting next_dagrun for dataset_s3_bucket_consumer to None, run_after=None
[2025-04-02T19:13:30.047+0000] {logging_mixin.py:190} INFO - [2025-04-02T19:13:30.046+0000] {dag.py:4180} INFO - Setting next_dagrun for dataset_s3_bucket_producer to None, run_after=None
[2025-04-02T19:13:30.370+0000] {processor.py:208} INFO - Processing /home/airflow/.local/lib/python3.12/site-packages/airflow/example_dags/example_dataset_alias.py took 8.116 seconds
[2025-04-02T19:14:02.732+0000] {processor.py:186} INFO - Started process (PID=1086) to work on /home/airflow/.local/lib/python3.12/site-packages/airflow/example_dags/example_dataset_alias.py
[2025-04-02T19:14:02.743+0000] {processor.py:914} INFO - Processing file /home/airflow/.local/lib/python3.12/site-packages/airflow/example_dags/example_dataset_alias.py for tasks to queue
[2025-04-02T19:14:02.767+0000] {logging_mixin.py:190} INFO - [2025-04-02T19:14:02.767+0000] {dagbag.py:588} INFO - Filling up the DagBag from /home/airflow/.local/lib/python3.12/site-packages/airflow/example_dags/example_dataset_alias.py
[2025-04-02T19:14:07.075+0000] {processor.py:925} INFO - DAG(s) 'dataset_alias_example_alias_consumer', 'dataset_alias_example_alias_producer', 'dataset_s3_bucket_consumer', 'dataset_s3_bucket_producer' retrieved from /home/airflow/.local/lib/python3.12/site-packages/airflow/example_dags/example_dataset_alias.py
[2025-04-02T19:14:07.247+0000] {logging_mixin.py:190} INFO - [2025-04-02T19:14:07.230+0000] {dag.py:3239} INFO - Sync 4 DAGs
[2025-04-02T19:14:07.344+0000] {logging_mixin.py:190} INFO - [2025-04-02T19:14:07.343+0000] {dag.py:4180} INFO - Setting next_dagrun for dataset_alias_example_alias_consumer to None, run_after=None
[2025-04-02T19:14:07.361+0000] {logging_mixin.py:190} INFO - [2025-04-02T19:14:07.360+0000] {dag.py:4180} INFO - Setting next_dagrun for dataset_alias_example_alias_producer to None, run_after=None
[2025-04-02T19:14:07.382+0000] {logging_mixin.py:190} INFO - [2025-04-02T19:14:07.382+0000] {dag.py:4180} INFO - Setting next_dagrun for dataset_s3_bucket_consumer to None, run_after=None
[2025-04-02T19:14:07.399+0000] {logging_mixin.py:190} INFO - [2025-04-02T19:14:07.398+0000] {dag.py:4180} INFO - Setting next_dagrun for dataset_s3_bucket_producer to None, run_after=None
[2025-04-02T19:14:07.556+0000] {processor.py:208} INFO - Processing /home/airflow/.local/lib/python3.12/site-packages/airflow/example_dags/example_dataset_alias.py took 4.877 seconds
[2025-04-02T19:15:15.412+0000] {processor.py:186} INFO - Started process (PID=1180) to work on /home/airflow/.local/lib/python3.12/site-packages/airflow/example_dags/example_dataset_alias.py
[2025-04-02T19:15:15.422+0000] {processor.py:914} INFO - Processing file /home/airflow/.local/lib/python3.12/site-packages/airflow/example_dags/example_dataset_alias.py for tasks to queue
[2025-04-02T19:15:15.458+0000] {logging_mixin.py:190} INFO - [2025-04-02T19:15:15.446+0000] {dagbag.py:588} INFO - Filling up the DagBag from /home/airflow/.local/lib/python3.12/site-packages/airflow/example_dags/example_dataset_alias.py
[2025-04-02T19:15:19.881+0000] {processor.py:925} INFO - DAG(s) 'dataset_alias_example_alias_producer', 'dataset_alias_example_alias_consumer', 'dataset_s3_bucket_consumer', 'dataset_s3_bucket_producer' retrieved from /home/airflow/.local/lib/python3.12/site-packages/airflow/example_dags/example_dataset_alias.py
[2025-04-02T19:15:20.069+0000] {logging_mixin.py:190} INFO - [2025-04-02T19:15:20.067+0000] {dag.py:3239} INFO - Sync 4 DAGs
[2025-04-02T19:15:20.248+0000] {logging_mixin.py:190} INFO - [2025-04-02T19:15:20.247+0000] {dag.py:4180} INFO - Setting next_dagrun for dataset_alias_example_alias_consumer to None, run_after=None
[2025-04-02T19:15:20.279+0000] {logging_mixin.py:190} INFO - [2025-04-02T19:15:20.279+0000] {dag.py:4180} INFO - Setting next_dagrun for dataset_alias_example_alias_producer to None, run_after=None
[2025-04-02T19:15:20.300+0000] {logging_mixin.py:190} INFO - [2025-04-02T19:15:20.299+0000] {dag.py:4180} INFO - Setting next_dagrun for dataset_s3_bucket_consumer to None, run_after=None
[2025-04-02T19:15:20.316+0000] {logging_mixin.py:190} INFO - [2025-04-02T19:15:20.315+0000] {dag.py:4180} INFO - Setting next_dagrun for dataset_s3_bucket_producer to None, run_after=None
[2025-04-02T19:15:20.467+0000] {processor.py:208} INFO - Processing /home/airflow/.local/lib/python3.12/site-packages/airflow/example_dags/example_dataset_alias.py took 5.086 seconds
[2025-04-02T19:16:01.050+0000] {processor.py:186} INFO - Started process (PID=1242) to work on /home/airflow/.local/lib/python3.12/site-packages/airflow/example_dags/example_dataset_alias.py
[2025-04-02T19:16:01.053+0000] {processor.py:914} INFO - Processing file /home/airflow/.local/lib/python3.12/site-packages/airflow/example_dags/example_dataset_alias.py for tasks to queue
[2025-04-02T19:16:01.062+0000] {logging_mixin.py:190} INFO - [2025-04-02T19:16:01.061+0000] {dagbag.py:588} INFO - Filling up the DagBag from /home/airflow/.local/lib/python3.12/site-packages/airflow/example_dags/example_dataset_alias.py
[2025-04-02T19:16:04.966+0000] {processor.py:925} INFO - DAG(s) 'dataset_alias_example_alias_consumer', 'dataset_alias_example_alias_producer', 'dataset_s3_bucket_consumer', 'dataset_s3_bucket_producer' retrieved from /home/airflow/.local/lib/python3.12/site-packages/airflow/example_dags/example_dataset_alias.py
[2025-04-02T19:16:05.187+0000] {logging_mixin.py:190} INFO - [2025-04-02T19:16:05.185+0000] {dag.py:3239} INFO - Sync 4 DAGs
[2025-04-02T19:16:05.454+0000] {logging_mixin.py:190} INFO - [2025-04-02T19:16:05.453+0000] {dag.py:4180} INFO - Setting next_dagrun for dataset_alias_example_alias_consumer to None, run_after=None
[2025-04-02T19:16:05.471+0000] {logging_mixin.py:190} INFO - [2025-04-02T19:16:05.470+0000] {dag.py:4180} INFO - Setting next_dagrun for dataset_alias_example_alias_producer to None, run_after=None
[2025-04-02T19:16:05.504+0000] {logging_mixin.py:190} INFO - [2025-04-02T19:16:05.503+0000] {dag.py:4180} INFO - Setting next_dagrun for dataset_s3_bucket_consumer to None, run_after=None
[2025-04-02T19:16:05.522+0000] {logging_mixin.py:190} INFO - [2025-04-02T19:16:05.521+0000] {dag.py:4180} INFO - Setting next_dagrun for dataset_s3_bucket_producer to None, run_after=None
[2025-04-02T19:16:05.848+0000] {processor.py:208} INFO - Processing /home/airflow/.local/lib/python3.12/site-packages/airflow/example_dags/example_dataset_alias.py took 4.818 seconds
[2025-04-02T19:16:46.972+0000] {processor.py:186} INFO - Started process (PID=1322) to work on /home/airflow/.local/lib/python3.12/site-packages/airflow/example_dags/example_dataset_alias.py
[2025-04-02T19:16:46.975+0000] {processor.py:914} INFO - Processing file /home/airflow/.local/lib/python3.12/site-packages/airflow/example_dags/example_dataset_alias.py for tasks to queue
[2025-04-02T19:16:46.982+0000] {logging_mixin.py:190} INFO - [2025-04-02T19:16:46.981+0000] {dagbag.py:588} INFO - Filling up the DagBag from /home/airflow/.local/lib/python3.12/site-packages/airflow/example_dags/example_dataset_alias.py
[2025-04-02T19:16:50.365+0000] {processor.py:925} INFO - DAG(s) 'dataset_s3_bucket_producer', 'dataset_alias_example_alias_consumer', 'dataset_alias_example_alias_producer', 'dataset_s3_bucket_consumer' retrieved from /home/airflow/.local/lib/python3.12/site-packages/airflow/example_dags/example_dataset_alias.py
[2025-04-02T19:16:50.708+0000] {logging_mixin.py:190} INFO - [2025-04-02T19:16:50.707+0000] {dag.py:3239} INFO - Sync 4 DAGs
[2025-04-02T19:16:51.226+0000] {logging_mixin.py:190} INFO - [2025-04-02T19:16:51.214+0000] {dag.py:4180} INFO - Setting next_dagrun for dataset_alias_example_alias_consumer to None, run_after=None
[2025-04-02T19:16:51.554+0000] {logging_mixin.py:190} INFO - [2025-04-02T19:16:51.525+0000] {dag.py:4180} INFO - Setting next_dagrun for dataset_alias_example_alias_producer to None, run_after=None
[2025-04-02T19:16:51.728+0000] {logging_mixin.py:190} INFO - [2025-04-02T19:16:51.727+0000] {dag.py:4180} INFO - Setting next_dagrun for dataset_s3_bucket_consumer to None, run_after=None
[2025-04-02T19:16:52.133+0000] {logging_mixin.py:190} INFO - [2025-04-02T19:16:52.132+0000] {dag.py:4180} INFO - Setting next_dagrun for dataset_s3_bucket_producer to None, run_after=None
[2025-04-02T19:16:52.678+0000] {processor.py:208} INFO - Processing /home/airflow/.local/lib/python3.12/site-packages/airflow/example_dags/example_dataset_alias.py took 5.729 seconds
[2025-04-02T19:17:25.215+0000] {processor.py:186} INFO - Started process (PID=1390) to work on /home/airflow/.local/lib/python3.12/site-packages/airflow/example_dags/example_dataset_alias.py
[2025-04-02T19:17:25.223+0000] {processor.py:914} INFO - Processing file /home/airflow/.local/lib/python3.12/site-packages/airflow/example_dags/example_dataset_alias.py for tasks to queue
[2025-04-02T19:17:25.232+0000] {logging_mixin.py:190} INFO - [2025-04-02T19:17:25.231+0000] {dagbag.py:588} INFO - Filling up the DagBag from /home/airflow/.local/lib/python3.12/site-packages/airflow/example_dags/example_dataset_alias.py
[2025-04-02T19:17:30.110+0000] {processor.py:925} INFO - DAG(s) 'dataset_alias_example_alias_producer', 'dataset_s3_bucket_producer', 'dataset_s3_bucket_consumer', 'dataset_alias_example_alias_consumer' retrieved from /home/airflow/.local/lib/python3.12/site-packages/airflow/example_dags/example_dataset_alias.py
[2025-04-02T19:17:30.293+0000] {logging_mixin.py:190} INFO - [2025-04-02T19:17:30.291+0000] {dag.py:3239} INFO - Sync 4 DAGs
[2025-04-02T19:17:30.378+0000] {logging_mixin.py:190} INFO - [2025-04-02T19:17:30.378+0000] {dag.py:4180} INFO - Setting next_dagrun for dataset_alias_example_alias_consumer to None, run_after=None
[2025-04-02T19:17:30.391+0000] {logging_mixin.py:190} INFO - [2025-04-02T19:17:30.391+0000] {dag.py:4180} INFO - Setting next_dagrun for dataset_alias_example_alias_producer to None, run_after=None
[2025-04-02T19:17:30.396+0000] {logging_mixin.py:190} INFO - [2025-04-02T19:17:30.395+0000] {dag.py:4180} INFO - Setting next_dagrun for dataset_s3_bucket_consumer to None, run_after=None
[2025-04-02T19:17:30.399+0000] {logging_mixin.py:190} INFO - [2025-04-02T19:17:30.399+0000] {dag.py:4180} INFO - Setting next_dagrun for dataset_s3_bucket_producer to None, run_after=None
[2025-04-02T19:17:30.533+0000] {processor.py:208} INFO - Processing /home/airflow/.local/lib/python3.12/site-packages/airflow/example_dags/example_dataset_alias.py took 5.348 seconds
[2025-04-02T19:18:01.230+0000] {processor.py:186} INFO - Started process (PID=1459) to work on /home/airflow/.local/lib/python3.12/site-packages/airflow/example_dags/example_dataset_alias.py
[2025-04-02T19:18:01.244+0000] {processor.py:914} INFO - Processing file /home/airflow/.local/lib/python3.12/site-packages/airflow/example_dags/example_dataset_alias.py for tasks to queue
[2025-04-02T19:18:01.250+0000] {logging_mixin.py:190} INFO - [2025-04-02T19:18:01.249+0000] {dagbag.py:588} INFO - Filling up the DagBag from /home/airflow/.local/lib/python3.12/site-packages/airflow/example_dags/example_dataset_alias.py
[2025-04-02T19:18:05.139+0000] {processor.py:925} INFO - DAG(s) 'dataset_s3_bucket_producer', 'dataset_s3_bucket_consumer', 'dataset_alias_example_alias_consumer', 'dataset_alias_example_alias_producer' retrieved from /home/airflow/.local/lib/python3.12/site-packages/airflow/example_dags/example_dataset_alias.py
[2025-04-02T19:18:05.295+0000] {logging_mixin.py:190} INFO - [2025-04-02T19:18:05.293+0000] {dag.py:3239} INFO - Sync 4 DAGs
[2025-04-02T19:18:05.511+0000] {logging_mixin.py:190} INFO - [2025-04-02T19:18:05.511+0000] {dag.py:4180} INFO - Setting next_dagrun for dataset_alias_example_alias_consumer to None, run_after=None
[2025-04-02T19:18:05.566+0000] {logging_mixin.py:190} INFO - [2025-04-02T19:18:05.564+0000] {dag.py:4180} INFO - Setting next_dagrun for dataset_alias_example_alias_producer to None, run_after=None
[2025-04-02T19:18:05.602+0000] {logging_mixin.py:190} INFO - [2025-04-02T19:18:05.601+0000] {dag.py:4180} INFO - Setting next_dagrun for dataset_s3_bucket_consumer to None, run_after=None
[2025-04-02T19:18:05.622+0000] {logging_mixin.py:190} INFO - [2025-04-02T19:18:05.621+0000] {dag.py:4180} INFO - Setting next_dagrun for dataset_s3_bucket_producer to None, run_after=None
[2025-04-02T19:18:05.792+0000] {processor.py:208} INFO - Processing /home/airflow/.local/lib/python3.12/site-packages/airflow/example_dags/example_dataset_alias.py took 4.600 seconds
[2025-04-02T19:18:36.221+0000] {processor.py:186} INFO - Started process (PID=1527) to work on /home/airflow/.local/lib/python3.12/site-packages/airflow/example_dags/example_dataset_alias.py
[2025-04-02T19:18:36.226+0000] {processor.py:914} INFO - Processing file /home/airflow/.local/lib/python3.12/site-packages/airflow/example_dags/example_dataset_alias.py for tasks to queue
[2025-04-02T19:18:36.257+0000] {logging_mixin.py:190} INFO - [2025-04-02T19:18:36.256+0000] {dagbag.py:588} INFO - Filling up the DagBag from /home/airflow/.local/lib/python3.12/site-packages/airflow/example_dags/example_dataset_alias.py
[2025-04-02T19:18:40.778+0000] {processor.py:925} INFO - DAG(s) 'dataset_alias_example_alias_consumer', 'dataset_s3_bucket_producer', 'dataset_s3_bucket_consumer', 'dataset_alias_example_alias_producer' retrieved from /home/airflow/.local/lib/python3.12/site-packages/airflow/example_dags/example_dataset_alias.py
[2025-04-02T19:18:40.900+0000] {logging_mixin.py:190} INFO - [2025-04-02T19:18:40.893+0000] {dag.py:3239} INFO - Sync 4 DAGs
[2025-04-02T19:18:41.033+0000] {logging_mixin.py:190} INFO - [2025-04-02T19:18:41.032+0000] {dag.py:4180} INFO - Setting next_dagrun for dataset_alias_example_alias_consumer to None, run_after=None
[2025-04-02T19:18:41.049+0000] {logging_mixin.py:190} INFO - [2025-04-02T19:18:41.049+0000] {dag.py:4180} INFO - Setting next_dagrun for dataset_alias_example_alias_producer to None, run_after=None
[2025-04-02T19:18:41.063+0000] {logging_mixin.py:190} INFO - [2025-04-02T19:18:41.062+0000] {dag.py:4180} INFO - Setting next_dagrun for dataset_s3_bucket_consumer to None, run_after=None
[2025-04-02T19:18:41.080+0000] {logging_mixin.py:190} INFO - [2025-04-02T19:18:41.079+0000] {dag.py:4180} INFO - Setting next_dagrun for dataset_s3_bucket_producer to None, run_after=None
[2025-04-02T19:18:41.275+0000] {processor.py:208} INFO - Processing /home/airflow/.local/lib/python3.12/site-packages/airflow/example_dags/example_dataset_alias.py took 5.092 seconds
[2025-04-02T19:19:13.285+0000] {processor.py:186} INFO - Started process (PID=1601) to work on /home/airflow/.local/lib/python3.12/site-packages/airflow/example_dags/example_dataset_alias.py
[2025-04-02T19:19:13.301+0000] {processor.py:914} INFO - Processing file /home/airflow/.local/lib/python3.12/site-packages/airflow/example_dags/example_dataset_alias.py for tasks to queue
[2025-04-02T19:19:13.320+0000] {logging_mixin.py:190} INFO - [2025-04-02T19:19:13.319+0000] {dagbag.py:588} INFO - Filling up the DagBag from /home/airflow/.local/lib/python3.12/site-packages/airflow/example_dags/example_dataset_alias.py
[2025-04-02T19:19:19.578+0000] {processor.py:925} INFO - DAG(s) 'dataset_s3_bucket_consumer', 'dataset_alias_example_alias_consumer', 'dataset_s3_bucket_producer', 'dataset_alias_example_alias_producer' retrieved from /home/airflow/.local/lib/python3.12/site-packages/airflow/example_dags/example_dataset_alias.py
[2025-04-02T19:19:20.008+0000] {logging_mixin.py:190} INFO - [2025-04-02T19:19:19.999+0000] {dag.py:3239} INFO - Sync 4 DAGs
[2025-04-02T19:19:20.172+0000] {logging_mixin.py:190} INFO - [2025-04-02T19:19:20.171+0000] {dag.py:4180} INFO - Setting next_dagrun for dataset_alias_example_alias_consumer to None, run_after=None
[2025-04-02T19:19:20.182+0000] {logging_mixin.py:190} INFO - [2025-04-02T19:19:20.181+0000] {dag.py:4180} INFO - Setting next_dagrun for dataset_alias_example_alias_producer to None, run_after=None
[2025-04-02T19:19:20.191+0000] {logging_mixin.py:190} INFO - [2025-04-02T19:19:20.190+0000] {dag.py:4180} INFO - Setting next_dagrun for dataset_s3_bucket_consumer to None, run_after=None
[2025-04-02T19:19:20.198+0000] {logging_mixin.py:190} INFO - [2025-04-02T19:19:20.197+0000] {dag.py:4180} INFO - Setting next_dagrun for dataset_s3_bucket_producer to None, run_after=None
[2025-04-02T19:19:20.374+0000] {processor.py:208} INFO - Processing /home/airflow/.local/lib/python3.12/site-packages/airflow/example_dags/example_dataset_alias.py took 7.140 seconds
[2025-04-02T19:20:24.784+0000] {processor.py:186} INFO - Started process (PID=1684) to work on /home/airflow/.local/lib/python3.12/site-packages/airflow/example_dags/example_dataset_alias.py
[2025-04-02T19:20:24.797+0000] {processor.py:914} INFO - Processing file /home/airflow/.local/lib/python3.12/site-packages/airflow/example_dags/example_dataset_alias.py for tasks to queue
[2025-04-02T19:20:24.813+0000] {logging_mixin.py:190} INFO - [2025-04-02T19:20:24.812+0000] {dagbag.py:588} INFO - Filling up the DagBag from /home/airflow/.local/lib/python3.12/site-packages/airflow/example_dags/example_dataset_alias.py
[2025-04-02T19:20:26.690+0000] {processor.py:925} INFO - DAG(s) 'dataset_s3_bucket_consumer', 'dataset_alias_example_alias_consumer', 'dataset_s3_bucket_producer', 'dataset_alias_example_alias_producer' retrieved from /home/airflow/.local/lib/python3.12/site-packages/airflow/example_dags/example_dataset_alias.py
[2025-04-02T19:20:26.748+0000] {logging_mixin.py:190} INFO - [2025-04-02T19:20:26.741+0000] {dag.py:3239} INFO - Sync 4 DAGs
[2025-04-02T19:20:26.857+0000] {logging_mixin.py:190} INFO - [2025-04-02T19:20:26.856+0000] {dag.py:4180} INFO - Setting next_dagrun for dataset_alias_example_alias_consumer to None, run_after=None
[2025-04-02T19:20:26.868+0000] {logging_mixin.py:190} INFO - [2025-04-02T19:20:26.867+0000] {dag.py:4180} INFO - Setting next_dagrun for dataset_alias_example_alias_producer to None, run_after=None
[2025-04-02T19:20:26.874+0000] {logging_mixin.py:190} INFO - [2025-04-02T19:20:26.874+0000] {dag.py:4180} INFO - Setting next_dagrun for dataset_s3_bucket_consumer to None, run_after=None
[2025-04-02T19:20:26.880+0000] {logging_mixin.py:190} INFO - [2025-04-02T19:20:26.880+0000] {dag.py:4180} INFO - Setting next_dagrun for dataset_s3_bucket_producer to None, run_after=None
[2025-04-02T19:20:26.933+0000] {processor.py:208} INFO - Processing /home/airflow/.local/lib/python3.12/site-packages/airflow/example_dags/example_dataset_alias.py took 2.200 seconds
[2025-04-02T19:21:02.080+0000] {processor.py:186} INFO - Started process (PID=1757) to work on /home/airflow/.local/lib/python3.12/site-packages/airflow/example_dags/example_dataset_alias.py
[2025-04-02T19:21:02.099+0000] {processor.py:914} INFO - Processing file /home/airflow/.local/lib/python3.12/site-packages/airflow/example_dags/example_dataset_alias.py for tasks to queue
[2025-04-02T19:21:02.115+0000] {logging_mixin.py:190} INFO - [2025-04-02T19:21:02.114+0000] {dagbag.py:588} INFO - Filling up the DagBag from /home/airflow/.local/lib/python3.12/site-packages/airflow/example_dags/example_dataset_alias.py
[2025-04-02T19:21:04.774+0000] {processor.py:925} INFO - DAG(s) 'dataset_s3_bucket_producer', 'dataset_s3_bucket_consumer', 'dataset_alias_example_alias_consumer', 'dataset_alias_example_alias_producer' retrieved from /home/airflow/.local/lib/python3.12/site-packages/airflow/example_dags/example_dataset_alias.py
[2025-04-02T19:21:04.929+0000] {logging_mixin.py:190} INFO - [2025-04-02T19:21:04.923+0000] {dag.py:3239} INFO - Sync 4 DAGs
[2025-04-02T19:21:05.028+0000] {logging_mixin.py:190} INFO - [2025-04-02T19:21:05.028+0000] {dag.py:4180} INFO - Setting next_dagrun for dataset_alias_example_alias_consumer to None, run_after=None
[2025-04-02T19:21:05.050+0000] {logging_mixin.py:190} INFO - [2025-04-02T19:21:05.049+0000] {dag.py:4180} INFO - Setting next_dagrun for dataset_alias_example_alias_producer to None, run_after=None
[2025-04-02T19:21:05.064+0000] {logging_mixin.py:190} INFO - [2025-04-02T19:21:05.062+0000] {dag.py:4180} INFO - Setting next_dagrun for dataset_s3_bucket_consumer to None, run_after=None
[2025-04-02T19:21:05.070+0000] {logging_mixin.py:190} INFO - [2025-04-02T19:21:05.069+0000] {dag.py:4180} INFO - Setting next_dagrun for dataset_s3_bucket_producer to None, run_after=None
[2025-04-02T19:21:05.192+0000] {processor.py:208} INFO - Processing /home/airflow/.local/lib/python3.12/site-packages/airflow/example_dags/example_dataset_alias.py took 3.155 seconds
[2025-04-02T19:21:43.798+0000] {processor.py:186} INFO - Started process (PID=1832) to work on /home/airflow/.local/lib/python3.12/site-packages/airflow/example_dags/example_dataset_alias.py
[2025-04-02T19:21:43.807+0000] {processor.py:914} INFO - Processing file /home/airflow/.local/lib/python3.12/site-packages/airflow/example_dags/example_dataset_alias.py for tasks to queue
[2025-04-02T19:21:43.817+0000] {logging_mixin.py:190} INFO - [2025-04-02T19:21:43.816+0000] {dagbag.py:588} INFO - Filling up the DagBag from /home/airflow/.local/lib/python3.12/site-packages/airflow/example_dags/example_dataset_alias.py
[2025-04-02T19:21:47.005+0000] {processor.py:925} INFO - DAG(s) 'dataset_alias_example_alias_consumer', 'dataset_s3_bucket_producer', 'dataset_s3_bucket_consumer', 'dataset_alias_example_alias_producer' retrieved from /home/airflow/.local/lib/python3.12/site-packages/airflow/example_dags/example_dataset_alias.py
[2025-04-02T19:21:47.073+0000] {logging_mixin.py:190} INFO - [2025-04-02T19:21:47.072+0000] {dag.py:3239} INFO - Sync 4 DAGs
[2025-04-02T19:21:47.153+0000] {logging_mixin.py:190} INFO - [2025-04-02T19:21:47.152+0000] {dag.py:4180} INFO - Setting next_dagrun for dataset_alias_example_alias_consumer to None, run_after=None
[2025-04-02T19:21:47.161+0000] {logging_mixin.py:190} INFO - [2025-04-02T19:21:47.161+0000] {dag.py:4180} INFO - Setting next_dagrun for dataset_alias_example_alias_producer to None, run_after=None
[2025-04-02T19:21:47.168+0000] {logging_mixin.py:190} INFO - [2025-04-02T19:21:47.168+0000] {dag.py:4180} INFO - Setting next_dagrun for dataset_s3_bucket_consumer to None, run_after=None
[2025-04-02T19:21:47.173+0000] {logging_mixin.py:190} INFO - [2025-04-02T19:21:47.172+0000] {dag.py:4180} INFO - Setting next_dagrun for dataset_s3_bucket_producer to None, run_after=None
[2025-04-02T19:21:47.261+0000] {processor.py:208} INFO - Processing /home/airflow/.local/lib/python3.12/site-packages/airflow/example_dags/example_dataset_alias.py took 3.487 seconds
[2025-04-02T19:22:20.951+0000] {processor.py:186} INFO - Started process (PID=1895) to work on /home/airflow/.local/lib/python3.12/site-packages/airflow/example_dags/example_dataset_alias.py
[2025-04-02T19:22:21.372+0000] {processor.py:914} INFO - Processing file /home/airflow/.local/lib/python3.12/site-packages/airflow/example_dags/example_dataset_alias.py for tasks to queue
[2025-04-02T19:22:21.631+0000] {logging_mixin.py:190} INFO - [2025-04-02T19:22:21.623+0000] {dagbag.py:588} INFO - Filling up the DagBag from /home/airflow/.local/lib/python3.12/site-packages/airflow/example_dags/example_dataset_alias.py
[2025-04-02T19:22:30.066+0000] {processor.py:925} INFO - DAG(s) 'dataset_alias_example_alias_consumer', 'dataset_s3_bucket_producer', 'dataset_alias_example_alias_producer', 'dataset_s3_bucket_consumer' retrieved from /home/airflow/.local/lib/python3.12/site-packages/airflow/example_dags/example_dataset_alias.py
[2025-04-02T19:22:30.272+0000] {logging_mixin.py:190} INFO - [2025-04-02T19:22:30.259+0000] {dag.py:3239} INFO - Sync 4 DAGs
[2025-04-02T19:22:30.501+0000] {logging_mixin.py:190} INFO - [2025-04-02T19:22:30.500+0000] {dag.py:4180} INFO - Setting next_dagrun for dataset_alias_example_alias_consumer to None, run_after=None
[2025-04-02T19:22:30.532+0000] {logging_mixin.py:190} INFO - [2025-04-02T19:22:30.531+0000] {dag.py:4180} INFO - Setting next_dagrun for dataset_alias_example_alias_producer to None, run_after=None
[2025-04-02T19:22:30.546+0000] {logging_mixin.py:190} INFO - [2025-04-02T19:22:30.546+0000] {dag.py:4180} INFO - Setting next_dagrun for dataset_s3_bucket_consumer to None, run_after=None
[2025-04-02T19:22:30.561+0000] {logging_mixin.py:190} INFO - [2025-04-02T19:22:30.561+0000] {dag.py:4180} INFO - Setting next_dagrun for dataset_s3_bucket_producer to None, run_after=None
[2025-04-02T19:22:30.810+0000] {processor.py:208} INFO - Processing /home/airflow/.local/lib/python3.12/site-packages/airflow/example_dags/example_dataset_alias.py took 9.911 seconds
[2025-04-02T19:23:10.331+0000] {processor.py:186} INFO - Started process (PID=1966) to work on /home/airflow/.local/lib/python3.12/site-packages/airflow/example_dags/example_dataset_alias.py
[2025-04-02T19:23:10.336+0000] {processor.py:914} INFO - Processing file /home/airflow/.local/lib/python3.12/site-packages/airflow/example_dags/example_dataset_alias.py for tasks to queue
[2025-04-02T19:23:10.351+0000] {logging_mixin.py:190} INFO - [2025-04-02T19:23:10.350+0000] {dagbag.py:588} INFO - Filling up the DagBag from /home/airflow/.local/lib/python3.12/site-packages/airflow/example_dags/example_dataset_alias.py
[2025-04-02T19:23:13.185+0000] {processor.py:925} INFO - DAG(s) 'dataset_s3_bucket_producer', 'dataset_alias_example_alias_producer', 'dataset_alias_example_alias_consumer', 'dataset_s3_bucket_consumer' retrieved from /home/airflow/.local/lib/python3.12/site-packages/airflow/example_dags/example_dataset_alias.py
[2025-04-02T19:23:13.388+0000] {logging_mixin.py:190} INFO - [2025-04-02T19:23:13.386+0000] {dag.py:3239} INFO - Sync 4 DAGs
[2025-04-02T19:23:13.491+0000] {logging_mixin.py:190} INFO - [2025-04-02T19:23:13.491+0000] {dag.py:4180} INFO - Setting next_dagrun for dataset_alias_example_alias_consumer to None, run_after=None
[2025-04-02T19:23:13.499+0000] {logging_mixin.py:190} INFO - [2025-04-02T19:23:13.498+0000] {dag.py:4180} INFO - Setting next_dagrun for dataset_alias_example_alias_producer to None, run_after=None
[2025-04-02T19:23:13.503+0000] {logging_mixin.py:190} INFO - [2025-04-02T19:23:13.503+0000] {dag.py:4180} INFO - Setting next_dagrun for dataset_s3_bucket_consumer to None, run_after=None
[2025-04-02T19:23:13.506+0000] {logging_mixin.py:190} INFO - [2025-04-02T19:23:13.506+0000] {dag.py:4180} INFO - Setting next_dagrun for dataset_s3_bucket_producer to None, run_after=None
[2025-04-02T19:23:13.621+0000] {processor.py:208} INFO - Processing /home/airflow/.local/lib/python3.12/site-packages/airflow/example_dags/example_dataset_alias.py took 3.317 seconds
[2025-04-02T19:23:55.260+0000] {processor.py:186} INFO - Started process (PID=2035) to work on /home/airflow/.local/lib/python3.12/site-packages/airflow/example_dags/example_dataset_alias.py
[2025-04-02T19:23:55.282+0000] {processor.py:914} INFO - Processing file /home/airflow/.local/lib/python3.12/site-packages/airflow/example_dags/example_dataset_alias.py for tasks to queue
[2025-04-02T19:23:55.289+0000] {logging_mixin.py:190} INFO - [2025-04-02T19:23:55.288+0000] {dagbag.py:588} INFO - Filling up the DagBag from /home/airflow/.local/lib/python3.12/site-packages/airflow/example_dags/example_dataset_alias.py
[2025-04-02T19:23:58.529+0000] {processor.py:925} INFO - DAG(s) 'dataset_alias_example_alias_consumer', 'dataset_alias_example_alias_producer', 'dataset_s3_bucket_consumer', 'dataset_s3_bucket_producer' retrieved from /home/airflow/.local/lib/python3.12/site-packages/airflow/example_dags/example_dataset_alias.py
[2025-04-02T19:23:58.628+0000] {logging_mixin.py:190} INFO - [2025-04-02T19:23:58.626+0000] {dag.py:3239} INFO - Sync 4 DAGs
[2025-04-02T19:23:58.740+0000] {logging_mixin.py:190} INFO - [2025-04-02T19:23:58.740+0000] {dag.py:4180} INFO - Setting next_dagrun for dataset_alias_example_alias_consumer to None, run_after=None
[2025-04-02T19:23:58.764+0000] {logging_mixin.py:190} INFO - [2025-04-02T19:23:58.760+0000] {dag.py:4180} INFO - Setting next_dagrun for dataset_alias_example_alias_producer to None, run_after=None
[2025-04-02T19:23:58.769+0000] {logging_mixin.py:190} INFO - [2025-04-02T19:23:58.768+0000] {dag.py:4180} INFO - Setting next_dagrun for dataset_s3_bucket_consumer to None, run_after=None
[2025-04-02T19:23:58.777+0000] {logging_mixin.py:190} INFO - [2025-04-02T19:23:58.776+0000] {dag.py:4180} INFO - Setting next_dagrun for dataset_s3_bucket_producer to None, run_after=None
[2025-04-02T19:23:58.884+0000] {processor.py:208} INFO - Processing /home/airflow/.local/lib/python3.12/site-packages/airflow/example_dags/example_dataset_alias.py took 3.654 seconds
[2025-04-02T19:24:29.023+0000] {processor.py:186} INFO - Started process (PID=2102) to work on /home/airflow/.local/lib/python3.12/site-packages/airflow/example_dags/example_dataset_alias.py
[2025-04-02T19:24:29.026+0000] {processor.py:914} INFO - Processing file /home/airflow/.local/lib/python3.12/site-packages/airflow/example_dags/example_dataset_alias.py for tasks to queue
[2025-04-02T19:24:29.030+0000] {logging_mixin.py:190} INFO - [2025-04-02T19:24:29.030+0000] {dagbag.py:588} INFO - Filling up the DagBag from /home/airflow/.local/lib/python3.12/site-packages/airflow/example_dags/example_dataset_alias.py
[2025-04-02T19:24:30.167+0000] {processor.py:925} INFO - DAG(s) 'dataset_alias_example_alias_producer', 'dataset_alias_example_alias_consumer', 'dataset_s3_bucket_consumer', 'dataset_s3_bucket_producer' retrieved from /home/airflow/.local/lib/python3.12/site-packages/airflow/example_dags/example_dataset_alias.py
[2025-04-02T19:24:30.220+0000] {logging_mixin.py:190} INFO - [2025-04-02T19:24:30.219+0000] {dag.py:3239} INFO - Sync 4 DAGs
[2025-04-02T19:24:30.273+0000] {logging_mixin.py:190} INFO - [2025-04-02T19:24:30.273+0000] {dag.py:4180} INFO - Setting next_dagrun for dataset_alias_example_alias_consumer to None, run_after=None
[2025-04-02T19:24:30.279+0000] {logging_mixin.py:190} INFO - [2025-04-02T19:24:30.279+0000] {dag.py:4180} INFO - Setting next_dagrun for dataset_alias_example_alias_producer to None, run_after=None
[2025-04-02T19:24:30.282+0000] {logging_mixin.py:190} INFO - [2025-04-02T19:24:30.282+0000] {dag.py:4180} INFO - Setting next_dagrun for dataset_s3_bucket_consumer to None, run_after=None
[2025-04-02T19:24:30.285+0000] {logging_mixin.py:190} INFO - [2025-04-02T19:24:30.284+0000] {dag.py:4180} INFO - Setting next_dagrun for dataset_s3_bucket_producer to None, run_after=None
[2025-04-02T19:24:30.326+0000] {processor.py:208} INFO - Processing /home/airflow/.local/lib/python3.12/site-packages/airflow/example_dags/example_dataset_alias.py took 1.313 seconds
