[2025-04-02T19:03:56.745+0000] {processor.py:186} INFO - Started process (PID=134) to work on /home/airflow/.local/lib/python3.12/site-packages/airflow/example_dags/example_sensors.py
[2025-04-02T19:03:56.748+0000] {processor.py:914} INFO - Processing file /home/airflow/.local/lib/python3.12/site-packages/airflow/example_dags/example_sensors.py for tasks to queue
[2025-04-02T19:03:56.769+0000] {logging_mixin.py:190} INFO - [2025-04-02T19:03:56.768+0000] {dagbag.py:588} INFO - Filling up the DagBag from /home/airflow/.local/lib/python3.12/site-packages/airflow/example_dags/example_sensors.py
[2025-04-02T19:03:56.941+0000] {processor.py:925} INFO - DAG(s) 'example_sensors' retrieved from /home/airflow/.local/lib/python3.12/site-packages/airflow/example_dags/example_sensors.py
[2025-04-02T19:03:57.772+0000] {logging_mixin.py:190} INFO - [2025-04-02T19:03:57.770+0000] {override.py:1912} INFO - Created Permission View: can delete on DAG:example_sensors
[2025-04-02T19:03:57.972+0000] {logging_mixin.py:190} INFO - [2025-04-02T19:03:57.971+0000] {override.py:1912} INFO - Created Permission View: can edit on DAG:example_sensors
[2025-04-02T19:03:58.116+0000] {logging_mixin.py:190} INFO - [2025-04-02T19:03:58.115+0000] {override.py:1912} INFO - Created Permission View: can read on DAG:example_sensors
[2025-04-02T19:03:58.162+0000] {logging_mixin.py:190} INFO - [2025-04-02T19:03:58.161+0000] {override.py:1912} INFO - Created Permission View: can delete on DAG Run:example_sensors
[2025-04-02T19:03:58.199+0000] {logging_mixin.py:190} INFO - [2025-04-02T19:03:58.199+0000] {override.py:1912} INFO - Created Permission View: can read on DAG Run:example_sensors
[2025-04-02T19:03:58.245+0000] {logging_mixin.py:190} INFO - [2025-04-02T19:03:58.244+0000] {override.py:1912} INFO - Created Permission View: can create on DAG Run:example_sensors
[2025-04-02T19:03:58.340+0000] {logging_mixin.py:190} INFO - [2025-04-02T19:03:58.339+0000] {override.py:1912} INFO - Created Permission View: menu access on DAG Run:example_sensors
[2025-04-02T19:03:58.342+0000] {logging_mixin.py:190} INFO - [2025-04-02T19:03:58.341+0000] {dag.py:3239} INFO - Sync 1 DAGs
[2025-04-02T19:03:58.453+0000] {logging_mixin.py:190} INFO - [2025-04-02T19:03:58.452+0000] {dag.py:3262} INFO - Creating ORM DAG for example_sensors
[2025-04-02T19:03:58.468+0000] {logging_mixin.py:190} INFO - [2025-04-02T19:03:58.468+0000] {dag.py:4180} INFO - Setting next_dagrun for example_sensors to None, run_after=None
[2025-04-02T19:03:58.670+0000] {processor.py:208} INFO - Processing /home/airflow/.local/lib/python3.12/site-packages/airflow/example_dags/example_sensors.py took 1.950 seconds
[2025-04-02T19:04:43.964+0000] {processor.py:186} INFO - Started process (PID=197) to work on /home/airflow/.local/lib/python3.12/site-packages/airflow/example_dags/example_sensors.py
[2025-04-02T19:04:43.968+0000] {processor.py:914} INFO - Processing file /home/airflow/.local/lib/python3.12/site-packages/airflow/example_dags/example_sensors.py for tasks to queue
[2025-04-02T19:04:43.972+0000] {logging_mixin.py:190} INFO - [2025-04-02T19:04:43.972+0000] {dagbag.py:588} INFO - Filling up the DagBag from /home/airflow/.local/lib/python3.12/site-packages/airflow/example_dags/example_sensors.py
[2025-04-02T19:04:44.002+0000] {processor.py:925} INFO - DAG(s) 'example_sensors' retrieved from /home/airflow/.local/lib/python3.12/site-packages/airflow/example_dags/example_sensors.py
[2025-04-02T19:04:44.091+0000] {logging_mixin.py:190} INFO - [2025-04-02T19:04:44.090+0000] {dag.py:3239} INFO - Sync 1 DAGs
[2025-04-02T19:04:44.194+0000] {logging_mixin.py:190} INFO - [2025-04-02T19:04:44.194+0000] {dag.py:4180} INFO - Setting next_dagrun for example_sensors to None, run_after=None
[2025-04-02T19:04:44.252+0000] {processor.py:208} INFO - Processing /home/airflow/.local/lib/python3.12/site-packages/airflow/example_dags/example_sensors.py took 0.313 seconds
[2025-04-02T19:05:22.861+0000] {processor.py:186} INFO - Started process (PID=260) to work on /home/airflow/.local/lib/python3.12/site-packages/airflow/example_dags/example_sensors.py
[2025-04-02T19:05:22.867+0000] {processor.py:914} INFO - Processing file /home/airflow/.local/lib/python3.12/site-packages/airflow/example_dags/example_sensors.py for tasks to queue
[2025-04-02T19:05:22.885+0000] {logging_mixin.py:190} INFO - [2025-04-02T19:05:22.884+0000] {dagbag.py:588} INFO - Filling up the DagBag from /home/airflow/.local/lib/python3.12/site-packages/airflow/example_dags/example_sensors.py
[2025-04-02T19:05:22.965+0000] {processor.py:925} INFO - DAG(s) 'example_sensors' retrieved from /home/airflow/.local/lib/python3.12/site-packages/airflow/example_dags/example_sensors.py
[2025-04-02T19:05:23.193+0000] {logging_mixin.py:190} INFO - [2025-04-02T19:05:23.183+0000] {dag.py:3239} INFO - Sync 1 DAGs
[2025-04-02T19:05:23.281+0000] {logging_mixin.py:190} INFO - [2025-04-02T19:05:23.280+0000] {dag.py:4180} INFO - Setting next_dagrun for example_sensors to None, run_after=None
[2025-04-02T19:05:23.458+0000] {processor.py:208} INFO - Processing /home/airflow/.local/lib/python3.12/site-packages/airflow/example_dags/example_sensors.py took 0.632 seconds
[2025-04-02T19:05:53.572+0000] {processor.py:186} INFO - Started process (PID=321) to work on /home/airflow/.local/lib/python3.12/site-packages/airflow/example_dags/example_sensors.py
[2025-04-02T19:05:53.575+0000] {processor.py:914} INFO - Processing file /home/airflow/.local/lib/python3.12/site-packages/airflow/example_dags/example_sensors.py for tasks to queue
[2025-04-02T19:05:53.580+0000] {logging_mixin.py:190} INFO - [2025-04-02T19:05:53.579+0000] {dagbag.py:588} INFO - Filling up the DagBag from /home/airflow/.local/lib/python3.12/site-packages/airflow/example_dags/example_sensors.py
[2025-04-02T19:05:53.630+0000] {processor.py:925} INFO - DAG(s) 'example_sensors' retrieved from /home/airflow/.local/lib/python3.12/site-packages/airflow/example_dags/example_sensors.py
[2025-04-02T19:05:53.778+0000] {logging_mixin.py:190} INFO - [2025-04-02T19:05:53.777+0000] {dag.py:3239} INFO - Sync 1 DAGs
[2025-04-02T19:05:53.821+0000] {logging_mixin.py:190} INFO - [2025-04-02T19:05:53.820+0000] {dag.py:4180} INFO - Setting next_dagrun for example_sensors to None, run_after=None
[2025-04-02T19:05:53.875+0000] {processor.py:208} INFO - Processing /home/airflow/.local/lib/python3.12/site-packages/airflow/example_dags/example_sensors.py took 0.318 seconds
[2025-04-02T19:06:24.251+0000] {processor.py:186} INFO - Started process (PID=384) to work on /home/airflow/.local/lib/python3.12/site-packages/airflow/example_dags/example_sensors.py
[2025-04-02T19:06:24.257+0000] {processor.py:914} INFO - Processing file /home/airflow/.local/lib/python3.12/site-packages/airflow/example_dags/example_sensors.py for tasks to queue
[2025-04-02T19:06:24.267+0000] {logging_mixin.py:190} INFO - [2025-04-02T19:06:24.266+0000] {dagbag.py:588} INFO - Filling up the DagBag from /home/airflow/.local/lib/python3.12/site-packages/airflow/example_dags/example_sensors.py
[2025-04-02T19:06:24.323+0000] {processor.py:925} INFO - DAG(s) 'example_sensors' retrieved from /home/airflow/.local/lib/python3.12/site-packages/airflow/example_dags/example_sensors.py
[2025-04-02T19:06:24.424+0000] {logging_mixin.py:190} INFO - [2025-04-02T19:06:24.424+0000] {dag.py:3239} INFO - Sync 1 DAGs
[2025-04-02T19:06:24.467+0000] {logging_mixin.py:190} INFO - [2025-04-02T19:06:24.467+0000] {dag.py:4180} INFO - Setting next_dagrun for example_sensors to None, run_after=None
[2025-04-02T19:06:24.546+0000] {processor.py:208} INFO - Processing /home/airflow/.local/lib/python3.12/site-packages/airflow/example_dags/example_sensors.py took 0.320 seconds
[2025-04-02T19:07:10.639+0000] {processor.py:186} INFO - Started process (PID=454) to work on /home/airflow/.local/lib/python3.12/site-packages/airflow/example_dags/example_sensors.py
[2025-04-02T19:07:10.649+0000] {processor.py:914} INFO - Processing file /home/airflow/.local/lib/python3.12/site-packages/airflow/example_dags/example_sensors.py for tasks to queue
[2025-04-02T19:07:10.656+0000] {logging_mixin.py:190} INFO - [2025-04-02T19:07:10.655+0000] {dagbag.py:588} INFO - Filling up the DagBag from /home/airflow/.local/lib/python3.12/site-packages/airflow/example_dags/example_sensors.py
[2025-04-02T19:07:10.738+0000] {processor.py:925} INFO - DAG(s) 'example_sensors' retrieved from /home/airflow/.local/lib/python3.12/site-packages/airflow/example_dags/example_sensors.py
[2025-04-02T19:07:11.023+0000] {logging_mixin.py:190} INFO - [2025-04-02T19:07:11.023+0000] {dag.py:3239} INFO - Sync 1 DAGs
[2025-04-02T19:07:11.183+0000] {logging_mixin.py:190} INFO - [2025-04-02T19:07:11.182+0000] {dag.py:4180} INFO - Setting next_dagrun for example_sensors to None, run_after=None
[2025-04-02T19:07:11.337+0000] {processor.py:208} INFO - Processing /home/airflow/.local/lib/python3.12/site-packages/airflow/example_dags/example_sensors.py took 0.758 seconds
[2025-04-02T19:07:48.422+0000] {processor.py:186} INFO - Started process (PID=520) to work on /home/airflow/.local/lib/python3.12/site-packages/airflow/example_dags/example_sensors.py
[2025-04-02T19:07:48.446+0000] {processor.py:914} INFO - Processing file /home/airflow/.local/lib/python3.12/site-packages/airflow/example_dags/example_sensors.py for tasks to queue
[2025-04-02T19:07:48.455+0000] {logging_mixin.py:190} INFO - [2025-04-02T19:07:48.454+0000] {dagbag.py:588} INFO - Filling up the DagBag from /home/airflow/.local/lib/python3.12/site-packages/airflow/example_dags/example_sensors.py
[2025-04-02T19:07:48.507+0000] {processor.py:925} INFO - DAG(s) 'example_sensors' retrieved from /home/airflow/.local/lib/python3.12/site-packages/airflow/example_dags/example_sensors.py
[2025-04-02T19:07:48.715+0000] {logging_mixin.py:190} INFO - [2025-04-02T19:07:48.712+0000] {dag.py:3239} INFO - Sync 1 DAGs
[2025-04-02T19:07:48.861+0000] {logging_mixin.py:190} INFO - [2025-04-02T19:07:48.861+0000] {dag.py:4180} INFO - Setting next_dagrun for example_sensors to None, run_after=None
[2025-04-02T19:07:49.130+0000] {processor.py:208} INFO - Processing /home/airflow/.local/lib/python3.12/site-packages/airflow/example_dags/example_sensors.py took 0.745 seconds
[2025-04-02T19:08:20.444+0000] {processor.py:186} INFO - Started process (PID=583) to work on /home/airflow/.local/lib/python3.12/site-packages/airflow/example_dags/example_sensors.py
[2025-04-02T19:08:20.488+0000] {processor.py:914} INFO - Processing file /home/airflow/.local/lib/python3.12/site-packages/airflow/example_dags/example_sensors.py for tasks to queue
[2025-04-02T19:08:20.563+0000] {logging_mixin.py:190} INFO - [2025-04-02T19:08:20.561+0000] {dagbag.py:588} INFO - Filling up the DagBag from /home/airflow/.local/lib/python3.12/site-packages/airflow/example_dags/example_sensors.py
[2025-04-02T19:08:20.659+0000] {processor.py:925} INFO - DAG(s) 'example_sensors' retrieved from /home/airflow/.local/lib/python3.12/site-packages/airflow/example_dags/example_sensors.py
[2025-04-02T19:08:20.892+0000] {logging_mixin.py:190} INFO - [2025-04-02T19:08:20.891+0000] {dag.py:3239} INFO - Sync 1 DAGs
[2025-04-02T19:08:21.167+0000] {logging_mixin.py:190} INFO - [2025-04-02T19:08:21.167+0000] {dag.py:4180} INFO - Setting next_dagrun for example_sensors to None, run_after=None
[2025-04-02T19:08:21.491+0000] {processor.py:208} INFO - Processing /home/airflow/.local/lib/python3.12/site-packages/airflow/example_dags/example_sensors.py took 1.086 seconds
[2025-04-02T19:09:16.412+0000] {processor.py:186} INFO - Started process (PID=662) to work on /home/airflow/.local/lib/python3.12/site-packages/airflow/example_dags/example_sensors.py
[2025-04-02T19:09:16.433+0000] {processor.py:914} INFO - Processing file /home/airflow/.local/lib/python3.12/site-packages/airflow/example_dags/example_sensors.py for tasks to queue
[2025-04-02T19:09:16.481+0000] {logging_mixin.py:190} INFO - [2025-04-02T19:09:16.475+0000] {dagbag.py:588} INFO - Filling up the DagBag from /home/airflow/.local/lib/python3.12/site-packages/airflow/example_dags/example_sensors.py
[2025-04-02T19:09:16.730+0000] {processor.py:925} INFO - DAG(s) 'example_sensors' retrieved from /home/airflow/.local/lib/python3.12/site-packages/airflow/example_dags/example_sensors.py
[2025-04-02T19:09:17.246+0000] {logging_mixin.py:190} INFO - [2025-04-02T19:09:17.245+0000] {dag.py:3239} INFO - Sync 1 DAGs
[2025-04-02T19:09:17.411+0000] {logging_mixin.py:190} INFO - [2025-04-02T19:09:17.409+0000] {dag.py:4180} INFO - Setting next_dagrun for example_sensors to None, run_after=None
[2025-04-02T19:09:17.613+0000] {processor.py:208} INFO - Processing /home/airflow/.local/lib/python3.12/site-packages/airflow/example_dags/example_sensors.py took 1.246 seconds
[2025-04-02T19:10:29.788+0000] {processor.py:186} INFO - Started process (PID=712) to work on /home/airflow/.local/lib/python3.12/site-packages/airflow/example_dags/example_sensors.py
[2025-04-02T19:10:29.813+0000] {processor.py:914} INFO - Processing file /home/airflow/.local/lib/python3.12/site-packages/airflow/example_dags/example_sensors.py for tasks to queue
[2025-04-02T19:10:29.841+0000] {logging_mixin.py:190} INFO - [2025-04-02T19:10:29.840+0000] {dagbag.py:588} INFO - Filling up the DagBag from /home/airflow/.local/lib/python3.12/site-packages/airflow/example_dags/example_sensors.py
[2025-04-02T19:10:29.960+0000] {processor.py:925} INFO - DAG(s) 'example_sensors' retrieved from /home/airflow/.local/lib/python3.12/site-packages/airflow/example_dags/example_sensors.py
[2025-04-02T19:10:30.362+0000] {logging_mixin.py:190} INFO - [2025-04-02T19:10:30.360+0000] {dag.py:3239} INFO - Sync 1 DAGs
[2025-04-02T19:10:30.777+0000] {logging_mixin.py:190} INFO - [2025-04-02T19:10:30.776+0000] {dag.py:4180} INFO - Setting next_dagrun for example_sensors to None, run_after=None
[2025-04-02T19:10:31.188+0000] {processor.py:208} INFO - Processing /home/airflow/.local/lib/python3.12/site-packages/airflow/example_dags/example_sensors.py took 1.457 seconds
[2025-04-02T19:11:02.364+0000] {processor.py:186} INFO - Started process (PID=779) to work on /home/airflow/.local/lib/python3.12/site-packages/airflow/example_dags/example_sensors.py
[2025-04-02T19:11:02.366+0000] {processor.py:914} INFO - Processing file /home/airflow/.local/lib/python3.12/site-packages/airflow/example_dags/example_sensors.py for tasks to queue
[2025-04-02T19:11:02.383+0000] {logging_mixin.py:190} INFO - [2025-04-02T19:11:02.382+0000] {dagbag.py:588} INFO - Filling up the DagBag from /home/airflow/.local/lib/python3.12/site-packages/airflow/example_dags/example_sensors.py
[2025-04-02T19:11:02.489+0000] {processor.py:925} INFO - DAG(s) 'example_sensors' retrieved from /home/airflow/.local/lib/python3.12/site-packages/airflow/example_dags/example_sensors.py
[2025-04-02T19:11:02.918+0000] {logging_mixin.py:190} INFO - [2025-04-02T19:11:02.917+0000] {dag.py:3239} INFO - Sync 1 DAGs
[2025-04-02T19:11:03.231+0000] {logging_mixin.py:190} INFO - [2025-04-02T19:11:03.230+0000] {dag.py:4180} INFO - Setting next_dagrun for example_sensors to None, run_after=None
[2025-04-02T19:11:03.404+0000] {processor.py:208} INFO - Processing /home/airflow/.local/lib/python3.12/site-packages/airflow/example_dags/example_sensors.py took 1.090 seconds
[2025-04-02T19:11:35.564+0000] {processor.py:186} INFO - Started process (PID=841) to work on /home/airflow/.local/lib/python3.12/site-packages/airflow/example_dags/example_sensors.py
[2025-04-02T19:11:35.567+0000] {processor.py:914} INFO - Processing file /home/airflow/.local/lib/python3.12/site-packages/airflow/example_dags/example_sensors.py for tasks to queue
[2025-04-02T19:11:35.573+0000] {logging_mixin.py:190} INFO - [2025-04-02T19:11:35.571+0000] {dagbag.py:588} INFO - Filling up the DagBag from /home/airflow/.local/lib/python3.12/site-packages/airflow/example_dags/example_sensors.py
[2025-04-02T19:11:35.620+0000] {processor.py:925} INFO - DAG(s) 'example_sensors' retrieved from /home/airflow/.local/lib/python3.12/site-packages/airflow/example_dags/example_sensors.py
[2025-04-02T19:11:35.698+0000] {logging_mixin.py:190} INFO - [2025-04-02T19:11:35.697+0000] {dag.py:3239} INFO - Sync 1 DAGs
[2025-04-02T19:11:35.743+0000] {logging_mixin.py:190} INFO - [2025-04-02T19:11:35.741+0000] {dag.py:4180} INFO - Setting next_dagrun for example_sensors to None, run_after=None
[2025-04-02T19:11:35.805+0000] {processor.py:208} INFO - Processing /home/airflow/.local/lib/python3.12/site-packages/airflow/example_dags/example_sensors.py took 0.266 seconds
[2025-04-02T19:12:13.453+0000] {processor.py:186} INFO - Started process (PID=904) to work on /home/airflow/.local/lib/python3.12/site-packages/airflow/example_dags/example_sensors.py
[2025-04-02T19:12:13.456+0000] {processor.py:914} INFO - Processing file /home/airflow/.local/lib/python3.12/site-packages/airflow/example_dags/example_sensors.py for tasks to queue
[2025-04-02T19:12:13.462+0000] {logging_mixin.py:190} INFO - [2025-04-02T19:12:13.461+0000] {dagbag.py:588} INFO - Filling up the DagBag from /home/airflow/.local/lib/python3.12/site-packages/airflow/example_dags/example_sensors.py
[2025-04-02T19:12:13.510+0000] {processor.py:925} INFO - DAG(s) 'example_sensors' retrieved from /home/airflow/.local/lib/python3.12/site-packages/airflow/example_dags/example_sensors.py
[2025-04-02T19:12:13.614+0000] {logging_mixin.py:190} INFO - [2025-04-02T19:12:13.613+0000] {dag.py:3239} INFO - Sync 1 DAGs
[2025-04-02T19:12:13.672+0000] {logging_mixin.py:190} INFO - [2025-04-02T19:12:13.671+0000] {dag.py:4180} INFO - Setting next_dagrun for example_sensors to None, run_after=None
[2025-04-02T19:12:13.856+0000] {processor.py:208} INFO - Processing /home/airflow/.local/lib/python3.12/site-packages/airflow/example_dags/example_sensors.py took 0.434 seconds
[2025-04-02T19:12:46.947+0000] {processor.py:186} INFO - Started process (PID=967) to work on /home/airflow/.local/lib/python3.12/site-packages/airflow/example_dags/example_sensors.py
[2025-04-02T19:12:46.973+0000] {processor.py:914} INFO - Processing file /home/airflow/.local/lib/python3.12/site-packages/airflow/example_dags/example_sensors.py for tasks to queue
[2025-04-02T19:12:47.027+0000] {logging_mixin.py:190} INFO - [2025-04-02T19:12:47.026+0000] {dagbag.py:588} INFO - Filling up the DagBag from /home/airflow/.local/lib/python3.12/site-packages/airflow/example_dags/example_sensors.py
[2025-04-02T19:12:47.125+0000] {processor.py:925} INFO - DAG(s) 'example_sensors' retrieved from /home/airflow/.local/lib/python3.12/site-packages/airflow/example_dags/example_sensors.py
[2025-04-02T19:12:47.378+0000] {logging_mixin.py:190} INFO - [2025-04-02T19:12:47.377+0000] {dag.py:3239} INFO - Sync 1 DAGs
[2025-04-02T19:12:47.543+0000] {logging_mixin.py:190} INFO - [2025-04-02T19:12:47.542+0000] {dag.py:4180} INFO - Setting next_dagrun for example_sensors to None, run_after=None
[2025-04-02T19:12:47.683+0000] {processor.py:208} INFO - Processing /home/airflow/.local/lib/python3.12/site-packages/airflow/example_dags/example_sensors.py took 0.781 seconds
[2025-04-02T19:13:36.255+0000] {processor.py:186} INFO - Started process (PID=1036) to work on /home/airflow/.local/lib/python3.12/site-packages/airflow/example_dags/example_sensors.py
[2025-04-02T19:13:36.260+0000] {processor.py:914} INFO - Processing file /home/airflow/.local/lib/python3.12/site-packages/airflow/example_dags/example_sensors.py for tasks to queue
[2025-04-02T19:13:36.267+0000] {logging_mixin.py:190} INFO - [2025-04-02T19:13:36.267+0000] {dagbag.py:588} INFO - Filling up the DagBag from /home/airflow/.local/lib/python3.12/site-packages/airflow/example_dags/example_sensors.py
[2025-04-02T19:13:36.368+0000] {processor.py:925} INFO - DAG(s) 'example_sensors' retrieved from /home/airflow/.local/lib/python3.12/site-packages/airflow/example_dags/example_sensors.py
[2025-04-02T19:13:36.676+0000] {logging_mixin.py:190} INFO - [2025-04-02T19:13:36.675+0000] {dag.py:3239} INFO - Sync 1 DAGs
[2025-04-02T19:13:36.838+0000] {logging_mixin.py:190} INFO - [2025-04-02T19:13:36.837+0000] {dag.py:4180} INFO - Setting next_dagrun for example_sensors to None, run_after=None
[2025-04-02T19:13:37.015+0000] {processor.py:208} INFO - Processing /home/airflow/.local/lib/python3.12/site-packages/airflow/example_dags/example_sensors.py took 0.792 seconds
[2025-04-02T19:14:10.419+0000] {processor.py:186} INFO - Started process (PID=1099) to work on /home/airflow/.local/lib/python3.12/site-packages/airflow/example_dags/example_sensors.py
[2025-04-02T19:14:10.427+0000] {processor.py:914} INFO - Processing file /home/airflow/.local/lib/python3.12/site-packages/airflow/example_dags/example_sensors.py for tasks to queue
[2025-04-02T19:14:10.437+0000] {logging_mixin.py:190} INFO - [2025-04-02T19:14:10.434+0000] {dagbag.py:588} INFO - Filling up the DagBag from /home/airflow/.local/lib/python3.12/site-packages/airflow/example_dags/example_sensors.py
[2025-04-02T19:14:10.516+0000] {processor.py:925} INFO - DAG(s) 'example_sensors' retrieved from /home/airflow/.local/lib/python3.12/site-packages/airflow/example_dags/example_sensors.py
[2025-04-02T19:14:10.727+0000] {logging_mixin.py:190} INFO - [2025-04-02T19:14:10.726+0000] {dag.py:3239} INFO - Sync 1 DAGs
[2025-04-02T19:14:10.873+0000] {logging_mixin.py:190} INFO - [2025-04-02T19:14:10.866+0000] {dag.py:4180} INFO - Setting next_dagrun for example_sensors to None, run_after=None
[2025-04-02T19:14:11.048+0000] {processor.py:208} INFO - Processing /home/airflow/.local/lib/python3.12/site-packages/airflow/example_dags/example_sensors.py took 0.649 seconds
[2025-04-02T19:15:17.788+0000] {processor.py:186} INFO - Started process (PID=1183) to work on /home/airflow/.local/lib/python3.12/site-packages/airflow/example_dags/example_sensors.py
[2025-04-02T19:15:17.798+0000] {processor.py:914} INFO - Processing file /home/airflow/.local/lib/python3.12/site-packages/airflow/example_dags/example_sensors.py for tasks to queue
[2025-04-02T19:15:17.828+0000] {logging_mixin.py:190} INFO - [2025-04-02T19:15:17.827+0000] {dagbag.py:588} INFO - Filling up the DagBag from /home/airflow/.local/lib/python3.12/site-packages/airflow/example_dags/example_sensors.py
[2025-04-02T19:15:17.901+0000] {processor.py:925} INFO - DAG(s) 'example_sensors' retrieved from /home/airflow/.local/lib/python3.12/site-packages/airflow/example_dags/example_sensors.py
[2025-04-02T19:15:18.026+0000] {logging_mixin.py:190} INFO - [2025-04-02T19:15:18.026+0000] {dag.py:3239} INFO - Sync 1 DAGs
[2025-04-02T19:15:18.112+0000] {logging_mixin.py:190} INFO - [2025-04-02T19:15:18.111+0000] {dag.py:4180} INFO - Setting next_dagrun for example_sensors to None, run_after=None
[2025-04-02T19:15:18.257+0000] {processor.py:208} INFO - Processing /home/airflow/.local/lib/python3.12/site-packages/airflow/example_dags/example_sensors.py took 0.498 seconds
[2025-04-02T19:16:02.622+0000] {processor.py:186} INFO - Started process (PID=1245) to work on /home/airflow/.local/lib/python3.12/site-packages/airflow/example_dags/example_sensors.py
[2025-04-02T19:16:02.635+0000] {processor.py:914} INFO - Processing file /home/airflow/.local/lib/python3.12/site-packages/airflow/example_dags/example_sensors.py for tasks to queue
[2025-04-02T19:16:02.641+0000] {logging_mixin.py:190} INFO - [2025-04-02T19:16:02.640+0000] {dagbag.py:588} INFO - Filling up the DagBag from /home/airflow/.local/lib/python3.12/site-packages/airflow/example_dags/example_sensors.py
[2025-04-02T19:16:02.693+0000] {processor.py:925} INFO - DAG(s) 'example_sensors' retrieved from /home/airflow/.local/lib/python3.12/site-packages/airflow/example_dags/example_sensors.py
[2025-04-02T19:16:02.931+0000] {logging_mixin.py:190} INFO - [2025-04-02T19:16:02.930+0000] {dag.py:3239} INFO - Sync 1 DAGs
[2025-04-02T19:16:03.053+0000] {logging_mixin.py:190} INFO - [2025-04-02T19:16:03.052+0000] {dag.py:4180} INFO - Setting next_dagrun for example_sensors to None, run_after=None
[2025-04-02T19:16:03.350+0000] {processor.py:208} INFO - Processing /home/airflow/.local/lib/python3.12/site-packages/airflow/example_dags/example_sensors.py took 0.762 seconds
[2025-04-02T19:16:42.688+0000] {processor.py:186} INFO - Started process (PID=1313) to work on /home/airflow/.local/lib/python3.12/site-packages/airflow/example_dags/example_sensors.py
[2025-04-02T19:16:42.690+0000] {processor.py:914} INFO - Processing file /home/airflow/.local/lib/python3.12/site-packages/airflow/example_dags/example_sensors.py for tasks to queue
[2025-04-02T19:16:42.698+0000] {logging_mixin.py:190} INFO - [2025-04-02T19:16:42.698+0000] {dagbag.py:588} INFO - Filling up the DagBag from /home/airflow/.local/lib/python3.12/site-packages/airflow/example_dags/example_sensors.py
[2025-04-02T19:16:42.735+0000] {processor.py:925} INFO - DAG(s) 'example_sensors' retrieved from /home/airflow/.local/lib/python3.12/site-packages/airflow/example_dags/example_sensors.py
[2025-04-02T19:16:42.901+0000] {logging_mixin.py:190} INFO - [2025-04-02T19:16:42.900+0000] {dag.py:3239} INFO - Sync 1 DAGs
[2025-04-02T19:16:42.980+0000] {logging_mixin.py:190} INFO - [2025-04-02T19:16:42.980+0000] {dag.py:4180} INFO - Setting next_dagrun for example_sensors to None, run_after=None
[2025-04-02T19:16:43.087+0000] {processor.py:208} INFO - Processing /home/airflow/.local/lib/python3.12/site-packages/airflow/example_dags/example_sensors.py took 0.469 seconds
[2025-04-02T19:17:20.616+0000] {processor.py:186} INFO - Started process (PID=1380) to work on /home/airflow/.local/lib/python3.12/site-packages/airflow/example_dags/example_sensors.py
[2025-04-02T19:17:20.619+0000] {processor.py:914} INFO - Processing file /home/airflow/.local/lib/python3.12/site-packages/airflow/example_dags/example_sensors.py for tasks to queue
[2025-04-02T19:17:20.640+0000] {logging_mixin.py:190} INFO - [2025-04-02T19:17:20.639+0000] {dagbag.py:588} INFO - Filling up the DagBag from /home/airflow/.local/lib/python3.12/site-packages/airflow/example_dags/example_sensors.py
[2025-04-02T19:17:20.723+0000] {processor.py:925} INFO - DAG(s) 'example_sensors' retrieved from /home/airflow/.local/lib/python3.12/site-packages/airflow/example_dags/example_sensors.py
[2025-04-02T19:17:20.884+0000] {logging_mixin.py:190} INFO - [2025-04-02T19:17:20.883+0000] {dag.py:3239} INFO - Sync 1 DAGs
[2025-04-02T19:17:21.006+0000] {logging_mixin.py:190} INFO - [2025-04-02T19:17:20.996+0000] {dag.py:4180} INFO - Setting next_dagrun for example_sensors to None, run_after=None
[2025-04-02T19:17:21.201+0000] {processor.py:208} INFO - Processing /home/airflow/.local/lib/python3.12/site-packages/airflow/example_dags/example_sensors.py took 0.616 seconds
[2025-04-02T19:17:52.968+0000] {processor.py:186} INFO - Started process (PID=1444) to work on /home/airflow/.local/lib/python3.12/site-packages/airflow/example_dags/example_sensors.py
[2025-04-02T19:17:52.970+0000] {processor.py:914} INFO - Processing file /home/airflow/.local/lib/python3.12/site-packages/airflow/example_dags/example_sensors.py for tasks to queue
[2025-04-02T19:17:52.975+0000] {logging_mixin.py:190} INFO - [2025-04-02T19:17:52.974+0000] {dagbag.py:588} INFO - Filling up the DagBag from /home/airflow/.local/lib/python3.12/site-packages/airflow/example_dags/example_sensors.py
[2025-04-02T19:17:53.015+0000] {processor.py:925} INFO - DAG(s) 'example_sensors' retrieved from /home/airflow/.local/lib/python3.12/site-packages/airflow/example_dags/example_sensors.py
[2025-04-02T19:17:53.175+0000] {logging_mixin.py:190} INFO - [2025-04-02T19:17:53.175+0000] {dag.py:3239} INFO - Sync 1 DAGs
[2025-04-02T19:17:53.224+0000] {logging_mixin.py:190} INFO - [2025-04-02T19:17:53.224+0000] {dag.py:4180} INFO - Setting next_dagrun for example_sensors to None, run_after=None
[2025-04-02T19:17:53.298+0000] {processor.py:208} INFO - Processing /home/airflow/.local/lib/python3.12/site-packages/airflow/example_dags/example_sensors.py took 0.344 seconds
[2025-04-02T19:18:23.724+0000] {processor.py:186} INFO - Started process (PID=1507) to work on /home/airflow/.local/lib/python3.12/site-packages/airflow/example_dags/example_sensors.py
[2025-04-02T19:18:23.728+0000] {processor.py:914} INFO - Processing file /home/airflow/.local/lib/python3.12/site-packages/airflow/example_dags/example_sensors.py for tasks to queue
[2025-04-02T19:18:23.736+0000] {logging_mixin.py:190} INFO - [2025-04-02T19:18:23.735+0000] {dagbag.py:588} INFO - Filling up the DagBag from /home/airflow/.local/lib/python3.12/site-packages/airflow/example_dags/example_sensors.py
[2025-04-02T19:18:23.781+0000] {processor.py:925} INFO - DAG(s) 'example_sensors' retrieved from /home/airflow/.local/lib/python3.12/site-packages/airflow/example_dags/example_sensors.py
[2025-04-02T19:18:23.870+0000] {logging_mixin.py:190} INFO - [2025-04-02T19:18:23.870+0000] {dag.py:3239} INFO - Sync 1 DAGs
[2025-04-02T19:18:23.919+0000] {logging_mixin.py:190} INFO - [2025-04-02T19:18:23.919+0000] {dag.py:4180} INFO - Setting next_dagrun for example_sensors to None, run_after=None
[2025-04-02T19:18:23.959+0000] {processor.py:208} INFO - Processing /home/airflow/.local/lib/python3.12/site-packages/airflow/example_dags/example_sensors.py took 0.249 seconds
[2025-04-02T19:19:04.955+0000] {processor.py:186} INFO - Started process (PID=1573) to work on /home/airflow/.local/lib/python3.12/site-packages/airflow/example_dags/example_sensors.py
[2025-04-02T19:19:04.958+0000] {processor.py:914} INFO - Processing file /home/airflow/.local/lib/python3.12/site-packages/airflow/example_dags/example_sensors.py for tasks to queue
[2025-04-02T19:19:04.971+0000] {logging_mixin.py:190} INFO - [2025-04-02T19:19:04.967+0000] {dagbag.py:588} INFO - Filling up the DagBag from /home/airflow/.local/lib/python3.12/site-packages/airflow/example_dags/example_sensors.py
[2025-04-02T19:19:05.005+0000] {processor.py:925} INFO - DAG(s) 'example_sensors' retrieved from /home/airflow/.local/lib/python3.12/site-packages/airflow/example_dags/example_sensors.py
[2025-04-02T19:19:05.187+0000] {logging_mixin.py:190} INFO - [2025-04-02T19:19:05.186+0000] {dag.py:3239} INFO - Sync 1 DAGs
[2025-04-02T19:19:05.309+0000] {logging_mixin.py:190} INFO - [2025-04-02T19:19:05.308+0000] {dag.py:4180} INFO - Setting next_dagrun for example_sensors to None, run_after=None
[2025-04-02T19:19:05.448+0000] {processor.py:208} INFO - Processing /home/airflow/.local/lib/python3.12/site-packages/airflow/example_dags/example_sensors.py took 0.536 seconds
[2025-04-02T19:20:05.437+0000] {processor.py:186} INFO - Started process (PID=1653) to work on /home/airflow/.local/lib/python3.12/site-packages/airflow/example_dags/example_sensors.py
[2025-04-02T19:20:05.441+0000] {processor.py:914} INFO - Processing file /home/airflow/.local/lib/python3.12/site-packages/airflow/example_dags/example_sensors.py for tasks to queue
[2025-04-02T19:20:05.469+0000] {logging_mixin.py:190} INFO - [2025-04-02T19:20:05.468+0000] {dagbag.py:588} INFO - Filling up the DagBag from /home/airflow/.local/lib/python3.12/site-packages/airflow/example_dags/example_sensors.py
[2025-04-02T19:20:05.599+0000] {processor.py:925} INFO - DAG(s) 'example_sensors' retrieved from /home/airflow/.local/lib/python3.12/site-packages/airflow/example_dags/example_sensors.py
[2025-04-02T19:20:05.833+0000] {logging_mixin.py:190} INFO - [2025-04-02T19:20:05.833+0000] {dag.py:3239} INFO - Sync 1 DAGs
[2025-04-02T19:20:05.925+0000] {logging_mixin.py:190} INFO - [2025-04-02T19:20:05.924+0000] {dag.py:4180} INFO - Setting next_dagrun for example_sensors to None, run_after=None
[2025-04-02T19:20:06.259+0000] {processor.py:208} INFO - Processing /home/airflow/.local/lib/python3.12/site-packages/airflow/example_dags/example_sensors.py took 0.871 seconds
[2025-04-02T19:20:46.553+0000] {processor.py:186} INFO - Started process (PID=1726) to work on /home/airflow/.local/lib/python3.12/site-packages/airflow/example_dags/example_sensors.py
[2025-04-02T19:20:46.561+0000] {processor.py:914} INFO - Processing file /home/airflow/.local/lib/python3.12/site-packages/airflow/example_dags/example_sensors.py for tasks to queue
[2025-04-02T19:20:46.572+0000] {logging_mixin.py:190} INFO - [2025-04-02T19:20:46.570+0000] {dagbag.py:588} INFO - Filling up the DagBag from /home/airflow/.local/lib/python3.12/site-packages/airflow/example_dags/example_sensors.py
[2025-04-02T19:20:46.669+0000] {processor.py:925} INFO - DAG(s) 'example_sensors' retrieved from /home/airflow/.local/lib/python3.12/site-packages/airflow/example_dags/example_sensors.py
[2025-04-02T19:20:46.864+0000] {logging_mixin.py:190} INFO - [2025-04-02T19:20:46.862+0000] {dag.py:3239} INFO - Sync 1 DAGs
[2025-04-02T19:20:46.959+0000] {logging_mixin.py:190} INFO - [2025-04-02T19:20:46.958+0000] {dag.py:4180} INFO - Setting next_dagrun for example_sensors to None, run_after=None
[2025-04-02T19:20:47.108+0000] {processor.py:208} INFO - Processing /home/airflow/.local/lib/python3.12/site-packages/airflow/example_dags/example_sensors.py took 0.589 seconds
[2025-04-02T19:21:18.933+0000] {processor.py:186} INFO - Started process (PID=1789) to work on /home/airflow/.local/lib/python3.12/site-packages/airflow/example_dags/example_sensors.py
[2025-04-02T19:21:18.936+0000] {processor.py:914} INFO - Processing file /home/airflow/.local/lib/python3.12/site-packages/airflow/example_dags/example_sensors.py for tasks to queue
[2025-04-02T19:21:18.951+0000] {logging_mixin.py:190} INFO - [2025-04-02T19:21:18.950+0000] {dagbag.py:588} INFO - Filling up the DagBag from /home/airflow/.local/lib/python3.12/site-packages/airflow/example_dags/example_sensors.py
[2025-04-02T19:21:19.019+0000] {processor.py:925} INFO - DAG(s) 'example_sensors' retrieved from /home/airflow/.local/lib/python3.12/site-packages/airflow/example_dags/example_sensors.py
[2025-04-02T19:21:19.184+0000] {logging_mixin.py:190} INFO - [2025-04-02T19:21:19.172+0000] {dag.py:3239} INFO - Sync 1 DAGs
[2025-04-02T19:21:19.325+0000] {logging_mixin.py:190} INFO - [2025-04-02T19:21:19.325+0000] {dag.py:4180} INFO - Setting next_dagrun for example_sensors to None, run_after=None
[2025-04-02T19:21:19.525+0000] {processor.py:208} INFO - Processing /home/airflow/.local/lib/python3.12/site-packages/airflow/example_dags/example_sensors.py took 0.632 seconds
[2025-04-02T19:21:52.660+0000] {processor.py:186} INFO - Started process (PID=1850) to work on /home/airflow/.local/lib/python3.12/site-packages/airflow/example_dags/example_sensors.py
[2025-04-02T19:21:52.672+0000] {processor.py:914} INFO - Processing file /home/airflow/.local/lib/python3.12/site-packages/airflow/example_dags/example_sensors.py for tasks to queue
[2025-04-02T19:21:52.679+0000] {logging_mixin.py:190} INFO - [2025-04-02T19:21:52.678+0000] {dagbag.py:588} INFO - Filling up the DagBag from /home/airflow/.local/lib/python3.12/site-packages/airflow/example_dags/example_sensors.py
[2025-04-02T19:21:52.785+0000] {processor.py:925} INFO - DAG(s) 'example_sensors' retrieved from /home/airflow/.local/lib/python3.12/site-packages/airflow/example_dags/example_sensors.py
[2025-04-02T19:21:52.929+0000] {logging_mixin.py:190} INFO - [2025-04-02T19:21:52.928+0000] {dag.py:3239} INFO - Sync 1 DAGs
[2025-04-02T19:21:53.041+0000] {logging_mixin.py:190} INFO - [2025-04-02T19:21:53.040+0000] {dag.py:4180} INFO - Setting next_dagrun for example_sensors to None, run_after=None
[2025-04-02T19:21:53.192+0000] {processor.py:208} INFO - Processing /home/airflow/.local/lib/python3.12/site-packages/airflow/example_dags/example_sensors.py took 0.574 seconds
[2025-04-02T19:22:50.455+0000] {processor.py:186} INFO - Started process (PID=1924) to work on /home/airflow/.local/lib/python3.12/site-packages/airflow/example_dags/example_sensors.py
[2025-04-02T19:22:50.459+0000] {processor.py:914} INFO - Processing file /home/airflow/.local/lib/python3.12/site-packages/airflow/example_dags/example_sensors.py for tasks to queue
[2025-04-02T19:22:50.487+0000] {logging_mixin.py:190} INFO - [2025-04-02T19:22:50.486+0000] {dagbag.py:588} INFO - Filling up the DagBag from /home/airflow/.local/lib/python3.12/site-packages/airflow/example_dags/example_sensors.py
[2025-04-02T19:22:50.623+0000] {processor.py:925} INFO - DAG(s) 'example_sensors' retrieved from /home/airflow/.local/lib/python3.12/site-packages/airflow/example_dags/example_sensors.py
[2025-04-02T19:22:50.906+0000] {logging_mixin.py:190} INFO - [2025-04-02T19:22:50.905+0000] {dag.py:3239} INFO - Sync 1 DAGs
[2025-04-02T19:22:51.066+0000] {logging_mixin.py:190} INFO - [2025-04-02T19:22:51.066+0000] {dag.py:4180} INFO - Setting next_dagrun for example_sensors to None, run_after=None
[2025-04-02T19:22:51.299+0000] {processor.py:208} INFO - Processing /home/airflow/.local/lib/python3.12/site-packages/airflow/example_dags/example_sensors.py took 0.894 seconds
[2025-04-02T19:23:21.515+0000] {processor.py:186} INFO - Started process (PID=1986) to work on /home/airflow/.local/lib/python3.12/site-packages/airflow/example_dags/example_sensors.py
[2025-04-02T19:23:21.518+0000] {processor.py:914} INFO - Processing file /home/airflow/.local/lib/python3.12/site-packages/airflow/example_dags/example_sensors.py for tasks to queue
[2025-04-02T19:23:21.533+0000] {logging_mixin.py:190} INFO - [2025-04-02T19:23:21.532+0000] {dagbag.py:588} INFO - Filling up the DagBag from /home/airflow/.local/lib/python3.12/site-packages/airflow/example_dags/example_sensors.py
[2025-04-02T19:23:21.590+0000] {processor.py:925} INFO - DAG(s) 'example_sensors' retrieved from /home/airflow/.local/lib/python3.12/site-packages/airflow/example_dags/example_sensors.py
[2025-04-02T19:23:21.687+0000] {logging_mixin.py:190} INFO - [2025-04-02T19:23:21.687+0000] {dag.py:3239} INFO - Sync 1 DAGs
[2025-04-02T19:23:21.781+0000] {logging_mixin.py:190} INFO - [2025-04-02T19:23:21.780+0000] {dag.py:4180} INFO - Setting next_dagrun for example_sensors to None, run_after=None
[2025-04-02T19:23:21.920+0000] {processor.py:208} INFO - Processing /home/airflow/.local/lib/python3.12/site-packages/airflow/example_dags/example_sensors.py took 0.428 seconds
[2025-04-02T19:24:07.946+0000] {processor.py:186} INFO - Started process (PID=2056) to work on /home/airflow/.local/lib/python3.12/site-packages/airflow/example_dags/example_sensors.py
[2025-04-02T19:24:07.948+0000] {processor.py:914} INFO - Processing file /home/airflow/.local/lib/python3.12/site-packages/airflow/example_dags/example_sensors.py for tasks to queue
[2025-04-02T19:24:07.955+0000] {logging_mixin.py:190} INFO - [2025-04-02T19:24:07.954+0000] {dagbag.py:588} INFO - Filling up the DagBag from /home/airflow/.local/lib/python3.12/site-packages/airflow/example_dags/example_sensors.py
[2025-04-02T19:24:07.990+0000] {processor.py:925} INFO - DAG(s) 'example_sensors' retrieved from /home/airflow/.local/lib/python3.12/site-packages/airflow/example_dags/example_sensors.py
[2025-04-02T19:24:08.089+0000] {logging_mixin.py:190} INFO - [2025-04-02T19:24:08.088+0000] {dag.py:3239} INFO - Sync 1 DAGs
[2025-04-02T19:24:08.142+0000] {logging_mixin.py:190} INFO - [2025-04-02T19:24:08.142+0000] {dag.py:4180} INFO - Setting next_dagrun for example_sensors to None, run_after=None
[2025-04-02T19:24:08.212+0000] {processor.py:208} INFO - Processing /home/airflow/.local/lib/python3.12/site-packages/airflow/example_dags/example_sensors.py took 0.277 seconds
