[2025-04-02T19:03:39.965+0000] {processor.py:186} INFO - Started process (PID=122) to work on /home/airflow/.local/lib/python3.12/site-packages/airflow/example_dags/example_local_kubernetes_executor.py
[2025-04-02T19:03:39.970+0000] {processor.py:914} INFO - Processing file /home/airflow/.local/lib/python3.12/site-packages/airflow/example_dags/example_local_kubernetes_executor.py for tasks to queue
[2025-04-02T19:03:39.980+0000] {logging_mixin.py:190} INFO - [2025-04-02T19:03:39.979+0000] {dagbag.py:588} INFO - Filling up the DagBag from /home/airflow/.local/lib/python3.12/site-packages/airflow/example_dags/example_local_kubernetes_executor.py
[2025-04-02T19:03:40.086+0000] {processor.py:925} INFO - DAG(s) 'example_local_kubernetes_executor' retrieved from /home/airflow/.local/lib/python3.12/site-packages/airflow/example_dags/example_local_kubernetes_executor.py
[2025-04-02T19:03:41.948+0000] {logging_mixin.py:190} INFO - [2025-04-02T19:03:41.946+0000] {override.py:1912} INFO - Created Permission View: can delete on DAG:example_local_kubernetes_executor
[2025-04-02T19:03:42.036+0000] {logging_mixin.py:190} INFO - [2025-04-02T19:03:42.035+0000] {override.py:1912} INFO - Created Permission View: can edit on DAG:example_local_kubernetes_executor
[2025-04-02T19:03:42.143+0000] {logging_mixin.py:190} INFO - [2025-04-02T19:03:42.142+0000] {override.py:1912} INFO - Created Permission View: can read on DAG:example_local_kubernetes_executor
[2025-04-02T19:03:42.241+0000] {logging_mixin.py:190} INFO - [2025-04-02T19:03:42.240+0000] {override.py:1912} INFO - Created Permission View: can delete on DAG Run:example_local_kubernetes_executor
[2025-04-02T19:03:42.281+0000] {logging_mixin.py:190} INFO - [2025-04-02T19:03:42.280+0000] {override.py:1912} INFO - Created Permission View: can read on DAG Run:example_local_kubernetes_executor
[2025-04-02T19:03:42.362+0000] {logging_mixin.py:190} INFO - [2025-04-02T19:03:42.361+0000] {override.py:1912} INFO - Created Permission View: can create on DAG Run:example_local_kubernetes_executor
[2025-04-02T19:03:42.411+0000] {logging_mixin.py:190} INFO - [2025-04-02T19:03:42.410+0000] {override.py:1912} INFO - Created Permission View: menu access on DAG Run:example_local_kubernetes_executor
[2025-04-02T19:03:42.416+0000] {logging_mixin.py:190} INFO - [2025-04-02T19:03:42.415+0000] {dag.py:3239} INFO - Sync 1 DAGs
[2025-04-02T19:03:42.497+0000] {logging_mixin.py:190} INFO - [2025-04-02T19:03:42.496+0000] {dag.py:3262} INFO - Creating ORM DAG for example_local_kubernetes_executor
[2025-04-02T19:03:42.499+0000] {logging_mixin.py:190} INFO - [2025-04-02T19:03:42.499+0000] {dag.py:4180} INFO - Setting next_dagrun for example_local_kubernetes_executor to None, run_after=None
[2025-04-02T19:03:42.549+0000] {processor.py:208} INFO - Processing /home/airflow/.local/lib/python3.12/site-packages/airflow/example_dags/example_local_kubernetes_executor.py took 2.670 seconds
[2025-04-02T19:04:41.171+0000] {processor.py:186} INFO - Started process (PID=191) to work on /home/airflow/.local/lib/python3.12/site-packages/airflow/example_dags/example_local_kubernetes_executor.py
[2025-04-02T19:04:41.176+0000] {processor.py:914} INFO - Processing file /home/airflow/.local/lib/python3.12/site-packages/airflow/example_dags/example_local_kubernetes_executor.py for tasks to queue
[2025-04-02T19:04:41.186+0000] {logging_mixin.py:190} INFO - [2025-04-02T19:04:41.185+0000] {dagbag.py:588} INFO - Filling up the DagBag from /home/airflow/.local/lib/python3.12/site-packages/airflow/example_dags/example_local_kubernetes_executor.py
[2025-04-02T19:04:41.225+0000] {processor.py:925} INFO - DAG(s) 'example_local_kubernetes_executor' retrieved from /home/airflow/.local/lib/python3.12/site-packages/airflow/example_dags/example_local_kubernetes_executor.py
[2025-04-02T19:04:41.325+0000] {logging_mixin.py:190} INFO - [2025-04-02T19:04:41.324+0000] {dag.py:3239} INFO - Sync 1 DAGs
[2025-04-02T19:04:41.360+0000] {logging_mixin.py:190} INFO - [2025-04-02T19:04:41.359+0000] {dag.py:4180} INFO - Setting next_dagrun for example_local_kubernetes_executor to None, run_after=None
[2025-04-02T19:04:41.409+0000] {processor.py:208} INFO - Processing /home/airflow/.local/lib/python3.12/site-packages/airflow/example_dags/example_local_kubernetes_executor.py took 0.260 seconds
[2025-04-02T19:05:17.623+0000] {processor.py:186} INFO - Started process (PID=254) to work on /home/airflow/.local/lib/python3.12/site-packages/airflow/example_dags/example_local_kubernetes_executor.py
[2025-04-02T19:05:17.625+0000] {processor.py:914} INFO - Processing file /home/airflow/.local/lib/python3.12/site-packages/airflow/example_dags/example_local_kubernetes_executor.py for tasks to queue
[2025-04-02T19:05:17.636+0000] {logging_mixin.py:190} INFO - [2025-04-02T19:05:17.635+0000] {dagbag.py:588} INFO - Filling up the DagBag from /home/airflow/.local/lib/python3.12/site-packages/airflow/example_dags/example_local_kubernetes_executor.py
[2025-04-02T19:05:17.679+0000] {processor.py:925} INFO - DAG(s) 'example_local_kubernetes_executor' retrieved from /home/airflow/.local/lib/python3.12/site-packages/airflow/example_dags/example_local_kubernetes_executor.py
[2025-04-02T19:05:17.797+0000] {logging_mixin.py:190} INFO - [2025-04-02T19:05:17.796+0000] {dag.py:3239} INFO - Sync 1 DAGs
[2025-04-02T19:05:17.876+0000] {logging_mixin.py:190} INFO - [2025-04-02T19:05:17.875+0000] {dag.py:4180} INFO - Setting next_dagrun for example_local_kubernetes_executor to None, run_after=None
[2025-04-02T19:05:18.018+0000] {processor.py:208} INFO - Processing /home/airflow/.local/lib/python3.12/site-packages/airflow/example_dags/example_local_kubernetes_executor.py took 0.416 seconds
[2025-04-02T19:05:49.821+0000] {processor.py:186} INFO - Started process (PID=315) to work on /home/airflow/.local/lib/python3.12/site-packages/airflow/example_dags/example_local_kubernetes_executor.py
[2025-04-02T19:05:49.824+0000] {processor.py:914} INFO - Processing file /home/airflow/.local/lib/python3.12/site-packages/airflow/example_dags/example_local_kubernetes_executor.py for tasks to queue
[2025-04-02T19:05:49.830+0000] {logging_mixin.py:190} INFO - [2025-04-02T19:05:49.829+0000] {dagbag.py:588} INFO - Filling up the DagBag from /home/airflow/.local/lib/python3.12/site-packages/airflow/example_dags/example_local_kubernetes_executor.py
[2025-04-02T19:05:50.304+0000] {processor.py:925} INFO - DAG(s) 'example_local_kubernetes_executor' retrieved from /home/airflow/.local/lib/python3.12/site-packages/airflow/example_dags/example_local_kubernetes_executor.py
[2025-04-02T19:05:50.631+0000] {logging_mixin.py:190} INFO - [2025-04-02T19:05:50.630+0000] {dag.py:3239} INFO - Sync 1 DAGs
[2025-04-02T19:05:50.856+0000] {logging_mixin.py:190} INFO - [2025-04-02T19:05:50.856+0000] {dag.py:4180} INFO - Setting next_dagrun for example_local_kubernetes_executor to None, run_after=None
[2025-04-02T19:05:50.939+0000] {processor.py:208} INFO - Processing /home/airflow/.local/lib/python3.12/site-packages/airflow/example_dags/example_local_kubernetes_executor.py took 1.133 seconds
[2025-04-02T19:06:21.874+0000] {processor.py:186} INFO - Started process (PID=379) to work on /home/airflow/.local/lib/python3.12/site-packages/airflow/example_dags/example_local_kubernetes_executor.py
[2025-04-02T19:06:21.876+0000] {processor.py:914} INFO - Processing file /home/airflow/.local/lib/python3.12/site-packages/airflow/example_dags/example_local_kubernetes_executor.py for tasks to queue
[2025-04-02T19:06:21.884+0000] {logging_mixin.py:190} INFO - [2025-04-02T19:06:21.883+0000] {dagbag.py:588} INFO - Filling up the DagBag from /home/airflow/.local/lib/python3.12/site-packages/airflow/example_dags/example_local_kubernetes_executor.py
[2025-04-02T19:06:21.919+0000] {processor.py:925} INFO - DAG(s) 'example_local_kubernetes_executor' retrieved from /home/airflow/.local/lib/python3.12/site-packages/airflow/example_dags/example_local_kubernetes_executor.py
[2025-04-02T19:06:21.979+0000] {logging_mixin.py:190} INFO - [2025-04-02T19:06:21.978+0000] {dag.py:3239} INFO - Sync 1 DAGs
[2025-04-02T19:06:22.157+0000] {logging_mixin.py:190} INFO - [2025-04-02T19:06:22.157+0000] {dag.py:4180} INFO - Setting next_dagrun for example_local_kubernetes_executor to None, run_after=None
[2025-04-02T19:06:22.258+0000] {processor.py:208} INFO - Processing /home/airflow/.local/lib/python3.12/site-packages/airflow/example_dags/example_local_kubernetes_executor.py took 0.399 seconds
[2025-04-02T19:07:03.260+0000] {processor.py:186} INFO - Started process (PID=449) to work on /home/airflow/.local/lib/python3.12/site-packages/airflow/example_dags/example_local_kubernetes_executor.py
[2025-04-02T19:07:03.322+0000] {processor.py:914} INFO - Processing file /home/airflow/.local/lib/python3.12/site-packages/airflow/example_dags/example_local_kubernetes_executor.py for tasks to queue
[2025-04-02T19:07:03.340+0000] {logging_mixin.py:190} INFO - [2025-04-02T19:07:03.338+0000] {dagbag.py:588} INFO - Filling up the DagBag from /home/airflow/.local/lib/python3.12/site-packages/airflow/example_dags/example_local_kubernetes_executor.py
[2025-04-02T19:07:03.483+0000] {processor.py:925} INFO - DAG(s) 'example_local_kubernetes_executor' retrieved from /home/airflow/.local/lib/python3.12/site-packages/airflow/example_dags/example_local_kubernetes_executor.py
[2025-04-02T19:07:03.690+0000] {logging_mixin.py:190} INFO - [2025-04-02T19:07:03.689+0000] {dag.py:3239} INFO - Sync 1 DAGs
[2025-04-02T19:07:03.922+0000] {logging_mixin.py:190} INFO - [2025-04-02T19:07:03.921+0000] {dag.py:4180} INFO - Setting next_dagrun for example_local_kubernetes_executor to None, run_after=None
[2025-04-02T19:07:04.246+0000] {processor.py:208} INFO - Processing /home/airflow/.local/lib/python3.12/site-packages/airflow/example_dags/example_local_kubernetes_executor.py took 1.103 seconds
[2025-04-02T19:07:34.995+0000] {processor.py:186} INFO - Started process (PID=511) to work on /home/airflow/.local/lib/python3.12/site-packages/airflow/example_dags/example_local_kubernetes_executor.py
[2025-04-02T19:07:35.002+0000] {processor.py:914} INFO - Processing file /home/airflow/.local/lib/python3.12/site-packages/airflow/example_dags/example_local_kubernetes_executor.py for tasks to queue
[2025-04-02T19:07:35.015+0000] {logging_mixin.py:190} INFO - [2025-04-02T19:07:35.014+0000] {dagbag.py:588} INFO - Filling up the DagBag from /home/airflow/.local/lib/python3.12/site-packages/airflow/example_dags/example_local_kubernetes_executor.py
[2025-04-02T19:07:35.049+0000] {processor.py:925} INFO - DAG(s) 'example_local_kubernetes_executor' retrieved from /home/airflow/.local/lib/python3.12/site-packages/airflow/example_dags/example_local_kubernetes_executor.py
[2025-04-02T19:07:35.095+0000] {logging_mixin.py:190} INFO - [2025-04-02T19:07:35.095+0000] {dag.py:3239} INFO - Sync 1 DAGs
[2025-04-02T19:07:35.119+0000] {logging_mixin.py:190} INFO - [2025-04-02T19:07:35.119+0000] {dag.py:4180} INFO - Setting next_dagrun for example_local_kubernetes_executor to None, run_after=None
[2025-04-02T19:07:35.151+0000] {processor.py:208} INFO - Processing /home/airflow/.local/lib/python3.12/site-packages/airflow/example_dags/example_local_kubernetes_executor.py took 0.180 seconds
[2025-04-02T19:08:10.846+0000] {processor.py:186} INFO - Started process (PID=574) to work on /home/airflow/.local/lib/python3.12/site-packages/airflow/example_dags/example_local_kubernetes_executor.py
[2025-04-02T19:08:10.851+0000] {processor.py:914} INFO - Processing file /home/airflow/.local/lib/python3.12/site-packages/airflow/example_dags/example_local_kubernetes_executor.py for tasks to queue
[2025-04-02T19:08:10.868+0000] {logging_mixin.py:190} INFO - [2025-04-02T19:08:10.864+0000] {dagbag.py:588} INFO - Filling up the DagBag from /home/airflow/.local/lib/python3.12/site-packages/airflow/example_dags/example_local_kubernetes_executor.py
[2025-04-02T19:08:10.936+0000] {processor.py:925} INFO - DAG(s) 'example_local_kubernetes_executor' retrieved from /home/airflow/.local/lib/python3.12/site-packages/airflow/example_dags/example_local_kubernetes_executor.py
[2025-04-02T19:08:11.070+0000] {logging_mixin.py:190} INFO - [2025-04-02T19:08:11.069+0000] {dag.py:3239} INFO - Sync 1 DAGs
[2025-04-02T19:08:11.187+0000] {logging_mixin.py:190} INFO - [2025-04-02T19:08:11.186+0000] {dag.py:4180} INFO - Setting next_dagrun for example_local_kubernetes_executor to None, run_after=None
[2025-04-02T19:08:11.303+0000] {processor.py:208} INFO - Processing /home/airflow/.local/lib/python3.12/site-packages/airflow/example_dags/example_local_kubernetes_executor.py took 0.513 seconds
[2025-04-02T19:08:56.565+0000] {processor.py:186} INFO - Started process (PID=618) to work on /home/airflow/.local/lib/python3.12/site-packages/airflow/example_dags/example_local_kubernetes_executor.py
[2025-04-02T19:08:56.568+0000] {processor.py:914} INFO - Processing file /home/airflow/.local/lib/python3.12/site-packages/airflow/example_dags/example_local_kubernetes_executor.py for tasks to queue
[2025-04-02T19:08:56.575+0000] {logging_mixin.py:190} INFO - [2025-04-02T19:08:56.574+0000] {dagbag.py:588} INFO - Filling up the DagBag from /home/airflow/.local/lib/python3.12/site-packages/airflow/example_dags/example_local_kubernetes_executor.py
[2025-04-02T19:08:56.631+0000] {processor.py:925} INFO - DAG(s) 'example_local_kubernetes_executor' retrieved from /home/airflow/.local/lib/python3.12/site-packages/airflow/example_dags/example_local_kubernetes_executor.py
[2025-04-02T19:08:56.734+0000] {logging_mixin.py:190} INFO - [2025-04-02T19:08:56.732+0000] {dag.py:3239} INFO - Sync 1 DAGs
[2025-04-02T19:08:56.828+0000] {logging_mixin.py:190} INFO - [2025-04-02T19:08:56.827+0000] {dag.py:4180} INFO - Setting next_dagrun for example_local_kubernetes_executor to None, run_after=None
[2025-04-02T19:08:56.951+0000] {processor.py:208} INFO - Processing /home/airflow/.local/lib/python3.12/site-packages/airflow/example_dags/example_local_kubernetes_executor.py took 0.425 seconds
[2025-04-02T19:10:26.186+0000] {processor.py:186} INFO - Started process (PID=707) to work on /home/airflow/.local/lib/python3.12/site-packages/airflow/example_dags/example_local_kubernetes_executor.py
[2025-04-02T19:10:26.204+0000] {processor.py:914} INFO - Processing file /home/airflow/.local/lib/python3.12/site-packages/airflow/example_dags/example_local_kubernetes_executor.py for tasks to queue
[2025-04-02T19:10:26.242+0000] {logging_mixin.py:190} INFO - [2025-04-02T19:10:26.241+0000] {dagbag.py:588} INFO - Filling up the DagBag from /home/airflow/.local/lib/python3.12/site-packages/airflow/example_dags/example_local_kubernetes_executor.py
[2025-04-02T19:10:26.369+0000] {processor.py:925} INFO - DAG(s) 'example_local_kubernetes_executor' retrieved from /home/airflow/.local/lib/python3.12/site-packages/airflow/example_dags/example_local_kubernetes_executor.py
[2025-04-02T19:10:26.587+0000] {logging_mixin.py:190} INFO - [2025-04-02T19:10:26.585+0000] {dag.py:3239} INFO - Sync 1 DAGs
[2025-04-02T19:10:26.701+0000] {logging_mixin.py:190} INFO - [2025-04-02T19:10:26.701+0000] {dag.py:4180} INFO - Setting next_dagrun for example_local_kubernetes_executor to None, run_after=None
[2025-04-02T19:10:26.890+0000] {processor.py:208} INFO - Processing /home/airflow/.local/lib/python3.12/site-packages/airflow/example_dags/example_local_kubernetes_executor.py took 0.776 seconds
[2025-04-02T19:10:57.212+0000] {processor.py:186} INFO - Started process (PID=768) to work on /home/airflow/.local/lib/python3.12/site-packages/airflow/example_dags/example_local_kubernetes_executor.py
[2025-04-02T19:10:57.226+0000] {processor.py:914} INFO - Processing file /home/airflow/.local/lib/python3.12/site-packages/airflow/example_dags/example_local_kubernetes_executor.py for tasks to queue
[2025-04-02T19:10:57.243+0000] {logging_mixin.py:190} INFO - [2025-04-02T19:10:57.242+0000] {dagbag.py:588} INFO - Filling up the DagBag from /home/airflow/.local/lib/python3.12/site-packages/airflow/example_dags/example_local_kubernetes_executor.py
[2025-04-02T19:10:57.324+0000] {processor.py:925} INFO - DAG(s) 'example_local_kubernetes_executor' retrieved from /home/airflow/.local/lib/python3.12/site-packages/airflow/example_dags/example_local_kubernetes_executor.py
[2025-04-02T19:10:57.483+0000] {logging_mixin.py:190} INFO - [2025-04-02T19:10:57.482+0000] {dag.py:3239} INFO - Sync 1 DAGs
[2025-04-02T19:10:57.621+0000] {logging_mixin.py:190} INFO - [2025-04-02T19:10:57.620+0000] {dag.py:4180} INFO - Setting next_dagrun for example_local_kubernetes_executor to None, run_after=None
[2025-04-02T19:10:57.803+0000] {processor.py:208} INFO - Processing /home/airflow/.local/lib/python3.12/site-packages/airflow/example_dags/example_local_kubernetes_executor.py took 0.633 seconds
[2025-04-02T19:11:33.053+0000] {processor.py:186} INFO - Started process (PID=835) to work on /home/airflow/.local/lib/python3.12/site-packages/airflow/example_dags/example_local_kubernetes_executor.py
[2025-04-02T19:11:33.060+0000] {processor.py:914} INFO - Processing file /home/airflow/.local/lib/python3.12/site-packages/airflow/example_dags/example_local_kubernetes_executor.py for tasks to queue
[2025-04-02T19:11:33.065+0000] {logging_mixin.py:190} INFO - [2025-04-02T19:11:33.065+0000] {dagbag.py:588} INFO - Filling up the DagBag from /home/airflow/.local/lib/python3.12/site-packages/airflow/example_dags/example_local_kubernetes_executor.py
[2025-04-02T19:11:33.101+0000] {processor.py:925} INFO - DAG(s) 'example_local_kubernetes_executor' retrieved from /home/airflow/.local/lib/python3.12/site-packages/airflow/example_dags/example_local_kubernetes_executor.py
[2025-04-02T19:11:33.182+0000] {logging_mixin.py:190} INFO - [2025-04-02T19:11:33.181+0000] {dag.py:3239} INFO - Sync 1 DAGs
[2025-04-02T19:11:33.270+0000] {logging_mixin.py:190} INFO - [2025-04-02T19:11:33.269+0000] {dag.py:4180} INFO - Setting next_dagrun for example_local_kubernetes_executor to None, run_after=None
[2025-04-02T19:11:33.418+0000] {processor.py:208} INFO - Processing /home/airflow/.local/lib/python3.12/site-packages/airflow/example_dags/example_local_kubernetes_executor.py took 0.386 seconds
[2025-04-02T19:12:10.155+0000] {processor.py:186} INFO - Started process (PID=898) to work on /home/airflow/.local/lib/python3.12/site-packages/airflow/example_dags/example_local_kubernetes_executor.py
[2025-04-02T19:12:10.158+0000] {processor.py:914} INFO - Processing file /home/airflow/.local/lib/python3.12/site-packages/airflow/example_dags/example_local_kubernetes_executor.py for tasks to queue
[2025-04-02T19:12:10.178+0000] {logging_mixin.py:190} INFO - [2025-04-02T19:12:10.171+0000] {dagbag.py:588} INFO - Filling up the DagBag from /home/airflow/.local/lib/python3.12/site-packages/airflow/example_dags/example_local_kubernetes_executor.py
[2025-04-02T19:12:10.299+0000] {processor.py:925} INFO - DAG(s) 'example_local_kubernetes_executor' retrieved from /home/airflow/.local/lib/python3.12/site-packages/airflow/example_dags/example_local_kubernetes_executor.py
[2025-04-02T19:12:10.405+0000] {logging_mixin.py:190} INFO - [2025-04-02T19:12:10.405+0000] {dag.py:3239} INFO - Sync 1 DAGs
[2025-04-02T19:12:10.558+0000] {logging_mixin.py:190} INFO - [2025-04-02T19:12:10.553+0000] {dag.py:4180} INFO - Setting next_dagrun for example_local_kubernetes_executor to None, run_after=None
[2025-04-02T19:12:10.751+0000] {processor.py:208} INFO - Processing /home/airflow/.local/lib/python3.12/site-packages/airflow/example_dags/example_local_kubernetes_executor.py took 0.634 seconds
[2025-04-02T19:12:43.507+0000] {processor.py:186} INFO - Started process (PID=961) to work on /home/airflow/.local/lib/python3.12/site-packages/airflow/example_dags/example_local_kubernetes_executor.py
[2025-04-02T19:12:43.518+0000] {processor.py:914} INFO - Processing file /home/airflow/.local/lib/python3.12/site-packages/airflow/example_dags/example_local_kubernetes_executor.py for tasks to queue
[2025-04-02T19:12:43.524+0000] {logging_mixin.py:190} INFO - [2025-04-02T19:12:43.523+0000] {dagbag.py:588} INFO - Filling up the DagBag from /home/airflow/.local/lib/python3.12/site-packages/airflow/example_dags/example_local_kubernetes_executor.py
[2025-04-02T19:12:43.575+0000] {processor.py:925} INFO - DAG(s) 'example_local_kubernetes_executor' retrieved from /home/airflow/.local/lib/python3.12/site-packages/airflow/example_dags/example_local_kubernetes_executor.py
[2025-04-02T19:12:43.655+0000] {logging_mixin.py:190} INFO - [2025-04-02T19:12:43.654+0000] {dag.py:3239} INFO - Sync 1 DAGs
[2025-04-02T19:12:43.724+0000] {logging_mixin.py:190} INFO - [2025-04-02T19:12:43.724+0000] {dag.py:4180} INFO - Setting next_dagrun for example_local_kubernetes_executor to None, run_after=None
[2025-04-02T19:12:43.817+0000] {processor.py:208} INFO - Processing /home/airflow/.local/lib/python3.12/site-packages/airflow/example_dags/example_local_kubernetes_executor.py took 0.333 seconds
[2025-04-02T19:13:32.099+0000] {processor.py:186} INFO - Started process (PID=1025) to work on /home/airflow/.local/lib/python3.12/site-packages/airflow/example_dags/example_local_kubernetes_executor.py
[2025-04-02T19:13:32.116+0000] {processor.py:914} INFO - Processing file /home/airflow/.local/lib/python3.12/site-packages/airflow/example_dags/example_local_kubernetes_executor.py for tasks to queue
[2025-04-02T19:13:32.139+0000] {logging_mixin.py:190} INFO - [2025-04-02T19:13:32.138+0000] {dagbag.py:588} INFO - Filling up the DagBag from /home/airflow/.local/lib/python3.12/site-packages/airflow/example_dags/example_local_kubernetes_executor.py
[2025-04-02T19:13:32.300+0000] {processor.py:925} INFO - DAG(s) 'example_local_kubernetes_executor' retrieved from /home/airflow/.local/lib/python3.12/site-packages/airflow/example_dags/example_local_kubernetes_executor.py
[2025-04-02T19:13:32.679+0000] {logging_mixin.py:190} INFO - [2025-04-02T19:13:32.678+0000] {dag.py:3239} INFO - Sync 1 DAGs
[2025-04-02T19:13:32.850+0000] {logging_mixin.py:190} INFO - [2025-04-02T19:13:32.849+0000] {dag.py:4180} INFO - Setting next_dagrun for example_local_kubernetes_executor to None, run_after=None
[2025-04-02T19:13:33.068+0000] {processor.py:208} INFO - Processing /home/airflow/.local/lib/python3.12/site-packages/airflow/example_dags/example_local_kubernetes_executor.py took 1.074 seconds
[2025-04-02T19:14:07.740+0000] {processor.py:186} INFO - Started process (PID=1093) to work on /home/airflow/.local/lib/python3.12/site-packages/airflow/example_dags/example_local_kubernetes_executor.py
[2025-04-02T19:14:07.747+0000] {processor.py:914} INFO - Processing file /home/airflow/.local/lib/python3.12/site-packages/airflow/example_dags/example_local_kubernetes_executor.py for tasks to queue
[2025-04-02T19:14:07.759+0000] {logging_mixin.py:190} INFO - [2025-04-02T19:14:07.757+0000] {dagbag.py:588} INFO - Filling up the DagBag from /home/airflow/.local/lib/python3.12/site-packages/airflow/example_dags/example_local_kubernetes_executor.py
[2025-04-02T19:14:07.798+0000] {processor.py:925} INFO - DAG(s) 'example_local_kubernetes_executor' retrieved from /home/airflow/.local/lib/python3.12/site-packages/airflow/example_dags/example_local_kubernetes_executor.py
[2025-04-02T19:14:07.862+0000] {logging_mixin.py:190} INFO - [2025-04-02T19:14:07.861+0000] {dag.py:3239} INFO - Sync 1 DAGs
[2025-04-02T19:14:07.940+0000] {logging_mixin.py:190} INFO - [2025-04-02T19:14:07.939+0000] {dag.py:4180} INFO - Setting next_dagrun for example_local_kubernetes_executor to None, run_after=None
[2025-04-02T19:14:08.057+0000] {processor.py:208} INFO - Processing /home/airflow/.local/lib/python3.12/site-packages/airflow/example_dags/example_local_kubernetes_executor.py took 0.359 seconds
[2025-04-02T19:15:13.761+0000] {processor.py:186} INFO - Started process (PID=1177) to work on /home/airflow/.local/lib/python3.12/site-packages/airflow/example_dags/example_local_kubernetes_executor.py
[2025-04-02T19:15:13.776+0000] {processor.py:914} INFO - Processing file /home/airflow/.local/lib/python3.12/site-packages/airflow/example_dags/example_local_kubernetes_executor.py for tasks to queue
[2025-04-02T19:15:13.796+0000] {logging_mixin.py:190} INFO - [2025-04-02T19:15:13.781+0000] {dagbag.py:588} INFO - Filling up the DagBag from /home/airflow/.local/lib/python3.12/site-packages/airflow/example_dags/example_local_kubernetes_executor.py
[2025-04-02T19:15:13.835+0000] {processor.py:925} INFO - DAG(s) 'example_local_kubernetes_executor' retrieved from /home/airflow/.local/lib/python3.12/site-packages/airflow/example_dags/example_local_kubernetes_executor.py
[2025-04-02T19:15:14.008+0000] {logging_mixin.py:190} INFO - [2025-04-02T19:15:14.007+0000] {dag.py:3239} INFO - Sync 1 DAGs
[2025-04-02T19:15:14.096+0000] {logging_mixin.py:190} INFO - [2025-04-02T19:15:14.095+0000] {dag.py:4180} INFO - Setting next_dagrun for example_local_kubernetes_executor to None, run_after=None
[2025-04-02T19:15:14.329+0000] {processor.py:208} INFO - Processing /home/airflow/.local/lib/python3.12/site-packages/airflow/example_dags/example_local_kubernetes_executor.py took 0.623 seconds
[2025-04-02T19:15:59.664+0000] {processor.py:186} INFO - Started process (PID=1239) to work on /home/airflow/.local/lib/python3.12/site-packages/airflow/example_dags/example_local_kubernetes_executor.py
[2025-04-02T19:15:59.667+0000] {processor.py:914} INFO - Processing file /home/airflow/.local/lib/python3.12/site-packages/airflow/example_dags/example_local_kubernetes_executor.py for tasks to queue
[2025-04-02T19:15:59.684+0000] {logging_mixin.py:190} INFO - [2025-04-02T19:15:59.683+0000] {dagbag.py:588} INFO - Filling up the DagBag from /home/airflow/.local/lib/python3.12/site-packages/airflow/example_dags/example_local_kubernetes_executor.py
[2025-04-02T19:15:59.751+0000] {processor.py:925} INFO - DAG(s) 'example_local_kubernetes_executor' retrieved from /home/airflow/.local/lib/python3.12/site-packages/airflow/example_dags/example_local_kubernetes_executor.py
[2025-04-02T19:15:59.917+0000] {logging_mixin.py:190} INFO - [2025-04-02T19:15:59.916+0000] {dag.py:3239} INFO - Sync 1 DAGs
[2025-04-02T19:16:00.032+0000] {logging_mixin.py:190} INFO - [2025-04-02T19:16:00.031+0000] {dag.py:4180} INFO - Setting next_dagrun for example_local_kubernetes_executor to None, run_after=None
[2025-04-02T19:16:00.148+0000] {processor.py:208} INFO - Processing /home/airflow/.local/lib/python3.12/site-packages/airflow/example_dags/example_local_kubernetes_executor.py took 0.538 seconds
[2025-04-02T19:16:34.082+0000] {processor.py:186} INFO - Started process (PID=1302) to work on /home/airflow/.local/lib/python3.12/site-packages/airflow/example_dags/example_local_kubernetes_executor.py
[2025-04-02T19:16:34.112+0000] {processor.py:914} INFO - Processing file /home/airflow/.local/lib/python3.12/site-packages/airflow/example_dags/example_local_kubernetes_executor.py for tasks to queue
[2025-04-02T19:16:34.162+0000] {logging_mixin.py:190} INFO - [2025-04-02T19:16:34.146+0000] {dagbag.py:588} INFO - Filling up the DagBag from /home/airflow/.local/lib/python3.12/site-packages/airflow/example_dags/example_local_kubernetes_executor.py
[2025-04-02T19:16:34.443+0000] {processor.py:925} INFO - DAG(s) 'example_local_kubernetes_executor' retrieved from /home/airflow/.local/lib/python3.12/site-packages/airflow/example_dags/example_local_kubernetes_executor.py
[2025-04-02T19:16:34.683+0000] {logging_mixin.py:190} INFO - [2025-04-02T19:16:34.683+0000] {dag.py:3239} INFO - Sync 1 DAGs
[2025-04-02T19:16:34.871+0000] {logging_mixin.py:190} INFO - [2025-04-02T19:16:34.870+0000] {dag.py:4180} INFO - Setting next_dagrun for example_local_kubernetes_executor to None, run_after=None
[2025-04-02T19:16:35.171+0000] {processor.py:208} INFO - Processing /home/airflow/.local/lib/python3.12/site-packages/airflow/example_dags/example_local_kubernetes_executor.py took 1.169 seconds
[2025-04-02T19:17:14.603+0000] {processor.py:186} INFO - Started process (PID=1372) to work on /home/airflow/.local/lib/python3.12/site-packages/airflow/example_dags/example_local_kubernetes_executor.py
[2025-04-02T19:17:14.622+0000] {processor.py:914} INFO - Processing file /home/airflow/.local/lib/python3.12/site-packages/airflow/example_dags/example_local_kubernetes_executor.py for tasks to queue
[2025-04-02T19:17:14.627+0000] {logging_mixin.py:190} INFO - [2025-04-02T19:17:14.626+0000] {dagbag.py:588} INFO - Filling up the DagBag from /home/airflow/.local/lib/python3.12/site-packages/airflow/example_dags/example_local_kubernetes_executor.py
[2025-04-02T19:17:14.698+0000] {processor.py:925} INFO - DAG(s) 'example_local_kubernetes_executor' retrieved from /home/airflow/.local/lib/python3.12/site-packages/airflow/example_dags/example_local_kubernetes_executor.py
[2025-04-02T19:17:14.839+0000] {logging_mixin.py:190} INFO - [2025-04-02T19:17:14.838+0000] {dag.py:3239} INFO - Sync 1 DAGs
[2025-04-02T19:17:14.916+0000] {logging_mixin.py:190} INFO - [2025-04-02T19:17:14.915+0000] {dag.py:4180} INFO - Setting next_dagrun for example_local_kubernetes_executor to None, run_after=None
[2025-04-02T19:17:14.987+0000] {processor.py:208} INFO - Processing /home/airflow/.local/lib/python3.12/site-packages/airflow/example_dags/example_local_kubernetes_executor.py took 0.410 seconds
[2025-04-02T19:17:45.222+0000] {processor.py:186} INFO - Started process (PID=1434) to work on /home/airflow/.local/lib/python3.12/site-packages/airflow/example_dags/example_local_kubernetes_executor.py
[2025-04-02T19:17:45.223+0000] {processor.py:914} INFO - Processing file /home/airflow/.local/lib/python3.12/site-packages/airflow/example_dags/example_local_kubernetes_executor.py for tasks to queue
[2025-04-02T19:17:45.235+0000] {logging_mixin.py:190} INFO - [2025-04-02T19:17:45.234+0000] {dagbag.py:588} INFO - Filling up the DagBag from /home/airflow/.local/lib/python3.12/site-packages/airflow/example_dags/example_local_kubernetes_executor.py
[2025-04-02T19:17:45.257+0000] {processor.py:925} INFO - DAG(s) 'example_local_kubernetes_executor' retrieved from /home/airflow/.local/lib/python3.12/site-packages/airflow/example_dags/example_local_kubernetes_executor.py
[2025-04-02T19:17:45.347+0000] {logging_mixin.py:190} INFO - [2025-04-02T19:17:45.347+0000] {dag.py:3239} INFO - Sync 1 DAGs
[2025-04-02T19:17:45.420+0000] {logging_mixin.py:190} INFO - [2025-04-02T19:17:45.419+0000] {dag.py:4180} INFO - Setting next_dagrun for example_local_kubernetes_executor to None, run_after=None
[2025-04-02T19:17:45.499+0000] {processor.py:208} INFO - Processing /home/airflow/.local/lib/python3.12/site-packages/airflow/example_dags/example_local_kubernetes_executor.py took 0.291 seconds
[2025-04-02T19:18:16.309+0000] {processor.py:186} INFO - Started process (PID=1496) to work on /home/airflow/.local/lib/python3.12/site-packages/airflow/example_dags/example_local_kubernetes_executor.py
[2025-04-02T19:18:16.321+0000] {processor.py:914} INFO - Processing file /home/airflow/.local/lib/python3.12/site-packages/airflow/example_dags/example_local_kubernetes_executor.py for tasks to queue
[2025-04-02T19:18:16.331+0000] {logging_mixin.py:190} INFO - [2025-04-02T19:18:16.330+0000] {dagbag.py:588} INFO - Filling up the DagBag from /home/airflow/.local/lib/python3.12/site-packages/airflow/example_dags/example_local_kubernetes_executor.py
[2025-04-02T19:18:16.401+0000] {processor.py:925} INFO - DAG(s) 'example_local_kubernetes_executor' retrieved from /home/airflow/.local/lib/python3.12/site-packages/airflow/example_dags/example_local_kubernetes_executor.py
[2025-04-02T19:18:16.506+0000] {logging_mixin.py:190} INFO - [2025-04-02T19:18:16.505+0000] {dag.py:3239} INFO - Sync 1 DAGs
[2025-04-02T19:18:16.553+0000] {logging_mixin.py:190} INFO - [2025-04-02T19:18:16.552+0000] {dag.py:4180} INFO - Setting next_dagrun for example_local_kubernetes_executor to None, run_after=None
[2025-04-02T19:18:16.630+0000] {processor.py:208} INFO - Processing /home/airflow/.local/lib/python3.12/site-packages/airflow/example_dags/example_local_kubernetes_executor.py took 0.347 seconds
[2025-04-02T19:18:53.924+0000] {processor.py:186} INFO - Started process (PID=1553) to work on /home/airflow/.local/lib/python3.12/site-packages/airflow/example_dags/example_local_kubernetes_executor.py
[2025-04-02T19:18:53.928+0000] {processor.py:914} INFO - Processing file /home/airflow/.local/lib/python3.12/site-packages/airflow/example_dags/example_local_kubernetes_executor.py for tasks to queue
[2025-04-02T19:18:53.934+0000] {logging_mixin.py:190} INFO - [2025-04-02T19:18:53.933+0000] {dagbag.py:588} INFO - Filling up the DagBag from /home/airflow/.local/lib/python3.12/site-packages/airflow/example_dags/example_local_kubernetes_executor.py
[2025-04-02T19:18:53.971+0000] {processor.py:925} INFO - DAG(s) 'example_local_kubernetes_executor' retrieved from /home/airflow/.local/lib/python3.12/site-packages/airflow/example_dags/example_local_kubernetes_executor.py
[2025-04-02T19:18:54.059+0000] {logging_mixin.py:190} INFO - [2025-04-02T19:18:54.059+0000] {dag.py:3239} INFO - Sync 1 DAGs
[2025-04-02T19:18:54.117+0000] {logging_mixin.py:190} INFO - [2025-04-02T19:18:54.116+0000] {dag.py:4180} INFO - Setting next_dagrun for example_local_kubernetes_executor to None, run_after=None
[2025-04-02T19:18:54.215+0000] {processor.py:208} INFO - Processing /home/airflow/.local/lib/python3.12/site-packages/airflow/example_dags/example_local_kubernetes_executor.py took 0.314 seconds
[2025-04-02T19:19:30.631+0000] {processor.py:186} INFO - Started process (PID=1615) to work on /home/airflow/.local/lib/python3.12/site-packages/airflow/example_dags/example_local_kubernetes_executor.py
[2025-04-02T19:19:30.633+0000] {processor.py:914} INFO - Processing file /home/airflow/.local/lib/python3.12/site-packages/airflow/example_dags/example_local_kubernetes_executor.py for tasks to queue
[2025-04-02T19:19:30.647+0000] {logging_mixin.py:190} INFO - [2025-04-02T19:19:30.645+0000] {dagbag.py:588} INFO - Filling up the DagBag from /home/airflow/.local/lib/python3.12/site-packages/airflow/example_dags/example_local_kubernetes_executor.py
[2025-04-02T19:19:30.700+0000] {processor.py:925} INFO - DAG(s) 'example_local_kubernetes_executor' retrieved from /home/airflow/.local/lib/python3.12/site-packages/airflow/example_dags/example_local_kubernetes_executor.py
[2025-04-02T19:19:30.878+0000] {logging_mixin.py:190} INFO - [2025-04-02T19:19:30.877+0000] {dag.py:3239} INFO - Sync 1 DAGs
[2025-04-02T19:19:31.015+0000] {logging_mixin.py:190} INFO - [2025-04-02T19:19:31.014+0000] {dag.py:4180} INFO - Setting next_dagrun for example_local_kubernetes_executor to None, run_after=None
[2025-04-02T19:19:31.128+0000] {processor.py:208} INFO - Processing /home/airflow/.local/lib/python3.12/site-packages/airflow/example_dags/example_local_kubernetes_executor.py took 0.532 seconds
[2025-04-02T19:20:24.201+0000] {processor.py:186} INFO - Started process (PID=1682) to work on /home/airflow/.local/lib/python3.12/site-packages/airflow/example_dags/example_local_kubernetes_executor.py
[2025-04-02T19:20:24.204+0000] {processor.py:914} INFO - Processing file /home/airflow/.local/lib/python3.12/site-packages/airflow/example_dags/example_local_kubernetes_executor.py for tasks to queue
[2025-04-02T19:20:24.221+0000] {logging_mixin.py:190} INFO - [2025-04-02T19:20:24.210+0000] {dagbag.py:588} INFO - Filling up the DagBag from /home/airflow/.local/lib/python3.12/site-packages/airflow/example_dags/example_local_kubernetes_executor.py
[2025-04-02T19:20:24.276+0000] {processor.py:925} INFO - DAG(s) 'example_local_kubernetes_executor' retrieved from /home/airflow/.local/lib/python3.12/site-packages/airflow/example_dags/example_local_kubernetes_executor.py
[2025-04-02T19:20:24.376+0000] {logging_mixin.py:190} INFO - [2025-04-02T19:20:24.376+0000] {dag.py:3239} INFO - Sync 1 DAGs
[2025-04-02T19:20:24.474+0000] {logging_mixin.py:190} INFO - [2025-04-02T19:20:24.472+0000] {dag.py:4180} INFO - Setting next_dagrun for example_local_kubernetes_executor to None, run_after=None
[2025-04-02T19:20:24.590+0000] {processor.py:208} INFO - Processing /home/airflow/.local/lib/python3.12/site-packages/airflow/example_dags/example_local_kubernetes_executor.py took 0.436 seconds
[2025-04-02T19:20:59.106+0000] {processor.py:186} INFO - Started process (PID=1745) to work on /home/airflow/.local/lib/python3.12/site-packages/airflow/example_dags/example_local_kubernetes_executor.py
[2025-04-02T19:20:59.110+0000] {processor.py:914} INFO - Processing file /home/airflow/.local/lib/python3.12/site-packages/airflow/example_dags/example_local_kubernetes_executor.py for tasks to queue
[2025-04-02T19:20:59.117+0000] {logging_mixin.py:190} INFO - [2025-04-02T19:20:59.116+0000] {dagbag.py:588} INFO - Filling up the DagBag from /home/airflow/.local/lib/python3.12/site-packages/airflow/example_dags/example_local_kubernetes_executor.py
[2025-04-02T19:20:59.151+0000] {processor.py:925} INFO - DAG(s) 'example_local_kubernetes_executor' retrieved from /home/airflow/.local/lib/python3.12/site-packages/airflow/example_dags/example_local_kubernetes_executor.py
[2025-04-02T19:20:59.203+0000] {logging_mixin.py:190} INFO - [2025-04-02T19:20:59.202+0000] {dag.py:3239} INFO - Sync 1 DAGs
[2025-04-02T19:20:59.281+0000] {logging_mixin.py:190} INFO - [2025-04-02T19:20:59.280+0000] {dag.py:4180} INFO - Setting next_dagrun for example_local_kubernetes_executor to None, run_after=None
[2025-04-02T19:20:59.386+0000] {processor.py:208} INFO - Processing /home/airflow/.local/lib/python3.12/site-packages/airflow/example_dags/example_local_kubernetes_executor.py took 0.303 seconds
[2025-04-02T19:21:33.044+0000] {processor.py:186} INFO - Started process (PID=1808) to work on /home/airflow/.local/lib/python3.12/site-packages/airflow/example_dags/example_local_kubernetes_executor.py
[2025-04-02T19:21:33.046+0000] {processor.py:914} INFO - Processing file /home/airflow/.local/lib/python3.12/site-packages/airflow/example_dags/example_local_kubernetes_executor.py for tasks to queue
[2025-04-02T19:21:33.051+0000] {logging_mixin.py:190} INFO - [2025-04-02T19:21:33.050+0000] {dagbag.py:588} INFO - Filling up the DagBag from /home/airflow/.local/lib/python3.12/site-packages/airflow/example_dags/example_local_kubernetes_executor.py
[2025-04-02T19:21:33.134+0000] {processor.py:925} INFO - DAG(s) 'example_local_kubernetes_executor' retrieved from /home/airflow/.local/lib/python3.12/site-packages/airflow/example_dags/example_local_kubernetes_executor.py
[2025-04-02T19:21:33.275+0000] {logging_mixin.py:190} INFO - [2025-04-02T19:21:33.275+0000] {dag.py:3239} INFO - Sync 1 DAGs
[2025-04-02T19:21:33.396+0000] {logging_mixin.py:190} INFO - [2025-04-02T19:21:33.395+0000] {dag.py:4180} INFO - Setting next_dagrun for example_local_kubernetes_executor to None, run_after=None
[2025-04-02T19:21:33.626+0000] {processor.py:208} INFO - Processing /home/airflow/.local/lib/python3.12/site-packages/airflow/example_dags/example_local_kubernetes_executor.py took 0.599 seconds
[2025-04-02T19:22:12.121+0000] {processor.py:186} INFO - Started process (PID=1881) to work on /home/airflow/.local/lib/python3.12/site-packages/airflow/example_dags/example_local_kubernetes_executor.py
[2025-04-02T19:22:12.125+0000] {processor.py:914} INFO - Processing file /home/airflow/.local/lib/python3.12/site-packages/airflow/example_dags/example_local_kubernetes_executor.py for tasks to queue
[2025-04-02T19:22:12.142+0000] {logging_mixin.py:190} INFO - [2025-04-02T19:22:12.141+0000] {dagbag.py:588} INFO - Filling up the DagBag from /home/airflow/.local/lib/python3.12/site-packages/airflow/example_dags/example_local_kubernetes_executor.py
[2025-04-02T19:22:12.238+0000] {processor.py:925} INFO - DAG(s) 'example_local_kubernetes_executor' retrieved from /home/airflow/.local/lib/python3.12/site-packages/airflow/example_dags/example_local_kubernetes_executor.py
[2025-04-02T19:22:12.437+0000] {logging_mixin.py:190} INFO - [2025-04-02T19:22:12.437+0000] {dag.py:3239} INFO - Sync 1 DAGs
[2025-04-02T19:22:12.685+0000] {logging_mixin.py:190} INFO - [2025-04-02T19:22:12.684+0000] {dag.py:4180} INFO - Setting next_dagrun for example_local_kubernetes_executor to None, run_after=None
[2025-04-02T19:22:12.934+0000] {processor.py:208} INFO - Processing /home/airflow/.local/lib/python3.12/site-packages/airflow/example_dags/example_local_kubernetes_executor.py took 0.863 seconds
[2025-04-02T19:23:07.061+0000] {processor.py:186} INFO - Started process (PID=1951) to work on /home/airflow/.local/lib/python3.12/site-packages/airflow/example_dags/example_local_kubernetes_executor.py
[2025-04-02T19:23:07.063+0000] {processor.py:914} INFO - Processing file /home/airflow/.local/lib/python3.12/site-packages/airflow/example_dags/example_local_kubernetes_executor.py for tasks to queue
[2025-04-02T19:23:07.071+0000] {logging_mixin.py:190} INFO - [2025-04-02T19:23:07.070+0000] {dagbag.py:588} INFO - Filling up the DagBag from /home/airflow/.local/lib/python3.12/site-packages/airflow/example_dags/example_local_kubernetes_executor.py
[2025-04-02T19:23:07.122+0000] {processor.py:925} INFO - DAG(s) 'example_local_kubernetes_executor' retrieved from /home/airflow/.local/lib/python3.12/site-packages/airflow/example_dags/example_local_kubernetes_executor.py
[2025-04-02T19:23:07.212+0000] {logging_mixin.py:190} INFO - [2025-04-02T19:23:07.212+0000] {dag.py:3239} INFO - Sync 1 DAGs
[2025-04-02T19:23:07.258+0000] {logging_mixin.py:190} INFO - [2025-04-02T19:23:07.257+0000] {dag.py:4180} INFO - Setting next_dagrun for example_local_kubernetes_executor to None, run_after=None
[2025-04-02T19:23:07.315+0000] {processor.py:208} INFO - Processing /home/airflow/.local/lib/python3.12/site-packages/airflow/example_dags/example_local_kubernetes_executor.py took 0.279 seconds
[2025-04-02T19:23:46.436+0000] {processor.py:186} INFO - Started process (PID=2020) to work on /home/airflow/.local/lib/python3.12/site-packages/airflow/example_dags/example_local_kubernetes_executor.py
[2025-04-02T19:23:46.453+0000] {processor.py:914} INFO - Processing file /home/airflow/.local/lib/python3.12/site-packages/airflow/example_dags/example_local_kubernetes_executor.py for tasks to queue
[2025-04-02T19:23:46.482+0000] {logging_mixin.py:190} INFO - [2025-04-02T19:23:46.471+0000] {dagbag.py:588} INFO - Filling up the DagBag from /home/airflow/.local/lib/python3.12/site-packages/airflow/example_dags/example_local_kubernetes_executor.py
[2025-04-02T19:23:46.629+0000] {processor.py:925} INFO - DAG(s) 'example_local_kubernetes_executor' retrieved from /home/airflow/.local/lib/python3.12/site-packages/airflow/example_dags/example_local_kubernetes_executor.py
[2025-04-02T19:23:46.812+0000] {logging_mixin.py:190} INFO - [2025-04-02T19:23:46.811+0000] {dag.py:3239} INFO - Sync 1 DAGs
[2025-04-02T19:23:46.966+0000] {logging_mixin.py:190} INFO - [2025-04-02T19:23:46.954+0000] {dag.py:4180} INFO - Setting next_dagrun for example_local_kubernetes_executor to None, run_after=None
[2025-04-02T19:23:47.177+0000] {processor.py:208} INFO - Processing /home/airflow/.local/lib/python3.12/site-packages/airflow/example_dags/example_local_kubernetes_executor.py took 0.790 seconds
[2025-04-02T19:24:17.827+0000] {processor.py:186} INFO - Started process (PID=2083) to work on /home/airflow/.local/lib/python3.12/site-packages/airflow/example_dags/example_local_kubernetes_executor.py
[2025-04-02T19:24:17.828+0000] {processor.py:914} INFO - Processing file /home/airflow/.local/lib/python3.12/site-packages/airflow/example_dags/example_local_kubernetes_executor.py for tasks to queue
[2025-04-02T19:24:17.833+0000] {logging_mixin.py:190} INFO - [2025-04-02T19:24:17.832+0000] {dagbag.py:588} INFO - Filling up the DagBag from /home/airflow/.local/lib/python3.12/site-packages/airflow/example_dags/example_local_kubernetes_executor.py
[2025-04-02T19:24:17.848+0000] {processor.py:925} INFO - DAG(s) 'example_local_kubernetes_executor' retrieved from /home/airflow/.local/lib/python3.12/site-packages/airflow/example_dags/example_local_kubernetes_executor.py
[2025-04-02T19:24:17.886+0000] {logging_mixin.py:190} INFO - [2025-04-02T19:24:17.885+0000] {dag.py:3239} INFO - Sync 1 DAGs
[2025-04-02T19:24:17.920+0000] {logging_mixin.py:190} INFO - [2025-04-02T19:24:17.919+0000] {dag.py:4180} INFO - Setting next_dagrun for example_local_kubernetes_executor to None, run_after=None
[2025-04-02T19:24:17.958+0000] {processor.py:208} INFO - Processing /home/airflow/.local/lib/python3.12/site-packages/airflow/example_dags/example_local_kubernetes_executor.py took 0.142 seconds
