[2025-04-02T19:04:16.773+0000] {processor.py:186} INFO - Started process (PID=151) to work on /home/airflow/.local/lib/python3.12/site-packages/airflow/example_dags/example_sensor_decorator.py
[2025-04-02T19:04:16.776+0000] {processor.py:914} INFO - Processing file /home/airflow/.local/lib/python3.12/site-packages/airflow/example_dags/example_sensor_decorator.py for tasks to queue
[2025-04-02T19:04:16.781+0000] {logging_mixin.py:190} INFO - [2025-04-02T19:04:16.780+0000] {dagbag.py:588} INFO - Filling up the DagBag from /home/airflow/.local/lib/python3.12/site-packages/airflow/example_dags/example_sensor_decorator.py
[2025-04-02T19:04:16.893+0000] {processor.py:925} INFO - DAG(s) 'example_sensor_decorator' retrieved from /home/airflow/.local/lib/python3.12/site-packages/airflow/example_dags/example_sensor_decorator.py
[2025-04-02T19:04:17.569+0000] {logging_mixin.py:190} INFO - [2025-04-02T19:04:17.568+0000] {override.py:1912} INFO - Created Permission View: can delete on DAG:example_sensor_decorator
[2025-04-02T19:04:17.636+0000] {logging_mixin.py:190} INFO - [2025-04-02T19:04:17.631+0000] {override.py:1912} INFO - Created Permission View: can edit on DAG:example_sensor_decorator
[2025-04-02T19:04:17.703+0000] {logging_mixin.py:190} INFO - [2025-04-02T19:04:17.702+0000] {override.py:1912} INFO - Created Permission View: can read on DAG:example_sensor_decorator
[2025-04-02T19:04:17.742+0000] {logging_mixin.py:190} INFO - [2025-04-02T19:04:17.742+0000] {override.py:1912} INFO - Created Permission View: can delete on DAG Run:example_sensor_decorator
[2025-04-02T19:04:17.770+0000] {logging_mixin.py:190} INFO - [2025-04-02T19:04:17.770+0000] {override.py:1912} INFO - Created Permission View: can read on DAG Run:example_sensor_decorator
[2025-04-02T19:04:17.791+0000] {logging_mixin.py:190} INFO - [2025-04-02T19:04:17.790+0000] {override.py:1912} INFO - Created Permission View: can create on DAG Run:example_sensor_decorator
[2025-04-02T19:04:17.818+0000] {logging_mixin.py:190} INFO - [2025-04-02T19:04:17.818+0000] {override.py:1912} INFO - Created Permission View: menu access on DAG Run:example_sensor_decorator
[2025-04-02T19:04:17.820+0000] {logging_mixin.py:190} INFO - [2025-04-02T19:04:17.819+0000] {dag.py:3239} INFO - Sync 1 DAGs
[2025-04-02T19:04:17.894+0000] {logging_mixin.py:190} INFO - [2025-04-02T19:04:17.893+0000] {dag.py:3262} INFO - Creating ORM DAG for example_sensor_decorator
[2025-04-02T19:04:17.902+0000] {logging_mixin.py:190} INFO - [2025-04-02T19:04:17.902+0000] {dag.py:4180} INFO - Setting next_dagrun for example_sensor_decorator to None, run_after=None
[2025-04-02T19:04:18.030+0000] {processor.py:208} INFO - Processing /home/airflow/.local/lib/python3.12/site-packages/airflow/example_dags/example_sensor_decorator.py took 1.294 seconds
[2025-04-02T19:04:48.426+0000] {processor.py:186} INFO - Started process (PID=214) to work on /home/airflow/.local/lib/python3.12/site-packages/airflow/example_dags/example_sensor_decorator.py
[2025-04-02T19:04:48.428+0000] {processor.py:914} INFO - Processing file /home/airflow/.local/lib/python3.12/site-packages/airflow/example_dags/example_sensor_decorator.py for tasks to queue
[2025-04-02T19:04:48.442+0000] {logging_mixin.py:190} INFO - [2025-04-02T19:04:48.441+0000] {dagbag.py:588} INFO - Filling up the DagBag from /home/airflow/.local/lib/python3.12/site-packages/airflow/example_dags/example_sensor_decorator.py
[2025-04-02T19:04:48.493+0000] {processor.py:925} INFO - DAG(s) 'example_sensor_decorator' retrieved from /home/airflow/.local/lib/python3.12/site-packages/airflow/example_dags/example_sensor_decorator.py
[2025-04-02T19:04:48.644+0000] {logging_mixin.py:190} INFO - [2025-04-02T19:04:48.643+0000] {dag.py:3239} INFO - Sync 1 DAGs
[2025-04-02T19:04:48.704+0000] {logging_mixin.py:190} INFO - [2025-04-02T19:04:48.703+0000] {dag.py:4180} INFO - Setting next_dagrun for example_sensor_decorator to None, run_after=None
[2025-04-02T19:04:48.751+0000] {processor.py:208} INFO - Processing /home/airflow/.local/lib/python3.12/site-packages/airflow/example_dags/example_sensor_decorator.py took 0.342 seconds
[2025-04-02T19:05:31.820+0000] {processor.py:186} INFO - Started process (PID=289) to work on /home/airflow/.local/lib/python3.12/site-packages/airflow/example_dags/example_sensor_decorator.py
[2025-04-02T19:05:31.823+0000] {processor.py:914} INFO - Processing file /home/airflow/.local/lib/python3.12/site-packages/airflow/example_dags/example_sensor_decorator.py for tasks to queue
[2025-04-02T19:05:31.839+0000] {logging_mixin.py:190} INFO - [2025-04-02T19:05:31.837+0000] {dagbag.py:588} INFO - Filling up the DagBag from /home/airflow/.local/lib/python3.12/site-packages/airflow/example_dags/example_sensor_decorator.py
[2025-04-02T19:05:31.879+0000] {processor.py:925} INFO - DAG(s) 'example_sensor_decorator' retrieved from /home/airflow/.local/lib/python3.12/site-packages/airflow/example_dags/example_sensor_decorator.py
[2025-04-02T19:05:31.970+0000] {logging_mixin.py:190} INFO - [2025-04-02T19:05:31.969+0000] {dag.py:3239} INFO - Sync 1 DAGs
[2025-04-02T19:05:32.062+0000] {logging_mixin.py:190} INFO - [2025-04-02T19:05:32.061+0000] {dag.py:4180} INFO - Setting next_dagrun for example_sensor_decorator to None, run_after=None
[2025-04-02T19:05:32.148+0000] {processor.py:208} INFO - Processing /home/airflow/.local/lib/python3.12/site-packages/airflow/example_dags/example_sensor_decorator.py took 0.346 seconds
[2025-04-02T19:06:02.226+0000] {processor.py:186} INFO - Started process (PID=353) to work on /home/airflow/.local/lib/python3.12/site-packages/airflow/example_dags/example_sensor_decorator.py
[2025-04-02T19:06:02.230+0000] {processor.py:914} INFO - Processing file /home/airflow/.local/lib/python3.12/site-packages/airflow/example_dags/example_sensor_decorator.py for tasks to queue
[2025-04-02T19:06:02.237+0000] {logging_mixin.py:190} INFO - [2025-04-02T19:06:02.237+0000] {dagbag.py:588} INFO - Filling up the DagBag from /home/airflow/.local/lib/python3.12/site-packages/airflow/example_dags/example_sensor_decorator.py
[2025-04-02T19:06:02.267+0000] {processor.py:925} INFO - DAG(s) 'example_sensor_decorator' retrieved from /home/airflow/.local/lib/python3.12/site-packages/airflow/example_dags/example_sensor_decorator.py
[2025-04-02T19:06:02.363+0000] {logging_mixin.py:190} INFO - [2025-04-02T19:06:02.362+0000] {dag.py:3239} INFO - Sync 1 DAGs
[2025-04-02T19:06:02.406+0000] {logging_mixin.py:190} INFO - [2025-04-02T19:06:02.406+0000] {dag.py:4180} INFO - Setting next_dagrun for example_sensor_decorator to None, run_after=None
[2025-04-02T19:06:02.520+0000] {processor.py:208} INFO - Processing /home/airflow/.local/lib/python3.12/site-packages/airflow/example_dags/example_sensor_decorator.py took 0.316 seconds
[2025-04-02T19:06:45.029+0000] {processor.py:186} INFO - Started process (PID=426) to work on /home/airflow/.local/lib/python3.12/site-packages/airflow/example_dags/example_sensor_decorator.py
[2025-04-02T19:06:45.034+0000] {processor.py:914} INFO - Processing file /home/airflow/.local/lib/python3.12/site-packages/airflow/example_dags/example_sensor_decorator.py for tasks to queue
[2025-04-02T19:06:45.046+0000] {logging_mixin.py:190} INFO - [2025-04-02T19:06:45.045+0000] {dagbag.py:588} INFO - Filling up the DagBag from /home/airflow/.local/lib/python3.12/site-packages/airflow/example_dags/example_sensor_decorator.py
[2025-04-02T19:06:45.110+0000] {processor.py:925} INFO - DAG(s) 'example_sensor_decorator' retrieved from /home/airflow/.local/lib/python3.12/site-packages/airflow/example_dags/example_sensor_decorator.py
[2025-04-02T19:06:45.343+0000] {logging_mixin.py:190} INFO - [2025-04-02T19:06:45.341+0000] {dag.py:3239} INFO - Sync 1 DAGs
[2025-04-02T19:06:45.479+0000] {logging_mixin.py:190} INFO - [2025-04-02T19:06:45.478+0000] {dag.py:4180} INFO - Setting next_dagrun for example_sensor_decorator to None, run_after=None
[2025-04-02T19:06:45.768+0000] {processor.py:208} INFO - Processing /home/airflow/.local/lib/python3.12/site-packages/airflow/example_dags/example_sensor_decorator.py took 0.788 seconds
[2025-04-02T19:07:26.803+0000] {processor.py:186} INFO - Started process (PID=490) to work on /home/airflow/.local/lib/python3.12/site-packages/airflow/example_dags/example_sensor_decorator.py
[2025-04-02T19:07:26.806+0000] {processor.py:914} INFO - Processing file /home/airflow/.local/lib/python3.12/site-packages/airflow/example_dags/example_sensor_decorator.py for tasks to queue
[2025-04-02T19:07:26.811+0000] {logging_mixin.py:190} INFO - [2025-04-02T19:07:26.810+0000] {dagbag.py:588} INFO - Filling up the DagBag from /home/airflow/.local/lib/python3.12/site-packages/airflow/example_dags/example_sensor_decorator.py
[2025-04-02T19:07:26.830+0000] {processor.py:925} INFO - DAG(s) 'example_sensor_decorator' retrieved from /home/airflow/.local/lib/python3.12/site-packages/airflow/example_dags/example_sensor_decorator.py
[2025-04-02T19:07:26.866+0000] {logging_mixin.py:190} INFO - [2025-04-02T19:07:26.866+0000] {dag.py:3239} INFO - Sync 1 DAGs
[2025-04-02T19:07:26.892+0000] {logging_mixin.py:190} INFO - [2025-04-02T19:07:26.891+0000] {dag.py:4180} INFO - Setting next_dagrun for example_sensor_decorator to None, run_after=None
[2025-04-02T19:07:26.942+0000] {processor.py:208} INFO - Processing /home/airflow/.local/lib/python3.12/site-packages/airflow/example_dags/example_sensor_decorator.py took 0.161 seconds
[2025-04-02T19:08:04.690+0000] {processor.py:186} INFO - Started process (PID=562) to work on /home/airflow/.local/lib/python3.12/site-packages/airflow/example_dags/example_sensor_decorator.py
[2025-04-02T19:08:04.719+0000] {processor.py:914} INFO - Processing file /home/airflow/.local/lib/python3.12/site-packages/airflow/example_dags/example_sensor_decorator.py for tasks to queue
[2025-04-02T19:08:04.742+0000] {logging_mixin.py:190} INFO - [2025-04-02T19:08:04.741+0000] {dagbag.py:588} INFO - Filling up the DagBag from /home/airflow/.local/lib/python3.12/site-packages/airflow/example_dags/example_sensor_decorator.py
[2025-04-02T19:08:04.813+0000] {processor.py:925} INFO - DAG(s) 'example_sensor_decorator' retrieved from /home/airflow/.local/lib/python3.12/site-packages/airflow/example_dags/example_sensor_decorator.py
[2025-04-02T19:08:04.972+0000] {logging_mixin.py:190} INFO - [2025-04-02T19:08:04.971+0000] {dag.py:3239} INFO - Sync 1 DAGs
[2025-04-02T19:08:05.096+0000] {logging_mixin.py:190} INFO - [2025-04-02T19:08:05.095+0000] {dag.py:4180} INFO - Setting next_dagrun for example_sensor_decorator to None, run_after=None
[2025-04-02T19:08:05.263+0000] {processor.py:208} INFO - Processing /home/airflow/.local/lib/python3.12/site-packages/airflow/example_dags/example_sensor_decorator.py took 0.599 seconds
[2025-04-02T19:09:03.740+0000] {processor.py:186} INFO - Started process (PID=641) to work on /home/airflow/.local/lib/python3.12/site-packages/airflow/example_dags/example_sensor_decorator.py
[2025-04-02T19:09:03.744+0000] {processor.py:914} INFO - Processing file /home/airflow/.local/lib/python3.12/site-packages/airflow/example_dags/example_sensor_decorator.py for tasks to queue
[2025-04-02T19:09:03.758+0000] {logging_mixin.py:190} INFO - [2025-04-02T19:09:03.757+0000] {dagbag.py:588} INFO - Filling up the DagBag from /home/airflow/.local/lib/python3.12/site-packages/airflow/example_dags/example_sensor_decorator.py
[2025-04-02T19:09:03.797+0000] {processor.py:925} INFO - DAG(s) 'example_sensor_decorator' retrieved from /home/airflow/.local/lib/python3.12/site-packages/airflow/example_dags/example_sensor_decorator.py
[2025-04-02T19:09:03.922+0000] {logging_mixin.py:190} INFO - [2025-04-02T19:09:03.921+0000] {dag.py:3239} INFO - Sync 1 DAGs
[2025-04-02T19:09:04.043+0000] {logging_mixin.py:190} INFO - [2025-04-02T19:09:04.042+0000] {dag.py:4180} INFO - Setting next_dagrun for example_sensor_decorator to None, run_after=None
[2025-04-02T19:09:04.164+0000] {processor.py:208} INFO - Processing /home/airflow/.local/lib/python3.12/site-packages/airflow/example_dags/example_sensor_decorator.py took 0.470 seconds
[2025-04-02T19:10:34.945+0000] {processor.py:186} INFO - Started process (PID=731) to work on /home/airflow/.local/lib/python3.12/site-packages/airflow/example_dags/example_sensor_decorator.py
[2025-04-02T19:10:34.959+0000] {processor.py:914} INFO - Processing file /home/airflow/.local/lib/python3.12/site-packages/airflow/example_dags/example_sensor_decorator.py for tasks to queue
[2025-04-02T19:10:34.977+0000] {logging_mixin.py:190} INFO - [2025-04-02T19:10:34.976+0000] {dagbag.py:588} INFO - Filling up the DagBag from /home/airflow/.local/lib/python3.12/site-packages/airflow/example_dags/example_sensor_decorator.py
[2025-04-02T19:10:35.031+0000] {processor.py:925} INFO - DAG(s) 'example_sensor_decorator' retrieved from /home/airflow/.local/lib/python3.12/site-packages/airflow/example_dags/example_sensor_decorator.py
[2025-04-02T19:10:35.165+0000] {logging_mixin.py:190} INFO - [2025-04-02T19:10:35.164+0000] {dag.py:3239} INFO - Sync 1 DAGs
[2025-04-02T19:10:35.267+0000] {logging_mixin.py:190} INFO - [2025-04-02T19:10:35.266+0000] {dag.py:4180} INFO - Setting next_dagrun for example_sensor_decorator to None, run_after=None
[2025-04-02T19:10:35.332+0000] {processor.py:208} INFO - Processing /home/airflow/.local/lib/python3.12/site-packages/airflow/example_dags/example_sensor_decorator.py took 0.421 seconds
[2025-04-02T19:11:10.513+0000] {processor.py:186} INFO - Started process (PID=793) to work on /home/airflow/.local/lib/python3.12/site-packages/airflow/example_dags/example_sensor_decorator.py
[2025-04-02T19:11:10.519+0000] {processor.py:914} INFO - Processing file /home/airflow/.local/lib/python3.12/site-packages/airflow/example_dags/example_sensor_decorator.py for tasks to queue
[2025-04-02T19:11:10.562+0000] {logging_mixin.py:190} INFO - [2025-04-02T19:11:10.561+0000] {dagbag.py:588} INFO - Filling up the DagBag from /home/airflow/.local/lib/python3.12/site-packages/airflow/example_dags/example_sensor_decorator.py
[2025-04-02T19:11:10.683+0000] {processor.py:925} INFO - DAG(s) 'example_sensor_decorator' retrieved from /home/airflow/.local/lib/python3.12/site-packages/airflow/example_dags/example_sensor_decorator.py
[2025-04-02T19:11:10.937+0000] {logging_mixin.py:190} INFO - [2025-04-02T19:11:10.936+0000] {dag.py:3239} INFO - Sync 1 DAGs
[2025-04-02T19:11:11.080+0000] {logging_mixin.py:190} INFO - [2025-04-02T19:11:11.080+0000] {dag.py:4180} INFO - Setting next_dagrun for example_sensor_decorator to None, run_after=None
[2025-04-02T19:11:11.214+0000] {processor.py:208} INFO - Processing /home/airflow/.local/lib/python3.12/site-packages/airflow/example_dags/example_sensor_decorator.py took 0.743 seconds
[2025-04-02T19:11:41.658+0000] {processor.py:186} INFO - Started process (PID=855) to work on /home/airflow/.local/lib/python3.12/site-packages/airflow/example_dags/example_sensor_decorator.py
[2025-04-02T19:11:41.673+0000] {processor.py:914} INFO - Processing file /home/airflow/.local/lib/python3.12/site-packages/airflow/example_dags/example_sensor_decorator.py for tasks to queue
[2025-04-02T19:11:41.693+0000] {logging_mixin.py:190} INFO - [2025-04-02T19:11:41.692+0000] {dagbag.py:588} INFO - Filling up the DagBag from /home/airflow/.local/lib/python3.12/site-packages/airflow/example_dags/example_sensor_decorator.py
[2025-04-02T19:11:41.742+0000] {processor.py:925} INFO - DAG(s) 'example_sensor_decorator' retrieved from /home/airflow/.local/lib/python3.12/site-packages/airflow/example_dags/example_sensor_decorator.py
[2025-04-02T19:11:41.843+0000] {logging_mixin.py:190} INFO - [2025-04-02T19:11:41.842+0000] {dag.py:3239} INFO - Sync 1 DAGs
[2025-04-02T19:11:41.922+0000] {logging_mixin.py:190} INFO - [2025-04-02T19:11:41.921+0000] {dag.py:4180} INFO - Setting next_dagrun for example_sensor_decorator to None, run_after=None
[2025-04-02T19:11:42.031+0000] {processor.py:208} INFO - Processing /home/airflow/.local/lib/python3.12/site-packages/airflow/example_dags/example_sensor_decorator.py took 0.412 seconds
[2025-04-02T19:12:18.658+0000] {processor.py:186} INFO - Started process (PID=923) to work on /home/airflow/.local/lib/python3.12/site-packages/airflow/example_dags/example_sensor_decorator.py
[2025-04-02T19:12:18.668+0000] {processor.py:914} INFO - Processing file /home/airflow/.local/lib/python3.12/site-packages/airflow/example_dags/example_sensor_decorator.py for tasks to queue
[2025-04-02T19:12:18.689+0000] {logging_mixin.py:190} INFO - [2025-04-02T19:12:18.688+0000] {dagbag.py:588} INFO - Filling up the DagBag from /home/airflow/.local/lib/python3.12/site-packages/airflow/example_dags/example_sensor_decorator.py
[2025-04-02T19:12:18.741+0000] {processor.py:925} INFO - DAG(s) 'example_sensor_decorator' retrieved from /home/airflow/.local/lib/python3.12/site-packages/airflow/example_dags/example_sensor_decorator.py
[2025-04-02T19:12:18.858+0000] {logging_mixin.py:190} INFO - [2025-04-02T19:12:18.857+0000] {dag.py:3239} INFO - Sync 1 DAGs
[2025-04-02T19:12:18.949+0000] {logging_mixin.py:190} INFO - [2025-04-02T19:12:18.941+0000] {dag.py:4180} INFO - Setting next_dagrun for example_sensor_decorator to None, run_after=None
[2025-04-02T19:12:19.032+0000] {processor.py:208} INFO - Processing /home/airflow/.local/lib/python3.12/site-packages/airflow/example_dags/example_sensor_decorator.py took 0.410 seconds
[2025-04-02T19:12:56.758+0000] {processor.py:186} INFO - Started process (PID=987) to work on /home/airflow/.local/lib/python3.12/site-packages/airflow/example_dags/example_sensor_decorator.py
[2025-04-02T19:12:56.761+0000] {processor.py:914} INFO - Processing file /home/airflow/.local/lib/python3.12/site-packages/airflow/example_dags/example_sensor_decorator.py for tasks to queue
[2025-04-02T19:12:56.774+0000] {logging_mixin.py:190} INFO - [2025-04-02T19:12:56.773+0000] {dagbag.py:588} INFO - Filling up the DagBag from /home/airflow/.local/lib/python3.12/site-packages/airflow/example_dags/example_sensor_decorator.py
[2025-04-02T19:12:56.811+0000] {processor.py:925} INFO - DAG(s) 'example_sensor_decorator' retrieved from /home/airflow/.local/lib/python3.12/site-packages/airflow/example_dags/example_sensor_decorator.py
[2025-04-02T19:12:56.885+0000] {logging_mixin.py:190} INFO - [2025-04-02T19:12:56.885+0000] {dag.py:3239} INFO - Sync 1 DAGs
[2025-04-02T19:12:56.975+0000] {logging_mixin.py:190} INFO - [2025-04-02T19:12:56.974+0000] {dag.py:4180} INFO - Setting next_dagrun for example_sensor_decorator to None, run_after=None
[2025-04-02T19:12:57.050+0000] {processor.py:208} INFO - Processing /home/airflow/.local/lib/python3.12/site-packages/airflow/example_dags/example_sensor_decorator.py took 0.318 seconds
[2025-04-02T19:13:47.365+0000] {processor.py:186} INFO - Started process (PID=1067) to work on /home/airflow/.local/lib/python3.12/site-packages/airflow/example_dags/example_sensor_decorator.py
[2025-04-02T19:13:47.368+0000] {processor.py:914} INFO - Processing file /home/airflow/.local/lib/python3.12/site-packages/airflow/example_dags/example_sensor_decorator.py for tasks to queue
[2025-04-02T19:13:47.413+0000] {logging_mixin.py:190} INFO - [2025-04-02T19:13:47.412+0000] {dagbag.py:588} INFO - Filling up the DagBag from /home/airflow/.local/lib/python3.12/site-packages/airflow/example_dags/example_sensor_decorator.py
[2025-04-02T19:13:47.471+0000] {processor.py:925} INFO - DAG(s) 'example_sensor_decorator' retrieved from /home/airflow/.local/lib/python3.12/site-packages/airflow/example_dags/example_sensor_decorator.py
[2025-04-02T19:13:47.583+0000] {logging_mixin.py:190} INFO - [2025-04-02T19:13:47.583+0000] {dag.py:3239} INFO - Sync 1 DAGs
[2025-04-02T19:13:47.638+0000] {logging_mixin.py:190} INFO - [2025-04-02T19:13:47.637+0000] {dag.py:4180} INFO - Setting next_dagrun for example_sensor_decorator to None, run_after=None
[2025-04-02T19:13:47.826+0000] {processor.py:208} INFO - Processing /home/airflow/.local/lib/python3.12/site-packages/airflow/example_dags/example_sensor_decorator.py took 0.514 seconds
[2025-04-02T19:14:52.739+0000] {processor.py:186} INFO - Started process (PID=1146) to work on /home/airflow/.local/lib/python3.12/site-packages/airflow/example_dags/example_sensor_decorator.py
[2025-04-02T19:14:52.741+0000] {processor.py:914} INFO - Processing file /home/airflow/.local/lib/python3.12/site-packages/airflow/example_dags/example_sensor_decorator.py for tasks to queue
[2025-04-02T19:14:52.751+0000] {logging_mixin.py:190} INFO - [2025-04-02T19:14:52.750+0000] {dagbag.py:588} INFO - Filling up the DagBag from /home/airflow/.local/lib/python3.12/site-packages/airflow/example_dags/example_sensor_decorator.py
[2025-04-02T19:14:52.779+0000] {processor.py:925} INFO - DAG(s) 'example_sensor_decorator' retrieved from /home/airflow/.local/lib/python3.12/site-packages/airflow/example_dags/example_sensor_decorator.py
[2025-04-02T19:14:52.909+0000] {logging_mixin.py:190} INFO - [2025-04-02T19:14:52.906+0000] {dag.py:3239} INFO - Sync 1 DAGs
[2025-04-02T19:14:52.996+0000] {logging_mixin.py:190} INFO - [2025-04-02T19:14:52.995+0000] {dag.py:4180} INFO - Setting next_dagrun for example_sensor_decorator to None, run_after=None
[2025-04-02T19:14:53.122+0000] {processor.py:208} INFO - Processing /home/airflow/.local/lib/python3.12/site-packages/airflow/example_dags/example_sensor_decorator.py took 0.402 seconds
[2025-04-02T19:15:48.156+0000] {processor.py:186} INFO - Started process (PID=1226) to work on /home/airflow/.local/lib/python3.12/site-packages/airflow/example_dags/example_sensor_decorator.py
[2025-04-02T19:15:48.164+0000] {processor.py:914} INFO - Processing file /home/airflow/.local/lib/python3.12/site-packages/airflow/example_dags/example_sensor_decorator.py for tasks to queue
[2025-04-02T19:15:48.177+0000] {logging_mixin.py:190} INFO - [2025-04-02T19:15:48.176+0000] {dagbag.py:588} INFO - Filling up the DagBag from /home/airflow/.local/lib/python3.12/site-packages/airflow/example_dags/example_sensor_decorator.py
[2025-04-02T19:15:48.225+0000] {processor.py:925} INFO - DAG(s) 'example_sensor_decorator' retrieved from /home/airflow/.local/lib/python3.12/site-packages/airflow/example_dags/example_sensor_decorator.py
[2025-04-02T19:15:48.372+0000] {logging_mixin.py:190} INFO - [2025-04-02T19:15:48.372+0000] {dag.py:3239} INFO - Sync 1 DAGs
[2025-04-02T19:15:48.455+0000] {logging_mixin.py:190} INFO - [2025-04-02T19:15:48.454+0000] {dag.py:4180} INFO - Setting next_dagrun for example_sensor_decorator to None, run_after=None
[2025-04-02T19:15:48.646+0000] {processor.py:208} INFO - Processing /home/airflow/.local/lib/python3.12/site-packages/airflow/example_dags/example_sensor_decorator.py took 0.523 seconds
[2025-04-02T19:16:19.760+0000] {processor.py:186} INFO - Started process (PID=1288) to work on /home/airflow/.local/lib/python3.12/site-packages/airflow/example_dags/example_sensor_decorator.py
[2025-04-02T19:16:19.762+0000] {processor.py:914} INFO - Processing file /home/airflow/.local/lib/python3.12/site-packages/airflow/example_dags/example_sensor_decorator.py for tasks to queue
[2025-04-02T19:16:19.770+0000] {logging_mixin.py:190} INFO - [2025-04-02T19:16:19.769+0000] {dagbag.py:588} INFO - Filling up the DagBag from /home/airflow/.local/lib/python3.12/site-packages/airflow/example_dags/example_sensor_decorator.py
[2025-04-02T19:16:19.793+0000] {processor.py:925} INFO - DAG(s) 'example_sensor_decorator' retrieved from /home/airflow/.local/lib/python3.12/site-packages/airflow/example_dags/example_sensor_decorator.py
[2025-04-02T19:16:19.861+0000] {logging_mixin.py:190} INFO - [2025-04-02T19:16:19.860+0000] {dag.py:3239} INFO - Sync 1 DAGs
[2025-04-02T19:16:19.906+0000] {logging_mixin.py:190} INFO - [2025-04-02T19:16:19.905+0000] {dag.py:4180} INFO - Setting next_dagrun for example_sensor_decorator to None, run_after=None
[2025-04-02T19:16:19.990+0000] {processor.py:208} INFO - Processing /home/airflow/.local/lib/python3.12/site-packages/airflow/example_dags/example_sensor_decorator.py took 0.250 seconds
[2025-04-02T19:17:07.819+0000] {processor.py:186} INFO - Started process (PID=1358) to work on /home/airflow/.local/lib/python3.12/site-packages/airflow/example_dags/example_sensor_decorator.py
[2025-04-02T19:17:07.833+0000] {processor.py:914} INFO - Processing file /home/airflow/.local/lib/python3.12/site-packages/airflow/example_dags/example_sensor_decorator.py for tasks to queue
[2025-04-02T19:17:07.839+0000] {logging_mixin.py:190} INFO - [2025-04-02T19:17:07.838+0000] {dagbag.py:588} INFO - Filling up the DagBag from /home/airflow/.local/lib/python3.12/site-packages/airflow/example_dags/example_sensor_decorator.py
[2025-04-02T19:17:07.869+0000] {processor.py:925} INFO - DAG(s) 'example_sensor_decorator' retrieved from /home/airflow/.local/lib/python3.12/site-packages/airflow/example_dags/example_sensor_decorator.py
[2025-04-02T19:17:07.954+0000] {logging_mixin.py:190} INFO - [2025-04-02T19:17:07.951+0000] {dag.py:3239} INFO - Sync 1 DAGs
[2025-04-02T19:17:08.103+0000] {logging_mixin.py:190} INFO - [2025-04-02T19:17:08.102+0000] {dag.py:4180} INFO - Setting next_dagrun for example_sensor_decorator to None, run_after=None
[2025-04-02T19:17:08.222+0000] {processor.py:208} INFO - Processing /home/airflow/.local/lib/python3.12/site-packages/airflow/example_dags/example_sensor_decorator.py took 0.433 seconds
[2025-04-02T19:17:39.467+0000] {processor.py:186} INFO - Started process (PID=1421) to work on /home/airflow/.local/lib/python3.12/site-packages/airflow/example_dags/example_sensor_decorator.py
[2025-04-02T19:17:39.484+0000] {processor.py:914} INFO - Processing file /home/airflow/.local/lib/python3.12/site-packages/airflow/example_dags/example_sensor_decorator.py for tasks to queue
[2025-04-02T19:17:39.524+0000] {logging_mixin.py:190} INFO - [2025-04-02T19:17:39.516+0000] {dagbag.py:588} INFO - Filling up the DagBag from /home/airflow/.local/lib/python3.12/site-packages/airflow/example_dags/example_sensor_decorator.py
[2025-04-02T19:17:39.573+0000] {processor.py:925} INFO - DAG(s) 'example_sensor_decorator' retrieved from /home/airflow/.local/lib/python3.12/site-packages/airflow/example_dags/example_sensor_decorator.py
[2025-04-02T19:17:39.635+0000] {logging_mixin.py:190} INFO - [2025-04-02T19:17:39.634+0000] {dag.py:3239} INFO - Sync 1 DAGs
[2025-04-02T19:17:39.719+0000] {logging_mixin.py:190} INFO - [2025-04-02T19:17:39.719+0000] {dag.py:4180} INFO - Setting next_dagrun for example_sensor_decorator to None, run_after=None
[2025-04-02T19:17:39.822+0000] {processor.py:208} INFO - Processing /home/airflow/.local/lib/python3.12/site-packages/airflow/example_dags/example_sensor_decorator.py took 0.408 seconds
[2025-04-02T19:18:12.021+0000] {processor.py:186} INFO - Started process (PID=1484) to work on /home/airflow/.local/lib/python3.12/site-packages/airflow/example_dags/example_sensor_decorator.py
[2025-04-02T19:18:12.030+0000] {processor.py:914} INFO - Processing file /home/airflow/.local/lib/python3.12/site-packages/airflow/example_dags/example_sensor_decorator.py for tasks to queue
[2025-04-02T19:18:12.039+0000] {logging_mixin.py:190} INFO - [2025-04-02T19:18:12.038+0000] {dagbag.py:588} INFO - Filling up the DagBag from /home/airflow/.local/lib/python3.12/site-packages/airflow/example_dags/example_sensor_decorator.py
[2025-04-02T19:18:12.071+0000] {processor.py:925} INFO - DAG(s) 'example_sensor_decorator' retrieved from /home/airflow/.local/lib/python3.12/site-packages/airflow/example_dags/example_sensor_decorator.py
[2025-04-02T19:18:12.148+0000] {logging_mixin.py:190} INFO - [2025-04-02T19:18:12.147+0000] {dag.py:3239} INFO - Sync 1 DAGs
[2025-04-02T19:18:12.246+0000] {logging_mixin.py:190} INFO - [2025-04-02T19:18:12.244+0000] {dag.py:4180} INFO - Setting next_dagrun for example_sensor_decorator to None, run_after=None
[2025-04-02T19:18:12.332+0000] {processor.py:208} INFO - Processing /home/airflow/.local/lib/python3.12/site-packages/airflow/example_dags/example_sensor_decorator.py took 0.347 seconds
[2025-04-02T19:18:46.557+0000] {processor.py:186} INFO - Started process (PID=1546) to work on /home/airflow/.local/lib/python3.12/site-packages/airflow/example_dags/example_sensor_decorator.py
[2025-04-02T19:18:46.602+0000] {processor.py:914} INFO - Processing file /home/airflow/.local/lib/python3.12/site-packages/airflow/example_dags/example_sensor_decorator.py for tasks to queue
[2025-04-02T19:18:46.688+0000] {logging_mixin.py:190} INFO - [2025-04-02T19:18:46.687+0000] {dagbag.py:588} INFO - Filling up the DagBag from /home/airflow/.local/lib/python3.12/site-packages/airflow/example_dags/example_sensor_decorator.py
[2025-04-02T19:18:46.766+0000] {processor.py:925} INFO - DAG(s) 'example_sensor_decorator' retrieved from /home/airflow/.local/lib/python3.12/site-packages/airflow/example_dags/example_sensor_decorator.py
[2025-04-02T19:18:46.970+0000] {logging_mixin.py:190} INFO - [2025-04-02T19:18:46.969+0000] {dag.py:3239} INFO - Sync 1 DAGs
[2025-04-02T19:18:47.207+0000] {logging_mixin.py:190} INFO - [2025-04-02T19:18:47.207+0000] {dag.py:4180} INFO - Setting next_dagrun for example_sensor_decorator to None, run_after=None
[2025-04-02T19:18:47.509+0000] {processor.py:208} INFO - Processing /home/airflow/.local/lib/python3.12/site-packages/airflow/example_dags/example_sensor_decorator.py took 0.993 seconds
[2025-04-02T19:19:20.666+0000] {processor.py:186} INFO - Started process (PID=1608) to work on /home/airflow/.local/lib/python3.12/site-packages/airflow/example_dags/example_sensor_decorator.py
[2025-04-02T19:19:20.671+0000] {processor.py:914} INFO - Processing file /home/airflow/.local/lib/python3.12/site-packages/airflow/example_dags/example_sensor_decorator.py for tasks to queue
[2025-04-02T19:19:20.704+0000] {logging_mixin.py:190} INFO - [2025-04-02T19:19:20.704+0000] {dagbag.py:588} INFO - Filling up the DagBag from /home/airflow/.local/lib/python3.12/site-packages/airflow/example_dags/example_sensor_decorator.py
[2025-04-02T19:19:20.776+0000] {processor.py:925} INFO - DAG(s) 'example_sensor_decorator' retrieved from /home/airflow/.local/lib/python3.12/site-packages/airflow/example_dags/example_sensor_decorator.py
[2025-04-02T19:19:20.910+0000] {logging_mixin.py:190} INFO - [2025-04-02T19:19:20.910+0000] {dag.py:3239} INFO - Sync 1 DAGs
[2025-04-02T19:19:21.027+0000] {logging_mixin.py:190} INFO - [2025-04-02T19:19:21.027+0000] {dag.py:4180} INFO - Setting next_dagrun for example_sensor_decorator to None, run_after=None
[2025-04-02T19:19:21.202+0000] {processor.py:208} INFO - Processing /home/airflow/.local/lib/python3.12/site-packages/airflow/example_dags/example_sensor_decorator.py took 0.579 seconds
[2025-04-02T19:20:27.041+0000] {processor.py:186} INFO - Started process (PID=1691) to work on /home/airflow/.local/lib/python3.12/site-packages/airflow/example_dags/example_sensor_decorator.py
[2025-04-02T19:20:27.044+0000] {processor.py:914} INFO - Processing file /home/airflow/.local/lib/python3.12/site-packages/airflow/example_dags/example_sensor_decorator.py for tasks to queue
[2025-04-02T19:20:27.053+0000] {logging_mixin.py:190} INFO - [2025-04-02T19:20:27.051+0000] {dagbag.py:588} INFO - Filling up the DagBag from /home/airflow/.local/lib/python3.12/site-packages/airflow/example_dags/example_sensor_decorator.py
[2025-04-02T19:20:27.081+0000] {processor.py:925} INFO - DAG(s) 'example_sensor_decorator' retrieved from /home/airflow/.local/lib/python3.12/site-packages/airflow/example_dags/example_sensor_decorator.py
[2025-04-02T19:20:27.146+0000] {logging_mixin.py:190} INFO - [2025-04-02T19:20:27.146+0000] {dag.py:3239} INFO - Sync 1 DAGs
[2025-04-02T19:20:27.181+0000] {logging_mixin.py:190} INFO - [2025-04-02T19:20:27.181+0000] {dag.py:4180} INFO - Setting next_dagrun for example_sensor_decorator to None, run_after=None
[2025-04-02T19:20:27.225+0000] {processor.py:208} INFO - Processing /home/airflow/.local/lib/python3.12/site-packages/airflow/example_dags/example_sensor_decorator.py took 0.205 seconds
[2025-04-02T19:21:04.116+0000] {processor.py:186} INFO - Started process (PID=1762) to work on /home/airflow/.local/lib/python3.12/site-packages/airflow/example_dags/example_sensor_decorator.py
[2025-04-02T19:21:04.149+0000] {processor.py:914} INFO - Processing file /home/airflow/.local/lib/python3.12/site-packages/airflow/example_dags/example_sensor_decorator.py for tasks to queue
[2025-04-02T19:21:04.195+0000] {logging_mixin.py:190} INFO - [2025-04-02T19:21:04.185+0000] {dagbag.py:588} INFO - Filling up the DagBag from /home/airflow/.local/lib/python3.12/site-packages/airflow/example_dags/example_sensor_decorator.py
[2025-04-02T19:21:04.232+0000] {processor.py:925} INFO - DAG(s) 'example_sensor_decorator' retrieved from /home/airflow/.local/lib/python3.12/site-packages/airflow/example_dags/example_sensor_decorator.py
[2025-04-02T19:21:04.299+0000] {logging_mixin.py:190} INFO - [2025-04-02T19:21:04.299+0000] {dag.py:3239} INFO - Sync 1 DAGs
[2025-04-02T19:21:04.365+0000] {logging_mixin.py:190} INFO - [2025-04-02T19:21:04.364+0000] {dag.py:4180} INFO - Setting next_dagrun for example_sensor_decorator to None, run_after=None
[2025-04-02T19:21:04.455+0000] {processor.py:208} INFO - Processing /home/airflow/.local/lib/python3.12/site-packages/airflow/example_dags/example_sensor_decorator.py took 0.367 seconds
[2025-04-02T19:21:46.336+0000] {processor.py:186} INFO - Started process (PID=1836) to work on /home/airflow/.local/lib/python3.12/site-packages/airflow/example_dags/example_sensor_decorator.py
[2025-04-02T19:21:46.338+0000] {processor.py:914} INFO - Processing file /home/airflow/.local/lib/python3.12/site-packages/airflow/example_dags/example_sensor_decorator.py for tasks to queue
[2025-04-02T19:21:46.345+0000] {logging_mixin.py:190} INFO - [2025-04-02T19:21:46.344+0000] {dagbag.py:588} INFO - Filling up the DagBag from /home/airflow/.local/lib/python3.12/site-packages/airflow/example_dags/example_sensor_decorator.py
[2025-04-02T19:21:46.372+0000] {processor.py:925} INFO - DAG(s) 'example_sensor_decorator' retrieved from /home/airflow/.local/lib/python3.12/site-packages/airflow/example_dags/example_sensor_decorator.py
[2025-04-02T19:21:46.444+0000] {logging_mixin.py:190} INFO - [2025-04-02T19:21:46.444+0000] {dag.py:3239} INFO - Sync 1 DAGs
[2025-04-02T19:21:46.506+0000] {logging_mixin.py:190} INFO - [2025-04-02T19:21:46.505+0000] {dag.py:4180} INFO - Setting next_dagrun for example_sensor_decorator to None, run_after=None
[2025-04-02T19:21:46.564+0000] {processor.py:208} INFO - Processing /home/airflow/.local/lib/python3.12/site-packages/airflow/example_dags/example_sensor_decorator.py took 0.241 seconds
[2025-04-02T19:22:29.781+0000] {processor.py:186} INFO - Started process (PID=1899) to work on /home/airflow/.local/lib/python3.12/site-packages/airflow/example_dags/example_sensor_decorator.py
[2025-04-02T19:22:29.795+0000] {processor.py:914} INFO - Processing file /home/airflow/.local/lib/python3.12/site-packages/airflow/example_dags/example_sensor_decorator.py for tasks to queue
[2025-04-02T19:22:29.811+0000] {logging_mixin.py:190} INFO - [2025-04-02T19:22:29.811+0000] {dagbag.py:588} INFO - Filling up the DagBag from /home/airflow/.local/lib/python3.12/site-packages/airflow/example_dags/example_sensor_decorator.py
[2025-04-02T19:22:29.876+0000] {processor.py:925} INFO - DAG(s) 'example_sensor_decorator' retrieved from /home/airflow/.local/lib/python3.12/site-packages/airflow/example_dags/example_sensor_decorator.py
[2025-04-02T19:22:30.022+0000] {logging_mixin.py:190} INFO - [2025-04-02T19:22:30.011+0000] {dag.py:3239} INFO - Sync 1 DAGs
[2025-04-02T19:22:30.152+0000] {logging_mixin.py:190} INFO - [2025-04-02T19:22:30.151+0000] {dag.py:4180} INFO - Setting next_dagrun for example_sensor_decorator to None, run_after=None
[2025-04-02T19:22:30.311+0000] {processor.py:208} INFO - Processing /home/airflow/.local/lib/python3.12/site-packages/airflow/example_dags/example_sensor_decorator.py took 0.567 seconds
[2025-04-02T19:23:11.775+0000] {processor.py:186} INFO - Started process (PID=1969) to work on /home/airflow/.local/lib/python3.12/site-packages/airflow/example_dags/example_sensor_decorator.py
[2025-04-02T19:23:11.784+0000] {processor.py:914} INFO - Processing file /home/airflow/.local/lib/python3.12/site-packages/airflow/example_dags/example_sensor_decorator.py for tasks to queue
[2025-04-02T19:23:11.799+0000] {logging_mixin.py:190} INFO - [2025-04-02T19:23:11.798+0000] {dagbag.py:588} INFO - Filling up the DagBag from /home/airflow/.local/lib/python3.12/site-packages/airflow/example_dags/example_sensor_decorator.py
[2025-04-02T19:23:11.838+0000] {processor.py:925} INFO - DAG(s) 'example_sensor_decorator' retrieved from /home/airflow/.local/lib/python3.12/site-packages/airflow/example_dags/example_sensor_decorator.py
[2025-04-02T19:23:11.941+0000] {logging_mixin.py:190} INFO - [2025-04-02T19:23:11.940+0000] {dag.py:3239} INFO - Sync 1 DAGs
[2025-04-02T19:23:12.270+0000] {logging_mixin.py:190} INFO - [2025-04-02T19:23:12.269+0000] {dag.py:4180} INFO - Setting next_dagrun for example_sensor_decorator to None, run_after=None
[2025-04-02T19:23:12.345+0000] {processor.py:208} INFO - Processing /home/airflow/.local/lib/python3.12/site-packages/airflow/example_dags/example_sensor_decorator.py took 0.630 seconds
[2025-04-02T19:23:58.535+0000] {processor.py:186} INFO - Started process (PID=2040) to work on /home/airflow/.local/lib/python3.12/site-packages/airflow/example_dags/example_sensor_decorator.py
[2025-04-02T19:23:58.540+0000] {processor.py:914} INFO - Processing file /home/airflow/.local/lib/python3.12/site-packages/airflow/example_dags/example_sensor_decorator.py for tasks to queue
[2025-04-02T19:23:58.555+0000] {logging_mixin.py:190} INFO - [2025-04-02T19:23:58.550+0000] {dagbag.py:588} INFO - Filling up the DagBag from /home/airflow/.local/lib/python3.12/site-packages/airflow/example_dags/example_sensor_decorator.py
[2025-04-02T19:23:58.586+0000] {processor.py:925} INFO - DAG(s) 'example_sensor_decorator' retrieved from /home/airflow/.local/lib/python3.12/site-packages/airflow/example_dags/example_sensor_decorator.py
[2025-04-02T19:23:58.668+0000] {logging_mixin.py:190} INFO - [2025-04-02T19:23:58.668+0000] {dag.py:3239} INFO - Sync 1 DAGs
[2025-04-02T19:23:58.751+0000] {logging_mixin.py:190} INFO - [2025-04-02T19:23:58.745+0000] {dag.py:4180} INFO - Setting next_dagrun for example_sensor_decorator to None, run_after=None
[2025-04-02T19:23:58.848+0000] {processor.py:208} INFO - Processing /home/airflow/.local/lib/python3.12/site-packages/airflow/example_dags/example_sensor_decorator.py took 0.332 seconds
[2025-04-02T19:24:29.907+0000] {processor.py:186} INFO - Started process (PID=2103) to work on /home/airflow/.local/lib/python3.12/site-packages/airflow/example_dags/example_sensor_decorator.py
[2025-04-02T19:24:29.910+0000] {processor.py:914} INFO - Processing file /home/airflow/.local/lib/python3.12/site-packages/airflow/example_dags/example_sensor_decorator.py for tasks to queue
[2025-04-02T19:24:29.917+0000] {logging_mixin.py:190} INFO - [2025-04-02T19:24:29.916+0000] {dagbag.py:588} INFO - Filling up the DagBag from /home/airflow/.local/lib/python3.12/site-packages/airflow/example_dags/example_sensor_decorator.py
[2025-04-02T19:24:29.935+0000] {processor.py:925} INFO - DAG(s) 'example_sensor_decorator' retrieved from /home/airflow/.local/lib/python3.12/site-packages/airflow/example_dags/example_sensor_decorator.py
[2025-04-02T19:24:29.968+0000] {logging_mixin.py:190} INFO - [2025-04-02T19:24:29.968+0000] {dag.py:3239} INFO - Sync 1 DAGs
[2025-04-02T19:24:30.003+0000] {logging_mixin.py:190} INFO - [2025-04-02T19:24:30.003+0000] {dag.py:4180} INFO - Setting next_dagrun for example_sensor_decorator to None, run_after=None
[2025-04-02T19:24:30.056+0000] {processor.py:208} INFO - Processing /home/airflow/.local/lib/python3.12/site-packages/airflow/example_dags/example_sensor_decorator.py took 0.159 seconds
